#
# A fatal error has been detected by the Java Runtime Environment:
#
#  SIGSEGV (0xb) at pc=0x00007fd3a79110ad, pid=5650, tid=5669
#
# JRE version: OpenJDK Runtime Environment (11.0.13+8) (build 11.0.13+8-Ubuntu-0ubuntu1.20.04)
# Java VM: OpenJDK 64-Bit Server VM (11.0.13+8-Ubuntu-0ubuntu1.20.04, mixed mode, sharing, tiered, compressed oops, g1 gc, linux-amd64)
# Problematic frame:
# C  [libjimage.so+0x30ad]
#
# Core dump will be written. Default location: Core dumps may be processed with "/lib/systemd/systemd-coredump %P %u %g %s %t 9223372036854775808 %h" (or dumping to /home/gabriel/Downloads/prj-integrador/core.5650)
#
# If you would like to submit a bug report, please visit:
#   https://bugs.launchpad.net/ubuntu/+source/openjdk-lts
#

---------------  S U M M A R Y ------------

Command Line: -agentlib:jdwp=transport=dt_socket,suspend=y,address=localhost:39025 -javaagent:/home/gabriel/eclipse/java-2021-12/eclipse/configuration/org.eclipse.osgi/219/0/.cp/lib/javaagent-shaded.jar -Dfile.encoding=UTF-8 com.br.example.prj.biblioteca.ProjetoBibliotecaApplication

Host: Intel(R) Core(TM) i5 CPU       M 460  @ 2.53GHz, 4 cores, 3G, Linux Mint 20.1 Ulyssa
Time: Mon Mar  7 08:49:25 2022 -03 elapsed time: 123.263479 seconds (0d 0h 2m 3s)

---------------  T H R E A D  ---------------

Current thread (0x00007fd3a012e000):  JavaThread "Signal Dispatcher" daemon [_thread_in_vm, id=5669, stack(0x00007fd3a41fd000,0x00007fd3a42fe000)]

Stack: [0x00007fd3a41fd000,0x00007fd3a42fe000],  sp=0x00007fd3a42fb200,  free space=1016k
Native frames: (J=compiled Java code, A=aot compiled Java code, j=interpreted, Vv=VM code, C=native code)
C  [libjimage.so+0x30ad]
C  [libjimage.so+0x3ca2]
C  [libjimage.so+0x4191]  JIMAGE_FindResource+0xf1
V  [libjvm.so+0x5b8c41]
V  [libjvm.so+0x5bb261]
V  [libjvm.so+0xdee4ed]
V  [libjvm.so+0xded08a]
V  [libjvm.so+0xdef63b]
V  [libjvm.so+0x66b15e]
V  [libjvm.so+0x85b166]
j  jdk.internal.misc.Signal.dispatch(I)V+25 java.base@11.0.13
v  ~StubRoutines::call_stub
V  [libjvm.so+0x863bf4]
V  [libjvm.so+0x862c32]
V  [libjvm.so+0xbce34e]
V  [libjvm.so+0xe24e0f]
V  [libjvm.so+0xe21850]
V  [libjvm.so+0xbe0406]

Java frames: (J=compiled Java code, j=interpreted, Vv=VM code)
j  jdk.internal.misc.Signal.dispatch(I)V+25 java.base@11.0.13
v  ~StubRoutines::call_stub

siginfo: si_signo: 11 (SIGSEGV), si_code: 1 (SEGV_MAPERR), si_addr: 0x00007fd39786eb9c

Register to memory mapping:

RAX=0x0000000000006ee0 is an unknown value
RBX=0x00007fd3a42fb2b1 is pointing into the stack for thread: 0x00007fd3a012e000
RCX=0x00007fd3a42fb2d3 is pointing into the stack for thread: 0x00007fd3a012e000
RDX=0x0000000000006ee0 is an unknown value
RSP=0x00007fd3a42fb200 is pointing into the stack for thread: 0x00007fd3a012e000
RBP=0x00007fd3a42fb220 is pointing into the stack for thread: 0x00007fd3a012e000
RSI=0x0 is NULL
RDI=0x00007fd3a7916030: <offset 0x0000000000008030> in /usr/lib/jvm/java-11-openjdk-amd64/lib/libjimage.so at 0x00007fd3a790e000
R8 =0x00007fd39785301c is an unknown value
R9 =0x00007fd3a42fc0c0 is pointing into the stack for thread: 0x00007fd3a012e000
R10=0x0000000000000021 is an unknown value
R11=0x00007fd3a9247210: <offset 0x00000000001b2210> in /lib/x86_64-linux-gnu/libc.so.6 at 0x00007fd3a9095000
R12=0x0000000000008457 is an unknown value
R13=0x00007fd3a42fb2b0 is pointing into the stack for thread: 0x00007fd3a012e000
R14=0x0 is NULL
R15=0x00007fd3a012ec50 points into unknown readable memory: 0x65746e692f6b646a | 6a 64 6b 2f 69 6e 74 65


Registers:
RAX=0x0000000000006ee0, RBX=0x00007fd3a42fb2b1, RCX=0x00007fd3a42fb2d3, RDX=0x0000000000006ee0
RSP=0x00007fd3a42fb200, RBP=0x00007fd3a42fb220, RSI=0x0000000000000000, RDI=0x00007fd3a7916030
R8 =0x00007fd39785301c, R9 =0x00007fd3a42fc0c0, R10=0x0000000000000021, R11=0x00007fd3a9247210
R12=0x0000000000008457, R13=0x00007fd3a42fb2b0, R14=0x0000000000000000, R15=0x00007fd3a012ec50
RIP=0x00007fd3a79110ad, EFLAGS=0x0000000000010246, CSGSFS=0x002b000000000033, ERR=0x0000000000000004
  TRAPNO=0x000000000000000e

Top of Stack: (sp=0x00007fd3a42fb200)
0x00007fd3a42fb200:   0000000000000000 00007fd3a42fc348
0x00007fd3a42fb210:   00007fd3a0009be0 00007fd3a42fb2b0
0x00007fd3a42fb220:   00007fd3a42fb290 00007fd3a7911ca2
0x00007fd3a42fb230:   0000000000000000 0000000000000000 

Instructions: (pc=0x00007fd3a79110ad)
0x00007fd3a7910fad:   f3 ff ff 44 03 65 90 e9 3f fe ff ff 0f 1f 80 00
0x00007fd3a7910fbd:   00 00 00 41 8b 10 41 89 55 00 41 8b 54 00 fc 41
0x00007fd3a7910fcd:   89 54 05 fc e9 82 fc ff ff 66 2e 0f 1f 84 00 00
0x00007fd3a7910fdd:   00 00 00 b9 0a 00 00 00 e9 f0 fc ff ff 41 0f b7
0x00007fd3a7910fed:   54 00 fe 66 41 89 54 05 fe e9 5d fc ff ff 0f 1f
0x00007fd3a7910ffd:   44 00 00 f3 0f 1e fa 0f b6 17 89 f0 89 f1 4c 8d
0x00007fd3a791100d:   47 01 84 d2 74 1c 0f 1f 44 00 00 69 c9 93 01 00
0x00007fd3a791101d:   01 49 83 c0 01 31 d1 41 0f b6 50 ff 84 d2 75 eb
0x00007fd3a791102d:   89 c8 25 ff ff ff 7f c3 90 66 2e 0f 1f 84 00 00
0x00007fd3a791103d:   00 00 00 f3 0f 1e fa 48 85 d2 0f 84 da 00 00 00
0x00007fd3a791104d:   55 48 89 e5 41 55 41 54 41 89 cc 53 48 83 ec 08
0x00007fd3a791105d:   85 c9 0f 84 ba 00 00 00 49 89 f5 48 8d 5e 01 0f
0x00007fd3a791106d:   b6 36 49 89 d0 40 84 f6 0f 84 9d 00 00 00 48 89
0x00007fd3a791107d:   d9 b8 93 01 00 01 0f 1f 44 00 00 69 d0 93 01 00
0x00007fd3a791108d:   01 48 83 c1 01 40 0f b6 c6 0f b6 71 ff 31 d0 40
0x00007fd3a791109d:   84 f6 75 e7 25 ff ff ff 7f 31 d2 41 f7 f4 89 d0
0x00007fd3a79110ad:   41 8b 34 80 48 8b 07 ff 50 20 85 c0 7f 15 74 62
0x00007fd3a79110bd:   f7 d0 41 89 c0 48 83 c4 08 44 89 c0 5b 41 5c 41
0x00007fd3a79110cd:   5d 5d c3 41 0f b6 4d 00 89 c6 84 c9 74 1b 0f 1f
0x00007fd3a79110dd:   44 00 00 69 f6 93 01 00 01 48 83 c3 01 31 ce 0f
0x00007fd3a79110ed:   b6 4b ff 84 c9 75 ec 89 f0 25 ff ff ff 7f 31 d2
0x00007fd3a79110fd:   48 83 c4 08 41 f7 f4 5b 41 5c 41 5d 5d 41 89 d0
0x00007fd3a791110d:   44 89 c0 c3 0f 1f 80 00 00 00 00 b8 93 01 00 01
0x00007fd3a791111d:   eb 87 41 b8 ff ff ff ff eb 9b 41 83 c8 ff 44 89
0x00007fd3a791112d:   c0 c3 90 f3 0f 1e fa eb 1d 66 2e 0f 1f 84 00 00
0x00007fd3a791113d:   00 00 00 0f b6 16 84 d2 74 13 38 c2 75 15 48 83
0x00007fd3a791114d:   c7 01 48 83 c6 01 0f b6 07 84 c0 75 e6 48 89 f8
0x00007fd3a791115d:   c3 66 90 31 c0 c3 90 66 66 2e 0f 1f 84 00 00 00
0x00007fd3a791116d:   00 00 90 f3 0f 1e fa 48 85 f6 74 51 0f b6 06 84
0x00007fd3a791117d:   c0 74 4a 0f b6 d0 83 e0 07 c1 fa 03 44 8d 50 01
0x00007fd3a791118d:   0f b6 c0 41 89 d1 4c 8d 44 06 02 48 8d 56 01 31
0x00007fd3a791119d:   c0 66 90 0f b6 0a 48 c1 e0 08 48 83 c2 01 48 09 


Stack slot to memory mapping:
stack at sp + 0 slots: 0x0 is NULL
stack at sp + 1 slots: 0x00007fd3a42fc348 is pointing into the stack for thread: 0x00007fd3a012e000
stack at sp + 2 slots: 0x00007fd3a0009be0 points into unknown readable memory: 0x00007fd344004000 | 00 40 00 44 d3 7f 00 00
stack at sp + 3 slots: 0x00007fd3a42fb2b0 is pointing into the stack for thread: 0x00007fd3a012e000
stack at sp + 4 slots: 0x00007fd3a42fb290 is pointing into the stack for thread: 0x00007fd3a012e000
stack at sp + 5 slots: 0x00007fd3a7911ca2: <offset 0x0000000000003ca2> in /usr/lib/jvm/java-11-openjdk-amd64/lib/libjimage.so at 0x00007fd3a790e000
stack at sp + 6 slots: 0x0 is NULL
stack at sp + 7 slots: 0x0 is NULL


---------------  P R O C E S S  ---------------

Threads class SMR info:
_java_thread_list=0x00007fd33c002300, length=12, elements={
0x00007fd3a001a000, 0x00007fd3a0126800, 0x00007fd3a0128800, 0x00007fd3a012e000,
0x00007fd3a0130000, 0x00007fd3a0132800, 0x00007fd3a0134800, 0x00007fd3a0136800,
0x00007fd3a015d000, 0x00007fd3a01a7800, 0x00007fd3a01ac000, 0x00007fd3a0e3e000
}

Java Threads: ( => current thread )
  0x00007fd3a001a000 JavaThread "main" [_thread_blocked, id=5660, stack(0x00007fd3a7950000,0x00007fd3a7a51000)]
  0x00007fd3a0126800 JavaThread "Reference Handler" daemon [_thread_blocked, id=5667, stack(0x00007fd3a43ff000,0x00007fd3a4500000)]
  0x00007fd3a0128800 JavaThread "Finalizer" daemon [_thread_blocked, id=5668, stack(0x00007fd3a42fe000,0x00007fd3a43ff000)]
=>0x00007fd3a012e000 JavaThread "Signal Dispatcher" daemon [_thread_in_vm, id=5669, stack(0x00007fd3a41fd000,0x00007fd3a42fe000)]
  0x00007fd3a0130000 JavaThread "Service Thread" daemon [_thread_blocked, id=5670, stack(0x00007fd3a40fc000,0x00007fd3a41fd000)]
  0x00007fd3a0132800 JavaThread "C2 CompilerThread0" daemon [_thread_blocked, id=5671, stack(0x00007fd37998d000,0x00007fd379a8e000)]
  0x00007fd3a0134800 JavaThread "C1 CompilerThread0" daemon [_thread_blocked, id=5672, stack(0x00007fd37988c000,0x00007fd37998d000)]
  0x00007fd3a0136800 JavaThread "Sweeper thread" daemon [_thread_blocked, id=5673, stack(0x00007fd37978b000,0x00007fd37988c000)]
  0x00007fd3a015d000 JavaThread "Common-Cleaner" daemon [_thread_blocked, id=5674, stack(0x00007fd37968a000,0x00007fd37978b000)]
  0x00007fd3a01a7800 JavaThread "JDWP Transport Listener: dt_socket" daemon [_thread_in_native, id=5678, stack(0x00007fd379589000,0x00007fd37968a000)]
  0x00007fd3a01ac000 JavaThread "JDWP Event Helper Thread" daemon [_thread_blocked, id=5679, stack(0x00007fd379488000,0x00007fd379589000)]
  0x00007fd3a0e3e000 JavaThread "mysql-cj-abandoned-connection-cleanup" daemon [_thread_blocked, id=5689, stack(0x00007fd379082000,0x00007fd379183000)]

Other Threads:
  0x00007fd3a0123800 VMThread "VM Thread" [stack: 0x00007fd3a4502000,0x00007fd3a4602000] [id=5666]
  0x00007fd3a04ac800 WatcherThread [stack: 0x00007fd379287000,0x00007fd379387000] [id=5683]
  0x00007fd3a0031000 GCTaskThread "GC Thread#0" [stack: 0x00007fd3a75b9000,0x00007fd3a76b9000] [id=5661]
  0x00007fd370001000 GCTaskThread "GC Thread#1" [stack: 0x00007fd379185000,0x00007fd379285000] [id=5684]
  0x00007fd370004800 GCTaskThread "GC Thread#2" [stack: 0x00007fd378f82000,0x00007fd379082000] [id=5686]
  0x00007fd370006000 GCTaskThread "GC Thread#3" [stack: 0x00007fd378e80000,0x00007fd378f80000] [id=5687]
  0x00007fd3a004b000 ConcurrentGCThread "G1 Main Marker" [stack: 0x00007fd3a4dea000,0x00007fd3a4eea000] [id=5662]
  0x00007fd3a004d000 ConcurrentGCThread "G1 Conc#0" [stack: 0x00007fd3a4ce8000,0x00007fd3a4de8000] [id=5663]
  0x00007fd3a008f000 ConcurrentGCThread "G1 Refine#0" [stack: 0x00007fd3a47e2000,0x00007fd3a48e2000] [id=5664]
  0x00007fd3a0090800 ConcurrentGCThread "G1 Young RemSet Sampling" [stack: 0x00007fd3a46e0000,0x00007fd3a47e0000] [id=5665]

Threads with active compile tasks:

VM state:not at safepoint (normal execution)

VM Mutex/Monitor currently owned by a thread: None

Heap address: 0x00000000c5a00000, size: 934 MB, Compressed Oops mode: 32-bit
Narrow klass base: 0x0000000800000000, Narrow klass shift: 3
Compressed class space size: 1073741824 Address: 0x0000000840000000

Heap:
 garbage-first heap   total 92160K, used 29331K [0x00000000c5a00000, 0x0000000100000000)
  region size 1024K, 10 young (10240K), 5 survivors (5120K)
 Metaspace       used 56196K, capacity 57749K, committed 58060K, reserved 1099776K
  class space    used 7228K, capacity 7839K, committed 7884K, reserved 1048576K
Heap Regions: E=young(eden), S=young(survivor), O=old, HS=humongous(starts), HC=humongous(continues), CS=collection set, F=free, A=archive, TAMS=top-at-mark-start (previous, next)
|   0|0x00000000c5a00000, 0x00000000c5b00000, 0x00000000c5b00000|100%|HS|  |TAMS 0x00000000c5b00000, 0x00000000c5a00000| Complete 
|   1|0x00000000c5b00000, 0x00000000c5c00000, 0x00000000c5c00000|100%| O|  |TAMS 0x00000000c5c00000, 0x00000000c5b00000| Untracked 
|   2|0x00000000c5c00000, 0x00000000c5d00000, 0x00000000c5d00000|100%| O|  |TAMS 0x00000000c5d00000, 0x00000000c5c00000| Untracked 
|   3|0x00000000c5d00000, 0x00000000c5e00000, 0x00000000c5e00000|100%| O|  |TAMS 0x00000000c5e00000, 0x00000000c5d00000| Untracked 
|   4|0x00000000c5e00000, 0x00000000c5f00000, 0x00000000c5f00000|100%| O|  |TAMS 0x00000000c5f00000, 0x00000000c5e00000| Untracked 
|   5|0x00000000c5f00000, 0x00000000c6000000, 0x00000000c6000000|100%| O|  |TAMS 0x00000000c6000000, 0x00000000c5f00000| Untracked 
|   6|0x00000000c6000000, 0x00000000c6100000, 0x00000000c6100000|100%| O|  |TAMS 0x00000000c6100000, 0x00000000c6000000| Untracked 
|   7|0x00000000c6100000, 0x00000000c6200000, 0x00000000c6200000|100%| O|  |TAMS 0x00000000c6200000, 0x00000000c6100000| Untracked 
|   8|0x00000000c6200000, 0x00000000c6300000, 0x00000000c6300000|100%| O|  |TAMS 0x00000000c6300000, 0x00000000c6200000| Untracked 
|   9|0x00000000c6300000, 0x00000000c6400000, 0x00000000c6400000|100%| O|  |TAMS 0x00000000c6400000, 0x00000000c6300000| Untracked 
|  10|0x00000000c6400000, 0x00000000c6500000, 0x00000000c6500000|100%| O|  |TAMS 0x00000000c6500000, 0x00000000c6400000| Untracked 
|  11|0x00000000c6500000, 0x00000000c6600000, 0x00000000c6600000|100%| O|  |TAMS 0x00000000c6600000, 0x00000000c6500000| Untracked 
|  12|0x00000000c6600000, 0x00000000c6700000, 0x00000000c6700000|100%| O|  |TAMS 0x00000000c6700000, 0x00000000c6600000| Untracked 
|  13|0x00000000c6700000, 0x00000000c6800000, 0x00000000c6800000|100%| O|  |TAMS 0x00000000c67a4c00, 0x00000000c6700000| Untracked 
|  14|0x00000000c6800000, 0x00000000c6900000, 0x00000000c6900000|100%| O|  |TAMS 0x00000000c6800000, 0x00000000c6800000| Untracked 
|  15|0x00000000c6900000, 0x00000000c6a00000, 0x00000000c6a00000|100%| O|  |TAMS 0x00000000c6900000, 0x00000000c6900000| Untracked 
|  16|0x00000000c6a00000, 0x00000000c6b00000, 0x00000000c6b00000|100%| O|  |TAMS 0x00000000c6a00000, 0x00000000c6a00000| Untracked 
|  17|0x00000000c6b00000, 0x00000000c6c00000, 0x00000000c6c00000|100%| O|  |TAMS 0x00000000c6b00000, 0x00000000c6b00000| Untracked 
|  18|0x00000000c6c00000, 0x00000000c6d00000, 0x00000000c6d00000|100%| O|  |TAMS 0x00000000c6c00000, 0x00000000c6c00000| Untracked 
|  19|0x00000000c6d00000, 0x00000000c6d55a00, 0x00000000c6e00000| 33%| O|  |TAMS 0x00000000c6d00000, 0x00000000c6d00000| Untracked 
|  20|0x00000000c6e00000, 0x00000000c6e00000, 0x00000000c6f00000|  0%| F|  |TAMS 0x00000000c6e00000, 0x00000000c6e00000| Untracked 
|  21|0x00000000c6f00000, 0x00000000c6f00000, 0x00000000c7000000|  0%| F|  |TAMS 0x00000000c6f00000, 0x00000000c6f00000| Untracked 
|  22|0x00000000c7000000, 0x00000000c7000000, 0x00000000c7100000|  0%| F|  |TAMS 0x00000000c7000000, 0x00000000c7000000| Untracked 
|  23|0x00000000c7100000, 0x00000000c7100000, 0x00000000c7200000|  0%| F|  |TAMS 0x00000000c7100000, 0x00000000c7100000| Untracked 
|  24|0x00000000c7200000, 0x00000000c7200000, 0x00000000c7300000|  0%| F|  |TAMS 0x00000000c7200000, 0x00000000c7200000| Untracked 
|  25|0x00000000c7300000, 0x00000000c7300000, 0x00000000c7400000|  0%| F|  |TAMS 0x00000000c7300000, 0x00000000c7300000| Untracked 
|  26|0x00000000c7400000, 0x00000000c7400000, 0x00000000c7500000|  0%| F|  |TAMS 0x00000000c7400000, 0x00000000c7400000| Untracked 
|  27|0x00000000c7500000, 0x00000000c7500000, 0x00000000c7600000|  0%| F|  |TAMS 0x00000000c7500000, 0x00000000c7500000| Untracked 
|  28|0x00000000c7600000, 0x00000000c7600000, 0x00000000c7700000|  0%| F|  |TAMS 0x00000000c7600000, 0x00000000c7600000| Untracked 
|  29|0x00000000c7700000, 0x00000000c7700000, 0x00000000c7800000|  0%| F|  |TAMS 0x00000000c7700000, 0x00000000c7700000| Untracked 
|  30|0x00000000c7800000, 0x00000000c7800000, 0x00000000c7900000|  0%| F|  |TAMS 0x00000000c7800000, 0x00000000c7800000| Untracked 
|  31|0x00000000c7900000, 0x00000000c7900000, 0x00000000c7a00000|  0%| F|  |TAMS 0x00000000c7900000, 0x00000000c7900000| Untracked 
|  32|0x00000000c7a00000, 0x00000000c7a00000, 0x00000000c7b00000|  0%| F|  |TAMS 0x00000000c7a00000, 0x00000000c7a00000| Untracked 
|  33|0x00000000c7b00000, 0x00000000c7b00000, 0x00000000c7c00000|  0%| F|  |TAMS 0x00000000c7b00000, 0x00000000c7b00000| Untracked 
|  34|0x00000000c7c00000, 0x00000000c7c9d420, 0x00000000c7d00000| 61%| S|CS|TAMS 0x00000000c7c00000, 0x00000000c7c00000| Complete 
|  35|0x00000000c7d00000, 0x00000000c7e00000, 0x00000000c7e00000|100%| S|CS|TAMS 0x00000000c7d00000, 0x00000000c7d00000| Complete 
|  36|0x00000000c7e00000, 0x00000000c7f00000, 0x00000000c7f00000|100%| S|CS|TAMS 0x00000000c7e00000, 0x00000000c7e00000| Complete 
|  37|0x00000000c7f00000, 0x00000000c7f00000, 0x00000000c8000000|  0%| F|  |TAMS 0x00000000c7f00000, 0x00000000c7f00000| Untracked 
|  38|0x00000000c8000000, 0x00000000c8100000, 0x00000000c8100000|100%| S|CS|TAMS 0x00000000c8000000, 0x00000000c8000000| Complete 
|  39|0x00000000c8100000, 0x00000000c8200000, 0x00000000c8200000|100%| S|CS|TAMS 0x00000000c8100000, 0x00000000c8100000| Complete 
|  40|0x00000000c8200000, 0x00000000c8200000, 0x00000000c8300000|  0%| F|  |TAMS 0x00000000c8200000, 0x00000000c8200000| Untracked 
|  41|0x00000000c8300000, 0x00000000c8300000, 0x00000000c8400000|  0%| F|  |TAMS 0x00000000c8300000, 0x00000000c8300000| Untracked 
|  42|0x00000000c8400000, 0x00000000c8400000, 0x00000000c8500000|  0%| F|  |TAMS 0x00000000c8400000, 0x00000000c8400000| Untracked 
|  43|0x00000000c8500000, 0x00000000c8500000, 0x00000000c8600000|  0%| F|  |TAMS 0x00000000c8500000, 0x00000000c8500000| Untracked 
|  44|0x00000000c8600000, 0x00000000c8600000, 0x00000000c8700000|  0%| F|  |TAMS 0x00000000c8600000, 0x00000000c8600000| Untracked 
|  45|0x00000000c8700000, 0x00000000c8700000, 0x00000000c8800000|  0%| F|  |TAMS 0x00000000c8700000, 0x00000000c8700000| Untracked 
|  46|0x00000000c8800000, 0x00000000c8800000, 0x00000000c8900000|  0%| F|  |TAMS 0x00000000c8800000, 0x00000000c8800000| Untracked 
|  47|0x00000000c8900000, 0x00000000c8900000, 0x00000000c8a00000|  0%| F|  |TAMS 0x00000000c8900000, 0x00000000c8900000| Untracked 
|  48|0x00000000c8a00000, 0x00000000c8a00000, 0x00000000c8b00000|  0%| F|  |TAMS 0x00000000c8a00000, 0x00000000c8a00000| Untracked 
|  49|0x00000000c8b00000, 0x00000000c8b00000, 0x00000000c8c00000|  0%| F|  |TAMS 0x00000000c8b00000, 0x00000000c8b00000| Untracked 
|  50|0x00000000c8c00000, 0x00000000c8c00000, 0x00000000c8d00000|  0%| F|  |TAMS 0x00000000c8c00000, 0x00000000c8c00000| Untracked 
|  51|0x00000000c8d00000, 0x00000000c8d00000, 0x00000000c8e00000|  0%| F|  |TAMS 0x00000000c8d00000, 0x00000000c8d00000| Untracked 
|  52|0x00000000c8e00000, 0x00000000c8e00000, 0x00000000c8f00000|  0%| F|  |TAMS 0x00000000c8e00000, 0x00000000c8e00000| Untracked 
|  53|0x00000000c8f00000, 0x00000000c8f00000, 0x00000000c9000000|  0%| F|  |TAMS 0x00000000c8f00000, 0x00000000c8f00000| Untracked 
|  54|0x00000000c9000000, 0x00000000c9000000, 0x00000000c9100000|  0%| F|  |TAMS 0x00000000c9000000, 0x00000000c9000000| Untracked 
|  55|0x00000000c9100000, 0x00000000c9100000, 0x00000000c9200000|  0%| F|  |TAMS 0x00000000c9100000, 0x00000000c9100000| Untracked 
|  56|0x00000000c9200000, 0x00000000c9200000, 0x00000000c9300000|  0%| F|  |TAMS 0x00000000c9200000, 0x00000000c9200000| Untracked 
|  57|0x00000000c9300000, 0x00000000c9300000, 0x00000000c9400000|  0%| F|  |TAMS 0x00000000c9300000, 0x00000000c9300000| Untracked 
|  58|0x00000000c9400000, 0x00000000c9400000, 0x00000000c9500000|  0%| F|  |TAMS 0x00000000c9400000, 0x00000000c9400000| Untracked 
|  59|0x00000000c9500000, 0x00000000c9500000, 0x00000000c9600000|  0%| F|  |TAMS 0x00000000c9500000, 0x00000000c9500000| Untracked 
|  60|0x00000000c9600000, 0x00000000c9600000, 0x00000000c9700000|  0%| F|  |TAMS 0x00000000c9600000, 0x00000000c9600000| Untracked 
|  61|0x00000000c9700000, 0x00000000c9700000, 0x00000000c9800000|  0%| F|  |TAMS 0x00000000c9700000, 0x00000000c9700000| Untracked 
|  62|0x00000000c9800000, 0x00000000c9800000, 0x00000000c9900000|  0%| F|  |TAMS 0x00000000c9800000, 0x00000000c9800000| Untracked 
|  63|0x00000000c9900000, 0x00000000c9900000, 0x00000000c9a00000|  0%| F|  |TAMS 0x00000000c9900000, 0x00000000c9900000| Untracked 
|  64|0x00000000c9a00000, 0x00000000c9a00000, 0x00000000c9b00000|  0%| F|  |TAMS 0x00000000c9a00000, 0x00000000c9a00000| Untracked 
|  65|0x00000000c9b00000, 0x00000000c9b00000, 0x00000000c9c00000|  0%| F|  |TAMS 0x00000000c9b00000, 0x00000000c9b00000| Untracked 
|  66|0x00000000c9c00000, 0x00000000c9c00000, 0x00000000c9d00000|  0%| F|  |TAMS 0x00000000c9c00000, 0x00000000c9c00000| Untracked 
|  67|0x00000000c9d00000, 0x00000000c9d00000, 0x00000000c9e00000|  0%| F|  |TAMS 0x00000000c9d00000, 0x00000000c9d00000| Untracked 
|  68|0x00000000c9e00000, 0x00000000c9e00000, 0x00000000c9f00000|  0%| F|  |TAMS 0x00000000c9e00000, 0x00000000c9e00000| Untracked 
|  69|0x00000000c9f00000, 0x00000000c9f00000, 0x00000000ca000000|  0%| F|  |TAMS 0x00000000c9f00000, 0x00000000c9f00000| Untracked 
|  70|0x00000000ca000000, 0x00000000ca000000, 0x00000000ca100000|  0%| F|  |TAMS 0x00000000ca000000, 0x00000000ca000000| Untracked 
|  71|0x00000000ca100000, 0x00000000ca100000, 0x00000000ca200000|  0%| F|  |TAMS 0x00000000ca100000, 0x00000000ca100000| Untracked 
|  72|0x00000000ca200000, 0x00000000ca200000, 0x00000000ca300000|  0%| F|  |TAMS 0x00000000ca200000, 0x00000000ca200000| Untracked 
|  73|0x00000000ca300000, 0x00000000ca300000, 0x00000000ca400000|  0%| F|  |TAMS 0x00000000ca300000, 0x00000000ca300000| Untracked 
|  74|0x00000000ca400000, 0x00000000ca400000, 0x00000000ca500000|  0%| F|  |TAMS 0x00000000ca400000, 0x00000000ca400000| Untracked 
|  75|0x00000000ca500000, 0x00000000ca500000, 0x00000000ca600000|  0%| F|  |TAMS 0x00000000ca500000, 0x00000000ca500000| Untracked 
|  76|0x00000000ca600000, 0x00000000ca600000, 0x00000000ca700000|  0%| F|  |TAMS 0x00000000ca600000, 0x00000000ca600000| Untracked 
|  77|0x00000000ca700000, 0x00000000ca700000, 0x00000000ca800000|  0%| F|  |TAMS 0x00000000ca700000, 0x00000000ca700000| Untracked 
|  78|0x00000000ca800000, 0x00000000ca800000, 0x00000000ca900000|  0%| F|  |TAMS 0x00000000ca800000, 0x00000000ca800000| Untracked 
|  79|0x00000000ca900000, 0x00000000ca900000, 0x00000000caa00000|  0%| F|  |TAMS 0x00000000ca900000, 0x00000000ca900000| Untracked 
|  80|0x00000000caa00000, 0x00000000caa00000, 0x00000000cab00000|  0%| F|  |TAMS 0x00000000caa00000, 0x00000000caa00000| Untracked 
|  81|0x00000000cab00000, 0x00000000cab00000, 0x00000000cac00000|  0%| F|  |TAMS 0x00000000cab00000, 0x00000000cab00000| Untracked 
|  82|0x00000000cac00000, 0x00000000cac00000, 0x00000000cad00000|  0%| F|  |TAMS 0x00000000cac00000, 0x00000000cac00000| Untracked 
|  83|0x00000000cad00000, 0x00000000cad8d030, 0x00000000cae00000| 55%| E|  |TAMS 0x00000000cad00000, 0x00000000cad00000| Complete 
|  84|0x00000000cae00000, 0x00000000caf00000, 0x00000000caf00000|100%| E|CS|TAMS 0x00000000cae00000, 0x00000000cae00000| Complete 
|  85|0x00000000caf00000, 0x00000000cb000000, 0x00000000cb000000|100%| E|CS|TAMS 0x00000000caf00000, 0x00000000caf00000| Complete 
|  86|0x00000000cb000000, 0x00000000cb100000, 0x00000000cb100000|100%| E|CS|TAMS 0x00000000cb000000, 0x00000000cb000000| Complete 
|  87|0x00000000cb100000, 0x00000000cb200000, 0x00000000cb200000|100%| E|CS|TAMS 0x00000000cb100000, 0x00000000cb100000| Complete 
| 932|0x00000000ffe00000, 0x00000000ffe47000, 0x00000000fff00000| 27%|OA|  |TAMS 0x00000000ffe47000, 0x00000000ffe00000| Untracked 
| 933|0x00000000fff00000, 0x00000000fff6b000, 0x0000000100000000| 41%|CA|  |TAMS 0x00000000fff6b000, 0x00000000fff00000| Untracked 

Card table byte_map: [0x00007fd3a6e0d000,0x00007fd3a6fe0000] _byte_map_base: 0x00007fd3a67e0000

Marking Bits (Prev, Next): (CMBitMap*) 0x00007fd3a0046870, (CMBitMap*) 0x00007fd3a0046838
 Prev Bits: [0x00007fd3a4f0a000, 0x00007fd3a5da2000)
 Next Bits: [0x00007fd3a5da2000, 0x00007fd3a6c3a000)

Polling page: 0x00007fd3a9287000

Metaspace:

Usage:
  Non-class:     48,74 MB capacity,    47,82 MB ( 98%) used,   746,55 KB (  1%) free+waste,   195,69 KB ( <1%) overhead. 
      Class:      7,66 MB capacity,     7,06 MB ( 92%) used,   519,18 KB (  7%) free+waste,    91,25 KB (  1%) overhead. 
       Both:     56,40 MB capacity,    54,88 MB ( 97%) used,     1,24 MB (  2%) free+waste,   286,94 KB ( <1%) overhead. 

Virtual space:
  Non-class space:       50,00 MB reserved,      49,00 MB ( 98%) committed 
      Class space:        1,00 GB reserved,       7,70 MB ( <1%) committed 
             Both:        1,05 GB reserved,      56,70 MB (  5%) committed 

Chunk freelists:
   Non-Class:  14,00 KB
       Class:  1,00 KB
        Both:  15,00 KB

MaxMetaspaceSize: unlimited
CompressedClassSpaceSize: 1,00 GB
Initial GC threshold: 20,80 MB
Current GC threshold: 67,00 MB
CDS: on

CodeHeap 'non-profiled nmethods': size=120032Kb used=2963Kb max_used=2963Kb free=117068Kb
 bounds [0x00007fd39031b000, 0x00007fd39060b000, 0x00007fd397853000]
CodeHeap 'profiled nmethods': size=120032Kb used=11208Kb max_used=11208Kb free=108823Kb
 bounds [0x00007fd388de3000, 0x00007fd3898e3000, 0x00007fd39031b000]
CodeHeap 'non-nmethods': size=5696Kb used=1358Kb max_used=1422Kb free=4338Kb
 bounds [0x00007fd388853000, 0x00007fd388ac3000, 0x00007fd388de3000]
 total_blobs=5830 nmethods=5234 adapters=518
 compilation: enabled
              stopped_count=0, restarted_count=0
 full_count=0

Compilation events (20 events):
Event: 22,439 Thread 0x00007fd3a0132800 5207   !   4       org.springframework.core.annotation.AnnotationsScanner::processClassHierarchy (227 bytes)
Event: 23,464 Thread 0x00007fd3a0132800 nmethod 5207 0x00007fd3905e4310 code [0x00007fd3905e4ce0, 0x00007fd3905f1bb8]
Event: 23,464 Thread 0x00007fd3a0132800 5208       4       org.springframework.core.annotation.AnnotationsScanner::getDeclaredAnnotations (166 bytes)
Event: 23,554 Thread 0x00007fd3a0132800 nmethod 5208 0x00007fd3905f8810 code [0x00007fd3905f8ba0, 0x00007fd3905fb698]
Event: 23,554 Thread 0x00007fd3a0132800 5105       4       org.springframework.core.annotation.TypeMappedAnnotations$MergedAnnotationFinder::doWithAnnotations (10 bytes)
Event: 23,555 Thread 0x00007fd3a0132800 nmethod 5105 0x00007fd3905fd510 code [0x00007fd3905fd6a0, 0x00007fd3905fd748]
Event: 23,555 Thread 0x00007fd3a0132800 5106       4       java.util.Collections$EmptyMap::values (4 bytes)
Event: 23,555 Thread 0x00007fd3a0132800 nmethod 5106 0x00007fd3905fd810 code [0x00007fd3905fd9a0, 0x00007fd3905fda18]
Event: 23,555 Thread 0x00007fd3a0132800 5107       4       java.util.Collections$EmptySet::toArray (11 bytes)
Event: 23,556 Thread 0x00007fd3a0132800 nmethod 5107 0x00007fd3905fdb10 code [0x00007fd3905fdca0, 0x00007fd3905fdd58]
Event: 23,556 Thread 0x00007fd3a0132800 5120       4       org.springframework.beans.factory.support.AbstractBeanFactory::isFactoryBean (60 bytes)
Event: 23,559 Thread 0x00007fd3a0132800 nmethod 5120 0x00007fd3905fde10 code [0x00007fd3905fdfc0, 0x00007fd3905fe288]
Event: 23,559 Thread 0x00007fd3a0132800 5156       4       java.lang.reflect.Modifier::isStatic (13 bytes)
Event: 23,559 Thread 0x00007fd3a0132800 nmethod 5156 0x00007fd3905fe410 code [0x00007fd3905fe5a0, 0x00007fd3905fe5f8]
Event: 23,559 Thread 0x00007fd3a0132800 5411       4       java.util.Objects::equals (23 bytes)
Event: 23,560 Thread 0x00007fd3a0132800 nmethod 5411 0x00007fd3905fe710 code [0x00007fd3905fe8a0, 0x00007fd3905fe938]
Event: 23,560 Thread 0x00007fd3a0132800 5113       4       org.springframework.core.annotation.AnnotationFilter::matches (11 bytes)
Event: 23,571 Thread 0x00007fd3a0132800 nmethod 5113 0x00007fd3905fea10 code [0x00007fd3905febe0, 0x00007fd3905ff1c8]
Event: 41,910 Thread 0x00007fd3a0132800 5422       4       java.io.File::isInvalid (48 bytes)
Event: 41,922 Thread 0x00007fd3a0132800 nmethod 5422 0x00007fd3905ff690 code [0x00007fd3905ff840, 0x00007fd3905ffbb8]

GC Heap History (20 events):
Event: 11,885 GC heap before
{Heap before GC invocations=10 (full 0):
 garbage-first heap   total 76800K, used 53983K [0x00000000c5a00000, 0x0000000100000000)
  region size 1024K, 44 young (45056K), 4 survivors (4096K)
 Metaspace       used 26413K, capacity 27433K, committed 27520K, reserved 1073152K
  class space    used 3233K, capacity 3643K, committed 3712K, reserved 1048576K
}
Event: 11,899 GC heap after
{Heap after GC invocations=11 (full 0):
 garbage-first heap   total 76800K, used 15129K [0x00000000c5a00000, 0x0000000100000000)
  region size 1024K, 5 young (5120K), 5 survivors (5120K)
 Metaspace       used 26413K, capacity 27433K, committed 27520K, reserved 1073152K
  class space    used 3233K, capacity 3643K, committed 3712K, reserved 1048576K
}
Event: 12,957 GC heap before
{Heap before GC invocations=11 (full 0):
 garbage-first heap   total 76800K, used 54041K [0x00000000c5a00000, 0x0000000100000000)
  region size 1024K, 44 young (45056K), 5 survivors (5120K)
 Metaspace       used 28877K, capacity 29901K, committed 30080K, reserved 1075200K
  class space    used 3482K, capacity 3888K, committed 3968K, reserved 1048576K
}
Event: 12,976 GC heap after
{Heap after GC invocations=12 (full 0):
 garbage-first heap   total 76800K, used 16112K [0x00000000c5a00000, 0x0000000100000000)
  region size 1024K, 5 young (5120K), 5 survivors (5120K)
 Metaspace       used 28877K, capacity 29901K, committed 30080K, reserved 1075200K
  class space    used 3482K, capacity 3888K, committed 3968K, reserved 1048576K
}
Event: 13,384 GC heap before
{Heap before GC invocations=12 (full 0):
 garbage-first heap   total 76800K, used 56048K [0x00000000c5a00000, 0x0000000100000000)
  region size 1024K, 45 young (46080K), 5 survivors (5120K)
 Metaspace       used 29740K, capacity 30811K, committed 30976K, reserved 1077248K
  class space    used 3606K, capacity 4019K, committed 4096K, reserved 1048576K
}
Event: 13,404 GC heap after
{Heap after GC invocations=13 (full 0):
 garbage-first heap   total 76800K, used 16541K [0x00000000c5a00000, 0x0000000100000000)
  region size 1024K, 2 young (2048K), 2 survivors (2048K)
 Metaspace       used 29740K, capacity 30811K, committed 30976K, reserved 1077248K
  class space    used 3606K, capacity 4019K, committed 4096K, reserved 1048576K
}
Event: 14,783 GC heap before
{Heap before GC invocations=13 (full 0):
 garbage-first heap   total 76800K, used 57501K [0x00000000c5a00000, 0x0000000100000000)
  region size 1024K, 42 young (43008K), 2 survivors (2048K)
 Metaspace       used 33128K, capacity 34293K, committed 34560K, reserved 1079296K
  class space    used 4075K, capacity 4560K, committed 4608K, reserved 1048576K
}
Event: 14,793 GC heap after
{Heap after GC invocations=14 (full 0):
 garbage-first heap   total 92160K, used 17181K [0x00000000c5a00000, 0x0000000100000000)
  region size 1024K, 3 young (3072K), 3 survivors (3072K)
 Metaspace       used 33128K, capacity 34293K, committed 34560K, reserved 1079296K
  class space    used 4075K, capacity 4560K, committed 4608K, reserved 1048576K
}
Event: 15,184 GC heap before
{Heap before GC invocations=14 (full 0):
 garbage-first heap   total 92160K, used 33565K [0x00000000c5a00000, 0x0000000100000000)
  region size 1024K, 20 young (20480K), 3 survivors (3072K)
 Metaspace       used 34591K, capacity 35747K, committed 35840K, reserved 1081344K
  class space    used 4351K, capacity 4830K, committed 4864K, reserved 1048576K
}
Event: 15,196 GC heap after
{Heap after GC invocations=15 (full 0):
 garbage-first heap   total 92160K, used 17453K [0x00000000c5a00000, 0x0000000100000000)
  region size 1024K, 3 young (3072K), 3 survivors (3072K)
 Metaspace       used 34591K, capacity 35747K, committed 35840K, reserved 1081344K
  class space    used 4351K, capacity 4830K, committed 4864K, reserved 1048576K
}
Event: 16,877 GC heap before
{Heap before GC invocations=16 (full 0):
 garbage-first heap   total 92160K, used 62509K [0x00000000c5a00000, 0x0000000100000000)
  region size 1024K, 47 young (48128K), 3 survivors (3072K)
 Metaspace       used 39344K, capacity 40587K, committed 40780K, reserved 1085440K
  class space    used 4931K, capacity 5435K, committed 5452K, reserved 1048576K
}
Event: 16,896 GC heap after
{Heap after GC invocations=17 (full 0):
 garbage-first heap   total 92160K, used 20827K [0x00000000c5a00000, 0x0000000100000000)
  region size 1024K, 6 young (6144K), 6 survivors (6144K)
 Metaspace       used 39344K, capacity 40587K, committed 40780K, reserved 1085440K
  class space    used 4931K, capacity 5435K, committed 5452K, reserved 1048576K
}
Event: 18,228 GC heap before
{Heap before GC invocations=18 (full 0):
 garbage-first heap   total 92160K, used 64859K [0x00000000c5a00000, 0x0000000100000000)
  region size 1024K, 50 young (51200K), 6 survivors (6144K)
 Metaspace       used 44528K, capacity 45783K, committed 46156K, reserved 1089536K
  class space    used 5610K, capacity 6097K, committed 6220K, reserved 1048576K
}
Event: 18,248 GC heap after
{Heap after GC invocations=19 (full 0):
 garbage-first heap   total 92160K, used 22679K [0x00000000c5a00000, 0x0000000100000000)
  region size 1024K, 6 young (6144K), 6 survivors (6144K)
 Metaspace       used 44528K, capacity 45783K, committed 46156K, reserved 1089536K
  class space    used 5610K, capacity 6097K, committed 6220K, reserved 1048576K
}
Event: 19,125 GC heap before
{Heap before GC invocations=19 (full 0):
 garbage-first heap   total 92160K, used 67735K [0x00000000c5a00000, 0x0000000100000000)
  region size 1024K, 50 young (51200K), 6 survivors (6144K)
 Metaspace       used 48733K, capacity 50011K, committed 50252K, reserved 1093632K
  class space    used 6217K, capacity 6716K, committed 6732K, reserved 1048576K
}
Event: 19,139 GC heap after
{Heap after GC invocations=20 (full 0):
 garbage-first heap   total 92160K, used 23123K [0x00000000c5a00000, 0x0000000100000000)
  region size 1024K, 3 young (3072K), 3 survivors (3072K)
 Metaspace       used 48733K, capacity 50011K, committed 50252K, reserved 1093632K
  class space    used 6217K, capacity 6716K, committed 6732K, reserved 1048576K
}
Event: 20,970 GC heap before
{Heap before GC invocations=20 (full 0):
 garbage-first heap   total 92160K, used 68179K [0x00000000c5a00000, 0x0000000100000000)
  region size 1024K, 47 young (48128K), 3 survivors (3072K)
 Metaspace       used 52311K, capacity 53680K, committed 54092K, reserved 1095680K
  class space    used 6709K, capacity 7231K, committed 7244K, reserved 1048576K
}
Event: 20,986 GC heap after
{Heap after GC invocations=21 (full 0):
 garbage-first heap   total 92160K, used 24132K [0x00000000c5a00000, 0x0000000100000000)
  region size 1024K, 4 young (4096K), 4 survivors (4096K)
 Metaspace       used 52311K, capacity 53680K, committed 54092K, reserved 1095680K
  class space    used 6709K, capacity 7231K, committed 7244K, reserved 1048576K
}
Event: 21,879 GC heap before
{Heap before GC invocations=21 (full 0):
 garbage-first heap   total 92160K, used 70212K [0x00000000c5a00000, 0x0000000100000000)
  region size 1024K, 49 young (50176K), 4 survivors (4096K)
 Metaspace       used 55945K, capacity 57500K, committed 57804K, reserved 1099776K
  class space    used 7192K, capacity 7799K, committed 7884K, reserved 1048576K
}
Event: 21,904 GC heap after
{Heap after GC invocations=22 (full 0):
 garbage-first heap   total 92160K, used 25235K [0x00000000c5a00000, 0x0000000100000000)
  region size 1024K, 5 young (5120K), 5 survivors (5120K)
 Metaspace       used 55945K, capacity 57500K, committed 57804K, reserved 1099776K
  class space    used 7192K, capacity 7799K, committed 7884K, reserved 1048576K
}

Deoptimization events (20 events):
Event: 21,867 Thread 0x00007fd3a1b90800 DEOPT PACKING pc=0x00007fd3898c9bf1 sp=0x00007fd329ffbf90
Event: 21,868 Thread 0x00007fd3a1b90800 DEOPT UNPACKING pc=0x00007fd38889d62b sp=0x00007fd329ffb468 mode 1
Event: 21,871 Thread 0x00007fd3a1b90800 DEOPT PACKING pc=0x00007fd3898c9bf1 sp=0x00007fd329ffbf90
Event: 21,871 Thread 0x00007fd3a1b90800 DEOPT UNPACKING pc=0x00007fd38889d62b sp=0x00007fd329ffb468 mode 1
Event: 21,873 Thread 0x00007fd3a1b90800 DEOPT PACKING pc=0x00007fd3898c9bf1 sp=0x00007fd329ffbf90
Event: 21,873 Thread 0x00007fd3a1b90800 DEOPT UNPACKING pc=0x00007fd38889d62b sp=0x00007fd329ffb468 mode 1
Event: 21,951 Thread 0x00007fd3a001a000 DEOPT PACKING pc=0x00007fd388f838d4 sp=0x00007fd3a7a4c710
Event: 21,951 Thread 0x00007fd3a001a000 DEOPT UNPACKING pc=0x00007fd38889d62b sp=0x00007fd3a7a4bbc8 mode 1
Event: 21,951 Thread 0x00007fd3a001a000 DEOPT PACKING pc=0x00007fd388fe3c04 sp=0x00007fd3a7a4c7e0
Event: 21,951 Thread 0x00007fd3a001a000 DEOPT UNPACKING pc=0x00007fd38889d62b sp=0x00007fd3a7a4bcb8 mode 1
Event: 21,951 Thread 0x00007fd3a001a000 DEOPT PACKING pc=0x00007fd3891d8cd4 sp=0x00007fd3a7a4eb20
Event: 21,951 Thread 0x00007fd3a001a000 DEOPT UNPACKING pc=0x00007fd38889d62b sp=0x00007fd3a7a4dfd0 mode 1
Event: 21,951 Thread 0x00007fd3a001a000 DEOPT PACKING pc=0x00007fd38934a4c4 sp=0x00007fd3a7a4eb70
Event: 21,951 Thread 0x00007fd3a001a000 DEOPT UNPACKING pc=0x00007fd38889d62b sp=0x00007fd3a7a4e080 mode 1
Event: 21,951 Thread 0x00007fd3a001a000 DEOPT PACKING pc=0x00007fd3893b3a7c sp=0x00007fd3a7a4ec40
Event: 21,951 Thread 0x00007fd3a001a000 DEOPT UNPACKING pc=0x00007fd38889d62b sp=0x00007fd3a7a4e178 mode 1
Event: 21,969 Thread 0x00007fd3a001a000 DEOPT PACKING pc=0x00007fd388f838d4 sp=0x00007fd3a7a4e5a0
Event: 21,969 Thread 0x00007fd3a001a000 DEOPT UNPACKING pc=0x00007fd38889d62b sp=0x00007fd3a7a4da58 mode 1
Event: 21,969 Thread 0x00007fd3a001a000 DEOPT PACKING pc=0x00007fd388fe3c04 sp=0x00007fd3a7a4e670
Event: 21,969 Thread 0x00007fd3a001a000 DEOPT UNPACKING pc=0x00007fd38889d62b sp=0x00007fd3a7a4db48 mode 1

Classes redefined (0 events):
No events

Internal exceptions (20 events):
Event: 20,769 Thread 0x00007fd3a001a000 Exception <a 'java/lang/ClassNotFoundException'{0x00000000c8be45c8}: org/springframework/beans/factory/AwareCustomizer> (0x00000000c8be45c8) thrown at [src/hotspot/share/classfile/systemDictionary.cpp, line 231]
Event: 20,784 Thread 0x00007fd3a001a000 Exception <a 'java/lang/ClassNotFoundException'{0x00000000c8a46380}: java/lang/ObjectCustomizer> (0x00000000c8a46380) thrown at [src/hotspot/share/classfile/systemDictionary.cpp, line 231]
Event: 20,786 Thread 0x00007fd3a001a000 Exception <a 'java/lang/ClassNotFoundException'{0x00000000c8a59a50}: org/springframework/core/io/support/PropertiesLoaderSupportCustomizer> (0x00000000c8a59a50) thrown at [src/hotspot/share/classfile/systemDictionary.cpp, line 231]
Event: 20,789 Thread 0x00007fd3a001a000 Exception <a 'java/lang/ClassNotFoundException'{0x00000000c8a728f0}: org/springframework/beans/factory/config/PropertiesFactoryBeanCustomizer> (0x00000000c8a728f0) thrown at [src/hotspot/share/classfile/systemDictionary.cpp, line 231]
Event: 20,792 Thread 0x00007fd3a001a000 Exception <a 'java/lang/ClassNotFoundException'{0x00000000c8a919b0}: org/springframework/beans/factory/FactoryBeanCustomizer> (0x00000000c8a919b0) thrown at [src/hotspot/share/classfile/systemDictionary.cpp, line 231]
Event: 20,794 Thread 0x00007fd3a001a000 Exception <a 'java/lang/ClassNotFoundException'{0x00000000c8aa3628}: org/springframework/beans/factory/InitializingBeanCustomizer> (0x00000000c8aa3628) thrown at [src/hotspot/share/classfile/systemDictionary.cpp, line 231]
Event: 21,227 Thread 0x00007fd3a001a000 Exception <a 'java/lang/ClassNotFoundException'{0x00000000ca211b68}: java/lang/ObjectCustomizer> (0x00000000ca211b68) thrown at [src/hotspot/share/classfile/systemDictionary.cpp, line 231]
Event: 21,228 Thread 0x00007fd3a001a000 Exception <a 'java/lang/ClassNotFoundException'{0x00000000ca223680}: com/br/example/prj/biblioteca/models/UsuarioCustomizer> (0x00000000ca223680) thrown at [src/hotspot/share/classfile/systemDictionary.cpp, line 231]
Event: 21,283 Thread 0x00007fd3a001a000 Exception <a 'java/lang/ClassNotFoundException'{0x00000000ca052858}: java/lang/ObjectCustomizer> (0x00000000ca052858) thrown at [src/hotspot/share/classfile/systemDictionary.cpp, line 231]
Event: 21,284 Thread 0x00007fd3a001a000 Exception <a 'java/lang/ClassNotFoundException'{0x00000000ca064088}: com/br/example/prj/biblioteca/models/RoleCustomizer> (0x00000000ca064088) thrown at [src/hotspot/share/classfile/systemDictionary.cpp, line 231]
Event: 21,340 Thread 0x00007fd3a001a000 Exception <a 'java/lang/IncompatibleClassChangeError'{0x00000000c9db7358}: Found class java.lang.Object, but interface was expected> (0x00000000c9db7358) thrown at [src/hotspot/share/interpreter/linkResolver.cpp, line 839]
Event: 21,485 Thread 0x00007fd3a001a000 Exception <a 'java/lang/reflect/InvocationTargetException'{0x00000000c9174b38}> (0x00000000c9174b38) thrown at [src/hotspot/share/runtime/reflection.cpp, line 1245]
Event: 21,532 Thread 0x00007fd3a001a000 Exception <a 'java/lang/NoSuchMethodError'{0x00000000c9099250}: 'java.lang.Object java.lang.invoke.DirectMethodHandle$Holder.invokeStatic(java.lang.Object, java.lang.Object, int, java.lang.Object)'> (0x00000000c9099250) thrown at [src/hotspot/share/interpreter/linkResolver.cpp, line 772]
Event: 21,533 Thread 0x00007fd3a001a000 Exception <a 'java/lang/NoSuchMethodError'{0x00000000c90a01d0}: 'java.lang.Object java.lang.invoke.Invokers$Holder.linkToTargetMethod(java.lang.Object, int, java.lang.Object)'> (0x00000000c90a01d0) thrown at [src/hotspot/share/interpreter/linkResolver.cpp, line 772]
Event: 21,541 Thread 0x00007fd3a001a000 Exception <a 'java/lang/IncompatibleClassChangeError'{0x00000000c8f10510}: Found class java.lang.Object, but interface was expected> (0x00000000c8f10510) thrown at [src/hotspot/share/interpreter/linkResolver.cpp, line 839]
Event: 21,648 Thread 0x00007fd3a001a000 Exception <a 'java/lang/reflect/InvocationTargetException'{0x00000000c8bea720}> (0x00000000c8bea720) thrown at [src/hotspot/share/runtime/reflection.cpp, line 1245]
Event: 21,655 Thread 0x00007fd3a001a000 Exception <a 'java/lang/NoSuchMethodError'{0x00000000c8a2aad8}: 'java.lang.Object java.lang.invoke.Invokers$Holder.linkToTargetMethod(java.lang.Object, int, java.lang.Object, java.lang.Object)'> (0x00000000c8a2aad8) thrown at [src/hotspot/share/interpreter/linkResolver.cpp, line 772]
Event: 21,707 Thread 0x00007fd3a001a000 Exception <a 'java/io/FileNotFoundException'{0x00000000c8773b78}> (0x00000000c8773b78) thrown at [src/hotspot/share/prims/jni.cpp, line 616]
Event: 21,951 Thread 0x00007fd3a001a000 Exception <a 'java/lang/NoClassDefFoundError'{0x00000000caf23a00}: liquibase/exception/ChangeLogParseException> (0x00000000caf23a00) thrown at [src/hotspot/share/classfile/systemDictionary.cpp, line 220]
Event: 21,969 Thread 0x00007fd3a001a000 Exception <a 'java/lang/NoClassDefFoundError'{0x00000000cae7b3d0}: sun/reflect/Reflection> (0x00000000cae7b3d0) thrown at [src/hotspot/share/classfile/systemDictionary.cpp, line 220]

Events (20 events):
Event: 23,369 Executing VM operation: GetOwnedMonitorInfo
Event: 23,369 Executing VM operation: GetOwnedMonitorInfo done
Event: 23,370 Executing VM operation: GetCurrentContendedMonitor
Event: 23,370 Executing VM operation: GetCurrentContendedMonitor done
Event: 23,377 Executing VM operation: GetFrameCount
Event: 23,377 Executing VM operation: GetFrameCount done
Event: 23,378 Executing VM operation: GetOwnedMonitorInfo
Event: 23,379 Executing VM operation: GetOwnedMonitorInfo done
Event: 23,379 Executing VM operation: GetCurrentContendedMonitor
Event: 23,379 Executing VM operation: GetCurrentContendedMonitor done
Event: 23,406 Executing VM operation: GetFrameLocation
Event: 23,406 Executing VM operation: GetFrameLocation done
Event: 23,406 Executing VM operation: GetOrSetLocal
Event: 23,406 Executing VM operation: GetOrSetLocal done
Event: 23,408 Executing VM operation: GetFrameLocation
Event: 23,408 Executing VM operation: GetFrameLocation done
Event: 23,408 Executing VM operation: GetOrSetLocal
Event: 23,408 Executing VM operation: GetOrSetLocal done
Event: 123,202 Thread 0x00007fd344001800 Thread exited: 0x00007fd344001800
Event: 123,221 loading class jdk/internal/misc/Signal$1


Dynamic libraries:
c5a00000-cb200000 rw-p 00000000 00:00 0 
cb200000-ffe00000 ---p 00000000 00:00 0 
ffe00000-ffe47000 rw-p 01114000 08:06 6819997                            /usr/lib/jvm/java-11-openjdk-amd64/lib/server/classes.jsa
ffe47000-fff00000 rw-p 00000000 00:00 0 
fff00000-fff6b000 rw-p 010a9000 08:06 6819997                            /usr/lib/jvm/java-11-openjdk-amd64/lib/server/classes.jsa
fff6b000-100000000 rw-p 00000000 00:00 0 
800000000-800002000 rwxp 00001000 08:06 6819997                          /usr/lib/jvm/java-11-openjdk-amd64/lib/server/classes.jsa
800002000-8010a8000 rw-p 00003000 08:06 6819997                          /usr/lib/jvm/java-11-openjdk-amd64/lib/server/classes.jsa
840000000-8407b3000 rw-p 00000000 00:00 0 
8407b3000-880000000 ---p 00000000 00:00 0 
5653bc89f000-5653bc8a0000 r--p 00000000 08:06 6819645                    /usr/lib/jvm/java-11-openjdk-amd64/bin/java
5653bc8a0000-5653bc8a1000 r-xp 00001000 08:06 6819645                    /usr/lib/jvm/java-11-openjdk-amd64/bin/java
5653bc8a1000-5653bc8a2000 r--p 00002000 08:06 6819645                    /usr/lib/jvm/java-11-openjdk-amd64/bin/java
5653bc8a2000-5653bc8a3000 r--p 00002000 08:06 6819645                    /usr/lib/jvm/java-11-openjdk-amd64/bin/java
5653bc8a3000-5653bc8a4000 rw-p 00003000 08:06 6819645                    /usr/lib/jvm/java-11-openjdk-amd64/bin/java
5653bdd9e000-5653bddbf000 rw-p 00000000 00:00 0                          [heap]
7fd314000000-7fd314021000 rw-p 00000000 00:00 0 
7fd314021000-7fd318000000 ---p 00000000 00:00 0 
7fd31c000000-7fd31c021000 rw-p 00000000 00:00 0 
7fd31c021000-7fd320000000 ---p 00000000 00:00 0 
7fd320000000-7fd320021000 rw-p 00000000 00:00 0 
7fd320021000-7fd324000000 ---p 00000000 00:00 0 
7fd324000000-7fd324021000 rw-p 00000000 00:00 0 
7fd324021000-7fd328000000 ---p 00000000 00:00 0 
7fd329efd000-7fd329f01000 ---p 00000000 00:00 0 
7fd329f01000-7fd329ffe000 rw-p 00000000 00:00 0 
7fd329ffe000-7fd32a002000 ---p 00000000 00:00 0 
7fd32a002000-7fd32a1ff000 rw-p 00000000 00:00 0 
7fd32a1ff000-7fd32a2ff000 ---p 00000000 00:00 0 
7fd32a2ff000-7fd32a4ff000 rw-p 00000000 00:00 0 
7fd32a4ff000-7fd32a6ff000 rw-p 00000000 00:00 0 
7fd32a6ff000-7fd32a8ff000 rw-p 00000000 00:00 0 
7fd32a8ff000-7fd32aaff000 rw-p 00000000 00:00 0 
7fd32aaff000-7fd32acff000 rw-p 00000000 00:00 0 
7fd32acff000-7fd32ad03000 ---p 00000000 00:00 0 
7fd32ad03000-7fd32b000000 rw-p 00000000 00:00 0 
7fd32b000000-7fd32b200000 rw-p 00000000 00:00 0 
7fd32b200000-7fd32b400000 rw-p 00000000 00:00 0 
7fd32b400000-7fd32b600000 rw-p 00000000 00:00 0 
7fd32b600000-7fd32b800000 rw-p 00000000 00:00 0 
7fd32b800000-7fd32ba00000 rw-p 00000000 00:00 0 
7fd32ba00000-7fd32bc00000 rw-p 00000000 00:00 0 
7fd32bc00000-7fd32be00000 rw-p 00000000 00:00 0 
7fd32be00000-7fd32c000000 rw-p 00000000 00:00 0 
7fd32c000000-7fd32c036000 rw-p 00000000 00:00 0 
7fd32c036000-7fd330000000 ---p 00000000 00:00 0 
7fd330000000-7fd330021000 rw-p 00000000 00:00 0 
7fd330021000-7fd334000000 ---p 00000000 00:00 0 
7fd334000000-7fd334022000 rw-p 00000000 00:00 0 
7fd334022000-7fd338000000 ---p 00000000 00:00 0 
7fd338000000-7fd33828b000 rw-p 00000000 00:00 0 
7fd33828b000-7fd33c000000 ---p 00000000 00:00 0 
7fd33c000000-7fd33c021000 rw-p 00000000 00:00 0 
7fd33c021000-7fd340000000 ---p 00000000 00:00 0 
7fd340000000-7fd340021000 rw-p 00000000 00:00 0 
7fd340021000-7fd344000000 ---p 00000000 00:00 0 
7fd344000000-7fd344021000 rw-p 00000000 00:00 0 
7fd344021000-7fd348000000 ---p 00000000 00:00 0 
7fd348000000-7fd348021000 rw-p 00000000 00:00 0 
7fd348021000-7fd34c000000 ---p 00000000 00:00 0 
7fd34c000000-7fd34c021000 rw-p 00000000 00:00 0 
7fd34c021000-7fd350000000 ---p 00000000 00:00 0 
7fd350000000-7fd350021000 rw-p 00000000 00:00 0 
7fd350021000-7fd354000000 ---p 00000000 00:00 0 
7fd354000000-7fd356c61000 rw-p 00000000 00:00 0 
7fd356c61000-7fd358000000 ---p 00000000 00:00 0 
7fd358000000-7fd358fb8000 rw-p 00000000 00:00 0 
7fd358fb8000-7fd35c000000 ---p 00000000 00:00 0 
7fd35c000000-7fd35c021000 rw-p 00000000 00:00 0 
7fd35c021000-7fd360000000 ---p 00000000 00:00 0 
7fd360000000-7fd360021000 rw-p 00000000 00:00 0 
7fd360021000-7fd364000000 ---p 00000000 00:00 0 
7fd364000000-7fd364021000 rw-p 00000000 00:00 0 
7fd364021000-7fd368000000 ---p 00000000 00:00 0 
7fd368000000-7fd368021000 rw-p 00000000 00:00 0 
7fd368021000-7fd36c000000 ---p 00000000 00:00 0 
7fd36c000000-7fd36c021000 rw-p 00000000 00:00 0 
7fd36c021000-7fd370000000 ---p 00000000 00:00 0 
7fd370000000-7fd370237000 rw-p 00000000 00:00 0 
7fd370237000-7fd374000000 ---p 00000000 00:00 0 
7fd374000000-7fd374021000 rw-p 00000000 00:00 0 
7fd374021000-7fd378000000 ---p 00000000 00:00 0 
7fd3780e7000-7fd3782e7000 rw-p 00000000 00:00 0 
7fd3782e7000-7fd3784e7000 rw-p 00000000 00:00 0 
7fd3784e7000-7fd3786e7000 rw-p 00000000 00:00 0 
7fd3786e7000-7fd3788e7000 rw-p 00000000 00:00 0 
7fd378957000-7fd378b57000 rw-p 00000000 00:00 0 
7fd378b57000-7fd378d57000 rw-p 00000000 00:00 0 
7fd378d7d000-7fd378d81000 ---p 00000000 00:00 0 
7fd378d81000-7fd378e7e000 rw-p 00000000 00:00 0 
7fd378e7e000-7fd378e7f000 ---p 00000000 00:00 0 
7fd378e7f000-7fd378f80000 rw-p 00000000 00:00 0 
7fd378f80000-7fd378f81000 ---p 00000000 00:00 0 
7fd378f81000-7fd379082000 rw-p 00000000 00:00 0 
7fd379082000-7fd379086000 ---p 00000000 00:00 0 
7fd379086000-7fd379183000 rw-p 00000000 00:00 0 
7fd379183000-7fd379184000 ---p 00000000 00:00 0 
7fd379184000-7fd379285000 rw-p 00000000 00:00 0 
7fd379285000-7fd379286000 ---p 00000000 00:00 0 
7fd379286000-7fd379387000 rw-p 00000000 00:00 0 
7fd379387000-7fd37938b000 ---p 00000000 00:00 0 
7fd37938b000-7fd379488000 rw-p 00000000 00:00 0 
7fd379488000-7fd37948c000 ---p 00000000 00:00 0 
7fd37948c000-7fd379589000 rw-p 00000000 00:00 0 
7fd379589000-7fd37958d000 ---p 00000000 00:00 0 
7fd37958d000-7fd37968a000 rw-p 00000000 00:00 0 
7fd37968a000-7fd37968e000 ---p 00000000 00:00 0 
7fd37968e000-7fd37978b000 rw-p 00000000 00:00 0 
7fd37978b000-7fd37978f000 ---p 00000000 00:00 0 
7fd37978f000-7fd37988c000 rw-p 00000000 00:00 0 
7fd37988c000-7fd379890000 ---p 00000000 00:00 0 
7fd379890000-7fd37998d000 rw-p 00000000 00:00 0 
7fd37998d000-7fd379991000 ---p 00000000 00:00 0 
7fd379991000-7fd379a8e000 rw-p 00000000 00:00 0 
7fd379a8e000-7fd37a000000 r--p 00000000 08:06 6691689                    /usr/lib/locale/locale-archive
7fd37a000000-7fd37c000000 rw-p 00000000 00:00 0 
7fd37c000000-7fd37c021000 rw-p 00000000 00:00 0 
7fd37c021000-7fd380000000 ---p 00000000 00:00 0 
7fd380000000-7fd380021000 rw-p 00000000 00:00 0 
7fd380021000-7fd384000000 ---p 00000000 00:00 0 
7fd384000000-7fd384021000 rw-p 00000000 00:00 0 
7fd384021000-7fd388000000 ---p 00000000 00:00 0 
7fd388053000-7fd388853000 rw-p 00000000 00:00 0 
7fd388853000-7fd388ac3000 rwxp 00000000 00:00 0 
7fd388ac3000-7fd388de3000 ---p 00000000 00:00 0 
7fd388de3000-7fd3898e3000 rwxp 00000000 00:00 0 
7fd3898e3000-7fd39031b000 ---p 00000000 00:00 0 
7fd39031b000-7fd39060b000 rwxp 00000000 00:00 0 
7fd39060b000-7fd397853000 ---p 00000000 00:00 0 
7fd3a0000000-7fd3a1bb4000 rw-p 00000000 00:00 0 
7fd3a1bb4000-7fd3a4000000 ---p 00000000 00:00 0 
7fd3a4052000-7fd3a405a000 r--p 00000000 08:06 6819726                    /usr/lib/jvm/java-11-openjdk-amd64/lib/libsunec.so
7fd3a405a000-7fd3a4073000 r-xp 00008000 08:06 6819726                    /usr/lib/jvm/java-11-openjdk-amd64/lib/libsunec.so
7fd3a4073000-7fd3a407d000 r--p 00021000 08:06 6819726                    /usr/lib/jvm/java-11-openjdk-amd64/lib/libsunec.so
7fd3a407d000-7fd3a407e000 ---p 0002b000 08:06 6819726                    /usr/lib/jvm/java-11-openjdk-amd64/lib/libsunec.so
7fd3a407e000-7fd3a4082000 r--p 0002b000 08:06 6819726                    /usr/lib/jvm/java-11-openjdk-amd64/lib/libsunec.so
7fd3a4082000-7fd3a4084000 rw-p 0002f000 08:06 6819726                    /usr/lib/jvm/java-11-openjdk-amd64/lib/libsunec.so
7fd3a4084000-7fd3a4085000 r--p 00000000 08:06 6819702                    /usr/lib/jvm/java-11-openjdk-amd64/lib/libextnet.so
7fd3a4085000-7fd3a4086000 r-xp 00001000 08:06 6819702                    /usr/lib/jvm/java-11-openjdk-amd64/lib/libextnet.so
7fd3a4086000-7fd3a4087000 r--p 00002000 08:06 6819702                    /usr/lib/jvm/java-11-openjdk-amd64/lib/libextnet.so
7fd3a4087000-7fd3a4088000 r--p 00002000 08:06 6819702                    /usr/lib/jvm/java-11-openjdk-amd64/lib/libextnet.so
7fd3a4088000-7fd3a4089000 rw-p 00003000 08:06 6819702                    /usr/lib/jvm/java-11-openjdk-amd64/lib/libextnet.so
7fd3a4089000-7fd3a408b000 r--p 00000000 08:06 6819718                    /usr/lib/jvm/java-11-openjdk-amd64/lib/libmanagement_ext.so
7fd3a408b000-7fd3a408e000 r-xp 00002000 08:06 6819718                    /usr/lib/jvm/java-11-openjdk-amd64/lib/libmanagement_ext.so
7fd3a408e000-7fd3a4090000 r--p 00005000 08:06 6819718                    /usr/lib/jvm/java-11-openjdk-amd64/lib/libmanagement_ext.so
7fd3a4090000-7fd3a4091000 r--p 00006000 08:06 6819718                    /usr/lib/jvm/java-11-openjdk-amd64/lib/libmanagement_ext.so
7fd3a4091000-7fd3a4092000 rw-p 00007000 08:06 6819718                    /usr/lib/jvm/java-11-openjdk-amd64/lib/libmanagement_ext.so
7fd3a4092000-7fd3a40b8000 r--p 00000000 08:06 7739987                    /usr/share/locale-langpack/pt_BR/LC_MESSAGES/libc.mo
7fd3a40b8000-7fd3a40bf000 r--s 00000000 08:06 7348067                    /usr/lib/x86_64-linux-gnu/gconv/gconv-modules.cache
7fd3a40bf000-7fd3a40c2000 r--p 00000000 08:06 6819716                    /usr/lib/jvm/java-11-openjdk-amd64/lib/libmanagement.so
7fd3a40c2000-7fd3a40c3000 r-xp 00003000 08:06 6819716                    /usr/lib/jvm/java-11-openjdk-amd64/lib/libmanagement.so
7fd3a40c3000-7fd3a40c4000 r--p 00004000 08:06 6819716                    /usr/lib/jvm/java-11-openjdk-amd64/lib/libmanagement.so
7fd3a40c4000-7fd3a40c5000 r--p 00004000 08:06 6819716                    /usr/lib/jvm/java-11-openjdk-amd64/lib/libmanagement.so
7fd3a40c5000-7fd3a40c6000 rw-p 00005000 08:06 6819716                    /usr/lib/jvm/java-11-openjdk-amd64/lib/libmanagement.so
7fd3a40c6000-7fd3a40ca000 r--p 00000000 08:06 6819720                    /usr/lib/jvm/java-11-openjdk-amd64/lib/libnet.so
7fd3a40ca000-7fd3a40d9000 r-xp 00004000 08:06 6819720                    /usr/lib/jvm/java-11-openjdk-amd64/lib/libnet.so
7fd3a40d9000-7fd3a40dd000 r--p 00013000 08:06 6819720                    /usr/lib/jvm/java-11-openjdk-amd64/lib/libnet.so
7fd3a40dd000-7fd3a40de000 r--p 00016000 08:06 6819720                    /usr/lib/jvm/java-11-openjdk-amd64/lib/libnet.so
7fd3a40de000-7fd3a40df000 rw-p 00017000 08:06 6819720                    /usr/lib/jvm/java-11-openjdk-amd64/lib/libnet.so
7fd3a40df000-7fd3a40e6000 r--p 00000000 08:06 6819721                    /usr/lib/jvm/java-11-openjdk-amd64/lib/libnio.so
7fd3a40e6000-7fd3a40ee000 r-xp 00007000 08:06 6819721                    /usr/lib/jvm/java-11-openjdk-amd64/lib/libnio.so
7fd3a40ee000-7fd3a40f1000 r--p 0000f000 08:06 6819721                    /usr/lib/jvm/java-11-openjdk-amd64/lib/libnio.so
7fd3a40f1000-7fd3a40f2000 r--p 00011000 08:06 6819721                    /usr/lib/jvm/java-11-openjdk-amd64/lib/libnio.so
7fd3a40f2000-7fd3a40f3000 rw-p 00012000 08:06 6819721                    /usr/lib/jvm/java-11-openjdk-amd64/lib/libnio.so
7fd3a40f3000-7fd3a40f5000 r--p 00000000 08:06 6819701                    /usr/lib/jvm/java-11-openjdk-amd64/lib/libdt_socket.so
7fd3a40f5000-7fd3a40f8000 r-xp 00002000 08:06 6819701                    /usr/lib/jvm/java-11-openjdk-amd64/lib/libdt_socket.so
7fd3a40f8000-7fd3a40f9000 r--p 00005000 08:06 6819701                    /usr/lib/jvm/java-11-openjdk-amd64/lib/libdt_socket.so
7fd3a40f9000-7fd3a40fa000 ---p 00006000 08:06 6819701                    /usr/lib/jvm/java-11-openjdk-amd64/lib/libdt_socket.so
7fd3a40fa000-7fd3a40fb000 r--p 00006000 08:06 6819701                    /usr/lib/jvm/java-11-openjdk-amd64/lib/libdt_socket.so
7fd3a40fb000-7fd3a40fc000 rw-p 00007000 08:06 6819701                    /usr/lib/jvm/java-11-openjdk-amd64/lib/libdt_socket.so
7fd3a40fc000-7fd3a4100000 ---p 00000000 00:00 0 
7fd3a4100000-7fd3a41fd000 rw-p 00000000 00:00 0 
7fd3a41fd000-7fd3a4201000 ---p 00000000 00:00 0 
7fd3a4201000-7fd3a42fe000 rw-p 00000000 00:00 0 
7fd3a42fe000-7fd3a4302000 ---p 00000000 00:00 0 
7fd3a4302000-7fd3a43ff000 rw-p 00000000 00:00 0 
7fd3a43ff000-7fd3a4403000 ---p 00000000 00:00 0 
7fd3a4403000-7fd3a4500000 rw-p 00000000 00:00 0 
7fd3a4500000-7fd3a4501000 ---p 00000000 00:00 0 
7fd3a4501000-7fd3a46de000 rw-p 00000000 00:00 0 
7fd3a46de000-7fd3a46df000 ---p 00000000 00:00 0 
7fd3a46df000-7fd3a47e0000 rw-p 00000000 00:00 0 
7fd3a47e0000-7fd3a47e1000 ---p 00000000 00:00 0 
7fd3a47e1000-7fd3a4ce6000 rw-p 00000000 00:00 0 
7fd3a4ce6000-7fd3a4ce7000 ---p 00000000 00:00 0 
7fd3a4ce7000-7fd3a4de8000 rw-p 00000000 00:00 0 
7fd3a4de8000-7fd3a4de9000 ---p 00000000 00:00 0 
7fd3a4de9000-7fd3a506a000 rw-p 00000000 00:00 0 
7fd3a506a000-7fd3a5d9a000 ---p 00000000 00:00 0 
7fd3a5d9a000-7fd3a5f02000 rw-p 00000000 00:00 0 
7fd3a5f02000-7fd3a6c32000 ---p 00000000 00:00 0 
7fd3a6c32000-7fd3a6c66000 rw-p 00000000 00:00 0 
7fd3a6c66000-7fd3a6e0c000 ---p 00000000 00:00 0 
7fd3a6e0c000-7fd3a6e39000 rw-p 00000000 00:00 0 
7fd3a6e39000-7fd3a6fdf000 ---p 00000000 00:00 0 
7fd3a6fdf000-7fd3a700c000 rw-p 00000000 00:00 0 
7fd3a700c000-7fd3a71b2000 ---p 00000000 00:00 0 
7fd3a71b2000-7fd3a75b7000 rw-p 00000000 00:00 0 
7fd3a75b7000-7fd3a75b8000 ---p 00000000 00:00 0 
7fd3a75b8000-7fd3a76bf000 rw-p 00000000 00:00 0 
7fd3a76bf000-7fd3a77a4000 ---p 00000000 00:00 0 
7fd3a77a4000-7fd3a77ba000 rw-p 00000000 00:00 0 
7fd3a77ba000-7fd3a788f000 ---p 00000000 00:00 0 
7fd3a788f000-7fd3a7894000 rw-p 00000000 00:00 0 
7fd3a7894000-7fd3a789b000 ---p 00000000 00:00 0 
7fd3a789b000-7fd3a789e000 r--p 00000000 08:06 6688645                    /usr/lib/x86_64-linux-gnu/libnss_files-2.31.so
7fd3a789e000-7fd3a78a5000 r-xp 00003000 08:06 6688645                    /usr/lib/x86_64-linux-gnu/libnss_files-2.31.so
7fd3a78a5000-7fd3a78a7000 r--p 0000a000 08:06 6688645                    /usr/lib/x86_64-linux-gnu/libnss_files-2.31.so
7fd3a78a7000-7fd3a78a8000 r--p 0000b000 08:06 6688645                    /usr/lib/x86_64-linux-gnu/libnss_files-2.31.so
7fd3a78a8000-7fd3a78a9000 rw-p 0000c000 08:06 6688645                    /usr/lib/x86_64-linux-gnu/libnss_files-2.31.so
7fd3a78a9000-7fd3a78af000 rw-p 00000000 00:00 0 
7fd3a78b1000-7fd3a78b3000 r--p 00000000 08:06 6819729                    /usr/lib/jvm/java-11-openjdk-amd64/lib/libzip.so
7fd3a78b3000-7fd3a78b7000 r-xp 00002000 08:06 6819729                    /usr/lib/jvm/java-11-openjdk-amd64/lib/libzip.so
7fd3a78b7000-7fd3a78b9000 r--p 00006000 08:06 6819729                    /usr/lib/jvm/java-11-openjdk-amd64/lib/libzip.so
7fd3a78b9000-7fd3a78ba000 r--p 00007000 08:06 6819729                    /usr/lib/jvm/java-11-openjdk-amd64/lib/libzip.so
7fd3a78ba000-7fd3a78bb000 rw-p 00008000 08:06 6819729                    /usr/lib/jvm/java-11-openjdk-amd64/lib/libzip.so
7fd3a78bb000-7fd3a78c3000 rw-s 00000000 08:06 5900073                    /tmp/hsperfdata_gabriel/5650
7fd3a78c3000-7fd3a78c5000 r--p 00000000 08:06 6819704                    /usr/lib/jvm/java-11-openjdk-amd64/lib/libinstrument.so
7fd3a78c5000-7fd3a78cb000 r-xp 00002000 08:06 6819704                    /usr/lib/jvm/java-11-openjdk-amd64/lib/libinstrument.so
7fd3a78cb000-7fd3a78ce000 r--p 00008000 08:06 6819704                    /usr/lib/jvm/java-11-openjdk-amd64/lib/libinstrument.so
7fd3a78ce000-7fd3a78cf000 r--p 0000a000 08:06 6819704                    /usr/lib/jvm/java-11-openjdk-amd64/lib/libinstrument.so
7fd3a78cf000-7fd3a78d0000 rw-p 0000b000 08:06 6819704                    /usr/lib/jvm/java-11-openjdk-amd64/lib/libinstrument.so
7fd3a78d0000-7fd3a78d2000 r--p 00000000 08:06 6819711                    /usr/lib/jvm/java-11-openjdk-amd64/lib/libjdwp.so
7fd3a78d2000-7fd3a78fe000 r-xp 00002000 08:06 6819711                    /usr/lib/jvm/java-11-openjdk-amd64/lib/libjdwp.so
7fd3a78fe000-7fd3a790c000 r--p 0002e000 08:06 6819711                    /usr/lib/jvm/java-11-openjdk-amd64/lib/libjdwp.so
7fd3a790c000-7fd3a790d000 r--p 0003b000 08:06 6819711                    /usr/lib/jvm/java-11-openjdk-amd64/lib/libjdwp.so
7fd3a790d000-7fd3a790e000 rw-p 0003c000 08:06 6819711                    /usr/lib/jvm/java-11-openjdk-amd64/lib/libjdwp.so
7fd3a790e000-7fd3a7910000 r--p 00000000 08:06 6819712                    /usr/lib/jvm/java-11-openjdk-amd64/lib/libjimage.so
7fd3a7910000-7fd3a7913000 r-xp 00002000 08:06 6819712                    /usr/lib/jvm/java-11-openjdk-amd64/lib/libjimage.so
7fd3a7913000-7fd3a7914000 r--p 00005000 08:06 6819712                    /usr/lib/jvm/java-11-openjdk-amd64/lib/libjimage.so
7fd3a7914000-7fd3a7915000 ---p 00006000 08:06 6819712                    /usr/lib/jvm/java-11-openjdk-amd64/lib/libjimage.so
7fd3a7915000-7fd3a7916000 r--p 00006000 08:06 6819712                    /usr/lib/jvm/java-11-openjdk-amd64/lib/libjimage.so
7fd3a7916000-7fd3a7917000 rw-p 00007000 08:06 6819712                    /usr/lib/jvm/java-11-openjdk-amd64/lib/libjimage.so
7fd3a7917000-7fd3a7925000 r--p 00000000 08:06 6819709                    /usr/lib/jvm/java-11-openjdk-amd64/lib/libjava.so
7fd3a7925000-7fd3a793b000 r-xp 0000e000 08:06 6819709                    /usr/lib/jvm/java-11-openjdk-amd64/lib/libjava.so
7fd3a793b000-7fd3a7942000 r--p 00024000 08:06 6819709                    /usr/lib/jvm/java-11-openjdk-amd64/lib/libjava.so
7fd3a7942000-7fd3a7943000 r--p 0002a000 08:06 6819709                    /usr/lib/jvm/java-11-openjdk-amd64/lib/libjava.so
7fd3a7943000-7fd3a7944000 rw-p 0002b000 08:06 6819709                    /usr/lib/jvm/java-11-openjdk-amd64/lib/libjava.so
7fd3a7944000-7fd3a7945000 rw-p 00000000 00:00 0 
7fd3a7945000-7fd3a7948000 r--p 00000000 08:06 6688652                    /usr/lib/x86_64-linux-gnu/librt-2.31.so
7fd3a7948000-7fd3a794c000 r-xp 00003000 08:06 6688652                    /usr/lib/x86_64-linux-gnu/librt-2.31.so
7fd3a794c000-7fd3a794d000 r--p 00007000 08:06 6688652                    /usr/lib/x86_64-linux-gnu/librt-2.31.so
7fd3a794d000-7fd3a794e000 ---p 00008000 08:06 6688652                    /usr/lib/x86_64-linux-gnu/librt-2.31.so
7fd3a794e000-7fd3a794f000 r--p 00008000 08:06 6688652                    /usr/lib/x86_64-linux-gnu/librt-2.31.so
7fd3a794f000-7fd3a7950000 rw-p 00009000 08:06 6688652                    /usr/lib/x86_64-linux-gnu/librt-2.31.so
7fd3a7950000-7fd3a7954000 ---p 00000000 00:00 0 
7fd3a7954000-7fd3a7a51000 rw-p 00000000 00:00 0 
7fd3a7a51000-7fd3a7a54000 r--p 00000000 08:06 6692391                    /usr/lib/x86_64-linux-gnu/libgcc_s.so.1
7fd3a7a54000-7fd3a7a66000 r-xp 00003000 08:06 6692391                    /usr/lib/x86_64-linux-gnu/libgcc_s.so.1
7fd3a7a66000-7fd3a7a6a000 r--p 00015000 08:06 6692391                    /usr/lib/x86_64-linux-gnu/libgcc_s.so.1
7fd3a7a6a000-7fd3a7a6b000 r--p 00018000 08:06 6692391                    /usr/lib/x86_64-linux-gnu/libgcc_s.so.1
7fd3a7a6b000-7fd3a7a6c000 rw-p 00019000 08:06 6692391                    /usr/lib/x86_64-linux-gnu/libgcc_s.so.1
7fd3a7a6c000-7fd3a7a7b000 r--p 00000000 08:06 6688639                    /usr/lib/x86_64-linux-gnu/libm-2.31.so
7fd3a7a7b000-7fd3a7b22000 r-xp 0000f000 08:06 6688639                    /usr/lib/x86_64-linux-gnu/libm-2.31.so
7fd3a7b22000-7fd3a7bb9000 r--p 000b6000 08:06 6688639                    /usr/lib/x86_64-linux-gnu/libm-2.31.so
7fd3a7bb9000-7fd3a7bba000 r--p 0014c000 08:06 6688639                    /usr/lib/x86_64-linux-gnu/libm-2.31.so
7fd3a7bba000-7fd3a7bbb000 rw-p 0014d000 08:06 6688639                    /usr/lib/x86_64-linux-gnu/libm-2.31.so
7fd3a7bbb000-7fd3a7c51000 r--p 00000000 08:06 6693207                    /usr/lib/x86_64-linux-gnu/libstdc++.so.6.0.28
7fd3a7c51000-7fd3a7d41000 r-xp 00096000 08:06 6693207                    /usr/lib/x86_64-linux-gnu/libstdc++.so.6.0.28
7fd3a7d41000-7fd3a7d8a000 r--p 00186000 08:06 6693207                    /usr/lib/x86_64-linux-gnu/libstdc++.so.6.0.28
7fd3a7d8a000-7fd3a7d8b000 ---p 001cf000 08:06 6693207                    /usr/lib/x86_64-linux-gnu/libstdc++.so.6.0.28
7fd3a7d8b000-7fd3a7d96000 r--p 001cf000 08:06 6693207                    /usr/lib/x86_64-linux-gnu/libstdc++.so.6.0.28
7fd3a7d96000-7fd3a7d99000 rw-p 001da000 08:06 6693207                    /usr/lib/x86_64-linux-gnu/libstdc++.so.6.0.28
7fd3a7d99000-7fd3a7d9c000 rw-p 00000000 00:00 0 
7fd3a7d9c000-7fd3a801d000 r--p 00000000 08:06 6819733                    /usr/lib/jvm/java-11-openjdk-amd64/lib/server/libjvm.so
7fd3a801d000-7fd3a8c9d000 r-xp 00281000 08:06 6819733                    /usr/lib/jvm/java-11-openjdk-amd64/lib/server/libjvm.so
7fd3a8c9d000-7fd3a8ef8000 r--p 00f01000 08:06 6819733                    /usr/lib/jvm/java-11-openjdk-amd64/lib/server/libjvm.so
7fd3a8ef8000-7fd3a8fbc000 r--p 0115b000 08:06 6819733                    /usr/lib/jvm/java-11-openjdk-amd64/lib/server/libjvm.so
7fd3a8fbc000-7fd3a8ff7000 rw-p 0121f000 08:06 6819733                    /usr/lib/jvm/java-11-openjdk-amd64/lib/server/libjvm.so
7fd3a8ff7000-7fd3a9050000 rw-p 00000000 00:00 0 
7fd3a9050000-7fd3a9057000 r--p 00000000 08:06 6688650                    /usr/lib/x86_64-linux-gnu/libpthread-2.31.so
7fd3a9057000-7fd3a9068000 r-xp 00007000 08:06 6688650                    /usr/lib/x86_64-linux-gnu/libpthread-2.31.so
7fd3a9068000-7fd3a906d000 r--p 00018000 08:06 6688650                    /usr/lib/x86_64-linux-gnu/libpthread-2.31.so
7fd3a906d000-7fd3a906e000 r--p 0001c000 08:06 6688650                    /usr/lib/x86_64-linux-gnu/libpthread-2.31.so
7fd3a906e000-7fd3a906f000 rw-p 0001d000 08:06 6688650                    /usr/lib/x86_64-linux-gnu/libpthread-2.31.so
7fd3a906f000-7fd3a9073000 rw-p 00000000 00:00 0 
7fd3a9073000-7fd3a9074000 r--p 00000000 08:06 6688638                    /usr/lib/x86_64-linux-gnu/libdl-2.31.so
7fd3a9074000-7fd3a9076000 r-xp 00001000 08:06 6688638                    /usr/lib/x86_64-linux-gnu/libdl-2.31.so
7fd3a9076000-7fd3a9077000 r--p 00003000 08:06 6688638                    /usr/lib/x86_64-linux-gnu/libdl-2.31.so
7fd3a9077000-7fd3a9078000 r--p 00003000 08:06 6688638                    /usr/lib/x86_64-linux-gnu/libdl-2.31.so
7fd3a9078000-7fd3a9079000 rw-p 00004000 08:06 6688638                    /usr/lib/x86_64-linux-gnu/libdl-2.31.so
7fd3a9079000-7fd3a907b000 r--p 00000000 08:06 6693484                    /usr/lib/x86_64-linux-gnu/libz.so.1.2.11
7fd3a907b000-7fd3a908c000 r-xp 00002000 08:06 6693484                    /usr/lib/x86_64-linux-gnu/libz.so.1.2.11
7fd3a908c000-7fd3a9092000 r--p 00013000 08:06 6693484                    /usr/lib/x86_64-linux-gnu/libz.so.1.2.11
7fd3a9092000-7fd3a9093000 ---p 00019000 08:06 6693484                    /usr/lib/x86_64-linux-gnu/libz.so.1.2.11
7fd3a9093000-7fd3a9094000 r--p 00019000 08:06 6693484                    /usr/lib/x86_64-linux-gnu/libz.so.1.2.11
7fd3a9094000-7fd3a9095000 rw-p 0001a000 08:06 6693484                    /usr/lib/x86_64-linux-gnu/libz.so.1.2.11
7fd3a9095000-7fd3a90ba000 r--p 00000000 08:06 6688637                    /usr/lib/x86_64-linux-gnu/libc-2.31.so
7fd3a90ba000-7fd3a9232000 r-xp 00025000 08:06 6688637                    /usr/lib/x86_64-linux-gnu/libc-2.31.so
7fd3a9232000-7fd3a927c000 r--p 0019d000 08:06 6688637                    /usr/lib/x86_64-linux-gnu/libc-2.31.so
7fd3a927c000-7fd3a927d000 ---p 001e7000 08:06 6688637                    /usr/lib/x86_64-linux-gnu/libc-2.31.so
7fd3a927d000-7fd3a9280000 r--p 001e7000 08:06 6688637                    /usr/lib/x86_64-linux-gnu/libc-2.31.so
7fd3a9280000-7fd3a9283000 rw-p 001ea000 08:06 6688637                    /usr/lib/x86_64-linux-gnu/libc-2.31.so
7fd3a9283000-7fd3a9287000 rw-p 00000000 00:00 0 
7fd3a9287000-7fd3a9288000 ---p 00000000 00:00 0 
7fd3a9288000-7fd3a9289000 r--p 00000000 00:00 0 
7fd3a9289000-7fd3a928e000 r--p 00000000 08:06 6819728                    /usr/lib/jvm/java-11-openjdk-amd64/lib/libverify.so
7fd3a928e000-7fd3a9295000 r-xp 00005000 08:06 6819728                    /usr/lib/jvm/java-11-openjdk-amd64/lib/libverify.so
7fd3a9295000-7fd3a9297000 r--p 0000c000 08:06 6819728                    /usr/lib/jvm/java-11-openjdk-amd64/lib/libverify.so
7fd3a9297000-7fd3a9298000 ---p 0000e000 08:06 6819728                    /usr/lib/jvm/java-11-openjdk-amd64/lib/libverify.so
7fd3a9298000-7fd3a929a000 r--p 0000e000 08:06 6819728                    /usr/lib/jvm/java-11-openjdk-amd64/lib/libverify.so
7fd3a929a000-7fd3a929b000 rw-p 00010000 08:06 6819728                    /usr/lib/jvm/java-11-openjdk-amd64/lib/libverify.so
7fd3a929b000-7fd3a929e000 r--p 00000000 08:06 6819694                    /usr/lib/jvm/java-11-openjdk-amd64/lib/jli/libjli.so
7fd3a929e000-7fd3a92a8000 r-xp 00003000 08:06 6819694                    /usr/lib/jvm/java-11-openjdk-amd64/lib/jli/libjli.so
7fd3a92a8000-7fd3a92ab000 r--p 0000d000 08:06 6819694                    /usr/lib/jvm/java-11-openjdk-amd64/lib/jli/libjli.so
7fd3a92ab000-7fd3a92ac000 ---p 00010000 08:06 6819694                    /usr/lib/jvm/java-11-openjdk-amd64/lib/jli/libjli.so
7fd3a92ac000-7fd3a92ad000 r--p 00010000 08:06 6819694                    /usr/lib/jvm/java-11-openjdk-amd64/lib/jli/libjli.so
7fd3a92ad000-7fd3a92ae000 rw-p 00011000 08:06 6819694                    /usr/lib/jvm/java-11-openjdk-amd64/lib/jli/libjli.so
7fd3a92ae000-7fd3a92b0000 rw-p 00000000 00:00 0 
7fd3a92b0000-7fd3a92b1000 r--p 00000000 08:06 6688576                    /usr/lib/x86_64-linux-gnu/ld-2.31.so
7fd3a92b1000-7fd3a92d4000 r-xp 00001000 08:06 6688576                    /usr/lib/x86_64-linux-gnu/ld-2.31.so
7fd3a92d4000-7fd3a92dc000 r--p 00024000 08:06 6688576                    /usr/lib/x86_64-linux-gnu/ld-2.31.so
7fd3a92dd000-7fd3a92de000 r--p 0002c000 08:06 6688576                    /usr/lib/x86_64-linux-gnu/ld-2.31.so
7fd3a92de000-7fd3a92df000 rw-p 0002d000 08:06 6688576                    /usr/lib/x86_64-linux-gnu/ld-2.31.so
7fd3a92df000-7fd3a92e0000 rw-p 00000000 00:00 0 
7ffe05911000-7ffe05934000 rw-p 00000000 00:00 0                          [stack]
7ffe0596a000-7ffe0596d000 r--p 00000000 00:00 0                          [vvar]
7ffe0596d000-7ffe0596e000 r-xp 00000000 00:00 0                          [vdso]
ffffffffff600000-ffffffffff601000 --xp 00000000 00:00 0                  [vsyscall]


VM Arguments:
jvm_args: -agentlib:jdwp=transport=dt_socket,suspend=y,address=localhost:39025 -javaagent:/home/gabriel/eclipse/java-2021-12/eclipse/configuration/org.eclipse.osgi/219/0/.cp/lib/javaagent-shaded.jar -Dfile.encoding=UTF-8 
java_command: com.br.example.prj.biblioteca.ProjetoBibliotecaApplication
java_class_path (initial): /home/gabriel/Downloads/prj-integrador/target/classes:/home/gabriel/.m2/repository/org/springframework/boot/spring-boot-starter-data-jpa/2.5.4/spring-boot-starter-data-jpa-2.5.4.jar:/home/gabriel/.m2/repository/org/springframework/boot/spring-boot-starter-aop/2.5.4/spring-boot-starter-aop-2.5.4.jar:/home/gabriel/.m2/repository/org/aspectj/aspectjweaver/1.9.7/aspectjweaver-1.9.7.jar:/home/gabriel/.m2/repository/org/springframework/boot/spring-boot-starter-jdbc/2.5.4/spring-boot-starter-jdbc-2.5.4.jar:/home/gabriel/.m2/repository/com/zaxxer/HikariCP/4.0.3/HikariCP-4.0.3.jar:/home/gabriel/.m2/repository/org/springframework/spring-jdbc/5.3.9/spring-jdbc-5.3.9.jar:/home/gabriel/.m2/repository/jakarta/transaction/jakarta.transaction-api/1.3.3/jakarta.transaction-api-1.3.3.jar:/home/gabriel/.m2/repository/jakarta/persistence/jakarta.persistence-api/2.2.3/jakarta.persistence-api-2.2.3.jar:/home/gabriel/.m2/repository/org/hibernate/hibernate-core/5.4.32.Final/hibernate-core-5.4.32.Final.jar:/home/gabriel/.m2/repository/org/jboss/logging/jboss-logging/3.4.2.Final/jboss-logging-3.4.2.Final.jar:/home/gabriel/.m2/repository/org/javassist/javassist/3.27.0-GA/javassist-3.27.0-GA.jar:/home/gabriel/.m2/repository/net/bytebuddy/byte-buddy/1.10.22/byte-buddy-1.10.22.jar:/home/gabriel/.m2/repository/antlr/antlr/2.7.7/antlr-2.7.7.jar:/home/gabriel/.m2/repository/org/jboss/jandex/2.2.3.Final/jandex-2.2.3.Final.jar:/home/gabriel/.m2/repository/com/fasterxml/classmate/1.5.1/classmate-1.5.1.jar:/home/gabriel/.m2/repository/org/dom4j/dom4j/2.1.3/dom4j-2.1.3.jar:/home/gabriel/.m2/repository/org/hibernate/common/hibernate-commons-annotations/5.1.2.Final/hibernate-commons-annotations-5.1.2.Final.jar:/home/gabriel/.m2/repository/org/glassfish/jaxb/jaxb-runtime/2.3.5/jaxb-runtime-2.3.5.jar:/home/gabriel/.m2/repository/org/glassfish/jaxb/txw2/2.3.5/txw2-2.3.5.jar:/home/gabriel/.m2/repository/com/sun/istack/istack-commons-runtime/3.0.12/istack-commons-runtime-3.0.12.jar
Launcher Type: SUN_STANDARD

[Global flags]
     intx CICompilerCount                          = 3                                         {product} {ergonomic}
     uint ConcGCThreads                            = 1                                         {product} {ergonomic}
     uint G1ConcRefinementThreads                  = 4                                         {product} {ergonomic}
   size_t G1HeapRegionSize                         = 1048576                                   {product} {ergonomic}
    uintx GCDrainStackTargetSize                   = 64                                        {product} {ergonomic}
   size_t InitialHeapSize                          = 62914560                                  {product} {ergonomic}
   size_t MarkStackSize                            = 4194304                                   {product} {ergonomic}
   size_t MaxHeapSize                              = 979369984                                 {product} {ergonomic}
   size_t MaxNewSize                               = 587202560                                 {product} {ergonomic}
   size_t MinHeapDeltaBytes                        = 1048576                                   {product} {ergonomic}
    uintx NonNMethodCodeHeapSize                   = 5830732                                {pd product} {ergonomic}
    uintx NonProfiledCodeHeapSize                  = 122913754                              {pd product} {ergonomic}
    uintx ProfiledCodeHeapSize                     = 122913754                              {pd product} {ergonomic}
    uintx ReservedCodeCacheSize                    = 251658240                              {pd product} {ergonomic}
     bool SegmentedCodeCache                       = true                                      {product} {ergonomic}
     bool UseCompressedClassPointers               = true                                 {lp64_product} {ergonomic}
     bool UseCompressedOops                        = true                                 {lp64_product} {ergonomic}
     bool UseG1GC                                  = true                                      {product} {ergonomic}

Logging:
Log output configuration:
 #0: stdout all=warning uptime,level,tags
 #1: stderr all=off uptime,level,tags

Environment Variables:
PATH=/usr/local/sbin:/usr/local/bin:/usr/sbin:/usr/bin:/sbin:/bin:/usr/games:/usr/local/games:/snap/bin
SHELL=/bin/bash
DISPLAY=:0
LANG=pt_BR.UTF-8

Signal Handlers:
SIGSEGV: [libjvm.so+0xe8e8d0], sa_mask[0]=11111111011111111101111111111110, sa_flags=SA_RESTART|SA_SIGINFO
SIGBUS: [libjvm.so+0xe8e8d0], sa_mask[0]=11111111011111111101111111111110, sa_flags=SA_RESTART|SA_SIGINFO
SIGFPE: [libjvm.so+0xe8e8d0], sa_mask[0]=11111111011111111101111111111110, sa_flags=SA_RESTART|SA_SIGINFO
SIGPIPE: [libjvm.so+0xbd6910], sa_mask[0]=11111111011111111101111111111110, sa_flags=SA_RESTART|SA_SIGINFO
SIGXFSZ: [libjvm.so+0xbd6910], sa_mask[0]=11111111011111111101111111111110, sa_flags=SA_RESTART|SA_SIGINFO
SIGILL: [libjvm.so+0xe8e8d0], sa_mask[0]=11111111011111111101111111111110, sa_flags=SA_RESTART|SA_SIGINFO
SIGUSR2: [libjvm.so+0xbd67b0], sa_mask[0]=00100000000000000000000000000000, sa_flags=SA_RESTART|SA_SIGINFO
SIGHUP: [libjvm.so+0xbd6c50], sa_mask[0]=11111111011111111101111111111110, sa_flags=SA_RESTART|SA_SIGINFO
SIGINT: [libjvm.so+0xbd6c50], sa_mask[0]=11111111011111111101111111111110, sa_flags=SA_RESTART|SA_SIGINFO
SIGTERM: [libjvm.so+0xbd6c50], sa_mask[0]=11111111011111111101111111111110, sa_flags=SA_RESTART|SA_SIGINFO
SIGQUIT: [libjvm.so+0xbd6c50], sa_mask[0]=11111111011111111101111111111110, sa_flags=SA_RESTART|SA_SIGINFO


---------------  S Y S T E M  ---------------

OS:DISTRIB_ID=LinuxMint
DISTRIB_RELEASE=20.1
DISTRIB_CODENAME=ulyssa
DISTRIB_DESCRIPTION="Linux Mint 20.1 Ulyssa"
uname:Linux 5.4.0-58-generic #64-Ubuntu SMP Wed Dec 9 08:16:25 UTC 2020 x86_64
OS uptime: 0 days 0:58 hours
libc:glibc 2.31 NPTL 2.31 
rlimit (soft/hard): STACK 8192k/infinity , CORE 0k/infinity , NPROC 14583/14583 , NOFILE 1048576/1048576 , AS infinity/infinity , CPU infinity/infinity , DATA infinity/infinity , FSIZE infinity/infinity , MEMLOCK 65536k/65536k
load average:1,64 1,65 1,53

/proc/meminfo:
MemTotal:        3825272 kB
MemFree:          214656 kB
MemAvailable:     361584 kB
Buffers:           23740 kB
Cached:           652184 kB
SwapCached:        25836 kB
Active:          2274984 kB
Inactive:         975128 kB
Active(anon):    2109904 kB
Inactive(anon):   822660 kB
Active(file):     165080 kB
Inactive(file):   152468 kB
Unevictable:       73100 kB
Mlocked:             112 kB
SwapTotal:       8388604 kB
SwapFree:        7583116 kB
Dirty:               268 kB
Writeback:             0 kB
AnonPages:       2626756 kB
Mapped:           339188 kB
Shmem:            361328 kB
KReclaimable:      61932 kB
Slab:             185480 kB
SReclaimable:      61932 kB
SUnreclaim:       123548 kB
KernelStack:       16704 kB
PageTables:        42980 kB
NFS_Unstable:          0 kB
Bounce:                0 kB
WritebackTmp:          0 kB
CommitLimit:    10301240 kB
Committed_AS:   12366188 kB
VmallocTotal:   34359738367 kB
VmallocUsed:       33984 kB
VmallocChunk:          0 kB
Percpu:             5728 kB
HardwareCorrupted:     0 kB
AnonHugePages:         0 kB
ShmemHugePages:        0 kB
ShmemPmdMapped:        0 kB
FileHugePages:         0 kB
FilePmdMapped:         0 kB
CmaTotal:              0 kB
CmaFree:               0 kB
HugePages_Total:       0
HugePages_Free:        0
HugePages_Rsvd:        0
HugePages_Surp:        0
Hugepagesize:       2048 kB
Hugetlb:               0 kB
DirectMap4k:      250608 kB
DirectMap2M:     3737600 kB

/sys/kernel/mm/transparent_hugepage/enabled:
always [madvise] never
/sys/kernel/mm/transparent_hugepage/defrag (defrag/compaction efforts parameter):
always defer defer+madvise [madvise] never

Process Memory:
Virtual Size: 4228120K (peak: 12348036K)
Resident Set Size: 285672K (peak: 295396K) (anon: 256856K, file: 28816K, shmem: 0K)
Swapped out: 0K
C-Heap outstanding allocations: 30675K

/proc/sys/kernel/threads-max (system-wide limit on the number of threads):
29167
/proc/sys/vm/max_map_count (maximum number of memory map areas a process may have):
65530
/proc/sys/kernel/pid_max (system-wide limit on number of process identifiers):
4194304

container (cgroup) information:
container_type: cgroupv1
cpu_cpuset_cpus: 0-3
cpu_memory_nodes: 0
active_processor_count: 4
cpu_quota: -1
cpu_period: 100000
cpu_shares: -1
memory_limit_in_bytes: -1
memory_and_swap_limit_in_bytes: -2
memory_soft_limit_in_bytes: -1
memory_usage_in_bytes: 2645512192
memory_max_usage_in_bytes: 2725019648

Steal ticks since vm start: 0
Steal ticks percentage since vm start:  0,000

CPU:total 4 (initial active 4) (2 cores per cpu, 2 threads per core) family 6 model 37 stepping 5 microcode 0x7, cmov, cx8, fxsr, mmx, sse, sse2, sse3, ssse3, sse4.1, sse4.2, popcnt, ht, tsc, tscinvbit
CPU Model and flags from /proc/cpuinfo:
model name	: Intel(R) Core(TM) i5 CPU       M 460  @ 2.53GHz
flags		: fpu vme de pse tsc msr pae mce cx8 apic sep mtrr pge mca cmov pat pse36 clflush dts acpi mmx fxsr sse sse2 ht tm pbe syscall nx rdtscp lm constant_tsc arch_perfmon pebs bts rep_good nopl xtopology nonstop_tsc cpuid aperfmperf pni dtes64 monitor ds_cpl vmx est tm2 ssse3 cx16 xtpr pdcm pcid sse4_1 sse4_2 popcnt lahf_lm pti ssbd ibrs ibpb stibp tpr_shadow vnmi flexpriority ept vpid dtherm ida arat flush_l1d
Online cpus:
0-3
Offline cpus:
4-7
BIOS frequency limitation:
2534000
Frequency switch latency (ns):
10000
Available cpu frequencies:
2534000 2533000 2399000 2266000 2133000 1999000 1866000 1733000 1599000 1466000 1333000 1199000 
Current governor:
ondemand
Core performance/turbo boost:
1

Memory: 4k page, physical 3825272k(214656k free), swap 8388604k(7583116k free)

vm_info: OpenJDK 64-Bit Server VM (11.0.13+8-Ubuntu-0ubuntu1.20.04) for linux-amd64 JRE (11.0.13+8-Ubuntu-0ubuntu1.20.04), built on Oct 29 2021 09:11:30 by "unknown" with gcc 9.3.0

END.
