#
# A fatal error has been detected by the Java Runtime Environment:
#
#  SIGSEGV (0xb) at pc=0x00007fde0afa20ad, pid=47768, tid=47790
#
# JRE version: OpenJDK Runtime Environment (11.0.13+8) (build 11.0.13+8-Ubuntu-0ubuntu1.20.04)
# Java VM: OpenJDK 64-Bit Server VM (11.0.13+8-Ubuntu-0ubuntu1.20.04, mixed mode, sharing, tiered, compressed oops, g1 gc, linux-amd64)
# Problematic frame:
# C  [libjimage.so+0x30ad]
#
# Core dump will be written. Default location: Core dumps may be processed with "/lib/systemd/systemd-coredump %P %u %g %s %t 9223372036854775808 %h" (or dumping to /home/gabriel/Downloads/prj-integrador/core.47768)
#
# If you would like to submit a bug report, please visit:
#   https://bugs.launchpad.net/ubuntu/+source/openjdk-lts
#

---------------  S U M M A R Y ------------

Command Line: -agentlib:jdwp=transport=dt_socket,suspend=y,address=localhost:41687 -javaagent:/home/gabriel/eclipse/java-2021-12/eclipse/configuration/org.eclipse.osgi/219/0/.cp/lib/javaagent-shaded.jar -Dfile.encoding=UTF-8 com.br.example.prj.biblioteca.ProjetoBibliotecaApplication

Host: Intel(R) Core(TM) i5 CPU       M 460  @ 2.53GHz, 4 cores, 3G, Linux Mint 20.1 Ulyssa
Time: Thu Mar 10 12:55:57 2022 -03 elapsed time: 1208.445863 seconds (0d 0h 20m 8s)

---------------  T H R E A D  ---------------

Current thread (0x00007fde0412e000):  JavaThread "Signal Dispatcher" daemon [_thread_in_vm, id=47790, stack(0x00007fddec0c8000,0x00007fddec1c9000)]

Stack: [0x00007fddec0c8000,0x00007fddec1c9000],  sp=0x00007fddec1c6200,  free space=1016k
Native frames: (J=compiled Java code, A=aot compiled Java code, j=interpreted, Vv=VM code, C=native code)
C  [libjimage.so+0x30ad]
C  [libjimage.so+0x3ca2]
C  [libjimage.so+0x4191]  JIMAGE_FindResource+0xf1
V  [libjvm.so+0x5b8c41]
V  [libjvm.so+0x5bb261]
V  [libjvm.so+0xdee4ed]
V  [libjvm.so+0xded08a]
V  [libjvm.so+0xdef63b]
V  [libjvm.so+0x66b15e]
V  [libjvm.so+0x85b166]
j  jdk.internal.misc.Signal.dispatch(I)V+25 java.base@11.0.13
v  ~StubRoutines::call_stub
V  [libjvm.so+0x863bf4]
V  [libjvm.so+0x862c32]
V  [libjvm.so+0xbce34e]
V  [libjvm.so+0xe24e0f]
V  [libjvm.so+0xe21850]
V  [libjvm.so+0xbe0406]

Java frames: (J=compiled Java code, j=interpreted, Vv=VM code)
j  jdk.internal.misc.Signal.dispatch(I)V+25 java.base@11.0.13
v  ~StubRoutines::call_stub

siginfo: si_signo: 11 (SIGSEGV), si_code: 1 (SEGV_MAPERR), si_addr: 0x00007fddfb86eb9c

Register to memory mapping:

RAX=0x0000000000006ee0 is an unknown value
RBX=0x00007fddec1c62b1 is pointing into the stack for thread: 0x00007fde0412e000
RCX=0x00007fddec1c62d3 is pointing into the stack for thread: 0x00007fde0412e000
RDX=0x0000000000006ee0 is an unknown value
RSP=0x00007fddec1c6200 is pointing into the stack for thread: 0x00007fde0412e000
RBP=0x00007fddec1c6220 is pointing into the stack for thread: 0x00007fde0412e000
RSI=0x0 is NULL
RDI=0x00007fde0afa7030: <offset 0x0000000000008030> in /usr/lib/jvm/java-11-openjdk-amd64/lib/libjimage.so at 0x00007fde0af9f000
R8 =0x00007fddfb85301c is an unknown value
R9 =0x00007fddec1c70c0 is pointing into the stack for thread: 0x00007fde0412e000
R10=0x0000000000000021 is an unknown value
R11=0x00007fde0c8d8210: <offset 0x00000000001b2210> in /lib/x86_64-linux-gnu/libc.so.6 at 0x00007fde0c726000
R12=0x0000000000008457 is an unknown value
R13=0x00007fddec1c62b0 is pointing into the stack for thread: 0x00007fde0412e000
R14=0x0 is NULL
R15=0x00007fde0412ec50 points into unknown readable memory: 0x65746e692f6b646a | 6a 64 6b 2f 69 6e 74 65


Registers:
RAX=0x0000000000006ee0, RBX=0x00007fddec1c62b1, RCX=0x00007fddec1c62d3, RDX=0x0000000000006ee0
RSP=0x00007fddec1c6200, RBP=0x00007fddec1c6220, RSI=0x0000000000000000, RDI=0x00007fde0afa7030
R8 =0x00007fddfb85301c, R9 =0x00007fddec1c70c0, R10=0x0000000000000021, R11=0x00007fde0c8d8210
R12=0x0000000000008457, R13=0x00007fddec1c62b0, R14=0x0000000000000000, R15=0x00007fde0412ec50
RIP=0x00007fde0afa20ad, EFLAGS=0x0000000000010246, CSGSFS=0x002b000000000033, ERR=0x0000000000000004
  TRAPNO=0x000000000000000e

Top of Stack: (sp=0x00007fddec1c6200)
0x00007fddec1c6200:   0000000000000000 00007fddec1c7348
0x00007fddec1c6210:   00007fde04009be0 00007fddec1c62b0
0x00007fddec1c6220:   00007fddec1c6290 00007fde0afa2ca2
0x00007fddec1c6230:   0000000000000000 0000000000000000 

Instructions: (pc=0x00007fde0afa20ad)
0x00007fde0afa1fad:   f3 ff ff 44 03 65 90 e9 3f fe ff ff 0f 1f 80 00
0x00007fde0afa1fbd:   00 00 00 41 8b 10 41 89 55 00 41 8b 54 00 fc 41
0x00007fde0afa1fcd:   89 54 05 fc e9 82 fc ff ff 66 2e 0f 1f 84 00 00
0x00007fde0afa1fdd:   00 00 00 b9 0a 00 00 00 e9 f0 fc ff ff 41 0f b7
0x00007fde0afa1fed:   54 00 fe 66 41 89 54 05 fe e9 5d fc ff ff 0f 1f
0x00007fde0afa1ffd:   44 00 00 f3 0f 1e fa 0f b6 17 89 f0 89 f1 4c 8d
0x00007fde0afa200d:   47 01 84 d2 74 1c 0f 1f 44 00 00 69 c9 93 01 00
0x00007fde0afa201d:   01 49 83 c0 01 31 d1 41 0f b6 50 ff 84 d2 75 eb
0x00007fde0afa202d:   89 c8 25 ff ff ff 7f c3 90 66 2e 0f 1f 84 00 00
0x00007fde0afa203d:   00 00 00 f3 0f 1e fa 48 85 d2 0f 84 da 00 00 00
0x00007fde0afa204d:   55 48 89 e5 41 55 41 54 41 89 cc 53 48 83 ec 08
0x00007fde0afa205d:   85 c9 0f 84 ba 00 00 00 49 89 f5 48 8d 5e 01 0f
0x00007fde0afa206d:   b6 36 49 89 d0 40 84 f6 0f 84 9d 00 00 00 48 89
0x00007fde0afa207d:   d9 b8 93 01 00 01 0f 1f 44 00 00 69 d0 93 01 00
0x00007fde0afa208d:   01 48 83 c1 01 40 0f b6 c6 0f b6 71 ff 31 d0 40
0x00007fde0afa209d:   84 f6 75 e7 25 ff ff ff 7f 31 d2 41 f7 f4 89 d0
0x00007fde0afa20ad:   41 8b 34 80 48 8b 07 ff 50 20 85 c0 7f 15 74 62
0x00007fde0afa20bd:   f7 d0 41 89 c0 48 83 c4 08 44 89 c0 5b 41 5c 41
0x00007fde0afa20cd:   5d 5d c3 41 0f b6 4d 00 89 c6 84 c9 74 1b 0f 1f
0x00007fde0afa20dd:   44 00 00 69 f6 93 01 00 01 48 83 c3 01 31 ce 0f
0x00007fde0afa20ed:   b6 4b ff 84 c9 75 ec 89 f0 25 ff ff ff 7f 31 d2
0x00007fde0afa20fd:   48 83 c4 08 41 f7 f4 5b 41 5c 41 5d 5d 41 89 d0
0x00007fde0afa210d:   44 89 c0 c3 0f 1f 80 00 00 00 00 b8 93 01 00 01
0x00007fde0afa211d:   eb 87 41 b8 ff ff ff ff eb 9b 41 83 c8 ff 44 89
0x00007fde0afa212d:   c0 c3 90 f3 0f 1e fa eb 1d 66 2e 0f 1f 84 00 00
0x00007fde0afa213d:   00 00 00 0f b6 16 84 d2 74 13 38 c2 75 15 48 83
0x00007fde0afa214d:   c7 01 48 83 c6 01 0f b6 07 84 c0 75 e6 48 89 f8
0x00007fde0afa215d:   c3 66 90 31 c0 c3 90 66 66 2e 0f 1f 84 00 00 00
0x00007fde0afa216d:   00 00 90 f3 0f 1e fa 48 85 f6 74 51 0f b6 06 84
0x00007fde0afa217d:   c0 74 4a 0f b6 d0 83 e0 07 c1 fa 03 44 8d 50 01
0x00007fde0afa218d:   0f b6 c0 41 89 d1 4c 8d 44 06 02 48 8d 56 01 31
0x00007fde0afa219d:   c0 66 90 0f b6 0a 48 c1 e0 08 48 83 c2 01 48 09 


Stack slot to memory mapping:
stack at sp + 0 slots: 0x0 is NULL
stack at sp + 1 slots: 0x00007fddec1c7348 is pointing into the stack for thread: 0x00007fde0412e000
stack at sp + 2 slots: 0x00007fde04009be0 points into unknown readable memory: 0x00007fdda8044260 | 60 42 04 a8 dd 7f 00 00
stack at sp + 3 slots: 0x00007fddec1c62b0 is pointing into the stack for thread: 0x00007fde0412e000
stack at sp + 4 slots: 0x00007fddec1c6290 is pointing into the stack for thread: 0x00007fde0412e000
stack at sp + 5 slots: 0x00007fde0afa2ca2: <offset 0x0000000000003ca2> in /usr/lib/jvm/java-11-openjdk-amd64/lib/libjimage.so at 0x00007fde0af9f000
stack at sp + 6 slots: 0x0 is NULL
stack at sp + 7 slots: 0x0 is NULL


---------------  P R O C E S S  ---------------

Threads class SMR info:
_java_thread_list=0x00007fdda0006420, length=28, elements={
0x00007fde04126800, 0x00007fde04128800, 0x00007fde0412e000, 0x00007fde04130000,
0x00007fde04132800, 0x00007fde04134800, 0x00007fde04136800, 0x00007fde0416c800,
0x00007fde041bf000, 0x00007fde041c3800, 0x00007fde05158000, 0x00007fde0548a000,
0x00007fde058a3000, 0x00007fdd80002000, 0x00007fde058a6000, 0x00007fde0586e000,
0x00007fde05870800, 0x00007fde0401a000, 0x00007fdd7c005000, 0x00007fdd7c006800,
0x00007fdd7c008000, 0x00007fdd7c00a000, 0x00007fdd7c00c000, 0x00007fdd7c00e000,
0x00007fdd7c010000, 0x00007fdd7c0ac800, 0x00007fdd7c0ae800, 0x00007fdd7c015000
}

Java Threads: ( => current thread )
  0x00007fde04126800 JavaThread "Reference Handler" daemon [_thread_blocked, id=47788, stack(0x00007fddec2ca000,0x00007fddec3cb000)]
  0x00007fde04128800 JavaThread "Finalizer" daemon [_thread_blocked, id=47789, stack(0x00007fddec1c9000,0x00007fddec2ca000)]
=>0x00007fde0412e000 JavaThread "Signal Dispatcher" daemon [_thread_in_vm, id=47790, stack(0x00007fddec0c8000,0x00007fddec1c9000)]
  0x00007fde04130000 JavaThread "Service Thread" daemon [_thread_blocked, id=47791, stack(0x00007fdddd18d000,0x00007fdddd28e000)]
  0x00007fde04132800 JavaThread "C2 CompilerThread0" daemon [_thread_blocked, id=47792, stack(0x00007fdddd08c000,0x00007fdddd18d000)]
  0x00007fde04134800 JavaThread "C1 CompilerThread0" daemon [_thread_blocked, id=47793, stack(0x00007fdddcf8b000,0x00007fdddd08c000)]
  0x00007fde04136800 JavaThread "Sweeper thread" daemon [_thread_blocked, id=47794, stack(0x00007fdddce8a000,0x00007fdddcf8b000)]
  0x00007fde0416c800 JavaThread "Common-Cleaner" daemon [_thread_blocked, id=47795, stack(0x00007fdddcd89000,0x00007fdddce8a000)]
  0x00007fde041bf000 JavaThread "JDWP Transport Listener: dt_socket" daemon [_thread_in_native, id=47797, stack(0x00007fdddcc88000,0x00007fdddcd89000)]
  0x00007fde041c3800 JavaThread "JDWP Event Helper Thread" daemon [_thread_blocked, id=47800, stack(0x00007fdddcb87000,0x00007fdddcc88000)]
  0x00007fde05158000 JavaThread "mysql-cj-abandoned-connection-cleanup" daemon [_thread_blocked, id=47812, stack(0x00007fdddc581000,0x00007fdddc682000)]
  0x00007fde0548a000 JavaThread "HikariPool-1 housekeeper" daemon [_thread_blocked, id=47814, stack(0x00007fdddc07c000,0x00007fdddc17d000)]
  0x00007fde058a3000 JavaThread "Catalina-utility-1" [_thread_blocked, id=47820, stack(0x00007fdd8e417000,0x00007fdd8e518000)]
  0x00007fdd80002000 JavaThread "Catalina-utility-2" [_thread_blocked, id=47821, stack(0x00007fdd8d716000,0x00007fdd8d817000)]
  0x00007fde058a6000 JavaThread "container-0" [_thread_blocked, id=47822, stack(0x00007fdd8d615000,0x00007fdd8d716000)]
  0x00007fde0586e000 JavaThread "http-nio-8080-Poller" daemon [_thread_in_native, id=47830, stack(0x00007fdd8d114000,0x00007fdd8d215000)]
  0x00007fde05870800 JavaThread "http-nio-8080-Acceptor" daemon [_thread_in_native, id=47831, stack(0x00007fdd8d013000,0x00007fdd8d114000)]
  0x00007fde0401a000 JavaThread "DestroyJavaVM" [_thread_blocked, id=47779, stack(0x00007fde0afe1000,0x00007fde0b0e2000)]
  0x00007fdd7c005000 JavaThread "http-nio-8080-exec-1" daemon [_thread_blocked, id=47846, stack(0x00007fdd8cf12000,0x00007fdd8d013000)]
  0x00007fdd7c006800 JavaThread "http-nio-8080-exec-2" daemon [_thread_blocked, id=47847, stack(0x00007fdd8ce11000,0x00007fdd8cf12000)]
  0x00007fdd7c008000 JavaThread "http-nio-8080-exec-3" daemon [_thread_blocked, id=47961, stack(0x00007fdd8c910000,0x00007fdd8ca11000)]
  0x00007fdd7c00a000 JavaThread "http-nio-8080-exec-4" daemon [_thread_blocked, id=47974, stack(0x00007fdd8c80f000,0x00007fdd8c910000)]
  0x00007fdd7c00c000 JavaThread "http-nio-8080-exec-5" daemon [_thread_blocked, id=48055, stack(0x00007fdd8c70e000,0x00007fdd8c80f000)]
  0x00007fdd7c00e000 JavaThread "http-nio-8080-exec-6" daemon [_thread_blocked, id=48070, stack(0x00007fdd8c60d000,0x00007fdd8c70e000)]
  0x00007fdd7c010000 JavaThread "http-nio-8080-exec-7" daemon [_thread_blocked, id=48078, stack(0x00007fdd8c30c000,0x00007fdd8c40d000)]
  0x00007fdd7c0ac800 JavaThread "http-nio-8080-exec-8" daemon [_thread_blocked, id=48087, stack(0x00007fdd8c20b000,0x00007fdd8c30c000)]
  0x00007fdd7c0ae800 JavaThread "http-nio-8080-exec-9" daemon [_thread_blocked, id=48096, stack(0x00007fdd8c10a000,0x00007fdd8c20b000)]
  0x00007fdd7c015000 JavaThread "http-nio-8080-exec-10" daemon [_thread_blocked, id=48217, stack(0x00007fdd8c009000,0x00007fdd8c10a000)]

Other Threads:
  0x00007fde04123800 VMThread "VM Thread" [stack: 0x00007fddec3cd000,0x00007fddec4cd000] [id=47787]
  0x00007fde04504800 WatcherThread [stack: 0x00007fdddc986000,0x00007fdddca86000] [id=47804]
  0x00007fde04031000 GCTaskThread "GC Thread#0" [stack: 0x00007fde0ac4a000,0x00007fde0ad4a000] [id=47782]
  0x00007fddd4001000 GCTaskThread "GC Thread#1" [stack: 0x00007fdddc884000,0x00007fdddc984000] [id=47805]
  0x00007fddd4004800 GCTaskThread "GC Thread#2" [stack: 0x00007fdddc481000,0x00007fdddc581000] [id=47807]
  0x00007fddd4006000 GCTaskThread "GC Thread#3" [stack: 0x00007fdddc37f000,0x00007fdddc47f000] [id=47808]
  0x00007fde0404b000 ConcurrentGCThread "G1 Main Marker" [stack: 0x00007fde0847b000,0x00007fde0857b000] [id=47783]
  0x00007fde0404d000 ConcurrentGCThread "G1 Conc#0" [stack: 0x00007fde08379000,0x00007fde08479000] [id=47784]
  0x00007fde0408f000 ConcurrentGCThread "G1 Refine#0" [stack: 0x00007fddec652000,0x00007fddec752000] [id=47785]
  0x00007fde04090800 ConcurrentGCThread "G1 Young RemSet Sampling" [stack: 0x00007fddec550000,0x00007fddec650000] [id=47786]

Threads with active compile tasks:

VM state:not at safepoint (normal execution)

VM Mutex/Monitor currently owned by a thread: None

Heap address: 0x00000000c5a00000, size: 934 MB, Compressed Oops mode: 32-bit
Narrow klass base: 0x0000000800000000, Narrow klass shift: 3
Compressed class space size: 1073741824 Address: 0x0000000840000000

Heap:
 garbage-first heap   total 92160K, used 62773K [0x00000000c5a00000, 0x0000000100000000)
  region size 1024K, 38 young (38912K), 5 survivors (5120K)
 Metaspace       used 67041K, capacity 68825K, committed 68992K, reserved 1110016K
  class space    used 8552K, capacity 9247K, committed 9344K, reserved 1048576K
Heap Regions: E=young(eden), S=young(survivor), O=old, HS=humongous(starts), HC=humongous(continues), CS=collection set, F=free, A=archive, TAMS=top-at-mark-start (previous, next)
|   0|0x00000000c5a00000, 0x00000000c5b00000, 0x00000000c5b00000|100%|HS|  |TAMS 0x00000000c5b00000, 0x00000000c5a00000| Complete 
|   1|0x00000000c5b00000, 0x00000000c5c00000, 0x00000000c5c00000|100%| O|  |TAMS 0x00000000c5c00000, 0x00000000c5b00000| Untracked 
|   2|0x00000000c5c00000, 0x00000000c5d00000, 0x00000000c5d00000|100%| O|  |TAMS 0x00000000c5d00000, 0x00000000c5c00000| Untracked 
|   3|0x00000000c5d00000, 0x00000000c5e00000, 0x00000000c5e00000|100%| O|  |TAMS 0x00000000c5e00000, 0x00000000c5d00000| Untracked 
|   4|0x00000000c5e00000, 0x00000000c5f00000, 0x00000000c5f00000|100%| O|  |TAMS 0x00000000c5f00000, 0x00000000c5e00000| Untracked 
|   5|0x00000000c5f00000, 0x00000000c6000000, 0x00000000c6000000|100%| O|  |TAMS 0x00000000c6000000, 0x00000000c5f00000| Untracked 
|   6|0x00000000c6000000, 0x00000000c6100000, 0x00000000c6100000|100%| O|  |TAMS 0x00000000c6100000, 0x00000000c6000000| Untracked 
|   7|0x00000000c6100000, 0x00000000c6200000, 0x00000000c6200000|100%| O|  |TAMS 0x00000000c6200000, 0x00000000c6100000| Untracked 
|   8|0x00000000c6200000, 0x00000000c6300000, 0x00000000c6300000|100%| O|  |TAMS 0x00000000c6300000, 0x00000000c6200000| Untracked 
|   9|0x00000000c6300000, 0x00000000c6400000, 0x00000000c6400000|100%| O|  |TAMS 0x00000000c6400000, 0x00000000c6300000| Untracked 
|  10|0x00000000c6400000, 0x00000000c6500000, 0x00000000c6500000|100%| O|  |TAMS 0x00000000c6500000, 0x00000000c6400000| Untracked 
|  11|0x00000000c6500000, 0x00000000c6600000, 0x00000000c6600000|100%| O|  |TAMS 0x00000000c6600000, 0x00000000c6500000| Untracked 
|  12|0x00000000c6600000, 0x00000000c6700000, 0x00000000c6700000|100%| O|  |TAMS 0x00000000c6700000, 0x00000000c6600000| Untracked 
|  13|0x00000000c6700000, 0x00000000c6800000, 0x00000000c6800000|100%| O|  |TAMS 0x00000000c6800000, 0x00000000c6700000| Untracked 
|  14|0x00000000c6800000, 0x00000000c6900000, 0x00000000c6900000|100%| O|  |TAMS 0x00000000c6900000, 0x00000000c6800000| Untracked 
|  15|0x00000000c6900000, 0x00000000c6a00000, 0x00000000c6a00000|100%| O|  |TAMS 0x00000000c6a00000, 0x00000000c6900000| Untracked 
|  16|0x00000000c6a00000, 0x00000000c6b00000, 0x00000000c6b00000|100%| O|  |TAMS 0x00000000c6b00000, 0x00000000c6a00000| Untracked 
|  17|0x00000000c6b00000, 0x00000000c6c00000, 0x00000000c6c00000|100%| O|  |TAMS 0x00000000c6c00000, 0x00000000c6b00000| Untracked 
|  18|0x00000000c6c00000, 0x00000000c6d00000, 0x00000000c6d00000|100%| O|  |TAMS 0x00000000c6d00000, 0x00000000c6c00000| Untracked 
|  19|0x00000000c6d00000, 0x00000000c6e00000, 0x00000000c6e00000|100%| O|  |TAMS 0x00000000c6e00000, 0x00000000c6d00000| Untracked 
|  20|0x00000000c6e00000, 0x00000000c6f00000, 0x00000000c6f00000|100%| O|  |TAMS 0x00000000c6f00000, 0x00000000c6e00000| Untracked 
|  21|0x00000000c6f00000, 0x00000000c7000000, 0x00000000c7000000|100%| O|  |TAMS 0x00000000c6f02200, 0x00000000c6f00000| Untracked 
|  22|0x00000000c7000000, 0x00000000c7100000, 0x00000000c7100000|100%| O|  |TAMS 0x00000000c7000000, 0x00000000c7000000| Untracked 
|  23|0x00000000c7100000, 0x00000000c7200000, 0x00000000c7200000|100%| O|  |TAMS 0x00000000c7100000, 0x00000000c7100000| Untracked 
|  24|0x00000000c7200000, 0x00000000c7265400, 0x00000000c7300000| 39%| O|  |TAMS 0x00000000c7200000, 0x00000000c7200000| Untracked 
|  25|0x00000000c7300000, 0x00000000c7300000, 0x00000000c7400000|  0%| F|  |TAMS 0x00000000c7300000, 0x00000000c7300000| Untracked 
|  26|0x00000000c7400000, 0x00000000c7400000, 0x00000000c7500000|  0%| F|  |TAMS 0x00000000c7400000, 0x00000000c7400000| Untracked 
|  27|0x00000000c7500000, 0x00000000c7500000, 0x00000000c7600000|  0%| F|  |TAMS 0x00000000c7500000, 0x00000000c7500000| Untracked 
|  28|0x00000000c7600000, 0x00000000c7600000, 0x00000000c7700000|  0%| F|  |TAMS 0x00000000c7600000, 0x00000000c7600000| Untracked 
|  29|0x00000000c7700000, 0x00000000c7700000, 0x00000000c7800000|  0%| F|  |TAMS 0x00000000c7700000, 0x00000000c7700000| Untracked 
|  30|0x00000000c7800000, 0x00000000c7800000, 0x00000000c7900000|  0%| F|  |TAMS 0x00000000c7800000, 0x00000000c7800000| Untracked 
|  31|0x00000000c7900000, 0x00000000c7900000, 0x00000000c7a00000|  0%| F|  |TAMS 0x00000000c7900000, 0x00000000c7900000| Untracked 
|  32|0x00000000c7a00000, 0x00000000c7a00000, 0x00000000c7b00000|  0%| F|  |TAMS 0x00000000c7a00000, 0x00000000c7a00000| Untracked 
|  33|0x00000000c7b00000, 0x00000000c7b00000, 0x00000000c7c00000|  0%| F|  |TAMS 0x00000000c7b00000, 0x00000000c7b00000| Untracked 
|  34|0x00000000c7c00000, 0x00000000c7c00000, 0x00000000c7d00000|  0%| F|  |TAMS 0x00000000c7c00000, 0x00000000c7c00000| Untracked 
|  35|0x00000000c7d00000, 0x00000000c7d00000, 0x00000000c7e00000|  0%| F|  |TAMS 0x00000000c7d00000, 0x00000000c7d00000| Untracked 
|  36|0x00000000c7e00000, 0x00000000c7e00000, 0x00000000c7f00000|  0%| F|  |TAMS 0x00000000c7e00000, 0x00000000c7e00000| Untracked 
|  37|0x00000000c7f00000, 0x00000000c7f00000, 0x00000000c8000000|  0%| F|  |TAMS 0x00000000c7f00000, 0x00000000c7f00000| Untracked 
|  38|0x00000000c8000000, 0x00000000c80363f8, 0x00000000c8100000| 21%| S|CS|TAMS 0x00000000c8000000, 0x00000000c8000000| Complete 
|  39|0x00000000c8100000, 0x00000000c8200000, 0x00000000c8200000|100%| S|CS|TAMS 0x00000000c8100000, 0x00000000c8100000| Complete 
|  40|0x00000000c8200000, 0x00000000c8300000, 0x00000000c8300000|100%| S|CS|TAMS 0x00000000c8200000, 0x00000000c8200000| Complete 
|  41|0x00000000c8300000, 0x00000000c8400000, 0x00000000c8400000|100%| S|CS|TAMS 0x00000000c8300000, 0x00000000c8300000| Complete 
|  42|0x00000000c8400000, 0x00000000c8500000, 0x00000000c8500000|100%| S|CS|TAMS 0x00000000c8400000, 0x00000000c8400000| Complete 
|  43|0x00000000c8500000, 0x00000000c8500000, 0x00000000c8600000|  0%| F|  |TAMS 0x00000000c8500000, 0x00000000c8500000| Untracked 
|  44|0x00000000c8600000, 0x00000000c8600000, 0x00000000c8700000|  0%| F|  |TAMS 0x00000000c8600000, 0x00000000c8600000| Untracked 
|  45|0x00000000c8700000, 0x00000000c8700000, 0x00000000c8800000|  0%| F|  |TAMS 0x00000000c8700000, 0x00000000c8700000| Untracked 
|  46|0x00000000c8800000, 0x00000000c8800000, 0x00000000c8900000|  0%| F|  |TAMS 0x00000000c8800000, 0x00000000c8800000| Untracked 
|  47|0x00000000c8900000, 0x00000000c8900000, 0x00000000c8a00000|  0%| F|  |TAMS 0x00000000c8900000, 0x00000000c8900000| Untracked 
|  48|0x00000000c8a00000, 0x00000000c8a00000, 0x00000000c8b00000|  0%| F|  |TAMS 0x00000000c8a00000, 0x00000000c8a00000| Untracked 
|  49|0x00000000c8b00000, 0x00000000c8b00000, 0x00000000c8c00000|  0%| F|  |TAMS 0x00000000c8b00000, 0x00000000c8b00000| Untracked 
|  50|0x00000000c8c00000, 0x00000000c8c00000, 0x00000000c8d00000|  0%| F|  |TAMS 0x00000000c8c00000, 0x00000000c8c00000| Untracked 
|  51|0x00000000c8d00000, 0x00000000c8d00000, 0x00000000c8e00000|  0%| F|  |TAMS 0x00000000c8d00000, 0x00000000c8d00000| Untracked 
|  52|0x00000000c8e00000, 0x00000000c8e00000, 0x00000000c8f00000|  0%| F|  |TAMS 0x00000000c8e00000, 0x00000000c8e00000| Untracked 
|  53|0x00000000c8f00000, 0x00000000c8f00000, 0x00000000c9000000|  0%| F|  |TAMS 0x00000000c8f00000, 0x00000000c8f00000| Untracked 
|  54|0x00000000c9000000, 0x00000000c9000000, 0x00000000c9100000|  0%| F|  |TAMS 0x00000000c9000000, 0x00000000c9000000| Untracked 
|  55|0x00000000c9100000, 0x00000000c9110650, 0x00000000c9200000|  6%| E|  |TAMS 0x00000000c9100000, 0x00000000c9100000| Complete 
|  56|0x00000000c9200000, 0x00000000c9300000, 0x00000000c9300000|100%| E|CS|TAMS 0x00000000c9200000, 0x00000000c9200000| Complete 
|  57|0x00000000c9300000, 0x00000000c9400000, 0x00000000c9400000|100%| E|CS|TAMS 0x00000000c9300000, 0x00000000c9300000| Complete 
|  58|0x00000000c9400000, 0x00000000c9500000, 0x00000000c9500000|100%| E|CS|TAMS 0x00000000c9400000, 0x00000000c9400000| Complete 
|  59|0x00000000c9500000, 0x00000000c9600000, 0x00000000c9600000|100%| E|CS|TAMS 0x00000000c9500000, 0x00000000c9500000| Complete 
|  60|0x00000000c9600000, 0x00000000c9700000, 0x00000000c9700000|100%| E|CS|TAMS 0x00000000c9600000, 0x00000000c9600000| Complete 
|  61|0x00000000c9700000, 0x00000000c9800000, 0x00000000c9800000|100%| E|CS|TAMS 0x00000000c9700000, 0x00000000c9700000| Complete 
|  62|0x00000000c9800000, 0x00000000c9900000, 0x00000000c9900000|100%| E|CS|TAMS 0x00000000c9800000, 0x00000000c9800000| Complete 
|  63|0x00000000c9900000, 0x00000000c9a00000, 0x00000000c9a00000|100%| E|CS|TAMS 0x00000000c9900000, 0x00000000c9900000| Complete 
|  64|0x00000000c9a00000, 0x00000000c9b00000, 0x00000000c9b00000|100%| E|CS|TAMS 0x00000000c9a00000, 0x00000000c9a00000| Complete 
|  65|0x00000000c9b00000, 0x00000000c9c00000, 0x00000000c9c00000|100%| E|CS|TAMS 0x00000000c9b00000, 0x00000000c9b00000| Complete 
|  66|0x00000000c9c00000, 0x00000000c9d00000, 0x00000000c9d00000|100%| E|CS|TAMS 0x00000000c9c00000, 0x00000000c9c00000| Complete 
|  67|0x00000000c9d00000, 0x00000000c9e00000, 0x00000000c9e00000|100%| E|CS|TAMS 0x00000000c9d00000, 0x00000000c9d00000| Complete 
|  68|0x00000000c9e00000, 0x00000000c9f00000, 0x00000000c9f00000|100%| E|CS|TAMS 0x00000000c9e00000, 0x00000000c9e00000| Complete 
|  69|0x00000000c9f00000, 0x00000000ca000000, 0x00000000ca000000|100%| E|CS|TAMS 0x00000000c9f00000, 0x00000000c9f00000| Complete 
|  70|0x00000000ca000000, 0x00000000ca100000, 0x00000000ca100000|100%| E|CS|TAMS 0x00000000ca000000, 0x00000000ca000000| Complete 
|  71|0x00000000ca100000, 0x00000000ca200000, 0x00000000ca200000|100%| E|CS|TAMS 0x00000000ca100000, 0x00000000ca100000| Complete 
|  72|0x00000000ca200000, 0x00000000ca300000, 0x00000000ca300000|100%| E|CS|TAMS 0x00000000ca200000, 0x00000000ca200000| Complete 
|  73|0x00000000ca300000, 0x00000000ca400000, 0x00000000ca400000|100%| E|CS|TAMS 0x00000000ca300000, 0x00000000ca300000| Complete 
|  74|0x00000000ca400000, 0x00000000ca500000, 0x00000000ca500000|100%| E|CS|TAMS 0x00000000ca400000, 0x00000000ca400000| Complete 
|  75|0x00000000ca500000, 0x00000000ca600000, 0x00000000ca600000|100%| E|CS|TAMS 0x00000000ca500000, 0x00000000ca500000| Complete 
|  76|0x00000000ca600000, 0x00000000ca700000, 0x00000000ca700000|100%| E|CS|TAMS 0x00000000ca600000, 0x00000000ca600000| Complete 
|  77|0x00000000ca700000, 0x00000000ca800000, 0x00000000ca800000|100%| E|CS|TAMS 0x00000000ca700000, 0x00000000ca700000| Complete 
|  78|0x00000000ca800000, 0x00000000ca900000, 0x00000000ca900000|100%| E|CS|TAMS 0x00000000ca800000, 0x00000000ca800000| Complete 
|  79|0x00000000ca900000, 0x00000000caa00000, 0x00000000caa00000|100%| E|CS|TAMS 0x00000000ca900000, 0x00000000ca900000| Complete 
|  80|0x00000000caa00000, 0x00000000cab00000, 0x00000000cab00000|100%| E|CS|TAMS 0x00000000caa00000, 0x00000000caa00000| Complete 
|  81|0x00000000cab00000, 0x00000000cac00000, 0x00000000cac00000|100%| E|CS|TAMS 0x00000000cab00000, 0x00000000cab00000| Complete 
|  82|0x00000000cac00000, 0x00000000cad00000, 0x00000000cad00000|100%| E|CS|TAMS 0x00000000cac00000, 0x00000000cac00000| Complete 
|  83|0x00000000cad00000, 0x00000000cae00000, 0x00000000cae00000|100%| E|CS|TAMS 0x00000000cad00000, 0x00000000cad00000| Complete 
|  84|0x00000000cae00000, 0x00000000caf00000, 0x00000000caf00000|100%| E|CS|TAMS 0x00000000cae00000, 0x00000000cae00000| Complete 
|  85|0x00000000caf00000, 0x00000000cb000000, 0x00000000cb000000|100%| E|CS|TAMS 0x00000000caf00000, 0x00000000caf00000| Complete 
|  86|0x00000000cb000000, 0x00000000cb100000, 0x00000000cb100000|100%| E|CS|TAMS 0x00000000cb000000, 0x00000000cb000000| Complete 
|  87|0x00000000cb100000, 0x00000000cb200000, 0x00000000cb200000|100%| E|CS|TAMS 0x00000000cb100000, 0x00000000cb100000| Complete 
| 932|0x00000000ffe00000, 0x00000000ffe47000, 0x00000000fff00000| 27%|OA|  |TAMS 0x00000000ffe47000, 0x00000000ffe00000| Untracked 
| 933|0x00000000fff00000, 0x00000000fff6b000, 0x0000000100000000| 41%|CA|  |TAMS 0x00000000fff6b000, 0x00000000fff00000| Untracked 

Card table byte_map: [0x00007fde0a49e000,0x00007fde0a671000] _byte_map_base: 0x00007fde09e71000

Marking Bits (Prev, Next): (CMBitMap*) 0x00007fde04046870, (CMBitMap*) 0x00007fde04046838
 Prev Bits: [0x00007fde0859b000, 0x00007fde09433000)
 Next Bits: [0x00007fde09433000, 0x00007fde0a2cb000)

Polling page: 0x00007fde0c918000

Metaspace:

Usage:
  Non-class:     58,18 MB capacity,    57,12 MB ( 98%) used,   855,88 KB (  1%) free+waste,   233,31 KB ( <1%) overhead. 
      Class:      9,03 MB capacity,     8,35 MB ( 92%) used,   586,44 KB (  6%) free+waste,   107,62 KB (  1%) overhead. 
       Both:     67,21 MB capacity,    65,47 MB ( 97%) used,     1,41 MB (  2%) free+waste,   340,94 KB ( <1%) overhead. 

Virtual space:
  Non-class space:       60,00 MB reserved,      58,25 MB ( 97%) committed 
      Class space:        1,00 GB reserved,       9,12 MB ( <1%) committed 
             Both:        1,06 GB reserved,      67,38 MB (  6%) committed 

Chunk freelists:
   Non-Class:  18,00 KB
       Class:  1,00 KB
        Both:  19,00 KB

MaxMetaspaceSize: unlimited
CompressedClassSpaceSize: 1,00 GB
Initial GC threshold: 20,80 MB
Current GC threshold: 98,34 MB
CDS: on

CodeHeap 'non-profiled nmethods': size=120032Kb used=5010Kb max_used=5010Kb free=115021Kb
 bounds [0x00007fddf431b000, 0x00007fddf480b000, 0x00007fddfb853000]
CodeHeap 'profiled nmethods': size=120032Kb used=13935Kb max_used=13935Kb free=106096Kb
 bounds [0x00007fddecde3000, 0x00007fddedb83000, 0x00007fddf431b000]
CodeHeap 'non-nmethods': size=5696Kb used=1385Kb max_used=1455Kb free=4310Kb
 bounds [0x00007fddec853000, 0x00007fddecac3000, 0x00007fddecde3000]
 total_blobs=7031 nmethods=6403 adapters=549
 compilation: enabled
              stopped_count=0, restarted_count=0
 full_count=0

Compilation events (20 events):
Event: 1039,947 Thread 0x00007fde04134800 6671       1       com.mysql.cj.protocol.a.NativeCapabilities::getThreadId (5 bytes)
Event: 1039,947 Thread 0x00007fde04134800 nmethod 6671 0x00007fddf47fd810 code [0x00007fddf47fd9c0, 0x00007fddf47fda90]
Event: 1066,758 Thread 0x00007fde04134800 6673       3       jdk.internal.loader.BuiltinClassLoader::findResourceOnClassPath (41 bytes)
Event: 1066,759 Thread 0x00007fde04134800 nmethod 6673 0x00007fddedb7bd90 code [0x00007fddedb7bfa0, 0x00007fddedb7c560]
Event: 1068,975 Thread 0x00007fde04134800 6674       3       java.lang.Thread::setContextClassLoader (27 bytes)
Event: 1068,976 Thread 0x00007fde04134800 nmethod 6674 0x00007fddedb7c710 code [0x00007fddedb7c920, 0x00007fddedb7cf30]
Event: 1072,969 Thread 0x00007fde04132800 6675       4       java.util.concurrent.locks.ReentrantLock$Sync::isHeldExclusively (16 bytes)
Event: 1072,970 Thread 0x00007fde04132800 nmethod 6675 0x00007fddf47fde90 code [0x00007fddf47fe020, 0x00007fddf47fe0b8]
Event: 1089,969 Thread 0x00007fde04132800 6676       4       java.util.concurrent.ScheduledThreadPoolExecutor$ScheduledFutureTask::compareTo (9 bytes)
Event: 1090,114 Thread 0x00007fde04132800 nmethod 6676 0x00007fddf47fe190 code [0x00007fddf47fe320, 0x00007fddf47fe438]
Event: 1118,977 Thread 0x00007fde04134800 6677       3       java.util.concurrent.ConcurrentHashMap$CollectionView::toArray (204 bytes)
Event: 1118,979 Thread 0x00007fde04134800 nmethod 6677 0x00007fddedb7d190 code [0x00007fddedb7d4a0, 0x00007fddedb7e790]
Event: 1129,969 Thread 0x00007fde04132800 6678       4       java.util.concurrent.ThreadPoolExecutor::beforeExecute (1 bytes)
Event: 1129,969 Thread 0x00007fde04132800 nmethod 6678 0x00007fddf47fe590 code [0x00007fddf47fe720, 0x00007fddf47fe798]
Event: 1166,763 Thread 0x00007fde04132800 6679       4       java.io.File::getName (42 bytes)
Event: 1166,779 Thread 0x00007fde04132800 nmethod 6679 0x00007fddf47fe890 code [0x00007fddf47fea60, 0x00007fddf47ff1c8]
Event: 1188,980 Thread 0x00007fde04132800 6680       4       java.util.AbstractSet::<init> (5 bytes)
Event: 1188,981 Thread 0x00007fde04132800 nmethod 6680 0x00007fddf47ff590 code [0x00007fddf47ff720, 0x00007fddf47ff798]
Event: 1198,980 Thread 0x00007fde04134800 6681       1       org.apache.catalina.core.StandardContext::getThreadBindingListener (5 bytes)
Event: 1198,981 Thread 0x00007fde04134800 nmethod 6681 0x00007fddf47ff890 code [0x00007fddf47ffa40, 0x00007fddf47ffb10]

GC Heap History (20 events):
Event: 17,555 GC heap before
{Heap before GC invocations=15 (full 0):
 garbage-first heap   total 76800K, used 53949K [0x00000000c5a00000, 0x0000000100000000)
  region size 1024K, 40 young (40960K), 4 survivors (4096K)
 Metaspace       used 33202K, capacity 34376K, committed 34560K, reserved 1079296K
  class space    used 4091K, capacity 4561K, committed 4608K, reserved 1048576K
}
Event: 17,571 GC heap after
{Heap after GC invocations=16 (full 0):
 garbage-first heap   total 92160K, used 17714K [0x00000000c5a00000, 0x0000000100000000)
  region size 1024K, 3 young (3072K), 3 survivors (3072K)
 Metaspace       used 33202K, capacity 34376K, committed 34560K, reserved 1079296K
  class space    used 4091K, capacity 4561K, committed 4608K, reserved 1048576K
}
Event: 18,423 GC heap before
{Heap before GC invocations=16 (full 0):
 garbage-first heap   total 92160K, used 32050K [0x00000000c5a00000, 0x0000000100000000)
  region size 1024K, 18 young (18432K), 3 survivors (3072K)
 Metaspace       used 34402K, capacity 35574K, committed 35840K, reserved 1081344K
  class space    used 4298K, capacity 4767K, committed 4864K, reserved 1048576K
}
Event: 18,432 GC heap after
{Heap after GC invocations=17 (full 0):
 garbage-first heap   total 92160K, used 17880K [0x00000000c5a00000, 0x0000000100000000)
  region size 1024K, 3 young (3072K), 3 survivors (3072K)
 Metaspace       used 34402K, capacity 35574K, committed 35840K, reserved 1081344K
  class space    used 4298K, capacity 4767K, committed 4864K, reserved 1048576K
}
Event: 21,041 GC heap before
{Heap before GC invocations=18 (full 0):
 garbage-first heap   total 92160K, used 64984K [0x00000000c5a00000, 0x0000000100000000)
  region size 1024K, 49 young (50176K), 3 survivors (3072K)
 Metaspace       used 40045K, capacity 41246K, committed 41600K, reserved 1085440K
  class space    used 5015K, capacity 5500K, committed 5504K, reserved 1048576K
}
Event: 21,058 GC heap after
{Heap after GC invocations=19 (full 0):
 garbage-first heap   total 92160K, used 21175K [0x00000000c5a00000, 0x0000000100000000)
  region size 1024K, 6 young (6144K), 6 survivors (6144K)
 Metaspace       used 40045K, capacity 41246K, committed 41600K, reserved 1085440K
  class space    used 5015K, capacity 5500K, committed 5504K, reserved 1048576K
}
Event: 23,067 GC heap before
{Heap before GC invocations=19 (full 0):
 garbage-first heap   total 92160K, used 68279K [0x00000000c5a00000, 0x0000000100000000)
  region size 1024K, 53 young (54272K), 6 survivors (6144K)
 Metaspace       used 44962K, capacity 46186K, committed 46720K, reserved 1089536K
  class space    used 5668K, capacity 6162K, committed 6272K, reserved 1048576K
}
Event: 23,086 GC heap after
{Heap after GC invocations=20 (full 0):
 garbage-first heap   total 92160K, used 22743K [0x00000000c5a00000, 0x0000000100000000)
  region size 1024K, 5 young (5120K), 5 survivors (5120K)
 Metaspace       used 44962K, capacity 46186K, committed 46720K, reserved 1089536K
  class space    used 5668K, capacity 6162K, committed 6272K, reserved 1048576K
}
Event: 24,007 GC heap before
{Heap before GC invocations=20 (full 0):
 garbage-first heap   total 92160K, used 70871K [0x00000000c5a00000, 0x0000000100000000)
  region size 1024K, 52 young (53248K), 5 survivors (5120K)
 Metaspace       used 49497K, capacity 50717K, committed 51200K, reserved 1093632K
  class space    used 6332K, capacity 6817K, committed 6912K, reserved 1048576K
}
Event: 24,022 GC heap after
{Heap after GC invocations=21 (full 0):
 garbage-first heap   total 92160K, used 23309K [0x00000000c5a00000, 0x0000000100000000)
  region size 1024K, 3 young (3072K), 3 survivors (3072K)
 Metaspace       used 49497K, capacity 50717K, committed 51200K, reserved 1093632K
  class space    used 6332K, capacity 6817K, committed 6912K, reserved 1048576K
}
Event: 35,787 GC heap before
{Heap before GC invocations=21 (full 0):
 garbage-first heap   total 92160K, used 70413K [0x00000000c5a00000, 0x0000000100000000)
  region size 1024K, 50 young (51200K), 3 survivors (3072K)
 Metaspace       used 53443K, capacity 54810K, committed 55296K, reserved 1097728K
  class space    used 6829K, capacity 7369K, committed 7424K, reserved 1048576K
}
Event: 35,804 GC heap after
{Heap after GC invocations=22 (full 0):
 garbage-first heap   total 92160K, used 24713K [0x00000000c5a00000, 0x0000000100000000)
  region size 1024K, 4 young (4096K), 4 survivors (4096K)
 Metaspace       used 53443K, capacity 54810K, committed 55296K, reserved 1097728K
  class space    used 6829K, capacity 7369K, committed 7424K, reserved 1048576K
}
Event: 39,680 GC heap before
{Heap before GC invocations=22 (full 0):
 garbage-first heap   total 92160K, used 72841K [0x00000000c5a00000, 0x0000000100000000)
  region size 1024K, 51 young (52224K), 4 survivors (4096K)
 Metaspace       used 56439K, capacity 58008K, committed 58368K, reserved 1099776K
  class space    used 7242K, capacity 7853K, committed 7936K, reserved 1048576K
}
Event: 39,695 GC heap after
{Heap after GC invocations=23 (full 0):
 garbage-first heap   total 92160K, used 26276K [0x00000000c5a00000, 0x0000000100000000)
  region size 1024K, 6 young (6144K), 6 survivors (6144K)
 Metaspace       used 56439K, capacity 58008K, committed 58368K, reserved 1099776K
  class space    used 7242K, capacity 7853K, committed 7936K, reserved 1048576K
}
Event: 42,616 GC heap before
{Heap before GC invocations=23 (full 0):
 garbage-first heap   total 92160K, used 62116K [0x00000000c5a00000, 0x0000000100000000)
  region size 1024K, 42 young (43008K), 6 survivors (6144K)
 Metaspace       used 58533K, capacity 60068K, committed 60160K, reserved 1101824K
  class space    used 7533K, capacity 8154K, committed 8192K, reserved 1048576K
}
Event: 42,631 GC heap after
{Heap after GC invocations=24 (full 0):
 garbage-first heap   total 92160K, used 27229K [0x00000000c5a00000, 0x0000000100000000)
  region size 1024K, 5 young (5120K), 5 survivors (5120K)
 Metaspace       used 58533K, capacity 60068K, committed 60160K, reserved 1101824K
  class space    used 7533K, capacity 8154K, committed 8192K, reserved 1048576K
}
Event: 155,090 GC heap before
{Heap before GC invocations=25 (full 0):
 garbage-first heap   total 92160K, used 74333K [0x00000000c5a00000, 0x0000000100000000)
  region size 1024K, 51 young (52224K), 5 survivors (5120K)
 Metaspace       used 61409K, capacity 63204K, committed 63488K, reserved 1103872K
  class space    used 7916K, capacity 8618K, committed 8704K, reserved 1048576K
}
Event: 155,110 GC heap after
{Heap after GC invocations=26 (full 0):
 garbage-first heap   total 92160K, used 29246K [0x00000000c5a00000, 0x0000000100000000)
  region size 1024K, 5 young (5120K), 5 survivors (5120K)
 Metaspace       used 61409K, capacity 63204K, committed 63488K, reserved 1103872K
  class space    used 7916K, capacity 8618K, committed 8704K, reserved 1048576K
}
Event: 164,535 GC heap before
{Heap before GC invocations=26 (full 0):
 garbage-first heap   total 92160K, used 75326K [0x00000000c5a00000, 0x0000000100000000)
  region size 1024K, 50 young (51200K), 5 survivors (5120K)
 Metaspace       used 65507K, capacity 67324K, committed 67584K, reserved 1107968K
  class space    used 8406K, capacity 9114K, committed 9216K, reserved 1048576K
}
Event: 164,553 GC heap after
{Heap after GC invocations=27 (full 0):
 garbage-first heap   total 92160K, used 30005K [0x00000000c5a00000, 0x0000000100000000)
  region size 1024K, 5 young (5120K), 5 survivors (5120K)
 Metaspace       used 65507K, capacity 67324K, committed 67584K, reserved 1107968K
  class space    used 8406K, capacity 9114K, committed 9216K, reserved 1048576K
}

Deoptimization events (20 events):
Event: 524,035 Thread 0x00007fdd7c010000 DEOPT PACKING pc=0x00007fdded2e9f64 sp=0x00007fdd8c408740
Event: 524,035 Thread 0x00007fdd7c010000 DEOPT UNPACKING pc=0x00007fddec89d62b sp=0x00007fdd8c407c00 mode 1
Event: 524,035 Thread 0x00007fdd7c010000 DEOPT PACKING pc=0x00007fdded321544 sp=0x00007fdd8c408790
Event: 524,035 Thread 0x00007fdd7c010000 DEOPT UNPACKING pc=0x00007fddec89d62b sp=0x00007fdd8c407ca0 mode 1
Event: 549,239 Thread 0x00007fdd7c0ac800 DEOPT PACKING pc=0x00007fdded9885e4 sp=0x00007fdd8c306720
Event: 549,239 Thread 0x00007fdd7c0ac800 DEOPT UNPACKING pc=0x00007fddec89d62b sp=0x00007fdd8c305bf8 mode 1
Event: 549,369 Thread 0x00007fdd7c0ac800 DEOPT PACKING pc=0x00007fdded31f854 sp=0x00007fdd8c307610
Event: 549,369 Thread 0x00007fdd7c0ac800 DEOPT UNPACKING pc=0x00007fddec89d62b sp=0x00007fdd8c306ba8 mode 1
Event: 549,369 Thread 0x00007fdd7c0ac800 DEOPT PACKING pc=0x00007fdded2e9f64 sp=0x00007fdd8c307740
Event: 549,369 Thread 0x00007fdd7c0ac800 DEOPT UNPACKING pc=0x00007fddec89d62b sp=0x00007fdd8c306c00 mode 1
Event: 549,369 Thread 0x00007fdd7c0ac800 DEOPT PACKING pc=0x00007fdded321544 sp=0x00007fdd8c307790
Event: 549,369 Thread 0x00007fdd7c0ac800 DEOPT UNPACKING pc=0x00007fddec89d62b sp=0x00007fdd8c306ca0 mode 1
Event: 783,006 Thread 0x00007fdd7c0ae800 DEOPT PACKING pc=0x00007fdded31f854 sp=0x00007fdd8c206610
Event: 783,006 Thread 0x00007fdd7c0ae800 DEOPT UNPACKING pc=0x00007fddec89d62b sp=0x00007fdd8c205ba8 mode 1
Event: 783,006 Thread 0x00007fdd7c0ae800 DEOPT PACKING pc=0x00007fdded2e9f64 sp=0x00007fdd8c206740
Event: 783,006 Thread 0x00007fdd7c0ae800 DEOPT UNPACKING pc=0x00007fddec89d62b sp=0x00007fdd8c205c00 mode 1
Event: 783,006 Thread 0x00007fdd7c0ae800 DEOPT PACKING pc=0x00007fddedb3e824 sp=0x00007fdd8c206790
Event: 783,006 Thread 0x00007fdd7c0ae800 DEOPT UNPACKING pc=0x00007fddec89d62b sp=0x00007fdd8c205ca0 mode 1
Event: 919,065 Thread 0x00007fdd7c015000 DEOPT PACKING pc=0x00007fdded9885e4 sp=0x00007fdd8c1047d0
Event: 919,065 Thread 0x00007fdd7c015000 DEOPT UNPACKING pc=0x00007fddec89d62b sp=0x00007fdd8c103ca8 mode 1

Classes redefined (0 events):
No events

Internal exceptions (20 events):
Event: 43,367 Thread 0x00007fde0401a000 Exception <a 'java/lang/ClassNotFoundException'{0x00000000ca3f5bc8}: java/lang/ObjectCustomizer> (0x00000000ca3f5bc8) thrown at [src/hotspot/share/classfile/systemDictionary.cpp, line 231]
Event: 43,369 Thread 0x00007fde0401a000 Exception <a 'java/lang/ClassNotFoundException'{0x00000000ca2097a8}: org/springframework/security/config/annotation/web/configuration/HttpSecurityConfigurationCustomizer> (0x00000000ca2097a8) thrown at [src/hotspot/share/classfile/systemDictionary.cpp, line 231]
Event: 43,543 Thread 0x00007fde0401a000 Exception <a 'java/lang/NoSuchMethodError'{0x00000000c9e588b8}: 'void java.lang.invoke.DirectMethodHandle$Holder.invokeVirtual(java.lang.Object, java.lang.Object, int)'> (0x00000000c9e588b8) thrown at [src/hotspot/share/interpreter/linkResolver.cpp, line 772]
Event: 43,546 Thread 0x00007fde0401a000 Exception <a 'java/lang/NoSuchMethodError'{0x00000000c9e726b8}: 'void java.lang.invoke.DirectMethodHandle$Holder.invokeVirtual(java.lang.Object, java.lang.Object, long)'> (0x00000000c9e726b8) thrown at [src/hotspot/share/interpreter/linkResolver.cpp, line 772]
Event: 43,899 Thread 0x00007fde0401a000 Exception <a 'java/lang/NoSuchMethodError'{0x00000000c88da6d0}: 'java.lang.Object java.lang.invoke.DirectMethodHandle$Holder.invokeSpecial(java.lang.Object, java.lang.Object, int, java.lang.Object, int, java.lang.Object)'> (0x00000000c88da6d0) thrown at [src/hotspot/share/interpreter/linkResolver.cpp, line 772]
Event: 43,900 Thread 0x00007fde0401a000 Exception <a 'java/lang/NoSuchMethodError'{0x00000000c88e1bb8}: 'java.lang.Object java.lang.invoke.DirectMethodHandle$Holder.invokeStatic(java.lang.Object, java.lang.Object, int, java.lang.Object, int)'> (0x00000000c88e1bb8) thrown at [src/hotspot/share/interpreter/linkResolver.cpp, line 772]
Event: 43,900 Thread 0x00007fde0401a000 Exception <a 'java/lang/NoSuchMethodError'{0x00000000c88e5398}: 'java.lang.Object java.lang.invoke.DirectMethodHandle$Holder.invokeSpecial(java.lang.Object, java.lang.Object, java.lang.Object, int, java.lang.Object, int)'> (0x00000000c88e5398) thrown at [src/hotspot/share/interpreter/linkResolver.cpp, line 772]
Event: 43,902 Thread 0x00007fde0401a000 Exception <a 'java/lang/NoSuchMethodError'{0x00000000c88f58f8}: 'void java.lang.invoke.DirectMethodHandle$Holder.invokeVirtual(java.lang.Object, java.lang.Object)'> (0x00000000c88f58f8) thrown at [src/hotspot/share/interpreter/linkResolver.cpp, line 772]
Event: 163,440 Thread 0x00007fdd7c006800 Exception <a 'java/lang/NoSuchMethodError'{0x00000000c87af610}: 'java.lang.Object java.lang.invoke.DirectMethodHandle$Holder.invokeStaticInit(java.lang.Object, java.lang.Object, java.lang.Object, java.lang.Object, java.lang.Object, java.lang.Object)'> (0x00000000c87af610) thrown at [src/hotspot/share/interpreter/linkResolver.cpp, line 772]
Event: 164,439 Thread 0x00007fdd7c006800 Exception <a 'java/lang/ClassNotFoundException'{0x00000000c86af548}: java/lang/ObjectCustomizer> (0x00000000c86af548) thrown at [src/hotspot/share/classfile/systemDictionary.cpp, line 231]
Event: 164,468 Thread 0x00007fdd7c006800 Exception <a 'java/lang/ClassNotFoundException'{0x00000000c86c1fa8}: com/br/example/prj/biblioteca/models/UsuarioCustomizer> (0x00000000c86c1fa8) thrown at [src/hotspot/share/classfile/systemDictionary.cpp, line 231]
Event: 165,332 Thread 0x00007fdd7c006800 Exception <a 'java/lang/reflect/InvocationTargetException'{0x00000000cab805a0}> (0x00000000cab805a0) thrown at [src/hotspot/share/runtime/reflection.cpp, line 1245]
Event: 165,355 Thread 0x00007fdd7c006800 Exception <a 'java/lang/NoClassDefFoundError'{0x00000000caa22ac8}: sun/reflect/Reflection> (0x00000000caa22ac8) thrown at [src/hotspot/share/classfile/systemDictionary.cpp, line 220]
Event: 165,374 Thread 0x00007fdd7c006800 Implicit null exception at 0x00007fddf4681f07 to 0x00007fddf46820f0
Event: 308,901 Thread 0x00007fdd7c00a000 Exception <a 'java/lang/reflect/InvocationTargetException'{0x00000000ca236898}> (0x00000000ca236898) thrown at [src/hotspot/share/runtime/reflection.cpp, line 1245]
Event: 498,829 Thread 0x00007fdd7c00e000 Exception <a 'java/lang/reflect/InvocationTargetException'{0x00000000c9be70e0}> (0x00000000c9be70e0) thrown at [src/hotspot/share/runtime/reflection.cpp, line 1245]
Event: 524,035 Thread 0x00007fdd7c010000 Exception <a 'java/lang/reflect/InvocationTargetException'{0x00000000c99f9dc0}> (0x00000000c99f9dc0) thrown at [src/hotspot/share/runtime/reflection.cpp, line 1245]
Event: 549,369 Thread 0x00007fdd7c0ac800 Exception <a 'java/lang/reflect/InvocationTargetException'{0x00000000c96261d8}> (0x00000000c96261d8) thrown at [src/hotspot/share/runtime/reflection.cpp, line 1245]
Event: 783,006 Thread 0x00007fdd7c0ae800 Exception <a 'java/lang/reflect/InvocationTargetException'{0x00000000c9470328}> (0x00000000c9470328) thrown at [src/hotspot/share/runtime/reflection.cpp, line 1245]
Event: 919,211 Thread 0x00007fdd7c015000 Exception <a 'java/lang/reflect/InvocationTargetException'{0x00000000c92a1410}> (0x00000000c92a1410) thrown at [src/hotspot/share/runtime/reflection.cpp, line 1245]

Events (20 events):
Event: 1167,990 Executing VM operation: GetOrSetLocal
Event: 1167,991 Executing VM operation: GetOrSetLocal done
Event: 1167,991 Executing VM operation: GetFrameLocation
Event: 1167,992 Executing VM operation: GetFrameLocation done
Event: 1167,994 Executing VM operation: GetOrSetLocal
Event: 1167,994 Executing VM operation: GetOrSetLocal done
Event: 1167,995 Executing VM operation: GetFrameLocation
Event: 1167,995 Executing VM operation: GetFrameLocation done
Event: 1167,996 Executing VM operation: GetOrSetLocal
Event: 1167,996 Executing VM operation: GetOrSetLocal done
Event: 1167,996 Executing VM operation: GetFrameLocation
Event: 1167,997 Executing VM operation: GetFrameLocation done
Event: 1167,997 Executing VM operation: GetOrSetLocal
Event: 1167,997 Executing VM operation: GetOrSetLocal done
Event: 1167,998 Executing VM operation: GetFrameLocation
Event: 1167,998 Executing VM operation: GetFrameLocation done
Event: 1167,998 Executing VM operation: GetOrSetLocal
Event: 1167,998 Executing VM operation: GetOrSetLocal done
Event: 1208,060 Thread 0x00007fdda8001800 Thread exited: 0x00007fdda8001800
Event: 1208,135 loading class jdk/internal/misc/Signal$1


Dynamic libraries:
c5a00000-cb200000 rw-p 00000000 00:00 0 
cb200000-ffe00000 ---p 00000000 00:00 0 
ffe00000-ffe47000 rw-p 01114000 08:06 6819997                            /usr/lib/jvm/java-11-openjdk-amd64/lib/server/classes.jsa
ffe47000-fff00000 rw-p 00000000 00:00 0 
fff00000-fff6b000 rw-p 010a9000 08:06 6819997                            /usr/lib/jvm/java-11-openjdk-amd64/lib/server/classes.jsa
fff6b000-100000000 rw-p 00000000 00:00 0 
800000000-800002000 rwxp 00001000 08:06 6819997                          /usr/lib/jvm/java-11-openjdk-amd64/lib/server/classes.jsa
800002000-8010a8000 rw-p 00003000 08:06 6819997                          /usr/lib/jvm/java-11-openjdk-amd64/lib/server/classes.jsa
840000000-840920000 rw-p 00000000 00:00 0 
840920000-880000000 ---p 00000000 00:00 0 
55db0f886000-55db0f887000 r--p 00000000 08:06 6819645                    /usr/lib/jvm/java-11-openjdk-amd64/bin/java
55db0f887000-55db0f888000 r-xp 00001000 08:06 6819645                    /usr/lib/jvm/java-11-openjdk-amd64/bin/java
55db0f888000-55db0f889000 r--p 00002000 08:06 6819645                    /usr/lib/jvm/java-11-openjdk-amd64/bin/java
55db0f889000-55db0f88a000 r--p 00002000 08:06 6819645                    /usr/lib/jvm/java-11-openjdk-amd64/bin/java
55db0f88a000-55db0f88b000 rw-p 00003000 08:06 6819645                    /usr/lib/jvm/java-11-openjdk-amd64/bin/java
55db104f7000-55db105af000 rw-p 00000000 00:00 0                          [heap]
7fdd68000000-7fdd68384000 rw-p 00000000 00:00 0 
7fdd68384000-7fdd6c000000 ---p 00000000 00:00 0 
7fdd70000000-7fdd7004a000 rw-p 00000000 00:00 0 
7fdd7004a000-7fdd74000000 ---p 00000000 00:00 0 
7fdd74000000-7fdd74244000 rw-p 00000000 00:00 0 
7fdd74244000-7fdd78000000 ---p 00000000 00:00 0 
7fdd78000000-7fdd7806d000 rw-p 00000000 00:00 0 
7fdd7806d000-7fdd7c000000 ---p 00000000 00:00 0 
7fdd7c000000-7fdd7c0b4000 rw-p 00000000 00:00 0 
7fdd7c0b4000-7fdd80000000 ---p 00000000 00:00 0 
7fdd80000000-7fdd800e4000 rw-p 00000000 00:00 0 
7fdd800e4000-7fdd84000000 ---p 00000000 00:00 0 
7fdd84000000-7fdd8405d000 rw-p 00000000 00:00 0 
7fdd8405d000-7fdd88000000 ---p 00000000 00:00 0 
7fdd88000000-7fdd88021000 rw-p 00000000 00:00 0 
7fdd88021000-7fdd8c000000 ---p 00000000 00:00 0 
7fdd8c009000-7fdd8c00d000 ---p 00000000 00:00 0 
7fdd8c00d000-7fdd8c10a000 rw-p 00000000 00:00 0 
7fdd8c10a000-7fdd8c10e000 ---p 00000000 00:00 0 
7fdd8c10e000-7fdd8c20b000 rw-p 00000000 00:00 0 
7fdd8c20b000-7fdd8c20f000 ---p 00000000 00:00 0 
7fdd8c20f000-7fdd8c30c000 rw-p 00000000 00:00 0 
7fdd8c30c000-7fdd8c310000 ---p 00000000 00:00 0 
7fdd8c310000-7fdd8c44d000 rw-p 00000000 00:00 0 
7fdd8c44d000-7fdd8c60d000 ---p 00000000 00:00 0 
7fdd8c60d000-7fdd8c611000 ---p 00000000 00:00 0 
7fdd8c611000-7fdd8c70e000 rw-p 00000000 00:00 0 
7fdd8c70e000-7fdd8c712000 ---p 00000000 00:00 0 
7fdd8c712000-7fdd8c80f000 rw-p 00000000 00:00 0 
7fdd8c80f000-7fdd8c813000 ---p 00000000 00:00 0 
7fdd8c813000-7fdd8c910000 rw-p 00000000 00:00 0 
7fdd8c910000-7fdd8c914000 ---p 00000000 00:00 0 
7fdd8c914000-7fdd8cc11000 rw-p 00000000 00:00 0 
7fdd8cc11000-7fdd8ce11000 rw-p 00000000 00:00 0 
7fdd8ce11000-7fdd8ce15000 ---p 00000000 00:00 0 
7fdd8ce15000-7fdd8cf12000 rw-p 00000000 00:00 0 
7fdd8cf12000-7fdd8cf16000 ---p 00000000 00:00 0 
7fdd8cf16000-7fdd8d013000 rw-p 00000000 00:00 0 
7fdd8d013000-7fdd8d017000 ---p 00000000 00:00 0 
7fdd8d017000-7fdd8d114000 rw-p 00000000 00:00 0 
7fdd8d114000-7fdd8d118000 ---p 00000000 00:00 0 
7fdd8d118000-7fdd8d415000 rw-p 00000000 00:00 0 
7fdd8d415000-7fdd8d615000 rw-p 00000000 00:00 0 
7fdd8d615000-7fdd8d619000 ---p 00000000 00:00 0 
7fdd8d619000-7fdd8d716000 rw-p 00000000 00:00 0 
7fdd8d716000-7fdd8d71a000 ---p 00000000 00:00 0 
7fdd8d71a000-7fdd8da17000 rw-p 00000000 00:00 0 
7fdd8da17000-7fdd8dc17000 rw-p 00000000 00:00 0 
7fdd8dc17000-7fdd8de17000 rw-p 00000000 00:00 0 
7fdd8de17000-7fdd8e017000 rw-p 00000000 00:00 0 
7fdd8e017000-7fdd8e217000 rw-p 00000000 00:00 0 
7fdd8e217000-7fdd8e417000 rw-p 00000000 00:00 0 
7fdd8e417000-7fdd8e41b000 ---p 00000000 00:00 0 
7fdd8e41b000-7fdd8e718000 rw-p 00000000 00:00 0 
7fdd8e718000-7fdd8e918000 rw-p 00000000 00:00 0 
7fdd8e918000-7fdd8eb18000 rw-p 00000000 00:00 0 
7fdd8eb18000-7fdd8ed18000 rw-p 00000000 00:00 0 
7fdd8ed18000-7fdd8ef18000 rw-p 00000000 00:00 0 
7fdd8ef18000-7fdd8f118000 rw-p 00000000 00:00 0 
7fdd8f118000-7fdd8f318000 rw-p 00000000 00:00 0 
7fdd8f318000-7fdd8f518000 rw-p 00000000 00:00 0 
7fdd8f518000-7fdd8f718000 rw-p 00000000 00:00 0 
7fdd8f800000-7fdd8fa00000 rw-p 00000000 00:00 0 
7fdd8fa00000-7fdd8fc00000 rw-p 00000000 00:00 0 
7fdd8fc00000-7fdd8fe00000 rw-p 00000000 00:00 0 
7fdd8fe00000-7fdd90000000 rw-p 00000000 00:00 0 
7fdd90000000-7fdd90021000 rw-p 00000000 00:00 0 
7fdd90021000-7fdd94000000 ---p 00000000 00:00 0 
7fdd94000000-7fdd94021000 rw-p 00000000 00:00 0 
7fdd94021000-7fdd98000000 ---p 00000000 00:00 0 
7fdd98000000-7fdd98021000 rw-p 00000000 00:00 0 
7fdd98021000-7fdd9c000000 ---p 00000000 00:00 0 
7fdd9c000000-7fdd9c2ef000 rw-p 00000000 00:00 0 
7fdd9c2ef000-7fdda0000000 ---p 00000000 00:00 0 
7fdda0000000-7fdda0021000 rw-p 00000000 00:00 0 
7fdda0021000-7fdda4000000 ---p 00000000 00:00 0 
7fdda4000000-7fdda4021000 rw-p 00000000 00:00 0 
7fdda4021000-7fdda8000000 ---p 00000000 00:00 0 
7fdda8000000-7fdda8071000 rw-p 00000000 00:00 0 
7fdda8071000-7fddac000000 ---p 00000000 00:00 0 
7fddac000000-7fddac021000 rw-p 00000000 00:00 0 
7fddac021000-7fddb0000000 ---p 00000000 00:00 0 
7fddb0000000-7fddb0021000 rw-p 00000000 00:00 0 
7fddb0021000-7fddb4000000 ---p 00000000 00:00 0 
7fddb4000000-7fddb4021000 rw-p 00000000 00:00 0 
7fddb4021000-7fddb8000000 ---p 00000000 00:00 0 
7fddb8000000-7fddbb9f5000 rw-p 00000000 00:00 0 
7fddbb9f5000-7fddbc000000 ---p 00000000 00:00 0 
7fddbc000000-7fddbcb51000 rw-p 00000000 00:00 0 
7fddbcb51000-7fddc0000000 ---p 00000000 00:00 0 
7fddc0000000-7fddc0021000 rw-p 00000000 00:00 0 
7fddc0021000-7fddc4000000 ---p 00000000 00:00 0 
7fddc4000000-7fddc4021000 rw-p 00000000 00:00 0 
7fddc4021000-7fddc8000000 ---p 00000000 00:00 0 
7fddc8000000-7fddc8021000 rw-p 00000000 00:00 0 
7fddc8021000-7fddcc000000 ---p 00000000 00:00 0 
7fddcc000000-7fddcc021000 rw-p 00000000 00:00 0 
7fddcc021000-7fddd0000000 ---p 00000000 00:00 0 
7fddd0000000-7fddd0021000 rw-p 00000000 00:00 0 
7fddd0021000-7fddd4000000 ---p 00000000 00:00 0 
7fddd4000000-7fddd41d5000 rw-p 00000000 00:00 0 
7fddd41d5000-7fddd8000000 ---p 00000000 00:00 0 
7fddd8000000-7fddd8021000 rw-p 00000000 00:00 0 
7fddd8021000-7fdddc000000 ---p 00000000 00:00 0 
7fdddc07c000-7fdddc080000 ---p 00000000 00:00 0 
7fdddc080000-7fdddc37d000 rw-p 00000000 00:00 0 
7fdddc37d000-7fdddc37e000 ---p 00000000 00:00 0 
7fdddc37e000-7fdddc47f000 rw-p 00000000 00:00 0 
7fdddc47f000-7fdddc480000 ---p 00000000 00:00 0 
7fdddc480000-7fdddc581000 rw-p 00000000 00:00 0 
7fdddc581000-7fdddc585000 ---p 00000000 00:00 0 
7fdddc585000-7fdddc882000 rw-p 00000000 00:00 0 
7fdddc882000-7fdddc883000 ---p 00000000 00:00 0 
7fdddc883000-7fdddc984000 rw-p 00000000 00:00 0 
7fdddc984000-7fdddc985000 ---p 00000000 00:00 0 
7fdddc985000-7fdddca86000 rw-p 00000000 00:00 0 
7fdddca86000-7fdddca8a000 ---p 00000000 00:00 0 
7fdddca8a000-7fdddcb87000 rw-p 00000000 00:00 0 
7fdddcb87000-7fdddcb8b000 ---p 00000000 00:00 0 
7fdddcb8b000-7fdddcc88000 rw-p 00000000 00:00 0 
7fdddcc88000-7fdddcc8c000 ---p 00000000 00:00 0 
7fdddcc8c000-7fdddcd89000 rw-p 00000000 00:00 0 
7fdddcd89000-7fdddcd8d000 ---p 00000000 00:00 0 
7fdddcd8d000-7fdddce8a000 rw-p 00000000 00:00 0 
7fdddce8a000-7fdddce8e000 ---p 00000000 00:00 0 
7fdddce8e000-7fdddcf8b000 rw-p 00000000 00:00 0 
7fdddcf8b000-7fdddcf8f000 ---p 00000000 00:00 0 
7fdddcf8f000-7fdddd08c000 rw-p 00000000 00:00 0 
7fdddd08c000-7fdddd090000 ---p 00000000 00:00 0 
7fdddd090000-7fdddd18d000 rw-p 00000000 00:00 0 
7fdddd18d000-7fdddd191000 ---p 00000000 00:00 0 
7fdddd191000-7fdddd28e000 rw-p 00000000 00:00 0 
7fdddd28e000-7fdddd800000 r--p 00000000 08:06 6691689                    /usr/lib/locale/locale-archive
7fdddd800000-7fdde0000000 rw-p 00000000 00:00 0 
7fdde0000000-7fdde0021000 rw-p 00000000 00:00 0 
7fdde0021000-7fdde4000000 ---p 00000000 00:00 0 
7fdde4000000-7fdde4024000 rw-p 00000000 00:00 0 
7fdde4024000-7fdde8000000 ---p 00000000 00:00 0 
7fdde8000000-7fdde803d000 rw-p 00000000 00:00 0 
7fdde803d000-7fddec000000 ---p 00000000 00:00 0 
7fddec035000-7fddec03d000 r--p 00000000 08:06 6819726                    /usr/lib/jvm/java-11-openjdk-amd64/lib/libsunec.so
7fddec03d000-7fddec056000 r-xp 00008000 08:06 6819726                    /usr/lib/jvm/java-11-openjdk-amd64/lib/libsunec.so
7fddec056000-7fddec060000 r--p 00021000 08:06 6819726                    /usr/lib/jvm/java-11-openjdk-amd64/lib/libsunec.so
7fddec060000-7fddec061000 ---p 0002b000 08:06 6819726                    /usr/lib/jvm/java-11-openjdk-amd64/lib/libsunec.so
7fddec061000-7fddec065000 r--p 0002b000 08:06 6819726                    /usr/lib/jvm/java-11-openjdk-amd64/lib/libsunec.so
7fddec065000-7fddec067000 rw-p 0002f000 08:06 6819726                    /usr/lib/jvm/java-11-openjdk-amd64/lib/libsunec.so
7fddec067000-7fddec068000 r--p 00000000 08:06 6819702                    /usr/lib/jvm/java-11-openjdk-amd64/lib/libextnet.so
7fddec068000-7fddec069000 r-xp 00001000 08:06 6819702                    /usr/lib/jvm/java-11-openjdk-amd64/lib/libextnet.so
7fddec069000-7fddec06a000 r--p 00002000 08:06 6819702                    /usr/lib/jvm/java-11-openjdk-amd64/lib/libextnet.so
7fddec06a000-7fddec06b000 r--p 00002000 08:06 6819702                    /usr/lib/jvm/java-11-openjdk-amd64/lib/libextnet.so
7fddec06b000-7fddec06c000 rw-p 00003000 08:06 6819702                    /usr/lib/jvm/java-11-openjdk-amd64/lib/libextnet.so
7fddec06c000-7fddec06e000 r--p 00000000 08:06 6819718                    /usr/lib/jvm/java-11-openjdk-amd64/lib/libmanagement_ext.so
7fddec06e000-7fddec071000 r-xp 00002000 08:06 6819718                    /usr/lib/jvm/java-11-openjdk-amd64/lib/libmanagement_ext.so
7fddec071000-7fddec073000 r--p 00005000 08:06 6819718                    /usr/lib/jvm/java-11-openjdk-amd64/lib/libmanagement_ext.so
7fddec073000-7fddec074000 r--p 00006000 08:06 6819718                    /usr/lib/jvm/java-11-openjdk-amd64/lib/libmanagement_ext.so
7fddec074000-7fddec075000 rw-p 00007000 08:06 6819718                    /usr/lib/jvm/java-11-openjdk-amd64/lib/libmanagement_ext.so
7fddec075000-7fddec09b000 r--p 00000000 08:06 7739987                    /usr/share/locale-langpack/pt_BR/LC_MESSAGES/libc.mo
7fddec09b000-7fddec09f000 r--p 00000000 08:06 6819720                    /usr/lib/jvm/java-11-openjdk-amd64/lib/libnet.so
7fddec09f000-7fddec0ae000 r-xp 00004000 08:06 6819720                    /usr/lib/jvm/java-11-openjdk-amd64/lib/libnet.so
7fddec0ae000-7fddec0b2000 r--p 00013000 08:06 6819720                    /usr/lib/jvm/java-11-openjdk-amd64/lib/libnet.so
7fddec0b2000-7fddec0b3000 r--p 00016000 08:06 6819720                    /usr/lib/jvm/java-11-openjdk-amd64/lib/libnet.so
7fddec0b3000-7fddec0b4000 rw-p 00017000 08:06 6819720                    /usr/lib/jvm/java-11-openjdk-amd64/lib/libnet.so
7fddec0b4000-7fddec0bb000 r--p 00000000 08:06 6819721                    /usr/lib/jvm/java-11-openjdk-amd64/lib/libnio.so
7fddec0bb000-7fddec0c3000 r-xp 00007000 08:06 6819721                    /usr/lib/jvm/java-11-openjdk-amd64/lib/libnio.so
7fddec0c3000-7fddec0c6000 r--p 0000f000 08:06 6819721                    /usr/lib/jvm/java-11-openjdk-amd64/lib/libnio.so
7fddec0c6000-7fddec0c7000 r--p 00011000 08:06 6819721                    /usr/lib/jvm/java-11-openjdk-amd64/lib/libnio.so
7fddec0c7000-7fddec0c8000 rw-p 00012000 08:06 6819721                    /usr/lib/jvm/java-11-openjdk-amd64/lib/libnio.so
7fddec0c8000-7fddec0cc000 ---p 00000000 00:00 0 
7fddec0cc000-7fddec1c9000 rw-p 00000000 00:00 0 
7fddec1c9000-7fddec1cd000 ---p 00000000 00:00 0 
7fddec1cd000-7fddec2ca000 rw-p 00000000 00:00 0 
7fddec2ca000-7fddec2ce000 ---p 00000000 00:00 0 
7fddec2ce000-7fddec3cb000 rw-p 00000000 00:00 0 
7fddec3cb000-7fddec3cc000 ---p 00000000 00:00 0 
7fddec3cc000-7fddec54e000 rw-p 00000000 00:00 0 
7fddec54e000-7fddec54f000 ---p 00000000 00:00 0 
7fddec54f000-7fddec650000 rw-p 00000000 00:00 0 
7fddec650000-7fddec651000 ---p 00000000 00:00 0 
7fddec651000-7fddec853000 rw-p 00000000 00:00 0 
7fddec853000-7fddecac3000 rwxp 00000000 00:00 0 
7fddecac3000-7fddecde3000 ---p 00000000 00:00 0 
7fddecde3000-7fddedb83000 rwxp 00000000 00:00 0 
7fddedb83000-7fddf431b000 ---p 00000000 00:00 0 
7fddf431b000-7fddf480b000 rwxp 00000000 00:00 0 
7fddf480b000-7fddfb853000 ---p 00000000 00:00 0 
7fde04000000-7fde05b09000 rw-p 00000000 00:00 0 
7fde05b09000-7fde08000000 ---p 00000000 00:00 0 
7fde08002000-7fde08005000 r--p 00000000 08:06 6819716                    /usr/lib/jvm/java-11-openjdk-amd64/lib/libmanagement.so
7fde08005000-7fde08006000 r-xp 00003000 08:06 6819716                    /usr/lib/jvm/java-11-openjdk-amd64/lib/libmanagement.so
7fde08006000-7fde08007000 r--p 00004000 08:06 6819716                    /usr/lib/jvm/java-11-openjdk-amd64/lib/libmanagement.so
7fde08007000-7fde08008000 r--p 00004000 08:06 6819716                    /usr/lib/jvm/java-11-openjdk-amd64/lib/libmanagement.so
7fde08008000-7fde08009000 rw-p 00005000 08:06 6819716                    /usr/lib/jvm/java-11-openjdk-amd64/lib/libmanagement.so
7fde08009000-7fde0800b000 r--p 00000000 08:06 6819701                    /usr/lib/jvm/java-11-openjdk-amd64/lib/libdt_socket.so
7fde0800b000-7fde0800e000 r-xp 00002000 08:06 6819701                    /usr/lib/jvm/java-11-openjdk-amd64/lib/libdt_socket.so
7fde0800e000-7fde0800f000 r--p 00005000 08:06 6819701                    /usr/lib/jvm/java-11-openjdk-amd64/lib/libdt_socket.so
7fde0800f000-7fde08010000 ---p 00006000 08:06 6819701                    /usr/lib/jvm/java-11-openjdk-amd64/lib/libdt_socket.so
7fde08010000-7fde08011000 r--p 00006000 08:06 6819701                    /usr/lib/jvm/java-11-openjdk-amd64/lib/libdt_socket.so
7fde08011000-7fde08012000 rw-p 00007000 08:06 6819701                    /usr/lib/jvm/java-11-openjdk-amd64/lib/libdt_socket.so
7fde08012000-7fde08019000 r--s 00000000 08:06 7348067                    /usr/lib/x86_64-linux-gnu/gconv/gconv-modules.cache
7fde08019000-7fde08377000 rw-p 00000000 00:00 0 
7fde08377000-7fde08378000 ---p 00000000 00:00 0 
7fde08378000-7fde08479000 rw-p 00000000 00:00 0 
7fde08479000-7fde0847a000 ---p 00000000 00:00 0 
7fde0847a000-7fde086fb000 rw-p 00000000 00:00 0 
7fde086fb000-7fde0942b000 ---p 00000000 00:00 0 
7fde0942b000-7fde09593000 rw-p 00000000 00:00 0 
7fde09593000-7fde0a2c3000 ---p 00000000 00:00 0 
7fde0a2c3000-7fde0a2f7000 rw-p 00000000 00:00 0 
7fde0a2f7000-7fde0a49d000 ---p 00000000 00:00 0 
7fde0a49d000-7fde0a4ca000 rw-p 00000000 00:00 0 
7fde0a4ca000-7fde0a670000 ---p 00000000 00:00 0 
7fde0a670000-7fde0a69d000 rw-p 00000000 00:00 0 
7fde0a69d000-7fde0a843000 ---p 00000000 00:00 0 
7fde0a843000-7fde0ac48000 rw-p 00000000 00:00 0 
7fde0ac48000-7fde0ac49000 ---p 00000000 00:00 0 
7fde0ac49000-7fde0ad54000 rw-p 00000000 00:00 0 
7fde0ad54000-7fde0ae35000 ---p 00000000 00:00 0 
7fde0ae35000-7fde0ae51000 rw-p 00000000 00:00 0 
7fde0ae51000-7fde0af20000 ---p 00000000 00:00 0 
7fde0af20000-7fde0af25000 rw-p 00000000 00:00 0 
7fde0af25000-7fde0af2c000 ---p 00000000 00:00 0 
7fde0af2c000-7fde0af2f000 r--p 00000000 08:06 6688645                    /usr/lib/x86_64-linux-gnu/libnss_files-2.31.so
7fde0af2f000-7fde0af36000 r-xp 00003000 08:06 6688645                    /usr/lib/x86_64-linux-gnu/libnss_files-2.31.so
7fde0af36000-7fde0af38000 r--p 0000a000 08:06 6688645                    /usr/lib/x86_64-linux-gnu/libnss_files-2.31.so
7fde0af38000-7fde0af39000 r--p 0000b000 08:06 6688645                    /usr/lib/x86_64-linux-gnu/libnss_files-2.31.so
7fde0af39000-7fde0af3a000 rw-p 0000c000 08:06 6688645                    /usr/lib/x86_64-linux-gnu/libnss_files-2.31.so
7fde0af3a000-7fde0af40000 rw-p 00000000 00:00 0 
7fde0af42000-7fde0af44000 r--p 00000000 08:06 6819729                    /usr/lib/jvm/java-11-openjdk-amd64/lib/libzip.so
7fde0af44000-7fde0af48000 r-xp 00002000 08:06 6819729                    /usr/lib/jvm/java-11-openjdk-amd64/lib/libzip.so
7fde0af48000-7fde0af4a000 r--p 00006000 08:06 6819729                    /usr/lib/jvm/java-11-openjdk-amd64/lib/libzip.so
7fde0af4a000-7fde0af4b000 r--p 00007000 08:06 6819729                    /usr/lib/jvm/java-11-openjdk-amd64/lib/libzip.so
7fde0af4b000-7fde0af4c000 rw-p 00008000 08:06 6819729                    /usr/lib/jvm/java-11-openjdk-amd64/lib/libzip.so
7fde0af4c000-7fde0af54000 rw-s 00000000 08:06 5901038                    /tmp/hsperfdata_gabriel/47768
7fde0af54000-7fde0af56000 r--p 00000000 08:06 6819704                    /usr/lib/jvm/java-11-openjdk-amd64/lib/libinstrument.so
7fde0af56000-7fde0af5c000 r-xp 00002000 08:06 6819704                    /usr/lib/jvm/java-11-openjdk-amd64/lib/libinstrument.so
7fde0af5c000-7fde0af5f000 r--p 00008000 08:06 6819704                    /usr/lib/jvm/java-11-openjdk-amd64/lib/libinstrument.so
7fde0af5f000-7fde0af60000 r--p 0000a000 08:06 6819704                    /usr/lib/jvm/java-11-openjdk-amd64/lib/libinstrument.so
7fde0af60000-7fde0af61000 rw-p 0000b000 08:06 6819704                    /usr/lib/jvm/java-11-openjdk-amd64/lib/libinstrument.so
7fde0af61000-7fde0af63000 r--p 00000000 08:06 6819711                    /usr/lib/jvm/java-11-openjdk-amd64/lib/libjdwp.so
7fde0af63000-7fde0af8f000 r-xp 00002000 08:06 6819711                    /usr/lib/jvm/java-11-openjdk-amd64/lib/libjdwp.so
7fde0af8f000-7fde0af9d000 r--p 0002e000 08:06 6819711                    /usr/lib/jvm/java-11-openjdk-amd64/lib/libjdwp.so
7fde0af9d000-7fde0af9e000 r--p 0003b000 08:06 6819711                    /usr/lib/jvm/java-11-openjdk-amd64/lib/libjdwp.so
7fde0af9e000-7fde0af9f000 rw-p 0003c000 08:06 6819711                    /usr/lib/jvm/java-11-openjdk-amd64/lib/libjdwp.so
7fde0af9f000-7fde0afa1000 r--p 00000000 08:06 6819712                    /usr/lib/jvm/java-11-openjdk-amd64/lib/libjimage.so
7fde0afa1000-7fde0afa4000 r-xp 00002000 08:06 6819712                    /usr/lib/jvm/java-11-openjdk-amd64/lib/libjimage.so
7fde0afa4000-7fde0afa5000 r--p 00005000 08:06 6819712                    /usr/lib/jvm/java-11-openjdk-amd64/lib/libjimage.so
7fde0afa5000-7fde0afa6000 ---p 00006000 08:06 6819712                    /usr/lib/jvm/java-11-openjdk-amd64/lib/libjimage.so
7fde0afa6000-7fde0afa7000 r--p 00006000 08:06 6819712                    /usr/lib/jvm/java-11-openjdk-amd64/lib/libjimage.so
7fde0afa7000-7fde0afa8000 rw-p 00007000 08:06 6819712                    /usr/lib/jvm/java-11-openjdk-amd64/lib/libjimage.so
7fde0afa8000-7fde0afb6000 r--p 00000000 08:06 6819709                    /usr/lib/jvm/java-11-openjdk-amd64/lib/libjava.so
7fde0afb6000-7fde0afcc000 r-xp 0000e000 08:06 6819709                    /usr/lib/jvm/java-11-openjdk-amd64/lib/libjava.so
7fde0afcc000-7fde0afd3000 r--p 00024000 08:06 6819709                    /usr/lib/jvm/java-11-openjdk-amd64/lib/libjava.so
7fde0afd3000-7fde0afd4000 r--p 0002a000 08:06 6819709                    /usr/lib/jvm/java-11-openjdk-amd64/lib/libjava.so
7fde0afd4000-7fde0afd5000 rw-p 0002b000 08:06 6819709                    /usr/lib/jvm/java-11-openjdk-amd64/lib/libjava.so
7fde0afd5000-7fde0afd6000 rw-p 00000000 00:00 0 
7fde0afd6000-7fde0afd9000 r--p 00000000 08:06 6688652                    /usr/lib/x86_64-linux-gnu/librt-2.31.so
7fde0afd9000-7fde0afdd000 r-xp 00003000 08:06 6688652                    /usr/lib/x86_64-linux-gnu/librt-2.31.so
7fde0afdd000-7fde0afde000 r--p 00007000 08:06 6688652                    /usr/lib/x86_64-linux-gnu/librt-2.31.so
7fde0afde000-7fde0afdf000 ---p 00008000 08:06 6688652                    /usr/lib/x86_64-linux-gnu/librt-2.31.so
7fde0afdf000-7fde0afe0000 r--p 00008000 08:06 6688652                    /usr/lib/x86_64-linux-gnu/librt-2.31.so
7fde0afe0000-7fde0afe1000 rw-p 00009000 08:06 6688652                    /usr/lib/x86_64-linux-gnu/librt-2.31.so
7fde0afe1000-7fde0afe5000 ---p 00000000 00:00 0 
7fde0afe5000-7fde0b0e2000 rw-p 00000000 00:00 0 
7fde0b0e2000-7fde0b0e5000 r--p 00000000 08:06 6692391                    /usr/lib/x86_64-linux-gnu/libgcc_s.so.1
7fde0b0e5000-7fde0b0f7000 r-xp 00003000 08:06 6692391                    /usr/lib/x86_64-linux-gnu/libgcc_s.so.1
7fde0b0f7000-7fde0b0fb000 r--p 00015000 08:06 6692391                    /usr/lib/x86_64-linux-gnu/libgcc_s.so.1
7fde0b0fb000-7fde0b0fc000 r--p 00018000 08:06 6692391                    /usr/lib/x86_64-linux-gnu/libgcc_s.so.1
7fde0b0fc000-7fde0b0fd000 rw-p 00019000 08:06 6692391                    /usr/lib/x86_64-linux-gnu/libgcc_s.so.1
7fde0b0fd000-7fde0b10c000 r--p 00000000 08:06 6688639                    /usr/lib/x86_64-linux-gnu/libm-2.31.so
7fde0b10c000-7fde0b1b3000 r-xp 0000f000 08:06 6688639                    /usr/lib/x86_64-linux-gnu/libm-2.31.so
7fde0b1b3000-7fde0b24a000 r--p 000b6000 08:06 6688639                    /usr/lib/x86_64-linux-gnu/libm-2.31.so
7fde0b24a000-7fde0b24b000 r--p 0014c000 08:06 6688639                    /usr/lib/x86_64-linux-gnu/libm-2.31.so
7fde0b24b000-7fde0b24c000 rw-p 0014d000 08:06 6688639                    /usr/lib/x86_64-linux-gnu/libm-2.31.so
7fde0b24c000-7fde0b2e2000 r--p 00000000 08:06 6693207                    /usr/lib/x86_64-linux-gnu/libstdc++.so.6.0.28
7fde0b2e2000-7fde0b3d2000 r-xp 00096000 08:06 6693207                    /usr/lib/x86_64-linux-gnu/libstdc++.so.6.0.28
7fde0b3d2000-7fde0b41b000 r--p 00186000 08:06 6693207                    /usr/lib/x86_64-linux-gnu/libstdc++.so.6.0.28
7fde0b41b000-7fde0b41c000 ---p 001cf000 08:06 6693207                    /usr/lib/x86_64-linux-gnu/libstdc++.so.6.0.28
7fde0b41c000-7fde0b427000 r--p 001cf000 08:06 6693207                    /usr/lib/x86_64-linux-gnu/libstdc++.so.6.0.28
7fde0b427000-7fde0b42a000 rw-p 001da000 08:06 6693207                    /usr/lib/x86_64-linux-gnu/libstdc++.so.6.0.28
7fde0b42a000-7fde0b42d000 rw-p 00000000 00:00 0 
7fde0b42d000-7fde0b6ae000 r--p 00000000 08:06 6819733                    /usr/lib/jvm/java-11-openjdk-amd64/lib/server/libjvm.so
7fde0b6ae000-7fde0c32e000 r-xp 00281000 08:06 6819733                    /usr/lib/jvm/java-11-openjdk-amd64/lib/server/libjvm.so
7fde0c32e000-7fde0c589000 r--p 00f01000 08:06 6819733                    /usr/lib/jvm/java-11-openjdk-amd64/lib/server/libjvm.so
7fde0c589000-7fde0c64d000 r--p 0115b000 08:06 6819733                    /usr/lib/jvm/java-11-openjdk-amd64/lib/server/libjvm.so
7fde0c64d000-7fde0c688000 rw-p 0121f000 08:06 6819733                    /usr/lib/jvm/java-11-openjdk-amd64/lib/server/libjvm.so
7fde0c688000-7fde0c6e1000 rw-p 00000000 00:00 0 
7fde0c6e1000-7fde0c6e8000 r--p 00000000 08:06 6688650                    /usr/lib/x86_64-linux-gnu/libpthread-2.31.so
7fde0c6e8000-7fde0c6f9000 r-xp 00007000 08:06 6688650                    /usr/lib/x86_64-linux-gnu/libpthread-2.31.so
7fde0c6f9000-7fde0c6fe000 r--p 00018000 08:06 6688650                    /usr/lib/x86_64-linux-gnu/libpthread-2.31.so
7fde0c6fe000-7fde0c6ff000 r--p 0001c000 08:06 6688650                    /usr/lib/x86_64-linux-gnu/libpthread-2.31.so
7fde0c6ff000-7fde0c700000 rw-p 0001d000 08:06 6688650                    /usr/lib/x86_64-linux-gnu/libpthread-2.31.so
7fde0c700000-7fde0c704000 rw-p 00000000 00:00 0 
7fde0c704000-7fde0c705000 r--p 00000000 08:06 6688638                    /usr/lib/x86_64-linux-gnu/libdl-2.31.so
7fde0c705000-7fde0c707000 r-xp 00001000 08:06 6688638                    /usr/lib/x86_64-linux-gnu/libdl-2.31.so
7fde0c707000-7fde0c708000 r--p 00003000 08:06 6688638                    /usr/lib/x86_64-linux-gnu/libdl-2.31.so
7fde0c708000-7fde0c709000 r--p 00003000 08:06 6688638                    /usr/lib/x86_64-linux-gnu/libdl-2.31.so
7fde0c709000-7fde0c70a000 rw-p 00004000 08:06 6688638                    /usr/lib/x86_64-linux-gnu/libdl-2.31.so
7fde0c70a000-7fde0c70c000 r--p 00000000 08:06 6693484                    /usr/lib/x86_64-linux-gnu/libz.so.1.2.11
7fde0c70c000-7fde0c71d000 r-xp 00002000 08:06 6693484                    /usr/lib/x86_64-linux-gnu/libz.so.1.2.11
7fde0c71d000-7fde0c723000 r--p 00013000 08:06 6693484                    /usr/lib/x86_64-linux-gnu/libz.so.1.2.11
7fde0c723000-7fde0c724000 ---p 00019000 08:06 6693484                    /usr/lib/x86_64-linux-gnu/libz.so.1.2.11
7fde0c724000-7fde0c725000 r--p 00019000 08:06 6693484                    /usr/lib/x86_64-linux-gnu/libz.so.1.2.11
7fde0c725000-7fde0c726000 rw-p 0001a000 08:06 6693484                    /usr/lib/x86_64-linux-gnu/libz.so.1.2.11
7fde0c726000-7fde0c74b000 r--p 00000000 08:06 6688637                    /usr/lib/x86_64-linux-gnu/libc-2.31.so
7fde0c74b000-7fde0c8c3000 r-xp 00025000 08:06 6688637                    /usr/lib/x86_64-linux-gnu/libc-2.31.so
7fde0c8c3000-7fde0c90d000 r--p 0019d000 08:06 6688637                    /usr/lib/x86_64-linux-gnu/libc-2.31.so
7fde0c90d000-7fde0c90e000 ---p 001e7000 08:06 6688637                    /usr/lib/x86_64-linux-gnu/libc-2.31.so
7fde0c90e000-7fde0c911000 r--p 001e7000 08:06 6688637                    /usr/lib/x86_64-linux-gnu/libc-2.31.so
7fde0c911000-7fde0c914000 rw-p 001ea000 08:06 6688637                    /usr/lib/x86_64-linux-gnu/libc-2.31.so
7fde0c914000-7fde0c918000 rw-p 00000000 00:00 0 
7fde0c918000-7fde0c919000 ---p 00000000 00:00 0 
7fde0c919000-7fde0c91a000 r--p 00000000 00:00 0 
7fde0c91a000-7fde0c91f000 r--p 00000000 08:06 6819728                    /usr/lib/jvm/java-11-openjdk-amd64/lib/libverify.so
7fde0c91f000-7fde0c926000 r-xp 00005000 08:06 6819728                    /usr/lib/jvm/java-11-openjdk-amd64/lib/libverify.so
7fde0c926000-7fde0c928000 r--p 0000c000 08:06 6819728                    /usr/lib/jvm/java-11-openjdk-amd64/lib/libverify.so
7fde0c928000-7fde0c929000 ---p 0000e000 08:06 6819728                    /usr/lib/jvm/java-11-openjdk-amd64/lib/libverify.so
7fde0c929000-7fde0c92b000 r--p 0000e000 08:06 6819728                    /usr/lib/jvm/java-11-openjdk-amd64/lib/libverify.so
7fde0c92b000-7fde0c92c000 rw-p 00010000 08:06 6819728                    /usr/lib/jvm/java-11-openjdk-amd64/lib/libverify.so
7fde0c92c000-7fde0c92f000 r--p 00000000 08:06 6819694                    /usr/lib/jvm/java-11-openjdk-amd64/lib/jli/libjli.so
7fde0c92f000-7fde0c939000 r-xp 00003000 08:06 6819694                    /usr/lib/jvm/java-11-openjdk-amd64/lib/jli/libjli.so
7fde0c939000-7fde0c93c000 r--p 0000d000 08:06 6819694                    /usr/lib/jvm/java-11-openjdk-amd64/lib/jli/libjli.so
7fde0c93c000-7fde0c93d000 ---p 00010000 08:06 6819694                    /usr/lib/jvm/java-11-openjdk-amd64/lib/jli/libjli.so
7fde0c93d000-7fde0c93e000 r--p 00010000 08:06 6819694                    /usr/lib/jvm/java-11-openjdk-amd64/lib/jli/libjli.so
7fde0c93e000-7fde0c93f000 rw-p 00011000 08:06 6819694                    /usr/lib/jvm/java-11-openjdk-amd64/lib/jli/libjli.so
7fde0c93f000-7fde0c941000 rw-p 00000000 00:00 0 
7fde0c941000-7fde0c942000 r--p 00000000 08:06 6688576                    /usr/lib/x86_64-linux-gnu/ld-2.31.so
7fde0c942000-7fde0c965000 r-xp 00001000 08:06 6688576                    /usr/lib/x86_64-linux-gnu/ld-2.31.so
7fde0c965000-7fde0c96d000 r--p 00024000 08:06 6688576                    /usr/lib/x86_64-linux-gnu/ld-2.31.so
7fde0c96e000-7fde0c96f000 r--p 0002c000 08:06 6688576                    /usr/lib/x86_64-linux-gnu/ld-2.31.so
7fde0c96f000-7fde0c970000 rw-p 0002d000 08:06 6688576                    /usr/lib/x86_64-linux-gnu/ld-2.31.so
7fde0c970000-7fde0c971000 rw-p 00000000 00:00 0 
7ffce769a000-7ffce76bd000 rw-p 00000000 00:00 0                          [stack]
7ffce777e000-7ffce7781000 r--p 00000000 00:00 0                          [vvar]
7ffce7781000-7ffce7782000 r-xp 00000000 00:00 0                          [vdso]
ffffffffff600000-ffffffffff601000 --xp 00000000 00:00 0                  [vsyscall]


VM Arguments:
jvm_args: -agentlib:jdwp=transport=dt_socket,suspend=y,address=localhost:41687 -javaagent:/home/gabriel/eclipse/java-2021-12/eclipse/configuration/org.eclipse.osgi/219/0/.cp/lib/javaagent-shaded.jar -Dfile.encoding=UTF-8 
java_command: com.br.example.prj.biblioteca.ProjetoBibliotecaApplication
java_class_path (initial): /home/gabriel/Downloads/prj-integrador/target/classes:/home/gabriel/.m2/repository/org/springframework/boot/spring-boot-starter-data-jpa/2.5.4/spring-boot-starter-data-jpa-2.5.4.jar:/home/gabriel/.m2/repository/org/springframework/boot/spring-boot-starter-aop/2.5.4/spring-boot-starter-aop-2.5.4.jar:/home/gabriel/.m2/repository/org/aspectj/aspectjweaver/1.9.7/aspectjweaver-1.9.7.jar:/home/gabriel/.m2/repository/org/springframework/boot/spring-boot-starter-jdbc/2.5.4/spring-boot-starter-jdbc-2.5.4.jar:/home/gabriel/.m2/repository/com/zaxxer/HikariCP/4.0.3/HikariCP-4.0.3.jar:/home/gabriel/.m2/repository/org/springframework/spring-jdbc/5.3.9/spring-jdbc-5.3.9.jar:/home/gabriel/.m2/repository/jakarta/transaction/jakarta.transaction-api/1.3.3/jakarta.transaction-api-1.3.3.jar:/home/gabriel/.m2/repository/jakarta/persistence/jakarta.persistence-api/2.2.3/jakarta.persistence-api-2.2.3.jar:/home/gabriel/.m2/repository/org/hibernate/hibernate-core/5.4.32.Final/hibernate-core-5.4.32.Final.jar:/home/gabriel/.m2/repository/org/jboss/logging/jboss-logging/3.4.2.Final/jboss-logging-3.4.2.Final.jar:/home/gabriel/.m2/repository/org/javassist/javassist/3.27.0-GA/javassist-3.27.0-GA.jar:/home/gabriel/.m2/repository/net/bytebuddy/byte-buddy/1.10.22/byte-buddy-1.10.22.jar:/home/gabriel/.m2/repository/antlr/antlr/2.7.7/antlr-2.7.7.jar:/home/gabriel/.m2/repository/org/jboss/jandex/2.2.3.Final/jandex-2.2.3.Final.jar:/home/gabriel/.m2/repository/com/fasterxml/classmate/1.5.1/classmate-1.5.1.jar:/home/gabriel/.m2/repository/org/dom4j/dom4j/2.1.3/dom4j-2.1.3.jar:/home/gabriel/.m2/repository/org/hibernate/common/hibernate-commons-annotations/5.1.2.Final/hibernate-commons-annotations-5.1.2.Final.jar:/home/gabriel/.m2/repository/org/glassfish/jaxb/jaxb-runtime/2.3.5/jaxb-runtime-2.3.5.jar:/home/gabriel/.m2/repository/org/glassfish/jaxb/txw2/2.3.5/txw2-2.3.5.jar:/home/gabriel/.m2/repository/com/sun/istack/istack-commons-runtime/3.0.12/istack-commons-runtime-3.0.12.jar
Launcher Type: SUN_STANDARD

[Global flags]
     intx CICompilerCount                          = 3                                         {product} {ergonomic}
     uint ConcGCThreads                            = 1                                         {product} {ergonomic}
     uint G1ConcRefinementThreads                  = 4                                         {product} {ergonomic}
   size_t G1HeapRegionSize                         = 1048576                                   {product} {ergonomic}
    uintx GCDrainStackTargetSize                   = 64                                        {product} {ergonomic}
   size_t InitialHeapSize                          = 62914560                                  {product} {ergonomic}
   size_t MarkStackSize                            = 4194304                                   {product} {ergonomic}
   size_t MaxHeapSize                              = 979369984                                 {product} {ergonomic}
   size_t MaxNewSize                               = 587202560                                 {product} {ergonomic}
   size_t MinHeapDeltaBytes                        = 1048576                                   {product} {ergonomic}
    uintx NonNMethodCodeHeapSize                   = 5830732                                {pd product} {ergonomic}
    uintx NonProfiledCodeHeapSize                  = 122913754                              {pd product} {ergonomic}
    uintx ProfiledCodeHeapSize                     = 122913754                              {pd product} {ergonomic}
    uintx ReservedCodeCacheSize                    = 251658240                              {pd product} {ergonomic}
     bool SegmentedCodeCache                       = true                                      {product} {ergonomic}
     bool UseCompressedClassPointers               = true                                 {lp64_product} {ergonomic}
     bool UseCompressedOops                        = true                                 {lp64_product} {ergonomic}
     bool UseG1GC                                  = true                                      {product} {ergonomic}

Logging:
Log output configuration:
 #0: stdout all=warning uptime,level,tags
 #1: stderr all=off uptime,level,tags

Environment Variables:
PATH=/usr/local/sbin:/usr/local/bin:/usr/sbin:/usr/bin:/sbin:/bin:/usr/games:/usr/local/games:/snap/bin
SHELL=/bin/bash
DISPLAY=:0
LANG=pt_BR.UTF-8

Signal Handlers:
SIGSEGV: [libjvm.so+0xe8e8d0], sa_mask[0]=11111111011111111101111111111110