#
# A fatal error has been detected by the Java Runtime Environment:
#
#  SIGSEGV (0xb) at pc=0x00007f1896fb80ad, pid=6119, tid=6135
#
# JRE version: OpenJDK Runtime Environment (11.0.13+8) (build 11.0.13+8-Ubuntu-0ubuntu1.20.04)
# Java VM: OpenJDK 64-Bit Server VM (11.0.13+8-Ubuntu-0ubuntu1.20.04, mixed mode, sharing, tiered, compressed oops, g1 gc, linux-amd64)
# Problematic frame:
# C  [libjimage.so+0x30ad]
#
# Core dump will be written. Default location: Core dumps may be processed with "/lib/systemd/systemd-coredump %P %u %g %s %t 9223372036854775808 %h" (or dumping to /home/gabriel/Downloads/prj-integrador/core.6119)
#
# If you would like to submit a bug report, please visit:
#   https://bugs.launchpad.net/ubuntu/+source/openjdk-lts
#

---------------  S U M M A R Y ------------

Command Line: -agentlib:jdwp=transport=dt_socket,suspend=y,address=localhost:35813 -javaagent:/home/gabriel/eclipse/java-2021-12/eclipse/configuration/org.eclipse.osgi/219/0/.cp/lib/javaagent-shaded.jar -Dfile.encoding=UTF-8 com.br.example.prj.biblioteca.ProjetoBibliotecaApplication

Host: Intel(R) Core(TM) i5 CPU       M 460  @ 2.53GHz, 4 cores, 3G, Linux Mint 20.1 Ulyssa
Time: Mon Mar  7 09:25:42 2022 -03 elapsed time: 1780.379220 seconds (0d 0h 29m 40s)

---------------  T H R E A D  ---------------

Current thread (0x00007f189012e000):  JavaThread "Signal Dispatcher" daemon [_thread_in_vm, id=6135, stack(0x00007f18780c8000,0x00007f18781c9000)]

Stack: [0x00007f18780c8000,0x00007f18781c9000],  sp=0x00007f18781c6200,  free space=1016k
Native frames: (J=compiled Java code, A=aot compiled Java code, j=interpreted, Vv=VM code, C=native code)
C  [libjimage.so+0x30ad]
C  [libjimage.so+0x3ca2]
C  [libjimage.so+0x4191]  JIMAGE_FindResource+0xf1
V  [libjvm.so+0x5b8c41]
V  [libjvm.so+0x5bb261]
V  [libjvm.so+0xdee4ed]
V  [libjvm.so+0xded08a]
V  [libjvm.so+0xdef63b]
V  [libjvm.so+0x66b15e]
V  [libjvm.so+0x85b166]
j  jdk.internal.misc.Signal.dispatch(I)V+25 java.base@11.0.13
v  ~StubRoutines::call_stub
V  [libjvm.so+0x863bf4]
V  [libjvm.so+0x862c32]
V  [libjvm.so+0xbce34e]
V  [libjvm.so+0xe24e0f]
V  [libjvm.so+0xe21850]
V  [libjvm.so+0xbe0406]

Java frames: (J=compiled Java code, j=interpreted, Vv=VM code)
j  jdk.internal.misc.Signal.dispatch(I)V+25 java.base@11.0.13
v  ~StubRoutines::call_stub

siginfo: si_signo: 11 (SIGSEGV), si_code: 1 (SEGV_MAPERR), si_addr: 0x00007f188786eb9c

Register to memory mapping:

RAX=0x0000000000006ee0 is an unknown value
RBX=0x00007f18781c62b1 is pointing into the stack for thread: 0x00007f189012e000
RCX=0x00007f18781c62d3 is pointing into the stack for thread: 0x00007f189012e000
RDX=0x0000000000006ee0 is an unknown value
RSP=0x00007f18781c6200 is pointing into the stack for thread: 0x00007f189012e000
RBP=0x00007f18781c6220 is pointing into the stack for thread: 0x00007f189012e000
RSI=0x0 is NULL
RDI=0x00007f1896fbd030: <offset 0x0000000000008030> in /usr/lib/jvm/java-11-openjdk-amd64/lib/libjimage.so at 0x00007f1896fb5000
R8 =0x00007f188785301c is an unknown value
R9 =0x00007f18781c70c0 is pointing into the stack for thread: 0x00007f189012e000
R10=0x0000000000000021 is an unknown value
R11=0x00007f18988ee210: <offset 0x00000000001b2210> in /lib/x86_64-linux-gnu/libc.so.6 at 0x00007f189873c000
R12=0x0000000000008457 is an unknown value
R13=0x00007f18781c62b0 is pointing into the stack for thread: 0x00007f189012e000
R14=0x0 is NULL
R15=0x00007f189012ec50 points into unknown readable memory: 0x65746e692f6b646a | 6a 64 6b 2f 69 6e 74 65


Registers:
RAX=0x0000000000006ee0, RBX=0x00007f18781c62b1, RCX=0x00007f18781c62d3, RDX=0x0000000000006ee0
RSP=0x00007f18781c6200, RBP=0x00007f18781c6220, RSI=0x0000000000000000, RDI=0x00007f1896fbd030
R8 =0x00007f188785301c, R9 =0x00007f18781c70c0, R10=0x0000000000000021, R11=0x00007f18988ee210
R12=0x0000000000008457, R13=0x00007f18781c62b0, R14=0x0000000000000000, R15=0x00007f189012ec50
RIP=0x00007f1896fb80ad, EFLAGS=0x0000000000010246, CSGSFS=0x002b000000000033, ERR=0x0000000000000004
  TRAPNO=0x000000000000000e

Top of Stack: (sp=0x00007f18781c6200)
0x00007f18781c6200:   0000000000000000 00007f18781c7348
0x00007f18781c6210:   00007f1890009be0 00007f18781c62b0
0x00007f18781c6220:   00007f18781c6290 00007f1896fb8ca2
0x00007f18781c6230:   0000000000000000 0000000000000000 

Instructions: (pc=0x00007f1896fb80ad)
0x00007f1896fb7fad:   f3 ff ff 44 03 65 90 e9 3f fe ff ff 0f 1f 80 00
0x00007f1896fb7fbd:   00 00 00 41 8b 10 41 89 55 00 41 8b 54 00 fc 41
0x00007f1896fb7fcd:   89 54 05 fc e9 82 fc ff ff 66 2e 0f 1f 84 00 00
0x00007f1896fb7fdd:   00 00 00 b9 0a 00 00 00 e9 f0 fc ff ff 41 0f b7
0x00007f1896fb7fed:   54 00 fe 66 41 89 54 05 fe e9 5d fc ff ff 0f 1f
0x00007f1896fb7ffd:   44 00 00 f3 0f 1e fa 0f b6 17 89 f0 89 f1 4c 8d
0x00007f1896fb800d:   47 01 84 d2 74 1c 0f 1f 44 00 00 69 c9 93 01 00
0x00007f1896fb801d:   01 49 83 c0 01 31 d1 41 0f b6 50 ff 84 d2 75 eb
0x00007f1896fb802d:   89 c8 25 ff ff ff 7f c3 90 66 2e 0f 1f 84 00 00
0x00007f1896fb803d:   00 00 00 f3 0f 1e fa 48 85 d2 0f 84 da 00 00 00
0x00007f1896fb804d:   55 48 89 e5 41 55 41 54 41 89 cc 53 48 83 ec 08
0x00007f1896fb805d:   85 c9 0f 84 ba 00 00 00 49 89 f5 48 8d 5e 01 0f
0x00007f1896fb806d:   b6 36 49 89 d0 40 84 f6 0f 84 9d 00 00 00 48 89
0x00007f1896fb807d:   d9 b8 93 01 00 01 0f 1f 44 00 00 69 d0 93 01 00
0x00007f1896fb808d:   01 48 83 c1 01 40 0f b6 c6 0f b6 71 ff 31 d0 40
0x00007f1896fb809d:   84 f6 75 e7 25 ff ff ff 7f 31 d2 41 f7 f4 89 d0
0x00007f1896fb80ad:   41 8b 34 80 48 8b 07 ff 50 20 85 c0 7f 15 74 62
0x00007f1896fb80bd:   f7 d0 41 89 c0 48 83 c4 08 44 89 c0 5b 41 5c 41
0x00007f1896fb80cd:   5d 5d c3 41 0f b6 4d 00 89 c6 84 c9 74 1b 0f 1f
0x00007f1896fb80dd:   44 00 00 69 f6 93 01 00 01 48 83 c3 01 31 ce 0f
0x00007f1896fb80ed:   b6 4b ff 84 c9 75 ec 89 f0 25 ff ff ff 7f 31 d2
0x00007f1896fb80fd:   48 83 c4 08 41 f7 f4 5b 41 5c 41 5d 5d 41 89 d0
0x00007f1896fb810d:   44 89 c0 c3 0f 1f 80 00 00 00 00 b8 93 01 00 01
0x00007f1896fb811d:   eb 87 41 b8 ff ff ff ff eb 9b 41 83 c8 ff 44 89
0x00007f1896fb812d:   c0 c3 90 f3 0f 1e fa eb 1d 66 2e 0f 1f 84 00 00
0x00007f1896fb813d:   00 00 00 0f b6 16 84 d2 74 13 38 c2 75 15 48 83
0x00007f1896fb814d:   c7 01 48 83 c6 01 0f b6 07 84 c0 75 e6 48 89 f8
0x00007f1896fb815d:   c3 66 90 31 c0 c3 90 66 66 2e 0f 1f 84 00 00 00
0x00007f1896fb816d:   00 00 90 f3 0f 1e fa 48 85 f6 74 51 0f b6 06 84
0x00007f1896fb817d:   c0 74 4a 0f b6 d0 83 e0 07 c1 fa 03 44 8d 50 01
0x00007f1896fb818d:   0f b6 c0 41 89 d1 4c 8d 44 06 02 48 8d 56 01 31
0x00007f1896fb819d:   c0 66 90 0f b6 0a 48 c1 e0 08 48 83 c2 01 48 09 


Stack slot to memory mapping:
stack at sp + 0 slots: 0x0 is NULL
stack at sp + 1 slots: 0x00007f18781c7348 is pointing into the stack for thread: 0x00007f189012e000
stack at sp + 2 slots: 0x00007f1890009be0 points into unknown readable memory: 0x00007f1834031b90 | 90 1b 03 34 18 7f 00 00
stack at sp + 3 slots: 0x00007f18781c62b0 is pointing into the stack for thread: 0x00007f189012e000
stack at sp + 4 slots: 0x00007f18781c6290 is pointing into the stack for thread: 0x00007f189012e000
stack at sp + 5 slots: 0x00007f1896fb8ca2: <offset 0x0000000000003ca2> in /usr/lib/jvm/java-11-openjdk-amd64/lib/libjimage.so at 0x00007f1896fb5000
stack at sp + 6 slots: 0x0 is NULL
stack at sp + 7 slots: 0x0 is NULL


---------------  P R O C E S S  ---------------

Threads class SMR info:
_java_thread_list=0x00007f182c004230, length=24, elements={
0x00007f1890126800, 0x00007f1890128800, 0x00007f189012e000, 0x00007f1890130000,
0x00007f1890132800, 0x00007f1890134800, 0x00007f1890136800, 0x00007f189014c800,
0x00007f1890197000, 0x00007f189019b800, 0x00007f1890898800, 0x00007f1891946000,
0x00007f1891cf5000, 0x00007f180c004000, 0x00007f1891cd7000, 0x00007f1891f74000,
0x00007f1891f75000, 0x00007f189001a000, 0x00007f1808003000, 0x00007f1808004800,
0x00007f1808006800, 0x00007f1808008000, 0x00007f1814003800, 0x00007f1814005000
}

Java Threads: ( => current thread )
  0x00007f1890126800 JavaThread "Reference Handler" daemon [_thread_blocked, id=6133, stack(0x00007f18782ca000,0x00007f18783cb000)]
  0x00007f1890128800 JavaThread "Finalizer" daemon [_thread_blocked, id=6134, stack(0x00007f18781c9000,0x00007f18782ca000)]
=>0x00007f189012e000 JavaThread "Signal Dispatcher" daemon [_thread_in_vm, id=6135, stack(0x00007f18780c8000,0x00007f18781c9000)]
  0x00007f1890130000 JavaThread "Service Thread" daemon [_thread_blocked, id=6136, stack(0x00007f186918d000,0x00007f186928e000)]
  0x00007f1890132800 JavaThread "C2 CompilerThread0" daemon [_thread_blocked, id=6137, stack(0x00007f186908c000,0x00007f186918d000)]
  0x00007f1890134800 JavaThread "C1 CompilerThread0" daemon [_thread_blocked, id=6138, stack(0x00007f1868f8b000,0x00007f186908c000)]
  0x00007f1890136800 JavaThread "Sweeper thread" daemon [_thread_blocked, id=6139, stack(0x00007f1868e8a000,0x00007f1868f8b000)]
  0x00007f189014c800 JavaThread "Common-Cleaner" daemon [_thread_blocked, id=6140, stack(0x00007f1868d89000,0x00007f1868e8a000)]
  0x00007f1890197000 JavaThread "JDWP Transport Listener: dt_socket" daemon [_thread_in_native, id=6142, stack(0x00007f1868c88000,0x00007f1868d89000)]
  0x00007f189019b800 JavaThread "JDWP Event Helper Thread" daemon [_thread_blocked, id=6145, stack(0x00007f1868b87000,0x00007f1868c88000)]
  0x00007f1890898800 JavaThread "mysql-cj-abandoned-connection-cleanup" daemon [_thread_blocked, id=6155, stack(0x00007f18680f5000,0x00007f18681f6000)]
  0x00007f1891946000 JavaThread "HikariPool-1 housekeeper" daemon [_thread_blocked, id=6156, stack(0x00007f181a1ff000,0x00007f181a300000)]
  0x00007f1891cf5000 JavaThread "Catalina-utility-1" [_thread_blocked, id=6159, stack(0x00007f181a0fe000,0x00007f181a1ff000)]
  0x00007f180c004000 JavaThread "Catalina-utility-2" [_thread_blocked, id=6160, stack(0x00007f18195fd000,0x00007f18196fe000)]
  0x00007f1891cd7000 JavaThread "container-0" [_thread_blocked, id=6161, stack(0x00007f18194fc000,0x00007f18195fd000)]
  0x00007f1891f74000 JavaThread "http-nio-8080-Poller" daemon [_thread_in_native, id=6166, stack(0x00007f1818ffb000,0x00007f18190fc000)]
  0x00007f1891f75000 JavaThread "http-nio-8080-Acceptor" daemon [_thread_in_native, id=6167, stack(0x00007f1818efa000,0x00007f1818ffb000)]
  0x00007f189001a000 JavaThread "DestroyJavaVM" [_thread_blocked, id=6122, stack(0x00007f1896ff7000,0x00007f18970f8000)]
  0x00007f1808003000 JavaThread "http-nio-8080-exec-1" daemon [_thread_blocked, id=6182, stack(0x00007f1818df9000,0x00007f1818efa000)]
  0x00007f1808004800 JavaThread "http-nio-8080-exec-2" daemon [_thread_blocked, id=6183, stack(0x00007f1818cf8000,0x00007f1818df9000)]
  0x00007f1808006800 JavaThread "http-nio-8080-exec-3" daemon [_thread_blocked, id=6510, stack(0x00007f18189f7000,0x00007f1818af8000)]
  0x00007f1808008000 JavaThread "http-nio-8080-exec-4" daemon [_thread_blocked, id=6511, stack(0x00007f18188f6000,0x00007f18189f7000)]
  0x00007f1814003800 JavaThread "HikariPool-1 connection closer" daemon [_thread_blocked, id=6589, stack(0x00007f18187f5000,0x00007f18188f6000)]
  0x00007f1814005000 JavaThread "HikariPool-1 connection adder" daemon [_thread_blocked, id=6590, stack(0x00007f18186f4000,0x00007f18187f5000)]

Other Threads:
  0x00007f1890123800 VMThread "VM Thread" [stack: 0x00007f18783cd000,0x00007f18784cd000] [id=6131]
  0x00007f18904db000 WatcherThread [stack: 0x00007f1868986000,0x00007f1868a86000] [id=6149]
  0x00007f1890031000 GCTaskThread "GC Thread#0" [stack: 0x00007f1896c60000,0x00007f1896d60000] [id=6126]
  0x00007f1860001000 GCTaskThread "GC Thread#1" [stack: 0x00007f1868884000,0x00007f1868984000] [id=6150]
  0x00007f1860184000 GCTaskThread "GC Thread#2" [stack: 0x00007f1868382000,0x00007f1868482000] [id=6152]
  0x00007f1860185800 GCTaskThread "GC Thread#3" [stack: 0x00007f1868280000,0x00007f1868380000] [id=6153]
  0x00007f189004b000 ConcurrentGCThread "G1 Main Marker" [stack: 0x00007f1894491000,0x00007f1894591000] [id=6127]
  0x00007f189004d000 ConcurrentGCThread "G1 Conc#0" [stack: 0x00007f189438f000,0x00007f189448f000] [id=6128]
  0x00007f189008f000 ConcurrentGCThread "G1 Refine#0" [stack: 0x00007f1878652000,0x00007f1878752000] [id=6129]
  0x00007f1890090800 ConcurrentGCThread "G1 Young RemSet Sampling" [stack: 0x00007f1878550000,0x00007f1878650000] [id=6130]

Threads with active compile tasks:

VM state:not at safepoint (normal execution)

VM Mutex/Monitor currently owned by a thread: None

Heap address: 0x00000000c5a00000, size: 934 MB, Compressed Oops mode: 32-bit
Narrow klass base: 0x0000000800000000, Narrow klass shift: 3
Compressed class space size: 1073741824 Address: 0x0000000840000000

Heap:
 garbage-first heap   total 144384K, used 33851K [0x00000000c5a00000, 0x0000000100000000)
  region size 1024K, 13 young (13312K), 8 survivors (8192K)
 Metaspace       used 64341K, capacity 66113K, committed 66432K, reserved 1105920K
  class space    used 8282K, capacity 8965K, committed 9088K, reserved 1048576K
Heap Regions: E=young(eden), S=young(survivor), O=old, HS=humongous(starts), HC=humongous(continues), CS=collection set, F=free, A=archive, TAMS=top-at-mark-start (previous, next)
|   0|0x00000000c5a00000, 0x00000000c5b00000, 0x00000000c5b00000|100%|HS|  |TAMS 0x00000000c5b00000, 0x00000000c5a00000| Complete 
|   1|0x00000000c5b00000, 0x00000000c5c00000, 0x00000000c5c00000|100%| O|  |TAMS 0x00000000c5c00000, 0x00000000c5b00000| Untracked 
|   2|0x00000000c5c00000, 0x00000000c5d00000, 0x00000000c5d00000|100%| O|  |TAMS 0x00000000c5d00000, 0x00000000c5c00000| Untracked 
|   3|0x00000000c5d00000, 0x00000000c5e00000, 0x00000000c5e00000|100%| O|  |TAMS 0x00000000c5e00000, 0x00000000c5d00000| Untracked 
|   4|0x00000000c5e00000, 0x00000000c5f00000, 0x00000000c5f00000|100%| O|  |TAMS 0x00000000c5f00000, 0x00000000c5e00000| Untracked 
|   5|0x00000000c5f00000, 0x00000000c6000000, 0x00000000c6000000|100%| O|  |TAMS 0x00000000c6000000, 0x00000000c5f00000| Untracked 
|   6|0x00000000c6000000, 0x00000000c6100000, 0x00000000c6100000|100%| O|  |TAMS 0x00000000c6100000, 0x00000000c6000000| Untracked 
|   7|0x00000000c6100000, 0x00000000c6200000, 0x00000000c6200000|100%| O|  |TAMS 0x00000000c6200000, 0x00000000c6100000| Untracked 
|   8|0x00000000c6200000, 0x00000000c6300000, 0x00000000c6300000|100%| O|  |TAMS 0x00000000c6300000, 0x00000000c6200000| Untracked 
|   9|0x00000000c6300000, 0x00000000c6400000, 0x00000000c6400000|100%| O|  |TAMS 0x00000000c6400000, 0x00000000c6300000| Untracked 
|  10|0x00000000c6400000, 0x00000000c6500000, 0x00000000c6500000|100%| O|  |TAMS 0x00000000c6500000, 0x00000000c6400000| Untracked 
|  11|0x00000000c6500000, 0x00000000c6600000, 0x00000000c6600000|100%| O|  |TAMS 0x00000000c6600000, 0x00000000c6500000| Untracked 
|  12|0x00000000c6600000, 0x00000000c6700000, 0x00000000c6700000|100%| O|  |TAMS 0x00000000c6700000, 0x00000000c6600000| Untracked 
|  13|0x00000000c6700000, 0x00000000c6800000, 0x00000000c6800000|100%| O|  |TAMS 0x00000000c6800000, 0x00000000c6700000| Untracked 
|  14|0x00000000c6800000, 0x00000000c6900000, 0x00000000c6900000|100%| O|  |TAMS 0x00000000c6900000, 0x00000000c6800000| Untracked 
|  15|0x00000000c6900000, 0x00000000c6a00000, 0x00000000c6a00000|100%| O|  |TAMS 0x00000000c6a00000, 0x00000000c6900000| Untracked 
|  16|0x00000000c6a00000, 0x00000000c6b00000, 0x00000000c6b00000|100%| O|  |TAMS 0x00000000c6b00000, 0x00000000c6a00000| Untracked 
|  17|0x00000000c6b00000, 0x00000000c6c00000, 0x00000000c6c00000|100%| O|  |TAMS 0x00000000c6c00000, 0x00000000c6b00000| Untracked 
|  18|0x00000000c6c00000, 0x00000000c6d00000, 0x00000000c6d00000|100%| O|  |TAMS 0x00000000c6d00000, 0x00000000c6c00000| Untracked 
|  19|0x00000000c6d00000, 0x00000000c6e00000, 0x00000000c6e00000|100%| O|  |TAMS 0x00000000c6db1400, 0x00000000c6d00000| Untracked 
|  20|0x00000000c6e00000, 0x00000000c6ed8c00, 0x00000000c6f00000| 84%| O|  |TAMS 0x00000000c6e00000, 0x00000000c6e00000| Untracked 
|  21|0x00000000c6f00000, 0x00000000c6f00000, 0x00000000c7000000|  0%| F|  |TAMS 0x00000000c6f00000, 0x00000000c6f00000| Untracked 
|  22|0x00000000c7000000, 0x00000000c7000000, 0x00000000c7100000|  0%| F|  |TAMS 0x00000000c7000000, 0x00000000c7000000| Untracked 
|  23|0x00000000c7100000, 0x00000000c7100000, 0x00000000c7200000|  0%| F|  |TAMS 0x00000000c7100000, 0x00000000c7100000| Untracked 
|  24|0x00000000c7200000, 0x00000000c7200000, 0x00000000c7300000|  0%| F|  |TAMS 0x00000000c7200000, 0x00000000c7200000| Untracked 
|  25|0x00000000c7300000, 0x00000000c7300000, 0x00000000c7400000|  0%| F|  |TAMS 0x00000000c7300000, 0x00000000c7300000| Untracked 
|  26|0x00000000c7400000, 0x00000000c7400000, 0x00000000c7500000|  0%| F|  |TAMS 0x00000000c7400000, 0x00000000c7400000| Untracked 
|  27|0x00000000c7500000, 0x00000000c7500000, 0x00000000c7600000|  0%| F|  |TAMS 0x00000000c7500000, 0x00000000c7500000| Untracked 
|  28|0x00000000c7600000, 0x00000000c7600000, 0x00000000c7700000|  0%| F|  |TAMS 0x00000000c7600000, 0x00000000c7600000| Untracked 
|  29|0x00000000c7700000, 0x00000000c7700000, 0x00000000c7800000|  0%| F|  |TAMS 0x00000000c7700000, 0x00000000c7700000| Untracked 
|  30|0x00000000c7800000, 0x00000000c7800000, 0x00000000c7900000|  0%| F|  |TAMS 0x00000000c7800000, 0x00000000c7800000| Untracked 
|  31|0x00000000c7900000, 0x00000000c7900000, 0x00000000c7a00000|  0%| F|  |TAMS 0x00000000c7900000, 0x00000000c7900000| Untracked 
|  32|0x00000000c7a00000, 0x00000000c7a00000, 0x00000000c7b00000|  0%| F|  |TAMS 0x00000000c7a00000, 0x00000000c7a00000| Untracked 
|  33|0x00000000c7b00000, 0x00000000c7b00000, 0x00000000c7c00000|  0%| F|  |TAMS 0x00000000c7b00000, 0x00000000c7b00000| Untracked 
|  34|0x00000000c7c00000, 0x00000000c7c00000, 0x00000000c7d00000|  0%| F|  |TAMS 0x00000000c7c00000, 0x00000000c7c00000| Untracked 
|  35|0x00000000c7d00000, 0x00000000c7d00000, 0x00000000c7e00000|  0%| F|  |TAMS 0x00000000c7d00000, 0x00000000c7d00000| Untracked 
|  36|0x00000000c7e00000, 0x00000000c7e00000, 0x00000000c7f00000|  0%| F|  |TAMS 0x00000000c7e00000, 0x00000000c7e00000| Untracked 
|  37|0x00000000c7f00000, 0x00000000c7f00000, 0x00000000c8000000|  0%| F|  |TAMS 0x00000000c7f00000, 0x00000000c7f00000| Untracked 
|  38|0x00000000c8000000, 0x00000000c8000000, 0x00000000c8100000|  0%| F|  |TAMS 0x00000000c8000000, 0x00000000c8000000| Untracked 
|  39|0x00000000c8100000, 0x00000000c8100000, 0x00000000c8200000|  0%| F|  |TAMS 0x00000000c8100000, 0x00000000c8100000| Untracked 
|  40|0x00000000c8200000, 0x00000000c8200000, 0x00000000c8300000|  0%| F|  |TAMS 0x00000000c8200000, 0x00000000c8200000| Untracked 
|  41|0x00000000c8300000, 0x00000000c8300000, 0x00000000c8400000|  0%| F|  |TAMS 0x00000000c8300000, 0x00000000c8300000| Untracked 
|  42|0x00000000c8400000, 0x00000000c8400000, 0x00000000c8500000|  0%| F|  |TAMS 0x00000000c8400000, 0x00000000c8400000| Untracked 
|  43|0x00000000c8500000, 0x00000000c8500000, 0x00000000c8600000|  0%| F|  |TAMS 0x00000000c8500000, 0x00000000c8500000| Untracked 
|  44|0x00000000c8600000, 0x00000000c8600000, 0x00000000c8700000|  0%| F|  |TAMS 0x00000000c8600000, 0x00000000c8600000| Untracked 
|  45|0x00000000c8700000, 0x00000000c8700000, 0x00000000c8800000|  0%| F|  |TAMS 0x00000000c8700000, 0x00000000c8700000| Untracked 
|  46|0x00000000c8800000, 0x00000000c8800000, 0x00000000c8900000|  0%| F|  |TAMS 0x00000000c8800000, 0x00000000c8800000| Untracked 
|  47|0x00000000c8900000, 0x00000000c8900000, 0x00000000c8a00000|  0%| F|  |TAMS 0x00000000c8900000, 0x00000000c8900000| Untracked 
|  48|0x00000000c8a00000, 0x00000000c8a843d0, 0x00000000c8b00000| 51%| S|CS|TAMS 0x00000000c8a00000, 0x00000000c8a00000| Complete 
|  49|0x00000000c8b00000, 0x00000000c8c00000, 0x00000000c8c00000|100%| S|CS|TAMS 0x00000000c8b00000, 0x00000000c8b00000| Complete 
|  50|0x00000000c8c00000, 0x00000000c8d00000, 0x00000000c8d00000|100%| S|CS|TAMS 0x00000000c8c00000, 0x00000000c8c00000| Complete 
|  51|0x00000000c8d00000, 0x00000000c8e00000, 0x00000000c8e00000|100%| S|CS|TAMS 0x00000000c8d00000, 0x00000000c8d00000| Complete 
|  52|0x00000000c8e00000, 0x00000000c8f00000, 0x00000000c8f00000|100%| S|CS|TAMS 0x00000000c8e00000, 0x00000000c8e00000| Complete 
|  53|0x00000000c8f00000, 0x00000000c9000000, 0x00000000c9000000|100%| S|CS|TAMS 0x00000000c8f00000, 0x00000000c8f00000| Complete 
|  54|0x00000000c9000000, 0x00000000c9100000, 0x00000000c9100000|100%| S|CS|TAMS 0x00000000c9000000, 0x00000000c9000000| Complete 
|  55|0x00000000c9100000, 0x00000000c9200000, 0x00000000c9200000|100%| S|CS|TAMS 0x00000000c9100000, 0x00000000c9100000| Complete 
|  56|0x00000000c9200000, 0x00000000c9200000, 0x00000000c9300000|  0%| F|  |TAMS 0x00000000c9200000, 0x00000000c9200000| Untracked 
|  57|0x00000000c9300000, 0x00000000c9300000, 0x00000000c9400000|  0%| F|  |TAMS 0x00000000c9300000, 0x00000000c9300000| Untracked 
|  58|0x00000000c9400000, 0x00000000c9400000, 0x00000000c9500000|  0%| F|  |TAMS 0x00000000c9400000, 0x00000000c9400000| Untracked 
|  59|0x00000000c9500000, 0x00000000c9500000, 0x00000000c9600000|  0%| F|  |TAMS 0x00000000c9500000, 0x00000000c9500000| Untracked 
|  60|0x00000000c9600000, 0x00000000c9600000, 0x00000000c9700000|  0%| F|  |TAMS 0x00000000c9600000, 0x00000000c9600000| Untracked 
|  61|0x00000000c9700000, 0x00000000c9700000, 0x00000000c9800000|  0%| F|  |TAMS 0x00000000c9700000, 0x00000000c9700000| Untracked 
|  62|0x00000000c9800000, 0x00000000c9800000, 0x00000000c9900000|  0%| F|  |TAMS 0x00000000c9800000, 0x00000000c9800000| Untracked 
|  63|0x00000000c9900000, 0x00000000c9900000, 0x00000000c9a00000|  0%| F|  |TAMS 0x00000000c9900000, 0x00000000c9900000| Untracked 
|  64|0x00000000c9a00000, 0x00000000c9a00000, 0x00000000c9b00000|  0%| F|  |TAMS 0x00000000c9a00000, 0x00000000c9a00000| Untracked 
|  65|0x00000000c9b00000, 0x00000000c9b00000, 0x00000000c9c00000|  0%| F|  |TAMS 0x00000000c9b00000, 0x00000000c9b00000| Untracked 
|  66|0x00000000c9c00000, 0x00000000c9c00000, 0x00000000c9d00000|  0%| F|  |TAMS 0x00000000c9c00000, 0x00000000c9c00000| Untracked 
|  67|0x00000000c9d00000, 0x00000000c9d00000, 0x00000000c9e00000|  0%| F|  |TAMS 0x00000000c9d00000, 0x00000000c9d00000| Untracked 
|  68|0x00000000c9e00000, 0x00000000c9e00000, 0x00000000c9f00000|  0%| F|  |TAMS 0x00000000c9e00000, 0x00000000c9e00000| Untracked 
|  69|0x00000000c9f00000, 0x00000000c9f00000, 0x00000000ca000000|  0%| F|  |TAMS 0x00000000c9f00000, 0x00000000c9f00000| Untracked 
|  70|0x00000000ca000000, 0x00000000ca000000, 0x00000000ca100000|  0%| F|  |TAMS 0x00000000ca000000, 0x00000000ca000000| Untracked 
|  71|0x00000000ca100000, 0x00000000ca100000, 0x00000000ca200000|  0%| F|  |TAMS 0x00000000ca100000, 0x00000000ca100000| Untracked 
|  72|0x00000000ca200000, 0x00000000ca200000, 0x00000000ca300000|  0%| F|  |TAMS 0x00000000ca200000, 0x00000000ca200000| Untracked 
|  73|0x00000000ca300000, 0x00000000ca300000, 0x00000000ca400000|  0%| F|  |TAMS 0x00000000ca300000, 0x00000000ca300000| Untracked 
|  74|0x00000000ca400000, 0x00000000ca400000, 0x00000000ca500000|  0%| F|  |TAMS 0x00000000ca400000, 0x00000000ca400000| Untracked 
|  75|0x00000000ca500000, 0x00000000ca500000, 0x00000000ca600000|  0%| F|  |TAMS 0x00000000ca500000, 0x00000000ca500000| Untracked 
|  76|0x00000000ca600000, 0x00000000ca600000, 0x00000000ca700000|  0%| F|  |TAMS 0x00000000ca600000, 0x00000000ca600000| Untracked 
|  77|0x00000000ca700000, 0x00000000ca700000, 0x00000000ca800000|  0%| F|  |TAMS 0x00000000ca700000, 0x00000000ca700000| Untracked 
|  78|0x00000000ca800000, 0x00000000ca800000, 0x00000000ca900000|  0%| F|  |TAMS 0x00000000ca800000, 0x00000000ca800000| Untracked 
|  79|0x00000000ca900000, 0x00000000ca900000, 0x00000000caa00000|  0%| F|  |TAMS 0x00000000ca900000, 0x00000000ca900000| Untracked 
|  80|0x00000000caa00000, 0x00000000caa00000, 0x00000000cab00000|  0%| F|  |TAMS 0x00000000caa00000, 0x00000000caa00000| Untracked 
|  81|0x00000000cab00000, 0x00000000cab00000, 0x00000000cac00000|  0%| F|  |TAMS 0x00000000cab00000, 0x00000000cab00000| Untracked 
|  82|0x00000000cac00000, 0x00000000cac00000, 0x00000000cad00000|  0%| F|  |TAMS 0x00000000cac00000, 0x00000000cac00000| Untracked 
|  83|0x00000000cad00000, 0x00000000cad00000, 0x00000000cae00000|  0%| F|  |TAMS 0x00000000cad00000, 0x00000000cad00000| Untracked 
|  84|0x00000000cae00000, 0x00000000cae00000, 0x00000000caf00000|  0%| F|  |TAMS 0x00000000cae00000, 0x00000000cae00000| Untracked 
|  85|0x00000000caf00000, 0x00000000caf00000, 0x00000000cb000000|  0%| F|  |TAMS 0x00000000caf00000, 0x00000000caf00000| Untracked 
|  86|0x00000000cb000000, 0x00000000cb000000, 0x00000000cb100000|  0%| F|  |TAMS 0x00000000cb000000, 0x00000000cb000000| Untracked 
|  87|0x00000000cb100000, 0x00000000cb100000, 0x00000000cb200000|  0%| F|  |TAMS 0x00000000cb100000, 0x00000000cb100000| Untracked 
|  88|0x00000000cb200000, 0x00000000cb200000, 0x00000000cb300000|  0%| F|  |TAMS 0x00000000cb200000, 0x00000000cb200000| Untracked 
|  89|0x00000000cb300000, 0x00000000cb300000, 0x00000000cb400000|  0%| F|  |TAMS 0x00000000cb300000, 0x00000000cb300000| Untracked 
|  90|0x00000000cb400000, 0x00000000cb400000, 0x00000000cb500000|  0%| F|  |TAMS 0x00000000cb400000, 0x00000000cb400000| Untracked 
|  91|0x00000000cb500000, 0x00000000cb500000, 0x00000000cb600000|  0%| F|  |TAMS 0x00000000cb500000, 0x00000000cb500000| Untracked 
|  92|0x00000000cb600000, 0x00000000cb600000, 0x00000000cb700000|  0%| F|  |TAMS 0x00000000cb600000, 0x00000000cb600000| Untracked 
|  93|0x00000000cb700000, 0x00000000cb700000, 0x00000000cb800000|  0%| F|  |TAMS 0x00000000cb700000, 0x00000000cb700000| Untracked 
|  94|0x00000000cb800000, 0x00000000cb800000, 0x00000000cb900000|  0%| F|  |TAMS 0x00000000cb800000, 0x00000000cb800000| Untracked 
|  95|0x00000000cb900000, 0x00000000cb900000, 0x00000000cba00000|  0%| F|  |TAMS 0x00000000cb900000, 0x00000000cb900000| Untracked 
|  96|0x00000000cba00000, 0x00000000cba00000, 0x00000000cbb00000|  0%| F|  |TAMS 0x00000000cba00000, 0x00000000cba00000| Untracked 
|  97|0x00000000cbb00000, 0x00000000cbb00000, 0x00000000cbc00000|  0%| F|  |TAMS 0x00000000cbb00000, 0x00000000cbb00000| Untracked 
|  98|0x00000000cbc00000, 0x00000000cbc00000, 0x00000000cbd00000|  0%| F|  |TAMS 0x00000000cbc00000, 0x00000000cbc00000| Untracked 
|  99|0x00000000cbd00000, 0x00000000cbd00000, 0x00000000cbe00000|  0%| F|  |TAMS 0x00000000cbd00000, 0x00000000cbd00000| Untracked 
| 100|0x00000000cbe00000, 0x00000000cbe00000, 0x00000000cbf00000|  0%| F|  |TAMS 0x00000000cbe00000, 0x00000000cbe00000| Untracked 
| 101|0x00000000cbf00000, 0x00000000cbf00000, 0x00000000cc000000|  0%| F|  |TAMS 0x00000000cbf00000, 0x00000000cbf00000| Untracked 
| 102|0x00000000cc000000, 0x00000000cc000000, 0x00000000cc100000|  0%| F|  |TAMS 0x00000000cc000000, 0x00000000cc000000| Untracked 
| 103|0x00000000cc100000, 0x00000000cc100000, 0x00000000cc200000|  0%| F|  |TAMS 0x00000000cc100000, 0x00000000cc100000| Untracked 
| 104|0x00000000cc200000, 0x00000000cc200000, 0x00000000cc300000|  0%| F|  |TAMS 0x00000000cc200000, 0x00000000cc200000| Untracked 
| 105|0x00000000cc300000, 0x00000000cc300000, 0x00000000cc400000|  0%| F|  |TAMS 0x00000000cc300000, 0x00000000cc300000| Untracked 
| 106|0x00000000cc400000, 0x00000000cc400000, 0x00000000cc500000|  0%| F|  |TAMS 0x00000000cc400000, 0x00000000cc400000| Untracked 
| 107|0x00000000cc500000, 0x00000000cc500000, 0x00000000cc600000|  0%| F|  |TAMS 0x00000000cc500000, 0x00000000cc500000| Untracked 
| 108|0x00000000cc600000, 0x00000000cc600000, 0x00000000cc700000|  0%| F|  |TAMS 0x00000000cc600000, 0x00000000cc600000| Untracked 
| 109|0x00000000cc700000, 0x00000000cc700000, 0x00000000cc800000|  0%| F|  |TAMS 0x00000000cc700000, 0x00000000cc700000| Untracked 
| 110|0x00000000cc800000, 0x00000000cc800000, 0x00000000cc900000|  0%| F|  |TAMS 0x00000000cc800000, 0x00000000cc800000| Untracked 
| 111|0x00000000cc900000, 0x00000000cc900000, 0x00000000cca00000|  0%| F|  |TAMS 0x00000000cc900000, 0x00000000cc900000| Untracked 
| 112|0x00000000cca00000, 0x00000000cca00000, 0x00000000ccb00000|  0%| F|  |TAMS 0x00000000cca00000, 0x00000000cca00000| Untracked 
| 113|0x00000000ccb00000, 0x00000000ccb00000, 0x00000000ccc00000|  0%| F|  |TAMS 0x00000000ccb00000, 0x00000000ccb00000| Untracked 
| 114|0x00000000ccc00000, 0x00000000ccc00000, 0x00000000ccd00000|  0%| F|  |TAMS 0x00000000ccc00000, 0x00000000ccc00000| Untracked 
| 115|0x00000000ccd00000, 0x00000000ccd00000, 0x00000000cce00000|  0%| F|  |TAMS 0x00000000ccd00000, 0x00000000ccd00000| Untracked 
| 116|0x00000000cce00000, 0x00000000cce00000, 0x00000000ccf00000|  0%| F|  |TAMS 0x00000000cce00000, 0x00000000cce00000| Untracked 
| 117|0x00000000ccf00000, 0x00000000ccf00000, 0x00000000cd000000|  0%| F|  |TAMS 0x00000000ccf00000, 0x00000000ccf00000| Untracked 
| 118|0x00000000cd000000, 0x00000000cd000000, 0x00000000cd100000|  0%| F|  |TAMS 0x00000000cd000000, 0x00000000cd000000| Untracked 
| 119|0x00000000cd100000, 0x00000000cd100000, 0x00000000cd200000|  0%| F|  |TAMS 0x00000000cd100000, 0x00000000cd100000| Untracked 
| 120|0x00000000cd200000, 0x00000000cd200000, 0x00000000cd300000|  0%| F|  |TAMS 0x00000000cd200000, 0x00000000cd200000| Untracked 
| 121|0x00000000cd300000, 0x00000000cd300000, 0x00000000cd400000|  0%| F|  |TAMS 0x00000000cd300000, 0x00000000cd300000| Untracked 
| 122|0x00000000cd400000, 0x00000000cd400000, 0x00000000cd500000|  0%| F|  |TAMS 0x00000000cd400000, 0x00000000cd400000| Untracked 
| 123|0x00000000cd500000, 0x00000000cd500000, 0x00000000cd600000|  0%| F|  |TAMS 0x00000000cd500000, 0x00000000cd500000| Untracked 
| 124|0x00000000cd600000, 0x00000000cd600000, 0x00000000cd700000|  0%| F|  |TAMS 0x00000000cd600000, 0x00000000cd600000| Untracked 
| 125|0x00000000cd700000, 0x00000000cd700000, 0x00000000cd800000|  0%| F|  |TAMS 0x00000000cd700000, 0x00000000cd700000| Untracked 
| 126|0x00000000cd800000, 0x00000000cd800000, 0x00000000cd900000|  0%| F|  |TAMS 0x00000000cd800000, 0x00000000cd800000| Untracked 
| 127|0x00000000cd900000, 0x00000000cd900000, 0x00000000cda00000|  0%| F|  |TAMS 0x00000000cd900000, 0x00000000cd900000| Untracked 
| 128|0x00000000cda00000, 0x00000000cda00000, 0x00000000cdb00000|  0%| F|  |TAMS 0x00000000cda00000, 0x00000000cda00000| Untracked 
| 129|0x00000000cdb00000, 0x00000000cdb00000, 0x00000000cdc00000|  0%| F|  |TAMS 0x00000000cdb00000, 0x00000000cdb00000| Untracked 
| 130|0x00000000cdc00000, 0x00000000cdc00000, 0x00000000cdd00000|  0%| F|  |TAMS 0x00000000cdc00000, 0x00000000cdc00000| Untracked 
| 131|0x00000000cdd00000, 0x00000000cdd00000, 0x00000000cde00000|  0%| F|  |TAMS 0x00000000cdd00000, 0x00000000cdd00000| Untracked 
| 132|0x00000000cde00000, 0x00000000cde00000, 0x00000000cdf00000|  0%| F|  |TAMS 0x00000000cde00000, 0x00000000cde00000| Untracked 
| 133|0x00000000cdf00000, 0x00000000cdf00000, 0x00000000ce000000|  0%| F|  |TAMS 0x00000000cdf00000, 0x00000000cdf00000| Untracked 
| 134|0x00000000ce000000, 0x00000000ce100000, 0x00000000ce100000|100%| E|  |TAMS 0x00000000ce000000, 0x00000000ce000000| Complete 
| 135|0x00000000ce100000, 0x00000000ce200000, 0x00000000ce200000|100%| E|CS|TAMS 0x00000000ce100000, 0x00000000ce100000| Complete 
| 136|0x00000000ce200000, 0x00000000ce300000, 0x00000000ce300000|100%| E|CS|TAMS 0x00000000ce200000, 0x00000000ce200000| Complete 
| 137|0x00000000ce300000, 0x00000000ce400000, 0x00000000ce400000|100%| E|CS|TAMS 0x00000000ce300000, 0x00000000ce300000| Complete 
| 138|0x00000000ce400000, 0x00000000ce500000, 0x00000000ce500000|100%| E|CS|TAMS 0x00000000ce400000, 0x00000000ce400000| Complete 
| 932|0x00000000ffe00000, 0x00000000ffe47000, 0x00000000fff00000| 27%|OA|  |TAMS 0x00000000ffe47000, 0x00000000ffe00000| Untracked 
| 933|0x00000000fff00000, 0x00000000fff6b000, 0x0000000100000000| 41%|CA|  |TAMS 0x00000000fff6b000, 0x00000000fff00000| Untracked 

Card table byte_map: [0x00007f18964b4000,0x00007f1896687000] _byte_map_base: 0x00007f1895e87000

Marking Bits (Prev, Next): (CMBitMap*) 0x00007f1890046870, (CMBitMap*) 0x00007f1890046838
 Prev Bits: [0x00007f18945b1000, 0x00007f1895449000)
 Next Bits: [0x00007f1895449000, 0x00007f18962e1000)

Polling page: 0x00007f189892e000

Metaspace:

Usage:
  Non-class:     55,81 MB capacity,    54,75 MB ( 98%) used,   864,88 KB (  2%) free+waste,   223,94 KB ( <1%) overhead. 
      Class:      8,75 MB capacity,     8,09 MB ( 92%) used,   579,30 KB (  6%) free+waste,   103,56 KB (  1%) overhead. 
       Both:     64,56 MB capacity,    62,83 MB ( 97%) used,     1,41 MB (  2%) free+waste,   327,50 KB ( <1%) overhead. 

Virtual space:
  Non-class space:       56,00 MB reserved,      56,00 MB (100%) committed 
      Class space:        1,00 GB reserved,       8,88 MB ( <1%) committed 
             Both:        1,05 GB reserved,      64,88 MB (  6%) committed 

Chunk freelists:
   Non-Class:  100,00 KB
       Class:  27,00 KB
        Both:  127,00 KB

MaxMetaspaceSize: unlimited
CompressedClassSpaceSize: 1,00 GB
Initial GC threshold: 20,80 MB
Current GC threshold: 98,34 MB
CDS: on

CodeHeap 'non-profiled nmethods': size=120032Kb used=3188Kb max_used=3188Kb free=116843Kb
 bounds [0x00007f188031b000, 0x00007f188063b000, 0x00007f1887853000]
CodeHeap 'profiled nmethods': size=120032Kb used=12432Kb max_used=12432Kb free=107600Kb
 bounds [0x00007f1878de3000, 0x00007f1879a13000, 0x00007f188031b000]
CodeHeap 'non-nmethods': size=5696Kb used=1376Kb max_used=1445Kb free=4319Kb
 bounds [0x00007f1878853000, 0x00007f1878ac3000, 0x00007f1878de3000]
 total_blobs=6557 nmethods=5947 adapters=531
 compilation: enabled
              stopped_count=0, restarted_count=0
 full_count=0

Compilation events (20 events):
Event: 1777,661 Thread 0x00007f1890132800 6150       4       java.lang.Long::reverseBytes (46 bytes)
Event: 1777,661 Thread 0x00007f1890132800 nmethod 6150 0x00007f1880638010 code [0x00007f18806381a0, 0x00007f1880638238]
Event: 1777,852 Thread 0x00007f1890134800 6151   !   3       com.sun.crypto.provider.GaloisCounterMode::decryptFinal (304 bytes)
Event: 1777,856 Thread 0x00007f1890134800 nmethod 6151 0x00007f18799fc090 code [0x00007f18799fc4a0, 0x00007f18799fe9c0]
Event: 1778,257 Thread 0x00007f1890134800 6152       3       com.mysql.cj.protocol.a.NativePacketHeader::getMessageSize (48 bytes)
Event: 1778,258 Thread 0x00007f1890134800 nmethod 6152 0x00007f18799ff890 code [0x00007f18799ffb20, 0x00007f1879a003d0]
Event: 1778,258 Thread 0x00007f1890134800 6153       3       com.mysql.cj.CharsetMapping::getJavaEncodingForCollationIndex (38 bytes)
Event: 1778,258 Thread 0x00007f1890134800 nmethod 6153 0x00007f1879a00810 code [0x00007f1879a009e0, 0x00007f1879a00c60]
Event: 1778,258 Thread 0x00007f1890134800 6154       3       com.mysql.cj.MysqlCharset::getMatchingJavaEncoding (39 bytes)
Event: 1778,259 Thread 0x00007f1890134800 nmethod 6154 0x00007f1879a00e10 code [0x00007f1879a01020, 0x00007f1879a01690]
Event: 1778,330 Thread 0x00007f1890134800 6155  s    3       java.io.BufferedOutputStream::flush (12 bytes)
Event: 1778,331 Thread 0x00007f1890134800 nmethod 6155 0x00007f1879a01890 code [0x00007f1879a01a60, 0x00007f1879a01f70]
Event: 1778,331 Thread 0x00007f1890134800 6156       3       com.sun.crypto.provider.GCTR::blocksUntilRollover (44 bytes)
Event: 1778,332 Thread 0x00007f1890134800 nmethod 6156 0x00007f1879a02090 code [0x00007f1879a022e0, 0x00007f1879a029c0]
Event: 1778,332 Thread 0x00007f1890134800 6157       3       com.sun.crypto.provider.CounterMode::crypt (32 bytes)
Event: 1778,333 Thread 0x00007f1890134800 nmethod 6157 0x00007f1879a02d90 code [0x00007f1879a02fa0, 0x00007f1879a034e0]
Event: 1778,333 Thread 0x00007f1890134800 6158       3       com.sun.crypto.provider.CipherCore::prepareInputBuffer (323 bytes)
Event: 1778,336 Thread 0x00007f1890134800 nmethod 6158 0x00007f1879a03790 code [0x00007f1879a03b60, 0x00007f1879a056c0]
Event: 1778,336 Thread 0x00007f1890134800 6159   !   3       com.sun.crypto.provider.CipherCore::fillOutputBuffer (120 bytes)
Event: 1778,338 Thread 0x00007f1890134800 nmethod 6159 0x00007f1879a06090 code [0x00007f1879a062e0, 0x00007f1879a06ba0]

GC Heap History (20 events):
Event: 6,172 GC heap before
{Heap before GC invocations=11 (full 0):
 garbage-first heap   total 95232K, used 64649K [0x00000000c5a00000, 0x0000000100000000)
  region size 1024K, 55 young (56320K), 5 survivors (5120K)
 Metaspace       used 28511K, capacity 29580K, committed 29824K, reserved 1075200K
  class space    used 3458K, capacity 3882K, committed 3968K, reserved 1048576K
}
Event: 6,190 GC heap after
{Heap after GC invocations=12 (full 0):
 garbage-first heap   total 95232K, used 15786K [0x00000000c5a00000, 0x0000000100000000)
  region size 1024K, 6 young (6144K), 6 survivors (6144K)
 Metaspace       used 28511K, capacity 29580K, committed 29824K, reserved 1075200K
  class space    used 3458K, capacity 3882K, committed 3968K, reserved 1048576K
}
Event: 6,394 GC heap before
{Heap before GC invocations=12 (full 0):
 garbage-first heap   total 95232K, used 64938K [0x00000000c5a00000, 0x0000000100000000)
  region size 1024K, 55 young (56320K), 6 survivors (6144K)
 Metaspace       used 29400K, capacity 30509K, committed 30720K, reserved 1075200K
  class space    used 3556K, capacity 3979K, committed 4096K, reserved 1048576K
}
Event: 6,415 GC heap after
{Heap after GC invocations=13 (full 0):
 garbage-first heap   total 95232K, used 16654K [0x00000000c5a00000, 0x0000000100000000)
  region size 1024K, 4 young (4096K), 4 survivors (4096K)
 Metaspace       used 29400K, capacity 30509K, committed 30720K, reserved 1075200K
  class space    used 3556K, capacity 3979K, committed 4096K, reserved 1048576K
}
Event: 7,163 GC heap before
{Heap before GC invocations=13 (full 0):
 garbage-first heap   total 95232K, used 68878K [0x00000000c5a00000, 0x0000000100000000)
  region size 1024K, 55 young (56320K), 4 survivors (4096K)
 Metaspace       used 33349K, capacity 34537K, committed 34816K, reserved 1079296K
  class space    used 4130K, capacity 4593K, committed 4608K, reserved 1048576K
}
Event: 7,178 GC heap after
{Heap after GC invocations=14 (full 0):
 garbage-first heap   total 119808K, used 17166K [0x00000000c5a00000, 0x0000000100000000)
  region size 1024K, 4 young (4096K), 4 survivors (4096K)
 Metaspace       used 33349K, capacity 34537K, committed 34816K, reserved 1079296K
  class space    used 4130K, capacity 4593K, committed 4608K, reserved 1048576K
}
Event: 7,358 GC heap before
{Heap before GC invocations=14 (full 0):
 garbage-first heap   total 119808K, used 30478K [0x00000000c5a00000, 0x0000000100000000)
  region size 1024K, 18 young (18432K), 4 survivors (4096K)
 Metaspace       used 34541K, capacity 35703K, committed 35840K, reserved 1081344K
  class space    used 4346K, capacity 4831K, committed 4864K, reserved 1048576K
}
Event: 7,375 GC heap after
{Heap after GC invocations=15 (full 0):
 garbage-first heap   total 119808K, used 17545K [0x00000000c5a00000, 0x0000000100000000)
  region size 1024K, 5 young (5120K), 5 survivors (5120K)
 Metaspace       used 34541K, capacity 35703K, committed 35840K, reserved 1081344K
  class space    used 4346K, capacity 4831K, committed 4864K, reserved 1048576K
}
Event: 8,267 GC heap before
{Heap before GC invocations=16 (full 0):
 garbage-first heap   total 119808K, used 67721K [0x00000000c5a00000, 0x0000000100000000)
  region size 1024K, 54 young (55296K), 5 survivors (5120K)
 Metaspace       used 41533K, capacity 42777K, committed 43136K, reserved 1087488K
  class space    used 5234K, capacity 5733K, committed 5760K, reserved 1048576K
}
Event: 8,293 GC heap after
{Heap after GC invocations=17 (full 0):
 garbage-first heap   total 119808K, used 21259K [0x00000000c5a00000, 0x0000000100000000)
  region size 1024K, 6 young (6144K), 6 survivors (6144K)
 Metaspace       used 41533K, capacity 42777K, committed 43136K, reserved 1087488K
  class space    used 5234K, capacity 5733K, committed 5760K, reserved 1048576K
}
Event: 9,032 GC heap before
{Heap before GC invocations=17 (full 0):
 garbage-first heap   total 119808K, used 73483K [0x00000000c5a00000, 0x0000000100000000)
  region size 1024K, 57 young (58368K), 6 survivors (6144K)
 Metaspace       used 45881K, capacity 47110K, committed 47488K, reserved 1091584K
  class space    used 5771K, capacity 6259K, committed 6272K, reserved 1048576K
}
Event: 9,049 GC heap after
{Heap after GC invocations=18 (full 0):
 garbage-first heap   total 119808K, used 22177K [0x00000000c5a00000, 0x0000000100000000)
  region size 1024K, 5 young (5120K), 5 survivors (5120K)
 Metaspace       used 45881K, capacity 47110K, committed 47488K, reserved 1091584K
  class space    used 5771K, capacity 6259K, committed 6272K, reserved 1048576K
}
Event: 9,789 GC heap before
{Heap before GC invocations=18 (full 0):
 garbage-first heap   total 119808K, used 77473K [0x00000000c5a00000, 0x0000000100000000)
  region size 1024K, 59 young (60416K), 5 survivors (5120K)
 Metaspace       used 50688K, capacity 51932K, committed 52352K, reserved 1095680K
  class space    used 6500K, capacity 6987K, committed 7040K, reserved 1048576K
}
Event: 9,802 GC heap after
{Heap after GC invocations=19 (full 0):
 garbage-first heap   total 144384K, used 23399K [0x00000000c5a00000, 0x0000000100000000)
  region size 1024K, 3 young (3072K), 3 survivors (3072K)
 Metaspace       used 50688K, capacity 51932K, committed 52352K, reserved 1095680K
  class space    used 6500K, capacity 6987K, committed 7040K, reserved 1048576K
}
Event: 14,192 GC heap before
{Heap before GC invocations=19 (full 0):
 garbage-first heap   total 144384K, used 85863K [0x00000000c5a00000, 0x0000000100000000)
  region size 1024K, 64 young (65536K), 3 survivors (3072K)
 Metaspace       used 55357K, capacity 56884K, committed 57216K, reserved 1099776K
  class space    used 7114K, capacity 7716K, committed 7808K, reserved 1048576K
}
Event: 14,206 GC heap after
{Heap after GC invocations=20 (full 0):
 garbage-first heap   total 144384K, used 25338K [0x00000000c5a00000, 0x0000000100000000)
  region size 1024K, 5 young (5120K), 5 survivors (5120K)
 Metaspace       used 55357K, capacity 56884K, committed 57216K, reserved 1099776K
  class space    used 7114K, capacity 7716K, committed 7808K, reserved 1048576K
}
Event: 15,167 GC heap before
{Heap before GC invocations=20 (full 0):
 garbage-first heap   total 144384K, used 87802K [0x00000000c5a00000, 0x0000000100000000)
  region size 1024K, 67 young (68608K), 5 survivors (5120K)
 Metaspace       used 58463K, capacity 60008K, committed 60160K, reserved 1101824K
  class space    used 7519K, capacity 8132K, committed 8192K, reserved 1048576K
}
Event: 15,183 GC heap after
{Heap after GC invocations=21 (full 0):
 garbage-first heap   total 144384K, used 26958K [0x00000000c5a00000, 0x0000000100000000)
  region size 1024K, 6 young (6144K), 6 survivors (6144K)
 Metaspace       used 58463K, capacity 60008K, committed 60160K, reserved 1101824K
  class space    used 7519K, capacity 8132K, committed 8192K, reserved 1048576K
}
Event: 156,733 GC heap before
{Heap before GC invocations=22 (full 0):
 garbage-first heap   total 144384K, used 105806K [0x00000000c5a00000, 0x0000000100000000)
  region size 1024K, 83 young (84992K), 6 survivors (6144K)
 Metaspace       used 64055K, capacity 65845K, committed 66176K, reserved 1105920K
  class space    used 8265K, capacity 8962K, committed 9088K, reserved 1048576K
}
Event: 156,772 GC heap after
{Heap after GC invocations=23 (full 0):
 garbage-first heap   total 144384K, used 29755K [0x00000000c5a00000, 0x0000000100000000)
  region size 1024K, 8 young (8192K), 8 survivors (8192K)
 Metaspace       used 64055K, capacity 65845K, committed 66176K, reserved 1105920K
  class space    used 8265K, capacity 8962K, committed 9088K, reserved 1048576K
}

Deoptimization events (20 events):
Event: 1777,487 Thread 0x00007f1814005000 DEOPT PACKING pc=0x00007f1879748124 sp=0x00007f18187f2560
Event: 1777,488 Thread 0x00007f1814005000 DEOPT UNPACKING pc=0x00007f187889d62b sp=0x00007f18187f1b38 mode 1
Event: 1777,604 Thread 0x00007f1814005000 DEOPT PACKING pc=0x00007f1878e48f3d sp=0x00007f18187f2430
Event: 1777,604 Thread 0x00007f1814005000 DEOPT UNPACKING pc=0x00007f187889d62b sp=0x00007f18187f18d0 mode 0
Event: 1777,604 Thread 0x00007f1814005000 DEOPT PACKING pc=0x00007f187972cc34 sp=0x00007f18187f21f0
Event: 1777,604 Thread 0x00007f1814005000 DEOPT UNPACKING pc=0x00007f187889d62b sp=0x00007f18187f17b0 mode 1
Event: 1777,605 Thread 0x00007f1814005000 DEOPT PACKING pc=0x00007f187972cc34 sp=0x00007f18187f21f0
Event: 1777,605 Thread 0x00007f1814005000 DEOPT UNPACKING pc=0x00007f187889d62b sp=0x00007f18187f17b0 mode 1
Event: 1777,612 Thread 0x00007f1814005000 DEOPT PACKING pc=0x00007f1879730ee9 sp=0x00007f18187f2410
Event: 1777,612 Thread 0x00007f1814005000 DEOPT UNPACKING pc=0x00007f187889d62b sp=0x00007f18187f18e8 mode 1
Event: 1777,613 Thread 0x00007f1814005000 DEOPT PACKING pc=0x00007f1879730ee9 sp=0x00007f18187f27c0
Event: 1777,613 Thread 0x00007f1814005000 DEOPT UNPACKING pc=0x00007f187889d62b sp=0x00007f18187f1c98 mode 1
Event: 1778,332 Thread 0x00007f1814005000 Uncommon trap: trap_request=0xffffff4d fr.pc=0x00007f1880625674 relative=0x00000000000001b4
Event: 1778,332 Thread 0x00007f1814005000 Uncommon trap: reason=unstable_if action=reinterpret pc=0x00007f1880625674 method=java.util.concurrent.locks.ReentrantLock$Sync.nonfairTryAcquire(I)Z @ 34 c2
Event: 1778,332 Thread 0x00007f1814005000 DEOPT PACKING pc=0x00007f1880625674 sp=0x00007f18187f3220
Event: 1778,332 Thread 0x00007f1814005000 DEOPT UNPACKING pc=0x00007f187889ce9f sp=0x00007f18187f3168 mode 2
Event: 1778,332 Thread 0x00007f1814005000 Uncommon trap: trap_request=0xffffff4d fr.pc=0x00007f1880625a5c relative=0x000000000000011c
Event: 1778,332 Thread 0x00007f1814005000 Uncommon trap: reason=unstable_if action=reinterpret pc=0x00007f1880625a5c method=java.util.concurrent.locks.ReentrantLock$Sync.tryRelease(I)Z @ 28 c2
Event: 1778,332 Thread 0x00007f1814005000 DEOPT PACKING pc=0x00007f1880625a5c sp=0x00007f18187f3240
Event: 1778,332 Thread 0x00007f1814005000 DEOPT UNPACKING pc=0x00007f187889ce9f sp=0x00007f18187f31f0 mode 2

Classes redefined (0 events):
No events

Internal exceptions (20 events):
Event: 14,719 Thread 0x00007f189001a000 Exception <a 'java/lang/ClassNotFoundException'{0x00000000cc53a680}: org/springframework/context/annotation/ImportAwareCustomizer> (0x00000000cc53a680) thrown at [src/hotspot/share/classfile/systemDictionary.cpp, line 231]
Event: 14,719 Thread 0x00007f189001a000 Exception <a 'java/lang/ClassNotFoundException'{0x00000000cc547fe8}: org/springframework/beans/factory/AwareCustomizer> (0x00000000cc547fe8) thrown at [src/hotspot/share/classfile/systemDictionary.cpp, line 231]
Event: 14,720 Thread 0x00007f189001a000 Exception <a 'java/lang/ClassNotFoundException'{0x00000000cc5566b0}: org/springframework/beans/factory/BeanClassLoaderAwareCustomizer> (0x00000000cc5566b0) thrown at [src/hotspot/share/classfile/systemDictionary.cpp, line 231]
Event: 14,720 Thread 0x00007f189001a000 Exception <a 'java/lang/ClassNotFoundException'{0x00000000cc564028}: org/springframework/beans/factory/AwareCustomizer> (0x00000000cc564028) thrown at [src/hotspot/share/classfile/systemDictionary.cpp, line 231]
Event: 14,803 Thread 0x00007f189001a000 Implicit null exception at 0x00007f188043e95d to 0x00007f188043f1b8
Event: 15,148 Thread 0x00007f189001a000 Implicit null exception at 0x00007f18805871cf to 0x00007f1880589288
Event: 15,323 Thread 0x00007f189001a000 Exception <a 'java/lang/IncompatibleClassChangeError'{0x00000000cde50f78}: Found class java.lang.Object, but interface was expected> (0x00000000cde50f78) thrown at [src/hotspot/share/interpreter/linkResolver.cpp, line 839]
Event: 15,423 Thread 0x00007f189001a000 Exception <a 'java/lang/ClassNotFoundException'{0x00000000cda5a478}: java/lang/ObjectCustomizer> (0x00000000cda5a478) thrown at [src/hotspot/share/classfile/systemDictionary.cpp, line 231]
Event: 15,424 Thread 0x00007f189001a000 Exception <a 'java/lang/ClassNotFoundException'{0x00000000cda6db60}: org/springframework/security/config/annotation/web/configuration/HttpSecurityConfigurationCustomizer> (0x00000000cda6db60) thrown at [src/hotspot/share/classfile/systemDictionary.cpp, line 231]
Event: 15,529 Thread 0x00007f189001a000 Exception <a 'java/lang/NoSuchMethodError'{0x00000000cd6bc140}: 'void java.lang.invoke.DirectMethodHandle$Holder.invokeVirtual(java.lang.Object, java.lang.Object, int)'> (0x00000000cd6bc140) thrown at [src/hotspot/share/interpreter/linkResolver.cpp, line 772]
Event: 15,532 Thread 0x00007f189001a000 Exception <a 'java/lang/NoSuchMethodError'{0x00000000cd6d5f40}: 'void java.lang.invoke.DirectMethodHandle$Holder.invokeVirtual(java.lang.Object, java.lang.Object, long)'> (0x00000000cd6d5f40) thrown at [src/hotspot/share/interpreter/linkResolver.cpp, line 772]
Event: 15,879 Thread 0x00007f189001a000 Exception <a 'java/lang/NoSuchMethodError'{0x00000000cc442000}: 'java.lang.Object java.lang.invoke.DirectMethodHandle$Holder.invokeSpecial(java.lang.Object, java.lang.Object, int, java.lang.Object, int, java.lang.Object)'> (0x00000000cc442000) thrown at [src/hotspot/share/interpreter/linkResolver.cpp, line 772]
Event: 15,880 Thread 0x00007f189001a000 Exception <a 'java/lang/NoSuchMethodError'{0x00000000cc4494e8}: 'java.lang.Object java.lang.invoke.DirectMethodHandle$Holder.invokeStatic(java.lang.Object, java.lang.Object, int, java.lang.Object, int)'> (0x00000000cc4494e8) thrown at [src/hotspot/share/interpreter/linkResolver.cpp, line 772]
Event: 15,880 Thread 0x00007f189001a000 Exception <a 'java/lang/NoSuchMethodError'{0x00000000cc44ccc8}: 'java.lang.Object java.lang.invoke.DirectMethodHandle$Holder.invokeSpecial(java.lang.Object, java.lang.Object, java.lang.Object, int, java.lang.Object, int)'> (0x00000000cc44ccc8) thrown at [src/hotspot/share/interpreter/linkResolver.cpp, line 772]
Event: 15,882 Thread 0x00007f189001a000 Exception <a 'java/lang/NoSuchMethodError'{0x00000000cc45d228}: 'void java.lang.invoke.DirectMethodHandle$Holder.invokeVirtual(java.lang.Object, java.lang.Object)'> (0x00000000cc45d228) thrown at [src/hotspot/share/interpreter/linkResolver.cpp, line 772]
Event: 156,361 Thread 0x00007f1808003000 Exception <a 'java/lang/NullPointerException'{0x00000000c95562c8}> (0x00000000c95562c8) thrown at [src/hotspot/share/interpreter/linkResolver.cpp, line 1358]
Event: 156,361 Thread 0x00007f1808003000 Exception <a 'java/lang/reflect/InvocationTargetException'{0x00000000c9556ae8}> (0x00000000c9556ae8) thrown at [src/hotspot/share/runtime/reflection.cpp, line 1245]
Event: 156,434 Thread 0x00007f1808003000 Exception <a 'java/lang/NoClassDefFoundError'{0x00000000c95fc7d8}: sun/reflect/Reflection> (0x00000000c95fc7d8) thrown at [src/hotspot/share/classfile/systemDictionary.cpp, line 220]
Event: 1752,119 Thread 0x00007f1808008000 Exception <a 'java/lang/NullPointerException'{0x00000000ce2f0f90}> (0x00000000ce2f0f90) thrown at [src/hotspot/share/interpreter/linkResolver.cpp, line 1358]
Event: 1752,119 Thread 0x00007f1808008000 Exception <a 'java/lang/reflect/InvocationTargetException'{0x00000000ce2f17b0}> (0x00000000ce2f17b0) thrown at [src/hotspot/share/runtime/reflection.cpp, line 1245]

Events (20 events):
Event: 1776,403 Executing VM operation: RevokeBias
Event: 1776,403 Executing VM operation: RevokeBias done
Event: 1776,404 loading class sun/security/ssl/Alert
Event: 1776,466 loading class sun/security/ssl/Alert done
Event: 1776,466 loading class sun/security/ssl/Alert$AlertConsumer
Event: 1776,471 loading class sun/security/ssl/Alert$AlertConsumer done
Event: 1776,471 loading class sun/security/ssl/Alert$Level
Event: 1776,471 loading class sun/security/ssl/Alert$Level done
Event: 1776,472 Executing VM operation: RevokeBias
Event: 1776,472 Executing VM operation: RevokeBias done
Event: 1776,472 Executing VM operation: RevokeBias
Event: 1776,472 Executing VM operation: RevokeBias done
Event: 1776,473 loading class com/mysql/cj/log/ProfilerEventHandlerFactory
Event: 1776,473 loading class com/mysql/cj/log/ProfilerEventHandlerFactory done
Event: 1776,557 Executing VM operation: RevokeBias
Event: 1776,557 Executing VM operation: RevokeBias done
Event: 1778,353 Executing VM operation: RevokeBias
Event: 1778,353 Executing VM operation: RevokeBias done
Event: 1780,215 Thread 0x00007f1834001800 Thread exited: 0x00007f1834001800
Event: 1780,232 loading class jdk/internal/misc/Signal$1


Dynamic libraries:
c5a00000-ce500000 rw-p 00000000 00:00 0 
ce500000-ffe00000 ---p 00000000 00:00 0 
ffe00000-ffe47000 rw-p 01114000 08:06 6819997                            /usr/lib/jvm/java-11-openjdk-amd64/lib/server/classes.jsa
ffe47000-fff00000 rw-p 00000000 00:00 0 
fff00000-fff6b000 rw-p 010a9000 08:06 6819997                            /usr/lib/jvm/java-11-openjdk-amd64/lib/server/classes.jsa
fff6b000-100000000 rw-p 00000000 00:00 0 
800000000-800002000 rwxp 00001000 08:06 6819997                          /usr/lib/jvm/java-11-openjdk-amd64/lib/server/classes.jsa
800002000-8010a8000 rw-p 00003000 08:06 6819997                          /usr/lib/jvm/java-11-openjdk-amd64/lib/server/classes.jsa
840000000-8408e0000 rw-p 00000000 00:00 0 
8408e0000-880000000 ---p 00000000 00:00 0 
56375f38a000-56375f38b000 r--p 00000000 08:06 6819645                    /usr/lib/jvm/java-11-openjdk-amd64/bin/java
56375f38b000-56375f38c000 r-xp 00001000 08:06 6819645                    /usr/lib/jvm/java-11-openjdk-amd64/bin/java
56375f38c000-56375f38d000 r--p 00002000 08:06 6819645                    /usr/lib/jvm/java-11-openjdk-amd64/bin/java
56375f38d000-56375f38e000 r--p 00002000 08:06 6819645                    /usr/lib/jvm/java-11-openjdk-amd64/bin/java
56375f38e000-56375f38f000 rw-p 00003000 08:06 6819645                    /usr/lib/jvm/java-11-openjdk-amd64/bin/java
5637602a1000-5637602e4000 rw-p 00000000 00:00 0                          [heap]
7f17f4000000-7f17f4021000 rw-p 00000000 00:00 0 
7f17f4021000-7f17f8000000 ---p 00000000 00:00 0 
7f17fc000000-7f17fc021000 rw-p 00000000 00:00 0 
7f17fc021000-7f1800000000 ---p 00000000 00:00 0 
7f1800000000-7f18001d4000 rw-p 00000000 00:00 0 
7f18001d4000-7f1804000000 ---p 00000000 00:00 0 
7f1804000000-7f1804021000 rw-p 00000000 00:00 0 
7f1804021000-7f1808000000 ---p 00000000 00:00 0 
7f1808000000-7f1808021000 rw-p 00000000 00:00 0 
7f1808021000-7f180c000000 ---p 00000000 00:00 0 
7f180c000000-7f180c021000 rw-p 00000000 00:00 0 
7f180c021000-7f1810000000 ---p 00000000 00:00 0 
7f1810000000-7f1810021000 rw-p 00000000 00:00 0 
7f1810021000-7f1814000000 ---p 00000000 00:00 0 
7f1814000000-7f1814021000 rw-p 00000000 00:00 0 
7f1814021000-7f1818000000 ---p 00000000 00:00 0 
7f18186f4000-7f18186f8000 ---p 00000000 00:00 0 
7f18186f8000-7f18187f5000 rw-p 00000000 00:00 0 
7f18187f5000-7f18187f9000 ---p 00000000 00:00 0 
7f18187f9000-7f18188f6000 rw-p 00000000 00:00 0 
7f18188f6000-7f18188fa000 ---p 00000000 00:00 0 
7f18188fa000-7f18189f7000 rw-p 00000000 00:00 0 
7f18189f7000-7f18189fb000 ---p 00000000 00:00 0 
7f18189fb000-7f1818cf8000 rw-p 00000000 00:00 0 
7f1818cf8000-7f1818cfc000 ---p 00000000 00:00 0 
7f1818cfc000-7f1818df9000 rw-p 00000000 00:00 0 
7f1818df9000-7f1818dfd000 ---p 00000000 00:00 0 
7f1818dfd000-7f1818efa000 rw-p 00000000 00:00 0 
7f1818efa000-7f1818efe000 ---p 00000000 00:00 0 
7f1818efe000-7f1818ffb000 rw-p 00000000 00:00 0 
7f1818ffb000-7f1818fff000 ---p 00000000 00:00 0 
7f1818fff000-7f18192fc000 rw-p 00000000 00:00 0 
7f18192fc000-7f18194fc000 rw-p 00000000 00:00 0 
7f18194fc000-7f1819500000 ---p 00000000 00:00 0 
7f1819500000-7f18195fd000 rw-p 00000000 00:00 0 
7f18195fd000-7f1819601000 ---p 00000000 00:00 0 
7f1819601000-7f18198fe000 rw-p 00000000 00:00 0 
7f18198fe000-7f1819afe000 rw-p 00000000 00:00 0 
7f1819afe000-7f1819cfe000 rw-p 00000000 00:00 0 
7f1819cfe000-7f1819efe000 rw-p 00000000 00:00 0 
7f1819efe000-7f181a0fe000 rw-p 00000000 00:00 0 
7f181a0fe000-7f181a102000 ---p 00000000 00:00 0 
7f181a102000-7f181a1ff000 rw-p 00000000 00:00 0 
7f181a1ff000-7f181a203000 ---p 00000000 00:00 0 
7f181a203000-7f181a300000 rw-p 00000000 00:00 0 
7f181a383000-7f181a583000 rw-p 00000000 00:00 0 
7f181a583000-7f181a783000 rw-p 00000000 00:00 0 
7f181a783000-7f181a983000 rw-p 00000000 00:00 0 
7f181a983000-7f181ab83000 rw-p 00000000 00:00 0 
7f181ab83000-7f181ad83000 rw-p 00000000 00:00 0 
7f181ad83000-7f181af83000 rw-p 00000000 00:00 0 
7f181af83000-7f181b183000 rw-p 00000000 00:00 0 
7f181b183000-7f181b383000 rw-p 00000000 00:00 0 
7f181b383000-7f181b583000 rw-p 00000000 00:00 0 
7f181b583000-7f181b783000 rw-p 00000000 00:00 0 
7f181b783000-7f181b983000 rw-p 00000000 00:00 0 
7f181ba00000-7f181bc00000 rw-p 00000000 00:00 0 
7f181bc00000-7f181be00000 rw-p 00000000 00:00 0 
7f181be00000-7f181c000000 rw-p 00000000 00:00 0 
7f181c000000-7f181c021000 rw-p 00000000 00:00 0 
7f181c021000-7f1820000000 ---p 00000000 00:00 0 
7f1820000000-7f1820034000 rw-p 00000000 00:00 0 
7f1820034000-7f1824000000 ---p 00000000 00:00 0 
7f1824000000-7f1824028000 rw-p 00000000 00:00 0 
7f1824028000-7f1828000000 ---p 00000000 00:00 0 
7f1828000000-7f18282cb000 rw-p 00000000 00:00 0 
7f18282cb000-7f182c000000 ---p 00000000 00:00 0 
7f182c000000-7f182c021000 rw-p 00000000 00:00 0 
7f182c021000-7f1830000000 ---p 00000000 00:00 0 
7f1830000000-7f1830021000 rw-p 00000000 00:00 0 
7f1830021000-7f1834000000 ---p 00000000 00:00 0 
7f1834000000-7f183406d000 rw-p 00000000 00:00 0 
7f183406d000-7f1838000000 ---p 00000000 00:00 0 
7f1838000000-7f1838021000 rw-p 00000000 00:00 0 
7f1838021000-7f183c000000 ---p 00000000 00:00 0 
7f183c000000-7f183c029000 rw-p 00000000 00:00 0 
7f183c029000-7f1840000000 ---p 00000000 00:00 0 
7f1840000000-7f1840021000 rw-p 00000000 00:00 0 
7f1840021000-7f1844000000 ---p 00000000 00:00 0 
7f1844000000-7f1847099000 rw-p 00000000 00:00 0 
7f1847099000-7f1848000000 ---p 00000000 00:00 0 
7f1848000000-7f1848f97000 rw-p 00000000 00:00 0 
7f1848f97000-7f184c000000 ---p 00000000 00:00 0 
7f184c000000-7f184c021000 rw-p 00000000 00:00 0 
7f184c021000-7f1850000000 ---p 00000000 00:00 0 
7f1850000000-7f1850021000 rw-p 00000000 00:00 0 
7f1850021000-7f1854000000 ---p 00000000 00:00 0 
7f1854000000-7f1854021000 rw-p 00000000 00:00 0 
7f1854021000-7f1858000000 ---p 00000000 00:00 0 
7f1858000000-7f1858021000 rw-p 00000000 00:00 0 
7f1858021000-7f185c000000 ---p 00000000 00:00 0 
7f185c000000-7f185c021000 rw-p 00000000 00:00 0 
7f185c021000-7f1860000000 ---p 00000000 00:00 0 
7f1860000000-7f18601a5000 rw-p 00000000 00:00 0 
7f18601a5000-7f1864000000 ---p 00000000 00:00 0 
7f1864000000-7f1864021000 rw-p 00000000 00:00 0 
7f1864021000-7f1868000000 ---p 00000000 00:00 0 
7f18680f5000-7f18680f9000 ---p 00000000 00:00 0 
7f18680f9000-7f18681f6000 rw-p 00000000 00:00 0 
7f186827e000-7f186827f000 ---p 00000000 00:00 0 
7f186827f000-7f1868380000 rw-p 00000000 00:00 0 
7f1868380000-7f1868381000 ---p 00000000 00:00 0 
7f1868381000-7f1868682000 rw-p 00000000 00:00 0 
7f1868682000-7f1868882000 rw-p 00000000 00:00 0 
7f1868882000-7f1868883000 ---p 00000000 00:00 0 
7f1868883000-7f1868984000 rw-p 00000000 00:00 0 
7f1868984000-7f1868985000 ---p 00000000 00:00 0 
7f1868985000-7f1868a86000 rw-p 00000000 00:00 0 
7f1868a86000-7f1868a8a000 ---p 00000000 00:00 0 
7f1868a8a000-7f1868b87000 rw-p 00000000 00:00 0 
7f1868b87000-7f1868b8b000 ---p 00000000 00:00 0 
7f1868b8b000-7f1868c88000 rw-p 00000000 00:00 0 
7f1868c88000-7f1868c8c000 ---p 00000000 00:00 0 
7f1868c8c000-7f1868d89000 rw-p 00000000 00:00 0 
7f1868d89000-7f1868d8d000 ---p 00000000 00:00 0 
7f1868d8d000-7f1868e8a000 rw-p 00000000 00:00 0 
7f1868e8a000-7f1868e8e000 ---p 00000000 00:00 0 
7f1868e8e000-7f1868f8b000 rw-p 00000000 00:00 0 
7f1868f8b000-7f1868f8f000 ---p 00000000 00:00 0 
7f1868f8f000-7f186908c000 rw-p 00000000 00:00 0 
7f186908c000-7f1869090000 ---p 00000000 00:00 0 
7f1869090000-7f186918d000 rw-p 00000000 00:00 0 
7f186918d000-7f1869191000 ---p 00000000 00:00 0 
7f1869191000-7f186928e000 rw-p 00000000 00:00 0 
7f186928e000-7f1869800000 r--p 00000000 08:06 6691689                    /usr/lib/locale/locale-archive
7f1869800000-7f186c000000 rw-p 00000000 00:00 0 
7f186c000000-7f186c021000 rw-p 00000000 00:00 0 
7f186c021000-7f1870000000 ---p 00000000 00:00 0 
7f1870000000-7f1870021000 rw-p 00000000 00:00 0 
7f1870021000-7f1874000000 ---p 00000000 00:00 0 
7f1874000000-7f1874022000 rw-p 00000000 00:00 0 
7f1874022000-7f1878000000 ---p 00000000 00:00 0 
7f1878049000-7f1878051000 r--p 00000000 08:06 6819726                    /usr/lib/jvm/java-11-openjdk-amd64/lib/libsunec.so
7f1878051000-7f187806a000 r-xp 00008000 08:06 6819726                    /usr/lib/jvm/java-11-openjdk-amd64/lib/libsunec.so
7f187806a000-7f1878074000 r--p 00021000 08:06 6819726                    /usr/lib/jvm/java-11-openjdk-amd64/lib/libsunec.so
7f1878074000-7f1878075000 ---p 0002b000 08:06 6819726                    /usr/lib/jvm/java-11-openjdk-amd64/lib/libsunec.so
7f1878075000-7f1878079000 r--p 0002b000 08:06 6819726                    /usr/lib/jvm/java-11-openjdk-amd64/lib/libsunec.so
7f1878079000-7f187807b000 rw-p 0002f000 08:06 6819726                    /usr/lib/jvm/java-11-openjdk-amd64/lib/libsunec.so
7f187807b000-7f187807c000 r--p 00000000 08:06 6819702                    /usr/lib/jvm/java-11-openjdk-amd64/lib/libextnet.so
7f187807c000-7f187807d000 r-xp 00001000 08:06 6819702                    /usr/lib/jvm/java-11-openjdk-amd64/lib/libextnet.so
7f187807d000-7f187807e000 r--p 00002000 08:06 6819702                    /usr/lib/jvm/java-11-openjdk-amd64/lib/libextnet.so
7f187807e000-7f187807f000 r--p 00002000 08:06 6819702                    /usr/lib/jvm/java-11-openjdk-amd64/lib/libextnet.so
7f187807f000-7f1878080000 rw-p 00003000 08:06 6819702                    /usr/lib/jvm/java-11-openjdk-amd64/lib/libextnet.so
7f1878080000-7f1878082000 r--p 00000000 08:06 6819718                    /usr/lib/jvm/java-11-openjdk-amd64/lib/libmanagement_ext.so
7f1878082000-7f1878085000 r-xp 00002000 08:06 6819718                    /usr/lib/jvm/java-11-openjdk-amd64/lib/libmanagement_ext.so
7f1878085000-7f1878087000 r--p 00005000 08:06 6819718                    /usr/lib/jvm/java-11-openjdk-amd64/lib/libmanagement_ext.so
7f1878087000-7f1878088000 r--p 00006000 08:06 6819718                    /usr/lib/jvm/java-11-openjdk-amd64/lib/libmanagement_ext.so
7f1878088000-7f1878089000 rw-p 00007000 08:06 6819718                    /usr/lib/jvm/java-11-openjdk-amd64/lib/libmanagement_ext.so
7f1878089000-7f18780af000 r--p 00000000 08:06 7739987                    /usr/share/locale-langpack/pt_BR/LC_MESSAGES/libc.mo
7f18780af000-7f18780b3000 r--p 00000000 08:06 6819720                    /usr/lib/jvm/java-11-openjdk-amd64/lib/libnet.so
7f18780b3000-7f18780c2000 r-xp 00004000 08:06 6819720                    /usr/lib/jvm/java-11-openjdk-amd64/lib/libnet.so
7f18780c2000-7f18780c6000 r--p 00013000 08:06 6819720                    /usr/lib/jvm/java-11-openjdk-amd64/lib/libnet.so
7f18780c6000-7f18780c7000 r--p 00016000 08:06 6819720                    /usr/lib/jvm/java-11-openjdk-amd64/lib/libnet.so
7f18780c7000-7f18780c8000 rw-p 00017000 08:06 6819720                    /usr/lib/jvm/java-11-openjdk-amd64/lib/libnet.so
7f18780c8000-7f18780cc000 ---p 00000000 00:00 0 
7f18780cc000-7f18781c9000 rw-p 00000000 00:00 0 
7f18781c9000-7f18781cd000 ---p 00000000 00:00 0 
7f18781cd000-7f18782ca000 rw-p 00000000 00:00 0 
7f18782ca000-7f18782ce000 ---p 00000000 00:00 0 
7f18782ce000-7f18783cb000 rw-p 00000000 00:00 0 
7f18783cb000-7f18783cc000 ---p 00000000 00:00 0 
7f18783cc000-7f187854e000 rw-p 00000000 00:00 0 
7f187854e000-7f187854f000 ---p 00000000 00:00 0 
7f187854f000-7f1878650000 rw-p 00000000 00:00 0 
7f1878650000-7f1878651000 ---p 00000000 00:00 0 
7f1878651000-7f1878853000 rw-p 00000000 00:00 0 
7f1878853000-7f1878ac3000 rwxp 00000000 00:00 0 
7f1878ac3000-7f1878de3000 ---p 00000000 00:00 0 
7f1878de3000-7f1879a13000 rwxp 00000000 00:00 0 
7f1879a13000-7f188031b000 ---p 00000000 00:00 0 
7f188031b000-7f188063b000 rwxp 00000000 00:00 0 
7f188063b000-7f1887853000 ---p 00000000 00:00 0 
7f1890000000-7f1891f85000 rw-p 00000000 00:00 0 
7f1891f85000-7f1894000000 ---p 00000000 00:00 0 
7f1894004000-7f1894007000 r--p 00000000 08:06 6819716                    /usr/lib/jvm/java-11-openjdk-amd64/lib/libmanagement.so
7f1894007000-7f1894008000 r-xp 00003000 08:06 6819716                    /usr/lib/jvm/java-11-openjdk-amd64/lib/libmanagement.so
7f1894008000-7f1894009000 r--p 00004000 08:06 6819716                    /usr/lib/jvm/java-11-openjdk-amd64/lib/libmanagement.so
7f1894009000-7f189400a000 r--p 00004000 08:06 6819716                    /usr/lib/jvm/java-11-openjdk-amd64/lib/libmanagement.so
7f189400a000-7f189400b000 rw-p 00005000 08:06 6819716                    /usr/lib/jvm/java-11-openjdk-amd64/lib/libmanagement.so
7f189400b000-7f1894012000 r--p 00000000 08:06 6819721                    /usr/lib/jvm/java-11-openjdk-amd64/lib/libnio.so
7f1894012000-7f189401a000 r-xp 00007000 08:06 6819721                    /usr/lib/jvm/java-11-openjdk-amd64/lib/libnio.so
7f189401a000-7f189401d000 r--p 0000f000 08:06 6819721                    /usr/lib/jvm/java-11-openjdk-amd64/lib/libnio.so
7f189401d000-7f189401e000 r--p 00011000 08:06 6819721                    /usr/lib/jvm/java-11-openjdk-amd64/lib/libnio.so
7f189401e000-7f189401f000 rw-p 00012000 08:06 6819721                    /usr/lib/jvm/java-11-openjdk-amd64/lib/libnio.so
7f189401f000-7f1894021000 r--p 00000000 08:06 6819701                    /usr/lib/jvm/java-11-openjdk-amd64/lib/libdt_socket.so
7f1894021000-7f1894024000 r-xp 00002000 08:06 6819701                    /usr/lib/jvm/java-11-openjdk-amd64/lib/libdt_socket.so
7f1894024000-7f1894025000 r--p 00005000 08:06 6819701                    /usr/lib/jvm/java-11-openjdk-amd64/lib/libdt_socket.so
7f1894025000-7f1894026000 ---p 00006000 08:06 6819701                    /usr/lib/jvm/java-11-openjdk-amd64/lib/libdt_socket.so
7f1894026000-7f1894027000 r--p 00006000 08:06 6819701                    /usr/lib/jvm/java-11-openjdk-amd64/lib/libdt_socket.so
7f1894027000-7f1894028000 rw-p 00007000 08:06 6819701                    /usr/lib/jvm/java-11-openjdk-amd64/lib/libdt_socket.so
7f1894028000-7f189402f000 r--s 00000000 08:06 7348067                    /usr/lib/x86_64-linux-gnu/gconv/gconv-modules.cache
7f189402f000-7f189438d000 rw-p 00000000 00:00 0 
7f189438d000-7f189438e000 ---p 00000000 00:00 0 
7f189438e000-7f189448f000 rw-p 00000000 00:00 0 
7f189448f000-7f1894490000 ---p 00000000 00:00 0 
7f1894490000-7f18947dd000 rw-p 00000000 00:00 0 
7f18947dd000-7f1895441000 ---p 00000000 00:00 0 
7f1895441000-7f1895675000 rw-p 00000000 00:00 0 
7f1895675000-7f18962d9000 ---p 00000000 00:00 0 
7f18962d9000-7f1896327000 rw-p 00000000 00:00 0 
7f1896327000-7f18964b3000 ---p 00000000 00:00 0 
7f18964b3000-7f18964fa000 rw-p 00000000 00:00 0 
7f18964fa000-7f1896686000 ---p 00000000 00:00 0 
7f1896686000-7f18966cd000 rw-p 00000000 00:00 0 
7f18966cd000-7f1896859000 ---p 00000000 00:00 0 
7f1896859000-7f1896c5e000 rw-p 00000000 00:00 0 
7f1896c5e000-7f1896c5f000 ---p 00000000 00:00 0 
7f1896c5f000-7f1896d67000 rw-p 00000000 00:00 0 
7f1896d67000-7f1896e4b000 ---p 00000000 00:00 0 
7f1896e4b000-7f1896e64000 rw-p 00000000 00:00 0 
7f1896e64000-7f1896f36000 ---p 00000000 00:00 0 
7f1896f36000-7f1896f3b000 rw-p 00000000 00:00 0 
7f1896f3b000-7f1896f42000 ---p 00000000 00:00 0 
7f1896f42000-7f1896f45000 r--p 00000000 08:06 6688645                    /usr/lib/x86_64-linux-gnu/libnss_files-2.31.so
7f1896f45000-7f1896f4c000 r-xp 00003000 08:06 6688645                    /usr/lib/x86_64-linux-gnu/libnss_files-2.31.so
7f1896f4c000-7f1896f4e000 r--p 0000a000 08:06 6688645                    /usr/lib/x86_64-linux-gnu/libnss_files-2.31.so
7f1896f4e000-7f1896f4f000 r--p 0000b000 08:06 6688645                    /usr/lib/x86_64-linux-gnu/libnss_files-2.31.so
7f1896f4f000-7f1896f50000 rw-p 0000c000 08:06 6688645                    /usr/lib/x86_64-linux-gnu/libnss_files-2.31.so
7f1896f50000-7f1896f56000 rw-p 00000000 00:00 0 
7f1896f58000-7f1896f5a000 r--p 00000000 08:06 6819729                    /usr/lib/jvm/java-11-openjdk-amd64/lib/libzip.so
7f1896f5a000-7f1896f5e000 r-xp 00002000 08:06 6819729                    /usr/lib/jvm/java-11-openjdk-amd64/lib/libzip.so
7f1896f5e000-7f1896f60000 r--p 00006000 08:06 6819729                    /usr/lib/jvm/java-11-openjdk-amd64/lib/libzip.so
7f1896f60000-7f1896f61000 r--p 00007000 08:06 6819729                    /usr/lib/jvm/java-11-openjdk-amd64/lib/libzip.so
7f1896f61000-7f1896f62000 rw-p 00008000 08:06 6819729                    /usr/lib/jvm/java-11-openjdk-amd64/lib/libzip.so
7f1896f62000-7f1896f6a000 rw-s 00000000 08:06 5900073                    /tmp/hsperfdata_gabriel/6119
7f1896f6a000-7f1896f6c000 r--p 00000000 08:06 6819704                    /usr/lib/jvm/java-11-openjdk-amd64/lib/libinstrument.so
7f1896f6c000-7f1896f72000 r-xp 00002000 08:06 6819704                    /usr/lib/jvm/java-11-openjdk-amd64/lib/libinstrument.so
7f1896f72000-7f1896f75000 r--p 00008000 08:06 6819704                    /usr/lib/jvm/java-11-openjdk-amd64/lib/libinstrument.so
7f1896f75000-7f1896f76000 r--p 0000a000 08:06 6819704                    /usr/lib/jvm/java-11-openjdk-amd64/lib/libinstrument.so
7f1896f76000-7f1896f77000 rw-p 0000b000 08:06 6819704                    /usr/lib/jvm/java-11-openjdk-amd64/lib/libinstrument.so
7f1896f77000-7f1896f79000 r--p 00000000 08:06 6819711                    /usr/lib/jvm/java-11-openjdk-amd64/lib/libjdwp.so
7f1896f79000-7f1896fa5000 r-xp 00002000 08:06 6819711                    /usr/lib/jvm/java-11-openjdk-amd64/lib/libjdwp.so
7f1896fa5000-7f1896fb3000 r--p 0002e000 08:06 6819711                    /usr/lib/jvm/java-11-openjdk-amd64/lib/libjdwp.so
7f1896fb3000-7f1896fb4000 r--p 0003b000 08:06 6819711                    /usr/lib/jvm/java-11-openjdk-amd64/lib/libjdwp.so
7f1896fb4000-7f1896fb5000 rw-p 0003c000 08:06 6819711                    /usr/lib/jvm/java-11-openjdk-amd64/lib/libjdwp.so
7f1896fb5000-7f1896fb7000 r--p 00000000 08:06 6819712                    /usr/lib/jvm/java-11-openjdk-amd64/lib/libjimage.so
7f1896fb7000-7f1896fba000 r-xp 00002000 08:06 6819712                    /usr/lib/jvm/java-11-openjdk-amd64/lib/libjimage.so
7f1896fba000-7f1896fbb000 r--p 00005000 08:06 6819712                    /usr/lib/jvm/java-11-openjdk-amd64/lib/libjimage.so
7f1896fbb000-7f1896fbc000 ---p 00006000 08:06 6819712                    /usr/lib/jvm/java-11-openjdk-amd64/lib/libjimage.so
7f1896fbc000-7f1896fbd000 r--p 00006000 08:06 6819712                    /usr/lib/jvm/java-11-openjdk-amd64/lib/libjimage.so
7f1896fbd000-7f1896fbe000 rw-p 00007000 08:06 6819712                    /usr/lib/jvm/java-11-openjdk-amd64/lib/libjimage.so
7f1896fbe000-7f1896fcc000 r--p 00000000 08:06 6819709                    /usr/lib/jvm/java-11-openjdk-amd64/lib/libjava.so
7f1896fcc000-7f1896fe2000 r-xp 0000e000 08:06 6819709                    /usr/lib/jvm/java-11-openjdk-amd64/lib/libjava.so
7f1896fe2000-7f1896fe9000 r--p 00024000 08:06 6819709                    /usr/lib/jvm/java-11-openjdk-amd64/lib/libjava.so
7f1896fe9000-7f1896fea000 r--p 0002a000 08:06 6819709                    /usr/lib/jvm/java-11-openjdk-amd64/lib/libjava.so
7f1896fea000-7f1896feb000 rw-p 0002b000 08:06 6819709                    /usr/lib/jvm/java-11-openjdk-amd64/lib/libjava.so
7f1896feb000-7f1896fec000 rw-p 00000000 00:00 0 
7f1896fec000-7f1896fef000 r--p 00000000 08:06 6688652                    /usr/lib/x86_64-linux-gnu/librt-2.31.so
7f1896fef000-7f1896ff3000 r-xp 00003000 08:06 6688652                    /usr/lib/x86_64-linux-gnu/librt-2.31.so
7f1896ff3000-7f1896ff4000 r--p 00007000 08:06 6688652                    /usr/lib/x86_64-linux-gnu/librt-2.31.so
7f1896ff4000-7f1896ff5000 ---p 00008000 08:06 6688652                    /usr/lib/x86_64-linux-gnu/librt-2.31.so
7f1896ff5000-7f1896ff6000 r--p 00008000 08:06 6688652                    /usr/lib/x86_64-linux-gnu/librt-2.31.so
7f1896ff6000-7f1896ff7000 rw-p 00009000 08:06 6688652                    /usr/lib/x86_64-linux-gnu/librt-2.31.so
7f1896ff7000-7f1896ffb000 ---p 00000000 00:00 0 
7f1896ffb000-7f18970f8000 rw-p 00000000 00:00 0 
7f18970f8000-7f18970fb000 r--p 00000000 08:06 6692391                    /usr/lib/x86_64-linux-gnu/libgcc_s.so.1
7f18970fb000-7f189710d000 r-xp 00003000 08:06 6692391                    /usr/lib/x86_64-linux-gnu/libgcc_s.so.1
7f189710d000-7f1897111000 r--p 00015000 08:06 6692391                    /usr/lib/x86_64-linux-gnu/libgcc_s.so.1
7f1897111000-7f1897112000 r--p 00018000 08:06 6692391                    /usr/lib/x86_64-linux-gnu/libgcc_s.so.1
7f1897112000-7f1897113000 rw-p 00019000 08:06 6692391                    /usr/lib/x86_64-linux-gnu/libgcc_s.so.1
7f1897113000-7f1897122000 r--p 00000000 08:06 6688639                    /usr/lib/x86_64-linux-gnu/libm-2.31.so
7f1897122000-7f18971c9000 r-xp 0000f000 08:06 6688639                    /usr/lib/x86_64-linux-gnu/libm-2.31.so
7f18971c9000-7f1897260000 r--p 000b6000 08:06 6688639                    /usr/lib/x86_64-linux-gnu/libm-2.31.so
7f1897260000-7f1897261000 r--p 0014c000 08:06 6688639                    /usr/lib/x86_64-linux-gnu/libm-2.31.so
7f1897261000-7f1897262000 rw-p 0014d000 08:06 6688639                    /usr/lib/x86_64-linux-gnu/libm-2.31.so
7f1897262000-7f18972f8000 r--p 00000000 08:06 6693207                    /usr/lib/x86_64-linux-gnu/libstdc++.so.6.0.28
7f18972f8000-7f18973e8000 r-xp 00096000 08:06 6693207                    /usr/lib/x86_64-linux-gnu/libstdc++.so.6.0.28
7f18973e8000-7f1897431000 r--p 00186000 08:06 6693207                    /usr/lib/x86_64-linux-gnu/libstdc++.so.6.0.28
7f1897431000-7f1897432000 ---p 001cf000 08:06 6693207                    /usr/lib/x86_64-linux-gnu/libstdc++.so.6.0.28
7f1897432000-7f189743d000 r--p 001cf000 08:06 6693207                    /usr/lib/x86_64-linux-gnu/libstdc++.so.6.0.28
7f189743d000-7f1897440000 rw-p 001da000 08:06 6693207                    /usr/lib/x86_64-linux-gnu/libstdc++.so.6.0.28
7f1897440000-7f1897443000 rw-p 00000000 00:00 0 
7f1897443000-7f18976c4000 r--p 00000000 08:06 6819733                    /usr/lib/jvm/java-11-openjdk-amd64/lib/server/libjvm.so
7f18976c4000-7f1898344000 r-xp 00281000 08:06 6819733                    /usr/lib/jvm/java-11-openjdk-amd64/lib/server/libjvm.so
7f1898344000-7f189859f000 r--p 00f01000 08:06 6819733                    /usr/lib/jvm/java-11-openjdk-amd64/lib/server/libjvm.so
7f189859f000-7f1898663000 r--p 0115b000 08:06 6819733                    /usr/lib/jvm/java-11-openjdk-amd64/lib/server/libjvm.so
7f1898663000-7f189869e000 rw-p 0121f000 08:06 6819733                    /usr/lib/jvm/java-11-openjdk-amd64/lib/server/libjvm.so
7f189869e000-7f18986f7000 rw-p 00000000 00:00 0 
7f18986f7000-7f18986fe000 r--p 00000000 08:06 6688650                    /usr/lib/x86_64-linux-gnu/libpthread-2.31.so
7f18986fe000-7f189870f000 r-xp 00007000 08:06 6688650                    /usr/lib/x86_64-linux-gnu/libpthread-2.31.so
7f189870f000-7f1898714000 r--p 00018000 08:06 6688650                    /usr/lib/x86_64-linux-gnu/libpthread-2.31.so
7f1898714000-7f1898715000 r--p 0001c000 08:06 6688650                    /usr/lib/x86_64-linux-gnu/libpthread-2.31.so
7f1898715000-7f1898716000 rw-p 0001d000 08:06 6688650                    /usr/lib/x86_64-linux-gnu/libpthread-2.31.so
7f1898716000-7f189871a000 rw-p 00000000 00:00 0 
7f189871a000-7f189871b000 r--p 00000000 08:06 6688638                    /usr/lib/x86_64-linux-gnu/libdl-2.31.so
7f189871b000-7f189871d000 r-xp 00001000 08:06 6688638                    /usr/lib/x86_64-linux-gnu/libdl-2.31.so
7f189871d000-7f189871e000 r--p 00003000 08:06 6688638                    /usr/lib/x86_64-linux-gnu/libdl-2.31.so
7f189871e000-7f189871f000 r--p 00003000 08:06 6688638                    /usr/lib/x86_64-linux-gnu/libdl-2.31.so
7f189871f000-7f1898720000 rw-p 00004000 08:06 6688638                    /usr/lib/x86_64-linux-gnu/libdl-2.31.so
7f1898720000-7f1898722000 r--p 00000000 08:06 6693484                    /usr/lib/x86_64-linux-gnu/libz.so.1.2.11
7f1898722000-7f1898733000 r-xp 00002000 08:06 6693484                    /usr/lib/x86_64-linux-gnu/libz.so.1.2.11
7f1898733000-7f1898739000 r--p 00013000 08:06 6693484                    /usr/lib/x86_64-linux-gnu/libz.so.1.2.11
7f1898739000-7f189873a000 ---p 00019000 08:06 6693484                    /usr/lib/x86_64-linux-gnu/libz.so.1.2.11
7f189873a000-7f189873b000 r--p 00019000 08:06 6693484                    /usr/lib/x86_64-linux-gnu/libz.so.1.2.11
7f189873b000-7f189873c000 rw-p 0001a000 08:06 6693484                    /usr/lib/x86_64-linux-gnu/libz.so.1.2.11
7f189873c000-7f1898761000 r--p 00000000 08:06 6688637                    /usr/lib/x86_64-linux-gnu/libc-2.31.so
7f1898761000-7f18988d9000 r-xp 00025000 08:06 6688637                    /usr/lib/x86_64-linux-gnu/libc-2.31.so
7f18988d9000-7f1898923000 r--p 0019d000 08:06 6688637                    /usr/lib/x86_64-linux-gnu/libc-2.31.so
7f1898923000-7f1898924000 ---p 001e7000 08:06 6688637                    /usr/lib/x86_64-linux-gnu/libc-2.31.so
7f1898924000-7f1898927000 r--p 001e7000 08:06 6688637                    /usr/lib/x86_64-linux-gnu/libc-2.31.so
7f1898927000-7f189892a000 rw-p 001ea000 08:06 6688637                    /usr/lib/x86_64-linux-gnu/libc-2.31.so
7f189892a000-7f189892e000 rw-p 00000000 00:00 0 
7f189892e000-7f189892f000 ---p 00000000 00:00 0 
7f189892f000-7f1898930000 r--p 00000000 00:00 0 
7f1898930000-7f1898935000 r--p 00000000 08:06 6819728                    /usr/lib/jvm/java-11-openjdk-amd64/lib/libverify.so
7f1898935000-7f189893c000 r-xp 00005000 08:06 6819728                    /usr/lib/jvm/java-11-openjdk-amd64/lib/libverify.so
7f189893c000-7f189893e000 r--p 0000c000 08:06 6819728                    /usr/lib/jvm/java-11-openjdk-amd64/lib/libverify.so
7f189893e000-7f189893f000 ---p 0000e000 08:06 6819728                    /usr/lib/jvm/java-11-openjdk-amd64/lib/libverify.so
7f189893f000-7f1898941000 r--p 0000e000 08:06 6819728                    /usr/lib/jvm/java-11-openjdk-amd64/lib/libverify.so
7f1898941000-7f1898942000 rw-p 00010000 08:06 6819728                    /usr/lib/jvm/java-11-openjdk-amd64/lib/libverify.so
7f1898942000-7f1898945000 r--p 00000000 08:06 6819694                    /usr/lib/jvm/java-11-openjdk-amd64/lib/jli/libjli.so
7f1898945000-7f189894f000 r-xp 00003000 08:06 6819694                    /usr/lib/jvm/java-11-openjdk-amd64/lib/jli/libjli.so
7f189894f000-7f1898952000 r--p 0000d000 08:06 6819694                    /usr/lib/jvm/java-11-openjdk-amd64/lib/jli/libjli.so
7f1898952000-7f1898953000 ---p 00010000 08:06 6819694                    /usr/lib/jvm/java-11-openjdk-amd64/lib/jli/libjli.so
7f1898953000-7f1898954000 r--p 00010000 08:06 6819694                    /usr/lib/jvm/java-11-openjdk-amd64/lib/jli/libjli.so
7f1898954000-7f1898955000 rw-p 00011000 08:06 6819694                    /usr/lib/jvm/java-11-openjdk-amd64/lib/jli/libjli.so
7f1898955000-7f1898957000 rw-p 00000000 00:00 0 
7f1898957000-7f1898958000 r--p 00000000 08:06 6688576                    /usr/lib/x86_64-linux-gnu/ld-2.31.so
7f1898958000-7f189897b000 r-xp 00001000 08:06 6688576                    /usr/lib/x86_64-linux-gnu/ld-2.31.so
7f189897b000-7f1898983000 r--p 00024000 08:06 6688576                    /usr/lib/x86_64-linux-gnu/ld-2.31.so
7f1898984000-7f1898985000 r--p 0002c000 08:06 6688576                    /usr/lib/x86_64-linux-gnu/ld-2.31.so
7f1898985000-7f1898986000 rw-p 0002d000 08:06 6688576                    /usr/lib/x86_64-linux-gnu/ld-2.31.so
7f1898986000-7f1898987000 rw-p 00000000 00:00 0 
7fff44e62000-7fff44e85000 rw-p 00000000 00:00 0                          [stack]
7fff44ff6000-7fff44ff9000 r--p 00000000 00:00 0                          [vvar]
7fff44ff9000-7fff44ffa000 r-xp 00000000 00:00 0                          [vdso]
ffffffffff600000-ffffffffff601000 --xp 00000000 00:00 0                  [vsyscall]


VM Arguments:
jvm_args: -agentlib:jdwp=transport=dt_socket,suspend=y,address=localhost:35813 -javaagent:/home/gabriel/eclipse/java-2021-12/eclipse/configuration/org.eclipse.osgi/219/0/.cp/lib/javaagent-shaded.jar -Dfile.encoding=UTF-8 
java_command: com.br.example.prj.biblioteca.ProjetoBibliotecaApplication
java_class_path (initial): /home/gabriel/Downloads/prj-integrador/target/classes:/home/gabriel/.m2/repository/org/springframework/boot/spring-boot-starter-data-jpa/2.5.4/spring-boot-starter-data-jpa-2.5.4.jar:/home/gabriel/.m2/repository/org/springframework/boot/spring-boot-starter-aop/2.5.4/spring-boot-starter-aop-2.5.4.jar:/home/gabriel/.m2/repository/org/aspectj/aspectjweaver/1.9.7/aspectjweaver-1.9.7.jar:/home/gabriel/.m2/repository/org/springframework/boot/spring-boot-starter-jdbc/2.5.4/spring-boot-starter-jdbc-2.5.4.jar:/home/gabriel/.m2/repository/com/zaxxer/HikariCP/4.0.3/HikariCP-4.0.3.jar:/home/gabriel/.m2/repository/org/springframework/spring-jdbc/5.3.9/spring-jdbc-5.3.9.jar:/home/gabriel/.m2/repository/jakarta/transaction/jakarta.transaction-api/1.3.3/jakarta.transaction-api-1.3.3.jar:/home/gabriel/.m2/repository/jakarta/persistence/jakarta.persistence-api/2.2.3/jakarta.persistence-api-2.2.3.jar:/home/gabriel/.m2/repository/org/hibernate/hibernate-core/5.4.32.Final/hibernate-core-5.4.32.Final.jar:/home/gabriel/.m2/repository/org/jboss/logging/jboss-logging/3.4.2.Final/jboss-logging-3.4.2.Final.jar:/home/gabriel/.m2/repository/org/javassist/javassist/3.27.0-GA/javassist-3.27.0-GA.jar:/home/gabriel/.m2/repository/net/bytebuddy/byte-buddy/1.10.22/byte-buddy-1.10.22.jar:/home/gabriel/.m2/repository/antlr/antlr/2.7.7/antlr-2.7.7.jar:/home/gabriel/.m2/repository/org/jboss/jandex/2.2.3.Final/jandex-2.2.3.Final.jar:/home/gabriel/.m2/repository/com/fasterxml/classmate/1.5.1/classmate-1.5.1.jar:/home/gabriel/.m2/repository/org/dom4j/dom4j/2.1.3/dom4j-2.1.3.jar:/home/gabriel/.m2/repository/org/hibernate/common/hibernate-commons-annotations/5.1.2.Final/hibernate-commons-annotations-5.1.2.Final.jar:/home/gabriel/.m2/repository/org/glassfish/jaxb/jaxb-runtime/2.3.5/jaxb-runtime-2.3.5.jar:/home/gabriel/.m2/repository/org/glassfish/jaxb/txw2/2.3.5/txw2-2.3.5.jar:/home/gabriel/.m2/repository/com/sun/istack/istack-commons-runtime/3.0.12/istack-commons-runtime-3.0.12.jar
Launcher Type: SUN_STANDARD

[Global flags]
     intx CICompilerCount                          = 3                                         {product} {ergonomic}
     uint ConcGCThreads                            = 1                                         {product} {ergonomic}
     uint G1ConcRefinementThreads                  = 4                                         {product} {ergonomic}
   size_t G1HeapRegionSize                         = 1048576                                   {product} {ergonomic}
    uintx GCDrainStackTargetSize                   = 64                                        {product} {ergonomic}
   size_t InitialHeapSize                          = 62914560                                  {product} {ergonomic}
   size_t MarkStackSize                            = 4194304                                   {product} {ergonomic}
   size_t MaxHeapSize                              = 979369984                                 {product} {ergonomic}
   size_t MaxNewSize                               = 587202560                                 {product} {ergonomic}
   size_t MinHeapDeltaBytes                        = 1048576                                   {product} {ergonomic}
    uintx NonNMethodCodeHeapSize                   = 5830732                                {pd product} {ergonomic}
    uintx NonProfiledCodeHeapSize                  = 122913754                              {pd product} {ergonomic}
    uintx ProfiledCodeHeapSize                     = 122913754                              {pd product} {ergonomic}
    uintx ReservedCodeCacheSize                    = 251658240                              {pd product} {ergonomic}
     bool SegmentedCodeCache                       = true                                      {product} {ergonomic}
     bool UseCompressedClassPointers               = true                                 {lp64_product} {ergonomic}
     bool UseCompressedOops                        = true                                 {lp64_product} {ergonomic}
     bool UseG1GC                                  = true                                      {product} {ergonomic}

Logging:
Log output configuration:
 #0: stdout all=warning uptime,level,tags
 #1: stderr all=off uptime,level,tags

Environment Variables:
PATH=/usr/local/sbin:/usr/local/bin:/usr/sbin:/usr/bin:/sbin:/bin:/usr/games:/usr/local/games:/snap/bin
SHELL=/bin/bash
DISPLAY=:0
LANG=pt_BR.UTF-8

Signal Handlers:
SIGSEGV: [libjvm.so+0xe8e8d0], sa_mask[0]=11111111011111111101111111111110, sa_flags=SA_RESTART|SA_SIGINFO
SIGBUS: [libjvm.so+0xe8e8d0], sa_mask[0]=11111111011111111101111111111110, sa_flags=SA_RESTART|SA_SIGINFO
SIGFPE: [libjvm.so+0xe8e8d0], sa_mask[0]=11111111011111111101111111111110, sa_flags=SA_RESTART|SA_SIGINFO
SIGPIPE: [libjvm.so+0xbd6910], sa_mask[0]=11111111011111111101111111111110, sa_flags=SA_RESTART|SA_SIGINFO
SIGXFSZ: [libjvm.so+0xbd6910], sa_mask[0]=11111111011111111101111111111110, sa_flags=SA_RESTART|SA_SIGINFO
SIGILL: [libjvm.so+0xe8e8d0], sa_mask[0]=11111111011111111101111111111110, sa_flags=SA_RESTART|SA_SIGINFO
SIGUSR2: [libjvm.so+0xbd67b0], sa_mask[0]=00100000000000000000000000000000, sa_flags=SA_RESTART|SA_SIGINFO
SIGHUP: [libjvm.so+0xbd6c50], sa_mask[0]=11111111011111111101111111111110, sa_flags=SA_RESTART|SA_SIGINFO
SIGINT: [libjvm.so+0xbd6c50], sa_mask[0]=11111111011111111101111111111110, sa_flags=SA_RESTART|SA_SIGINFO
SIGTERM: [libjvm.so+0xbd6c50], sa_mask[0]=11111111011111111101111111111110, sa_flags=SA_RESTART|SA_SIGINFO
SIGQUIT: [libjvm.so+0xbd6c50], sa_mask[0]=11111111011111111101111111111110, sa_flags=SA_RESTART|SA_SIGINFO


---------------  S Y S T E M  ---------------

OS:DISTRIB_ID=LinuxMint
DISTRIB_RELEASE=20.1
DISTRIB_CODENAME=ulyssa
DISTRIB_DESCRIPTION="Linux Mint 20.1 Ulyssa"
uname:Linux 5.4.0-58-generic #64-Ubuntu SMP Wed Dec 9 08:16:25 UTC 2020 x86_64
OS uptime: 0 days 1:35 hours
libc:glibc 2.31 NPTL 2.31 
rlimit (soft/hard): STACK 8192k/infinity , CORE 0k/infinity , NPROC 14583/14583 , NOFILE 1048576/1048576 , AS infinity/infinity , CPU infinity/infinity , DATA infinity/infinity , FSIZE infinity/infinity , MEMLOCK 65536k/65536k
load average:2,00 0,75 0,61

/proc/meminfo:
MemTotal:        3825272 kB
MemFree:          193164 kB
MemAvailable:     369444 kB
Buffers:           29644 kB
Cached:           646472 kB
SwapCached:        41148 kB
Active:          2303340 kB
Inactive:         960632 kB
Active(anon):    2115120 kB
Inactive(anon):   802580 kB
Active(file):     188220 kB
Inactive(file):   158052 kB
Unevictable:       69536 kB
Mlocked:             192 kB
SwapTotal:       8388604 kB
SwapFree:        7271420 kB
Dirty:               252 kB
Writeback:             0 kB
AnonPages:       2635944 kB
Mapped:           374580 kB
Shmem:            337388 kB
KReclaimable:      63188 kB
Slab:             189616 kB
SReclaimable:      63188 kB
SUnreclaim:       126428 kB
KernelStack:       18064 kB
PageTables:        45900 kB
NFS_Unstable:          0 kB
Bounce:                0 kB
WritebackTmp:          0 kB
CommitLimit:    10301240 kB
Committed_AS:   13131712 kB
VmallocTotal:   34359738367 kB
VmallocUsed:       35392 kB
VmallocChunk:          0 kB
Percpu:             5728 kB
HardwareCorrupted:     0 kB
AnonHugePages:         0 kB
ShmemHugePages:        0 kB
ShmemPmdMapped:        0 kB
FileHugePages:         0 kB
FilePmdMapped:         0 kB
CmaTotal:              0 kB
CmaFree:               0 kB
HugePages_Total:       0
HugePages_Free:        0
HugePages_Rsvd:        0
HugePages_Surp:        0
Hugepagesize:       2048 kB
Hugetlb:               0 kB
DirectMap4k:      250608 kB
DirectMap2M:     3737600 kB

/sys/kernel/mm/transparent_hugepage/enabled:
always [madvise] never
/sys/kernel/mm/transparent_hugepage/defrag (defrag/compaction efforts parameter):
always defer defer+madvise [madvise] never

Process Memory:
Virtual Size: 4504768K (peak: 12348036K)
Resident Set Size: 331792K (peak: 356048K) (anon: 316300K, file: 15492K, shmem: 0K)
Swapped out: 0K
C-Heap outstanding allocations: 36603K

/proc/sys/kernel/threads-max (system-wide limit on the number of threads):
29167
/proc/sys/vm/max_map_count (maximum number of memory map areas a process may have):
65530
/proc/sys/kernel/pid_max (system-wide limit on number of process identifiers):
4194304

container (cgroup) information:
container_type: cgroupv1
cpu_cpuset_cpus: 0-3
cpu_memory_nodes: 0
active_processor_count: 4
cpu_quota: -1
cpu_period: 100000
cpu_shares: -1
memory_limit_in_bytes: -1
memory_and_swap_limit_in_bytes: -2
memory_soft_limit_in_bytes: -1
memory_usage_in_bytes: 2689200128
memory_max_usage_in_bytes: 2802593792

Steal ticks since vm start: 0
Steal ticks percentage since vm start:  0,000

CPU:total 4 (initial active 4) (2 cores per cpu, 2 threads per core) family 6 model 37 stepping 5 microcode 0x7, cmov, cx8, fxsr, mmx, sse, sse2, sse3, ssse3, sse4.1, sse4.2, popcnt, ht, tsc, tscinvbit
CPU Model and flags from /proc/cpuinfo:
model name	: Intel(R) Core(TM) i5 CPU       M 460  @ 2.53GHz
flags		: fpu vme de pse tsc msr pae mce cx8 apic sep mtrr pge mca cmov pat pse36 clflush dts acpi mmx fxsr sse sse2 ht tm pbe syscall nx rdtscp lm constant_tsc arch_perfmon pebs bts rep_good nopl xtopology nonstop_tsc cpuid aperfmperf pni dtes64 monitor ds_cpl vmx est tm2 ssse3 cx16 xtpr pdcm pcid sse4_1 sse4_2 popcnt lahf_lm pti ssbd ibrs ibpb stibp tpr_shadow vnmi flexpriority ept vpid dtherm ida arat flush_l1d
Online cpus:
0-3
Offline cpus:
4-7
BIOS frequency limitation:
2534000
Frequency switch latency (ns):
10000
Available cpu frequencies:
2534000 2533000 2399000 2266000 2133000 1999000 1866000 1733000 1599000 1466000 1333000 1199000 
Current governor:
ondemand
Core performance/turbo boost:
1

Memory: 4k page, physical 3825272k(193164k free), swap 8388604k(7271420k free)

vm_info: OpenJDK 64-Bit Server VM (11.0.13+8-Ubuntu-0ubuntu1.20.04) for linux-amd64 JRE (11.0.13+8-Ubuntu-0ubuntu1.20.04), built on Oct 29 2021 09:11:30 by "unknown" with gcc 9.3.0

END.
