#
# A fatal error has been detected by the Java Runtime Environment:
#
#  SIGSEGV (0xb) at pc=0x00007f4b515ec0ad, pid=44691, tid=44708
#
# JRE version: OpenJDK Runtime Environment (11.0.13+8) (build 11.0.13+8-Ubuntu-0ubuntu1.20.04)
# Java VM: OpenJDK 64-Bit Server VM (11.0.13+8-Ubuntu-0ubuntu1.20.04, mixed mode, sharing, tiered, compressed oops, g1 gc, linux-amd64)
# Problematic frame:
# C  [libjimage.so+0x30ad]
#
# Core dump will be written. Default location: Core dumps may be processed with "/lib/systemd/systemd-coredump %P %u %g %s %t 9223372036854775808 %h" (or dumping to /home/gabriel/Downloads/prj-integrador/core.44691)
#
# If you would like to submit a bug report, please visit:
#   https://bugs.launchpad.net/ubuntu/+source/openjdk-lts
#

---------------  S U M M A R Y ------------

Command Line: -agentlib:jdwp=transport=dt_socket,suspend=y,address=localhost:44707 -javaagent:/home/gabriel/eclipse/java-2021-12/eclipse/configuration/org.eclipse.osgi/219/0/.cp/lib/javaagent-shaded.jar -Dfile.encoding=UTF-8 com.br.example.prj.biblioteca.ProjetoBibliotecaApplication

Host: Intel(R) Core(TM) i5 CPU       M 460  @ 2.53GHz, 4 cores, 3G, Linux Mint 20.1 Ulyssa
Time: Thu Mar 10 12:00:43 2022 -03 elapsed time: 2487.051561 seconds (0d 0h 41m 27s)

---------------  T H R E A D  ---------------

Current thread (0x00007f4b4c136000):  JavaThread "Signal Dispatcher" daemon [_thread_in_vm, id=44708, stack(0x00007f4b1788c000,0x00007f4b1798d000)]

Stack: [0x00007f4b1788c000,0x00007f4b1798d000],  sp=0x00007f4b1798a200,  free space=1016k
Native frames: (J=compiled Java code, A=aot compiled Java code, j=interpreted, Vv=VM code, C=native code)
C  [libjimage.so+0x30ad]
C  [libjimage.so+0x3ca2]
C  [libjimage.so+0x4191]  JIMAGE_FindResource+0xf1
V  [libjvm.so+0x5b8c41]
V  [libjvm.so+0x5bb261]
V  [libjvm.so+0xdee4ed]
V  [libjvm.so+0xded08a]
V  [libjvm.so+0xdef63b]
V  [libjvm.so+0x66b15e]
V  [libjvm.so+0x85b166]
j  jdk.internal.misc.Signal.dispatch(I)V+25 java.base@11.0.13
v  ~StubRoutines::call_stub
V  [libjvm.so+0x863bf4]
V  [libjvm.so+0x862c32]
V  [libjvm.so+0xbce34e]
V  [libjvm.so+0xe24e0f]
V  [libjvm.so+0xe21850]
V  [libjvm.so+0xbe0406]

Java frames: (J=compiled Java code, j=interpreted, Vv=VM code)
j  jdk.internal.misc.Signal.dispatch(I)V+25 java.base@11.0.13
v  ~StubRoutines::call_stub

siginfo: si_signo: 11 (SIGSEGV), si_code: 1 (SEGV_MAPERR), si_addr: 0x00007f4b4386eb9c

Register to memory mapping:

RAX=0x0000000000006ee0 is an unknown value
RBX=0x00007f4b1798a2b1 is pointing into the stack for thread: 0x00007f4b4c136000
RCX=0x00007f4b1798a2d3 is pointing into the stack for thread: 0x00007f4b4c136000
RDX=0x0000000000006ee0 is an unknown value
RSP=0x00007f4b1798a200 is pointing into the stack for thread: 0x00007f4b4c136000
RBP=0x00007f4b1798a220 is pointing into the stack for thread: 0x00007f4b4c136000
RSI=0x0 is NULL
RDI=0x00007f4b515f1030: <offset 0x0000000000008030> in /usr/lib/jvm/java-11-openjdk-amd64/lib/libjimage.so at 0x00007f4b515e9000
R8 =0x00007f4b4385301c is an unknown value
R9 =0x00007f4b1798b0c0 is pointing into the stack for thread: 0x00007f4b4c136000
R10=0x00007f4b529befe0: <offset 0x0000000000f47fe0> in /usr/lib/jvm/java-11-openjdk-amd64/lib/server/libjvm.so at 0x00007f4b51a77000
R11=0x00007f4b52f22210: <offset 0x00000000001b2210> in /lib/x86_64-linux-gnu/libc.so.6 at 0x00007f4b52d70000
R12=0x0000000000008457 is an unknown value
R13=0x00007f4b1798a2b0 is pointing into the stack for thread: 0x00007f4b4c136000
R14=0x0 is NULL
R15=0x00007f4b4c136ce0 points into unknown readable memory: 0x65746e692f6b646a | 6a 64 6b 2f 69 6e 74 65


Registers:
RAX=0x0000000000006ee0, RBX=0x00007f4b1798a2b1, RCX=0x00007f4b1798a2d3, RDX=0x0000000000006ee0
RSP=0x00007f4b1798a200, RBP=0x00007f4b1798a220, RSI=0x0000000000000000, RDI=0x00007f4b515f1030
R8 =0x00007f4b4385301c, R9 =0x00007f4b1798b0c0, R10=0x00007f4b529befe0, R11=0x00007f4b52f22210
R12=0x0000000000008457, R13=0x00007f4b1798a2b0, R14=0x0000000000000000, R15=0x00007f4b4c136ce0
RIP=0x00007f4b515ec0ad, EFLAGS=0x0000000000010246, CSGSFS=0x002b000000000033, ERR=0x0000000000000004
  TRAPNO=0x000000000000000e

Top of Stack: (sp=0x00007f4b1798a200)
0x00007f4b1798a200:   0000000000000000 00007f4b1798b348
0x00007f4b1798a210:   00007f4b4c009be0 00007f4b1798a2b0
0x00007f4b1798a220:   00007f4b1798a290 00007f4b515ecca2
0x00007f4b1798a230:   0000000000000000 0000000000000000 

Instructions: (pc=0x00007f4b515ec0ad)
0x00007f4b515ebfad:   f3 ff ff 44 03 65 90 e9 3f fe ff ff 0f 1f 80 00
0x00007f4b515ebfbd:   00 00 00 41 8b 10 41 89 55 00 41 8b 54 00 fc 41
0x00007f4b515ebfcd:   89 54 05 fc e9 82 fc ff ff 66 2e 0f 1f 84 00 00
0x00007f4b515ebfdd:   00 00 00 b9 0a 00 00 00 e9 f0 fc ff ff 41 0f b7
0x00007f4b515ebfed:   54 00 fe 66 41 89 54 05 fe e9 5d fc ff ff 0f 1f
0x00007f4b515ebffd:   44 00 00 f3 0f 1e fa 0f b6 17 89 f0 89 f1 4c 8d
0x00007f4b515ec00d:   47 01 84 d2 74 1c 0f 1f 44 00 00 69 c9 93 01 00
0x00007f4b515ec01d:   01 49 83 c0 01 31 d1 41 0f b6 50 ff 84 d2 75 eb
0x00007f4b515ec02d:   89 c8 25 ff ff ff 7f c3 90 66 2e 0f 1f 84 00 00
0x00007f4b515ec03d:   00 00 00 f3 0f 1e fa 48 85 d2 0f 84 da 00 00 00
0x00007f4b515ec04d:   55 48 89 e5 41 55 41 54 41 89 cc 53 48 83 ec 08
0x00007f4b515ec05d:   85 c9 0f 84 ba 00 00 00 49 89 f5 48 8d 5e 01 0f
0x00007f4b515ec06d:   b6 36 49 89 d0 40 84 f6 0f 84 9d 00 00 00 48 89
0x00007f4b515ec07d:   d9 b8 93 01 00 01 0f 1f 44 00 00 69 d0 93 01 00
0x00007f4b515ec08d:   01 48 83 c1 01 40 0f b6 c6 0f b6 71 ff 31 d0 40
0x00007f4b515ec09d:   84 f6 75 e7 25 ff ff ff 7f 31 d2 41 f7 f4 89 d0
0x00007f4b515ec0ad:   41 8b 34 80 48 8b 07 ff 50 20 85 c0 7f 15 74 62
0x00007f4b515ec0bd:   f7 d0 41 89 c0 48 83 c4 08 44 89 c0 5b 41 5c 41
0x00007f4b515ec0cd:   5d 5d c3 41 0f b6 4d 00 89 c6 84 c9 74 1b 0f 1f
0x00007f4b515ec0dd:   44 00 00 69 f6 93 01 00 01 48 83 c3 01 31 ce 0f
0x00007f4b515ec0ed:   b6 4b ff 84 c9 75 ec 89 f0 25 ff ff ff 7f 31 d2
0x00007f4b515ec0fd:   48 83 c4 08 41 f7 f4 5b 41 5c 41 5d 5d 41 89 d0
0x00007f4b515ec10d:   44 89 c0 c3 0f 1f 80 00 00 00 00 b8 93 01 00 01
0x00007f4b515ec11d:   eb 87 41 b8 ff ff ff ff eb 9b 41 83 c8 ff 44 89
0x00007f4b515ec12d:   c0 c3 90 f3 0f 1e fa eb 1d 66 2e 0f 1f 84 00 00
0x00007f4b515ec13d:   00 00 00 0f b6 16 84 d2 74 13 38 c2 75 15 48 83
0x00007f4b515ec14d:   c7 01 48 83 c6 01 0f b6 07 84 c0 75 e6 48 89 f8
0x00007f4b515ec15d:   c3 66 90 31 c0 c3 90 66 66 2e 0f 1f 84 00 00 00
0x00007f4b515ec16d:   00 00 90 f3 0f 1e fa 48 85 f6 74 51 0f b6 06 84
0x00007f4b515ec17d:   c0 74 4a 0f b6 d0 83 e0 07 c1 fa 03 44 8d 50 01
0x00007f4b515ec18d:   0f b6 c0 41 89 d1 4c 8d 44 06 02 48 8d 56 01 31
0x00007f4b515ec19d:   c0 66 90 0f b6 0a 48 c1 e0 08 48 83 c2 01 48 09 


Stack slot to memory mapping:
stack at sp + 0 slots: 0x0 is NULL
stack at sp + 1 slots: 0x00007f4b1798b348 is pointing into the stack for thread: 0x00007f4b4c136000
stack at sp + 2 slots: 0x00007f4b4c009be0 points into unknown readable memory: 0x00007f4aec021f80 | 80 1f 02 ec 4a 7f 00 00
stack at sp + 3 slots: 0x00007f4b1798a2b0 is pointing into the stack for thread: 0x00007f4b4c136000
stack at sp + 4 slots: 0x00007f4b1798a290 is pointing into the stack for thread: 0x00007f4b4c136000
stack at sp + 5 slots: 0x00007f4b515ecca2: <offset 0x0000000000003ca2> in /usr/lib/jvm/java-11-openjdk-amd64/lib/libjimage.so at 0x00007f4b515e9000
stack at sp + 6 slots: 0x0 is NULL
stack at sp + 7 slots: 0x0 is NULL


---------------  P R O C E S S  ---------------

Threads class SMR info:
_java_thread_list=0x00007f4ae4007a30, length=28, elements={
0x00007f4b4c126800, 0x00007f4b4c130800, 0x00007f4b4c136000, 0x00007f4b4c138000,
0x00007f4b4c13a800, 0x00007f4b4c13c800, 0x00007f4b4c13e800, 0x00007f4b4c164800,
0x00007f4b4c1af000, 0x00007f4b4c1b3000, 0x00007f4b4cfc8000, 0x00007f4b4cc75000,
0x00007f4b4cd6a800, 0x00007f4ac4005800, 0x00007f4b4cd6f000, 0x00007f4b4d9da000,
0x00007f4b4c9b9800, 0x00007f4b4c01a000, 0x00007f4abc006000, 0x00007f4abc007800,
0x00007f4abc009000, 0x00007f4abc00b000, 0x00007f4abc00c800, 0x00007f4abc00e800,
0x00007f4abc010800, 0x00007f4abc016800, 0x00007f4abc018000, 0x00007f4abc019000
}

Java Threads: ( => current thread )
  0x00007f4b4c126800 JavaThread "Reference Handler" daemon [_thread_blocked, id=44706, stack(0x00007f4b2c0cd000,0x00007f4b2c1ce000)]
  0x00007f4b4c130800 JavaThread "Finalizer" daemon [_thread_blocked, id=44707, stack(0x00007f4b17eff000,0x00007f4b18000000)]
=>0x00007f4b4c136000 JavaThread "Signal Dispatcher" daemon [_thread_in_vm, id=44708, stack(0x00007f4b1788c000,0x00007f4b1798d000)]
  0x00007f4b4c138000 JavaThread "Service Thread" daemon [_thread_blocked, id=44709, stack(0x00007f4b1778b000,0x00007f4b1788c000)]
  0x00007f4b4c13a800 JavaThread "C2 CompilerThread0" daemon [_thread_blocked, id=44710, stack(0x00007f4b1768a000,0x00007f4b1778b000)]
  0x00007f4b4c13c800 JavaThread "C1 CompilerThread0" daemon [_thread_blocked, id=44711, stack(0x00007f4b17589000,0x00007f4b1768a000)]
  0x00007f4b4c13e800 JavaThread "Sweeper thread" daemon [_thread_blocked, id=44712, stack(0x00007f4b17488000,0x00007f4b17589000)]
  0x00007f4b4c164800 JavaThread "Common-Cleaner" daemon [_thread_blocked, id=44713, stack(0x00007f4b17387000,0x00007f4b17488000)]
  0x00007f4b4c1af000 JavaThread "JDWP Transport Listener: dt_socket" daemon [_thread_in_native, id=44715, stack(0x00007f4b17286000,0x00007f4b17387000)]
  0x00007f4b4c1b3000 JavaThread "JDWP Event Helper Thread" daemon [_thread_blocked, id=44716, stack(0x00007f4b17185000,0x00007f4b17286000)]
  0x00007f4b4cfc8000 JavaThread "mysql-cj-abandoned-connection-cleanup" daemon [_thread_blocked, id=44733, stack(0x00007f4b16b7f000,0x00007f4b16c80000)]
  0x00007f4b4cc75000 JavaThread "HikariPool-1 housekeeper" daemon [_thread_blocked, id=44737, stack(0x00007f4b1627a000,0x00007f4b1637b000)]
  0x00007f4b4cd6a800 JavaThread "Catalina-utility-1" [_thread_blocked, id=44745, stack(0x00007f4b14b20000,0x00007f4b14c21000)]
  0x00007f4ac4005800 JavaThread "Catalina-utility-2" [_thread_blocked, id=44746, stack(0x00007f4b1401f000,0x00007f4b14120000)]
  0x00007f4b4cd6f000 JavaThread "container-0" [_thread_blocked, id=44747, stack(0x00007f4acbcff000,0x00007f4acbe00000)]
  0x00007f4b4d9da000 JavaThread "http-nio-8080-Poller" daemon [_thread_in_native, id=44755, stack(0x00007f4acb7fe000,0x00007f4acb8ff000)]
  0x00007f4b4c9b9800 JavaThread "http-nio-8080-Acceptor" daemon [_thread_in_native, id=44756, stack(0x00007f4acb6fd000,0x00007f4acb7fe000)]
  0x00007f4b4c01a000 JavaThread "DestroyJavaVM" [_thread_blocked, id=44698, stack(0x00007f4b5162b000,0x00007f4b5172c000)]
  0x00007f4abc006000 JavaThread "http-nio-8080-exec-1" daemon [_thread_blocked, id=45068, stack(0x00007f4acb5fc000,0x00007f4acb6fd000)]
  0x00007f4abc007800 JavaThread "http-nio-8080-exec-2" daemon [_thread_blocked, id=45074, stack(0x00007f4acb2fb000,0x00007f4acb3fc000)]
  0x00007f4abc009000 JavaThread "http-nio-8080-exec-3" daemon [_thread_blocked, id=45075, stack(0x00007f4acb1fa000,0x00007f4acb2fb000)]
  0x00007f4abc00b000 JavaThread "http-nio-8080-exec-4" daemon [_thread_blocked, id=45164, stack(0x00007f4acaef9000,0x00007f4acaffa000)]
  0x00007f4abc00c800 JavaThread "http-nio-8080-exec-5" daemon [_thread_blocked, id=45413, stack(0x00007f4acadf8000,0x00007f4acaef9000)]
  0x00007f4abc00e800 JavaThread "http-nio-8080-exec-6" daemon [_thread_blocked, id=45622, stack(0x00007f4acacf7000,0x00007f4acadf8000)]
  0x00007f4abc010800 JavaThread "http-nio-8080-exec-7" daemon [_thread_blocked, id=45660, stack(0x00007f4acabf6000,0x00007f4acacf7000)]
  0x00007f4abc016800 JavaThread "http-nio-8080-exec-8" daemon [_thread_blocked, id=46083, stack(0x00007f4acaaf5000,0x00007f4acabf6000)]
  0x00007f4abc018000 JavaThread "http-nio-8080-exec-9" daemon [_thread_blocked, id=46085, stack(0x00007f4aca9f4000,0x00007f4acaaf5000)]
  0x00007f4abc019000 JavaThread "http-nio-8080-exec-10" daemon [_thread_blocked, id=46088, stack(0x00007f4aca8f3000,0x00007f4aca9f4000)]

Other Threads:
  0x00007f4b4c123800 VMThread "VM Thread" [stack: 0x00007f4b2c1d0000,0x00007f4b2c2d0000] [id=44705]
  0x00007f4b4c4b0800 WatcherThread [stack: 0x00007f4b16f84000,0x00007f4b17084000] [id=44721]
  0x00007f4b4c031000 GCTaskThread "GC Thread#0" [stack: 0x00007f4b51294000,0x00007f4b51394000] [id=44700]
  0x00007f4b1c001000 GCTaskThread "GC Thread#1" [stack: 0x00007f4b16e82000,0x00007f4b16f82000] [id=44722]
  0x00007f4b1c004000 GCTaskThread "GC Thread#2" [stack: 0x00007f4b16a7f000,0x00007f4b16b7f000] [id=44727]
  0x00007f4b1c005800 GCTaskThread "GC Thread#3" [stack: 0x00007f4b1697d000,0x00007f4b16a7d000] [id=44728]
  0x00007f4b4c04b000 ConcurrentGCThread "G1 Main Marker" [stack: 0x00007f4b507f5000,0x00007f4b508f5000] [id=44701]
  0x00007f4b4c04d000 ConcurrentGCThread "G1 Conc#0" [stack: 0x00007f4b506f3000,0x00007f4b507f3000] [id=44702]
  0x00007f4b4c08f000 ConcurrentGCThread "G1 Refine#0" [stack: 0x00007f4b501ed000,0x00007f4b502ed000] [id=44703]
  0x00007f4b4c090800 ConcurrentGCThread "G1 Young RemSet Sampling" [stack: 0x00007f4b500eb000,0x00007f4b501eb000] [id=44704]

Threads with active compile tasks:

VM state:not at safepoint (normal execution)

VM Mutex/Monitor currently owned by a thread: None

Heap address: 0x00000000c5a00000, size: 934 MB, Compressed Oops mode: 32-bit
Narrow klass base: 0x0000000800000000, Narrow klass shift: 3
Compressed class space size: 1073741824 Address: 0x0000000840000000

Heap:
 garbage-first heap   total 63488K, used 29359K [0x00000000c5a00000, 0x0000000100000000)
  region size 1024K, 2 young (2048K), 1 survivors (1024K)
 Metaspace       used 66076K, capacity 67709K, committed 68304K, reserved 1107968K
  class space    used 8394K, capacity 9035K, committed 9216K, reserved 1048576K
Heap Regions: E=young(eden), S=young(survivor), O=old, HS=humongous(starts), HC=humongous(continues), CS=collection set, F=free, A=archive, TAMS=top-at-mark-start (previous, next)
|   0|0x00000000c5a00000, 0x00000000c5b00000, 0x00000000c5b00000|100%|HS|  |TAMS 0x00000000c5b00000, 0x00000000c5a00000| Complete 
|   1|0x00000000c5b00000, 0x00000000c5c00000, 0x00000000c5c00000|100%| O|  |TAMS 0x00000000c5c00000, 0x00000000c5b00000| Untracked 
|   2|0x00000000c5c00000, 0x00000000c5d00000, 0x00000000c5d00000|100%| O|  |TAMS 0x00000000c5d00000, 0x00000000c5c00000| Untracked 
|   3|0x00000000c5d00000, 0x00000000c5e00000, 0x00000000c5e00000|100%| O|  |TAMS 0x00000000c5e00000, 0x00000000c5d00000| Complete 
|   4|0x00000000c5e00000, 0x00000000c5f00000, 0x00000000c5f00000|100%| O|  |TAMS 0x00000000c5f00000, 0x00000000c5e00000| Untracked 
|   5|0x00000000c5f00000, 0x00000000c6000000, 0x00000000c6000000|100%| O|  |TAMS 0x00000000c6000000, 0x00000000c5f00000| Untracked 
|   6|0x00000000c6000000, 0x00000000c6100000, 0x00000000c6100000|100%| O|  |TAMS 0x00000000c6100000, 0x00000000c6000000| Complete 
|   7|0x00000000c6100000, 0x00000000c6200000, 0x00000000c6200000|100%| O|  |TAMS 0x00000000c6200000, 0x00000000c6100000| Complete 
|   8|0x00000000c6200000, 0x00000000c6300000, 0x00000000c6300000|100%| O|  |TAMS 0x00000000c6300000, 0x00000000c6200000| Complete 
|   9|0x00000000c6300000, 0x00000000c6400000, 0x00000000c6400000|100%| O|  |TAMS 0x00000000c6400000, 0x00000000c6300000| Complete 
|  10|0x00000000c6400000, 0x00000000c6400000, 0x00000000c6500000|  0%| F|  |TAMS 0x00000000c6400000, 0x00000000c6400000| Untracked 
|  11|0x00000000c6500000, 0x00000000c6600000, 0x00000000c6600000|100%| O|  |TAMS 0x00000000c6600000, 0x00000000c6500000| Complete 
|  12|0x00000000c6600000, 0x00000000c6700000, 0x00000000c6700000|100%| O|  |TAMS 0x00000000c6700000, 0x00000000c6600000| Untracked 
|  13|0x00000000c6700000, 0x00000000c6800000, 0x00000000c6800000|100%| O|  |TAMS 0x00000000c6800000, 0x00000000c6700000| Complete 
|  14|0x00000000c6800000, 0x00000000c6800000, 0x00000000c6900000|  0%| F|  |TAMS 0x00000000c6800000, 0x00000000c6800000| Untracked 
|  15|0x00000000c6900000, 0x00000000c6a00000, 0x00000000c6a00000|100%| O|  |TAMS 0x00000000c6a00000, 0x00000000c6900000| Complete 
|  16|0x00000000c6a00000, 0x00000000c6b00000, 0x00000000c6b00000|100%| O|  |TAMS 0x00000000c6b00000, 0x00000000c6a00000| Untracked 
|  17|0x00000000c6b00000, 0x00000000c6c00000, 0x00000000c6c00000|100%| O|  |TAMS 0x00000000c6c00000, 0x00000000c6b00000| Complete 
|  18|0x00000000c6c00000, 0x00000000c6d00000, 0x00000000c6d00000|100%| O|  |TAMS 0x00000000c6d00000, 0x00000000c6c00000| Untracked 
|  19|0x00000000c6d00000, 0x00000000c6e00000, 0x00000000c6e00000|100%| O|  |TAMS 0x00000000c6e00000, 0x00000000c6d00000| Untracked 
|  20|0x00000000c6e00000, 0x00000000c6f00000, 0x00000000c6f00000|100%| O|  |TAMS 0x00000000c6f00000, 0x00000000c6e00000| Complete 
|  21|0x00000000c6f00000, 0x00000000c7000000, 0x00000000c7000000|100%| O|  |TAMS 0x00000000c7000000, 0x00000000c6f00000| Complete 
|  22|0x00000000c7000000, 0x00000000c7038e00, 0x00000000c7100000| 22%| O|  |TAMS 0x00000000c7038e00, 0x00000000c7000000| Untracked 
|  23|0x00000000c7100000, 0x00000000c7100000, 0x00000000c7200000|  0%| F|  |TAMS 0x00000000c7100000, 0x00000000c7100000| Untracked 
|  24|0x00000000c7200000, 0x00000000c7300000, 0x00000000c7300000|100%| O|  |TAMS 0x00000000c7300000, 0x00000000c7200000| Complete 
|  25|0x00000000c7300000, 0x00000000c7400000, 0x00000000c7400000|100%| O|  |TAMS 0x00000000c7400000, 0x00000000c7300000| Complete 
|  26|0x00000000c7400000, 0x00000000c7400000, 0x00000000c7500000|  0%| F|  |TAMS 0x00000000c7400000, 0x00000000c7400000| Untracked 
|  27|0x00000000c7500000, 0x00000000c7600000, 0x00000000c7600000|100%| O|  |TAMS 0x00000000c7600000, 0x00000000c7500000| Complete 
|  28|0x00000000c7600000, 0x00000000c7700000, 0x00000000c7700000|100%| O|  |TAMS 0x00000000c7700000, 0x00000000c7600000| Untracked 
|  29|0x00000000c7700000, 0x00000000c7800000, 0x00000000c7800000|100%| O|  |TAMS 0x00000000c7800000, 0x00000000c7700000| Complete 
|  30|0x00000000c7800000, 0x00000000c7900000, 0x00000000c7900000|100%| O|  |TAMS 0x00000000c7900000, 0x00000000c7800000| Untracked 
|  31|0x00000000c7900000, 0x00000000c7a00000, 0x00000000c7a00000|100%| O|  |TAMS 0x00000000c7a00000, 0x00000000c7900000| Untracked 
|  32|0x00000000c7a00000, 0x00000000c7a00000, 0x00000000c7b00000|  0%| F|  |TAMS 0x00000000c7a00000, 0x00000000c7a00000| Untracked 
|  33|0x00000000c7b00000, 0x00000000c7b00000, 0x00000000c7c00000|  0%| F|  |TAMS 0x00000000c7b00000, 0x00000000c7b00000| Untracked 
|  34|0x00000000c7c00000, 0x00000000c7c00000, 0x00000000c7d00000|  0%| F|  |TAMS 0x00000000c7c00000, 0x00000000c7c00000| Untracked 
|  35|0x00000000c7d00000, 0x00000000c7d00000, 0x00000000c7e00000|  0%| F|  |TAMS 0x00000000c7d00000, 0x00000000c7d00000| Untracked 
|  36|0x00000000c7e00000, 0x00000000c7e00000, 0x00000000c7f00000|  0%| F|  |TAMS 0x00000000c7e00000, 0x00000000c7e00000| Untracked 
|  37|0x00000000c7f00000, 0x00000000c7f00000, 0x00000000c8000000|  0%| F|  |TAMS 0x00000000c7f00000, 0x00000000c7f00000| Untracked 
|  38|0x00000000c8000000, 0x00000000c8000000, 0x00000000c8100000|  0%| F|  |TAMS 0x00000000c8000000, 0x00000000c8000000| Untracked 
|  39|0x00000000c8100000, 0x00000000c8100000, 0x00000000c8200000|  0%| F|  |TAMS 0x00000000c8100000, 0x00000000c8100000| Untracked 
|  40|0x00000000c8200000, 0x00000000c8200000, 0x00000000c8300000|  0%| F|  |TAMS 0x00000000c8200000, 0x00000000c8200000| Untracked 
|  41|0x00000000c8300000, 0x00000000c8300000, 0x00000000c8400000|  0%| F|  |TAMS 0x00000000c8300000, 0x00000000c8300000| Untracked 
|  42|0x00000000c8400000, 0x00000000c8400000, 0x00000000c8500000|  0%| F|  |TAMS 0x00000000c8400000, 0x00000000c8400000| Untracked 
|  43|0x00000000c8500000, 0x00000000c8500000, 0x00000000c8600000|  0%| F|  |TAMS 0x00000000c8500000, 0x00000000c8500000| Untracked 
|  44|0x00000000c8600000, 0x00000000c8600000, 0x00000000c8700000|  0%| F|  |TAMS 0x00000000c8600000, 0x00000000c8600000| Untracked 
|  45|0x00000000c8700000, 0x00000000c8700000, 0x00000000c8800000|  0%| F|  |TAMS 0x00000000c8700000, 0x00000000c8700000| Untracked 
|  46|0x00000000c8800000, 0x00000000c8800000, 0x00000000c8900000|  0%| F|  |TAMS 0x00000000c8800000, 0x00000000c8800000| Untracked 
|  47|0x00000000c8900000, 0x00000000c8900000, 0x00000000c8a00000|  0%| F|  |TAMS 0x00000000c8900000, 0x00000000c8900000| Untracked 
|  48|0x00000000c8a00000, 0x00000000c8a00000, 0x00000000c8b00000|  0%| F|  |TAMS 0x00000000c8a00000, 0x00000000c8a00000| Untracked 
|  49|0x00000000c8b00000, 0x00000000c8b00000, 0x00000000c8c00000|  0%| F|  |TAMS 0x00000000c8b00000, 0x00000000c8b00000| Untracked 
|  50|0x00000000c8c00000, 0x00000000c8c00000, 0x00000000c8d00000|  0%| F|  |TAMS 0x00000000c8c00000, 0x00000000c8c00000| Untracked 
|  51|0x00000000c8d00000, 0x00000000c8d00000, 0x00000000c8e00000|  0%| F|  |TAMS 0x00000000c8d00000, 0x00000000c8d00000| Untracked 
|  52|0x00000000c8e00000, 0x00000000c8e00000, 0x00000000c8f00000|  0%| F|  |TAMS 0x00000000c8e00000, 0x00000000c8e00000| Untracked 
|  53|0x00000000c8f00000, 0x00000000c8f00000, 0x00000000c9000000|  0%| F|  |TAMS 0x00000000c8f00000, 0x00000000c8f00000| Untracked 
|  54|0x00000000c9000000, 0x00000000c9000000, 0x00000000c9100000|  0%| F|  |TAMS 0x00000000c9000000, 0x00000000c9000000| Untracked 
|  55|0x00000000c9100000, 0x00000000c9100000, 0x00000000c9200000|  0%| F|  |TAMS 0x00000000c9100000, 0x00000000c9100000| Untracked 
|  56|0x00000000c9200000, 0x00000000c92c1080, 0x00000000c9300000| 75%| S|CS|TAMS 0x00000000c9200000, 0x00000000c9200000| Complete 
|  57|0x00000000c9300000, 0x00000000c9300000, 0x00000000c9400000|  0%| F|  |TAMS 0x00000000c9300000, 0x00000000c9300000| Untracked 
|  58|0x00000000c9400000, 0x00000000c9400000, 0x00000000c9500000|  0%| F|  |TAMS 0x00000000c9400000, 0x00000000c9400000| Untracked 
|  59|0x00000000c9500000, 0x00000000c95ff7d0, 0x00000000c9600000| 99%| E|  |TAMS 0x00000000c9500000, 0x00000000c9500000| Complete 
| 932|0x00000000ffe00000, 0x00000000ffe47000, 0x00000000fff00000| 27%|OA|  |TAMS 0x00000000ffe47000, 0x00000000ffe00000| Untracked 
| 933|0x00000000fff00000, 0x00000000fff6b000, 0x0000000100000000| 41%|CA|  |TAMS 0x00000000fff6b000, 0x00000000fff00000| Untracked 

Card table byte_map: [0x00007f4b50ae8000,0x00007f4b50cbb000] _byte_map_base: 0x00007f4b504bb000

Marking Bits (Prev, Next): (CMBitMap*) 0x00007f4b4c046838, (CMBitMap*) 0x00007f4b4c046870
 Prev Bits: [0x00007f4b2f168000, 0x00007f4b30000000)
 Next Bits: [0x00007f4b2e2d0000, 0x00007f4b2f168000)

Polling page: 0x00007f4b52f62000

Metaspace:

Usage:
  Non-class:     57,30 MB capacity,    56,33 MB ( 98%) used,   776,12 KB (  1%) free+waste,   215,44 KB ( <1%) overhead. 
      Class:      8,82 MB capacity,     8,20 MB ( 93%) used,   542,67 KB (  6%) free+waste,    98,25 KB (  1%) overhead. 
       Both:     66,12 MB capacity,    64,53 MB ( 98%) used,     1,29 MB (  2%) free+waste,   313,69 KB ( <1%) overhead. 

Virtual space:
  Non-class space:       58,00 MB reserved,      57,70 MB (>99%) committed 
      Class space:        1,00 GB reserved,       9,00 MB ( <1%) committed 
             Both:        1,06 GB reserved,      66,70 MB (  6%) committed 

Chunk freelists:
   Non-Class:  374,00 KB
       Class:  131,00 KB
        Both:  505,00 KB

MaxMetaspaceSize: unlimited
CompressedClassSpaceSize: 1,00 GB
Initial GC threshold: 20,80 MB
Current GC threshold: 111,17 MB
CDS: on

CodeHeap 'non-profiled nmethods': size=120032Kb used=7146Kb max_used=7146Kb free=112885Kb
 bounds [0x00007f4b3c31b000, 0x00007f4b3ca1b000, 0x00007f4b43853000]
CodeHeap 'profiled nmethods': size=120032Kb used=16768Kb max_used=16768Kb free=103263Kb
 bounds [0x00007f4b34de3000, 0x00007f4b35e53000, 0x00007f4b3c31b000]
CodeHeap 'non-nmethods': size=5696Kb used=1385Kb max_used=1472Kb free=4310Kb
 bounds [0x00007f4b34853000, 0x00007f4b34ac3000, 0x00007f4b34de3000]
 total_blobs=7350 nmethods=6725 adapters=546
 compilation: enabled
              stopped_count=0, restarted_count=0
 full_count=0

Compilation events (20 events):
Event: 2446,537 Thread 0x00007f4b4c13c800 nmethod 6877 0x00007f4b35e3d290 code [0x00007f4b35e3d700, 0x00007f4b35e3f6d0]
Event: 2446,538 Thread 0x00007f4b4c13c800 6878       3       org.springframework.http.HttpMethod::matches (9 bytes)
Event: 2446,538 Thread 0x00007f4b4c13c800 nmethod 6878 0x00007f4b35e40490 code [0x00007f4b35e40640, 0x00007f4b35e407c0]
Event: 2446,538 Thread 0x00007f4b4c13c800 6880       3       org.apache.tomcat.util.http.ValuesEnumerator::nextElement (5 bytes)
Event: 2446,538 Thread 0x00007f4b4c13c800 nmethod 6880 0x00007f4b35e40890 code [0x00007f4b35e40a60, 0x00007f4b35e40c70]
Event: 2446,538 Thread 0x00007f4b4c13c800 6881       3       org.apache.tomcat.util.http.ValuesEnumerator::nextElement (14 bytes)
Event: 2446,538 Thread 0x00007f4b4c13c800 nmethod 6881 0x00007f4b35e40d90 code [0x00007f4b35e40f60, 0x00007f4b35e410f0]
Event: 2446,538 Thread 0x00007f4b4c13c800 6882       3       org.springframework.util.LinkedCaseInsensitiveMap$1::removeEldestEntry (32 bytes)
Event: 2446,538 Thread 0x00007f4b4c13c800 nmethod 6882 0x00007f4b35e41210 code [0x00007f4b35e413c0, 0x00007f4b35e41570]
Event: 2446,538 Thread 0x00007f4b4c13c800 6883       1       com.fasterxml.jackson.databind.JavaType::hashCode (5 bytes)
Event: 2446,539 Thread 0x00007f4b4c13c800 nmethod 6883 0x00007f4b3ca14b10 code [0x00007f4b3ca14cc0, 0x00007f4b3ca14d90]
Event: 2446,539 Thread 0x00007f4b4c13c800 6879       3       org.springframework.security.web.firewall.FirewalledResponse::hasCrlf (30 bytes)
Event: 2446,540 Thread 0x00007f4b4c13c800 nmethod 6879 0x00007f4b35e41690 code [0x00007f4b35e418c0, 0x00007f4b35e41f50]
Event: 2446,540 Thread 0x00007f4b4c13c800 6885       3       java.net.Socket::getImpl (17 bytes)
Event: 2446,602 Thread 0x00007f4b4c13c800 nmethod 6885 0x00007f4b35e42190 code [0x00007f4b35e42340, 0x00007f4b35e42560]
Event: 2446,602 Thread 0x00007f4b4c13c800 6889       3       sun.util.calendar.Gregorian::newCalendarDate (9 bytes)
Event: 2446,603 Thread 0x00007f4b4c13c800 nmethod 6889 0x00007f4b35e42610 code [0x00007f4b35e427e0, 0x00007f4b35e42a20]
Event: 2446,603 Thread 0x00007f4b4c13c800 6890       3       sun.util.calendar.Gregorian$Date::<init> (6 bytes)
Event: 2446,603 Thread 0x00007f4b4c13c800 nmethod 6890 0x00007f4b35e42b10 code [0x00007f4b35e42ce0, 0x00007f4b35e42f90]
Event: 2447,278 Thread 0x00007f4b4c13a800 nmethod 6875 0x00007f4b3ca14e10 code [0x00007f4b3ca14fc0, 0x00007f4b3ca15738]

GC Heap History (20 events):
Event: 127,404 GC heap before
{Heap before GC invocations=28 (full 0):
 garbage-first heap   total 63488K, used 48005K [0x00000000c5a00000, 0x0000000100000000)
  region size 1024K, 26 young (26624K), 3 survivors (3072K)
 Metaspace       used 58770K, capacity 60417K, committed 60508K, reserved 1101824K
  class space    used 7554K, capacity 8167K, committed 8192K, reserved 1048576K
}
Event: 127,437 GC heap after
{Heap after GC invocations=29 (full 0):
 garbage-first heap   total 63488K, used 27541K [0x00000000c5a00000, 0x0000000100000000)
  region size 1024K, 3 young (3072K), 3 survivors (3072K)
 Metaspace       used 58770K, capacity 60417K, committed 60508K, reserved 1101824K
  class space    used 7554K, capacity 8167K, committed 8192K, reserved 1048576K
}
Event: 131,524 GC heap before
{Heap before GC invocations=30 (full 0):
 garbage-first heap   total 63488K, used 51093K [0x00000000c5a00000, 0x0000000100000000)
  region size 1024K, 27 young (27648K), 3 survivors (3072K)
 Metaspace       used 59891K, capacity 61539K, committed 61904K, reserved 1103872K
  class space    used 7740K, capacity 8388K, committed 8448K, reserved 1048576K
}
Event: 131,539 GC heap after
{Heap after GC invocations=31 (full 0):
 garbage-first heap   total 63488K, used 28644K [0x00000000c5a00000, 0x0000000100000000)
  region size 1024K, 3 young (3072K), 3 survivors (3072K)
 Metaspace       used 59891K, capacity 61539K, committed 61904K, reserved 1103872K
  class space    used 7740K, capacity 8388K, committed 8448K, reserved 1048576K
}
Event: 412,209 GC heap before
{Heap before GC invocations=31 (full 0):
 garbage-first heap   total 63488K, used 51172K [0x00000000c5a00000, 0x0000000100000000)
  region size 1024K, 26 young (26624K), 3 survivors (3072K)
 Metaspace       used 62161K, capacity 63923K, committed 64208K, reserved 1105920K
  class space    used 7992K, capacity 8687K, committed 8704K, reserved 1048576K
}
Event: 412,253 GC heap after
{Heap after GC invocations=32 (full 0):
 garbage-first heap   total 63488K, used 29540K [0x00000000c5a00000, 0x0000000100000000)
  region size 1024K, 3 young (3072K), 3 survivors (3072K)
 Metaspace       used 62161K, capacity 63923K, committed 64208K, reserved 1105920K
  class space    used 7992K, capacity 8687K, committed 8704K, reserved 1048576K
}
Event: 465,394 GC heap before
{Heap before GC invocations=32 (full 0):
 garbage-first heap   total 63488K, used 51044K [0x00000000c5a00000, 0x0000000100000000)
  region size 1024K, 25 young (25600K), 3 survivors (3072K)
 Metaspace       used 64258K, capacity 66011K, committed 66256K, reserved 1105920K
  class space    used 8243K, capacity 8932K, committed 8960K, reserved 1048576K
}
Event: 465,437 GC heap after
{Heap after GC invocations=33 (full 0):
 garbage-first heap   total 63488K, used 30067K [0x00000000c5a00000, 0x0000000100000000)
  region size 1024K, 2 young (2048K), 2 survivors (2048K)
 Metaspace       used 64258K, capacity 66011K, committed 66256K, reserved 1105920K
  class space    used 8243K, capacity 8932K, committed 8960K, reserved 1048576K
}
Event: 465,884 GC heap before
{Heap before GC invocations=34 (full 0):
 garbage-first heap   total 63488K, used 40307K [0x00000000c5a00000, 0x0000000100000000)
  region size 1024K, 13 young (13312K), 2 survivors (2048K)
 Metaspace       used 65228K, capacity 66946K, committed 67152K, reserved 1107968K
  class space    used 8349K, capacity 9030K, committed 9088K, reserved 1048576K
}
Event: 465,893 GC heap after
{Heap after GC invocations=35 (full 0):
 garbage-first heap   total 63488K, used 30153K [0x00000000c5a00000, 0x0000000100000000)
  region size 1024K, 1 young (1024K), 1 survivors (1024K)
 Metaspace       used 65228K, capacity 66946K, committed 67152K, reserved 1107968K
  class space    used 8349K, capacity 9030K, committed 9088K, reserved 1048576K
}
Event: 1846,858 GC heap before
{Heap before GC invocations=35 (full 0):
 garbage-first heap   total 63488K, used 47561K [0x00000000c5a00000, 0x0000000100000000)
  region size 1024K, 19 young (19456K), 1 survivors (1024K)
 Metaspace       used 66214K, capacity 68017K, committed 68304K, reserved 1107968K
  class space    used 8461K, capacity 9165K, committed 9216K, reserved 1048576K
}
Event: 1847,028 GC heap after
{Heap after GC invocations=36 (full 0):
 garbage-first heap   total 63488K, used 30860K [0x00000000c5a00000, 0x0000000100000000)
  region size 1024K, 2 young (2048K), 2 survivors (2048K)
 Metaspace       used 66214K, capacity 68017K, committed 68304K, reserved 1107968K
  class space    used 8461K, capacity 9165K, committed 9216K, reserved 1048576K
}
Event: 1859,631 GC heap before
{Heap before GC invocations=37 (full 0):
 garbage-first heap   total 63488K, used 32908K [0x00000000c5a00000, 0x0000000100000000)
  region size 1024K, 4 young (4096K), 2 survivors (2048K)
 Metaspace       used 65975K, capacity 67617K, committed 68304K, reserved 1107968K
  class space    used 8396K, capacity 9041K, committed 9216K, reserved 1048576K
}
Event: 1859,645 GC heap after
{Heap after GC invocations=38 (full 0):
 garbage-first heap   total 63488K, used 31011K [0x00000000c5a00000, 0x0000000100000000)
  region size 1024K, 1 young (1024K), 1 survivors (1024K)
 Metaspace       used 65975K, capacity 67617K, committed 68304K, reserved 1107968K
  class space    used 8396K, capacity 9041K, committed 9216K, reserved 1048576K
}
Event: 1865,007 GC heap before
{Heap before GC invocations=38 (full 0):
 garbage-first heap   total 63488K, used 33059K [0x00000000c5a00000, 0x0000000100000000)
  region size 1024K, 3 young (3072K), 1 survivors (1024K)
 Metaspace       used 65984K, capacity 67617K, committed 68304K, reserved 1107968K
  class space    used 8396K, capacity 9041K, committed 9216K, reserved 1048576K
}
Event: 1865,016 GC heap after
{Heap after GC invocations=39 (full 0):
 garbage-first heap   total 63488K, used 29820K [0x00000000c5a00000, 0x0000000100000000)
  region size 1024K, 1 young (1024K), 1 survivors (1024K)
 Metaspace       used 65984K, capacity 67617K, committed 68304K, reserved 1107968K
  class space    used 8396K, capacity 9041K, committed 9216K, reserved 1048576K
}
Event: 2256,739 GC heap before
{Heap before GC invocations=39 (full 0):
 garbage-first heap   total 63488K, used 31868K [0x00000000c5a00000, 0x0000000100000000)
  region size 1024K, 3 young (3072K), 1 survivors (1024K)
 Metaspace       used 66031K, capacity 67745K, committed 68304K, reserved 1107968K
  class space    used 8396K, capacity 9041K, committed 9216K, reserved 1048576K
}
Event: 2275,063 GC heap after
{Heap after GC invocations=40 (full 0):
 garbage-first heap   total 63488K, used 28972K [0x00000000c5a00000, 0x0000000100000000)
  region size 1024K, 1 young (1024K), 1 survivors (1024K)
 Metaspace       used 66031K, capacity 67745K, committed 68304K, reserved 1107968K
  class space    used 8396K, capacity 9041K, committed 9216K, reserved 1048576K
}
Event: 2327,307 GC heap before
{Heap before GC invocations=40 (full 0):
 garbage-first heap   total 63488K, used 29996K [0x00000000c5a00000, 0x0000000100000000)
  region size 1024K, 3 young (3072K), 1 survivors (1024K)
 Metaspace       used 66059K, capacity 67745K, committed 68304K, reserved 1107968K
  class space    used 8396K, capacity 9041K, committed 9216K, reserved 1048576K
}
Event: 2328,062 GC heap after
{Heap after GC invocations=41 (full 0):
 garbage-first heap   total 63488K, used 29359K [0x00000000c5a00000, 0x0000000100000000)
  region size 1024K, 1 young (1024K), 1 survivors (1024K)
 Metaspace       used 66059K, capacity 67745K, committed 68304K, reserved 1107968K
  class space    used 8396K, capacity 9041K, committed 9216K, reserved 1048576K
}

Deoptimization events (20 events):
Event: 2321,812 Thread 0x00007f4abc019000 DEOPT PACKING pc=0x00007f4b3c9c4700 sp=0x00007f4aca9ef780
Event: 2321,812 Thread 0x00007f4abc019000 DEOPT UNPACKING pc=0x00007f4b3489d62b sp=0x00007f4aca9eec38 mode 1
Event: 2321,859 Thread 0x00007f4abc016800 DEOPT PACKING pc=0x00007f4b3c9c4700 sp=0x00007f4acabf1780
Event: 2321,859 Thread 0x00007f4abc016800 DEOPT UNPACKING pc=0x00007f4b3489d62b sp=0x00007f4acabf0c38 mode 1
Event: 2322,626 Thread 0x00007f4abc018000 DEOPT PACKING pc=0x00007f4b3c9c4700 sp=0x00007f4acaaee530
Event: 2322,626 Thread 0x00007f4abc018000 DEOPT UNPACKING pc=0x00007f4b3489d62b sp=0x00007f4acaaed9e8 mode 1
Event: 2322,628 Thread 0x00007f4abc018000 DEOPT PACKING pc=0x00007f4b3c9c4700 sp=0x00007f4acaaeec60
Event: 2322,628 Thread 0x00007f4abc018000 DEOPT UNPACKING pc=0x00007f4b3489d62b sp=0x00007f4acaaee118 mode 1
Event: 2322,628 Thread 0x00007f4abc018000 DEOPT PACKING pc=0x00007f4b3c9c4700 sp=0x00007f4acaaef410
Event: 2322,628 Thread 0x00007f4abc018000 DEOPT UNPACKING pc=0x00007f4b3489d62b sp=0x00007f4acaaee8c8 mode 1
Event: 2322,723 Thread 0x00007f4abc018000 DEOPT PACKING pc=0x00007f4b3c9c4700 sp=0x00007f4acaaf0780
Event: 2322,723 Thread 0x00007f4abc018000 DEOPT UNPACKING pc=0x00007f4b3489d62b sp=0x00007f4acaaefc38 mode 1
Event: 2362,703 Thread 0x00007f4b4cc75000 Uncommon trap: trap_request=0xffffff4d fr.pc=0x00007f4b3c9cbe9c relative=0x00000000000000fc
Event: 2362,703 Thread 0x00007f4b4cc75000 Uncommon trap: reason=unstable_if action=reinterpret pc=0x00007f4b3c9cbe9c method=java.util.concurrent.TimeUnit.convert(JLjava/util/concurrent/TimeUnit;)J @ 8 c2
Event: 2362,703 Thread 0x00007f4b4cc75000 DEOPT PACKING pc=0x00007f4b3c9cbe9c sp=0x00007f4b16379470
Event: 2362,703 Thread 0x00007f4b4cc75000 DEOPT UNPACKING pc=0x00007f4b3489ce9f sp=0x00007f4b16379460 mode 2
Event: 2362,735 Thread 0x00007f4b4cc75000 Uncommon trap: trap_request=0xffffff4d fr.pc=0x00007f4b3c34d030 relative=0x00000000000001f0
Event: 2362,735 Thread 0x00007f4b4cc75000 Uncommon trap: reason=unstable_if action=reinterpret pc=0x00007f4b3c34d030 method=java.lang.StringCoding.encodeUTF8(B[BZ)[B @ 18 c2
Event: 2362,735 Thread 0x00007f4b4cc75000 DEOPT PACKING pc=0x00007f4b3c34d030 sp=0x00007f4b16378f70
Event: 2362,775 Thread 0x00007f4b4cc75000 DEOPT UNPACKING pc=0x00007f4b3489ce9f sp=0x00007f4b16378f30 mode 2

Classes redefined (0 events):
No events

Internal exceptions (20 events):
Event: 1629,420 Thread 0x00007f4abc010800 Exception <a 'java/lang/reflect/InvocationTargetException'{0x00000000c8cd4018}> (0x00000000c8cd4018) thrown at [src/hotspot/share/runtime/reflection.cpp, line 1245]
Event: 1629,421 Thread 0x00007f4abc010800 Exception <a 'java/lang/reflect/InvocationTargetException'{0x00000000c8cd4d88}> (0x00000000c8cd4d88) thrown at [src/hotspot/share/runtime/reflection.cpp, line 1245]
Event: 1629,423 Thread 0x00007f4abc010800 Exception <a 'java/lang/reflect/InvocationTargetException'{0x00000000c8cd5af8}> (0x00000000c8cd5af8) thrown at [src/hotspot/share/runtime/reflection.cpp, line 1245]
Event: 1629,433 Thread 0x00007f4abc010800 Exception <a 'java/lang/reflect/InvocationTargetException'{0x00000000c8cd8f28}> (0x00000000c8cd8f28) thrown at [src/hotspot/share/runtime/reflection.cpp, line 1245]
Event: 1856,900 Thread 0x00007f4ad0006800 Implicit null exception at 0x00007f4b3c553a74 to 0x00007f4b3c5543ec
Event: 2321,423 Thread 0x00007f4abc019000 Exception <a 'java/lang/reflect/InvocationTargetException'{0x00000000c9577b10}> (0x00000000c9577b10) thrown at [src/hotspot/share/runtime/reflection.cpp, line 1245]
Event: 2321,443 Thread 0x00007f4abc019000 Exception <a 'java/lang/reflect/InvocationTargetException'{0x00000000c9578880}> (0x00000000c9578880) thrown at [src/hotspot/share/runtime/reflection.cpp, line 1245]
Event: 2321,443 Thread 0x00007f4abc019000 Exception <a 'java/lang/reflect/InvocationTargetException'{0x00000000c9579840}> (0x00000000c9579840) thrown at [src/hotspot/share/runtime/reflection.cpp, line 1245]
Event: 2321,729 Thread 0x00007f4abc016800 Exception <a 'java/lang/reflect/InvocationTargetException'{0x00000000c9580cb0}> (0x00000000c9580cb0) thrown at [src/hotspot/share/runtime/reflection.cpp, line 1245]
Event: 2321,734 Thread 0x00007f4abc016800 Exception <a 'java/lang/reflect/InvocationTargetException'{0x00000000c9581f08}> (0x00000000c9581f08) thrown at [src/hotspot/share/runtime/reflection.cpp, line 1245]
Event: 2321,811 Thread 0x00007f4abc016800 Exception <a 'java/lang/reflect/InvocationTargetException'{0x00000000c9582ed8}> (0x00000000c9582ed8) thrown at [src/hotspot/share/runtime/reflection.cpp, line 1245]
Event: 2321,812 Thread 0x00007f4abc019000 Exception <a 'java/lang/reflect/InvocationTargetException'{0x00000000c957d3a0}> (0x00000000c957d3a0) thrown at [src/hotspot/share/runtime/reflection.cpp, line 1245]
Event: 2321,859 Thread 0x00007f4abc016800 Exception <a 'java/lang/reflect/InvocationTargetException'{0x00000000c9587d98}> (0x00000000c9587d98) thrown at [src/hotspot/share/runtime/reflection.cpp, line 1245]
Event: 2322,614 Thread 0x00007f4abc018000 Exception <a 'java/lang/reflect/InvocationTargetException'{0x00000000c9591210}> (0x00000000c9591210) thrown at [src/hotspot/share/runtime/reflection.cpp, line 1245]
Event: 2322,628 Thread 0x00007f4abc018000 Exception <a 'java/lang/reflect/InvocationTargetException'{0x00000000c95921c0}> (0x00000000c95921c0) thrown at [src/hotspot/share/runtime/reflection.cpp, line 1245]
Event: 2322,628 Thread 0x00007f4abc018000 Exception <a 'java/lang/reflect/InvocationTargetException'{0x00000000c95931e0}> (0x00000000c95931e0) thrown at [src/hotspot/share/runtime/reflection.cpp, line 1245]
Event: 2322,723 Thread 0x00007f4abc018000 Exception <a 'java/lang/reflect/InvocationTargetException'{0x00000000c9598228}> (0x00000000c9598228) thrown at [src/hotspot/share/runtime/reflection.cpp, line 1245]
Event: 2332,109 Thread 0x00007f4abc016800 Exception <a 'java/io/IOException'{0x00000000c95a00e0}> (0x00000000c95a00e0) thrown at [src/hotspot/share/prims/jni.cpp, line 616]
Event: 2332,109 Thread 0x00007f4abc018000 Exception <a 'java/io/IOException'{0x00000000c959e530}> (0x00000000c959e530) thrown at [src/hotspot/share/prims/jni.cpp, line 616]
Event: 2332,109 Thread 0x00007f4abc019000 Exception <a 'java/io/IOException'{0x00000000c959c130}> (0x00000000c959c130) thrown at [src/hotspot/share/prims/jni.cpp, line 616]

Events (20 events):
Event: 2481,515 Executing VM operation: GetOrSetLocal
Event: 2481,516 Executing VM operation: GetOrSetLocal done
Event: 2481,516 Executing VM operation: GetFrameLocation
Event: 2481,516 Executing VM operation: GetFrameLocation done
Event: 2481,516 Executing VM operation: GetOrSetLocal
Event: 2481,516 Executing VM operation: GetOrSetLocal done
Event: 2481,516 Executing VM operation: GetFrameLocation
Event: 2481,517 Executing VM operation: GetFrameLocation done
Event: 2481,517 Executing VM operation: GetOrSetLocal
Event: 2481,517 Executing VM operation: GetOrSetLocal done
Event: 2481,517 Executing VM operation: GetFrameLocation
Event: 2481,517 Executing VM operation: GetFrameLocation done
Event: 2481,517 Executing VM operation: GetOrSetLocal
Event: 2481,517 Executing VM operation: GetOrSetLocal done
Event: 2481,518 Executing VM operation: GetFrameLocation
Event: 2481,518 Executing VM operation: GetFrameLocation done
Event: 2481,518 Executing VM operation: GetOrSetLocal
Event: 2481,518 Executing VM operation: GetOrSetLocal done
Event: 2486,486 Thread 0x00007f4aec001800 Thread exited: 0x00007f4aec001800
Event: 2486,779 loading class jdk/internal/misc/Signal$1


Dynamic libraries:
c5a00000-c9600000 rw-p 00000000 00:00 0 
c9600000-ffe00000 ---p 00000000 00:00 0 
ffe00000-ffe47000 rw-p 01114000 08:06 6819997                            /usr/lib/jvm/java-11-openjdk-amd64/lib/server/classes.jsa
ffe47000-fff00000 rw-p 00000000 00:00 0 
fff00000-fff6b000 rw-p 010a9000 08:06 6819997                            /usr/lib/jvm/java-11-openjdk-amd64/lib/server/classes.jsa
fff6b000-100000000 rw-p 00000000 00:00 0 
800000000-800002000 rwxp 00001000 08:06 6819997                          /usr/lib/jvm/java-11-openjdk-amd64/lib/server/classes.jsa
800002000-8010a8000 rw-p 00003000 08:06 6819997                          /usr/lib/jvm/java-11-openjdk-amd64/lib/server/classes.jsa
840000000-840900000 rw-p 00000000 00:00 0 
840900000-880000000 ---p 00000000 00:00 0 
55bede39e000-55bede39f000 r--p 00000000 08:06 6819645                    /usr/lib/jvm/java-11-openjdk-amd64/bin/java
55bede39f000-55bede3a0000 r-xp 00001000 08:06 6819645                    /usr/lib/jvm/java-11-openjdk-amd64/bin/java
55bede3a0000-55bede3a1000 r--p 00002000 08:06 6819645                    /usr/lib/jvm/java-11-openjdk-amd64/bin/java
55bede3a1000-55bede3a2000 r--p 00002000 08:06 6819645                    /usr/lib/jvm/java-11-openjdk-amd64/bin/java
55bede3a2000-55bede3a3000 rw-p 00003000 08:06 6819645                    /usr/lib/jvm/java-11-openjdk-amd64/bin/java
55bee01ab000-55bee0335000 rw-p 00000000 00:00 0                          [heap]
7f4aa8000000-7f4aa8087000 rw-p 00000000 00:00 0 
7f4aa8087000-7f4aac000000 ---p 00000000 00:00 0 
7f4ab0000000-7f4ab0075000 rw-p 00000000 00:00 0 
7f4ab0075000-7f4ab4000000 ---p 00000000 00:00 0 
7f4ab4000000-7f4ab40d4000 rw-p 00000000 00:00 0 
7f4ab40d4000-7f4ab8000000 ---p 00000000 00:00 0 
7f4ab8000000-7f4ab8021000 rw-p 00000000 00:00 0 
7f4ab8021000-7f4abc000000 ---p 00000000 00:00 0 
7f4abc000000-7f4abc023000 rw-p 00000000 00:00 0 
7f4abc023000-7f4ac0000000 ---p 00000000 00:00 0 
7f4ac0000000-7f4ac0023000 rw-p 00000000 00:00 0 
7f4ac0023000-7f4ac4000000 ---p 00000000 00:00 0 
7f4ac4000000-7f4ac4039000 rw-p 00000000 00:00 0 
7f4ac4039000-7f4ac8000000 ---p 00000000 00:00 0 
7f4aca7f2000-7f4aca7f6000 ---p 00000000 00:00 0 
7f4aca7f6000-7f4aca8f3000 rw-p 00000000 00:00 0 
7f4aca8f3000-7f4aca8f7000 ---p 00000000 00:00 0 
7f4aca8f7000-7f4aca9f4000 rw-p 00000000 00:00 0 
7f4aca9f4000-7f4aca9f8000 ---p 00000000 00:00 0 
7f4aca9f8000-7f4acaaf5000 rw-p 00000000 00:00 0 
7f4acaaf5000-7f4acaaf9000 ---p 00000000 00:00 0 
7f4acaaf9000-7f4acabf6000 rw-p 00000000 00:00 0 
7f4acabf6000-7f4acabfa000 ---p 00000000 00:00 0 
7f4acabfa000-7f4acacf7000 rw-p 00000000 00:00 0 
7f4acacf7000-7f4acacfb000 ---p 00000000 00:00 0 
7f4acacfb000-7f4acadf8000 rw-p 00000000 00:00 0 
7f4acadf8000-7f4acadfc000 ---p 00000000 00:00 0 
7f4acadfc000-7f4acaef9000 rw-p 00000000 00:00 0 
7f4acaef9000-7f4acaefd000 ---p 00000000 00:00 0 
7f4acaefd000-7f4acb1ba000 rw-p 00000000 00:00 0 
7f4acb1ba000-7f4acb1fa000 ---p 00000000 00:00 0 
7f4acb1fa000-7f4acb1fe000 ---p 00000000 00:00 0 
7f4acb1fe000-7f4acb2fb000 rw-p 00000000 00:00 0 
7f4acb2fb000-7f4acb2ff000 ---p 00000000 00:00 0 
7f4acb2ff000-7f4acb5fc000 rw-p 00000000 00:00 0 
7f4acb5fc000-7f4acb600000 ---p 00000000 00:00 0 
7f4acb600000-7f4acb6fd000 rw-p 00000000 00:00 0 
7f4acb6fd000-7f4acb701000 ---p 00000000 00:00 0 
7f4acb701000-7f4acb7fe000 rw-p 00000000 00:00 0 
7f4acb7fe000-7f4acb802000 ---p 00000000 00:00 0 
7f4acb802000-7f4acbaff000 rw-p 00000000 00:00 0 
7f4acbaff000-7f4acbcff000 rw-p 00000000 00:00 0 
7f4acbcff000-7f4acbd03000 ---p 00000000 00:00 0 
7f4acbd03000-7f4acc000000 rw-p 00000000 00:00 0 
7f4acc000000-7f4acdf32000 rw-p 00000000 00:00 0 
7f4acdf32000-7f4ad0000000 ---p 00000000 00:00 0 
7f4ad0000000-7f4ad0021000 rw-p 00000000 00:00 0 
7f4ad0021000-7f4ad4000000 ---p 00000000 00:00 0 
7f4ad4000000-7f4ad4044000 rw-p 00000000 00:00 0 
7f4ad4044000-7f4ad8000000 ---p 00000000 00:00 0 
7f4ad8000000-7f4ad8021000 rw-p 00000000 00:00 0 
7f4ad8021000-7f4adc000000 ---p 00000000 00:00 0 
7f4adc000000-7f4adc036000 rw-p 00000000 00:00 0 
7f4adc036000-7f4ae0000000 ---p 00000000 00:00 0 
7f4ae0000000-7f4ae0269000 rw-p 00000000 00:00 0 
7f4ae0269000-7f4ae4000000 ---p 00000000 00:00 0 
7f4ae4000000-7f4ae4085000 rw-p 00000000 00:00 0 
7f4ae4085000-7f4ae8000000 ---p 00000000 00:00 0 
7f4ae8000000-7f4ae8021000 rw-p 00000000 00:00 0 
7f4ae8021000-7f4aec000000 ---p 00000000 00:00 0 
7f4aec000000-7f4aec102000 rw-p 00000000 00:00 0 
7f4aec102000-7f4af0000000 ---p 00000000 00:00 0 
7f4af0000000-7f4af0088000 rw-p 00000000 00:00 0 
7f4af0088000-7f4af4000000 ---p 00000000 00:00 0 
7f4af4000000-7f4af4021000 rw-p 00000000 00:00 0 
7f4af4021000-7f4af8000000 ---p 00000000 00:00 0 
7f4af8000000-7f4af8021000 rw-p 00000000 00:00 0 
7f4af8021000-7f4afc000000 ---p 00000000 00:00 0 
7f4afc000000-7f4affffc000 rw-p 00000000 00:00 0 
7f4affffc000-7f4b00000000 ---p 00000000 00:00 0 
7f4b00000000-7f4b00cc0000 rw-p 00000000 00:00 0 
7f4b00cc0000-7f4b04000000 ---p 00000000 00:00 0 
7f4b04000000-7f4b04021000 rw-p 00000000 00:00 0 
7f4b04021000-7f4b08000000 ---p 00000000 00:00 0 
7f4b08000000-7f4b08021000 rw-p 00000000 00:00 0 
7f4b08021000-7f4b0c000000 ---p 00000000 00:00 0 
7f4b0c000000-7f4b0c021000 rw-p 00000000 00:00 0 
7f4b0c021000-7f4b10000000 ---p 00000000 00:00 0 
7f4b10000000-7f4b10021000 rw-p 00000000 00:00 0 
7f4b10021000-7f4b14000000 ---p 00000000 00:00 0 
7f4b1401f000-7f4b14023000 ---p 00000000 00:00 0 
7f4b14023000-7f4b14320000 rw-p 00000000 00:00 0 
7f4b14320000-7f4b14520000 rw-p 00000000 00:00 0 
7f4b14520000-7f4b14720000 rw-p 00000000 00:00 0 
7f4b14720000-7f4b14920000 rw-p 00000000 00:00 0 
7f4b14920000-7f4b14b20000 rw-p 00000000 00:00 0 
7f4b14b20000-7f4b14b24000 ---p 00000000 00:00 0 
7f4b14b24000-7f4b14e21000 rw-p 00000000 00:00 0 
7f4b14e21000-7f4b15021000 rw-p 00000000 00:00 0 
7f4b15021000-7f4b15221000 rw-p 00000000 00:00 0 
7f4b15221000-7f4b15415000 rw-p 00000000 00:00 0 
7f4b15415000-7f4b15421000 ---p 00000000 00:00 0 
7f4b15421000-7f4b15621000 rw-p 00000000 00:00 0 
7f4b15621000-7f4b15821000 rw-p 00000000 00:00 0 
7f4b15821000-7f4b15a21000 rw-p 00000000 00:00 0 
7f4b15a21000-7f4b15c21000 rw-p 00000000 00:00 0 
7f4b15c21000-7f4b15e21000 rw-p 00000000 00:00 0 
7f4b15e21000-7f4b16021000 rw-p 00000000 00:00 0 
7f4b16021000-7f4b16221000 rw-p 00000000 00:00 0 
7f4b1627a000-7f4b1627e000 ---p 00000000 00:00 0 
7f4b1627e000-7f4b1657b000 rw-p 00000000 00:00 0 
7f4b1657b000-7f4b1677b000 rw-p 00000000 00:00 0 
7f4b1677b000-7f4b1697b000 rw-p 00000000 00:00 0 
7f4b1697b000-7f4b1697c000 ---p 00000000 00:00 0 
7f4b1697c000-7f4b16a7d000 rw-p 00000000 00:00 0 
7f4b16a7d000-7f4b16a7e000 ---p 00000000 00:00 0 
7f4b16a7e000-7f4b16b7f000 rw-p 00000000 00:00 0 
7f4b16b7f000-7f4b16b83000 ---p 00000000 00:00 0 
7f4b16b83000-7f4b16e80000 rw-p 00000000 00:00 0 
7f4b16e80000-7f4b16e81000 ---p 00000000 00:00 0 
7f4b16e81000-7f4b16f82000 rw-p 00000000 00:00 0 
7f4b16f82000-7f4b16f83000 ---p 00000000 00:00 0 
7f4b16f83000-7f4b17084000 rw-p 00000000 00:00 0 
7f4b17084000-7f4b17088000 ---p 00000000 00:00 0 
7f4b17088000-7f4b17185000 rw-p 00000000 00:00 0 
7f4b17185000-7f4b17189000 ---p 00000000 00:00 0 
7f4b17189000-7f4b17286000 rw-p 00000000 00:00 0 
7f4b17286000-7f4b1728a000 ---p 00000000 00:00 0 
7f4b1728a000-7f4b17387000 rw-p 00000000 00:00 0 
7f4b17387000-7f4b1738b000 ---p 00000000 00:00 0 
7f4b1738b000-7f4b17488000 rw-p 00000000 00:00 0 
7f4b17488000-7f4b1748c000 ---p 00000000 00:00 0 
7f4b1748c000-7f4b17589000 rw-p 00000000 00:00 0 
7f4b17589000-7f4b1758d000 ---p 00000000 00:00 0 
7f4b1758d000-7f4b1768a000 rw-p 00000000 00:00 0 
7f4b1768a000-7f4b1768e000 ---p 00000000 00:00 0 
7f4b1768e000-7f4b1778b000 rw-p 00000000 00:00 0 
7f4b1778b000-7f4b1778f000 ---p 00000000 00:00 0 
7f4b1778f000-7f4b1788c000 rw-p 00000000 00:00 0 
7f4b1788c000-7f4b17890000 ---p 00000000 00:00 0 
7f4b17890000-7f4b1798d000 rw-p 00000000 00:00 0 
7f4b1798d000-7f4b17eff000 r--p 00000000 08:06 6691689                    /usr/lib/locale/locale-archive
7f4b17eff000-7f4b17f03000 ---p 00000000 00:00 0 
7f4b17f03000-7f4b18000000 rw-p 00000000 00:00 0 
7f4b18000000-7f4b18021000 rw-p 00000000 00:00 0 
7f4b18021000-7f4b1c000000 ---p 00000000 00:00 0 
7f4b1c000000-7f4b1c147000 rw-p 00000000 00:00 0 
7f4b1c147000-7f4b20000000 ---p 00000000 00:00 0 
7f4b20000000-7f4b20038000 rw-p 00000000 00:00 0 
7f4b20038000-7f4b24000000 ---p 00000000 00:00 0 
7f4b24000000-7f4b24021000 rw-p 00000000 00:00 0 
7f4b24021000-7f4b28000000 ---p 00000000 00:00 0 
7f4b28000000-7f4b28021000 rw-p 00000000 00:00 0 
7f4b28021000-7f4b2c000000 ---p 00000000 00:00 0 
7f4b2c075000-7f4b2c07d000 r--p 00000000 08:06 6819726                    /usr/lib/jvm/java-11-openjdk-amd64/lib/libsunec.so
7f4b2c07d000-7f4b2c096000 r-xp 00008000 08:06 6819726                    /usr/lib/jvm/java-11-openjdk-amd64/lib/libsunec.so
7f4b2c096000-7f4b2c0a0000 r--p 00021000 08:06 6819726                    /usr/lib/jvm/java-11-openjdk-amd64/lib/libsunec.so
7f4b2c0a0000-7f4b2c0a1000 ---p 0002b000 08:06 6819726                    /usr/lib/jvm/java-11-openjdk-amd64/lib/libsunec.so
7f4b2c0a1000-7f4b2c0a5000 r--p 0002b000 08:06 6819726                    /usr/lib/jvm/java-11-openjdk-amd64/lib/libsunec.so
7f4b2c0a5000-7f4b2c0a7000 rw-p 0002f000 08:06 6819726                    /usr/lib/jvm/java-11-openjdk-amd64/lib/libsunec.so
7f4b2c0a7000-7f4b2c0cd000 r--p 00000000 08:06 7739987                    /usr/share/locale-langpack/pt_BR/LC_MESSAGES/libc.mo
7f4b2c0cd000-7f4b2c0d1000 ---p 00000000 00:00 0 
7f4b2c0d1000-7f4b2c1ce000 rw-p 00000000 00:00 0 
7f4b2c1ce000-7f4b2c1cf000 ---p 00000000 00:00 0 
7f4b2c1cf000-7f4b2e3c0000 rw-p 00000000 00:00 0 
7f4b2e3c0000-7f4b2f160000 ---p 00000000 00:00 0 
7f4b2f160000-7f4b2f258000 rw-p 00000000 00:00 0 
7f4b2f258000-7f4b2fff8000 ---p 00000000 00:00 0 
7f4b2fff8000-7f4b30000000 rw-p 00000000 00:00 0 
7f4b30000000-7f4b30021000 rw-p 00000000 00:00 0 
7f4b30021000-7f4b34000000 ---p 00000000 00:00 0 
7f4b3400d000-7f4b3400f000 r--p 00000000 08:06 6819718                    /usr/lib/jvm/java-11-openjdk-amd64/lib/libmanagement_ext.so
7f4b3400f000-7f4b34012000 r-xp 00002000 08:06 6819718                    /usr/lib/jvm/java-11-openjdk-amd64/lib/libmanagement_ext.so
7f4b34012000-7f4b34014000 r--p 00005000 08:06 6819718                    /usr/lib/jvm/java-11-openjdk-amd64/lib/libmanagement_ext.so
7f4b34014000-7f4b34015000 r--p 00006000 08:06 6819718                    /usr/lib/jvm/java-11-openjdk-amd64/lib/libmanagement_ext.so
7f4b34015000-7f4b34016000 rw-p 00007000 08:06 6819718                    /usr/lib/jvm/java-11-openjdk-amd64/lib/libmanagement_ext.so
7f4b34016000-7f4b34019000 r--p 00000000 08:06 6819716                    /usr/lib/jvm/java-11-openjdk-amd64/lib/libmanagement.so
7f4b34019000-7f4b3401a000 r-xp 00003000 08:06 6819716                    /usr/lib/jvm/java-11-openjdk-amd64/lib/libmanagement.so
7f4b3401a000-7f4b3401b000 r--p 00004000 08:06 6819716                    /usr/lib/jvm/java-11-openjdk-amd64/lib/libmanagement.so
7f4b3401b000-7f4b3401c000 r--p 00004000 08:06 6819716                    /usr/lib/jvm/java-11-openjdk-amd64/lib/libmanagement.so
7f4b3401c000-7f4b3401d000 rw-p 00005000 08:06 6819716                    /usr/lib/jvm/java-11-openjdk-amd64/lib/libmanagement.so
7f4b3401d000-7f4b34021000 r--p 00000000 08:06 6819720                    /usr/lib/jvm/java-11-openjdk-amd64/lib/libnet.so
7f4b34021000-7f4b34030000 r-xp 00004000 08:06 6819720                    /usr/lib/jvm/java-11-openjdk-amd64/lib/libnet.so
7f4b34030000-7f4b34034000 r--p 00013000 08:06 6819720                    /usr/lib/jvm/java-11-openjdk-amd64/lib/libnet.so
7f4b34034000-7f4b34035000 r--p 00016000 08:06 6819720                    /usr/lib/jvm/java-11-openjdk-amd64/lib/libnet.so
7f4b34035000-7f4b34036000 rw-p 00017000 08:06 6819720                    /usr/lib/jvm/java-11-openjdk-amd64/lib/libnet.so
7f4b34036000-7f4b3403d000 r--p 00000000 08:06 6819721                    /usr/lib/jvm/java-11-openjdk-amd64/lib/libnio.so
7f4b3403d000-7f4b34045000 r-xp 00007000 08:06 6819721                    /usr/lib/jvm/java-11-openjdk-amd64/lib/libnio.so
7f4b34045000-7f4b34048000 r--p 0000f000 08:06 6819721                    /usr/lib/jvm/java-11-openjdk-amd64/lib/libnio.so
7f4b34048000-7f4b34049000 r--p 00011000 08:06 6819721                    /usr/lib/jvm/java-11-openjdk-amd64/lib/libnio.so
7f4b34049000-7f4b3404a000 rw-p 00012000 08:06 6819721                    /usr/lib/jvm/java-11-openjdk-amd64/lib/libnio.so
7f4b3404a000-7f4b3404c000 r--p 00000000 08:06 6819701                    /usr/lib/jvm/java-11-openjdk-amd64/lib/libdt_socket.so
7f4b3404c000-7f4b3404f000 r-xp 00002000 08:06 6819701                    /usr/lib/jvm/java-11-openjdk-amd64/lib/libdt_socket.so
7f4b3404f000-7f4b34050000 r--p 00005000 08:06 6819701                    /usr/lib/jvm/java-11-openjdk-amd64/lib/libdt_socket.so
7f4b34050000-7f4b34051000 ---p 00006000 08:06 6819701                    /usr/lib/jvm/java-11-openjdk-amd64/lib/libdt_socket.so
7f4b34051000-7f4b34052000 r--p 00006000 08:06 6819701                    /usr/lib/jvm/java-11-openjdk-amd64/lib/libdt_socket.so
7f4b34052000-7f4b34053000 rw-p 00007000 08:06 6819701                    /usr/lib/jvm/java-11-openjdk-amd64/lib/libdt_socket.so
7f4b34053000-7f4b34853000 rw-p 00000000 00:00 0 
7f4b34853000-7f4b34ac3000 rwxp 00000000 00:00 0 
7f4b34ac3000-7f4b34de3000 ---p 00000000 00:00 0 
7f4b34de3000-7f4b35e53000 rwxp 00000000 00:00 0 
7f4b35e53000-7f4b3c31b000 ---p 00000000 00:00 0 
7f4b3c31b000-7f4b3ca1b000 rwxp 00000000 00:00 0 
7f4b3ca1b000-7f4b43853000 ---p 00000000 00:00 0 
7f4b4c000000-7f4b4dd5c000 rw-p 00000000 00:00 0 
7f4b4dd5c000-7f4b50000000 ---p 00000000 00:00 0 
7f4b50001000-7f4b50002000 r--p 00000000 08:06 6819702                    /usr/lib/jvm/java-11-openjdk-amd64/lib/libextnet.so
7f4b50002000-7f4b50003000 r-xp 00001000 08:06 6819702                    /usr/lib/jvm/java-11-openjdk-amd64/lib/libextnet.so
7f4b50003000-7f4b50004000 r--p 00002000 08:06 6819702                    /usr/lib/jvm/java-11-openjdk-amd64/lib/libextnet.so
7f4b50004000-7f4b50005000 r--p 00002000 08:06 6819702                    /usr/lib/jvm/java-11-openjdk-amd64/lib/libextnet.so
7f4b50005000-7f4b50006000 rw-p 00003000 08:06 6819702                    /usr/lib/jvm/java-11-openjdk-amd64/lib/libextnet.so
7f4b50006000-7f4b5000d000 r--s 00000000 08:06 7348067                    /usr/lib/x86_64-linux-gnu/gconv/gconv-modules.cache
7f4b5000d000-7f4b500e9000 rw-p 00000000 00:00 0 
7f4b500e9000-7f4b500ea000 ---p 00000000 00:00 0 
7f4b500ea000-7f4b501eb000 rw-p 00000000 00:00 0 
7f4b501eb000-7f4b501ec000 ---p 00000000 00:00 0 
7f4b501ec000-7f4b506f1000 rw-p 00000000 00:00 0 
7f4b506f1000-7f4b506f2000 ---p 00000000 00:00 0 
7f4b506f2000-7f4b507f3000 rw-p 00000000 00:00 0 
7f4b507f3000-7f4b507f4000 ---p 00000000 00:00 0 
7f4b507f4000-7f4b50933000 rw-p 00000000 00:00 0 
7f4b50933000-7f4b50ae7000 ---p 00000000 00:00 0 
7f4b50ae7000-7f4b50b06000 rw-p 00000000 00:00 0 
7f4b50b06000-7f4b50cba000 ---p 00000000 00:00 0 
7f4b50cba000-7f4b50cd9000 rw-p 00000000 00:00 0 
7f4b50cd9000-7f4b50e8d000 ---p 00000000 00:00 0 
7f4b50e8d000-7f4b51292000 rw-p 00000000 00:00 0 
7f4b51292000-7f4b51293000 ---p 00000000 00:00 0 
7f4b51293000-7f4b513a2000 rw-p 00000000 00:00 0 
7f4b513a2000-7f4b5147f000 ---p 00000000 00:00 0 
7f4b5147f000-7f4b514a0000 rw-p 00000000 00:00 0 
7f4b514a0000-7f4b5156a000 ---p 00000000 00:00 0 
7f4b5156a000-7f4b5156f000 rw-p 00000000 00:00 0 
7f4b5156f000-7f4b51576000 ---p 00000000 00:00 0 
7f4b51576000-7f4b51579000 r--p 00000000 08:06 6688645                    /usr/lib/x86_64-linux-gnu/libnss_files-2.31.so
7f4b51579000-7f4b51580000 r-xp 00003000 08:06 6688645                    /usr/lib/x86_64-linux-gnu/libnss_files-2.31.so
7f4b51580000-7f4b51582000 r--p 0000a000 08:06 6688645                    /usr/lib/x86_64-linux-gnu/libnss_files-2.31.so
7f4b51582000-7f4b51583000 r--p 0000b000 08:06 6688645                    /usr/lib/x86_64-linux-gnu/libnss_files-2.31.so
7f4b51583000-7f4b51584000 rw-p 0000c000 08:06 6688645                    /usr/lib/x86_64-linux-gnu/libnss_files-2.31.so
7f4b51584000-7f4b5158a000 rw-p 00000000 00:00 0 
7f4b5158c000-7f4b5158e000 r--p 00000000 08:06 6819729                    /usr/lib/jvm/java-11-openjdk-amd64/lib/libzip.so
7f4b5158e000-7f4b51592000 r-xp 00002000 08:06 6819729                    /usr/lib/jvm/java-11-openjdk-amd64/lib/libzip.so
7f4b51592000-7f4b51594000 r--p 00006000 08:06 6819729                    /usr/lib/jvm/java-11-openjdk-amd64/lib/libzip.so
7f4b51594000-7f4b51595000 r--p 00007000 08:06 6819729                    /usr/lib/jvm/java-11-openjdk-amd64/lib/libzip.so
7f4b51595000-7f4b51596000 rw-p 00008000 08:06 6819729                    /usr/lib/jvm/java-11-openjdk-amd64/lib/libzip.so
7f4b51596000-7f4b5159e000 rw-s 00000000 08:06 5901038                    /tmp/hsperfdata_gabriel/44691
7f4b5159e000-7f4b515a0000 r--p 00000000 08:06 6819704                    /usr/lib/jvm/java-11-openjdk-amd64/lib/libinstrument.so
7f4b515a0000-7f4b515a6000 r-xp 00002000 08:06 6819704                    /usr/lib/jvm/java-11-openjdk-amd64/lib/libinstrument.so
7f4b515a6000-7f4b515a9000 r--p 00008000 08:06 6819704                    /usr/lib/jvm/java-11-openjdk-amd64/lib/libinstrument.so
7f4b515a9000-7f4b515aa000 r--p 0000a000 08:06 6819704                    /usr/lib/jvm/java-11-openjdk-amd64/lib/libinstrument.so
7f4b515aa000-7f4b515ab000 rw-p 0000b000 08:06 6819704                    /usr/lib/jvm/java-11-openjdk-amd64/lib/libinstrument.so
7f4b515ab000-7f4b515ad000 r--p 00000000 08:06 6819711                    /usr/lib/jvm/java-11-openjdk-amd64/lib/libjdwp.so
7f4b515ad000-7f4b515d9000 r-xp 00002000 08:06 6819711                    /usr/lib/jvm/java-11-openjdk-amd64/lib/libjdwp.so
7f4b515d9000-7f4b515e7000 r--p 0002e000 08:06 6819711                    /usr/lib/jvm/java-11-openjdk-amd64/lib/libjdwp.so
7f4b515e7000-7f4b515e8000 r--p 0003b000 08:06 6819711                    /usr/lib/jvm/java-11-openjdk-amd64/lib/libjdwp.so
7f4b515e8000-7f4b515e9000 rw-p 0003c000 08:06 6819711                    /usr/lib/jvm/java-11-openjdk-amd64/lib/libjdwp.so
7f4b515e9000-7f4b515eb000 r--p 00000000 08:06 6819712                    /usr/lib/jvm/java-11-openjdk-amd64/lib/libjimage.so
7f4b515eb000-7f4b515ee000 r-xp 00002000 08:06 6819712                    /usr/lib/jvm/java-11-openjdk-amd64/lib/libjimage.so
7f4b515ee000-7f4b515ef000 r--p 00005000 08:06 6819712                    /usr/lib/jvm/java-11-openjdk-amd64/lib/libjimage.so
7f4b515ef000-7f4b515f0000 ---p 00006000 08:06 6819712                    /usr/lib/jvm/java-11-openjdk-amd64/lib/libjimage.so
7f4b515f0000-7f4b515f1000 r--p 00006000 08:06 6819712                    /usr/lib/jvm/java-11-openjdk-amd64/lib/libjimage.so
7f4b515f1000-7f4b515f2000 rw-p 00007000 08:06 6819712                    /usr/lib/jvm/java-11-openjdk-amd64/lib/libjimage.so
7f4b515f2000-7f4b51600000 r--p 00000000 08:06 6819709                    /usr/lib/jvm/java-11-openjdk-amd64/lib/libjava.so
7f4b51600000-7f4b51616000 r-xp 0000e000 08:06 6819709                    /usr/lib/jvm/java-11-openjdk-amd64/lib/libjava.so
7f4b51616000-7f4b5161d000 r--p 00024000 08:06 6819709                    /usr/lib/jvm/java-11-openjdk-amd64/lib/libjava.so
7f4b5161d000-7f4b5161e000 r--p 0002a000 08:06 6819709                    /usr/lib/jvm/java-11-openjdk-amd64/lib/libjava.so
7f4b5161e000-7f4b5161f000 rw-p 0002b000 08:06 6819709                    /usr/lib/jvm/java-11-openjdk-amd64/lib/libjava.so
7f4b5161f000-7f4b51620000 rw-p 00000000 00:00 0 
7f4b51620000-7f4b51623000 r--p 00000000 08:06 6688652                    /usr/lib/x86_64-linux-gnu/librt-2.31.so
7f4b51623000-7f4b51627000 r-xp 00003000 08:06 6688652                    /usr/lib/x86_64-linux-gnu/librt-2.31.so
7f4b51627000-7f4b51628000 r--p 00007000 08:06 6688652                    /usr/lib/x86_64-linux-gnu/librt-2.31.so
7f4b51628000-7f4b51629000 ---p 00008000 08:06 6688652                    /usr/lib/x86_64-linux-gnu/librt-2.31.so
7f4b51629000-7f4b5162a000 r--p 00008000 08:06 6688652                    /usr/lib/x86_64-linux-gnu/librt-2.31.so
7f4b5162a000-7f4b5162b000 rw-p 00009000 08:06 6688652                    /usr/lib/x86_64-linux-gnu/librt-2.31.so
7f4b5162b000-7f4b5162f000 ---p 00000000 00:00 0 
7f4b5162f000-7f4b5172c000 rw-p 00000000 00:00 0 
7f4b5172c000-7f4b5172f000 r--p 00000000 08:06 6692391                    /usr/lib/x86_64-linux-gnu/libgcc_s.so.1
7f4b5172f000-7f4b51741000 r-xp 00003000 08:06 6692391                    /usr/lib/x86_64-linux-gnu/libgcc_s.so.1
7f4b51741000-7f4b51745000 r--p 00015000 08:06 6692391                    /usr/lib/x86_64-linux-gnu/libgcc_s.so.1
7f4b51745000-7f4b51746000 r--p 00018000 08:06 6692391                    /usr/lib/x86_64-linux-gnu/libgcc_s.so.1
7f4b51746000-7f4b51747000 rw-p 00019000 08:06 6692391                    /usr/lib/x86_64-linux-gnu/libgcc_s.so.1
7f4b51747000-7f4b51756000 r--p 00000000 08:06 6688639                    /usr/lib/x86_64-linux-gnu/libm-2.31.so
7f4b51756000-7f4b517fd000 r-xp 0000f000 08:06 6688639                    /usr/lib/x86_64-linux-gnu/libm-2.31.so
7f4b517fd000-7f4b51894000 r--p 000b6000 08:06 6688639                    /usr/lib/x86_64-linux-gnu/libm-2.31.so
7f4b51894000-7f4b51895000 r--p 0014c000 08:06 6688639                    /usr/lib/x86_64-linux-gnu/libm-2.31.so
7f4b51895000-7f4b51896000 rw-p 0014d000 08:06 6688639                    /usr/lib/x86_64-linux-gnu/libm-2.31.so
7f4b51896000-7f4b5192c000 r--p 00000000 08:06 6693207                    /usr/lib/x86_64-linux-gnu/libstdc++.so.6.0.28
7f4b5192c000-7f4b51a1c000 r-xp 00096000 08:06 6693207                    /usr/lib/x86_64-linux-gnu/libstdc++.so.6.0.28
7f4b51a1c000-7f4b51a65000 r--p 00186000 08:06 6693207                    /usr/lib/x86_64-linux-gnu/libstdc++.so.6.0.28
7f4b51a65000-7f4b51a66000 ---p 001cf000 08:06 6693207                    /usr/lib/x86_64-linux-gnu/libstdc++.so.6.0.28
7f4b51a66000-7f4b51a71000 r--p 001cf000 08:06 6693207                    /usr/lib/x86_64-linux-gnu/libstdc++.so.6.0.28
7f4b51a71000-7f4b51a74000 rw-p 001da000 08:06 6693207                    /usr/lib/x86_64-linux-gnu/libstdc++.so.6.0.28
7f4b51a74000-7f4b51a77000 rw-p 00000000 00:00 0 
7f4b51a77000-7f4b51cf8000 r--p 00000000 08:06 6819733                    /usr/lib/jvm/java-11-openjdk-amd64/lib/server/libjvm.so
7f4b51cf8000-7f4b52978000 r-xp 00281000 08:06 6819733                    /usr/lib/jvm/java-11-openjdk-amd64/lib/server/libjvm.so
7f4b52978000-7f4b52bd3000 r--p 00f01000 08:06 6819733                    /usr/lib/jvm/java-11-openjdk-amd64/lib/server/libjvm.so
7f4b52bd3000-7f4b52c97000 r--p 0115b000 08:06 6819733                    /usr/lib/jvm/java-11-openjdk-amd64/lib/server/libjvm.so
7f4b52c97000-7f4b52cd2000 rw-p 0121f000 08:06 6819733                    /usr/lib/jvm/java-11-openjdk-amd64/lib/server/libjvm.so
7f4b52cd2000-7f4b52d2b000 rw-p 00000000 00:00 0 
7f4b52d2b000-7f4b52d32000 r--p 00000000 08:06 6688650                    /usr/lib/x86_64-linux-gnu/libpthread-2.31.so
7f4b52d32000-7f4b52d43000 r-xp 00007000 08:06 6688650                    /usr/lib/x86_64-linux-gnu/libpthread-2.31.so
7f4b52d43000-7f4b52d48000 r--p 00018000 08:06 6688650                    /usr/lib/x86_64-linux-gnu/libpthread-2.31.so
7f4b52d48000-7f4b52d49000 r--p 0001c000 08:06 6688650                    /usr/lib/x86_64-linux-gnu/libpthread-2.31.so
7f4b52d49000-7f4b52d4a000 rw-p 0001d000 08:06 6688650                    /usr/lib/x86_64-linux-gnu/libpthread-2.31.so
7f4b52d4a000-7f4b52d4e000 rw-p 00000000 00:00 0 
7f4b52d4e000-7f4b52d4f000 r--p 00000000 08:06 6688638                    /usr/lib/x86_64-linux-gnu/libdl-2.31.so
7f4b52d4f000-7f4b52d51000 r-xp 00001000 08:06 6688638                    /usr/lib/x86_64-linux-gnu/libdl-2.31.so
7f4b52d51000-7f4b52d52000 r--p 00003000 08:06 6688638                    /usr/lib/x86_64-linux-gnu/libdl-2.31.so
7f4b52d52000-7f4b52d53000 r--p 00003000 08:06 6688638                    /usr/lib/x86_64-linux-gnu/libdl-2.31.so
7f4b52d53000-7f4b52d54000 rw-p 00004000 08:06 6688638                    /usr/lib/x86_64-linux-gnu/libdl-2.31.so
7f4b52d54000-7f4b52d56000 r--p 00000000 08:06 6693484                    /usr/lib/x86_64-linux-gnu/libz.so.1.2.11
7f4b52d56000-7f4b52d67000 r-xp 00002000 08:06 6693484                    /usr/lib/x86_64-linux-gnu/libz.so.1.2.11
7f4b52d67000-7f4b52d6d000 r--p 00013000 08:06 6693484                    /usr/lib/x86_64-linux-gnu/libz.so.1.2.11
7f4b52d6d000-7f4b52d6e000 ---p 00019000 08:06 6693484                    /usr/lib/x86_64-linux-gnu/libz.so.1.2.11
7f4b52d6e000-7f4b52d6f000 r--p 00019000 08:06 6693484                    /usr/lib/x86_64-linux-gnu/libz.so.1.2.11
7f4b52d6f000-7f4b52d70000 rw-p 0001a000 08:06 6693484                    /usr/lib/x86_64-linux-gnu/libz.so.1.2.11
7f4b52d70000-7f4b52d95000 r--p 00000000 08:06 6688637                    /usr/lib/x86_64-linux-gnu/libc-2.31.so
7f4b52d95000-7f4b52f0d000 r-xp 00025000 08:06 6688637                    /usr/lib/x86_64-linux-gnu/libc-2.31.so
7f4b52f0d000-7f4b52f57000 r--p 0019d000 08:06 6688637                    /usr/lib/x86_64-linux-gnu/libc-2.31.so
7f4b52f57000-7f4b52f58000 ---p 001e7000 08:06 6688637                    /usr/lib/x86_64-linux-gnu/libc-2.31.so
7f4b52f58000-7f4b52f5b000 r--p 001e7000 08:06 6688637                    /usr/lib/x86_64-linux-gnu/libc-2.31.so
7f4b52f5b000-7f4b52f5e000 rw-p 001ea000 08:06 6688637                    /usr/lib/x86_64-linux-gnu/libc-2.31.so
7f4b52f5e000-7f4b52f62000 rw-p 00000000 00:00 0 
7f4b52f62000-7f4b52f63000 ---p 00000000 00:00 0 
7f4b52f63000-7f4b52f64000 r--p 00000000 00:00 0 
7f4b52f64000-7f4b52f69000 r--p 00000000 08:06 6819728                    /usr/lib/jvm/java-11-openjdk-amd64/lib/libverify.so
7f4b52f69000-7f4b52f70000 r-xp 00005000 08:06 6819728                    /usr/lib/jvm/java-11-openjdk-amd64/lib/libverify.so
7f4b52f70000-7f4b52f72000 r--p 0000c000 08:06 6819728                    /usr/lib/jvm/java-11-openjdk-amd64/lib/libverify.so
7f4b52f72000-7f4b52f73000 ---p 0000e000 08:06 6819728                    /usr/lib/jvm/java-11-openjdk-amd64/lib/libverify.so
7f4b52f73000-7f4b52f75000 r--p 0000e000 08:06 6819728                    /usr/lib/jvm/java-11-openjdk-amd64/lib/libverify.so
7f4b52f75000-7f4b52f76000 rw-p 00010000 08:06 6819728                    /usr/lib/jvm/java-11-openjdk-amd64/lib/libverify.so
7f4b52f76000-7f4b52f79000 r--p 00000000 08:06 6819694                    /usr/lib/jvm/java-11-openjdk-amd64/lib/jli/libjli.so
7f4b52f79000-7f4b52f83000 r-xp 00003000 08:06 6819694                    /usr/lib/jvm/java-11-openjdk-amd64/lib/jli/libjli.so
7f4b52f83000-7f4b52f86000 r--p 0000d000 08:06 6819694                    /usr/lib/jvm/java-11-openjdk-amd64/lib/jli/libjli.so
7f4b52f86000-7f4b52f87000 ---p 00010000 08:06 6819694                    /usr/lib/jvm/java-11-openjdk-amd64/lib/jli/libjli.so
7f4b52f87000-7f4b52f88000 r--p 00010000 08:06 6819694                    /usr/lib/jvm/java-11-openjdk-amd64/lib/jli/libjli.so
7f4b52f88000-7f4b52f89000 rw-p 00011000 08:06 6819694                    /usr/lib/jvm/java-11-openjdk-amd64/lib/jli/libjli.so
7f4b52f89000-7f4b52f8b000 rw-p 00000000 00:00 0 
7f4b52f8b000-7f4b52f8c000 r--p 00000000 08:06 6688576                    /usr/lib/x86_64-linux-gnu/ld-2.31.so
7f4b52f8c000-7f4b52faf000 r-xp 00001000 08:06 6688576                    /usr/lib/x86_64-linux-gnu/ld-2.31.so
7f4b52faf000-7f4b52fb7000 r--p 00024000 08:06 6688576                    /usr/lib/x86_64-linux-gnu/ld-2.31.so
7f4b52fb8000-7f4b52fb9000 r--p 0002c000 08:06 6688576                    /usr/lib/x86_64-linux-gnu/ld-2.31.so
7f4b52fb9000-7f4b52fba000 rw-p 0002d000 08:06 6688576                    /usr/lib/x86_64-linux-gnu/ld-2.31.so
7f4b52fba000-7f4b52fbb000 rw-p 00000000 00:00 0 
7ffe34afe000-7ffe34b21000 rw-p 00000000 00:00 0                          [stack]
7ffe34b84000-7ffe34b87000 r--p 00000000 00:00 0                          [vvar]
7ffe34b87000-7ffe34b88000 r-xp 00000000 00:00 0                          [vdso]
ffffffffff600000-ffffffffff601000 --xp 00000000 00:00 0                  [vsyscall]


VM Arguments:
jvm_args: -agentlib:jdwp=transport=dt_socket,suspend=y,address=localhost:44707 -javaagent:/home/gabriel/eclipse/java-2021-12/eclipse/configuration/org.eclipse.osgi/219/0/.cp/lib/javaagent-shaded.jar -Dfile.encoding=UTF-8 
java_command: com.br.example.prj.biblioteca.ProjetoBibliotecaApplication
java_class_path (initial): /home/gabriel/Downloads/prj-integrador/target/classes:/home/gabriel/.m2/repository/org/springframework/boot/spring-boot-starter-data-jpa/2.5.4/spring-boot-starter-data-jpa-2.5.4.jar:/home/gabriel/.m2/repository/org/springframework/boot/spring-boot-starter-aop/2.5.4/spring-boot-starter-aop-2.5.4.jar:/home/gabriel/.m2/repository/org/aspectj/aspectjweaver/1.9.7/aspectjweaver-1.9.7.jar:/home/gabriel/.m2/repository/org/springframework/boot/spring-boot-starter-jdbc/2.5.4/spring-boot-starter-jdbc-2.5.4.jar:/home/gabriel/.m2/repository/com/zaxxer/HikariCP/4.0.3/HikariCP-4.0.3.jar:/home/gabriel/.m2/repository/org/springframework/spring-jdbc/5.3.9/spring-jdbc-5.3.9.jar:/home/gabriel/.m2/repository/jakarta/transaction/jakarta.transaction-api/1.3.3/jakarta.transaction-api-1.3.3.jar:/home/gabriel/.m2/repository/jakarta/persistence/jakarta.persistence-api/2.2.3/jakarta.persistence-api-2.2.3.jar:/home/gabriel/.m2/repository/org/hibernate/hibernate-core/5.4.32.Final/hibernate-core-5.4.32.Final.jar:/home/gabriel/.m2/repository/org/jboss/logging/jboss-logging/3.4.2.Final/jboss-logging-3.4.2.Final.jar:/home/gabriel/.m2/repository/org/javassist/javassist/3.27.0-GA/javassist-3.27.0-GA.jar:/home/gabriel/.m2/repository/net/bytebuddy/byte-buddy/1.10.22/byte-buddy-1.10.22.jar:/home/gabriel/.m2/repository/antlr/antlr/2.7.7/antlr-2.7.7.jar:/home/gabriel/.m2/repository/org/jboss/jandex/2.2.3.Final/jandex-2.2.3.Final.jar:/home/gabriel/.m2/repository/com/fasterxml/classmate/1.5.1/classmate-1.5.1.jar:/home/gabriel/.m2/repository/org/dom4j/dom4j/2.1.3/dom4j-2.1.3.jar:/home/gabriel/.m2/repository/org/hibernate/common/hibernate-commons-annotations/5.1.2.Final/hibernate-commons-annotations-5.1.2.Final.jar:/home/gabriel/.m2/repository/org/glassfish/jaxb/jaxb-runtime/2.3.5/jaxb-runtime-2.3.5.jar:/home/gabriel/.m2/repository/org/glassfish/jaxb/txw2/2.3.5/txw2-2.3.5.jar:/home/gabriel/.m2/repository/com/sun/istack/istack-commons-runtime/3.0.12/istack-commons-runtime-3.0.12.jar
Launcher Type: SUN_STANDARD

[Global flags]
     intx CICompilerCount                          = 3                                         {product} {ergonomic}
     uint ConcGCThreads                            = 1                                         {product} {ergonomic}
     uint G1ConcRefinementThreads                  = 4                                         {product} {ergonomic}
   size_t G1HeapRegionSize                         = 1048576                                   {product} {ergonomic}
    uintx GCDrainStackTargetSize                   = 64                                        {product} {ergonomic}
   size_t InitialHeapSize                          = 62914560                                  {product} {ergonomic}
   size_t MarkStackSize                            = 4194304                                   {product} {ergonomic}
   size_t MaxHeapSize                              = 979369984                                 {product} {ergonomic}
   size_t MaxNewSize                               = 587202560                                 {product} {ergonomic}
   size_t MinHeapDeltaBytes                        = 1048576                                   {product} {ergonomic}
    uintx NonNMethodCodeHeapSize                   = 5830732                                {pd product} {ergonomic}
    uintx NonProfiledCodeHeapSize                  = 122913754                              {pd product} {ergonomic}
    uintx ProfiledCodeHeapSize                     = 122913754                              {pd product} {ergonomic}
    uintx ReservedCodeCacheSize                    = 251658240                              {pd product} {ergonomic}
     bool SegmentedCodeCache                       = true                                      {product} {ergonomic}
     bool UseCompressedClassPointers               = true                                 {lp64_product} {ergonomic}
     bool UseCompressedOops                        = true                                 {lp64_product} {ergonomic}
     bool UseG1GC                                  = true                                      {product} {ergonomic}

Logging:
Log output configuration:
 #0: stdout all=warning uptime,level,tags
 #1: stderr all=off uptime,level,tags

Environment Variables:
PATH=/usr/local/sbin:/usr/local/bin:/usr/sbin:/usr/bin:/sbin:/bin:/usr/games:/usr/local/games:/snap/bin
SHELL=/bin/bash
DISPLAY=:0
LANG=pt_BR.UTF-8

Signal Handlers:
SIGSEGV: [libjvm.so+0xe8e8d0], sa_mask[0]=11111111011111111101111111111110, sa_flags=SA_RESTART|SA_SIGINFO
SIGBUS: [libjvm.so+0xe8e8d0], sa_mask[0]=11111111011111111101111111111110, sa_flags=SA_RESTART|SA_SIGINFO
SIGFPE: [libjvm.so+0xe8e8d0], sa_mask[0]=11111111011111111101111111111110, sa_flags=SA_RESTART|SA_SIGINFO
SIGPIPE: [libjvm.so+0xbd6910], sa_mask[0]=11111111011111111101111111111110, sa_flags=SA_RESTART|SA_SIGINFO
SIGXFSZ: [libjvm.so+0xbd6910], sa_mask[0]=11111111011111111101111111111110, sa_flags=SA_RESTART|SA_SIGINFO
SIGILL: [libjvm.so+0xe8e8d0], sa_mask[0]=11111111011111111101111111111110, sa_flags=SA_RESTART|SA_SIGINFO
SIGUSR2: [libjvm.so+0xbd67b0], sa_mask[0]=00100000000000000000000000000000, sa_flags=SA_RESTART|SA_SIGINFO
SIGHUP: [libjvm.so+0xbd6c50], sa_mask[0]=11111111011111111101111111111110, sa_flags=SA_RESTART|SA_SIGINFO
SIGINT: [libjvm.so+0xbd6c50], sa_mask[0]=11111111011111111101111111111110, sa_flags=SA_RESTART|SA_SIGINFO
SIGTERM: [libjvm.so+0xbd6c50], sa_mask[0]=11111111011111111101111111111110, sa_flags=SA_RESTART|SA_SIGINFO
SIGQUIT: [libjvm.so+0xbd6c50], sa_mask[0]=11111111011111111101111111111110, sa_flags=SA_RESTART|SA_SIGINFO


---------------  S Y S T E M  ---------------

OS:DISTRIB_ID=LinuxMint
DISTRIB_RELEASE=20.1
DISTRIB_CODENAME=ulyssa
DISTRIB_DESCRIPTION="Linux Mint 20.1 Ulyssa"
uname:Linux 5.4.0-58-generic #64-Ubuntu SMP Wed Dec 9 08:16:25 UTC 2020 x86_64
OS uptime: 2 days 4:07 hours
libc:glibc 2.31 NPTL 2.31 
rlimit (soft/hard): STACK 8192k/infinity , CORE 0k/infinity , NPROC 14583/14583 , NOFILE 1048576/1048576 , AS infinity/infinity , CPU infinity/infinity , DATA infinity/infinity , FSIZE infinity/infinity , MEMLOCK 65536k/65536k
load average:3,04 6,25 5,43

/proc/meminfo:
MemTotal:        3825272 kB
MemFree:          131064 kB
MemAvailable:     583380 kB
Buffers:           87364 kB
Cached:           852848 kB
SwapCached:       430632 kB
Active:          2212548 kB
Inactive:        1087652 kB
Active(anon):    1889792 kB
Inactive(anon):   804244 kB
Active(file):     322756 kB
Inactive(file):   283408 kB
Unevictable:       36760 kB
Mlocked:             160 kB
SwapTotal:       8388604 kB
SwapFree:        5203440 kB
Dirty:               308 kB
Writeback:             0 kB
AnonPages:       2351288 kB
Mapped:           500812 kB
Shmem:            335032 kB
KReclaimable:      95476 kB
Slab:             239060 kB
SReclaimable:      95476 kB
SUnreclaim:       143584 kB
KernelStack:       17440 kB
PageTables:        50380 kB
NFS_Unstable:          0 kB
Bounce:                0 kB
WritebackTmp:          0 kB
CommitLimit:    10301240 kB
Committed_AS:   14751588 kB
VmallocTotal:   34359738367 kB
VmallocUsed:       34592 kB
VmallocChunk:          0 kB
Percpu:             6976 kB
HardwareCorrupted:     0 kB
AnonHugePages:         0 kB
ShmemHugePages:        0 kB
ShmemPmdMapped:        0 kB
FileHugePages:         0 kB
FilePmdMapped:         0 kB
CmaTotal:              0 kB
CmaFree:               0 kB
HugePages_Total:       0
HugePages_Free:        0
HugePages_Rsvd:        0
HugePages_Surp:        0
Hugepagesize:       2048 kB
Hugetlb:               0 kB
DirectMap4k:      436976 kB
DirectMap2M:     3551232 kB

/sys/kernel/mm/transparent_hugepage/enabled:
always [madvise] never
/sys/kernel/mm/transparent_hugepage/defrag (defrag/compaction efforts parameter):
always defer defer+madvise [madvise] never

Process Memory:
Virtual Size: 4578800K (peak: 12348036K)
Resident Set Size: 177800K (peak: 304592K) (anon: 161684K, file: 16116K, shmem: 0K)
Swapped out: 125684K
