#
# A fatal error has been detected by the Java Runtime Environment:
#
#  SIGSEGV (0xb) at pc=0x00007f193e0b40ad, pid=55476, tid=55496
#
# JRE version: OpenJDK Runtime Environment (11.0.13+8) (build 11.0.13+8-Ubuntu-0ubuntu1.20.04)
# Java VM: OpenJDK 64-Bit Server VM (11.0.13+8-Ubuntu-0ubuntu1.20.04, mixed mode, sharing, tiered, compressed oops, g1 gc, linux-amd64)
# Problematic frame:
# C  [libjimage.so+0x30ad]
#
# Core dump will be written. Default location: Core dumps may be processed with "/lib/systemd/systemd-coredump %P %u %g %s %t 9223372036854775808 %h" (or dumping to /home/gabriel/Downloads/prj-integrador/core.55476)
#
# If you would like to submit a bug report, please visit:
#   https://bugs.launchpad.net/ubuntu/+source/openjdk-lts
#

---------------  S U M M A R Y ------------

Command Line: -agentlib:jdwp=transport=dt_socket,suspend=y,address=localhost:43607 -javaagent:/home/gabriel/eclipse/java-2021-12/eclipse/configuration/org.eclipse.osgi/219/0/.cp/lib/javaagent-shaded.jar -Dfile.encoding=UTF-8 com.br.example.prj.biblioteca.ProjetoBibliotecaApplication

Host: Intel(R) Core(TM) i5 CPU       M 460  @ 2.53GHz, 4 cores, 3G, Linux Mint 20.1 Ulyssa
Time: Thu Mar 10 18:25:06 2022 -03 elapsed time: 444.373011 seconds (0d 0h 7m 24s)

---------------  T H R E A D  ---------------

Current thread (0x00007f1938136000):  JavaThread "Signal Dispatcher" daemon [_thread_in_vm, id=55496, stack(0x00007f192006d000,0x00007f192016e000)]

Stack: [0x00007f192006d000,0x00007f192016e000],  sp=0x00007f192016b200,  free space=1016k
Native frames: (J=compiled Java code, A=aot compiled Java code, j=interpreted, Vv=VM code, C=native code)
C  [libjimage.so+0x30ad]
C  [libjimage.so+0x3ca2]
C  [libjimage.so+0x4191]  JIMAGE_FindResource+0xf1
V  [libjvm.so+0x5b8c41]
V  [libjvm.so+0x5bb261]
V  [libjvm.so+0xdee4ed]
V  [libjvm.so+0xded08a]
V  [libjvm.so+0xdef63b]
V  [libjvm.so+0x66b15e]
V  [libjvm.so+0x85b166]
j  jdk.internal.misc.Signal.dispatch(I)V+25 java.base@11.0.13
v  ~StubRoutines::call_stub
V  [libjvm.so+0x863bf4]
V  [libjvm.so+0x862c32]
V  [libjvm.so+0xbce34e]
V  [libjvm.so+0xe24e0f]
V  [libjvm.so+0xe21850]
V  [libjvm.so+0xbe0406]

Java frames: (J=compiled Java code, j=interpreted, Vv=VM code)
j  jdk.internal.misc.Signal.dispatch(I)V+25 java.base@11.0.13
v  ~StubRoutines::call_stub

siginfo: si_signo: 11 (SIGSEGV), si_code: 1 (SEGV_MAPERR), si_addr: 0x00007f192f86eb9c

Register to memory mapping:

RAX=0x0000000000006ee0 is an unknown value
RBX=0x00007f192016b2b1 is pointing into the stack for thread: 0x00007f1938136000
RCX=0x00007f192016b2d3 is pointing into the stack for thread: 0x00007f1938136000
RDX=0x0000000000006ee0 is an unknown value
RSP=0x00007f192016b200 is pointing into the stack for thread: 0x00007f1938136000
RBP=0x00007f192016b220 is pointing into the stack for thread: 0x00007f1938136000
RSI=0x0 is NULL
RDI=0x00007f193e0b9030: <offset 0x0000000000008030> in /usr/lib/jvm/java-11-openjdk-amd64/lib/libjimage.so at 0x00007f193e0b1000
R8 =0x00007f192f85301c is an unknown value
R9 =0x00007f192016c0c0 is pointing into the stack for thread: 0x00007f1938136000
R10=0x00007f193f486fe0: <offset 0x0000000000f47fe0> in /usr/lib/jvm/java-11-openjdk-amd64/lib/server/libjvm.so at 0x00007f193e53f000
R11=0x00007f193f9ea210: <offset 0x00000000001b2210> in /lib/x86_64-linux-gnu/libc.so.6 at 0x00007f193f838000
R12=0x0000000000008457 is an unknown value
R13=0x00007f192016b2b0 is pointing into the stack for thread: 0x00007f1938136000
R14=0x0 is NULL
R15=0x00007f1938136ce0 points into unknown readable memory: 0x65746e692f6b646a | 6a 64 6b 2f 69 6e 74 65


Registers:
RAX=0x0000000000006ee0, RBX=0x00007f192016b2b1, RCX=0x00007f192016b2d3, RDX=0x0000000000006ee0
RSP=0x00007f192016b200, RBP=0x00007f192016b220, RSI=0x0000000000000000, RDI=0x00007f193e0b9030
R8 =0x00007f192f85301c, R9 =0x00007f192016c0c0, R10=0x00007f193f486fe0, R11=0x00007f193f9ea210
R12=0x0000000000008457, R13=0x00007f192016b2b0, R14=0x0000000000000000, R15=0x00007f1938136ce0
RIP=0x00007f193e0b40ad, EFLAGS=0x0000000000010246, CSGSFS=0x002b000000000033, ERR=0x0000000000000004
  TRAPNO=0x000000000000000e

Top of Stack: (sp=0x00007f192016b200)
0x00007f192016b200:   0000000000000000 00007f192016c348
0x00007f192016b210:   00007f1938009be0 00007f192016b2b0
0x00007f192016b220:   00007f192016b290 00007f193e0b4ca2
0x00007f192016b230:   0000000000000000 0000000000000000 

Instructions: (pc=0x00007f193e0b40ad)
0x00007f193e0b3fad:   f3 ff ff 44 03 65 90 e9 3f fe ff ff 0f 1f 80 00
0x00007f193e0b3fbd:   00 00 00 41 8b 10 41 89 55 00 41 8b 54 00 fc 41
0x00007f193e0b3fcd:   89 54 05 fc e9 82 fc ff ff 66 2e 0f 1f 84 00 00
0x00007f193e0b3fdd:   00 00 00 b9 0a 00 00 00 e9 f0 fc ff ff 41 0f b7
0x00007f193e0b3fed:   54 00 fe 66 41 89 54 05 fe e9 5d fc ff ff 0f 1f
0x00007f193e0b3ffd:   44 00 00 f3 0f 1e fa 0f b6 17 89 f0 89 f1 4c 8d
0x00007f193e0b400d:   47 01 84 d2 74 1c 0f 1f 44 00 00 69 c9 93 01 00
0x00007f193e0b401d:   01 49 83 c0 01 31 d1 41 0f b6 50 ff 84 d2 75 eb
0x00007f193e0b402d:   89 c8 25 ff ff ff 7f c3 90 66 2e 0f 1f 84 00 00
0x00007f193e0b403d:   00 00 00 f3 0f 1e fa 48 85 d2 0f 84 da 00 00 00
0x00007f193e0b404d:   55 48 89 e5 41 55 41 54 41 89 cc 53 48 83 ec 08
0x00007f193e0b405d:   85 c9 0f 84 ba 00 00 00 49 89 f5 48 8d 5e 01 0f
0x00007f193e0b406d:   b6 36 49 89 d0 40 84 f6 0f 84 9d 00 00 00 48 89
0x00007f193e0b407d:   d9 b8 93 01 00 01 0f 1f 44 00 00 69 d0 93 01 00
0x00007f193e0b408d:   01 48 83 c1 01 40 0f b6 c6 0f b6 71 ff 31 d0 40
0x00007f193e0b409d:   84 f6 75 e7 25 ff ff ff 7f 31 d2 41 f7 f4 89 d0
0x00007f193e0b40ad:   41 8b 34 80 48 8b 07 ff 50 20 85 c0 7f 15 74 62
0x00007f193e0b40bd:   f7 d0 41 89 c0 48 83 c4 08 44 89 c0 5b 41 5c 41
0x00007f193e0b40cd:   5d 5d c3 41 0f b6 4d 00 89 c6 84 c9 74 1b 0f 1f
0x00007f193e0b40dd:   44 00 00 69 f6 93 01 00 01 48 83 c3 01 31 ce 0f
0x00007f193e0b40ed:   b6 4b ff 84 c9 75 ec 89 f0 25 ff ff ff 7f 31 d2
0x00007f193e0b40fd:   48 83 c4 08 41 f7 f4 5b 41 5c 41 5d 5d 41 89 d0
0x00007f193e0b410d:   44 89 c0 c3 0f 1f 80 00 00 00 00 b8 93 01 00 01
0x00007f193e0b411d:   eb 87 41 b8 ff ff ff ff eb 9b 41 83 c8 ff 44 89
0x00007f193e0b412d:   c0 c3 90 f3 0f 1e fa eb 1d 66 2e 0f 1f 84 00 00
0x00007f193e0b413d:   00 00 00 0f b6 16 84 d2 74 13 38 c2 75 15 48 83
0x00007f193e0b414d:   c7 01 48 83 c6 01 0f b6 07 84 c0 75 e6 48 89 f8
0x00007f193e0b415d:   c3 66 90 31 c0 c3 90 66 66 2e 0f 1f 84 00 00 00
0x00007f193e0b416d:   00 00 90 f3 0f 1e fa 48 85 f6 74 51 0f b6 06 84
0x00007f193e0b417d:   c0 74 4a 0f b6 d0 83 e0 07 c1 fa 03 44 8d 50 01
0x00007f193e0b418d:   0f b6 c0 41 89 d1 4c 8d 44 06 02 48 8d 56 01 31
0x00007f193e0b419d:   c0 66 90 0f b6 0a 48 c1 e0 08 48 83 c2 01 48 09 


Stack slot to memory mapping:
stack at sp + 0 slots: 0x0 is NULL
stack at sp + 1 slots: 0x00007f192016c348 is pointing into the stack for thread: 0x00007f1938136000
stack at sp + 2 slots: 0x00007f1938009be0 points into unknown readable memory: 0x00007f18e000c150 | 50 c1 00 e0 18 7f 00 00
stack at sp + 3 slots: 0x00007f192016b2b0 is pointing into the stack for thread: 0x00007f1938136000
stack at sp + 4 slots: 0x00007f192016b290 is pointing into the stack for thread: 0x00007f1938136000
stack at sp + 5 slots: 0x00007f193e0b4ca2: <offset 0x0000000000003ca2> in /usr/lib/jvm/java-11-openjdk-amd64/lib/libjimage.so at 0x00007f193e0b1000
stack at sp + 6 slots: 0x0 is NULL
stack at sp + 7 slots: 0x0 is NULL


---------------  P R O C E S S  ---------------

Threads class SMR info:
_java_thread_list=0x00007f18d8004850, length=22, elements={
0x00007f1938126800, 0x00007f1938130800, 0x00007f1938136000, 0x00007f1938138000,
0x00007f193813a800, 0x00007f193813c800, 0x00007f193813e800, 0x00007f1938154800,
0x00007f193819f000, 0x00007f19381a3800, 0x00007f193927a800, 0x00007f19388f9000,
0x00007f1939b2b000, 0x00007f18b4003000, 0x00007f1939b2e000, 0x00007f1939a15800,
0x00007f1939999800, 0x00007f193801a000, 0x00007f18b0005000, 0x00007f18b0006800,
0x00007f18b0008000, 0x00007f18b000a800
}

Java Threads: ( => current thread )
  0x00007f1938126800 JavaThread "Reference Handler" daemon [_thread_blocked, id=55494, stack(0x00007f192026f000,0x00007f1920370000)]
  0x00007f1938130800 JavaThread "Finalizer" daemon [_thread_blocked, id=55495, stack(0x00007f192016e000,0x00007f192026f000)]
=>0x00007f1938136000 JavaThread "Signal Dispatcher" daemon [_thread_in_vm, id=55496, stack(0x00007f192006d000,0x00007f192016e000)]
  0x00007f1938138000 JavaThread "Service Thread" daemon [_thread_blocked, id=55497, stack(0x00007f19182f5000,0x00007f19183f6000)]
  0x00007f193813a800 JavaThread "C2 CompilerThread0" daemon [_thread_blocked, id=55498, stack(0x00007f19181f4000,0x00007f19182f5000)]
  0x00007f193813c800 JavaThread "C1 CompilerThread0" daemon [_thread_blocked, id=55499, stack(0x00007f19180f3000,0x00007f19181f4000)]
  0x00007f193813e800 JavaThread "Sweeper thread" daemon [_thread_blocked, id=55500, stack(0x00007f18ebeff000,0x00007f18ec000000)]
  0x00007f1938154800 JavaThread "Common-Cleaner" daemon [_thread_blocked, id=55501, stack(0x00007f18ebdfe000,0x00007f18ebeff000)]
  0x00007f193819f000 JavaThread "JDWP Transport Listener: dt_socket" daemon [_thread_in_native, id=55503, stack(0x00007f18ebcfd000,0x00007f18ebdfe000)]
  0x00007f19381a3800 JavaThread "JDWP Event Helper Thread" daemon [_thread_blocked, id=55506, stack(0x00007f18ebbfc000,0x00007f18ebcfd000)]
  0x00007f193927a800 JavaThread "mysql-cj-abandoned-connection-cleanup" daemon [_thread_blocked, id=55517, stack(0x00007f18eb5f6000,0x00007f18eb6f7000)]
  0x00007f19388f9000 JavaThread "HikariPool-1 housekeeper" daemon [_thread_blocked, id=55518, stack(0x00007f18e9cf1000,0x00007f18e9df2000)]
  0x00007f1939b2b000 JavaThread "Catalina-utility-1" [_thread_blocked, id=55526, stack(0x00007f18e954b000,0x00007f18e964c000)]
  0x00007f18b4003000 JavaThread "Catalina-utility-2" [_thread_blocked, id=55527, stack(0x00007f18e884a000,0x00007f18e894b000)]
  0x00007f1939b2e000 JavaThread "container-0" [_thread_blocked, id=55528, stack(0x00007f18e8749000,0x00007f18e884a000)]
  0x00007f1939a15800 JavaThread "http-nio-8080-Poller" daemon [_thread_in_native, id=55534, stack(0x00007f18e8248000,0x00007f18e8349000)]
  0x00007f1939999800 JavaThread "http-nio-8080-Acceptor" daemon [_thread_in_native, id=55535, stack(0x00007f18e8147000,0x00007f18e8248000)]
  0x00007f193801a000 JavaThread "DestroyJavaVM" [_thread_blocked, id=55487, stack(0x00007f193e0f3000,0x00007f193e1f4000)]
  0x00007f18b0005000 JavaThread "http-nio-8080-exec-1" daemon [_thread_blocked, id=55825, stack(0x00007f18e8046000,0x00007f18e8147000)]
  0x00007f18b0006800 JavaThread "http-nio-8080-exec-2" daemon [_thread_blocked, id=55842, stack(0x00007f18a3cff000,0x00007f18a3e00000)]
  0x00007f18b0008000 JavaThread "http-nio-8080-exec-3" daemon [_thread_blocked, id=55843, stack(0x00007f18a3bfe000,0x00007f18a3cff000)]
  0x00007f18b000a800 JavaThread "http-nio-8080-exec-4" daemon [_thread_blocked, id=55868, stack(0x00007f18a38fd000,0x00007f18a39fe000)]

Other Threads:
  0x00007f1938123800 VMThread "VM Thread" [stack: 0x00007f1920372000,0x00007f1920472000] [id=55493]
  0x00007f19384e3800 WatcherThread [stack: 0x00007f18eb9fb000,0x00007f18ebafb000] [id=55510]
  0x00007f1938031000 GCTaskThread "GC Thread#0" [stack: 0x00007f193dd5c000,0x00007f193de5c000] [id=55488]
  0x00007f1908001000 GCTaskThread "GC Thread#1" [stack: 0x00007f18eb8f9000,0x00007f18eb9f9000] [id=55511]
  0x00007f1908064000 GCTaskThread "GC Thread#2" [stack: 0x00007f18eb2f6000,0x00007f18eb3f6000] [id=55514]
  0x00007f1908065800 GCTaskThread "GC Thread#3" [stack: 0x00007f18eb1f4000,0x00007f18eb2f4000] [id=55515]
  0x00007f193804b000 ConcurrentGCThread "G1 Main Marker" [stack: 0x00007f193c425000,0x00007f193c525000] [id=55489]
  0x00007f193804d000 ConcurrentGCThread "G1 Conc#0" [stack: 0x00007f193c323000,0x00007f193c423000] [id=55490]
  0x00007f193808f000 ConcurrentGCThread "G1 Refine#0" [stack: 0x00007f1920652000,0x00007f1920752000] [id=55491]
  0x00007f1938090800 ConcurrentGCThread "G1 Young RemSet Sampling" [stack: 0x00007f1920550000,0x00007f1920650000] [id=55492]

Threads with active compile tasks:

VM state:not at safepoint (normal execution)

VM Mutex/Monitor currently owned by a thread: None

Heap address: 0x00000000c5a00000, size: 934 MB, Compressed Oops mode: 32-bit
Narrow klass base: 0x0000000800000000, Narrow klass shift: 3
Compressed class space size: 1073741824 Address: 0x0000000840000000

Heap:
 garbage-first heap   total 110592K, used 47891K [0x00000000c5a00000, 0x0000000100000000)
  region size 1024K, 24 young (24576K), 5 survivors (5120K)
 Metaspace       used 66628K, capacity 68480K, committed 68636K, reserved 1107968K
  class space    used 8477K, capacity 9195K, committed 9292K, reserved 1048576K
Heap Regions: E=young(eden), S=young(survivor), O=old, HS=humongous(starts), HC=humongous(continues), CS=collection set, F=free, A=archive, TAMS=top-at-mark-start (previous, next)
|   0|0x00000000c5a00000, 0x00000000c5b00000, 0x00000000c5b00000|100%|HS|  |TAMS 0x00000000c5b00000, 0x00000000c5a00000| Complete 
|   1|0x00000000c5b00000, 0x00000000c5c00000, 0x00000000c5c00000|100%| O|  |TAMS 0x00000000c5c00000, 0x00000000c5b00000| Untracked 
|   2|0x00000000c5c00000, 0x00000000c5d00000, 0x00000000c5d00000|100%| O|  |TAMS 0x00000000c5d00000, 0x00000000c5c00000| Untracked 
|   3|0x00000000c5d00000, 0x00000000c5e00000, 0x00000000c5e00000|100%| O|  |TAMS 0x00000000c5e00000, 0x00000000c5d00000| Untracked 
|   4|0x00000000c5e00000, 0x00000000c5f00000, 0x00000000c5f00000|100%| O|  |TAMS 0x00000000c5f00000, 0x00000000c5e00000| Untracked 
|   5|0x00000000c5f00000, 0x00000000c6000000, 0x00000000c6000000|100%| O|  |TAMS 0x00000000c6000000, 0x00000000c5f00000| Untracked 
|   6|0x00000000c6000000, 0x00000000c6100000, 0x00000000c6100000|100%| O|  |TAMS 0x00000000c6100000, 0x00000000c6000000| Untracked 
|   7|0x00000000c6100000, 0x00000000c6200000, 0x00000000c6200000|100%| O|  |TAMS 0x00000000c6200000, 0x00000000c6100000| Untracked 
|   8|0x00000000c6200000, 0x00000000c6300000, 0x00000000c6300000|100%| O|  |TAMS 0x00000000c6300000, 0x00000000c6200000| Untracked 
|   9|0x00000000c6300000, 0x00000000c6400000, 0x00000000c6400000|100%| O|  |TAMS 0x00000000c6400000, 0x00000000c6300000| Untracked 
|  10|0x00000000c6400000, 0x00000000c6500000, 0x00000000c6500000|100%| O|  |TAMS 0x00000000c6500000, 0x00000000c6400000| Untracked 
|  11|0x00000000c6500000, 0x00000000c6600000, 0x00000000c6600000|100%| O|  |TAMS 0x00000000c6600000, 0x00000000c6500000| Untracked 
|  12|0x00000000c6600000, 0x00000000c6700000, 0x00000000c6700000|100%| O|  |TAMS 0x00000000c6700000, 0x00000000c6600000| Untracked 
|  13|0x00000000c6700000, 0x00000000c6800000, 0x00000000c6800000|100%| O|  |TAMS 0x00000000c6800000, 0x00000000c6700000| Untracked 
|  14|0x00000000c6800000, 0x00000000c6900000, 0x00000000c6900000|100%| O|  |TAMS 0x00000000c6869c08, 0x00000000c6800000| Untracked 
|  15|0x00000000c6900000, 0x00000000c6a00000, 0x00000000c6a00000|100%| O|  |TAMS 0x00000000c6900000, 0x00000000c6900000| Untracked 
|  16|0x00000000c6a00000, 0x00000000c6b00000, 0x00000000c6b00000|100%| O|  |TAMS 0x00000000c6a00000, 0x00000000c6a00000| Untracked 
|  17|0x00000000c6b00000, 0x00000000c6c00000, 0x00000000c6c00000|100%| O|  |TAMS 0x00000000c6b00000, 0x00000000c6b00000| Untracked 
|  18|0x00000000c6c00000, 0x00000000c6d00000, 0x00000000c6d00000|100%| O|  |TAMS 0x00000000c6c00000, 0x00000000c6c00000| Untracked 
|  19|0x00000000c6d00000, 0x00000000c6e00000, 0x00000000c6e00000|100%| O|  |TAMS 0x00000000c6d00000, 0x00000000c6d00000| Untracked 
|  20|0x00000000c6e00000, 0x00000000c6f00000, 0x00000000c6f00000|100%| O|  |TAMS 0x00000000c6e00000, 0x00000000c6e00000| Untracked 
|  21|0x00000000c6f00000, 0x00000000c7000000, 0x00000000c7000000|100%| O|  |TAMS 0x00000000c6f00000, 0x00000000c6f00000| Untracked 
|  22|0x00000000c7000000, 0x00000000c7100000, 0x00000000c7100000|100%| O|  |TAMS 0x00000000c7000000, 0x00000000c7000000| Untracked 
|  23|0x00000000c7100000, 0x00000000c7112e00, 0x00000000c7200000|  7%| O|  |TAMS 0x00000000c7100000, 0x00000000c7100000| Untracked 
|  24|0x00000000c7200000, 0x00000000c7200000, 0x00000000c7300000|  0%| F|  |TAMS 0x00000000c7200000, 0x00000000c7200000| Untracked 
|  25|0x00000000c7300000, 0x00000000c7300000, 0x00000000c7400000|  0%| F|  |TAMS 0x00000000c7300000, 0x00000000c7300000| Untracked 
|  26|0x00000000c7400000, 0x00000000c7400000, 0x00000000c7500000|  0%| F|  |TAMS 0x00000000c7400000, 0x00000000c7400000| Untracked 
|  27|0x00000000c7500000, 0x00000000c7500000, 0x00000000c7600000|  0%| F|  |TAMS 0x00000000c7500000, 0x00000000c7500000| Untracked 
|  28|0x00000000c7600000, 0x00000000c7600000, 0x00000000c7700000|  0%| F|  |TAMS 0x00000000c7600000, 0x00000000c7600000| Untracked 
|  29|0x00000000c7700000, 0x00000000c7700000, 0x00000000c7800000|  0%| F|  |TAMS 0x00000000c7700000, 0x00000000c7700000| Untracked 
|  30|0x00000000c7800000, 0x00000000c7800000, 0x00000000c7900000|  0%| F|  |TAMS 0x00000000c7800000, 0x00000000c7800000| Untracked 
|  31|0x00000000c7900000, 0x00000000c7900000, 0x00000000c7a00000|  0%| F|  |TAMS 0x00000000c7900000, 0x00000000c7900000| Untracked 
|  32|0x00000000c7a00000, 0x00000000c7a00000, 0x00000000c7b00000|  0%| F|  |TAMS 0x00000000c7a00000, 0x00000000c7a00000| Untracked 
|  33|0x00000000c7b00000, 0x00000000c7b00000, 0x00000000c7c00000|  0%| F|  |TAMS 0x00000000c7b00000, 0x00000000c7b00000| Untracked 
|  34|0x00000000c7c00000, 0x00000000c7c00000, 0x00000000c7d00000|  0%| F|  |TAMS 0x00000000c7c00000, 0x00000000c7c00000| Untracked 
|  35|0x00000000c7d00000, 0x00000000c7d00000, 0x00000000c7e00000|  0%| F|  |TAMS 0x00000000c7d00000, 0x00000000c7d00000| Untracked 
|  36|0x00000000c7e00000, 0x00000000c7e00000, 0x00000000c7f00000|  0%| F|  |TAMS 0x00000000c7e00000, 0x00000000c7e00000| Untracked 
|  37|0x00000000c7f00000, 0x00000000c7f00000, 0x00000000c8000000|  0%| F|  |TAMS 0x00000000c7f00000, 0x00000000c7f00000| Untracked 
|  38|0x00000000c8000000, 0x00000000c8000000, 0x00000000c8100000|  0%| F|  |TAMS 0x00000000c8000000, 0x00000000c8000000| Untracked 
|  39|0x00000000c8100000, 0x00000000c8100000, 0x00000000c8200000|  0%| F|  |TAMS 0x00000000c8100000, 0x00000000c8100000| Untracked 
|  40|0x00000000c8200000, 0x00000000c8200000, 0x00000000c8300000|  0%| F|  |TAMS 0x00000000c8200000, 0x00000000c8200000| Untracked 
|  41|0x00000000c8300000, 0x00000000c8300000, 0x00000000c8400000|  0%| F|  |TAMS 0x00000000c8300000, 0x00000000c8300000| Untracked 
|  42|0x00000000c8400000, 0x00000000c8500000, 0x00000000c8500000|100%| S|CS|TAMS 0x00000000c8400000, 0x00000000c8400000| Complete 
|  43|0x00000000c8500000, 0x00000000c8600000, 0x00000000c8600000|100%| S|CS|TAMS 0x00000000c8500000, 0x00000000c8500000| Complete 
|  44|0x00000000c8600000, 0x00000000c8700000, 0x00000000c8700000|100%| S|CS|TAMS 0x00000000c8600000, 0x00000000c8600000| Complete 
|  45|0x00000000c8700000, 0x00000000c8800000, 0x00000000c8800000|100%| S|CS|TAMS 0x00000000c8700000, 0x00000000c8700000| Complete 
|  46|0x00000000c8800000, 0x00000000c8900000, 0x00000000c8900000|100%| S|CS|TAMS 0x00000000c8800000, 0x00000000c8800000| Complete 
|  47|0x00000000c8900000, 0x00000000c8900000, 0x00000000c8a00000|  0%| F|  |TAMS 0x00000000c8900000, 0x00000000c8900000| Untracked 
|  48|0x00000000c8a00000, 0x00000000c8a00000, 0x00000000c8b00000|  0%| F|  |TAMS 0x00000000c8a00000, 0x00000000c8a00000| Untracked 
|  49|0x00000000c8b00000, 0x00000000c8b00000, 0x00000000c8c00000|  0%| F|  |TAMS 0x00000000c8b00000, 0x00000000c8b00000| Untracked 
|  50|0x00000000c8c00000, 0x00000000c8c00000, 0x00000000c8d00000|  0%| F|  |TAMS 0x00000000c8c00000, 0x00000000c8c00000| Untracked 
|  51|0x00000000c8d00000, 0x00000000c8d00000, 0x00000000c8e00000|  0%| F|  |TAMS 0x00000000c8d00000, 0x00000000c8d00000| Untracked 
|  52|0x00000000c8e00000, 0x00000000c8e00000, 0x00000000c8f00000|  0%| F|  |TAMS 0x00000000c8e00000, 0x00000000c8e00000| Untracked 
|  53|0x00000000c8f00000, 0x00000000c8f00000, 0x00000000c9000000|  0%| F|  |TAMS 0x00000000c8f00000, 0x00000000c8f00000| Untracked 
|  54|0x00000000c9000000, 0x00000000c9000000, 0x00000000c9100000|  0%| F|  |TAMS 0x00000000c9000000, 0x00000000c9000000| Untracked 
|  55|0x00000000c9100000, 0x00000000c9100000, 0x00000000c9200000|  0%| F|  |TAMS 0x00000000c9100000, 0x00000000c9100000| Untracked 
|  56|0x00000000c9200000, 0x00000000c9200000, 0x00000000c9300000|  0%| F|  |TAMS 0x00000000c9200000, 0x00000000c9200000| Untracked 
|  57|0x00000000c9300000, 0x00000000c9300000, 0x00000000c9400000|  0%| F|  |TAMS 0x00000000c9300000, 0x00000000c9300000| Untracked 
|  58|0x00000000c9400000, 0x00000000c9400000, 0x00000000c9500000|  0%| F|  |TAMS 0x00000000c9400000, 0x00000000c9400000| Untracked 
|  59|0x00000000c9500000, 0x00000000c9500000, 0x00000000c9600000|  0%| F|  |TAMS 0x00000000c9500000, 0x00000000c9500000| Untracked 
|  60|0x00000000c9600000, 0x00000000c9600000, 0x00000000c9700000|  0%| F|  |TAMS 0x00000000c9600000, 0x00000000c9600000| Untracked 
|  61|0x00000000c9700000, 0x00000000c9700000, 0x00000000c9800000|  0%| F|  |TAMS 0x00000000c9700000, 0x00000000c9700000| Untracked 
|  62|0x00000000c9800000, 0x00000000c9800000, 0x00000000c9900000|  0%| F|  |TAMS 0x00000000c9800000, 0x00000000c9800000| Untracked 
|  63|0x00000000c9900000, 0x00000000c9900000, 0x00000000c9a00000|  0%| F|  |TAMS 0x00000000c9900000, 0x00000000c9900000| Untracked 
|  64|0x00000000c9a00000, 0x00000000c9a00000, 0x00000000c9b00000|  0%| F|  |TAMS 0x00000000c9a00000, 0x00000000c9a00000| Untracked 
|  65|0x00000000c9b00000, 0x00000000c9b00000, 0x00000000c9c00000|  0%| F|  |TAMS 0x00000000c9b00000, 0x00000000c9b00000| Untracked 
|  66|0x00000000c9c00000, 0x00000000c9c00000, 0x00000000c9d00000|  0%| F|  |TAMS 0x00000000c9c00000, 0x00000000c9c00000| Untracked 
|  67|0x00000000c9d00000, 0x00000000c9d00000, 0x00000000c9e00000|  0%| F|  |TAMS 0x00000000c9d00000, 0x00000000c9d00000| Untracked 
|  68|0x00000000c9e00000, 0x00000000c9e00000, 0x00000000c9f00000|  0%| F|  |TAMS 0x00000000c9e00000, 0x00000000c9e00000| Untracked 
|  69|0x00000000c9f00000, 0x00000000c9f00000, 0x00000000ca000000|  0%| F|  |TAMS 0x00000000c9f00000, 0x00000000c9f00000| Untracked 
|  70|0x00000000ca000000, 0x00000000ca000000, 0x00000000ca100000|  0%| F|  |TAMS 0x00000000ca000000, 0x00000000ca000000| Untracked 
|  71|0x00000000ca100000, 0x00000000ca100000, 0x00000000ca200000|  0%| F|  |TAMS 0x00000000ca100000, 0x00000000ca100000| Untracked 
|  72|0x00000000ca200000, 0x00000000ca200000, 0x00000000ca300000|  0%| F|  |TAMS 0x00000000ca200000, 0x00000000ca200000| Untracked 
|  73|0x00000000ca300000, 0x00000000ca300000, 0x00000000ca400000|  0%| F|  |TAMS 0x00000000ca300000, 0x00000000ca300000| Untracked 
|  74|0x00000000ca400000, 0x00000000ca400000, 0x00000000ca500000|  0%| F|  |TAMS 0x00000000ca400000, 0x00000000ca400000| Untracked 
|  75|0x00000000ca500000, 0x00000000ca500000, 0x00000000ca600000|  0%| F|  |TAMS 0x00000000ca500000, 0x00000000ca500000| Untracked 
|  76|0x00000000ca600000, 0x00000000ca600000, 0x00000000ca700000|  0%| F|  |TAMS 0x00000000ca600000, 0x00000000ca600000| Untracked 
|  77|0x00000000ca700000, 0x00000000ca700000, 0x00000000ca800000|  0%| F|  |TAMS 0x00000000ca700000, 0x00000000ca700000| Untracked 
|  78|0x00000000ca800000, 0x00000000ca800000, 0x00000000ca900000|  0%| F|  |TAMS 0x00000000ca800000, 0x00000000ca800000| Untracked 
|  79|0x00000000ca900000, 0x00000000ca900000, 0x00000000caa00000|  0%| F|  |TAMS 0x00000000ca900000, 0x00000000ca900000| Untracked 
|  80|0x00000000caa00000, 0x00000000caa00000, 0x00000000cab00000|  0%| F|  |TAMS 0x00000000caa00000, 0x00000000caa00000| Untracked 
|  81|0x00000000cab00000, 0x00000000cab00000, 0x00000000cac00000|  0%| F|  |TAMS 0x00000000cab00000, 0x00000000cab00000| Untracked 
|  82|0x00000000cac00000, 0x00000000cac00000, 0x00000000cad00000|  0%| F|  |TAMS 0x00000000cac00000, 0x00000000cac00000| Untracked 
|  83|0x00000000cad00000, 0x00000000cad00000, 0x00000000cae00000|  0%| F|  |TAMS 0x00000000cad00000, 0x00000000cad00000| Untracked 
|  84|0x00000000cae00000, 0x00000000cae00000, 0x00000000caf00000|  0%| F|  |TAMS 0x00000000cae00000, 0x00000000cae00000| Untracked 
|  85|0x00000000caf00000, 0x00000000caf00000, 0x00000000cb000000|  0%| F|  |TAMS 0x00000000caf00000, 0x00000000caf00000| Untracked 
|  86|0x00000000cb000000, 0x00000000cb000000, 0x00000000cb100000|  0%| F|  |TAMS 0x00000000cb000000, 0x00000000cb000000| Untracked 
|  87|0x00000000cb100000, 0x00000000cb192128, 0x00000000cb200000| 57%| E|  |TAMS 0x00000000cb100000, 0x00000000cb100000| Complete 
|  88|0x00000000cb200000, 0x00000000cb300000, 0x00000000cb300000|100%| E|CS|TAMS 0x00000000cb200000, 0x00000000cb200000| Complete 
|  89|0x00000000cb300000, 0x00000000cb400000, 0x00000000cb400000|100%| E|CS|TAMS 0x00000000cb300000, 0x00000000cb300000| Complete 
|  90|0x00000000cb400000, 0x00000000cb500000, 0x00000000cb500000|100%| E|CS|TAMS 0x00000000cb400000, 0x00000000cb400000| Complete 
|  91|0x00000000cb500000, 0x00000000cb600000, 0x00000000cb600000|100%| E|CS|TAMS 0x00000000cb500000, 0x00000000cb500000| Complete 
|  92|0x00000000cb600000, 0x00000000cb700000, 0x00000000cb700000|100%| E|CS|TAMS 0x00000000cb600000, 0x00000000cb600000| Complete 
|  93|0x00000000cb700000, 0x00000000cb800000, 0x00000000cb800000|100%| E|CS|TAMS 0x00000000cb700000, 0x00000000cb700000| Complete 
|  94|0x00000000cb800000, 0x00000000cb900000, 0x00000000cb900000|100%| E|CS|TAMS 0x00000000cb800000, 0x00000000cb800000| Complete 
|  95|0x00000000cb900000, 0x00000000cba00000, 0x00000000cba00000|100%| E|CS|TAMS 0x00000000cb900000, 0x00000000cb900000| Complete 
|  96|0x00000000cba00000, 0x00000000cbb00000, 0x00000000cbb00000|100%| E|CS|TAMS 0x00000000cba00000, 0x00000000cba00000| Complete 
|  97|0x00000000cbb00000, 0x00000000cbc00000, 0x00000000cbc00000|100%| E|CS|TAMS 0x00000000cbb00000, 0x00000000cbb00000| Complete 
|  98|0x00000000cbc00000, 0x00000000cbd00000, 0x00000000cbd00000|100%| E|CS|TAMS 0x00000000cbc00000, 0x00000000cbc00000| Complete 
|  99|0x00000000cbd00000, 0x00000000cbe00000, 0x00000000cbe00000|100%| E|CS|TAMS 0x00000000cbd00000, 0x00000000cbd00000| Complete 
| 100|0x00000000cbe00000, 0x00000000cbf00000, 0x00000000cbf00000|100%| E|CS|TAMS 0x00000000cbe00000, 0x00000000cbe00000| Complete 
| 101|0x00000000cbf00000, 0x00000000cc000000, 0x00000000cc000000|100%| E|CS|TAMS 0x00000000cbf00000, 0x00000000cbf00000| Complete 
| 102|0x00000000cc000000, 0x00000000cc100000, 0x00000000cc100000|100%| E|CS|TAMS 0x00000000cc000000, 0x00000000cc000000| Complete 
| 103|0x00000000cc100000, 0x00000000cc200000, 0x00000000cc200000|100%| E|CS|TAMS 0x00000000cc100000, 0x00000000cc100000| Complete 
| 104|0x00000000cc200000, 0x00000000cc300000, 0x00000000cc300000|100%| E|CS|TAMS 0x00000000cc200000, 0x00000000cc200000| Complete 
| 105|0x00000000cc300000, 0x00000000cc400000, 0x00000000cc400000|100%| E|CS|TAMS 0x00000000cc300000, 0x00000000cc300000| Complete 
| 932|0x00000000ffe00000, 0x00000000ffe47000, 0x00000000fff00000| 27%|OA|  |TAMS 0x00000000ffe47000, 0x00000000ffe00000| Untracked 
| 933|0x00000000fff00000, 0x00000000fff6b000, 0x0000000100000000| 41%|CA|  |TAMS 0x00000000fff6b000, 0x00000000fff00000| Untracked 

Card table byte_map: [0x00007f193d5b0000,0x00007f193d783000] _byte_map_base: 0x00007f193cf83000

Marking Bits (Prev, Next): (CMBitMap*) 0x00007f1938046870, (CMBitMap*) 0x00007f1938046838
 Prev Bits: [0x00007f191b168000, 0x00007f191c000000)
 Next Bits: [0x00007f193c545000, 0x00007f193d3dd000)

Polling page: 0x00007f193fa2a000

Metaspace:

Usage:
  Non-class:     57,90 MB capacity,    56,79 MB ( 98%) used,   902,84 KB (  2%) free+waste,   230,75 KB ( <1%) overhead. 
      Class:      8,98 MB capacity,     8,28 MB ( 92%) used,   611,29 KB (  7%) free+waste,   106,31 KB (  1%) overhead. 
       Both:     66,88 MB capacity,    65,07 MB ( 97%) used,     1,48 MB (  2%) free+waste,   337,06 KB ( <1%) overhead. 

Virtual space:
  Non-class space:       58,00 MB reserved,      57,95 MB (>99%) committed 
      Class space:        1,00 GB reserved,       9,07 MB ( <1%) committed 
             Both:        1,06 GB reserved,      67,03 MB (  6%) committed 

Chunk freelists:
   Non-Class:  3,00 KB
       Class:  21,00 KB
        Both:  24,00 KB

MaxMetaspaceSize: unlimited
CompressedClassSpaceSize: 1,00 GB
Initial GC threshold: 20,80 MB
Current GC threshold: 68,17 MB
CDS: on

CodeHeap 'non-profiled nmethods': size=120032Kb used=4550Kb max_used=4550Kb free=115481Kb
 bounds [0x00007f192831b000, 0x00007f192879b000, 0x00007f192f853000]
CodeHeap 'profiled nmethods': size=120032Kb used=13663Kb max_used=13663Kb free=106368Kb
 bounds [0x00007f1920de3000, 0x00007f1921b43000, 0x00007f192831b000]
CodeHeap 'non-nmethods': size=5696Kb used=1382Kb max_used=1433Kb free=4313Kb
 bounds [0x00007f1920853000, 0x00007f1920ac3000, 0x00007f1920de3000]
 total_blobs=6724 nmethods=6098 adapters=547
 compilation: enabled
              stopped_count=0, restarted_count=0
 full_count=0

Compilation events (20 events):
Event: 353,123 Thread 0x00007f193813c800 6338       3       org.apache.catalina.webresources.Cache$EvictionOrder::compare (13 bytes)
Event: 353,123 Thread 0x00007f193813c800 nmethod 6338 0x00007f1921b35010 code [0x00007f1921b351e0, 0x00007f1921b356b0]
Event: 353,124 Thread 0x00007f193813c800 6339       3       org.apache.catalina.webresources.Cache$EvictionOrder::compare (31 bytes)
Event: 353,124 Thread 0x00007f193813c800 nmethod 6339 0x00007f1921b35810 code [0x00007f1921b359c0, 0x00007f1921b35c10]
Event: 404,783 Thread 0x00007f193813a800 6340       4       sun.net.util.IPAddressUtil::checkHostString (53 bytes)
Event: 404,788 Thread 0x00007f193813a800 nmethod 6340 0x00007f192878be10 code [0x00007f192878bfe0, 0x00007f192878c2e8]
Event: 418,338 Thread 0x00007f193813c800 6345   !   3       sun.nio.ch.EPollSelectorImpl::processUpdateQueue (193 bytes)
Event: 418,340 Thread 0x00007f193813c800 nmethod 6345 0x00007f1921b35d10 code [0x00007f1921b35fc0, 0x00007f1921b36f80]
Event: 418,340 Thread 0x00007f193813c800 6341       3       sun.nio.ch.SelectorImpl::select (35 bytes)
Event: 418,340 Thread 0x00007f193813c800 nmethod 6341 0x00007f1921b37690 code [0x00007f1921b37880, 0x00007f1921b37b90]
Event: 418,340 Thread 0x00007f193813c800 6342   !   3       sun.nio.ch.SelectorImpl::lockAndDoSelect (87 bytes)
Event: 418,341 Thread 0x00007f193813c800 nmethod 6342 0x00007f1921b37c90 code [0x00007f1921b37ee0, 0x00007f1921b388a0]
Event: 418,341 Thread 0x00007f193813c800 6343   !   3       sun.nio.ch.EPollSelectorImpl::doSelect (208 bytes)
Event: 418,342 Thread 0x00007f193813c800 nmethod 6343 0x00007f1921b38d90 code [0x00007f1921b39060, 0x00007f1921b39e80]
Event: 418,342 Thread 0x00007f193813c800 6344       3       java.lang.Math::min (12 bytes)
Event: 418,342 Thread 0x00007f193813c800 nmethod 6344 0x00007f1921b3a490 code [0x00007f1921b3a640, 0x00007f1921b3a770]
Event: 418,619 Thread 0x00007f193813c800 6346       3       java.util.Collections$SetFromMap::iterator (10 bytes)
Event: 418,619 Thread 0x00007f193813c800 nmethod 6346 0x00007f1921b3a810 code [0x00007f1921b3a9c0, 0x00007f1921b3aba0]
Event: 443,126 Thread 0x00007f193813c800 6347       1       java.util.EventObject::getSource (5 bytes)
Event: 443,127 Thread 0x00007f193813c800 nmethod 6347 0x00007f192878c610 code [0x00007f192878c7c0, 0x00007f192878c890]

GC Heap History (20 events):
Event: 14,288 GC heap before
{Heap before GC invocations=14 (full 0):
 garbage-first heap   total 76800K, used 53784K [0x00000000c5a00000, 0x0000000100000000)
  region size 1024K, 43 young (44032K), 5 survivors (5120K)
 Metaspace       used 28904K, capacity 29915K, committed 30080K, reserved 1075200K
  class space    used 3482K, capacity 3888K, committed 3968K, reserved 1048576K
}
Event: 14,302 GC heap after
{Heap after GC invocations=15 (full 0):
 garbage-first heap   total 76800K, used 15976K [0x00000000c5a00000, 0x0000000100000000)
  region size 1024K, 2 young (2048K), 2 survivors (2048K)
 Metaspace       used 28904K, capacity 29915K, committed 30080K, reserved 1075200K
  class space    used 3482K, capacity 3888K, committed 3968K, reserved 1048576K
}
Event: 15,426 GC heap before
{Heap before GC invocations=15 (full 0):
 garbage-first heap   total 76800K, used 56936K [0x00000000c5a00000, 0x0000000100000000)
  region size 1024K, 42 young (43008K), 2 survivors (2048K)
 Metaspace       used 31728K, capacity 32923K, committed 33024K, reserved 1077248K
  class space    used 3848K, capacity 4333K, committed 4352K, reserved 1048576K
}
Event: 15,438 GC heap after
{Heap after GC invocations=16 (full 0):
 garbage-first heap   total 92160K, used 17000K [0x00000000c5a00000, 0x0000000100000000)
  region size 1024K, 3 young (3072K), 3 survivors (3072K)
 Metaspace       used 31728K, capacity 32923K, committed 33024K, reserved 1077248K
  class space    used 3848K, capacity 4333K, committed 4352K, reserved 1048576K
}
Event: 16,435 GC heap before
{Heap before GC invocations=16 (full 0):
 garbage-first heap   total 92160K, used 52840K [0x00000000c5a00000, 0x0000000100000000)
  region size 1024K, 39 young (39936K), 3 survivors (3072K)
 Metaspace       used 34844K, capacity 35993K, committed 36048K, reserved 1081344K
  class space    used 4402K, capacity 4863K, committed 4864K, reserved 1048576K
}
Event: 16,450 GC heap after
{Heap after GC invocations=17 (full 0):
 garbage-first heap   total 92160K, used 17552K [0x00000000c5a00000, 0x0000000100000000)
  region size 1024K, 4 young (4096K), 4 survivors (4096K)
 Metaspace       used 34844K, capacity 35993K, committed 36048K, reserved 1081344K
  class space    used 4402K, capacity 4863K, committed 4864K, reserved 1048576K
}
Event: 18,045 GC heap before
{Heap before GC invocations=18 (full 0):
 garbage-first heap   total 92160K, used 61584K [0x00000000c5a00000, 0x0000000100000000)
  region size 1024K, 47 young (48128K), 4 survivors (4096K)
 Metaspace       used 40167K, capacity 41409K, committed 41628K, reserved 1085440K
  class space    used 5032K, capacity 5532K, committed 5580K, reserved 1048576K
}
Event: 18,067 GC heap after
{Heap after GC invocations=19 (full 0):
 garbage-first heap   total 92160K, used 20914K [0x00000000c5a00000, 0x0000000100000000)
  region size 1024K, 6 young (6144K), 6 survivors (6144K)
 Metaspace       used 40167K, capacity 41409K, committed 41628K, reserved 1085440K
  class space    used 5032K, capacity 5532K, committed 5580K, reserved 1048576K
}
Event: 21,054 GC heap before
{Heap before GC invocations=20 (full 0):
 garbage-first heap   total 92160K, used 65970K [0x00000000c5a00000, 0x0000000100000000)
  region size 1024K, 50 young (51200K), 6 survivors (6144K)
 Metaspace       used 44671K, capacity 45965K, committed 46364K, reserved 1089536K
  class space    used 5628K, capacity 6130K, committed 6220K, reserved 1048576K
}
Event: 21,076 GC heap after
{Heap after GC invocations=21 (full 0):
 garbage-first heap   total 92160K, used 22521K [0x00000000c5a00000, 0x0000000100000000)
  region size 1024K, 5 young (5120K), 5 survivors (5120K)
 Metaspace       used 44671K, capacity 45965K, committed 46364K, reserved 1089536K
  class space    used 5628K, capacity 6130K, committed 6220K, reserved 1048576K
}
Event: 21,978 GC heap before
{Heap before GC invocations=21 (full 0):
 garbage-first heap   total 92160K, used 68601K [0x00000000c5a00000, 0x0000000100000000)
  region size 1024K, 50 young (51200K), 5 survivors (5120K)
 Metaspace       used 49038K, capacity 50324K, committed 50844K, reserved 1093632K
  class space    used 6262K, capacity 6750K, committed 6860K, reserved 1048576K
}
Event: 21,995 GC heap after
{Heap after GC invocations=22 (full 0):
 garbage-first heap   total 110592K, used 22884K [0x00000000c5a00000, 0x0000000100000000)
  region size 1024K, 2 young (2048K), 2 survivors (2048K)
 Metaspace       used 49038K, capacity 50324K, committed 50844K, reserved 1093632K
  class space    used 6262K, capacity 6750K, committed 6860K, reserved 1048576K
}
Event: 32,157 GC heap before
{Heap before GC invocations=22 (full 0):
 garbage-first heap   total 110592K, used 77156K [0x00000000c5a00000, 0x0000000100000000)
  region size 1024K, 55 young (56320K), 2 survivors (2048K)
 Metaspace       used 53475K, capacity 54791K, committed 55324K, reserved 1097728K
  class space    used 6846K, capacity 7384K, committed 7500K, reserved 1048576K
}
Event: 32,169 GC heap after
{Heap after GC invocations=23 (full 0):
 garbage-first heap   total 110592K, used 24669K [0x00000000c5a00000, 0x0000000100000000)
  region size 1024K, 4 young (4096K), 4 survivors (4096K)
 Metaspace       used 53475K, capacity 54791K, committed 55324K, reserved 1097728K
  class space    used 6846K, capacity 7384K, committed 7500K, reserved 1048576K
}
Event: 33,664 GC heap before
{Heap before GC invocations=23 (full 0):
 garbage-first heap   total 110592K, used 80989K [0x00000000c5a00000, 0x0000000100000000)
  region size 1024K, 59 young (60416K), 4 survivors (4096K)
 Metaspace       used 56756K, capacity 58320K, committed 58652K, reserved 1099776K
  class space    used 7287K, capacity 7891K, committed 8012K, reserved 1048576K
}
Event: 33,679 GC heap after
{Heap after GC invocations=24 (full 0):
 garbage-first heap   total 110592K, used 26277K [0x00000000c5a00000, 0x0000000100000000)
  region size 1024K, 6 young (6144K), 6 survivors (6144K)
 Metaspace       used 56756K, capacity 58320K, committed 58652K, reserved 1099776K
  class space    used 7287K, capacity 7891K, committed 8012K, reserved 1048576K
}
Event: 37,860 GC heap before
{Heap before GC invocations=24 (full 0):
 garbage-first heap   total 110592K, used 82597K [0x00000000c5a00000, 0x0000000100000000)
  region size 1024K, 61 young (62464K), 6 survivors (6144K)
 Metaspace       used 59979K, capacity 61679K, committed 61980K, reserved 1103872K
  class space    used 7723K, capacity 8387K, committed 8524K, reserved 1048576K
}
Event: 37,877 GC heap after
{Heap after GC invocations=25 (full 0):
 garbage-first heap   total 110592K, used 28410K [0x00000000c5a00000, 0x0000000100000000)
  region size 1024K, 7 young (7168K), 7 survivors (7168K)
 Metaspace       used 59979K, capacity 61679K, committed 61980K, reserved 1103872K
  class space    used 7723K, capacity 8387K, committed 8524K, reserved 1048576K
}
Event: 235,546 GC heap before
{Heap before GC invocations=25 (full 0):
 garbage-first heap   total 110592K, used 84730K [0x00000000c5a00000, 0x0000000100000000)
  region size 1024K, 62 young (63488K), 7 survivors (7168K)
 Metaspace       used 65201K, capacity 66922K, committed 67100K, reserved 1107968K
  class space    used 8318K, capacity 8995K, committed 9036K, reserved 1048576K
}
Event: 235,568 GC heap after
{Heap after GC invocations=26 (full 0):
 garbage-first heap   total 110592K, used 29459K [0x00000000c5a00000, 0x0000000100000000)
  region size 1024K, 5 young (5120K), 5 survivors (5120K)
 Metaspace       used 65201K, capacity 66922K, committed 67100K, reserved 1107968K
  class space    used 8318K, capacity 8995K, committed 9036K, reserved 1048576K
}

Deoptimization events (20 events):
Event: 245,037 Thread 0x00007f18b0008000 DEOPT PACKING pc=0x00007f19210b9acc sp=0x00007f18a3cf86e0
Event: 245,037 Thread 0x00007f18b0008000 DEOPT UNPACKING pc=0x00007f192089d62b sp=0x00007f18a3cf7bf0 mode 1
Event: 245,037 Thread 0x00007f18b0008000 Uncommon trap: trap_request=0xffffff9f fr.pc=0x00007f19287072d4 relative=0x0000000000005d14
Event: 245,037 Thread 0x00007f18b0008000 Uncommon trap: reason=unhandled action=none pc=0x00007f19287072d4 method=jdk.internal.loader.BuiltinClassLoader.loadClass(Ljava/lang/String;Z)Ljava/lang/Class; @ 19 c2
Event: 245,037 Thread 0x00007f18b0008000 DEOPT PACKING pc=0x00007f19287072d4 sp=0x00007f18a3cf7f00
Event: 245,037 Thread 0x00007f18b0008000 DEOPT UNPACKING pc=0x00007f192089ce9f sp=0x00007f18a3cf7f88 mode 2
Event: 245,037 Thread 0x00007f18b0008000 DEOPT PACKING pc=0x00007f19210b9acc sp=0x00007f18a3cf8820
Event: 245,037 Thread 0x00007f18b0008000 DEOPT UNPACKING pc=0x00007f192089d62b sp=0x00007f18a3cf7d30 mode 1
Event: 245,037 Thread 0x00007f18b0008000 Uncommon trap: trap_request=0xffffff9f fr.pc=0x00007f19287072d4 relative=0x0000000000005d14
Event: 245,037 Thread 0x00007f18b0008000 Uncommon trap: reason=unhandled action=none pc=0x00007f19287072d4 method=jdk.internal.loader.BuiltinClassLoader.loadClass(Ljava/lang/String;Z)Ljava/lang/Class; @ 19 c2
Event: 245,037 Thread 0x00007f18b0008000 DEOPT PACKING pc=0x00007f19287072d4 sp=0x00007f18a3cf7f00
Event: 245,037 Thread 0x00007f18b0008000 DEOPT UNPACKING pc=0x00007f192089ce9f sp=0x00007f18a3cf7f88 mode 2
Event: 245,037 Thread 0x00007f18b0008000 DEOPT PACKING pc=0x00007f19210b9acc sp=0x00007f18a3cf8820
Event: 245,037 Thread 0x00007f18b0008000 DEOPT UNPACKING pc=0x00007f192089d62b sp=0x00007f18a3cf7d30 mode 1
Event: 291,236 Thread 0x00007f18b000a800 DEOPT PACKING pc=0x00007f192134d79c sp=0x00007f18a39f8620
Event: 291,236 Thread 0x00007f18b000a800 DEOPT UNPACKING pc=0x00007f192089d62b sp=0x00007f18a39f7b30 mode 1
Event: 291,236 Thread 0x00007f18b000a800 DEOPT PACKING pc=0x00007f192180c41c sp=0x00007f18a39f86f0
Event: 291,236 Thread 0x00007f18b000a800 DEOPT UNPACKING pc=0x00007f192089d62b sp=0x00007f18a39f7cc8 mode 1
Event: 291,388 Thread 0x00007f18b000a800 DEOPT PACKING pc=0x00007f192131ffe5 sp=0x00007f18a39f8020
Event: 291,388 Thread 0x00007f18b000a800 DEOPT UNPACKING pc=0x00007f192089d62b sp=0x00007f18a39f75b0 mode 0

Classes redefined (0 events):
No events

Internal exceptions (20 events):
Event: 33,655 Thread 0x00007f193801a000 Exception <a 'java/lang/ClassNotFoundException'{0x00000000c897d750}: java/lang/ObjectCustomizer> (0x00000000c897d750) thrown at [src/hotspot/share/classfile/systemDictionary.cpp, line 231]
Event: 33,656 Thread 0x00007f193801a000 Exception <a 'java/lang/ClassNotFoundException'{0x00000000c8991070}: org/springframework/security/config/annotation/web/configuration/WebSecurityConfigurationCustomizer> (0x00000000c8991070) thrown at [src/hotspot/share/classfile/systemDictionary.cpp, line 231]
Event: 33,657 Thread 0x00007f193801a000 Exception <a 'java/lang/ClassNotFoundException'{0x00000000c89a7d98}: org/springframework/context/annotation/ImportAwareCustomizer> (0x00000000c89a7d98) thrown at [src/hotspot/share/classfile/systemDictionary.cpp, line 231]
Event: 33,658 Thread 0x00007f193801a000 Exception <a 'java/lang/ClassNotFoundException'{0x00000000c89b39c0}: org/springframework/beans/factory/AwareCustomizer> (0x00000000c89b39c0) thrown at [src/hotspot/share/classfile/systemDictionary.cpp, line 231]
Event: 33,659 Thread 0x00007f193801a000 Exception <a 'java/lang/ClassNotFoundException'{0x00000000c89c0108}: org/springframework/beans/factory/BeanClassLoaderAwareCustomizer> (0x00000000c89c0108) thrown at [src/hotspot/share/classfile/systemDictionary.cpp, line 231]
Event: 33,659 Thread 0x00007f193801a000 Exception <a 'java/lang/ClassNotFoundException'{0x00000000c89cbd40}: org/springframework/beans/factory/AwareCustomizer> (0x00000000c89cbd40) thrown at [src/hotspot/share/classfile/systemDictionary.cpp, line 231]
Event: 34,184 Thread 0x00007f193801a000 Implicit null exception at 0x00007f19284a71dd to 0x00007f19284a7a38
Event: 35,592 Thread 0x00007f193801a000 Implicit null exception at 0x00007f1928660b3b to 0x00007f1928661504
Event: 36,811 Thread 0x00007f193801a000 Exception <a 'java/lang/IncompatibleClassChangeError'{0x00000000ca005e68}: Found class java.lang.Object, but interface was expected> (0x00000000ca005e68) thrown at [src/hotspot/share/interpreter/linkResolver.cpp, line 839]
Event: 37,071 Thread 0x00007f193801a000 Exception <a 'java/lang/ClassNotFoundException'{0x00000000c9c07768}: java/lang/ObjectCustomizer> (0x00000000c9c07768) thrown at [src/hotspot/share/classfile/systemDictionary.cpp, line 231]
Event: 37,072 Thread 0x00007f193801a000 Exception <a 'java/lang/ClassNotFoundException'{0x00000000c9c1ae50}: org/springframework/security/config/annotation/web/configuration/HttpSecurityConfigurationCustomizer> (0x00000000c9c1ae50) thrown at [src/hotspot/share/classfile/systemDictionary.cpp, line 231]
Event: 37,569 Thread 0x00007f193801a000 Exception <a 'java/lang/NoSuchMethodError'{0x00000000c98688d8}: 'void java.lang.invoke.DirectMethodHandle$Holder.invokeVirtual(java.lang.Object, java.lang.Object, int)'> (0x00000000c98688d8) thrown at [src/hotspot/share/interpreter/linkResolver.cpp, line 772]
Event: 37,574 Thread 0x00007f193801a000 Exception <a 'java/lang/NoSuchMethodError'{0x00000000c9882930}: 'void java.lang.invoke.DirectMethodHandle$Holder.invokeVirtual(java.lang.Object, java.lang.Object, long)'> (0x00000000c9882930) thrown at [src/hotspot/share/interpreter/linkResolver.cpp, line 772]
Event: 38,236 Thread 0x00007f193801a000 Exception <a 'java/lang/NoSuchMethodError'{0x00000000cbeefb20}: 'java.lang.Object java.lang.invoke.DirectMethodHandle$Holder.invokeSpecial(java.lang.Object, java.lang.Object, int, java.lang.Object, int, java.lang.Object)'> (0x00000000cbeefb20) thrown at [src/hotspot/share/interpreter/linkResolver.cpp, line 772]
Event: 38,237 Thread 0x00007f193801a000 Exception <a 'java/lang/NoSuchMethodError'{0x00000000cbef7008}: 'java.lang.Object java.lang.invoke.DirectMethodHandle$Holder.invokeStatic(java.lang.Object, java.lang.Object, int, java.lang.Object, int)'> (0x00000000cbef7008) thrown at [src/hotspot/share/interpreter/linkResolver.cpp, line 772]
Event: 38,238 Thread 0x00007f193801a000 Exception <a 'java/lang/NoSuchMethodError'{0x00000000cbefa7e8}: 'java.lang.Object java.lang.invoke.DirectMethodHandle$Holder.invokeSpecial(java.lang.Object, java.lang.Object, java.lang.Object, int, java.lang.Object, int)'> (0x00000000cbefa7e8) thrown at [src/hotspot/share/interpreter/linkResolver.cpp, line 772]
Event: 38,240 Thread 0x00007f193801a000 Exception <a 'java/lang/NoSuchMethodError'{0x00000000cbd0b228}: 'void java.lang.invoke.DirectMethodHandle$Holder.invokeVirtual(java.lang.Object, java.lang.Object)'> (0x00000000cbd0b228) thrown at [src/hotspot/share/interpreter/linkResolver.cpp, line 772]
Event: 242,705 Thread 0x00007f18b0008000 Exception <a 'java/lang/NoSuchMethodError'{0x00000000cbeed708}: 'java.lang.Object java.lang.invoke.DirectMethodHandle$Holder.invokeStaticInit(java.lang.Object, java.lang.Object, java.lang.Object, java.lang.Object, java.lang.Object, java.lang.Object)'> (0x00000000cbeed708) thrown at [src/hotspot/share/interpreter/linkResolver.cpp, line 772]
Event: 244,801 Thread 0x00007f18b0008000 Exception <a 'java/lang/ClassNotFoundException'{0x00000000cbdf1148}: java/lang/ObjectCustomizer> (0x00000000cbdf1148) thrown at [src/hotspot/share/classfile/systemDictionary.cpp, line 231]
Event: 244,802 Thread 0x00007f18b0008000 Exception <a 'java/lang/ClassNotFoundException'{0x00000000cbc04af0}: com/br/example/prj/biblioteca/models/UsuarioCustomizer> (0x00000000cbc04af0) thrown at [src/hotspot/share/classfile/systemDictionary.cpp, line 231]

Events (20 events):
Event: 295,870 Executing VM operation: GetOrSetLocal
Event: 295,870 Executing VM operation: GetOrSetLocal done
Event: 295,871 Executing VM operation: GetOrSetLocal
Event: 295,871 Executing VM operation: GetOrSetLocal done
Event: 295,872 Executing VM operation: GetOrSetLocal
Event: 295,872 Executing VM operation: GetOrSetLocal done
Event: 295,907 Executing VM operation: GetOrSetLocal
Event: 295,907 Executing VM operation: GetOrSetLocal done
Event: 295,908 Executing VM operation: GetOrSetLocal
Event: 295,908 Executing VM operation: GetOrSetLocal done
Event: 295,909 Executing VM operation: GetOrSetLocal
Event: 295,909 Executing VM operation: GetOrSetLocal done
Event: 295,911 Executing VM operation: GetOrSetLocal
Event: 295,911 Executing VM operation: GetOrSetLocal done
Event: 296,008 Executing VM operation: GetOrSetLocal
Event: 296,008 Executing VM operation: GetOrSetLocal done
Event: 296,009 Executing VM operation: GetOrSetLocal
Event: 296,009 Executing VM operation: GetOrSetLocal done
Event: 443,909 Thread 0x00007f18e0001800 Thread exited: 0x00007f18e0001800
Event: 443,986 loading class jdk/internal/misc/Signal$1


Dynamic libraries:
c5a00000-cc400000 rw-p 00000000 00:00 0 
cc400000-ffe00000 ---p 00000000 00:00 0 
ffe00000-ffe47000 rw-p 01114000 08:06 6819997                            /usr/lib/jvm/java-11-openjdk-amd64/lib/server/classes.jsa
ffe47000-fff00000 rw-p 00000000 00:00 0 
fff00000-fff6b000 rw-p 010a9000 08:06 6819997                            /usr/lib/jvm/java-11-openjdk-amd64/lib/server/classes.jsa
fff6b000-100000000 rw-p 00000000 00:00 0 
800000000-800002000 rwxp 00001000 08:06 6819997                          /usr/lib/jvm/java-11-openjdk-amd64/lib/server/classes.jsa
800002000-8010a8000 rw-p 00003000 08:06 6819997                          /usr/lib/jvm/java-11-openjdk-amd64/lib/server/classes.jsa
840000000-840913000 rw-p 00000000 00:00 0 
840913000-880000000 ---p 00000000 00:00 0 
55b1b66e9000-55b1b66ea000 r--p 00000000 08:06 6819645                    /usr/lib/jvm/java-11-openjdk-amd64/bin/java
55b1b66ea000-55b1b66eb000 r-xp 00001000 08:06 6819645                    /usr/lib/jvm/java-11-openjdk-amd64/bin/java
55b1b66eb000-55b1b66ec000 r--p 00002000 08:06 6819645                    /usr/lib/jvm/java-11-openjdk-amd64/bin/java
55b1b66ec000-55b1b66ed000 r--p 00002000 08:06 6819645                    /usr/lib/jvm/java-11-openjdk-amd64/bin/java
55b1b66ed000-55b1b66ee000 rw-p 00003000 08:06 6819645                    /usr/lib/jvm/java-11-openjdk-amd64/bin/java
55b1b6a25000-55b1b7013000 rw-p 00000000 00:00 0                          [heap]
7f189c000000-7f189c021000 rw-p 00000000 00:00 0 
7f189c021000-7f18a0000000 ---p 00000000 00:00 0 
7f18a38fd000-7f18a3901000 ---p 00000000 00:00 0 
7f18a3901000-7f18a3bfe000 rw-p 00000000 00:00 0 
7f18a3bfe000-7f18a3c02000 ---p 00000000 00:00 0 
7f18a3c02000-7f18a3cff000 rw-p 00000000 00:00 0 
7f18a3cff000-7f18a3d03000 ---p 00000000 00:00 0 
7f18a3d03000-7f18a4000000 rw-p 00000000 00:00 0 
7f18a4000000-7f18a4021000 rw-p 00000000 00:00 0 
7f18a4021000-7f18a8000000 ---p 00000000 00:00 0 
7f18a8000000-7f18a813c000 rw-p 00000000 00:00 0 
7f18a813c000-7f18ac000000 ---p 00000000 00:00 0 
7f18ac000000-7f18ac021000 rw-p 00000000 00:00 0 
7f18ac021000-7f18b0000000 ---p 00000000 00:00 0 
7f18b0000000-7f18b0021000 rw-p 00000000 00:00 0 
7f18b0021000-7f18b4000000 ---p 00000000 00:00 0 
7f18b4000000-7f18b4021000 rw-p 00000000 00:00 0 
7f18b4021000-7f18b8000000 ---p 00000000 00:00 0 
7f18b8000000-7f18b8021000 rw-p 00000000 00:00 0 
7f18b8021000-7f18bc000000 ---p 00000000 00:00 0 
7f18bc000000-7f18bc03b000 rw-p 00000000 00:00 0 
7f18bc03b000-7f18c0000000 ---p 00000000 00:00 0 
7f18c0000000-7f18c0021000 rw-p 00000000 00:00 0 
7f18c0021000-7f18c4000000 ---p 00000000 00:00 0 
7f18c4000000-7f18c4523000 rw-p 00000000 00:00 0 
7f18c4523000-7f18c8000000 ---p 00000000 00:00 0 
7f18c8000000-7f18c8021000 rw-p 00000000 00:00 0 
7f18c8021000-7f18cc000000 ---p 00000000 00:00 0 
7f18cc000000-7f18cc021000 rw-p 00000000 00:00 0 
7f18cc021000-7f18d0000000 ---p 00000000 00:00 0 
7f18d0000000-7f18d0021000 rw-p 00000000 00:00 0 
7f18d0021000-7f18d4000000 ---p 00000000 00:00 0 
7f18d4000000-7f18d4021000 rw-p 00000000 00:00 0 
7f18d4021000-7f18d8000000 ---p 00000000 00:00 0 
7f18d8000000-7f18d8021000 rw-p 00000000 00:00 0 
7f18d8021000-7f18dc000000 ---p 00000000 00:00 0 
7f18dc000000-7f18dc021000 rw-p 00000000 00:00 0 
7f18dc021000-7f18e0000000 ---p 00000000 00:00 0 
7f18e0000000-7f18e006a000 rw-p 00000000 00:00 0 
7f18e006a000-7f18e4000000 ---p 00000000 00:00 0 
7f18e4000000-7f18e4021000 rw-p 00000000 00:00 0 
7f18e4021000-7f18e8000000 ---p 00000000 00:00 0 
7f18e8046000-7f18e804a000 ---p 00000000 00:00 0 
7f18e804a000-7f18e8147000 rw-p 00000000 00:00 0 
7f18e8147000-7f18e814b000 ---p 00000000 00:00 0 
7f18e814b000-7f18e8248000 rw-p 00000000 00:00 0 
7f18e8248000-7f18e824c000 ---p 00000000 00:00 0 
7f18e824c000-7f18e8549000 rw-p 00000000 00:00 0 
7f18e8549000-7f18e8749000 rw-p 00000000 00:00 0 
7f18e8749000-7f18e874d000 ---p 00000000 00:00 0 
7f18e874d000-7f18e884a000 rw-p 00000000 00:00 0 
7f18e884a000-7f18e884e000 ---p 00000000 00:00 0 
7f18e884e000-7f18e8b4b000 rw-p 00000000 00:00 0 
7f18e8b4b000-7f18e8d4b000 rw-p 00000000 00:00 0 
7f18e8d4b000-7f18e8f4b000 rw-p 00000000 00:00 0 
7f18e8f4b000-7f18e914b000 rw-p 00000000 00:00 0 
7f18e914b000-7f18e934b000 rw-p 00000000 00:00 0 
7f18e934b000-7f18e954b000 rw-p 00000000 00:00 0 
7f18e954b000-7f18e954f000 ---p 00000000 00:00 0 
7f18e954f000-7f18e984c000 rw-p 00000000 00:00 0 
7f18e984c000-7f18e9a4c000 rw-p 00000000 00:00 0 
7f18e9a4c000-7f18e9c40000 rw-p 00000000 00:00 0 
7f18e9c40000-7f18e9c4c000 ---p 00000000 00:00 0 
7f18e9cf1000-7f18e9cf5000 ---p 00000000 00:00 0 
7f18e9cf5000-7f18e9ff2000 rw-p 00000000 00:00 0 
7f18e9ff2000-7f18ea1f2000 rw-p 00000000 00:00 0 
7f18ea1f2000-7f18ea3f2000 rw-p 00000000 00:00 0 
7f18ea3f2000-7f18ea5f2000 rw-p 00000000 00:00 0 
7f18ea5f2000-7f18ea7f2000 rw-p 00000000 00:00 0 
7f18ea7f2000-7f18ea9f2000 rw-p 00000000 00:00 0 
7f18ea9f2000-7f18eabf2000 rw-p 00000000 00:00 0 
7f18eabf2000-7f18eadf2000 rw-p 00000000 00:00 0 
7f18eadf2000-7f18eaff2000 rw-p 00000000 00:00 0 
7f18eaff2000-7f18eb1f2000 rw-p 00000000 00:00 0 
7f18eb1f2000-7f18eb1f3000 ---p 00000000 00:00 0 
7f18eb1f3000-7f18eb2f4000 rw-p 00000000 00:00 0 
7f18eb2f4000-7f18eb2f5000 ---p 00000000 00:00 0 
7f18eb2f5000-7f18eb5f6000 rw-p 00000000 00:00 0 
7f18eb5f6000-7f18eb5fa000 ---p 00000000 00:00 0 
7f18eb5fa000-7f18eb8f7000 rw-p 00000000 00:00 0 
7f18eb8f7000-7f18eb8f8000 ---p 00000000 00:00 0 
7f18eb8f8000-7f18eb9f9000 rw-p 00000000 00:00 0 
7f18eb9f9000-7f18eb9fa000 ---p 00000000 00:00 0 
7f18eb9fa000-7f18ebafb000 rw-p 00000000 00:00 0 
7f18ebafb000-7f18ebaff000 ---p 00000000 00:00 0 
7f18ebaff000-7f18ebbfc000 rw-p 00000000 00:00 0 
7f18ebbfc000-7f18ebc00000 ---p 00000000 00:00 0 
7f18ebc00000-7f18ebcfd000 rw-p 00000000 00:00 0 
7f18ebcfd000-7f18ebd01000 ---p 00000000 00:00 0 
7f18ebd01000-7f18ebdfe000 rw-p 00000000 00:00 0 
7f18ebdfe000-7f18ebe02000 ---p 00000000 00:00 0 
7f18ebe02000-7f18ebeff000 rw-p 00000000 00:00 0 
7f18ebeff000-7f18ebf03000 ---p 00000000 00:00 0 
7f18ebf03000-7f18ec000000 rw-p 00000000 00:00 0 
7f18ec000000-7f18ef51b000 rw-p 00000000 00:00 0 
7f18ef51b000-7f18f0000000 ---p 00000000 00:00 0 
7f18f0000000-7f18f0e19000 rw-p 00000000 00:00 0 
7f18f0e19000-7f18f4000000 ---p 00000000 00:00 0 
7f18f4000000-7f18f4021000 rw-p 00000000 00:00 0 
7f18f4021000-7f18f8000000 ---p 00000000 00:00 0 
7f18f8000000-7f18f8021000 rw-p 00000000 00:00 0 
7f18f8021000-7f18fc000000 ---p 00000000 00:00 0 
7f18fc000000-7f18fc021000 rw-p 00000000 00:00 0 
7f18fc021000-7f1900000000 ---p 00000000 00:00 0 
7f1900000000-7f1900021000 rw-p 00000000 00:00 0 
7f1900021000-7f1904000000 ---p 00000000 00:00 0 
7f1904000000-7f1904021000 rw-p 00000000 00:00 0 
7f1904021000-7f1908000000 ---p 00000000 00:00 0 
7f1908000000-7f1908377000 rw-p 00000000 00:00 0 
7f1908377000-7f190c000000 ---p 00000000 00:00 0 
7f190c000000-7f190c021000 rw-p 00000000 00:00 0 
7f190c021000-7f1910000000 ---p 00000000 00:00 0 
7f1910000000-7f1910021000 rw-p 00000000 00:00 0 
7f1910021000-7f1914000000 ---p 00000000 00:00 0 
7f1914000000-7f1914021000 rw-p 00000000 00:00 0 
7f1914021000-7f1918000000 ---p 00000000 00:00 0 
7f19180c1000-7f19180c9000 r--p 00000000 08:06 6819726                    /usr/lib/jvm/java-11-openjdk-amd64/lib/libsunec.so
7f19180c9000-7f19180e2000 r-xp 00008000 08:06 6819726                    /usr/lib/jvm/java-11-openjdk-amd64/lib/libsunec.so
7f19180e2000-7f19180ec000 r--p 00021000 08:06 6819726                    /usr/lib/jvm/java-11-openjdk-amd64/lib/libsunec.so
7f19180ec000-7f19180ed000 ---p 0002b000 08:06 6819726                    /usr/lib/jvm/java-11-openjdk-amd64/lib/libsunec.so
7f19180ed000-7f19180f1000 r--p 0002b000 08:06 6819726                    /usr/lib/jvm/java-11-openjdk-amd64/lib/libsunec.so
7f19180f1000-7f19180f3000 rw-p 0002f000 08:06 6819726                    /usr/lib/jvm/java-11-openjdk-amd64/lib/libsunec.so
7f19180f3000-7f19180f7000 ---p 00000000 00:00 0 
7f19180f7000-7f19181f4000 rw-p 00000000 00:00 0 
7f19181f4000-7f19181f8000 ---p 00000000 00:00 0 
7f19181f8000-7f19182f5000 rw-p 00000000 00:00 0 
7f19182f5000-7f19182f9000 ---p 00000000 00:00 0 
7f19182f9000-7f19183f6000 rw-p 00000000 00:00 0 
7f19183f6000-7f1918968000 r--p 00000000 08:06 6691689                    /usr/lib/locale/locale-archive
7f1918968000-7f191b310000 rw-p 00000000 00:00 0 
7f191b310000-7f191bff8000 ---p 00000000 00:00 0 
7f191bff8000-7f191c000000 rw-p 00000000 00:00 0 
7f191c000000-7f191c021000 rw-p 00000000 00:00 0 
7f191c021000-7f1920000000 ---p 00000000 00:00 0 
7f1920011000-7f1920013000 r--p 00000000 08:06 6819718                    /usr/lib/jvm/java-11-openjdk-amd64/lib/libmanagement_ext.so
7f1920013000-7f1920016000 r-xp 00002000 08:06 6819718                    /usr/lib/jvm/java-11-openjdk-amd64/lib/libmanagement_ext.so
7f1920016000-7f1920018000 r--p 00005000 08:06 6819718                    /usr/lib/jvm/java-11-openjdk-amd64/lib/libmanagement_ext.so
7f1920018000-7f1920019000 r--p 00006000 08:06 6819718                    /usr/lib/jvm/java-11-openjdk-amd64/lib/libmanagement_ext.so
7f1920019000-7f192001a000 rw-p 00007000 08:06 6819718                    /usr/lib/jvm/java-11-openjdk-amd64/lib/libmanagement_ext.so
7f192001a000-7f1920040000 r--p 00000000 08:06 7739987                    /usr/share/locale-langpack/pt_BR/LC_MESSAGES/libc.mo
7f1920040000-7f1920044000 r--p 00000000 08:06 6819720                    /usr/lib/jvm/java-11-openjdk-amd64/lib/libnet.so
7f1920044000-7f1920053000 r-xp 00004000 08:06 6819720                    /usr/lib/jvm/java-11-openjdk-amd64/lib/libnet.so
7f1920053000-7f1920057000 r--p 00013000 08:06 6819720                    /usr/lib/jvm/java-11-openjdk-amd64/lib/libnet.so
7f1920057000-7f1920058000 r--p 00016000 08:06 6819720                    /usr/lib/jvm/java-11-openjdk-amd64/lib/libnet.so
7f1920058000-7f1920059000 rw-p 00017000 08:06 6819720                    /usr/lib/jvm/java-11-openjdk-amd64/lib/libnet.so
7f1920059000-7f1920060000 r--p 00000000 08:06 6819721                    /usr/lib/jvm/java-11-openjdk-amd64/lib/libnio.so
7f1920060000-7f1920068000 r-xp 00007000 08:06 6819721                    /usr/lib/jvm/java-11-openjdk-amd64/lib/libnio.so
7f1920068000-7f192006b000 r--p 0000f000 08:06 6819721                    /usr/lib/jvm/java-11-openjdk-amd64/lib/libnio.so
7f192006b000-7f192006c000 r--p 00011000 08:06 6819721                    /usr/lib/jvm/java-11-openjdk-amd64/lib/libnio.so
7f192006c000-7f192006d000 rw-p 00012000 08:06 6819721                    /usr/lib/jvm/java-11-openjdk-amd64/lib/libnio.so
7f192006d000-7f1920071000 ---p 00000000 00:00 0 
7f1920071000-7f192016e000 rw-p 00000000 00:00 0 
7f192016e000-7f1920172000 ---p 00000000 00:00 0 
7f1920172000-7f192026f000 rw-p 00000000 00:00 0 
7f192026f000-7f1920273000 ---p 00000000 00:00 0 
7f1920273000-7f1920370000 rw-p 00000000 00:00 0 
7f1920370000-7f1920371000 ---p 00000000 00:00 0 
7f1920371000-7f192054e000 rw-p 00000000 00:00 0 
7f192054e000-7f192054f000 ---p 00000000 00:00 0 
7f192054f000-7f1920650000 rw-p 00000000 00:00 0 
7f1920650000-7f1920651000 ---p 00000000 00:00 0 
7f1920651000-7f1920853000 rw-p 00000000 00:00 0 
7f1920853000-7f1920ac3000 rwxp 00000000 00:00 0 
7f1920ac3000-7f1920de3000 ---p 00000000 00:00 0 
7f1920de3000-7f1921b43000 rwxp 00000000 00:00 0 
7f1921b43000-7f192831b000 ---p 00000000 00:00 0 
7f192831b000-7f192879b000 rwxp 00000000 00:00 0 
7f192879b000-7f192f853000 ---p 00000000 00:00 0 
7f1938000000-7f1939ccc000 rw-p 00000000 00:00 0 
7f1939ccc000-7f193c000000 ---p 00000000 00:00 0 
7f193c002000-7f193c003000 r--p 00000000 08:06 6819702                    /usr/lib/jvm/java-11-openjdk-amd64/lib/libextnet.so
7f193c003000-7f193c004000 r-xp 00001000 08:06 6819702                    /usr/lib/jvm/java-11-openjdk-amd64/lib/libextnet.so
7f193c004000-7f193c005000 r--p 00002000 08:06 6819702                    /usr/lib/jvm/java-11-openjdk-amd64/lib/libextnet.so
7f193c005000-7f193c006000 r--p 00002000 08:06 6819702                    /usr/lib/jvm/java-11-openjdk-amd64/lib/libextnet.so
7f193c006000-7f193c007000 rw-p 00003000 08:06 6819702                    /usr/lib/jvm/java-11-openjdk-amd64/lib/libextnet.so
7f193c007000-7f193c00a000 r--p 00000000 08:06 6819716                    /usr/lib/jvm/java-11-openjdk-amd64/lib/libmanagement.so
7f193c00a000-7f193c00b000 r-xp 00003000 08:06 6819716                    /usr/lib/jvm/java-11-openjdk-amd64/lib/libmanagement.so
7f193c00b000-7f193c00c000 r--p 00004000 08:06 6819716                    /usr/lib/jvm/java-11-openjdk-amd64/lib/libmanagement.so
7f193c00c000-7f193c00d000 r--p 00004000 08:06 6819716                    /usr/lib/jvm/java-11-openjdk-amd64/lib/libmanagement.so
7f193c00d000-7f193c00e000 rw-p 00005000 08:06 6819716                    /usr/lib/jvm/java-11-openjdk-amd64/lib/libmanagement.so
7f193c00e000-7f193c010000 r--p 00000000 08:06 6819701                    /usr/lib/jvm/java-11-openjdk-amd64/lib/libdt_socket.so
7f193c010000-7f193c013000 r-xp 00002000 08:06 6819701                    /usr/lib/jvm/java-11-openjdk-amd64/lib/libdt_socket.so
7f193c013000-7f193c014000 r--p 00005000 08:06 6819701                    /usr/lib/jvm/java-11-openjdk-amd64/lib/libdt_socket.so
7f193c014000-7f193c015000 ---p 00006000 08:06 6819701                    /usr/lib/jvm/java-11-openjdk-amd64/lib/libdt_socket.so
7f193c015000-7f193c016000 r--p 00006000 08:06 6819701                    /usr/lib/jvm/java-11-openjdk-amd64/lib/libdt_socket.so
7f193c016000-7f193c017000 rw-p 00007000 08:06 6819701                    /usr/lib/jvm/java-11-openjdk-amd64/lib/libdt_socket.so
7f193c017000-7f193c01e000 r--s 00000000 08:06 7348067                    /usr/lib/x86_64-linux-gnu/gconv/gconv-modules.cache
7f193c01e000-7f193c321000 rw-p 00000000 00:00 0 
7f193c321000-7f193c322000 ---p 00000000 00:00 0 
7f193c322000-7f193c423000 rw-p 00000000 00:00 0 
7f193c423000-7f193c424000 ---p 00000000 00:00 0 
7f193c424000-7f193c6ed000 rw-p 00000000 00:00 0 
7f193c6ed000-7f193d3d5000 ---p 00000000 00:00 0 
7f193d3d5000-7f193d412000 rw-p 00000000 00:00 0 
7f193d412000-7f193d5af000 ---p 00000000 00:00 0 
7f193d5af000-7f193d5e5000 rw-p 00000000 00:00 0 
7f193d5e5000-7f193d782000 ---p 00000000 00:00 0 
7f193d782000-7f193d7b8000 rw-p 00000000 00:00 0 
7f193d7b8000-7f193d955000 ---p 00000000 00:00 0 
7f193d955000-7f193dd5a000 rw-p 00000000 00:00 0 
7f193dd5a000-7f193dd5b000 ---p 00000000 00:00 0 
7f193dd5b000-7f193de65000 rw-p 00000000 00:00 0 
7f193de65000-7f193df47000 ---p 00000000 00:00 0 
7f193df47000-7f193df62000 rw-p 00000000 00:00 0 
7f193df62000-7f193e032000 ---p 00000000 00:00 0 
7f193e032000-7f193e037000 rw-p 00000000 00:00 0 
7f193e037000-7f193e03e000 ---p 00000000 00:00 0 
7f193e03e000-7f193e041000 r--p 00000000 08:06 6688645                    /usr/lib/x86_64-linux-gnu/libnss_files-2.31.so
7f193e041000-7f193e048000 r-xp 00003000 08:06 6688645                    /usr/lib/x86_64-linux-gnu/libnss_files-2.31.so
7f193e048000-7f193e04a000 r--p 0000a000 08:06 6688645                    /usr/lib/x86_64-linux-gnu/libnss_files-2.31.so
7f193e04a000-7f193e04b000 r--p 0000b000 08:06 6688645                    /usr/lib/x86_64-linux-gnu/libnss_files-2.31.so
7f193e04b000-7f193e04c000 rw-p 0000c000 08:06 6688645                    /usr/lib/x86_64-linux-gnu/libnss_files-2.31.so
7f193e04c000-7f193e052000 rw-p 00000000 00:00 0 
7f193e054000-7f193e056000 r--p 00000000 08:06 6819729                    /usr/lib/jvm/java-11-openjdk-amd64/lib/libzip.so
7f193e056000-7f193e05a000 r-xp 00002000 08:06 6819729                    /usr/lib/jvm/java-11-openjdk-amd64/lib/libzip.so
7f193e05a000-7f193e05c000 r--p 00006000 08:06 6819729                    /usr/lib/jvm/java-11-openjdk-amd64/lib/libzip.so
7f193e05c000-7f193e05d000 r--p 00007000 08:06 6819729                    /usr/lib/jvm/java-11-openjdk-amd64/lib/libzip.so
7f193e05d000-7f193e05e000 rw-p 00008000 08:06 6819729                    /usr/lib/jvm/java-11-openjdk-amd64/lib/libzip.so
7f193e05e000-7f193e066000 rw-s 00000000 08:06 5898686                    /tmp/hsperfdata_gabriel/55476
7f193e066000-7f193e068000 r--p 00000000 08:06 6819704                    /usr/lib/jvm/java-11-openjdk-amd64/lib/libinstrument.so
7f193e068000-7f193e06e000 r-xp 00002000 08:06 6819704                    /usr/lib/jvm/java-11-openjdk-amd64/lib/libinstrument.so
7f193e06e000-7f193e071000 r--p 00008000 08:06 6819704                    /usr/lib/jvm/java-11-openjdk-amd64/lib/libinstrument.so
7f193e071000-7f193e072000 r--p 0000a000 08:06 6819704                    /usr/lib/jvm/java-11-openjdk-amd64/lib/libinstrument.so
7f193e072000-7f193e073000 rw-p 0000b000 08:06 6819704                    /usr/lib/jvm/java-11-openjdk-amd64/lib/libinstrument.so
7f193e073000-7f193e075000 r--p 00000000 08:06 6819711                    /usr/lib/jvm/java-11-openjdk-amd64/lib/libjdwp.so
7f193e075000-7f193e0a1000 r-xp 00002000 08:06 6819711                    /usr/lib/jvm/java-11-openjdk-amd64/lib/libjdwp.so
7f193e0a1000-7f193e0af000 r--p 0002e000 08:06 6819711                    /usr/lib/jvm/java-11-openjdk-amd64/lib/libjdwp.so
7f193e0af000-7f193e0b0000 r--p 0003b000 08:06 6819711                    /usr/lib/jvm/java-11-openjdk-amd64/lib/libjdwp.so
7f193e0b0000-7f193e0b1000 rw-p 0003c000 08:06 6819711                    /usr/lib/jvm/java-11-openjdk-amd64/lib/libjdwp.so
7f193e0b1000-7f193e0b3000 r--p 00000000 08:06 6819712                    /usr/lib/jvm/java-11-openjdk-amd64/lib/libjimage.so
7f193e0b3000-7f193e0b6000 r-xp 00002000 08:06 6819712                    /usr/lib/jvm/java-11-openjdk-amd64/lib/libjimage.so
7f193e0b6000-7f193e0b7000 r--p 00005000 08:06 6819712                    /usr/lib/jvm/java-11-openjdk-amd64/lib/libjimage.so
7f193e0b7000-7f193e0b8000 ---p 00006000 08:06 6819712                    /usr/lib/jvm/java-11-openjdk-amd64/lib/libjimage.so
7f193e0b8000-7f193e0b9000 r--p 00006000 08:06 6819712                    /usr/lib/jvm/java-11-openjdk-amd64/lib/libjimage.so
7f193e0b9000-7f193e0ba000 rw-p 00007000 08:06 6819712                    /usr/lib/jvm/java-11-openjdk-amd64/lib/libjimage.so
7f193e0ba000-7f193e0c8000 r--p 00000000 08:06 6819709                    /usr/lib/jvm/java-11-openjdk-amd64/lib/libjava.so
7f193e0c8000-7f193e0de000 r-xp 0000e000 08:06 6819709                    /usr/lib/jvm/java-11-openjdk-amd64/lib/libjava.so
7f193e0de000-7f193e0e5000 r--p 00024000 08:06 6819709                    /usr/lib/jvm/java-11-openjdk-amd64/lib/libjava.so
7f193e0e5000-7f193e0e6000 r--p 0002a000 08:06 6819709                    /usr/lib/jvm/java-11-openjdk-amd64/lib/libjava.so
7f193e0e6000-7f193e0e7000 rw-p 0002b000 08:06 6819709                    /usr/lib/jvm/java-11-openjdk-amd64/lib/libjava.so
7f193e0e7000-7f193e0e8000 rw-p 00000000 00:00 0 
7f193e0e8000-7f193e0eb000 r--p 00000000 08:06 6688652                    /usr/lib/x86_64-linux-gnu/librt-2.31.so
7f193e0eb000-7f193e0ef000 r-xp 00003000 08:06 6688652                    /usr/lib/x86_64-linux-gnu/librt-2.31.so
7f193e0ef000-7f193e0f0000 r--p 00007000 08:06 6688652                    /usr/lib/x86_64-linux-gnu/librt-2.31.so
7f193e0f0000-7f193e0f1000 ---p 00008000 08:06 6688652                    /usr/lib/x86_64-linux-gnu/librt-2.31.so
7f193e0f1000-7f193e0f2000 r--p 00008000 08:06 6688652                    /usr/lib/x86_64-linux-gnu/librt-2.31.so
7f193e0f2000-7f193e0f3000 rw-p 00009000 08:06 6688652                    /usr/lib/x86_64-linux-gnu/librt-2.31.so
7f193e0f3000-7f193e0f7000 ---p 00000000 00:00 0 
7f193e0f7000-7f193e1f4000 rw-p 00000000 00:00 0 
7f193e1f4000-7f193e1f7000 r--p 00000000 08:06 6692391                    /usr/lib/x86_64-linux-gnu/libgcc_s.so.1
7f193e1f7000-7f193e209000 r-xp 00003000 08:06 6692391                    /usr/lib/x86_64-linux-gnu/libgcc_s.so.1
7f193e209000-7f193e20d000 r--p 00015000 08:06 6692391                    /usr/lib/x86_64-linux-gnu/libgcc_s.so.1
7f193e20d000-7f193e20e000 r--p 00018000 08:06 6692391                    /usr/lib/x86_64-linux-gnu/libgcc_s.so.1
7f193e20e000-7f193e20f000 rw-p 00019000 08:06 6692391                    /usr/lib/x86_64-linux-gnu/libgcc_s.so.1
7f193e20f000-7f193e21e000 r--p 00000000 08:06 6688639                    /usr/lib/x86_64-linux-gnu/libm-2.31.so
7f193e21e000-7f193e2c5000 r-xp 0000f000 08:06 6688639                    /usr/lib/x86_64-linux-gnu/libm-2.31.so
7f193e2c5000-7f193e35c000 r--p 000b6000 08:06 6688639                    /usr/lib/x86_64-linux-gnu/libm-2.31.so
7f193e35c000-7f193e35d000 r--p 0014c000 08:06 6688639                    /usr/lib/x86_64-linux-gnu/libm-2.31.so
7f193e35d000-7f193e35e000 rw-p 0014d000 08:06 6688639                    /usr/lib/x86_64-linux-gnu/libm-2.31.so
7f193e35e000-7f193e3f4000 r--p 00000000 08:06 6693207                    /usr/lib/x86_64-linux-gnu/libstdc++.so.6.0.28
7f193e3f4000-7f193e4e4000 r-xp 00096000 08:06 6693207                    /usr/lib/x86_64-linux-gnu/libstdc++.so.6.0.28
7f193e4e4000-7f193e52d000 r--p 00186000 08:06 6693207                    /usr/lib/x86_64-linux-gnu/libstdc++.so.6.0.28
7f193e52d000-7f193e52e000 ---p 001cf000 08:06 6693207                    /usr/lib/x86_64-linux-gnu/libstdc++.so.6.0.28
7f193e52e000-7f193e539000 r--p 001cf000 08:06 6693207                    /usr/lib/x86_64-linux-gnu/libstdc++.so.6.0.28
7f193e539000-7f193e53c000 rw-p 001da000 08:06 6693207                    /usr/lib/x86_64-linux-gnu/libstdc++.so.6.0.28
7f193e53c000-7f193e53f000 rw-p 00000000 00:00 0 
7f193e53f000-7f193e7c0000 r--p 00000000 08:06 6819733                    /usr/lib/jvm/java-11-openjdk-amd64/lib/server/libjvm.so
7f193e7c0000-7f193f440000 r-xp 00281000 08:06 6819733                    /usr/lib/jvm/java-11-openjdk-amd64/lib/server/libjvm.so
7f193f440000-7f193f69b000 r--p 00f01000 08:06 6819733                    /usr/lib/jvm/java-11-openjdk-amd64/lib/server/libjvm.so
7f193f69b000-7f193f75f000 r--p 0115b000 08:06 6819733                    /usr/lib/jvm/java-11-openjdk-amd64/lib/server/libjvm.so
7f193f75f000-7f193f79a000 rw-p 0121f000 08:06 6819733                    /usr/lib/jvm/java-11-openjdk-amd64/lib/server/libjvm.so
7f193f79a000-7f193f7f3000 rw-p 00000000 00:00 0 
7f193f7f3000-7f193f7fa000 r--p 00000000 08:06 6688650                    /usr/lib/x86_64-linux-gnu/libpthread-2.31.so
7f193f7fa000-7f193f80b000 r-xp 00007000 08:06 6688650                    /usr/lib/x86_64-linux-gnu/libpthread-2.31.so
7f193f80b000-7f193f810000 r--p 00018000 08:06 6688650                    /usr/lib/x86_64-linux-gnu/libpthread-2.31.so
7f193f810000-7f193f811000 r--p 0001c000 08:06 6688650                    /usr/lib/x86_64-linux-gnu/libpthread-2.31.so
7f193f811000-7f193f812000 rw-p 0001d000 08:06 6688650                    /usr/lib/x86_64-linux-gnu/libpthread-2.31.so
7f193f812000-7f193f816000 rw-p 00000000 00:00 0 
7f193f816000-7f193f817000 r--p 00000000 08:06 6688638                    /usr/lib/x86_64-linux-gnu/libdl-2.31.so
7f193f817000-7f193f819000 r-xp 00001000 08:06 6688638                    /usr/lib/x86_64-linux-gnu/libdl-2.31.so
7f193f819000-7f193f81a000 r--p 00003000 08:06 6688638                    /usr/lib/x86_64-linux-gnu/libdl-2.31.so
7f193f81a000-7f193f81b000 r--p 00003000 08:06 6688638                    /usr/lib/x86_64-linux-gnu/libdl-2.31.so
7f193f81b000-7f193f81c000 rw-p 00004000 08:06 6688638                    /usr/lib/x86_64-linux-gnu/libdl-2.31.so
7f193f81c000-7f193f81e000 r--p 00000000 08:06 6693484                    /usr/lib/x86_64-linux-gnu/libz.so.1.2.11
7f193f81e000-7f193f82f000 r-xp 00002000 08:06 6693484                    /usr/lib/x86_64-linux-gnu/libz.so.1.2.11
7f193f82f000-7f193f835000 r--p 00013000 08:06 6693484                    /usr/lib/x86_64-linux-gnu/libz.so.1.2.11
7f193f835000-7f193f836000 ---p 00019000 08:06 6693484                    /usr/lib/x86_64-linux-gnu/libz.so.1.2.11
7f193f836000-7f193f837000 r--p 00019000 08:06 6693484                    /usr/lib/x86_64-linux-gnu/libz.so.1.2.11
7f193f837000-7f193f838000 rw-p 0001a000 08:06 6693484                    /usr/lib/x86_64-linux-gnu/libz.so.1.2.11
7f193f838000-7f193f85d000 r--p 00000000 08:06 6688637                    /usr/lib/x86_64-linux-gnu/libc-2.31.so
7f193f85d000-7f193f9d5000 r-xp 00025000 08:06 6688637                    /usr/lib/x86_64-linux-gnu/libc-2.31.so
7f193f9d5000-7f193fa1f000 r--p 0019d000 08:06 6688637                    /usr/lib/x86_64-linux-gnu/libc-2.31.so
7f193fa1f000-7f193fa20000 ---p 001e7000 08:06 6688637                    /usr/lib/x86_64-linux-gnu/libc-2.31.so
7f193fa20000-7f193fa23000 r--p 001e7000 08:06 6688637                    /usr/lib/x86_64-linux-gnu/libc-2.31.so
7f193fa23000-7f193fa26000 rw-p 001ea000 08:06 6688637                    /usr/lib/x86_64-linux-gnu/libc-2.31.so
7f193fa26000-7f193fa2a000 rw-p 00000000 00:00 0 
7f193fa2a000-7f193fa2b000 ---p 00000000 00:00 0 
7f193fa2b000-7f193fa2c000 r--p 00000000 00:00 0 
7f193fa2c000-7f193fa31000 r--p 00000000 08:06 6819728                    /usr/lib/jvm/java-11-openjdk-amd64/lib/libverify.so
7f193fa31000-7f193fa38000 r-xp 00005000 08:06 6819728                    /usr/lib/jvm/java-11-openjdk-amd64/lib/libverify.so
7f193fa38000-7f193fa3a000 r--p 0000c000 08:06 6819728                    /usr/lib/jvm/java-11-openjdk-amd64/lib/libverify.so
7f193fa3a000-7f193fa3b000 ---p 0000e000 08:06 6819728                    /usr/lib/jvm/java-11-openjdk-amd64/lib/libverify.so
7f193fa3b000-7f193fa3d000 r--p 0000e000 08:06 6819728                    /usr/lib/jvm/java-11-openjdk-amd64/lib/libverify.so
7f193fa3d000-7f193fa3e000 rw-p 00010000 08:06 6819728                    /usr/lib/jvm/java-11-openjdk-amd64/lib/libverify.so
7f193fa3e000-7f193fa41000 r--p 00000000 08:06 6819694                    /usr/lib/jvm/java-11-openjdk-amd64/lib/jli/libjli.so
7f193fa41000-7f193fa4b000 r-xp 00003000 08:06 6819694                    /usr/lib/jvm/java-11-openjdk-amd64/lib/jli/libjli.so
7f193fa4b000-7f193fa4e000 r--p 0000d000 08:06 6819694                    /usr/lib/jvm/java-11-openjdk-amd64/lib/jli/libjli.so
7f193fa4e000-7f193fa4f000 ---p 00010000 08:06 6819694                    /usr/lib/jvm/java-11-openjdk-amd64/lib/jli/libjli.so
7f193fa4f000-7f193fa50000 r--p 00010000 08:06 6819694                    /usr/lib/jvm/java-11-openjdk-amd64/lib/jli/libjli.so
7f193fa50000-7f193fa51000 rw-p 00011000 08:06 6819694                    /usr/lib/jvm/java-11-openjdk-amd64/lib/jli/libjli.so
7f193fa51000-7f193fa53000 rw-p 00000000 00:00 0 
7f193fa53000-7f193fa56000 r--p 00000000 00:00 0                          [vvar]
7f193fa56000-7f193fa57000 r-xp 00000000 00:00 0                          [vdso]
7f193fa57000-7f193fa58000 r--p 00000000 08:06 6688576                    /usr/lib/x86_64-linux-gnu/ld-2.31.so
7f193fa58000-7f193fa7b000 r-xp 00001000 08:06 6688576                    /usr/lib/x86_64-linux-gnu/ld-2.31.so
7f193fa7b000-7f193fa83000 r--p 00024000 08:06 6688576                    /usr/lib/x86_64-linux-gnu/ld-2.31.so
7f193fa84000-7f193fa85000 r--p 0002c000 08:06 6688576                    /usr/lib/x86_64-linux-gnu/ld-2.31.so
7f193fa85000-7f193fa86000 rw-p 0002d000 08:06 6688576                    /usr/lib/x86_64-linux-gnu/ld-2.31.so
7f193fa86000-7f193fa87000 rw-p 00000000 00:00 0 
7fffa19d0000-7fffa19f3000 rw-p 00000000 00:00 0                          [stack]
ffffffffff600000-ffffffffff601000 --xp 00000000 00:00 0                  [vsyscall]


VM Arguments:
jvm_args: -agentlib:jdwp=transport=dt_socket,suspend=y,address=localhost:43607 -javaagent:/home/gabriel/eclipse/java-2021-12/eclipse/configuration/org.eclipse.osgi/219/0/.cp/lib/javaagent-shaded.jar -Dfile.encoding=UTF-8 
java_command: com.br.example.prj.biblioteca.ProjetoBibliotecaApplication
java_class_path (initial): /home/gabriel/Downloads/prj-integrador/target/classes:/home/gabriel/.m2/repository/org/springframework/boot/spring-boot-starter-data-jpa/2.5.4/spring-boot-starter-data-jpa-2.5.4.jar:/home/gabriel/.m2/repository/org/springframework/boot/spring-boot-starter-aop/2.5.4/spring-boot-starter-aop-2.5.4.jar:/home/gabriel/.m2/repository/org/aspectj/aspectjweaver/1.9.7/aspectjweaver-1.9.7.jar:/home/gabriel/.m2/repository/org/springframework/boot/spring-boot-starter-jdbc/2.5.4/spring-boot-starter-jdbc-2.5.4.jar:/home/gabriel/.m2/repository/com/zaxxer/HikariCP/4.0.3/HikariCP-4.0.3.jar:/home/gabriel/.m2/repository/org/springframework/spring-jdbc/5.3.9/spring-jdbc-5.3.9.jar:/home/gabriel/.m2/repository/jakarta/transaction/jakarta.transaction-api/1.3.3/jakarta.transaction-api-1.3.3.jar:/home/gabriel/.m2/repository/jakarta/persistence/jakarta.persistence-api/2.2.3/jakarta.persistence-api-2.2.3.jar:/home/gabriel/.m2/repository/org/hibernate/hibernate-core/5.4.32.Final/hibernate-core-5.4.32.Final.jar:/home/gabriel/.m2/repository/org/jboss/logging/jboss-logging/3.4.2.Final/jboss-logging-3.4.2.Final.jar:/home/gabriel/.m2/repository/org/javassist/javassist/3.27.0-GA/javassist-3.27.0-GA.jar:/home/gabriel/.m2/repository/net/bytebuddy/byte-buddy/1.10.22/byte-buddy-1.10.22.jar:/home/gabriel/.m2/repository/antlr/antlr/2.7.7/antlr-2.7.7.jar:/home/gabriel/.m2/repository/org/jboss/jandex/2.2.3.Final/jandex-2.2.3.Final.jar:/home/gabriel/.m2/repository/com/fasterxml/classmate/1.5.1/classmate-1.5.1.jar:/home/gabriel/.m2/repository/org/dom4j/dom4j/2.1.3/dom4j-2.1.3.jar:/home/gabriel/.m2/repository/org/hibernate/common/hibernate-commons-annotations/5.1.2.Final/hibernate-commons-annotations-5.1.2.Final.jar:/home/gabriel/.m2/repository/org/glassfish/jaxb/jaxb-runtime/2.3.5/jaxb-runtime-2.3.5.jar:/home/gabriel/.m2/repository/org/glassfish/jaxb/txw2/2.3.5/txw2-2.3.5.jar:/home/gabriel/.m2/repository/com/sun/istack/istack-commons-runtime/3.0.12/istack-commons-runtime-3.0.12.jar
Launcher Type: SUN_STANDARD

[Global flags]
     intx CICompilerCount                          = 3                                         {product} {ergonomic}
     uint ConcGCThreads                            = 1                                         {product} {ergonomic}
     uint G1ConcRefinementThreads                  = 4                                         {product} {ergonomic}
   size_t G1HeapRegionSize                         = 1048576                                   {product} {ergonomic}
    uintx GCDrainStackTargetSize                   = 64                                        {product} {ergonomic}
   size_t InitialHeapSize                          = 62914560                                  {product} {ergonomic}
   size_t MarkStackSize                            = 4194304                                   {product} {ergonomic}
   size_t MaxHeapSize                              = 979369984                                 {product} {ergonomic}
   size_t MaxNewSize                               = 587202560                                 {product} {ergonomic}
   size_t MinHeapDeltaBytes                        = 1048576                                   {product} {ergonomic}
    uintx NonNMethodCodeHeapSize                   = 5830732                                {pd product} {ergonomic}
    uintx NonProfiledCodeHeapSize                  = 122913754                              {pd product} {ergonomic}
    uintx ProfiledCodeHeapSize                     = 122913754                              {pd product} {ergonomic}
    uintx ReservedCodeCacheSize                    = 251658240                              {pd product} {ergonomic}
     bool SegmentedCodeCache                       = true                                      {product} {ergonomic}
     bool UseCompressedClassPointers               = true                                 {lp64_product} {ergonomic}
     bool UseCompressedOops                        = true                                 {lp64_product} {ergonomic}
     bool UseG1GC                                  = true                                      {product} {ergonomic}

Logging:
