#
# A fatal error has been detected by the Java Runtime Environment:
#
#  SIGSEGV (0xb) at pc=0x00007f78fc9c60ad, pid=5418, tid=5439
#
# JRE version: OpenJDK Runtime Environment (11.0.13+8) (build 11.0.13+8-Ubuntu-0ubuntu1.20.04)
# Java VM: OpenJDK 64-Bit Server VM (11.0.13+8-Ubuntu-0ubuntu1.20.04, mixed mode, sharing, tiered, compressed oops, g1 gc, linux-amd64)
# Problematic frame:
# C  [libjimage.so+0x30ad]
#
# Core dump will be written. Default location: Core dumps may be processed with "/lib/systemd/systemd-coredump %P %u %g %s %t 9223372036854775808 %h" (or dumping to /home/gabriel/Downloads/prj-integrador/core.5418)
#
# If you would like to submit a bug report, please visit:
#   https://bugs.launchpad.net/ubuntu/+source/openjdk-lts
#

---------------  S U M M A R Y ------------

Command Line: -agentlib:jdwp=transport=dt_socket,suspend=y,address=localhost:33499 -javaagent:/home/gabriel/eclipse/java-2021-12/eclipse/configuration/org.eclipse.osgi/219/0/.cp/lib/javaagent-shaded.jar -Dfile.encoding=UTF-8 com.br.example.prj.biblioteca.ProjetoBibliotecaApplication

Host: Intel(R) Core(TM) i5 CPU       M 460  @ 2.53GHz, 4 cores, 3G, Linux Mint 20.1 Ulyssa
Time: Tue Mar 15 13:44:55 2022 -03 elapsed time: 7608.644218 seconds (0d 2h 6m 48s)

---------------  T H R E A D  ---------------

Current thread (0x00007f78f812e000):  JavaThread "Signal Dispatcher" daemon [_thread_in_vm, id=5439, stack(0x00007f78d2c85000,0x00007f78d2d86000)]

Stack: [0x00007f78d2c85000,0x00007f78d2d86000],  sp=0x00007f78d2d83200,  free space=1016k
Native frames: (J=compiled Java code, A=aot compiled Java code, j=interpreted, Vv=VM code, C=native code)
C  [libjimage.so+0x30ad]
C  [libjimage.so+0x3ca2]
C  [libjimage.so+0x4191]  JIMAGE_FindResource+0xf1
V  [libjvm.so+0x5b8c41]
V  [libjvm.so+0x5bb261]
V  [libjvm.so+0xdee4ed]
V  [libjvm.so+0xded08a]
V  [libjvm.so+0xdef63b]
V  [libjvm.so+0x66b15e]
V  [libjvm.so+0x85b166]
j  jdk.internal.misc.Signal.dispatch(I)V+25 java.base@11.0.13
v  ~StubRoutines::call_stub
V  [libjvm.so+0x863bf4]
V  [libjvm.so+0x862c32]
V  [libjvm.so+0xbce34e]
V  [libjvm.so+0xe24e0f]
V  [libjvm.so+0xe21850]
V  [libjvm.so+0xbe0406]

Java frames: (J=compiled Java code, j=interpreted, Vv=VM code)
j  jdk.internal.misc.Signal.dispatch(I)V+25 java.base@11.0.13
v  ~StubRoutines::call_stub

siginfo: si_signo: 11 (SIGSEGV), si_code: 1 (SEGV_MAPERR), si_addr: 0x00007f78ef86eb9c

Register to memory mapping:

RAX=0x0000000000006ee0 is an unknown value
RBX=0x00007f78d2d832b1 is pointing into the stack for thread: 0x00007f78f812e000
RCX=0x00007f78d2d832d3 is pointing into the stack for thread: 0x00007f78f812e000
RDX=0x0000000000006ee0 is an unknown value
RSP=0x00007f78d2d83200 is pointing into the stack for thread: 0x00007f78f812e000
RBP=0x00007f78d2d83220 is pointing into the stack for thread: 0x00007f78f812e000
RSI=0x0 is NULL
RDI=0x00007f78fc9cb030: <offset 0x0000000000008030> in /usr/lib/jvm/java-11-openjdk-amd64/lib/libjimage.so at 0x00007f78fc9c3000
R8 =0x00007f78ef85301c is an unknown value
R9 =0x00007f78d2d840c0 is pointing into the stack for thread: 0x00007f78f812e000
R10=0x0000000000000021 is an unknown value
R11=0x00007f78fe2fc210: <offset 0x00000000001b2210> in /lib/x86_64-linux-gnu/libc.so.6 at 0x00007f78fe14a000
R12=0x0000000000008457 is an unknown value
R13=0x00007f78d2d832b0 is pointing into the stack for thread: 0x00007f78f812e000
R14=0x0 is NULL
R15=0x00007f78f812ed50 points into unknown readable memory: 0x65746e692f6b646a | 6a 64 6b 2f 69 6e 74 65


Registers:
RAX=0x0000000000006ee0, RBX=0x00007f78d2d832b1, RCX=0x00007f78d2d832d3, RDX=0x0000000000006ee0
RSP=0x00007f78d2d83200, RBP=0x00007f78d2d83220, RSI=0x0000000000000000, RDI=0x00007f78fc9cb030
R8 =0x00007f78ef85301c, R9 =0x00007f78d2d840c0, R10=0x0000000000000021, R11=0x00007f78fe2fc210
R12=0x0000000000008457, R13=0x00007f78d2d832b0, R14=0x0000000000000000, R15=0x00007f78f812ed50
RIP=0x00007f78fc9c60ad, EFLAGS=0x0000000000010246, CSGSFS=0x002b000000000033, ERR=0x0000000000000004
  TRAPNO=0x000000000000000e

Top of Stack: (sp=0x00007f78d2d83200)
0x00007f78d2d83200:   0000000000000000 00007f78d2d84348
0x00007f78d2d83210:   00007f78f8009be0 00007f78d2d832b0
0x00007f78d2d83220:   00007f78d2d83290 00007f78fc9c6ca2
0x00007f78d2d83230:   0000000000000000 0000000000000000 

Instructions: (pc=0x00007f78fc9c60ad)
0x00007f78fc9c5fad:   f3 ff ff 44 03 65 90 e9 3f fe ff ff 0f 1f 80 00
0x00007f78fc9c5fbd:   00 00 00 41 8b 10 41 89 55 00 41 8b 54 00 fc 41
0x00007f78fc9c5fcd:   89 54 05 fc e9 82 fc ff ff 66 2e 0f 1f 84 00 00
0x00007f78fc9c5fdd:   00 00 00 b9 0a 00 00 00 e9 f0 fc ff ff 41 0f b7
0x00007f78fc9c5fed:   54 00 fe 66 41 89 54 05 fe e9 5d fc ff ff 0f 1f
0x00007f78fc9c5ffd:   44 00 00 f3 0f 1e fa 0f b6 17 89 f0 89 f1 4c 8d
0x00007f78fc9c600d:   47 01 84 d2 74 1c 0f 1f 44 00 00 69 c9 93 01 00
0x00007f78fc9c601d:   01 49 83 c0 01 31 d1 41 0f b6 50 ff 84 d2 75 eb
0x00007f78fc9c602d:   89 c8 25 ff ff ff 7f c3 90 66 2e 0f 1f 84 00 00
0x00007f78fc9c603d:   00 00 00 f3 0f 1e fa 48 85 d2 0f 84 da 00 00 00
0x00007f78fc9c604d:   55 48 89 e5 41 55 41 54 41 89 cc 53 48 83 ec 08
0x00007f78fc9c605d:   85 c9 0f 84 ba 00 00 00 49 89 f5 48 8d 5e 01 0f
0x00007f78fc9c606d:   b6 36 49 89 d0 40 84 f6 0f 84 9d 00 00 00 48 89
0x00007f78fc9c607d:   d9 b8 93 01 00 01 0f 1f 44 00 00 69 d0 93 01 00
0x00007f78fc9c608d:   01 48 83 c1 01 40 0f b6 c6 0f b6 71 ff 31 d0 40
0x00007f78fc9c609d:   84 f6 75 e7 25 ff ff ff 7f 31 d2 41 f7 f4 89 d0
0x00007f78fc9c60ad:   41 8b 34 80 48 8b 07 ff 50 20 85 c0 7f 15 74 62
0x00007f78fc9c60bd:   f7 d0 41 89 c0 48 83 c4 08 44 89 c0 5b 41 5c 41
0x00007f78fc9c60cd:   5d 5d c3 41 0f b6 4d 00 89 c6 84 c9 74 1b 0f 1f
0x00007f78fc9c60dd:   44 00 00 69 f6 93 01 00 01 48 83 c3 01 31 ce 0f
0x00007f78fc9c60ed:   b6 4b ff 84 c9 75 ec 89 f0 25 ff ff ff 7f 31 d2
0x00007f78fc9c60fd:   48 83 c4 08 41 f7 f4 5b 41 5c 41 5d 5d 41 89 d0
0x00007f78fc9c610d:   44 89 c0 c3 0f 1f 80 00 00 00 00 b8 93 01 00 01
0x00007f78fc9c611d:   eb 87 41 b8 ff ff ff ff eb 9b 41 83 c8 ff 44 89
0x00007f78fc9c612d:   c0 c3 90 f3 0f 1e fa eb 1d 66 2e 0f 1f 84 00 00
0x00007f78fc9c613d:   00 00 00 0f b6 16 84 d2 74 13 38 c2 75 15 48 83
0x00007f78fc9c614d:   c7 01 48 83 c6 01 0f b6 07 84 c0 75 e6 48 89 f8
0x00007f78fc9c615d:   c3 66 90 31 c0 c3 90 66 66 2e 0f 1f 84 00 00 00
0x00007f78fc9c616d:   00 00 90 f3 0f 1e fa 48 85 f6 74 51 0f b6 06 84
0x00007f78fc9c617d:   c0 74 4a 0f b6 d0 83 e0 07 c1 fa 03 44 8d 50 01
0x00007f78fc9c618d:   0f b6 c0 41 89 d1 4c 8d 44 06 02 48 8d 56 01 31
0x00007f78fc9c619d:   c0 66 90 0f b6 0a 48 c1 e0 08 48 83 c2 01 48 09 


Stack slot to memory mapping:
stack at sp + 0 slots: 0x0 is NULL
stack at sp + 1 slots: 0x00007f78d2d84348 is pointing into the stack for thread: 0x00007f78f812e000
stack at sp + 2 slots: 0x00007f78f8009be0 points into unknown readable memory: 0x00007f789800f250 | 50 f2 00 98 78 7f 00 00
stack at sp + 3 slots: 0x00007f78d2d832b0 is pointing into the stack for thread: 0x00007f78f812e000
stack at sp + 4 slots: 0x00007f78d2d83290 is pointing into the stack for thread: 0x00007f78f812e000
stack at sp + 5 slots: 0x00007f78fc9c6ca2: <offset 0x0000000000003ca2> in /usr/lib/jvm/java-11-openjdk-amd64/lib/libjimage.so at 0x00007f78fc9c3000
stack at sp + 6 slots: 0x0 is NULL
stack at sp + 7 slots: 0x0 is NULL


---------------  P R O C E S S  ---------------

Threads class SMR info:
_java_thread_list=0x00007f78900026e0, length=23, elements={
0x00007f78f8126800, 0x00007f78f8129000, 0x00007f78f812e000, 0x00007f78f8130800,
0x00007f78f8132800, 0x00007f78f8134800, 0x00007f78f8136800, 0x00007f78f8154800,
0x00007f78f81a7800, 0x00007f78f81ab800, 0x00007f78f9213000, 0x00007f78f9951800,
0x00007f78f9dcc800, 0x00007f7874004000, 0x00007f78f9dcf800, 0x00007f78f9f9b800,
0x00007f78f9fa2000, 0x00007f78f801a000, 0x00007f7864007000, 0x00007f7864007800,
0x00007f7864008800, 0x00007f786400a800, 0x00007f7864002000
}

Java Threads: ( => current thread )
  0x00007f78f8126800 JavaThread "Reference Handler" daemon [_thread_blocked, id=5437, stack(0x00007f78d33f9000,0x00007f78d34fa000)]
  0x00007f78f8129000 JavaThread "Finalizer" daemon [_thread_blocked, id=5438, stack(0x00007f78d32f8000,0x00007f78d33f9000)]
=>0x00007f78f812e000 JavaThread "Signal Dispatcher" daemon [_thread_in_vm, id=5439, stack(0x00007f78d2c85000,0x00007f78d2d86000)]
  0x00007f78f8130800 JavaThread "Service Thread" daemon [_thread_blocked, id=5440, stack(0x00007f78d2b84000,0x00007f78d2c85000)]
  0x00007f78f8132800 JavaThread "C2 CompilerThread0" daemon [_thread_blocked, id=5441, stack(0x00007f78d2a83000,0x00007f78d2b84000)]
  0x00007f78f8134800 JavaThread "C1 CompilerThread0" daemon [_thread_blocked, id=5442, stack(0x00007f78d2982000,0x00007f78d2a83000)]
  0x00007f78f8136800 JavaThread "Sweeper thread" daemon [_thread_blocked, id=5443, stack(0x00007f78d2881000,0x00007f78d2982000)]
  0x00007f78f8154800 JavaThread "Common-Cleaner" daemon [_thread_blocked, id=5444, stack(0x00007f78d2780000,0x00007f78d2881000)]
  0x00007f78f81a7800 JavaThread "JDWP Transport Listener: dt_socket" daemon [_thread_in_native, id=5446, stack(0x00007f78d267f000,0x00007f78d2780000)]
  0x00007f78f81ab800 JavaThread "JDWP Event Helper Thread" daemon [_thread_blocked, id=5447, stack(0x00007f78d257e000,0x00007f78d267f000)]
  0x00007f78f9213000 JavaThread "mysql-cj-abandoned-connection-cleanup" daemon [_thread_blocked, id=5461, stack(0x00007f78d2178000,0x00007f78d2279000)]
  0x00007f78f9951800 JavaThread "HikariPool-1 housekeeper" daemon [_thread_blocked, id=5463, stack(0x00007f78d1e73000,0x00007f78d1f74000)]
  0x00007f78f9dcc800 JavaThread "Catalina-utility-1" [_thread_blocked, id=5481, stack(0x00007f78d0ce6000,0x00007f78d0de7000)]
  0x00007f7874004000 JavaThread "Catalina-utility-2" [_thread_blocked, id=5482, stack(0x00007f78d02fc000,0x00007f78d03fd000)]
  0x00007f78f9dcf800 JavaThread "container-0" [_thread_blocked, id=5483, stack(0x00007f787ecff000,0x00007f787ee00000)]
  0x00007f78f9f9b800 JavaThread "http-nio-8080-Poller" daemon [_thread_in_native, id=5487, stack(0x00007f787e7fe000,0x00007f787e8ff000)]
  0x00007f78f9fa2000 JavaThread "http-nio-8080-Acceptor" daemon [_thread_in_native, id=5488, stack(0x00007f787e6fd000,0x00007f787e7fe000)]
  0x00007f78f801a000 JavaThread "DestroyJavaVM" [_thread_blocked, id=5429, stack(0x00007f78fca05000,0x00007f78fcb06000)]
  0x00007f7864007000 JavaThread "http-nio-8080-exec-1" daemon [_thread_blocked, id=6740, stack(0x00007f787e5fc000,0x00007f787e6fd000)]
  0x00007f7864007800 JavaThread "http-nio-8080-exec-2" daemon [_thread_blocked, id=6744, stack(0x00007f787e4fb000,0x00007f787e5fc000)]
  0x00007f7864008800 JavaThread "http-nio-8080-exec-3" daemon [_thread_blocked, id=6745, stack(0x00007f787e1fa000,0x00007f787e2fb000)]
  0x00007f786400a800 JavaThread "http-nio-8080-exec-4" daemon [_thread_blocked, id=6770, stack(0x00007f787dcf9000,0x00007f787ddfa000)]
  0x00007f7864002000 JavaThread "http-nio-8080-exec-5" daemon [_thread_blocked, id=6840, stack(0x00007f787dbf8000,0x00007f787dcf9000)]

Other Threads:
  0x00007f78f8123800 VMThread "VM Thread" [stack: 0x00007f78d34fc000,0x00007f78d35fc000] [id=5436]
  0x00007f78f8500000 WatcherThread [stack: 0x00007f78d237d000,0x00007f78d247d000] [id=5453]
  0x00007f78f8031000 GCTaskThread "GC Thread#0" [stack: 0x00007f78fc66e000,0x00007f78fc76e000] [id=5431]
  0x00007f78c4001000 GCTaskThread "GC Thread#1" [stack: 0x00007f78d227b000,0x00007f78d237b000] [id=5454]
  0x00007f78c4004800 GCTaskThread "GC Thread#2" [stack: 0x00007f78d2078000,0x00007f78d2178000] [id=5457]
  0x00007f78c4006000 GCTaskThread "GC Thread#3" [stack: 0x00007f78d1f76000,0x00007f78d2076000] [id=5458]
  0x00007f78f804b000 ConcurrentGCThread "G1 Main Marker" [stack: 0x00007f78e03ad000,0x00007f78e04ad000] [id=5432]
  0x00007f78f804d000 ConcurrentGCThread "G1 Conc#0" [stack: 0x00007f78e02ab000,0x00007f78e03ab000] [id=5433]
  0x00007f78f808f000 ConcurrentGCThread "G1 Refine#0" [stack: 0x00007f78d3f00000,0x00007f78d4000000] [id=5434]
  0x00007f78f8090800 ConcurrentGCThread "G1 Young RemSet Sampling" [stack: 0x00007f78d3dfe000,0x00007f78d3efe000] [id=5435]

Threads with active compile tasks:

VM state:not at safepoint (normal execution)

VM Mutex/Monitor currently owned by a thread: None

Heap address: 0x00000000c5a00000, size: 934 MB, Compressed Oops mode: 32-bit
Narrow klass base: 0x0000000800000000, Narrow klass shift: 3
Compressed class space size: 1073741824 Address: 0x0000000840000000

Heap:
 garbage-first heap   total 110592K, used 44458K [0x00000000c5a00000, 0x0000000100000000)
  region size 1024K, 18 young (18432K), 5 survivors (5120K)
 Metaspace       used 70313K, capacity 72195K, committed 72448K, reserved 1112064K
  class space    used 9012K, capacity 9727K, committed 9728K, reserved 1048576K
Heap Regions: E=young(eden), S=young(survivor), O=old, HS=humongous(starts), HC=humongous(continues), CS=collection set, F=free, A=archive, TAMS=top-at-mark-start (previous, next)
|   0|0x00000000c5a00000, 0x00000000c5b00000, 0x00000000c5b00000|100%|HS|  |TAMS 0x00000000c5b00000, 0x00000000c5a00000| Complete 
|   1|0x00000000c5b00000, 0x00000000c5c00000, 0x00000000c5c00000|100%| O|  |TAMS 0x00000000c5c00000, 0x00000000c5b00000| Untracked 
|   2|0x00000000c5c00000, 0x00000000c5d00000, 0x00000000c5d00000|100%| O|  |TAMS 0x00000000c5d00000, 0x00000000c5c00000| Untracked 
|   3|0x00000000c5d00000, 0x00000000c5e00000, 0x00000000c5e00000|100%| O|  |TAMS 0x00000000c5e00000, 0x00000000c5d00000| Untracked 
|   4|0x00000000c5e00000, 0x00000000c5f00000, 0x00000000c5f00000|100%| O|  |TAMS 0x00000000c5f00000, 0x00000000c5e00000| Untracked 
|   5|0x00000000c5f00000, 0x00000000c6000000, 0x00000000c6000000|100%| O|  |TAMS 0x00000000c6000000, 0x00000000c5f00000| Untracked 
|   6|0x00000000c6000000, 0x00000000c6100000, 0x00000000c6100000|100%| O|  |TAMS 0x00000000c6100000, 0x00000000c6000000| Untracked 
|   7|0x00000000c6100000, 0x00000000c6200000, 0x00000000c6200000|100%| O|  |TAMS 0x00000000c6200000, 0x00000000c6100000| Untracked 
|   8|0x00000000c6200000, 0x00000000c6300000, 0x00000000c6300000|100%| O|  |TAMS 0x00000000c6300000, 0x00000000c6200000| Untracked 
|   9|0x00000000c6300000, 0x00000000c6400000, 0x00000000c6400000|100%| O|  |TAMS 0x00000000c6400000, 0x00000000c6300000| Untracked 
|  10|0x00000000c6400000, 0x00000000c6500000, 0x00000000c6500000|100%| O|  |TAMS 0x00000000c6500000, 0x00000000c6400000| Untracked 
|  11|0x00000000c6500000, 0x00000000c6600000, 0x00000000c6600000|100%| O|  |TAMS 0x00000000c6600000, 0x00000000c6500000| Untracked 
|  12|0x00000000c6600000, 0x00000000c6700000, 0x00000000c6700000|100%| O|  |TAMS 0x00000000c6700000, 0x00000000c6600000| Untracked 
|  13|0x00000000c6700000, 0x00000000c6800000, 0x00000000c6800000|100%| O|  |TAMS 0x00000000c6800000, 0x00000000c6700000| Untracked 
|  14|0x00000000c6800000, 0x00000000c6900000, 0x00000000c6900000|100%| O|  |TAMS 0x00000000c6900000, 0x00000000c6800000| Untracked 
|  15|0x00000000c6900000, 0x00000000c6a00000, 0x00000000c6a00000|100%| O|  |TAMS 0x00000000c6a00000, 0x00000000c6900000| Untracked 
|  16|0x00000000c6a00000, 0x00000000c6b00000, 0x00000000c6b00000|100%| O|  |TAMS 0x00000000c6b00000, 0x00000000c6a00000| Untracked 
|  17|0x00000000c6b00000, 0x00000000c6c00000, 0x00000000c6c00000|100%| O|  |TAMS 0x00000000c6c00000, 0x00000000c6b00000| Untracked 
|  18|0x00000000c6c00000, 0x00000000c6d00000, 0x00000000c6d00000|100%| O|  |TAMS 0x00000000c6d00000, 0x00000000c6c00000| Untracked 
|  19|0x00000000c6d00000, 0x00000000c6e00000, 0x00000000c6e00000|100%| O|  |TAMS 0x00000000c6e00000, 0x00000000c6d00000| Untracked 
|  20|0x00000000c6e00000, 0x00000000c6f00000, 0x00000000c6f00000|100%| O|  |TAMS 0x00000000c6ecfc00, 0x00000000c6e00000| Untracked 
|  21|0x00000000c6f00000, 0x00000000c7000000, 0x00000000c7000000|100%| O|  |TAMS 0x00000000c6f00000, 0x00000000c6f00000| Untracked 
|  22|0x00000000c7000000, 0x00000000c7100000, 0x00000000c7100000|100%| O|  |TAMS 0x00000000c7000000, 0x00000000c7000000| Untracked 
|  23|0x00000000c7100000, 0x00000000c7200000, 0x00000000c7200000|100%| O|  |TAMS 0x00000000c7100000, 0x00000000c7100000| Untracked 
|  24|0x00000000c7200000, 0x00000000c7300000, 0x00000000c7300000|100%| O|  |TAMS 0x00000000c7200000, 0x00000000c7200000| Untracked 
|  25|0x00000000c7300000, 0x00000000c73c9600, 0x00000000c7400000| 78%| O|  |TAMS 0x00000000c7300000, 0x00000000c7300000| Untracked 
|  26|0x00000000c7400000, 0x00000000c7400000, 0x00000000c7500000|  0%| F|  |TAMS 0x00000000c7400000, 0x00000000c7400000| Untracked 
|  27|0x00000000c7500000, 0x00000000c7500000, 0x00000000c7600000|  0%| F|  |TAMS 0x00000000c7500000, 0x00000000c7500000| Untracked 
|  28|0x00000000c7600000, 0x00000000c7600000, 0x00000000c7700000|  0%| F|  |TAMS 0x00000000c7600000, 0x00000000c7600000| Untracked 
|  29|0x00000000c7700000, 0x00000000c7700000, 0x00000000c7800000|  0%| F|  |TAMS 0x00000000c7700000, 0x00000000c7700000| Untracked 
|  30|0x00000000c7800000, 0x00000000c7800000, 0x00000000c7900000|  0%| F|  |TAMS 0x00000000c7800000, 0x00000000c7800000| Untracked 
|  31|0x00000000c7900000, 0x00000000c7900000, 0x00000000c7a00000|  0%| F|  |TAMS 0x00000000c7900000, 0x00000000c7900000| Untracked 
|  32|0x00000000c7a00000, 0x00000000c7a00000, 0x00000000c7b00000|  0%| F|  |TAMS 0x00000000c7a00000, 0x00000000c7a00000| Untracked 
|  33|0x00000000c7b00000, 0x00000000c7b00000, 0x00000000c7c00000|  0%| F|  |TAMS 0x00000000c7b00000, 0x00000000c7b00000| Untracked 
|  34|0x00000000c7c00000, 0x00000000c7c00000, 0x00000000c7d00000|  0%| F|  |TAMS 0x00000000c7c00000, 0x00000000c7c00000| Untracked 
|  35|0x00000000c7d00000, 0x00000000c7d00000, 0x00000000c7e00000|  0%| F|  |TAMS 0x00000000c7d00000, 0x00000000c7d00000| Untracked 
|  36|0x00000000c7e00000, 0x00000000c7e00000, 0x00000000c7f00000|  0%| F|  |TAMS 0x00000000c7e00000, 0x00000000c7e00000| Untracked 
|  37|0x00000000c7f00000, 0x00000000c7f00000, 0x00000000c8000000|  0%| F|  |TAMS 0x00000000c7f00000, 0x00000000c7f00000| Untracked 
|  38|0x00000000c8000000, 0x00000000c8000000, 0x00000000c8100000|  0%| F|  |TAMS 0x00000000c8000000, 0x00000000c8000000| Untracked 
|  39|0x00000000c8100000, 0x00000000c8100000, 0x00000000c8200000|  0%| F|  |TAMS 0x00000000c8100000, 0x00000000c8100000| Untracked 
|  40|0x00000000c8200000, 0x00000000c8200000, 0x00000000c8300000|  0%| F|  |TAMS 0x00000000c8200000, 0x00000000c8200000| Untracked 
|  41|0x00000000c8300000, 0x00000000c8300000, 0x00000000c8400000|  0%| F|  |TAMS 0x00000000c8300000, 0x00000000c8300000| Untracked 
|  42|0x00000000c8400000, 0x00000000c8400000, 0x00000000c8500000|  0%| F|  |TAMS 0x00000000c8400000, 0x00000000c8400000| Untracked 
|  43|0x00000000c8500000, 0x00000000c8500000, 0x00000000c8600000|  0%| F|  |TAMS 0x00000000c8500000, 0x00000000c8500000| Untracked 
|  44|0x00000000c8600000, 0x00000000c86ef3c0, 0x00000000c8700000| 93%| S|CS|TAMS 0x00000000c8600000, 0x00000000c8600000| Complete 
|  45|0x00000000c8700000, 0x00000000c8800000, 0x00000000c8800000|100%| S|CS|TAMS 0x00000000c8700000, 0x00000000c8700000| Complete 
|  46|0x00000000c8800000, 0x00000000c8900000, 0x00000000c8900000|100%| S|CS|TAMS 0x00000000c8800000, 0x00000000c8800000| Complete 
|  47|0x00000000c8900000, 0x00000000c8900000, 0x00000000c8a00000|  0%| F|  |TAMS 0x00000000c8900000, 0x00000000c8900000| Untracked 
|  48|0x00000000c8a00000, 0x00000000c8a00000, 0x00000000c8b00000|  0%| F|  |TAMS 0x00000000c8a00000, 0x00000000c8a00000| Untracked 
|  49|0x00000000c8b00000, 0x00000000c8b00000, 0x00000000c8c00000|  0%| F|  |TAMS 0x00000000c8b00000, 0x00000000c8b00000| Untracked 
|  50|0x00000000c8c00000, 0x00000000c8d00000, 0x00000000c8d00000|100%| S|CS|TAMS 0x00000000c8c00000, 0x00000000c8c00000| Complete 
|  51|0x00000000c8d00000, 0x00000000c8e00000, 0x00000000c8e00000|100%| S|CS|TAMS 0x00000000c8d00000, 0x00000000c8d00000| Complete 
|  52|0x00000000c8e00000, 0x00000000c8e00000, 0x00000000c8f00000|  0%| F|  |TAMS 0x00000000c8e00000, 0x00000000c8e00000| Untracked 
|  53|0x00000000c8f00000, 0x00000000c8f00000, 0x00000000c9000000|  0%| F|  |TAMS 0x00000000c8f00000, 0x00000000c8f00000| Untracked 
|  54|0x00000000c9000000, 0x00000000c9000000, 0x00000000c9100000|  0%| F|  |TAMS 0x00000000c9000000, 0x00000000c9000000| Untracked 
|  55|0x00000000c9100000, 0x00000000c9100000, 0x00000000c9200000|  0%| F|  |TAMS 0x00000000c9100000, 0x00000000c9100000| Untracked 
|  56|0x00000000c9200000, 0x00000000c9200000, 0x00000000c9300000|  0%| F|  |TAMS 0x00000000c9200000, 0x00000000c9200000| Untracked 
|  57|0x00000000c9300000, 0x00000000c9300000, 0x00000000c9400000|  0%| F|  |TAMS 0x00000000c9300000, 0x00000000c9300000| Untracked 
|  58|0x00000000c9400000, 0x00000000c9400000, 0x00000000c9500000|  0%| F|  |TAMS 0x00000000c9400000, 0x00000000c9400000| Untracked 
|  59|0x00000000c9500000, 0x00000000c9500000, 0x00000000c9600000|  0%| F|  |TAMS 0x00000000c9500000, 0x00000000c9500000| Untracked 
|  60|0x00000000c9600000, 0x00000000c9600000, 0x00000000c9700000|  0%| F|  |TAMS 0x00000000c9600000, 0x00000000c9600000| Untracked 
|  61|0x00000000c9700000, 0x00000000c9700000, 0x00000000c9800000|  0%| F|  |TAMS 0x00000000c9700000, 0x00000000c9700000| Untracked 
|  62|0x00000000c9800000, 0x00000000c9800000, 0x00000000c9900000|  0%| F|  |TAMS 0x00000000c9800000, 0x00000000c9800000| Untracked 
|  63|0x00000000c9900000, 0x00000000c9900000, 0x00000000c9a00000|  0%| F|  |TAMS 0x00000000c9900000, 0x00000000c9900000| Untracked 
|  64|0x00000000c9a00000, 0x00000000c9a00000, 0x00000000c9b00000|  0%| F|  |TAMS 0x00000000c9a00000, 0x00000000c9a00000| Untracked 
|  65|0x00000000c9b00000, 0x00000000c9b00000, 0x00000000c9c00000|  0%| F|  |TAMS 0x00000000c9b00000, 0x00000000c9b00000| Untracked 
|  66|0x00000000c9c00000, 0x00000000c9c00000, 0x00000000c9d00000|  0%| F|  |TAMS 0x00000000c9c00000, 0x00000000c9c00000| Untracked 
|  67|0x00000000c9d00000, 0x00000000c9d00000, 0x00000000c9e00000|  0%| F|  |TAMS 0x00000000c9d00000, 0x00000000c9d00000| Untracked 
|  68|0x00000000c9e00000, 0x00000000c9e00000, 0x00000000c9f00000|  0%| F|  |TAMS 0x00000000c9e00000, 0x00000000c9e00000| Untracked 
|  69|0x00000000c9f00000, 0x00000000c9f00000, 0x00000000ca000000|  0%| F|  |TAMS 0x00000000c9f00000, 0x00000000c9f00000| Untracked 
|  70|0x00000000ca000000, 0x00000000ca000000, 0x00000000ca100000|  0%| F|  |TAMS 0x00000000ca000000, 0x00000000ca000000| Untracked 
|  71|0x00000000ca100000, 0x00000000ca100000, 0x00000000ca200000|  0%| F|  |TAMS 0x00000000ca100000, 0x00000000ca100000| Untracked 
|  72|0x00000000ca200000, 0x00000000ca200000, 0x00000000ca300000|  0%| F|  |TAMS 0x00000000ca200000, 0x00000000ca200000| Untracked 
|  73|0x00000000ca300000, 0x00000000ca300000, 0x00000000ca400000|  0%| F|  |TAMS 0x00000000ca300000, 0x00000000ca300000| Untracked 
|  74|0x00000000ca400000, 0x00000000ca400000, 0x00000000ca500000|  0%| F|  |TAMS 0x00000000ca400000, 0x00000000ca400000| Untracked 
|  75|0x00000000ca500000, 0x00000000ca500000, 0x00000000ca600000|  0%| F|  |TAMS 0x00000000ca500000, 0x00000000ca500000| Untracked 
|  76|0x00000000ca600000, 0x00000000ca600000, 0x00000000ca700000|  0%| F|  |TAMS 0x00000000ca600000, 0x00000000ca600000| Untracked 
|  77|0x00000000ca700000, 0x00000000ca700000, 0x00000000ca800000|  0%| F|  |TAMS 0x00000000ca700000, 0x00000000ca700000| Untracked 
|  78|0x00000000ca800000, 0x00000000ca800000, 0x00000000ca900000|  0%| F|  |TAMS 0x00000000ca800000, 0x00000000ca800000| Untracked 
|  79|0x00000000ca900000, 0x00000000ca900000, 0x00000000caa00000|  0%| F|  |TAMS 0x00000000ca900000, 0x00000000ca900000| Untracked 
|  80|0x00000000caa00000, 0x00000000caa00000, 0x00000000cab00000|  0%| F|  |TAMS 0x00000000caa00000, 0x00000000caa00000| Untracked 
|  81|0x00000000cab00000, 0x00000000cab00000, 0x00000000cac00000|  0%| F|  |TAMS 0x00000000cab00000, 0x00000000cab00000| Untracked 
|  82|0x00000000cac00000, 0x00000000cac00000, 0x00000000cad00000|  0%| F|  |TAMS 0x00000000cac00000, 0x00000000cac00000| Untracked 
|  83|0x00000000cad00000, 0x00000000cad00000, 0x00000000cae00000|  0%| F|  |TAMS 0x00000000cad00000, 0x00000000cad00000| Untracked 
|  84|0x00000000cae00000, 0x00000000cae00000, 0x00000000caf00000|  0%| F|  |TAMS 0x00000000cae00000, 0x00000000cae00000| Untracked 
|  85|0x00000000caf00000, 0x00000000caf00000, 0x00000000cb000000|  0%| F|  |TAMS 0x00000000caf00000, 0x00000000caf00000| Untracked 
|  86|0x00000000cb000000, 0x00000000cb000000, 0x00000000cb100000|  0%| F|  |TAMS 0x00000000cb000000, 0x00000000cb000000| Untracked 
|  87|0x00000000cb100000, 0x00000000cb100000, 0x00000000cb200000|  0%| F|  |TAMS 0x00000000cb100000, 0x00000000cb100000| Untracked 
|  88|0x00000000cb200000, 0x00000000cb200000, 0x00000000cb300000|  0%| F|  |TAMS 0x00000000cb200000, 0x00000000cb200000| Untracked 
|  89|0x00000000cb300000, 0x00000000cb300000, 0x00000000cb400000|  0%| F|  |TAMS 0x00000000cb300000, 0x00000000cb300000| Untracked 
|  90|0x00000000cb400000, 0x00000000cb400000, 0x00000000cb500000|  0%| F|  |TAMS 0x00000000cb400000, 0x00000000cb400000| Untracked 
|  91|0x00000000cb500000, 0x00000000cb500000, 0x00000000cb600000|  0%| F|  |TAMS 0x00000000cb500000, 0x00000000cb500000| Untracked 
|  92|0x00000000cb600000, 0x00000000cb600000, 0x00000000cb700000|  0%| F|  |TAMS 0x00000000cb600000, 0x00000000cb600000| Untracked 
|  93|0x00000000cb700000, 0x00000000cb7cd690, 0x00000000cb800000| 80%| E|  |TAMS 0x00000000cb700000, 0x00000000cb700000| Complete 
|  94|0x00000000cb800000, 0x00000000cb900000, 0x00000000cb900000|100%| E|CS|TAMS 0x00000000cb800000, 0x00000000cb800000| Complete 
|  95|0x00000000cb900000, 0x00000000cba00000, 0x00000000cba00000|100%| E|CS|TAMS 0x00000000cb900000, 0x00000000cb900000| Complete 
|  96|0x00000000cba00000, 0x00000000cbb00000, 0x00000000cbb00000|100%| E|CS|TAMS 0x00000000cba00000, 0x00000000cba00000| Complete 
|  97|0x00000000cbb00000, 0x00000000cbc00000, 0x00000000cbc00000|100%| E|CS|TAMS 0x00000000cbb00000, 0x00000000cbb00000| Complete 
|  98|0x00000000cbc00000, 0x00000000cbd00000, 0x00000000cbd00000|100%| E|CS|TAMS 0x00000000cbc00000, 0x00000000cbc00000| Complete 
|  99|0x00000000cbd00000, 0x00000000cbe00000, 0x00000000cbe00000|100%| E|CS|TAMS 0x00000000cbd00000, 0x00000000cbd00000| Complete 
| 100|0x00000000cbe00000, 0x00000000cbf00000, 0x00000000cbf00000|100%| E|CS|TAMS 0x00000000cbe00000, 0x00000000cbe00000| Complete 
| 101|0x00000000cbf00000, 0x00000000cc000000, 0x00000000cc000000|100%| E|CS|TAMS 0x00000000cbf00000, 0x00000000cbf00000| Complete 
| 102|0x00000000cc000000, 0x00000000cc100000, 0x00000000cc100000|100%| E|CS|TAMS 0x00000000cc000000, 0x00000000cc000000| Complete 
| 103|0x00000000cc100000, 0x00000000cc200000, 0x00000000cc200000|100%| E|CS|TAMS 0x00000000cc100000, 0x00000000cc100000| Complete 
| 104|0x00000000cc200000, 0x00000000cc300000, 0x00000000cc300000|100%| E|CS|TAMS 0x00000000cc200000, 0x00000000cc200000| Complete 
| 105|0x00000000cc300000, 0x00000000cc400000, 0x00000000cc400000|100%| E|CS|TAMS 0x00000000cc300000, 0x00000000cc300000| Complete 
| 932|0x00000000ffe00000, 0x00000000ffe47000, 0x00000000fff00000| 27%|OA|  |TAMS 0x00000000ffe47000, 0x00000000ffe00000| Untracked 
| 933|0x00000000fff00000, 0x00000000fff6b000, 0x0000000100000000| 41%|CA|  |TAMS 0x00000000fff6b000, 0x00000000fff00000| Untracked 

Card table byte_map: [0x00007f78e0680000,0x00007f78e0853000] _byte_map_base: 0x00007f78e0053000

Marking Bits (Prev, Next): (CMBitMap*) 0x00007f78f8046970, (CMBitMap*) 0x00007f78f8046938
 Prev Bits: [0x00007f78da2d0000, 0x00007f78db168000)
 Next Bits: [0x00007f78db168000, 0x00007f78dc000000)

Polling page: 0x00007f78fe33c000

Metaspace:

Usage:
  Non-class:     61,00 MB capacity,    59,86 MB ( 98%) used,   926,49 KB (  1%) free+waste,   239,75 KB ( <1%) overhead. 
      Class:      9,50 MB capacity,     8,80 MB ( 93%) used,   604,27 KB (  6%) free+waste,   110,50 KB (  1%) overhead. 
       Both:     70,50 MB capacity,    68,67 MB ( 97%) used,     1,49 MB (  2%) free+waste,   350,25 KB ( <1%) overhead. 

Virtual space:
  Non-class space:       62,00 MB reserved,      61,25 MB ( 99%) committed 
      Class space:        1,00 GB reserved,       9,50 MB ( <1%) committed 
             Both:        1,06 GB reserved,      70,75 MB (  7%) committed 

Chunk freelists:
   Non-Class:  84,00 KB
       Class:  1,00 KB
        Both:  85,00 KB

MaxMetaspaceSize: unlimited
CompressedClassSpaceSize: 1,00 GB
Initial GC threshold: 20,80 MB
Current GC threshold: 98,34 MB
CDS: on

CodeHeap 'non-profiled nmethods': size=120032Kb used=4786Kb max_used=4786Kb free=115245Kb
 bounds [0x00007f78e831b000, 0x00007f78e87cb000, 0x00007f78ef853000]
CodeHeap 'profiled nmethods': size=120032Kb used=15244Kb max_used=15244Kb free=104787Kb
 bounds [0x00007f78e0de3000, 0x00007f78e1cd3000, 0x00007f78e831b000]
CodeHeap 'non-nmethods': size=5696Kb used=1395Kb max_used=1444Kb free=4301Kb
 bounds [0x00007f78e0853000, 0x00007f78e0ac3000, 0x00007f78e0de3000]
 total_blobs=7647 nmethods=7010 adapters=558
 compilation: enabled
              stopped_count=0, restarted_count=0
 full_count=0

Compilation events (20 events):
Event: 7175,110 Thread 0x00007f78f8134800 7222       3       java.util.concurrent.ConcurrentHashMap$EntryIterator::<init> (12 bytes)
Event: 7175,111 Thread 0x00007f78f8134800 nmethod 7222 0x00007f78e1cbca90 code [0x00007f78e1cbcc60, 0x00007f78e1cbcef0]
Event: 7175,125 Thread 0x00007f78f8134800 7223   !   3       sun.security.x509.X509CertImpl::getPublicKey (27 bytes)
Event: 7175,126 Thread 0x00007f78f8134800 nmethod 7223 0x00007f78e1cbd010 code [0x00007f78e1cbd1e0, 0x00007f78e1cbd500]
Event: 7175,126 Thread 0x00007f78f8134800 7224       3       java.math.MutableBigInteger::divideMagnitude (1307 bytes)
Event: 7175,132 Thread 0x00007f78f8134800 nmethod 7224 0x00007f78e1cbd610 code [0x00007f78e1cbda00, 0x00007f78e1cbfe90]
Event: 7175,132 Thread 0x00007f78f8134800 7225       3       java.math.MutableBigInteger::normalize (91 bytes)
Event: 7175,132 Thread 0x00007f78f8134800 nmethod 7225 0x00007f78e1cc1510 code [0x00007f78e1cc16e0, 0x00007f78e1cc1a50]
Event: 7175,133 Thread 0x00007f78f8134800 7226       3       sun.security.ssl.ProtocolVersion::useTLS13PlusSpec (47 bytes)
Event: 7175,133 Thread 0x00007f78f8134800 nmethod 7226 0x00007f78e1cc1b90 code [0x00007f78e1cc1d40, 0x00007f78e1cc1f90]
Event: 7175,133 Thread 0x00007f78f8134800 7227       3       sun.security.provider.SHA5::<init> (35 bytes)
Event: 7175,134 Thread 0x00007f78f8134800 nmethod 7227 0x00007f78e1cc2090 code [0x00007f78e1cc2280, 0x00007f78e1cc29a0]
Event: 7175,161 Thread 0x00007f78f8134800 7228       3       java.util.concurrent.ScheduledThreadPoolExecutor::triggerTime (22 bytes)
Event: 7175,162 Thread 0x00007f78f8134800 nmethod 7228 0x00007f78e1cc2b90 code [0x00007f78e1cc2d60, 0x00007f78e1cc2f40]
Event: 7276,551 Thread 0x00007f78f8134800 7229       3       ch.qos.logback.classic.LoggerContext::getTurboFilterChainDecision_1 (38 bytes)
Event: 7276,552 Thread 0x00007f78f8134800 nmethod 7229 0x00007f78e1cc3010 code [0x00007f78e1cc3200, 0x00007f78e1cc3760]
Event: 7449,605 Thread 0x00007f78f8132800 7230       4       java.io.File::getName (42 bytes)
Event: 7449,623 Thread 0x00007f78f8132800 nmethod 7230 0x00007f78e87c6c90 code [0x00007f78e87c6e60, 0x00007f78e87c75c8]
Event: 7606,553 Thread 0x00007f78f8134800 7231       3       com.zaxxer.hikari.pool.HikariPool::logPoolState (92 bytes)
Event: 7606,557 Thread 0x00007f78f8134800 nmethod 7231 0x00007f78e1cc3910 code [0x00007f78e1cc3ca0, 0x00007f78e1cc59f0]

GC Heap History (20 events):
Event: 14,651 GC heap before
{Heap before GC invocations=16 (full 0):
 garbage-first heap   total 76800K, used 57069K [0x00000000c5a00000, 0x0000000100000000)
  region size 1024K, 41 young (41984K), 3 survivors (3072K)
 Metaspace       used 38127K, capacity 39343K, committed 39808K, reserved 1083392K
  class space    used 4935K, capacity 5426K, committed 5504K, reserved 1048576K
}
Event: 14,667 GC heap after
{Heap after GC invocations=17 (full 0):
 garbage-first heap   total 92160K, used 18763K [0x00000000c5a00000, 0x0000000100000000)
  region size 1024K, 4 young (4096K), 4 survivors (4096K)
 Metaspace       used 38127K, capacity 39343K, committed 39808K, reserved 1083392K
  class space    used 4935K, capacity 5426K, committed 5504K, reserved 1048576K
}
Event: 16,690 GC heap before
{Heap before GC invocations=17 (full 0):
 garbage-first heap   total 92160K, used 63819K [0x00000000c5a00000, 0x0000000100000000)
  region size 1024K, 48 young (49152K), 4 survivors (4096K)
 Metaspace       used 44573K, capacity 45898K, committed 46208K, reserved 1089536K
  class space    used 5689K, capacity 6196K, committed 6272K, reserved 1048576K
}
Event: 16,716 GC heap after
{Heap after GC invocations=18 (full 0):
 garbage-first heap   total 92160K, used 22137K [0x00000000c5a00000, 0x0000000100000000)
  region size 1024K, 6 young (6144K), 6 survivors (6144K)
 Metaspace       used 44573K, capacity 45898K, committed 46208K, reserved 1089536K
  class space    used 5689K, capacity 6196K, committed 6272K, reserved 1048576K
}
Event: 17,686 GC heap before
{Heap before GC invocations=18 (full 0):
 garbage-first heap   total 92160K, used 67193K [0x00000000c5a00000, 0x0000000100000000)
  region size 1024K, 50 young (51200K), 6 survivors (6144K)
 Metaspace       used 48209K, capacity 49526K, committed 49792K, reserved 1091584K
  class space    used 6135K, capacity 6657K, committed 6784K, reserved 1048576K
}
Event: 17,701 GC heap after
{Heap after GC invocations=19 (full 0):
 garbage-first heap   total 92160K, used 23591K [0x00000000c5a00000, 0x0000000100000000)
  region size 1024K, 5 young (5120K), 5 survivors (5120K)
 Metaspace       used 48209K, capacity 49526K, committed 49792K, reserved 1091584K
  class space    used 6135K, capacity 6657K, committed 6784K, reserved 1048576K
}
Event: 18,672 GC heap before
{Heap before GC invocations=19 (full 0):
 garbage-first heap   total 92160K, used 68647K [0x00000000c5a00000, 0x0000000100000000)
  region size 1024K, 49 young (50176K), 5 survivors (5120K)
 Metaspace       used 52110K, capacity 53449K, committed 53632K, reserved 1095680K
  class space    used 6744K, capacity 7259K, committed 7296K, reserved 1048576K
}
Event: 18,690 GC heap after
{Heap after GC invocations=20 (full 0):
 garbage-first heap   total 92160K, used 24071K [0x00000000c5a00000, 0x0000000100000000)
  region size 1024K, 2 young (2048K), 2 survivors (2048K)
 Metaspace       used 52110K, capacity 53449K, committed 53632K, reserved 1095680K
  class space    used 6744K, capacity 7259K, committed 7296K, reserved 1048576K
}
Event: 21,845 GC heap before
{Heap before GC invocations=20 (full 0):
 garbage-first heap   total 92160K, used 70151K [0x00000000c5a00000, 0x0000000100000000)
  region size 1024K, 47 young (48128K), 2 survivors (2048K)
 Metaspace       used 55885K, capacity 57225K, committed 57472K, reserved 1099776K
  class space    used 7232K, capacity 7748K, committed 7808K, reserved 1048576K
}
Event: 21,858 GC heap after
{Heap after GC invocations=21 (full 0):
 garbage-first heap   total 110592K, used 25334K [0x00000000c5a00000, 0x0000000100000000)
  region size 1024K, 4 young (4096K), 4 survivors (4096K)
 Metaspace       used 55885K, capacity 57225K, committed 57472K, reserved 1099776K
  class space    used 7232K, capacity 7748K, committed 7808K, reserved 1048576K
}
Event: 22,496 GC heap before
{Heap before GC invocations=21 (full 0):
 garbage-first heap   total 110592K, used 59126K [0x00000000c5a00000, 0x0000000100000000)
  region size 1024K, 38 young (38912K), 4 survivors (4096K)
 Metaspace       used 58428K, capacity 60015K, committed 60160K, reserved 1101824K
  class space    used 7582K, capacity 8227K, committed 8320K, reserved 1048576K
}
Event: 22,509 GC heap after
{Heap after GC invocations=22 (full 0):
 garbage-first heap   total 110592K, used 26119K [0x00000000c5a00000, 0x0000000100000000)
  region size 1024K, 4 young (4096K), 4 survivors (4096K)
 Metaspace       used 58428K, capacity 60015K, committed 60160K, reserved 1101824K
  class space    used 7582K, capacity 8227K, committed 8320K, reserved 1048576K
}
Event: 23,762 GC heap before
{Heap before GC invocations=23 (full 0):
 garbage-first heap   total 110592K, used 77319K [0x00000000c5a00000, 0x0000000100000000)
  region size 1024K, 54 young (55296K), 4 survivors (4096K)
 Metaspace       used 60514K, capacity 62153K, committed 62336K, reserved 1103872K
  class space    used 7898K, capacity 8552K, committed 8576K, reserved 1048576K
}
Event: 23,781 GC heap after
{Heap after GC invocations=24 (full 0):
 garbage-first heap   total 110592K, used 27715K [0x00000000c5a00000, 0x0000000100000000)
  region size 1024K, 5 young (5120K), 5 survivors (5120K)
 Metaspace       used 60514K, capacity 62153K, committed 62336K, reserved 1103872K
  class space    used 7898K, capacity 8552K, committed 8576K, reserved 1048576K
}
Event: 1793,872 GC heap before
{Heap before GC invocations=24 (full 0):
 garbage-first heap   total 110592K, used 80963K [0x00000000c5a00000, 0x0000000100000000)
  region size 1024K, 57 young (58368K), 5 survivors (5120K)
 Metaspace       used 63504K, capacity 65270K, committed 65664K, reserved 1105920K
  class space    used 8259K, capacity 8964K, committed 9088K, reserved 1048576K
}
Event: 1793,931 GC heap after
{Heap after GC invocations=25 (full 0):
 garbage-first heap   total 110592K, used 29834K [0x00000000c5a00000, 0x0000000100000000)
  region size 1024K, 6 young (6144K), 6 survivors (6144K)
 Metaspace       used 63504K, capacity 65270K, committed 65664K, reserved 1105920K
  class space    used 8259K, capacity 8964K, committed 9088K, reserved 1048576K
}
Event: 3752,182 GC heap before
{Heap before GC invocations=25 (full 0):
 garbage-first heap   total 110592K, used 84106K [0x00000000c5a00000, 0x0000000100000000)
  region size 1024K, 60 young (61440K), 6 survivors (6144K)
 Metaspace       used 66660K, capacity 68474K, committed 68736K, reserved 1107968K
  class space    used 8608K, capacity 9320K, committed 9344K, reserved 1048576K
}
Event: 3752,209 GC heap after
{Heap after GC invocations=26 (full 0):
 garbage-first heap   total 110592K, used 31048K [0x00000000c5a00000, 0x0000000100000000)
  region size 1024K, 5 young (5120K), 5 survivors (5120K)
 Metaspace       used 66660K, capacity 68474K, committed 68736K, reserved 1107968K
  class space    used 8608K, capacity 9320K, committed 9344K, reserved 1048576K
}
Event: 7089,566 GC heap before
{Heap before GC invocations=26 (full 0):
 garbage-first heap   total 110592K, used 85320K [0x00000000c5a00000, 0x0000000100000000)
  region size 1024K, 59 young (60416K), 5 survivors (5120K)
 Metaspace       used 70237K, capacity 72067K, committed 72192K, reserved 1112064K
  class space    used 9012K, capacity 9727K, committed 9728K, reserved 1048576K
}
Event: 7089,587 GC heap after
{Heap after GC invocations=27 (full 0):
 garbage-first heap   total 110592K, used 32170K [0x00000000c5a00000, 0x0000000100000000)
  region size 1024K, 5 young (5120K), 5 survivors (5120K)
 Metaspace       used 70237K, capacity 72067K, committed 72192K, reserved 1112064K
  class space    used 9012K, capacity 9727K, committed 9728K, reserved 1048576K
}

Deoptimization events (20 events):
Event: 7175,108 Thread 0x00007f787808f800 DEOPT PACKING pc=0x00007f78e1a5bedc sp=0x00007f787dbf5dc0
Event: 7175,108 Thread 0x00007f787808f800 DEOPT UNPACKING pc=0x00007f78e089d62b sp=0x00007f787dbf5380 mode 1
Event: 7175,108 Thread 0x00007f787808f800 DEOPT PACKING pc=0x00007f78e1ae6e94 sp=0x00007f787dbf5f60
Event: 7175,108 Thread 0x00007f787808f800 DEOPT UNPACKING pc=0x00007f78e089d62b sp=0x00007f787dbf54f0 mode 1
Event: 7175,108 Thread 0x00007f787808f800 DEOPT PACKING pc=0x00007f78e1ae5194 sp=0x00007f787dbf60a0
Event: 7175,108 Thread 0x00007f787808f800 DEOPT UNPACKING pc=0x00007f78e089d62b sp=0x00007f787dbf55d0 mode 1
Event: 7175,114 Thread 0x00007f787808f800 DEOPT PACKING pc=0x00007f78e1a2af39 sp=0x00007f787dbf5fa0
Event: 7175,114 Thread 0x00007f787808f800 DEOPT UNPACKING pc=0x00007f78e089d62b sp=0x00007f787dbf5478 mode 1
Event: 7175,118 Thread 0x00007f7878051800 DEOPT PACKING pc=0x00007f78e12d674c sp=0x00007f787daf44a0
Event: 7175,118 Thread 0x00007f7878051800 DEOPT UNPACKING pc=0x00007f78e089d62b sp=0x00007f787daf39b0 mode 1
Event: 7175,118 Thread 0x00007f7878051800 DEOPT PACKING pc=0x00007f78e1a7a92c sp=0x00007f787daf4570
Event: 7175,118 Thread 0x00007f7878051800 DEOPT UNPACKING pc=0x00007f78e089d62b sp=0x00007f787daf3b48 mode 1
Event: 7175,125 Thread 0x00007f7878051800 DEOPT PACKING pc=0x00007f78e175d0b4 sp=0x00007f787daf3e40
Event: 7175,125 Thread 0x00007f7878051800 DEOPT UNPACKING pc=0x00007f78e089d62b sp=0x00007f787daf3400 mode 1
Event: 7175,125 Thread 0x00007f7878051800 DEOPT PACKING pc=0x00007f78e175d0b4 sp=0x00007f787daf3e40
Event: 7175,125 Thread 0x00007f7878051800 DEOPT UNPACKING pc=0x00007f78e089d62b sp=0x00007f787daf3400 mode 1
Event: 7175,132 Thread 0x00007f7878051800 DEOPT PACKING pc=0x00007f78e1a20ce9 sp=0x00007f787daf4060
Event: 7175,132 Thread 0x00007f7878051800 DEOPT UNPACKING pc=0x00007f78e089d62b sp=0x00007f787daf3538 mode 1
Event: 7175,133 Thread 0x00007f7878051800 DEOPT PACKING pc=0x00007f78e1a20ce9 sp=0x00007f787daf45e0
Event: 7175,133 Thread 0x00007f7878051800 DEOPT UNPACKING pc=0x00007f78e089d62b sp=0x00007f787daf3ab8 mode 1

Classes redefined (0 events):
No events

Internal exceptions (20 events):
Event: 23,385 Thread 0x00007f78f801a000 Exception <a 'java/lang/ClassNotFoundException'{0x00000000ca5203f0}: org/springframework/security/config/annotation/web/configuration/WebSecurityConfigurationCustomizer> (0x00000000ca5203f0) thrown at [src/hotspot/share/classfile/systemDictionary.cpp, line 231]
Event: 23,387 Thread 0x00007f78f801a000 Exception <a 'java/lang/ClassNotFoundException'{0x00000000ca539548}: org/springframework/context/annotation/ImportAwareCustomizer> (0x00000000ca539548) thrown at [src/hotspot/share/classfile/systemDictionary.cpp, line 231]
Event: 23,388 Thread 0x00007f78f801a000 Exception <a 'java/lang/ClassNotFoundException'{0x00000000ca547130}: org/springframework/beans/factory/AwareCustomizer> (0x00000000ca547130) thrown at [src/hotspot/share/classfile/systemDictionary.cpp, line 231]
Event: 23,389 Thread 0x00007f78f801a000 Exception <a 'java/lang/ClassNotFoundException'{0x00000000ca555af8}: org/springframework/beans/factory/BeanClassLoaderAwareCustomizer> (0x00000000ca555af8) thrown at [src/hotspot/share/classfile/systemDictionary.cpp, line 231]
Event: 23,390 Thread 0x00007f78f801a000 Exception <a 'java/lang/ClassNotFoundException'{0x00000000ca5636f0}: org/springframework/beans/factory/AwareCustomizer> (0x00000000ca5636f0) thrown at [src/hotspot/share/classfile/systemDictionary.cpp, line 231]
Event: 23,498 Thread 0x00007f78f801a000 Implicit null exception at 0x00007f78e84c615d to 0x00007f78e84c69b8
Event: 24,795 Thread 0x00007f78f801a000 Exception <a 'java/lang/IncompatibleClassChangeError'{0x00000000cb364aa8}: Found class java.lang.Object, but interface was expected> (0x00000000cb364aa8) thrown at [src/hotspot/share/interpreter/linkResolver.cpp, line 839]
Event: 24,964 Thread 0x00007f78f801a000 Exception <a 'java/lang/ClassNotFoundException'{0x00000000caf6b370}: java/lang/ObjectCustomizer> (0x00000000caf6b370) thrown at [src/hotspot/share/classfile/systemDictionary.cpp, line 231]
Event: 24,964 Thread 0x00007f78f801a000 Exception <a 'java/lang/ClassNotFoundException'{0x00000000caf7ee98}: org/springframework/security/config/annotation/web/configuration/HttpSecurityConfigurationCustomizer> (0x00000000caf7ee98) thrown at [src/hotspot/share/classfile/systemDictionary.cpp, line 231]
Event: 25,013 Thread 0x00007f78f801a000 Exception <a 'java/lang/NoSuchMethodError'{0x00000000cae5f540}: 'java.lang.Object java.lang.invoke.DirectMethodHandle$Holder.invokeInterface(java.lang.Object, java.lang.Object, java.lang.Object, java.lang.Object)'> (0x00000000cae5f540) thrown at [src/hotspot/share/interpreter/linkResolver.cpp, line 772]
Event: 25,140 Thread 0x00007f78f801a000 Exception <a 'java/lang/NoSuchMethodError'{0x00000000caa025c0}: 'void java.lang.invoke.DirectMethodHandle$Holder.invokeVirtual(java.lang.Object, java.lang.Object, int)'> (0x00000000caa025c0) thrown at [src/hotspot/share/interpreter/linkResolver.cpp, line 772]
Event: 25,144 Thread 0x00007f78f801a000 Exception <a 'java/lang/NoSuchMethodError'{0x00000000caa1c3c0}: 'void java.lang.invoke.DirectMethodHandle$Holder.invokeVirtual(java.lang.Object, java.lang.Object, long)'> (0x00000000caa1c3c0) thrown at [src/hotspot/share/interpreter/linkResolver.cpp, line 772]
Event: 25,818 Thread 0x00007f78f801a000 Exception <a 'java/lang/NoSuchMethodError'{0x00000000c9950648}: 'java.lang.Object java.lang.invoke.DirectMethodHandle$Holder.invokeSpecial(java.lang.Object, java.lang.Object, int, java.lang.Object, int, java.lang.Object)'> (0x00000000c9950648) thrown at [src/hotspot/share/interpreter/linkResolver.cpp, line 772]
Event: 25,819 Thread 0x00007f78f801a000 Exception <a 'java/lang/NoSuchMethodError'{0x00000000c9957b30}: 'java.lang.Object java.lang.invoke.DirectMethodHandle$Holder.invokeStatic(java.lang.Object, java.lang.Object, int, java.lang.Object, int)'> (0x00000000c9957b30) thrown at [src/hotspot/share/interpreter/linkResolver.cpp, line 772]
Event: 25,820 Thread 0x00007f78f801a000 Exception <a 'java/lang/NoSuchMethodError'{0x00000000c995b310}: 'java.lang.Object java.lang.invoke.DirectMethodHandle$Holder.invokeSpecial(java.lang.Object, java.lang.Object, java.lang.Object, int, java.lang.Object, int)'> (0x00000000c995b310) thrown at [src/hotspot/share/interpreter/linkResolver.cpp, line 772]
Event: 25,823 Thread 0x00007f78f801a000 Exception <a 'java/lang/NoSuchMethodError'{0x00000000c996b870}: 'void java.lang.invoke.DirectMethodHandle$Holder.invokeVirtual(java.lang.Object, java.lang.Object)'> (0x00000000c996b870) thrown at [src/hotspot/share/interpreter/linkResolver.cpp, line 772]
Event: 3752,055 Thread 0x00007f7864008800 Exception <a 'java/lang/NoSuchMethodError'{0x00000000c8dbe228}: 'java.lang.Object java.lang.invoke.Invokers$Holder.linkToTargetMethod(java.lang.Object, java.lang.Object, java.lang.Object, java.lang.Object, java.lang.Object, java.lang.Object, java.lang.Object)'> (0x00000000c8dbe228) thrown at [src/hotspot/share/interpreter/linkResolver.cpp, line 772]
Event: 3752,552 Thread 0x00007f7864008800 Implicit null exception at 0x00007f78e84aec74 to 0x00007f78e84af5ec
Event: 3768,356 Thread 0x00007f7864008800 Exception <a 'java/lang/NoSuchMethodError'{0x00000000cacfa9c0}: 'java.lang.Object java.lang.invoke.DirectMethodHandle$Holder.invokeStaticInit(java.lang.Object, java.lang.Object, java.lang.Object, java.lang.Object, java.lang.Object, java.lang.Object)'> (0x00000000cacfa9c0) thrown at [src/hotspot/share/interpreter/linkResolver.cpp, line 772]
Event: 4502,257 Thread 0x00007f7864002000 Exception <a 'java/lang/NoSuchMethodError'{0x00000000c9d41800}: 'java.lang.Object java.lang.invoke.DirectMethodHandle$Holder.invokeStatic(java.lang.Object, long)'> (0x00000000c9d41800) thrown at [src/hotspot/share/interpreter/linkResolver.cpp, line 772]

Events (20 events):
Event: 7175,108 Executing VM operation: RevokeBias
Event: 7175,108 Executing VM operation: RevokeBias done
Event: 7175,109 Executing VM operation: BulkRevokeBias
Event: 7175,110 Executing VM operation: BulkRevokeBias done
Event: 7175,112 Executing VM operation: RevokeBias
Event: 7175,113 Executing VM operation: RevokeBias done
Event: 7175,113 Executing VM operation: RevokeBias
Event: 7175,113 Executing VM operation: RevokeBias done
Event: 7175,114 Executing VM operation: RevokeBias
Event: 7175,117 Executing VM operation: RevokeBias done
Event: 7175,119 Executing VM operation: RevokeBias
Event: 7175,120 Executing VM operation: RevokeBias done
Event: 7180,120 Executing VM operation: RevokeBias
Event: 7180,120 Executing VM operation: RevokeBias done
Event: 7180,120 Thread 0x00007f787808f800 Thread exited: 0x00007f787808f800
Event: 7180,162 Executing VM operation: RevokeBias
Event: 7180,162 Executing VM operation: RevokeBias done
Event: 7180,162 Thread 0x00007f7878051800 Thread exited: 0x00007f7878051800
Event: 7608,150 Thread 0x00007f7898001800 Thread exited: 0x00007f7898001800
Event: 7608,201 loading class jdk/internal/misc/Signal$1


Dynamic libraries:
c5a00000-cc400000 rw-p 00000000 00:00 0 
cc400000-ffe00000 ---p 00000000 00:00 0 
ffe00000-ffe47000 rw-p 01114000 08:06 6819997                            /usr/lib/jvm/java-11-openjdk-amd64/lib/server/classes.jsa
ffe47000-fff00000 rw-p 00000000 00:00 0 
fff00000-fff6b000 rw-p 010a9000 08:06 6819997                            /usr/lib/jvm/java-11-openjdk-amd64/lib/server/classes.jsa
fff6b000-100000000 rw-p 00000000 00:00 0 
800000000-800002000 rwxp 00001000 08:06 6819997                          /usr/lib/jvm/java-11-openjdk-amd64/lib/server/classes.jsa
800002000-8010a8000 rw-p 00003000 08:06 6819997                          /usr/lib/jvm/java-11-openjdk-amd64/lib/server/classes.jsa
840000000-840980000 rw-p 00000000 00:00 0 
840980000-880000000 ---p 00000000 00:00 0 
56470d113000-56470d114000 r--p 00000000 08:06 6819645                    /usr/lib/jvm/java-11-openjdk-amd64/bin/java
56470d114000-56470d115000 r-xp 00001000 08:06 6819645                    /usr/lib/jvm/java-11-openjdk-amd64/bin/java
56470d115000-56470d116000 r--p 00002000 08:06 6819645                    /usr/lib/jvm/java-11-openjdk-amd64/bin/java
56470d116000-56470d117000 r--p 00002000 08:06 6819645                    /usr/lib/jvm/java-11-openjdk-amd64/bin/java
56470d117000-56470d118000 rw-p 00003000 08:06 6819645                    /usr/lib/jvm/java-11-openjdk-amd64/bin/java
56470d459000-56470d660000 rw-p 00000000 00:00 0                          [heap]
7f785c000000-7f785c165000 rw-p 00000000 00:00 0 
7f785c165000-7f7860000000 ---p 00000000 00:00 0 
7f7860000000-7f7860024000 rw-p 00000000 00:00 0 
7f7860024000-7f7864000000 ---p 00000000 00:00 0 
7f7864000000-7f7864021000 rw-p 00000000 00:00 0 
7f7864021000-7f7868000000 ---p 00000000 00:00 0 
7f7868000000-7f7868021000 rw-p 00000000 00:00 0 
7f7868021000-7f786c000000 ---p 00000000 00:00 0 
7f786c000000-7f786c021000 rw-p 00000000 00:00 0 
7f786c021000-7f7870000000 ---p 00000000 00:00 0 
7f7870000000-7f787002b000 rw-p 00000000 00:00 0 
7f787002b000-7f7874000000 ---p 00000000 00:00 0 
7f7874000000-7f7874021000 rw-p 00000000 00:00 0 
7f7874021000-7f7878000000 ---p 00000000 00:00 0 
7f7878000000-7f78780b8000 rw-p 00000000 00:00 0 
7f78780b8000-7f787c000000 ---p 00000000 00:00 0 
7f787d9f6000-7f787d9fa000 ---p 00000000 00:00 0 
7f787d9fa000-7f787daf7000 rw-p 00000000 00:00 0 
7f787daf7000-7f787dafb000 ---p 00000000 00:00 0 
7f787dafb000-7f787dbf8000 rw-p 00000000 00:00 0 
7f787dbf8000-7f787dbfc000 ---p 00000000 00:00 0 
7f787dbfc000-7f787dcf9000 rw-p 00000000 00:00 0 
7f787dcf9000-7f787dcfd000 ---p 00000000 00:00 0 
7f787dcfd000-7f787df3a000 rw-p 00000000 00:00 0 
7f787df3a000-7f787dffa000 ---p 00000000 00:00 0 
7f787dffa000-7f787e1fa000 rw-p 00000000 00:00 0 
7f787e1fa000-7f787e1fe000 ---p 00000000 00:00 0 
7f787e1fe000-7f787e4fb000 rw-p 00000000 00:00 0 
7f787e4fb000-7f787e4ff000 ---p 00000000 00:00 0 
7f787e4ff000-7f787e5fc000 rw-p 00000000 00:00 0 
7f787e5fc000-7f787e600000 ---p 00000000 00:00 0 
7f787e600000-7f787e6fd000 rw-p 00000000 00:00 0 
7f787e6fd000-7f787e701000 ---p 00000000 00:00 0 
7f787e701000-7f787e7fe000 rw-p 00000000 00:00 0 
7f787e7fe000-7f787e802000 ---p 00000000 00:00 0 
7f787e802000-7f787eaff000 rw-p 00000000 00:00 0 
7f787eaff000-7f787ecff000 rw-p 00000000 00:00 0 
7f787ecff000-7f787ed03000 ---p 00000000 00:00 0 
7f787ed03000-7f787f000000 rw-p 00000000 00:00 0 
7f787f000000-7f787f200000 rw-p 00000000 00:00 0 
7f787f200000-7f787f400000 rw-p 00000000 00:00 0 
7f787f400000-7f787f600000 rw-p 00000000 00:00 0 
7f787f600000-7f787f800000 rw-p 00000000 00:00 0 
7f787f800000-7f787fa00000 rw-p 00000000 00:00 0 
7f787fa00000-7f787fc00000 rw-p 00000000 00:00 0 
7f787fc00000-7f787fe00000 rw-p 00000000 00:00 0 
7f787fe00000-7f7880000000 rw-p 00000000 00:00 0 
7f7880000000-7f7880021000 rw-p 00000000 00:00 0 
7f7880021000-7f7884000000 ---p 00000000 00:00 0 
7f7884000000-7f7884033000 rw-p 00000000 00:00 0 
7f7884033000-7f7888000000 ---p 00000000 00:00 0 
7f7888000000-7f7888071000 rw-p 00000000 00:00 0 
7f7888071000-7f788c000000 ---p 00000000 00:00 0 
7f788c000000-7f788c3bd000 rw-p 00000000 00:00 0 
7f788c3bd000-7f7890000000 ---p 00000000 00:00 0 
7f7890000000-7f7890021000 rw-p 00000000 00:00 0 
7f7890021000-7f7894000000 ---p 00000000 00:00 0 
7f7894000000-7f7894021000 rw-p 00000000 00:00 0 
7f7894021000-7f7898000000 ---p 00000000 00:00 0 
7f7898000000-7f7898023000 rw-p 00000000 00:00 0 
7f7898023000-7f789c000000 ---p 00000000 00:00 0 
7f789c000000-7f789c025000 rw-p 00000000 00:00 0 
7f789c025000-7f78a0000000 ---p 00000000 00:00 0 
7f78a0000000-7f78a0021000 rw-p 00000000 00:00 0 
7f78a0021000-7f78a4000000 ---p 00000000 00:00 0 
7f78a4000000-7f78a4021000 rw-p 00000000 00:00 0 
7f78a4021000-7f78a8000000 ---p 00000000 00:00 0 
7f78a8000000-7f78ab915000 rw-p 00000000 00:00 0 
7f78ab915000-7f78ac000000 ---p 00000000 00:00 0 
7f78ac000000-7f78acdd9000 rw-p 00000000 00:00 0 
7f78acdd9000-7f78b0000000 ---p 00000000 00:00 0 
7f78b0000000-7f78b0021000 rw-p 00000000 00:00 0 
7f78b0021000-7f78b4000000 ---p 00000000 00:00 0 
7f78b4000000-7f78b4021000 rw-p 00000000 00:00 0 
7f78b4021000-7f78b8000000 ---p 00000000 00:00 0 
7f78b8000000-7f78b8021000 rw-p 00000000 00:00 0 
7f78b8021000-7f78bc000000 ---p 00000000 00:00 0 
7f78bc000000-7f78bc021000 rw-p 00000000 00:00 0 
7f78bc021000-7f78c0000000 ---p 00000000 00:00 0 
7f78c0000000-7f78c0021000 rw-p 00000000 00:00 0 
7f78c0021000-7f78c4000000 ---p 00000000 00:00 0 
7f78c4000000-7f78c41ba000 rw-p 00000000 00:00 0 
7f78c41ba000-7f78c8000000 ---p 00000000 00:00 0 
7f78c8000000-7f78c8021000 rw-p 00000000 00:00 0 
7f78c8021000-7f78cc000000 ---p 00000000 00:00 0 
7f78cc000000-7f78cc021000 rw-p 00000000 00:00 0 
7f78cc021000-7f78d0000000 ---p 00000000 00:00 0 
7f78d0076000-7f78d0276000 rw-p 00000000 00:00 0 
7f78d02fc000-7f78d0300000 ---p 00000000 00:00 0 
7f78d0300000-7f78d05fd000 rw-p 00000000 00:00 0 
7f78d05fd000-7f78d07fd000 rw-p 00000000 00:00 0 
7f78d07fd000-7f78d09fd000 rw-p 00000000 00:00 0 
7f78d09fd000-7f78d0bfd000 rw-p 00000000 00:00 0 
7f78d0ce6000-7f78d0cea000 ---p 00000000 00:00 0 
7f78d0cea000-7f78d0fe7000 rw-p 00000000 00:00 0 
7f78d0fe7000-7f78d11e7000 rw-p 00000000 00:00 0 
7f78d11e7000-7f78d13e7000 rw-p 00000000 00:00 0 
7f78d13e7000-7f78d15e7000 rw-p 00000000 00:00 0 
7f78d15e7000-7f78d17e7000 rw-p 00000000 00:00 0 
7f78d17e7000-7f78d19e7000 rw-p 00000000 00:00 0 
7f78d19e7000-7f78d1be7000 rw-p 00000000 00:00 0 
7f78d1be7000-7f78d1de7000 rw-p 00000000 00:00 0 
7f78d1e73000-7f78d1e77000 ---p 00000000 00:00 0 
7f78d1e77000-7f78d1f74000 rw-p 00000000 00:00 0 
7f78d1f74000-7f78d1f75000 ---p 00000000 00:00 0 
7f78d1f75000-7f78d2076000 rw-p 00000000 00:00 0 
7f78d2076000-7f78d2077000 ---p 00000000 00:00 0 
7f78d2077000-7f78d2178000 rw-p 00000000 00:00 0 
7f78d2178000-7f78d217c000 ---p 00000000 00:00 0 
7f78d217c000-7f78d2279000 rw-p 00000000 00:00 0 
7f78d2279000-7f78d227a000 ---p 00000000 00:00 0 
7f78d227a000-7f78d237b000 rw-p 00000000 00:00 0 
7f78d237b000-7f78d237c000 ---p 00000000 00:00 0 
7f78d237c000-7f78d247d000 rw-p 00000000 00:00 0 
7f78d247d000-7f78d2481000 ---p 00000000 00:00 0 
7f78d2481000-7f78d257e000 rw-p 00000000 00:00 0 
7f78d257e000-7f78d2582000 ---p 00000000 00:00 0 
7f78d2582000-7f78d267f000 rw-p 00000000 00:00 0 
7f78d267f000-7f78d2683000 ---p 00000000 00:00 0 
7f78d2683000-7f78d2780000 rw-p 00000000 00:00 0 
7f78d2780000-7f78d2784000 ---p 00000000 00:00 0 
7f78d2784000-7f78d2881000 rw-p 00000000 00:00 0 
7f78d2881000-7f78d2885000 ---p 00000000 00:00 0 
7f78d2885000-7f78d2982000 rw-p 00000000 00:00 0 
7f78d2982000-7f78d2986000 ---p 00000000 00:00 0 
7f78d2986000-7f78d2a83000 rw-p 00000000 00:00 0 
7f78d2a83000-7f78d2a87000 ---p 00000000 00:00 0 
7f78d2a87000-7f78d2b84000 rw-p 00000000 00:00 0 
7f78d2b84000-7f78d2b88000 ---p 00000000 00:00 0 
7f78d2b88000-7f78d2c85000 rw-p 00000000 00:00 0 
7f78d2c85000-7f78d2c89000 ---p 00000000 00:00 0 
7f78d2c89000-7f78d2d86000 rw-p 00000000 00:00 0 
7f78d2d86000-7f78d32f8000 r--p 00000000 08:06 6691689                    /usr/lib/locale/locale-archive
7f78d32f8000-7f78d32fc000 ---p 00000000 00:00 0 
7f78d32fc000-7f78d33f9000 rw-p 00000000 00:00 0 
7f78d33f9000-7f78d33fd000 ---p 00000000 00:00 0 
7f78d33fd000-7f78d34fa000 rw-p 00000000 00:00 0 
7f78d34fa000-7f78d34fb000 ---p 00000000 00:00 0 
7f78d34fb000-7f78d3dfc000 rw-p 00000000 00:00 0 
7f78d3dfc000-7f78d3dfd000 ---p 00000000 00:00 0 
7f78d3dfd000-7f78d3efe000 rw-p 00000000 00:00 0 
7f78d3efe000-7f78d3eff000 ---p 00000000 00:00 0 
7f78d3eff000-7f78d4000000 rw-p 00000000 00:00 0 
7f78d4000000-7f78d4021000 rw-p 00000000 00:00 0 
7f78d4021000-7f78d8000000 ---p 00000000 00:00 0 
7f78d805d000-7f78d8065000 r--p 00000000 08:06 6819726                    /usr/lib/jvm/java-11-openjdk-amd64/lib/libsunec.so
7f78d8065000-7f78d807e000 r-xp 00008000 08:06 6819726                    /usr/lib/jvm/java-11-openjdk-amd64/lib/libsunec.so
7f78d807e000-7f78d8088000 r--p 00021000 08:06 6819726                    /usr/lib/jvm/java-11-openjdk-amd64/lib/libsunec.so
7f78d8088000-7f78d8089000 ---p 0002b000 08:06 6819726                    /usr/lib/jvm/java-11-openjdk-amd64/lib/libsunec.so
7f78d8089000-7f78d808d000 r--p 0002b000 08:06 6819726                    /usr/lib/jvm/java-11-openjdk-amd64/lib/libsunec.so
7f78d808d000-7f78d808f000 rw-p 0002f000 08:06 6819726                    /usr/lib/jvm/java-11-openjdk-amd64/lib/libsunec.so
7f78d808f000-7f78d80b5000 r--p 00000000 08:06 7739987                    /usr/share/locale-langpack/pt_BR/LC_MESSAGES/libc.mo
7f78d80b5000-7f78d80b9000 r--p 00000000 08:06 6819720                    /usr/lib/jvm/java-11-openjdk-amd64/lib/libnet.so
7f78d80b9000-7f78d80c8000 r-xp 00004000 08:06 6819720                    /usr/lib/jvm/java-11-openjdk-amd64/lib/libnet.so
7f78d80c8000-7f78d80cc000 r--p 00013000 08:06 6819720                    /usr/lib/jvm/java-11-openjdk-amd64/lib/libnet.so
7f78d80cc000-7f78d80cd000 r--p 00016000 08:06 6819720                    /usr/lib/jvm/java-11-openjdk-amd64/lib/libnet.so
7f78d80cd000-7f78d80ce000 rw-p 00017000 08:06 6819720                    /usr/lib/jvm/java-11-openjdk-amd64/lib/libnet.so
7f78d80ce000-7f78da478000 rw-p 00000000 00:00 0 
7f78da478000-7f78db160000 ---p 00000000 00:00 0 
7f78db160000-7f78db310000 rw-p 00000000 00:00 0 
7f78db310000-7f78dbff8000 ---p 00000000 00:00 0 
7f78dbff8000-7f78dc000000 rw-p 00000000 00:00 0 
7f78dc000000-7f78dc021000 rw-p 00000000 00:00 0 
7f78dc021000-7f78e0000000 ---p 00000000 00:00 0 
7f78e0004000-7f78e0005000 r--p 00000000 08:06 6819702                    /usr/lib/jvm/java-11-openjdk-amd64/lib/libextnet.so
7f78e0005000-7f78e0006000 r-xp 00001000 08:06 6819702                    /usr/lib/jvm/java-11-openjdk-amd64/lib/libextnet.so
7f78e0006000-7f78e0007000 r--p 00002000 08:06 6819702                    /usr/lib/jvm/java-11-openjdk-amd64/lib/libextnet.so
7f78e0007000-7f78e0008000 r--p 00002000 08:06 6819702                    /usr/lib/jvm/java-11-openjdk-amd64/lib/libextnet.so
7f78e0008000-7f78e0009000 rw-p 00003000 08:06 6819702                    /usr/lib/jvm/java-11-openjdk-amd64/lib/libextnet.so
7f78e0009000-7f78e000b000 r--p 00000000 08:06 6819718                    /usr/lib/jvm/java-11-openjdk-amd64/lib/libmanagement_ext.so
7f78e000b000-7f78e000e000 r-xp 00002000 08:06 6819718                    /usr/lib/jvm/java-11-openjdk-amd64/lib/libmanagement_ext.so
7f78e000e000-7f78e0010000 r--p 00005000 08:06 6819718                    /usr/lib/jvm/java-11-openjdk-amd64/lib/libmanagement_ext.so
7f78e0010000-7f78e0011000 r--p 00006000 08:06 6819718                    /usr/lib/jvm/java-11-openjdk-amd64/lib/libmanagement_ext.so
7f78e0011000-7f78e0012000 rw-p 00007000 08:06 6819718                    /usr/lib/jvm/java-11-openjdk-amd64/lib/libmanagement_ext.so
7f78e0012000-7f78e0019000 r--p 00000000 08:06 6819721                    /usr/lib/jvm/java-11-openjdk-amd64/lib/libnio.so
7f78e0019000-7f78e0021000 r-xp 00007000 08:06 6819721                    /usr/lib/jvm/java-11-openjdk-amd64/lib/libnio.so
7f78e0021000-7f78e0024000 r--p 0000f000 08:06 6819721                    /usr/lib/jvm/java-11-openjdk-amd64/lib/libnio.so
7f78e0024000-7f78e0025000 r--p 00011000 08:06 6819721                    /usr/lib/jvm/java-11-openjdk-amd64/lib/libnio.so
7f78e0025000-7f78e0026000 rw-p 00012000 08:06 6819721                    /usr/lib/jvm/java-11-openjdk-amd64/lib/libnio.so
7f78e0026000-7f78e02a9000 rw-p 00000000 00:00 0 
7f78e02a9000-7f78e02aa000 ---p 00000000 00:00 0 
7f78e02aa000-7f78e03ab000 rw-p 00000000 00:00 0 
7f78e03ab000-7f78e03ac000 ---p 00000000 00:00 0 
7f78e03ac000-7f78e04e2000 rw-p 00000000 00:00 0 
7f78e04e2000-7f78e067f000 ---p 00000000 00:00 0 
7f78e067f000-7f78e06b5000 rw-p 00000000 00:00 0 
7f78e06b5000-7f78e0852000 ---p 00000000 00:00 0 
7f78e0852000-7f78e0853000 rw-p 00000000 00:00 0 
7f78e0853000-7f78e0ac3000 rwxp 00000000 00:00 0 
7f78e0ac3000-7f78e0de3000 ---p 00000000 00:00 0 
7f78e0de3000-7f78e1cd3000 rwxp 00000000 00:00 0 
7f78e1cd3000-7f78e831b000 ---p 00000000 00:00 0 
7f78e831b000-7f78e87cb000 rwxp 00000000 00:00 0 
7f78e87cb000-7f78ef853000 ---p 00000000 00:00 0 
7f78f8000000-7f78f9fac000 rw-p 00000000 00:00 0 
7f78f9fac000-7f78fc000000 ---p 00000000 00:00 0 
7f78fc003000-7f78fc006000 r--p 00000000 08:06 6819716                    /usr/lib/jvm/java-11-openjdk-amd64/lib/libmanagement.so
7f78fc006000-7f78fc007000 r-xp 00003000 08:06 6819716                    /usr/lib/jvm/java-11-openjdk-amd64/lib/libmanagement.so
7f78fc007000-7f78fc008000 r--p 00004000 08:06 6819716                    /usr/lib/jvm/java-11-openjdk-amd64/lib/libmanagement.so
7f78fc008000-7f78fc009000 r--p 00004000 08:06 6819716                    /usr/lib/jvm/java-11-openjdk-amd64/lib/libmanagement.so
7f78fc009000-7f78fc00a000 rw-p 00005000 08:06 6819716                    /usr/lib/jvm/java-11-openjdk-amd64/lib/libmanagement.so
7f78fc00a000-7f78fc00c000 r--p 00000000 08:06 6819701                    /usr/lib/jvm/java-11-openjdk-amd64/lib/libdt_socket.so
7f78fc00c000-7f78fc00f000 r-xp 00002000 08:06 6819701                    /usr/lib/jvm/java-11-openjdk-amd64/lib/libdt_socket.so
7f78fc00f000-7f78fc010000 r--p 00005000 08:06 6819701                    /usr/lib/jvm/java-11-openjdk-amd64/lib/libdt_socket.so
7f78fc010000-7f78fc011000 ---p 00006000 08:06 6819701                    /usr/lib/jvm/java-11-openjdk-amd64/lib/libdt_socket.so
7f78fc011000-7f78fc012000 r--p 00006000 08:06 6819701                    /usr/lib/jvm/java-11-openjdk-amd64/lib/libdt_socket.so
7f78fc012000-7f78fc013000 rw-p 00007000 08:06 6819701                    /usr/lib/jvm/java-11-openjdk-amd64/lib/libdt_socket.so
7f78fc013000-7f78fc01a000 r--s 00000000 08:06 7348067                    /usr/lib/x86_64-linux-gnu/gconv/gconv-modules.cache
7f78fc01a000-7f78fc0ca000 rw-p 00000000 00:00 0 
7f78fc0ca000-7f78fc267000 ---p 00000000 00:00 0 
7f78fc267000-7f78fc66c000 rw-p 00000000 00:00 0 
7f78fc66c000-7f78fc66d000 ---p 00000000 00:00 0 
7f78fc66d000-7f78fc778000 rw-p 00000000 00:00 0 
7f78fc778000-7f78fc859000 ---p 00000000 00:00 0 
7f78fc859000-7f78fc877000 rw-p 00000000 00:00 0 
7f78fc877000-7f78fc944000 ---p 00000000 00:00 0 
7f78fc944000-7f78fc949000 rw-p 00000000 00:00 0 
7f78fc949000-7f78fc950000 ---p 00000000 00:00 0 
7f78fc950000-7f78fc953000 r--p 00000000 08:06 6688645                    /usr/lib/x86_64-linux-gnu/libnss_files-2.31.so
7f78fc953000-7f78fc95a000 r-xp 00003000 08:06 6688645                    /usr/lib/x86_64-linux-gnu/libnss_files-2.31.so
7f78fc95a000-7f78fc95c000 r--p 0000a000 08:06 6688645                    /usr/lib/x86_64-linux-gnu/libnss_files-2.31.so
7f78fc95c000-7f78fc95d000 r--p 0000b000 08:06 6688645                    /usr/lib/x86_64-linux-gnu/libnss_files-2.31.so
7f78fc95d000-7f78fc95e000 rw-p 0000c000 08:06 6688645                    /usr/lib/x86_64-linux-gnu/libnss_files-2.31.so
7f78fc95e000-7f78fc964000 rw-p 00000000 00:00 0 
7f78fc966000-7f78fc968000 r--p 00000000 08:06 6819729                    /usr/lib/jvm/java-11-openjdk-amd64/lib/libzip.so
7f78fc968000-7f78fc96c000 r-xp 00002000 08:06 6819729                    /usr/lib/jvm/java-11-openjdk-amd64/lib/libzip.so
7f78fc96c000-7f78fc96e000 r--p 00006000 08:06 6819729                    /usr/lib/jvm/java-11-openjdk-amd64/lib/libzip.so
7f78fc96e000-7f78fc96f000 r--p 00007000 08:06 6819729                    /usr/lib/jvm/java-11-openjdk-amd64/lib/libzip.so
7f78fc96f000-7f78fc970000 rw-p 00008000 08:06 6819729                    /usr/lib/jvm/java-11-openjdk-amd64/lib/libzip.so
7f78fc970000-7f78fc978000 rw-s 00000000 08:06 5899897                    /tmp/hsperfdata_gabriel/5418
7f78fc978000-7f78fc97a000 r--p 00000000 08:06 6819704                    /usr/lib/jvm/java-11-openjdk-amd64/lib/libinstrument.so
7f78fc97a000-7f78fc980000 r-xp 00002000 08:06 6819704                    /usr/lib/jvm/java-11-openjdk-amd64/lib/libinstrument.so
7f78fc980000-7f78fc983000 r--p 00008000 08:06 6819704                    /usr/lib/jvm/java-11-openjdk-amd64/lib/libinstrument.so
7f78fc983000-7f78fc984000 r--p 0000a000 08:06 6819704                    /usr/lib/jvm/java-11-openjdk-amd64/lib/libinstrument.so
7f78fc984000-7f78fc985000 rw-p 0000b000 08:06 6819704                    /usr/lib/jvm/java-11-openjdk-amd64/lib/libinstrument.so
7f78fc985000-7f78fc987000 r--p 00000000 08:06 6819711                    /usr/lib/jvm/java-11-openjdk-amd64/lib/libjdwp.so
7f78fc987000-7f78fc9b3000 r-xp 00002000 08:06 6819711                    /usr/lib/jvm/java-11-openjdk-amd64/lib/libjdwp.so
7f78fc9b3000-7f78fc9c1000 r--p 0002e000 08:06 6819711                    /usr/lib/jvm/java-11-openjdk-amd64/lib/libjdwp.so
7f78fc9c1000-7f78fc9c2000 r--p 0003b000 08:06 6819711                    /usr/lib/jvm/java-11-openjdk-amd64/lib/libjdwp.so
7f78fc9c2000-7f78fc9c3000 rw-p 0003c000 08:06 6819711                    /usr/lib/jvm/java-11-openjdk-amd64/lib/libjdwp.so
7f78fc9c3000-7f78fc9c5000 r--p 00000000 08:06 6819712                    /usr/lib/jvm/java-11-openjdk-amd64/lib/libjimage.so
7f78fc9c5000-7f78fc9c8000 r-xp 00002000 08:06 6819712                    /usr/lib/jvm/java-11-openjdk-amd64/lib/libjimage.so
7f78fc9c8000-7f78fc9c9000 r--p 00005000 08:06 6819712                    /usr/lib/jvm/java-11-openjdk-amd64/lib/libjimage.so
7f78fc9c9000-7f78fc9ca000 ---p 00006000 08:06 6819712                    /usr/lib/jvm/java-11-openjdk-amd64/lib/libjimage.so
7f78fc9ca000-7f78fc9cb000 r--p 00006000 08:06 6819712                    /usr/lib/jvm/java-11-openjdk-amd64/lib/libjimage.so
7f78fc9cb000-7f78fc9cc000 rw-p 00007000 08:06 6819712                    /usr/lib/jvm/java-11-openjdk-amd64/lib/libjimage.so
7f78fc9cc000-7f78fc9da000 r--p 00000000 08:06 6819709                    /usr/lib/jvm/java-11-openjdk-amd64/lib/libjava.so
7f78fc9da000-7f78fc9f0000 r-xp 0000e000 08:06 6819709                    /usr/lib/jvm/java-11-openjdk-amd64/lib/libjava.so
7f78fc9f0000-7f78fc9f7000 r--p 00024000 08:06 6819709                    /usr/lib/jvm/java-11-openjdk-amd64/lib/libjava.so
7f78fc9f7000-7f78fc9f8000 r--p 0002a000 08:06 6819709                    /usr/lib/jvm/java-11-openjdk-amd64/lib/libjava.so
7f78fc9f8000-7f78fc9f9000 rw-p 0002b000 08:06 6819709                    /usr/lib/jvm/java-11-openjdk-amd64/lib/libjava.so
7f78fc9f9000-7f78fc9fa000 rw-p 00000000 00:00 0 
7f78fc9fa000-7f78fc9fd000 r--p 00000000 08:06 6688652                    /usr/lib/x86_64-linux-gnu/librt-2.31.so
7f78fc9fd000-7f78fca01000 r-xp 00003000 08:06 6688652                    /usr/lib/x86_64-linux-gnu/librt-2.31.so
7f78fca01000-7f78fca02000 r--p 00007000 08:06 6688652                    /usr/lib/x86_64-linux-gnu/librt-2.31.so
7f78fca02000-7f78fca03000 ---p 00008000 08:06 6688652                    /usr/lib/x86_64-linux-gnu/librt-2.31.so
7f78fca03000-7f78fca04000 r--p 00008000 08:06 6688652                    /usr/lib/x86_64-linux-gnu/librt-2.31.so
7f78fca04000-7f78fca05000 rw-p 00009000 08:06 6688652                    /usr/lib/x86_64-linux-gnu/librt-2.31.so
7f78fca05000-7f78fca09000 ---p 00000000 00:00 0 
7f78fca09000-7f78fcb06000 rw-p 00000000 00:00 0 
7f78fcb06000-7f78fcb09000 r--p 00000000 08:06 6692391                    /usr/lib/x86_64-linux-gnu/libgcc_s.so.1
7f78fcb09000-7f78fcb1b000 r-xp 00003000 08:06 6692391                    /usr/lib/x86_64-linux-gnu/libgcc_s.so.1
7f78fcb1b000-7f78fcb1f000 r--p 00015000 08:06 6692391                    /usr/lib/x86_64-linux-gnu/libgcc_s.so.1
7f78fcb1f000-7f78fcb20000 r--p 00018000 08:06 6692391                    /usr/lib/x86_64-linux-gnu/libgcc_s.so.1
7f78fcb20000-7f78fcb21000 rw-p 00019000 08:06 6692391                    /usr/lib/x86_64-linux-gnu/libgcc_s.so.1
7f78fcb21000-7f78fcb30000 r--p 00000000 08:06 6688639                    /usr/lib/x86_64-linux-gnu/libm-2.31.so
7f78fcb30000-7f78fcbd7000 r-xp 0000f000 08:06 6688639                    /usr/lib/x86_64-linux-gnu/libm-2.31.so
7f78fcbd7000-7f78fcc6e000 r--p 000b6000 08:06 6688639                    /usr/lib/x86_64-linux-gnu/libm-2.31.so
7f78fcc6e000-7f78fcc6f000 r--p 0014c000 08:06 6688639                    /usr/lib/x86_64-linux-gnu/libm-2.31.so
7f78fcc6f000-7f78fcc70000 rw-p 0014d000 08:06 6688639                    /usr/lib/x86_64-linux-gnu/libm-2.31.so
7f78fcc70000-7f78fcd06000 r--p 00000000 08:06 6693207                    /usr/lib/x86_64-linux-gnu/libstdc++.so.6.0.28
7f78fcd06000-7f78fcdf6000 r-xp 00096000 08:06 6693207                    /usr/lib/x86_64-linux-gnu/libstdc++.so.6.0.28
7f78fcdf6000-7f78fce3f000 r--p 00186000 08:06 6693207                    /usr/lib/x86_64-linux-gnu/libstdc++.so.6.0.28
7f78fce3f000-7f78fce40000 ---p 001cf000 08:06 6693207                    /usr/lib/x86_64-linux-gnu/libstdc++.so.6.0.28
7f78fce40000-7f78fce4b000 r--p 001cf000 08:06 6693207                    /usr/lib/x86_64-linux-gnu/libstdc++.so.6.0.28
7f78fce4b000-7f78fce4e000 rw-p 001da000 08:06 6693207                    /usr/lib/x86_64-linux-gnu/libstdc++.so.6.0.28
7f78fce4e000-7f78fce51000 rw-p 00000000 00:00 0 
7f78fce51000-7f78fd0d2000 r--p 00000000 08:06 6819733                    /usr/lib/jvm/java-11-openjdk-amd64/lib/server/libjvm.so
7f78fd0d2000-7f78fdd52000 r-xp 00281000 08:06 6819733                    /usr/lib/jvm/java-11-openjdk-amd64/lib/server/libjvm.so
7f78fdd52000-7f78fdfad000 r--p 00f01000 08:06 6819733                    /usr/lib/jvm/java-11-openjdk-amd64/lib/server/libjvm.so
7f78fdfad000-7f78fe071000 r--p 0115b000 08:06 6819733                    /usr/lib/jvm/java-11-openjdk-amd64/lib/server/libjvm.so
7f78fe071000-7f78fe0ac000 rw-p 0121f000 08:06 6819733                    /usr/lib/jvm/java-11-openjdk-amd64/lib/server/libjvm.so
7f78fe0ac000-7f78fe105000 rw-p 00000000 00:00 0 
7f78fe105000-7f78fe10c000 r--p 00000000 08:06 6688650                    /usr/lib/x86_64-linux-gnu/libpthread-2.31.so
7f78fe10c000-7f78fe11d000 r-xp 00007000 08:06 6688650                    /usr/lib/x86_64-linux-gnu/libpthread-2.31.so
7f78fe11d000-7f78fe122000 r--p 00018000 08:06 6688650                    /usr/lib/x86_64-linux-gnu/libpthread-2.31.so
7f78fe122000-7f78fe123000 r--p 0001c000 08:06 6688650                    /usr/lib/x86_64-linux-gnu/libpthread-2.31.so
7f78fe123000-7f78fe124000 rw-p 0001d000 08:06 6688650                    /usr/lib/x86_64-linux-gnu/libpthread-2.31.so
7f78fe124000-7f78fe128000 rw-p 00000000 00:00 0 
7f78fe128000-7f78fe129000 r--p 00000000 08:06 6688638                    /usr/lib/x86_64-linux-gnu/libdl-2.31.so
7f78fe129000-7f78fe12b000 r-xp 00001000 08:06 6688638                    /usr/lib/x86_64-linux-gnu/libdl-2.31.so
7f78fe12b000-7f78fe12c000 r--p 00003000 08:06 6688638                    /usr/lib/x86_64-linux-gnu/libdl-2.31.so
7f78fe12c000-7f78fe12d000 r--p 00003000 08:06 6688638                    /usr/lib/x86_64-linux-gnu/libdl-2.31.so
7f78fe12d000-7f78fe12e000 rw-p 00004000 08:06 6688638                    /usr/lib/x86_64-linux-gnu/libdl-2.31.so
7f78fe12e000-7f78fe130000 r--p 00000000 08:06 6693484                    /usr/lib/x86_64-linux-gnu/libz.so.1.2.11
7f78fe130000-7f78fe141000 r-xp 00002000 08:06 6693484                    /usr/lib/x86_64-linux-gnu/libz.so.1.2.11
7f78fe141000-7f78fe147000 r--p 00013000 08:06 6693484                    /usr/lib/x86_64-linux-gnu/libz.so.1.2.11
7f78fe147000-7f78fe148000 ---p 00019000 08:06 6693484                    /usr/lib/x86_64-linux-gnu/libz.so.1.2.11
7f78fe148000-7f78fe149000 r--p 00019000 08:06 6693484                    /usr/lib/x86_64-linux-gnu/libz.so.1.2.11
7f78fe149000-7f78fe14a000 rw-p 0001a000 08:06 6693484                    /usr/lib/x86_64-linux-gnu/libz.so.1.2.11
7f78fe14a000-7f78fe16f000 r--p 00000000 08:06 6688637                    /usr/lib/x86_64-linux-gnu/libc-2.31.so
7f78fe16f000-7f78fe2e7000 r-xp 00025000 08:06 6688637                    /usr/lib/x86_64-linux-gnu/libc-2.31.so
7f78fe2e7000-7f78fe331000 r--p 0019d000 08:06 6688637                    /usr/lib/x86_64-linux-gnu/libc-2.31.so
7f78fe331000-7f78fe332000 ---p 001e7000 08:06 6688637                    /usr/lib/x86_64-linux-gnu/libc-2.31.so
7f78fe332000-7f78fe335000 r--p 001e7000 08:06 6688637                    /usr/lib/x86_64-linux-gnu/libc-2.31.so
7f78fe335000-7f78fe338000 rw-p 001ea000 08:06 6688637                    /usr/lib/x86_64-linux-gnu/libc-2.31.so
7f78fe338000-7f78fe33c000 rw-p 00000000 00:00 0 
7f78fe33c000-7f78fe33d000 ---p 00000000 00:00 0 
7f78fe33d000-7f78fe33e000 r--p 00000000 00:00 0 
7f78fe33e000-7f78fe343000 r--p 00000000 08:06 6819728                    /usr/lib/jvm/java-11-openjdk-amd64/lib/libverify.so
7f78fe343000-7f78fe34a000 r-xp 00005000 08:06 6819728                    /usr/lib/jvm/java-11-openjdk-amd64/lib/libverify.so
7f78fe34a000-7f78fe34c000 r--p 0000c000 08:06 6819728                    /usr/lib/jvm/java-11-openjdk-amd64/lib/libverify.so
7f78fe34c000-7f78fe34d000 ---p 0000e000 08:06 6819728                    /usr/lib/jvm/java-11-openjdk-amd64/lib/libverify.so
7f78fe34d000-7f78fe34f000 r--p 0000e000 08:06 6819728                    /usr/lib/jvm/java-11-openjdk-amd64/lib/libverify.so
7f78fe34f000-7f78fe350000 rw-p 00010000 08:06 6819728                    /usr/lib/jvm/java-11-openjdk-amd64/lib/libverify.so
7f78fe350000-7f78fe353000 r--p 00000000 08:06 6819694                    /usr/lib/jvm/java-11-openjdk-amd64/lib/jli/libjli.so
7f78fe353000-7f78fe35d000 r-xp 00003000 08:06 6819694                    /usr/lib/jvm/java-11-openjdk-amd64/lib/jli/libjli.so
7f78fe35d000-7f78fe360000 r--p 0000d000 08:06 6819694                    /usr/lib/jvm/java-11-openjdk-amd64/lib/jli/libjli.so
7f78fe360000-7f78fe361000 ---p 00010000 08:06 6819694                    /usr/lib/jvm/java-11-openjdk-amd64/lib/jli/libjli.so
7f78fe361000-7f78fe362000 r--p 00010000 08:06 6819694                    /usr/lib/jvm/java-11-openjdk-amd64/lib/jli/libjli.so
7f78fe362000-7f78fe363000 rw-p 00011000 08:06 6819694                    /usr/lib/jvm/java-11-openjdk-amd64/lib/jli/libjli.so
7f78fe363000-7f78fe365000 rw-p 00000000 00:00 0 
7f78fe365000-7f78fe366000 r--p 00000000 08:06 6688576                    /usr/lib/x86_64-linux-gnu/ld-2.31.so
7f78fe366000-7f78fe389000 r-xp 00001000 08:06 6688576                    /usr/lib/x86_64-linux-gnu/ld-2.31.so
7f78fe389000-7f78fe391000 r--p 00024000 08:06 6688576                    /usr/lib/x86_64-linux-gnu/ld-2.31.so
7f78fe392000-7f78fe393000 r--p 0002c000 08:06 6688576                    /usr/lib/x86_64-linux-gnu/ld-2.31.so
7f78fe393000-7f78fe394000 rw-p 0002d000 08:06 6688576                    /usr/lib/x86_64-linux-gnu/ld-2.31.so
7f78fe394000-7f78fe395000 rw-p 00000000 00:00 0 
7ffe952cb000-7ffe952ee000 rw-p 00000000 00:00 0                          [stack]
7ffe953d0000-7ffe953d3000 r--p 00000000 00:00 0                          [vvar]
7ffe953d3000-7ffe953d4000 r-xp 00000000 00:00 0                          [vdso]
ffffffffff600000-ffffffffff601000 --xp 00000000 00:00 0                  [vsyscall]


VM Arguments:
jvm_args: -agentlib:jdwp=transport=dt_socket,suspend=y,address=localhost:33499 -javaagent:/home/gabriel/eclipse/java-2021-12/eclipse/configuration/org.eclipse.osgi/219/0/.cp/lib/javaagent-shaded.jar -Dfile.encoding=UTF-8 
java_command: com.br.example.prj.biblioteca.ProjetoBibliotecaApplication
java_class_path (initial): /home/gabriel/Downloads/prj-integrador/target/classes:/home/gabriel/.m2/repository/org/springframework/boot/spring-boot-starter-data-jpa/2.5.4/spring-boot-starter-data-jpa-2.5.4.jar:/home/gabriel/.m2/repository/org/springframework/boot/spring-boot-starter-aop/2.5.4/spring-boot-starter-aop-2.5.4.jar:/home/gabriel/.m2/repository/org/aspectj/aspectjweaver/1.9.7/aspectjweaver-1.9.7.jar:/home/gabriel/.m2/repository/org/springframework/boot/spring-boot-starter-jdbc/2.5.4/spring-boot-starter-jdbc-2.5.4.jar:/home/gabriel/.m2/repository/com/zaxxer/HikariCP/4.0.3/HikariCP-4.0.3.jar:/home/gabriel/.m2/repository/org/springframework/spring-jdbc/5.3.9/spring-jdbc-5.3.9.jar:/home/gabriel/.m2/repository/jakarta/transaction/jakarta.transaction-api/1.3.3/jakarta.transaction-api-1.3.3.jar:/home/gabriel/.m2/repository/jakarta/persistence/jakarta.persistence-api/2.2.3/jakarta.persistence-api-2.2.3.jar:/home/gabriel/.m2/repository/org/hibernate/hibernate-core/5.4.32.Final/hibernate-core-5.4.32.Final.jar:/home/gabriel/.m2/repository/org/jboss/logging/jboss-logging/3.4.2.Final/jboss-logging-3.4.2.Final.jar:/home/gabriel/.m2/repository/org/javassist/javassist/3.27.0-GA/javassist-3.27.0-GA.jar:/home/gabriel/.m2/repository/net/bytebuddy/byte-buddy/1.10.22/byte-buddy-1.10.22.jar:/home/gabriel/.m2/repository/antlr/antlr/2.7.7/antlr-2.7.7.jar:/home/gabriel/.m2/repository/org/jboss/jandex/2.2.3.Final/jandex-2.2.3.Final.jar:/home/gabriel/.m2/repository/com/fasterxml/classmate/1.5.1/classmate-1.5.1.jar:/home/gabriel/.m2/repository/org/dom4j/dom4j/2.1.3/dom4j-2.1.3.jar:/home/gabriel/.m2/repository/org/hibernate/common/hibernate-commons-annotations/5.1.2.Final/hibernate-commons-annotations-5.1.2.Final.jar:/home/gabriel/.m2/repository/org/glassfish/jaxb/jaxb-runtime/2.3.5/jaxb-runtime-2.3.5.jar:/home/gabriel/.m2/repository/org/glassfish/jaxb/txw2/2.3.5/txw2-2.3.5.jar:/home/gabriel/.m2/repository/com/sun/istack/istack-commons-runtime/3.0.12/istack-commons-runtime-3.0.12.jar
Launcher Type: SUN_STANDARD

[Global flags]
     intx CICompilerCount                          = 3                                         {product} {ergonomic}
     uint ConcGCThreads                            = 1                                         {product} {ergonomic}
     uint G1ConcRefinementThreads                  = 4                                         {product} {ergonomic}
   size_t G1HeapRegionSize                         = 1048576                                   {product} {ergonomic}
    uintx GCDrainStackTargetSize                   = 64                                        {product} {ergonomic}
   size_t InitialHeapSize                          = 62914560                                  {product} {ergonomic}
   size_t MarkStackSize                            = 4194304                                   {product} {ergonomic}
   size_t MaxHeapSize                              = 979369984                                 {product} {ergonomic}
   size_t MaxNewSize                               = 587202560                                 {product} {ergonomic}
   size_t MinHeapDeltaBytes                        = 1048576                                   {product} {ergonomic}
    uintx NonNMethodCodeHeapSize                   = 5830732                                {pd product} {ergonomic}
    uintx NonProfiledCodeHeapSize                  = 122913754                              {pd product} {ergonomic}
    uintx ProfiledCodeHeapSize                     = 122913754                              {pd product} {ergonomic}
    uintx ReservedCodeCacheSize                    = 251658240                              {pd product} {ergonomic}
     bool SegmentedCodeCache                       = true                                      {product} {ergonomic}
     bool UseCompressedClassPointers               = true                                 {lp64_product} {ergonomic}
     bool UseCompressedOops                        = true                                 {lp64_product} {ergonomic}
     bool UseG1GC                                  = true                                      {product} {ergonomic}

Logging:
Log output configuration:
 #0: stdout all=warning uptime,level,tags
 #1: stderr all=off uptime,level,tags

Environment Variables:
PATH=/usr/local/sbin:/usr/local/bin:/usr/sbin:/usr/bin:/sbin:/bin:/usr/games:/usr/local/games:/snap/bin
SHELL=/bin/bash
DISPLAY=:0
LANG=pt_BR.UTF-8

Signal Handlers:
SIGSEGV: [libjvm.so+0xe8e8d0], sa_mask[0]=11111111011111111101111111111110, sa_flags=SA_RESTART|SA_SIGINFO
SIGBUS: [libjvm.so+0xe8e8d0], sa_mask[0]=11111111011111111101111111111110, sa_flags=SA_RESTART|SA_SIGINFO
SIGFPE: [libjvm.so+0xe8e8d0], sa_mask[0]=11111111011111111101111111111110, sa_flags=SA_RESTART|SA_SIGINFO
SIGPIPE: [libjvm.so+0xbd6910], sa_mask[0]=11111111011111111101111111111110, sa_flags=SA_RESTART|SA_SIGINFO
SIGXFSZ: [libjvm.so+0xbd6910], sa_mask[0]=11111111011111111101111111111110, sa_flags=SA_RESTART|SA_SIGINFO
SIGILL: [libjvm.so+0xe8e8d0], sa_mask[0]=11111111011111111101111111111110, sa_flags=SA_RESTART|SA_SIGINFO
SIGUSR2: [libjvm.so+0xbd67b0], sa_mask[0]=00100000000000000000000000000000, sa_flags=SA_RESTART|SA_SIGINFO
SIGHUP: [libjvm.so+0xbd6c50], sa_mask[0]=11111111011111111101111111111110, sa_flags=SA_RESTART|SA_SIGINFO
SIGINT: [libjvm.so+0xbd6c50], sa_mask[0]=11111111011111111101111111111110, sa_flags=SA_RESTART|SA_SIGINFO
SIGTERM: [libjvm.so+0xbd6c50], sa_mask[0]=11111111011111111101111111111110, sa_flags=SA_RESTART|SA_SIGINFO
SIGQUIT: [libjvm.so+0xbd6c50], sa_mask[0]=11111111011111111101111111111110, sa_flags=SA_RESTART|SA_SIGINFO


---------------  S Y S T E M  ---------------

OS:DISTRIB_ID=LinuxMint
DISTRIB_RELEASE=20.1
DISTRIB_CODENAME=ulyssa
DISTRIB_DESCRIPTION="Linux Mint 20.1 Ulyssa"
uname:Linux 5.4.0-58-generic #64-Ubuntu SMP Wed Dec 9 08:16:25 UTC 2020 x86_64
OS uptime: 0 days 5:31 hours
libc:glibc 2.31 NPTL 2.31 
rlimit (soft/hard): STACK 8192k/infinity , CORE 0k/infinity , NPROC 14583/14583 , NOFILE 1048576/1048576 , AS infinity/infinity , CPU infinity/infinity , DATA infinity/infinity , FSIZE infinity/infinity , MEMLOCK 65536k/65536k
load average:0,18 0,06 0,01

/proc/meminfo:
MemTotal:        3825280 kB
MemFree:          124556 kB
MemAvailable:     468488 kB
Buffers:           71632 kB
Cached:           804004 kB
SwapCached:        30072 kB
Active:          2050172 kB
Inactive:        1239564 kB
Active(anon):    1765408 kB
Inactive(anon):  1019784 kB
Active(file):     284764 kB
Inactive(file):   219780 kB
Unevictable:       85464 kB
Mlocked:              64 kB
SwapTotal:       8388604 kB
SwapFree:        7429628 kB
Dirty:               212 kB
Writeback:          4500 kB
AnonPages:       2479420 kB
Mapped:           456732 kB
Shmem:            371760 kB
KReclaimable:      81696 kB
Slab:             215908 kB
SReclaimable:      81696 kB
SUnreclaim:       134212 kB
KernelStack:       15808 kB
PageTables:        44024 kB
NFS_Unstable:          0 kB
Bounce:                0 kB
WritebackTmp:          0 kB
CommitLimit:    10301244 kB
Committed_AS:   11893680 kB
VmallocTotal:   34359738367 kB
VmallocUsed:       33208 kB
VmallocChunk:          0 kB
Percpu:             7744 kB
HardwareCorrupted:     0 kB
AnonHugePages:         0 kB
ShmemHugePages:        0 kB
ShmemPmdMapped:        0 kB
FileHugePages:         0 kB
FilePmdMapped:         0 kB
CmaTotal:              0 kB
CmaFree:               0 kB
HugePages_Total:       0
HugePages_Free:        0
HugePages_Rsvd:        0
HugePages_Surp:        0
Hugepagesize:       2048 kB
Hugetlb:               0 kB
DirectMap4k:      262896 kB
DirectMap2M:     3725312 kB

/sys/kernel/mm/transparent_hugepage/enabled:
always [madvise] never
/sys/kernel/mm/transparent_hugepage/defrag (defrag/compaction efforts parameter):
always defer defer+madvise [madvise] never

Process Memory:
Virtual Size: 4513748K (peak: 12348036K)
Resident Set Size: 334824K (peak: 336588K) (anon: 318484K, file: 16340K, shmem: 0K)
Swapped out: 0K
C-Heap outstanding allocations: 37109K

/proc/sys/kernel/threads-max (system-wide limit on the number of threads):
29167
/proc/sys/vm/max_map_count (maximum number of memory map areas a process may have):
65530
/proc/sys/kernel/pid_max (system-wide limit on number of process identifiers):
4194304

container (cgroup) information:
container_type: cgroupv1
cpu_cpuset_cpus: 0-3
cpu_memory_nodes: 0
active_processor_count: 4
cpu_quota: -1
cpu_period: 100000
cpu_shares: -1
memory_limit_in_bytes: -1
memory_and_swap_limit_in_bytes: -2
memory_soft_limit_in_bytes: -1
memory_usage_in_bytes: 1936023552
memory_max_usage_in_bytes: 2505342976

Steal ticks since vm start: 0
Steal ticks percentage since vm start:  0,000

CPU:total 4 (initial active 4) (2 cores per cpu, 2 threads per core) family 6 model 37 stepping 5 microcode 0x7, cmov, cx8, fxsr, mmx, sse, sse2, sse3, ssse3, sse4.1, sse4.2, popcnt, ht, tsc, tscinvbit
CPU Model and flags from /proc/cpuinfo:
model name	: Intel(R) Core(TM) i5 CPU       M 460  @ 2.53GHz
flags		: fpu vme de pse tsc msr pae mce cx8 apic sep mtrr pge mca cmov pat pse36 clflush dts acpi mmx fxsr sse sse2 ht tm pbe syscall nx rdtscp lm constant_tsc arch_perfmon pebs bts rep_good nopl xtopology nonstop_tsc cpuid aperfmperf pni dtes64 monitor ds_cpl vmx est tm2 ssse3 cx16 xtpr pdcm pcid sse4_1 sse4_2 popcnt lahf_lm pti ssbd ibrs ibpb stibp tpr_shadow vnmi flexpriority ept vpid dtherm ida arat flush_l1d
Online cpus:
0-3
Offline cpus:
4-7
BIOS frequency limitation:
2534000
Frequency switch latency (ns):
10000
Available cpu frequencies:
2534000 2533000 2399000 2266000 2133000 1999000 1866000 1733000 1599000 1466000 1333000 1199000 
Current governor:
ondemand
Core performance/turbo boost:
1

Memory: 4k page, physical 3825280k(124556k free), swap 8388604k(7429628k free)

vm_info: OpenJDK 64-Bit Server VM (11.0.13+8-Ubuntu-0ubuntu1.20.04) for linux-amd64 JRE (11.0.13+8-Ubuntu-0ubuntu1.20.04), built on Oct 29 2021 09:11:30 by "unknown" with gcc 9.3.0

END.
