#
# A fatal error has been detected by the Java Runtime Environment:
#
#  SIGSEGV (0xb) at pc=0x00007f757707d0ad, pid=59192, tid=59210
#
# JRE version: OpenJDK Runtime Environment (11.0.13+8) (build 11.0.13+8-Ubuntu-0ubuntu1.20.04)
# Java VM: OpenJDK 64-Bit Server VM (11.0.13+8-Ubuntu-0ubuntu1.20.04, mixed mode, sharing, tiered, compressed oops, g1 gc, linux-amd64)
# Problematic frame:
# C  [libjimage.so+0x30ad]
#
# Core dump will be written. Default location: Core dumps may be processed with "/lib/systemd/systemd-coredump %P %u %g %s %t 9223372036854775808 %h" (or dumping to /home/gabriel/Downloads/prj-integrador/core.59192)
#
# If you would like to submit a bug report, please visit:
#   https://bugs.launchpad.net/ubuntu/+source/openjdk-lts
#

---------------  S U M M A R Y ------------

Command Line: -agentlib:jdwp=transport=dt_socket,suspend=y,address=localhost:38907 -javaagent:/home/gabriel/eclipse/java-2021-12/eclipse/configuration/org.eclipse.osgi/219/0/.cp/lib/javaagent-shaded.jar -Dfile.encoding=UTF-8 com.br.example.prj.biblioteca.ProjetoBibliotecaApplication

Host: Intel(R) Core(TM) i5 CPU       M 460  @ 2.53GHz, 4 cores, 3G, Linux Mint 20.1 Ulyssa
Time: Fri Mar 11 09:04:53 2022 -03 elapsed time: 1810.748933 seconds (0d 0h 30m 10s)

---------------  T H R E A D  ---------------

Current thread (0x00007f757012e000):  JavaThread "Signal Dispatcher" daemon [_thread_in_vm, id=59210, stack(0x00007f755816e000,0x00007f755826f000)]

Stack: [0x00007f755816e000,0x00007f755826f000],  sp=0x00007f755826c200,  free space=1016k
Native frames: (J=compiled Java code, A=aot compiled Java code, j=interpreted, Vv=VM code, C=native code)
C  [libjimage.so+0x30ad]
C  [libjimage.so+0x3ca2]
C  [libjimage.so+0x4191]  JIMAGE_FindResource+0xf1
V  [libjvm.so+0x5b8c41]
V  [libjvm.so+0x5bb261]
V  [libjvm.so+0xdee4ed]
V  [libjvm.so+0xded08a]
V  [libjvm.so+0xdef63b]
V  [libjvm.so+0x66b15e]
V  [libjvm.so+0x85b166]
j  jdk.internal.misc.Signal.dispatch(I)V+25 java.base@11.0.13
v  ~StubRoutines::call_stub
V  [libjvm.so+0x863bf4]
V  [libjvm.so+0x862c32]
V  [libjvm.so+0xbce34e]
V  [libjvm.so+0xe24e0f]
V  [libjvm.so+0xe21850]
V  [libjvm.so+0xbe0406]

Java frames: (J=compiled Java code, j=interpreted, Vv=VM code)
j  jdk.internal.misc.Signal.dispatch(I)V+25 java.base@11.0.13
v  ~StubRoutines::call_stub

siginfo: si_signo: 11 (SIGSEGV), si_code: 1 (SEGV_MAPERR), si_addr: 0x00007f756786eb9c

Register to memory mapping:

RAX=0x0000000000006ee0 is an unknown value
RBX=0x00007f755826c2b1 is pointing into the stack for thread: 0x00007f757012e000
RCX=0x00007f755826c2d3 is pointing into the stack for thread: 0x00007f757012e000
RDX=0x0000000000006ee0 is an unknown value
RSP=0x00007f755826c200 is pointing into the stack for thread: 0x00007f757012e000
RBP=0x00007f755826c220 is pointing into the stack for thread: 0x00007f757012e000
RSI=0x0 is NULL
RDI=0x00007f7577082030: <offset 0x0000000000008030> in /usr/lib/jvm/java-11-openjdk-amd64/lib/libjimage.so at 0x00007f757707a000
R8 =0x00007f756785301c is an unknown value
R9 =0x00007f755826d0c0 is pointing into the stack for thread: 0x00007f757012e000
R10=0x0000000000000021 is an unknown value
R11=0x00007f75789b3210: <offset 0x00000000001b2210> in /lib/x86_64-linux-gnu/libc.so.6 at 0x00007f7578801000
R12=0x0000000000008457 is an unknown value
R13=0x00007f755826c2b0 is pointing into the stack for thread: 0x00007f757012e000
R14=0x0 is NULL
R15=0x00007f757012ed50 points into unknown readable memory: 0x65746e692f6b646a | 6a 64 6b 2f 69 6e 74 65


Registers:
RAX=0x0000000000006ee0, RBX=0x00007f755826c2b1, RCX=0x00007f755826c2d3, RDX=0x0000000000006ee0
RSP=0x00007f755826c200, RBP=0x00007f755826c220, RSI=0x0000000000000000, RDI=0x00007f7577082030
R8 =0x00007f756785301c, R9 =0x00007f755826d0c0, R10=0x0000000000000021, R11=0x00007f75789b3210
R12=0x0000000000008457, R13=0x00007f755826c2b0, R14=0x0000000000000000, R15=0x00007f757012ed50
RIP=0x00007f757707d0ad, EFLAGS=0x0000000000010246, CSGSFS=0x002b000000000033, ERR=0x0000000000000004
  TRAPNO=0x000000000000000e

Top of Stack: (sp=0x00007f755826c200)
0x00007f755826c200:   0000000000000000 00007f755826d348
0x00007f755826c210:   00007f7570009be0 00007f755826c2b0
0x00007f755826c220:   00007f755826c290 00007f757707dca2
0x00007f755826c230:   0000000000000000 0000000000000000 

Instructions: (pc=0x00007f757707d0ad)
0x00007f757707cfad:   f3 ff ff 44 03 65 90 e9 3f fe ff ff 0f 1f 80 00
0x00007f757707cfbd:   00 00 00 41 8b 10 41 89 55 00 41 8b 54 00 fc 41
0x00007f757707cfcd:   89 54 05 fc e9 82 fc ff ff 66 2e 0f 1f 84 00 00
0x00007f757707cfdd:   00 00 00 b9 0a 00 00 00 e9 f0 fc ff ff 41 0f b7
0x00007f757707cfed:   54 00 fe 66 41 89 54 05 fe e9 5d fc ff ff 0f 1f
0x00007f757707cffd:   44 00 00 f3 0f 1e fa 0f b6 17 89 f0 89 f1 4c 8d
0x00007f757707d00d:   47 01 84 d2 74 1c 0f 1f 44 00 00 69 c9 93 01 00
0x00007f757707d01d:   01 49 83 c0 01 31 d1 41 0f b6 50 ff 84 d2 75 eb
0x00007f757707d02d:   89 c8 25 ff ff ff 7f c3 90 66 2e 0f 1f 84 00 00
0x00007f757707d03d:   00 00 00 f3 0f 1e fa 48 85 d2 0f 84 da 00 00 00
0x00007f757707d04d:   55 48 89 e5 41 55 41 54 41 89 cc 53 48 83 ec 08
0x00007f757707d05d:   85 c9 0f 84 ba 00 00 00 49 89 f5 48 8d 5e 01 0f
0x00007f757707d06d:   b6 36 49 89 d0 40 84 f6 0f 84 9d 00 00 00 48 89
0x00007f757707d07d:   d9 b8 93 01 00 01 0f 1f 44 00 00 69 d0 93 01 00
0x00007f757707d08d:   01 48 83 c1 01 40 0f b6 c6 0f b6 71 ff 31 d0 40
0x00007f757707d09d:   84 f6 75 e7 25 ff ff ff 7f 31 d2 41 f7 f4 89 d0
0x00007f757707d0ad:   41 8b 34 80 48 8b 07 ff 50 20 85 c0 7f 15 74 62
0x00007f757707d0bd:   f7 d0 41 89 c0 48 83 c4 08 44 89 c0 5b 41 5c 41
0x00007f757707d0cd:   5d 5d c3 41 0f b6 4d 00 89 c6 84 c9 74 1b 0f 1f
0x00007f757707d0dd:   44 00 00 69 f6 93 01 00 01 48 83 c3 01 31 ce 0f
0x00007f757707d0ed:   b6 4b ff 84 c9 75 ec 89 f0 25 ff ff ff 7f 31 d2
0x00007f757707d0fd:   48 83 c4 08 41 f7 f4 5b 41 5c 41 5d 5d 41 89 d0
0x00007f757707d10d:   44 89 c0 c3 0f 1f 80 00 00 00 00 b8 93 01 00 01
0x00007f757707d11d:   eb 87 41 b8 ff ff ff ff eb 9b 41 83 c8 ff 44 89
0x00007f757707d12d:   c0 c3 90 f3 0f 1e fa eb 1d 66 2e 0f 1f 84 00 00
0x00007f757707d13d:   00 00 00 0f b6 16 84 d2 74 13 38 c2 75 15 48 83
0x00007f757707d14d:   c7 01 48 83 c6 01 0f b6 07 84 c0 75 e6 48 89 f8
0x00007f757707d15d:   c3 66 90 31 c0 c3 90 66 66 2e 0f 1f 84 00 00 00
0x00007f757707d16d:   00 00 90 f3 0f 1e fa 48 85 f6 74 51 0f b6 06 84
0x00007f757707d17d:   c0 74 4a 0f b6 d0 83 e0 07 c1 fa 03 44 8d 50 01
0x00007f757707d18d:   0f b6 c0 41 89 d1 4c 8d 44 06 02 48 8d 56 01 31
0x00007f757707d19d:   c0 66 90 0f b6 0a 48 c1 e0 08 48 83 c2 01 48 09 


Stack slot to memory mapping:
stack at sp + 0 slots: 0x0 is NULL
stack at sp + 1 slots: 0x00007f755826d348 is pointing into the stack for thread: 0x00007f757012e000
stack at sp + 2 slots: 0x00007f7570009be0 points into unknown readable memory: 0x00007f751400aa50 | 50 aa 00 14 75 7f 00 00
stack at sp + 3 slots: 0x00007f755826c2b0 is pointing into the stack for thread: 0x00007f757012e000
stack at sp + 4 slots: 0x00007f755826c290 is pointing into the stack for thread: 0x00007f757012e000
stack at sp + 5 slots: 0x00007f757707dca2: <offset 0x0000000000003ca2> in /usr/lib/jvm/java-11-openjdk-amd64/lib/libjimage.so at 0x00007f757707a000
stack at sp + 6 slots: 0x0 is NULL
stack at sp + 7 slots: 0x0 is NULL


---------------  P R O C E S S  ---------------

Threads class SMR info:
_java_thread_list=0x00007f750c0032e0, length=23, elements={
0x00007f7570126800, 0x00007f7570129000, 0x00007f757012e000, 0x00007f7570130800,
0x00007f7570132800, 0x00007f7570134800, 0x00007f7570136800, 0x00007f7570164800,
0x00007f75701b7000, 0x00007f75701bb800, 0x00007f75714cb000, 0x00007f7570c88000,
0x00007f75717f1000, 0x00007f74ec005000, 0x00007f75717f4000, 0x00007f7571a35800,
0x00007f7571a3c000, 0x00007f757001a000, 0x00007f74e8002800, 0x00007f74e8004000,
0x00007f74e8005800, 0x00007f74f407e800, 0x00007f74f4088800
}

Java Threads: ( => current thread )
  0x00007f7570126800 JavaThread "Reference Handler" daemon [_thread_blocked, id=59208, stack(0x00007f7558370000,0x00007f7558471000)]
  0x00007f7570129000 JavaThread "Finalizer" daemon [_thread_blocked, id=59209, stack(0x00007f755826f000,0x00007f7558370000)]
=>0x00007f757012e000 JavaThread "Signal Dispatcher" daemon [_thread_in_vm, id=59210, stack(0x00007f755816e000,0x00007f755826f000)]
  0x00007f7570130800 JavaThread "Service Thread" daemon [_thread_blocked, id=59211, stack(0x00007f755806d000,0x00007f755816e000)]
  0x00007f7570132800 JavaThread "C2 CompilerThread0" daemon [_thread_blocked, id=59212, stack(0x00007f754918d000,0x00007f754928e000)]
  0x00007f7570134800 JavaThread "C1 CompilerThread0" daemon [_thread_blocked, id=59213, stack(0x00007f754908c000,0x00007f754918d000)]
  0x00007f7570136800 JavaThread "Sweeper thread" daemon [_thread_blocked, id=59214, stack(0x00007f7548f8b000,0x00007f754908c000)]
  0x00007f7570164800 JavaThread "Common-Cleaner" daemon [_thread_blocked, id=59215, stack(0x00007f7548e8a000,0x00007f7548f8b000)]
  0x00007f75701b7000 JavaThread "JDWP Transport Listener: dt_socket" daemon [_thread_in_native, id=59218, stack(0x00007f7548d89000,0x00007f7548e8a000)]
  0x00007f75701bb800 JavaThread "JDWP Event Helper Thread" daemon [_thread_blocked, id=59220, stack(0x00007f7548c88000,0x00007f7548d89000)]
  0x00007f75714cb000 JavaThread "mysql-cj-abandoned-connection-cleanup" daemon [_thread_blocked, id=59232, stack(0x00007f7548682000,0x00007f7548783000)]
  0x00007f7570c88000 JavaThread "HikariPool-1 housekeeper" daemon [_thread_blocked, id=59237, stack(0x00007f74fbcff000,0x00007f74fbe00000)]
  0x00007f75717f1000 JavaThread "Catalina-utility-1" [_thread_blocked, id=59244, stack(0x00007f74faf80000,0x00007f74fb081000)]
  0x00007f74ec005000 JavaThread "Catalina-utility-2" [_thread_blocked, id=59245, stack(0x00007f74f966c000,0x00007f74f976d000)]
  0x00007f75717f4000 JavaThread "container-0" [_thread_blocked, id=59246, stack(0x00007f74f956b000,0x00007f74f966c000)]
  0x00007f7571a35800 JavaThread "http-nio-8080-Poller" daemon [_thread_blocked, id=59249, stack(0x00007f74f906a000,0x00007f74f916b000)]
  0x00007f7571a3c000 JavaThread "http-nio-8080-Acceptor" daemon [_thread_in_native, id=59250, stack(0x00007f74f8f69000,0x00007f74f906a000)]
  0x00007f757001a000 JavaThread "DestroyJavaVM" [_thread_blocked, id=59201, stack(0x00007f75770bc000,0x00007f75771bd000)]
  0x00007f74e8002800 JavaThread "http-nio-8080-exec-1" daemon [_thread_blocked, id=59279, stack(0x00007f74f8e68000,0x00007f74f8f69000)]
  0x00007f74e8004000 JavaThread "http-nio-8080-exec-2" daemon [_thread_blocked, id=59283, stack(0x00007f74f8b67000,0x00007f74f8c68000)]
  0x00007f74e8005800 JavaThread "http-nio-8080-exec-3" daemon [_thread_blocked, id=59313, stack(0x00007f74f8666000,0x00007f74f8767000)]
  0x00007f74f407e800 JavaThread "HikariPool-1 connection adder" daemon [_thread_in_native, id=60070, stack(0x00007f74f8464000,0x00007f74f8565000)]
  0x00007f74f4088800 JavaThread "HikariPool-1 connection closer" daemon [_thread_blocked, id=60076, stack(0x00007f74f8565000,0x00007f74f8666000)]

Other Threads:
  0x00007f7570123800 VMThread "VM Thread" [stack: 0x00007f7558473000,0x00007f7558573000] [id=59207]
  0x00007f757050f000 WatcherThread [stack: 0x00007f7548a87000,0x00007f7548b87000] [id=59224]
  0x00007f7570031000 GCTaskThread "GC Thread#0" [stack: 0x00007f7576d25000,0x00007f7576e25000] [id=59202]
  0x00007f7540001000 GCTaskThread "GC Thread#1" [stack: 0x00007f7548985000,0x00007f7548a85000] [id=59225]
  0x00007f7540004800 GCTaskThread "GC Thread#2" [stack: 0x00007f7548582000,0x00007f7548682000] [id=59227]
  0x00007f7540006000 GCTaskThread "GC Thread#3" [stack: 0x00007f7548480000,0x00007f7548580000] [id=59228]
  0x00007f757004b000 ConcurrentGCThread "G1 Main Marker" [stack: 0x00007f7574556000,0x00007f7574656000] [id=59203]
  0x00007f757004d000 ConcurrentGCThread "G1 Conc#0" [stack: 0x00007f7574454000,0x00007f7574554000] [id=59204]
  0x00007f757008f000 ConcurrentGCThread "G1 Refine#0" [stack: 0x00007f7558753000,0x00007f7558853000] [id=59205]
  0x00007f7570090800 ConcurrentGCThread "G1 Young RemSet Sampling" [stack: 0x00007f7558651000,0x00007f7558751000] [id=59206]

Threads with active compile tasks:

VM state:synchronizing (normal execution)

VM Mutex/Monitor currently owned by a thread:  ([mutex/lock_event])
[0x00007f7570016530] Threads_lock - owner thread: 0x00007f7570123800

Heap address: 0x00000000c5a00000, size: 934 MB, Compressed Oops mode: 32-bit
Narrow klass base: 0x0000000800000000, Narrow klass shift: 3
Compressed class space size: 1073741824 Address: 0x0000000840000000

Heap:
 garbage-first heap   total 92160K, used 55112K [0x00000000c5a00000, 0x0000000100000000)
  region size 1024K, 29 young (29696K), 5 survivors (5120K)
 Metaspace       used 69689K, capacity 71565K, committed 71756K, reserved 1112064K
  class space    used 8982K, capacity 9715K, committed 9804K, reserved 1048576K
Heap Regions: E=young(eden), S=young(survivor), O=old, HS=humongous(starts), HC=humongous(continues), CS=collection set, F=free, A=archive, TAMS=top-at-mark-start (previous, next)
|   0|0x00000000c5a00000, 0x00000000c5b00000, 0x00000000c5b00000|100%|HS|  |TAMS 0x00000000c5b00000, 0x00000000c5a00000| Complete 
|   1|0x00000000c5b00000, 0x00000000c5c00000, 0x00000000c5c00000|100%| O|  |TAMS 0x00000000c5c00000, 0x00000000c5b00000| Untracked 
|   2|0x00000000c5c00000, 0x00000000c5d00000, 0x00000000c5d00000|100%| O|  |TAMS 0x00000000c5d00000, 0x00000000c5c00000| Untracked 
|   3|0x00000000c5d00000, 0x00000000c5e00000, 0x00000000c5e00000|100%| O|  |TAMS 0x00000000c5e00000, 0x00000000c5d00000| Untracked 
|   4|0x00000000c5e00000, 0x00000000c5f00000, 0x00000000c5f00000|100%| O|  |TAMS 0x00000000c5f00000, 0x00000000c5e00000| Untracked 
|   5|0x00000000c5f00000, 0x00000000c6000000, 0x00000000c6000000|100%| O|  |TAMS 0x00000000c6000000, 0x00000000c5f00000| Untracked 
|   6|0x00000000c6000000, 0x00000000c6100000, 0x00000000c6100000|100%| O|  |TAMS 0x00000000c6100000, 0x00000000c6000000| Untracked 
|   7|0x00000000c6100000, 0x00000000c6200000, 0x00000000c6200000|100%| O|  |TAMS 0x00000000c6200000, 0x00000000c6100000| Untracked 
|   8|0x00000000c6200000, 0x00000000c6300000, 0x00000000c6300000|100%| O|  |TAMS 0x00000000c6300000, 0x00000000c6200000| Untracked 
|   9|0x00000000c6300000, 0x00000000c6400000, 0x00000000c6400000|100%| O|  |TAMS 0x00000000c6400000, 0x00000000c6300000| Untracked 
|  10|0x00000000c6400000, 0x00000000c6500000, 0x00000000c6500000|100%| O|  |TAMS 0x00000000c6500000, 0x00000000c6400000| Untracked 
|  11|0x00000000c6500000, 0x00000000c6600000, 0x00000000c6600000|100%| O|  |TAMS 0x00000000c6600000, 0x00000000c6500000| Untracked 
|  12|0x00000000c6600000, 0x00000000c6700000, 0x00000000c6700000|100%| O|  |TAMS 0x00000000c6700000, 0x00000000c6600000| Untracked 
|  13|0x00000000c6700000, 0x00000000c6800000, 0x00000000c6800000|100%| O|  |TAMS 0x00000000c6800000, 0x00000000c6700000| Untracked 
|  14|0x00000000c6800000, 0x00000000c6900000, 0x00000000c6900000|100%| O|  |TAMS 0x00000000c6900000, 0x00000000c6800000| Untracked 
|  15|0x00000000c6900000, 0x00000000c6a00000, 0x00000000c6a00000|100%| O|  |TAMS 0x00000000c6a00000, 0x00000000c6900000| Untracked 
|  16|0x00000000c6a00000, 0x00000000c6b00000, 0x00000000c6b00000|100%| O|  |TAMS 0x00000000c6b00000, 0x00000000c6a00000| Untracked 
|  17|0x00000000c6b00000, 0x00000000c6c00000, 0x00000000c6c00000|100%| O|  |TAMS 0x00000000c6c00000, 0x00000000c6b00000| Untracked 
|  18|0x00000000c6c00000, 0x00000000c6d00000, 0x00000000c6d00000|100%| O|  |TAMS 0x00000000c6d00000, 0x00000000c6c00000| Untracked 
|  19|0x00000000c6d00000, 0x00000000c6e00000, 0x00000000c6e00000|100%| O|  |TAMS 0x00000000c6e00000, 0x00000000c6d00000| Untracked 
|  20|0x00000000c6e00000, 0x00000000c6f00000, 0x00000000c6f00000|100%| O|  |TAMS 0x00000000c6f00000, 0x00000000c6e00000| Untracked 
|  21|0x00000000c6f00000, 0x00000000c7000000, 0x00000000c7000000|100%| O|  |TAMS 0x00000000c7000000, 0x00000000c6f00000| Untracked 
|  22|0x00000000c7000000, 0x00000000c7100000, 0x00000000c7100000|100%| O|  |TAMS 0x00000000c7100000, 0x00000000c7000000| Untracked 
|  23|0x00000000c7100000, 0x00000000c7200000, 0x00000000c7200000|100%| O|  |TAMS 0x00000000c7200000, 0x00000000c7100000| Untracked 
|  24|0x00000000c7200000, 0x00000000c7300000, 0x00000000c7300000|100%| O|  |TAMS 0x00000000c7269000, 0x00000000c7200000| Untracked 
|  25|0x00000000c7300000, 0x00000000c73b1600, 0x00000000c7400000| 69%| O|  |TAMS 0x00000000c7300000, 0x00000000c7300000| Untracked 
|  26|0x00000000c7400000, 0x00000000c7400000, 0x00000000c7500000|  0%| F|  |TAMS 0x00000000c7400000, 0x00000000c7400000| Untracked 
|  27|0x00000000c7500000, 0x00000000c7500000, 0x00000000c7600000|  0%| F|  |TAMS 0x00000000c7500000, 0x00000000c7500000| Untracked 
|  28|0x00000000c7600000, 0x00000000c7600000, 0x00000000c7700000|  0%| F|  |TAMS 0x00000000c7600000, 0x00000000c7600000| Untracked 
|  29|0x00000000c7700000, 0x00000000c7700000, 0x00000000c7800000|  0%| F|  |TAMS 0x00000000c7700000, 0x00000000c7700000| Untracked 
|  30|0x00000000c7800000, 0x00000000c7800000, 0x00000000c7900000|  0%| F|  |TAMS 0x00000000c7800000, 0x00000000c7800000| Untracked 
|  31|0x00000000c7900000, 0x00000000c7900000, 0x00000000c7a00000|  0%| F|  |TAMS 0x00000000c7900000, 0x00000000c7900000| Untracked 
|  32|0x00000000c7a00000, 0x00000000c7a00000, 0x00000000c7b00000|  0%| F|  |TAMS 0x00000000c7a00000, 0x00000000c7a00000| Untracked 
|  33|0x00000000c7b00000, 0x00000000c7b00000, 0x00000000c7c00000|  0%| F|  |TAMS 0x00000000c7b00000, 0x00000000c7b00000| Untracked 
|  34|0x00000000c7c00000, 0x00000000c7c00000, 0x00000000c7d00000|  0%| F|  |TAMS 0x00000000c7c00000, 0x00000000c7c00000| Untracked 
|  35|0x00000000c7d00000, 0x00000000c7d00000, 0x00000000c7e00000|  0%| F|  |TAMS 0x00000000c7d00000, 0x00000000c7d00000| Untracked 
|  36|0x00000000c7e00000, 0x00000000c7e00000, 0x00000000c7f00000|  0%| F|  |TAMS 0x00000000c7e00000, 0x00000000c7e00000| Untracked 
|  37|0x00000000c7f00000, 0x00000000c7f00000, 0x00000000c8000000|  0%| F|  |TAMS 0x00000000c7f00000, 0x00000000c7f00000| Untracked 
|  38|0x00000000c8000000, 0x00000000c806ec80, 0x00000000c8100000| 43%| S|CS|TAMS 0x00000000c8000000, 0x00000000c8000000| Complete 
|  39|0x00000000c8100000, 0x00000000c8200000, 0x00000000c8200000|100%| S|CS|TAMS 0x00000000c8100000, 0x00000000c8100000| Complete 
|  40|0x00000000c8200000, 0x00000000c8300000, 0x00000000c8300000|100%| S|CS|TAMS 0x00000000c8200000, 0x00000000c8200000| Complete 
|  41|0x00000000c8300000, 0x00000000c8400000, 0x00000000c8400000|100%| S|CS|TAMS 0x00000000c8300000, 0x00000000c8300000| Complete 
|  42|0x00000000c8400000, 0x00000000c8500000, 0x00000000c8500000|100%| S|CS|TAMS 0x00000000c8400000, 0x00000000c8400000| Complete 
|  43|0x00000000c8500000, 0x00000000c8500000, 0x00000000c8600000|  0%| F|  |TAMS 0x00000000c8500000, 0x00000000c8500000| Untracked 
|  44|0x00000000c8600000, 0x00000000c8600000, 0x00000000c8700000|  0%| F|  |TAMS 0x00000000c8600000, 0x00000000c8600000| Untracked 
|  45|0x00000000c8700000, 0x00000000c8700000, 0x00000000c8800000|  0%| F|  |TAMS 0x00000000c8700000, 0x00000000c8700000| Untracked 
|  46|0x00000000c8800000, 0x00000000c8800000, 0x00000000c8900000|  0%| F|  |TAMS 0x00000000c8800000, 0x00000000c8800000| Untracked 
|  47|0x00000000c8900000, 0x00000000c8900000, 0x00000000c8a00000|  0%| F|  |TAMS 0x00000000c8900000, 0x00000000c8900000| Untracked 
|  48|0x00000000c8a00000, 0x00000000c8a00000, 0x00000000c8b00000|  0%| F|  |TAMS 0x00000000c8a00000, 0x00000000c8a00000| Untracked 
|  49|0x00000000c8b00000, 0x00000000c8b00000, 0x00000000c8c00000|  0%| F|  |TAMS 0x00000000c8b00000, 0x00000000c8b00000| Untracked 
|  50|0x00000000c8c00000, 0x00000000c8c00000, 0x00000000c8d00000|  0%| F|  |TAMS 0x00000000c8c00000, 0x00000000c8c00000| Untracked 
|  51|0x00000000c8d00000, 0x00000000c8d00000, 0x00000000c8e00000|  0%| F|  |TAMS 0x00000000c8d00000, 0x00000000c8d00000| Untracked 
|  52|0x00000000c8e00000, 0x00000000c8e00000, 0x00000000c8f00000|  0%| F|  |TAMS 0x00000000c8e00000, 0x00000000c8e00000| Untracked 
|  53|0x00000000c8f00000, 0x00000000c8f00000, 0x00000000c9000000|  0%| F|  |TAMS 0x00000000c8f00000, 0x00000000c8f00000| Untracked 
|  54|0x00000000c9000000, 0x00000000c9000000, 0x00000000c9100000|  0%| F|  |TAMS 0x00000000c9000000, 0x00000000c9000000| Untracked 
|  55|0x00000000c9100000, 0x00000000c9100000, 0x00000000c9200000|  0%| F|  |TAMS 0x00000000c9100000, 0x00000000c9100000| Untracked 
|  56|0x00000000c9200000, 0x00000000c9200000, 0x00000000c9300000|  0%| F|  |TAMS 0x00000000c9200000, 0x00000000c9200000| Untracked 
|  57|0x00000000c9300000, 0x00000000c9300000, 0x00000000c9400000|  0%| F|  |TAMS 0x00000000c9300000, 0x00000000c9300000| Untracked 
|  58|0x00000000c9400000, 0x00000000c9400000, 0x00000000c9500000|  0%| F|  |TAMS 0x00000000c9400000, 0x00000000c9400000| Untracked 
|  59|0x00000000c9500000, 0x00000000c9500000, 0x00000000c9600000|  0%| F|  |TAMS 0x00000000c9500000, 0x00000000c9500000| Untracked 
|  60|0x00000000c9600000, 0x00000000c9600000, 0x00000000c9700000|  0%| F|  |TAMS 0x00000000c9600000, 0x00000000c9600000| Untracked 
|  61|0x00000000c9700000, 0x00000000c9700000, 0x00000000c9800000|  0%| F|  |TAMS 0x00000000c9700000, 0x00000000c9700000| Untracked 
|  62|0x00000000c9800000, 0x00000000c9800000, 0x00000000c9900000|  0%| F|  |TAMS 0x00000000c9800000, 0x00000000c9800000| Untracked 
|  63|0x00000000c9900000, 0x00000000c9900000, 0x00000000c9a00000|  0%| F|  |TAMS 0x00000000c9900000, 0x00000000c9900000| Untracked 
|  64|0x00000000c9a00000, 0x00000000c9a3b0a8, 0x00000000c9b00000| 23%| E|  |TAMS 0x00000000c9a00000, 0x00000000c9a00000| Complete 
|  65|0x00000000c9b00000, 0x00000000c9c00000, 0x00000000c9c00000|100%| E|CS|TAMS 0x00000000c9b00000, 0x00000000c9b00000| Complete 
|  66|0x00000000c9c00000, 0x00000000c9d00000, 0x00000000c9d00000|100%| E|CS|TAMS 0x00000000c9c00000, 0x00000000c9c00000| Complete 
|  67|0x00000000c9d00000, 0x00000000c9e00000, 0x00000000c9e00000|100%| E|CS|TAMS 0x00000000c9d00000, 0x00000000c9d00000| Complete 
|  68|0x00000000c9e00000, 0x00000000c9f00000, 0x00000000c9f00000|100%| E|CS|TAMS 0x00000000c9e00000, 0x00000000c9e00000| Complete 
|  69|0x00000000c9f00000, 0x00000000ca000000, 0x00000000ca000000|100%| E|CS|TAMS 0x00000000c9f00000, 0x00000000c9f00000| Complete 
|  70|0x00000000ca000000, 0x00000000ca100000, 0x00000000ca100000|100%| E|CS|TAMS 0x00000000ca000000, 0x00000000ca000000| Complete 
|  71|0x00000000ca100000, 0x00000000ca200000, 0x00000000ca200000|100%| E|CS|TAMS 0x00000000ca100000, 0x00000000ca100000| Complete 
|  72|0x00000000ca200000, 0x00000000ca300000, 0x00000000ca300000|100%| E|CS|TAMS 0x00000000ca200000, 0x00000000ca200000| Complete 
|  73|0x00000000ca300000, 0x00000000ca400000, 0x00000000ca400000|100%| E|CS|TAMS 0x00000000ca300000, 0x00000000ca300000| Complete 
|  74|0x00000000ca400000, 0x00000000ca500000, 0x00000000ca500000|100%| E|CS|TAMS 0x00000000ca400000, 0x00000000ca400000| Complete 
|  75|0x00000000ca500000, 0x00000000ca600000, 0x00000000ca600000|100%| E|CS|TAMS 0x00000000ca500000, 0x00000000ca500000| Complete 
|  76|0x00000000ca600000, 0x00000000ca700000, 0x00000000ca700000|100%| E|CS|TAMS 0x00000000ca600000, 0x00000000ca600000| Complete 
|  77|0x00000000ca700000, 0x00000000ca800000, 0x00000000ca800000|100%| E|CS|TAMS 0x00000000ca700000, 0x00000000ca700000| Complete 
|  78|0x00000000ca800000, 0x00000000ca900000, 0x00000000ca900000|100%| E|CS|TAMS 0x00000000ca800000, 0x00000000ca800000| Complete 
|  79|0x00000000ca900000, 0x00000000caa00000, 0x00000000caa00000|100%| E|CS|TAMS 0x00000000ca900000, 0x00000000ca900000| Complete 
|  80|0x00000000caa00000, 0x00000000cab00000, 0x00000000cab00000|100%| E|CS|TAMS 0x00000000caa00000, 0x00000000caa00000| Complete 
|  81|0x00000000cab00000, 0x00000000cac00000, 0x00000000cac00000|100%| E|CS|TAMS 0x00000000cab00000, 0x00000000cab00000| Complete 
|  82|0x00000000cac00000, 0x00000000cad00000, 0x00000000cad00000|100%| E|CS|TAMS 0x00000000cac00000, 0x00000000cac00000| Complete 
|  83|0x00000000cad00000, 0x00000000cae00000, 0x00000000cae00000|100%| E|CS|TAMS 0x00000000cad00000, 0x00000000cad00000| Complete 
|  84|0x00000000cae00000, 0x00000000caf00000, 0x00000000caf00000|100%| E|CS|TAMS 0x00000000cae00000, 0x00000000cae00000| Complete 
|  85|0x00000000caf00000, 0x00000000cb000000, 0x00000000cb000000|100%| E|CS|TAMS 0x00000000caf00000, 0x00000000caf00000| Complete 
|  86|0x00000000cb000000, 0x00000000cb100000, 0x00000000cb100000|100%| E|CS|TAMS 0x00000000cb000000, 0x00000000cb000000| Complete 
|  87|0x00000000cb100000, 0x00000000cb200000, 0x00000000cb200000|100%| E|CS|TAMS 0x00000000cb100000, 0x00000000cb100000| Complete 
| 932|0x00000000ffe00000, 0x00000000ffe47000, 0x00000000fff00000| 27%|OA|  |TAMS 0x00000000ffe47000, 0x00000000ffe00000| Untracked 
| 933|0x00000000fff00000, 0x00000000fff6b000, 0x0000000100000000| 41%|CA|  |TAMS 0x00000000fff6b000, 0x00000000fff00000| Untracked 

Card table byte_map: [0x00007f7576579000,0x00007f757674c000] _byte_map_base: 0x00007f7575f4c000

Marking Bits (Prev, Next): (CMBitMap*) 0x00007f7570046938, (CMBitMap*) 0x00007f7570046970
 Prev Bits: [0x00007f757550e000, 0x00007f75763a6000)
 Next Bits: [0x00007f7574676000, 0x00007f757550e000)

Polling page: 0x00007f75789f3000

Metaspace:

Usage:
  Non-class:     60,40 MB capacity,    59,28 MB ( 98%) used,   905,52 KB (  1%) free+waste,   237,69 KB ( <1%) overhead. 
      Class:      9,49 MB capacity,     8,77 MB ( 92%) used,   622,52 KB (  6%) free+waste,   109,75 KB (  1%) overhead. 
       Both:     69,89 MB capacity,    68,06 MB ( 97%) used,     1,49 MB (  2%) free+waste,   347,44 KB ( <1%) overhead. 

Virtual space:
  Non-class space:       62,00 MB reserved,      60,50 MB ( 98%) committed 
      Class space:        1,00 GB reserved,       9,57 MB ( <1%) committed 
             Both:        1,06 GB reserved,      70,07 MB (  6%) committed 

Chunk freelists:
   Non-Class:  74,00 KB
       Class:  13,00 KB
        Both:  87,00 KB

MaxMetaspaceSize: unlimited
CompressedClassSpaceSize: 1,00 GB
Initial GC threshold: 20,80 MB
Current GC threshold: 108,25 MB
CDS: on

CodeHeap 'non-profiled nmethods': size=120032Kb used=5326Kb max_used=5326Kb free=114705Kb
 bounds [0x00007f756031b000, 0x00007f756085b000, 0x00007f7567853000]
CodeHeap 'profiled nmethods': size=120032Kb used=14340Kb max_used=14340Kb free=105691Kb
 bounds [0x00007f7558de3000, 0x00007f7559bf3000, 0x00007f756031b000]
CodeHeap 'non-nmethods': size=5696Kb used=1388Kb max_used=1430Kb free=4307Kb
 bounds [0x00007f7558853000, 0x00007f7558ac3000, 0x00007f7558de3000]
 total_blobs=7048 nmethods=6414 adapters=556
 compilation: enabled
              stopped_count=0, restarted_count=0
 full_count=0

Compilation events (20 events):
Event: 1802,085 Thread 0x00007f7570134800 nmethod 6638 0x00007f7559be1990 code [0x00007f7559be1b80, 0x00007f7559be1fc0]
Event: 1802,087 Thread 0x00007f7570132800 nmethod 6639 0x00007f756084c210 code [0x00007f756084c3c0, 0x00007f756084c5b8]
Event: 1802,087 Thread 0x00007f7570132800 6641 %     4       sun.security.util.math.intpoly.IntegerPolynomial::multByInt @ 3 (30 bytes)
Event: 1802,089 Thread 0x00007f7570134800 6645       3       javax.crypto.spec.SecretKeySpec::getEncoded (11 bytes)
Event: 1802,089 Thread 0x00007f7570134800 nmethod 6645 0x00007f7559be2110 code [0x00007f7559be22e0, 0x00007f7559be25e0]
Event: 1802,096 Thread 0x00007f7570134800 6646       3       java.security.Provider$UString::<init> (21 bytes)
Event: 1802,097 Thread 0x00007f7570134800 nmethod 6646 0x00007f7559be2710 code [0x00007f7559be2900, 0x00007f7559be2d50]
Event: 1802,097 Thread 0x00007f7570134800 6647       3       sun.security.provider.SHA5::resetHashes (19 bytes)
Event: 1802,097 Thread 0x00007f7570134800 nmethod 6647 0x00007f7559be2f10 code [0x00007f7559be30c0, 0x00007f7559be3280]
Event: 1802,097 Thread 0x00007f7570134800 6648       3       sun.security.ssl.Authenticator$SSLAuthenticator::seqNumIsHuge (54 bytes)
Event: 1802,098 Thread 0x00007f7570134800 nmethod 6648 0x00007f7559be3390 code [0x00007f7559be3560, 0x00007f7559be3850]
Event: 1802,134 Thread 0x00007f7570132800 nmethod 6641% 0x00007f756084c710 code [0x00007f756084c8c0, 0x00007f756084cd18]
Event: 1802,134 Thread 0x00007f7570132800 6644       4       sun.security.provider.SHA5::implCompress0 (322 bytes)
Event: 1802,147 Thread 0x00007f7570132800 nmethod 6644 0x00007f756084cf90 code [0x00007f756084d140, 0x00007f756084d6d8]
Event: 1802,147 Thread 0x00007f7570132800 6642       4       sun.security.ec.XECOperations::cswap (9 bytes)
Event: 1802,256 Thread 0x00007f7570132800 nmethod 6642 0x00007f756084da10 code [0x00007f756084dbc0, 0x00007f756084e018]
Event: 1805,727 Thread 0x00007f7570134800 6649       3       java.lang.ModuleLayer::boot (4 bytes)
Event: 1805,727 Thread 0x00007f7570134800 nmethod 6649 0x00007f7559be3990 code [0x00007f7559be3b40, 0x00007f7559be3c30]
Event: 1805,727 Thread 0x00007f7570134800 6650       3       sun.security.ssl.Authenticator::sequenceNumber (10 bytes)
Event: 1805,728 Thread 0x00007f7570134800 nmethod 6650 0x00007f7559be3c90 code [0x00007f7559be3e60, 0x00007f7559be4200]

GC Heap History (20 events):
Event: 15,880 GC heap before
{Heap before GC invocations=15 (full 0):
 garbage-first heap   total 76800K, used 47250K [0x00000000c5a00000, 0x0000000100000000)
  region size 1024K, 34 young (34816K), 4 survivors (4096K)
 Metaspace       used 34580K, capacity 35720K, committed 35840K, reserved 1081344K
  class space    used 4291K, capacity 4732K, committed 4736K, reserved 1048576K
}
Event: 15,898 GC heap after
{Heap after GC invocations=16 (full 0):
 garbage-first heap   total 76800K, used 18451K [0x00000000c5a00000, 0x0000000100000000)
  region size 1024K, 3 young (3072K), 3 survivors (3072K)
 Metaspace       used 34580K, capacity 35720K, committed 35840K, reserved 1081344K
  class space    used 4291K, capacity 4732K, committed 4736K, reserved 1048576K
}
Event: 16,993 GC heap before
{Heap before GC invocations=17 (full 0):
 garbage-first heap   total 76800K, used 58387K [0x00000000c5a00000, 0x0000000100000000)
  region size 1024K, 42 young (43008K), 3 survivors (3072K)
 Metaspace       used 38186K, capacity 39406K, committed 39756K, reserved 1083392K
  class space    used 4937K, capacity 5427K, committed 5452K, reserved 1048576K
}
Event: 17,008 GC heap after
{Heap after GC invocations=18 (full 0):
 garbage-first heap   total 92160K, used 19089K [0x00000000c5a00000, 0x0000000100000000)
  region size 1024K, 4 young (4096K), 4 survivors (4096K)
 Metaspace       used 38186K, capacity 39406K, committed 39756K, reserved 1083392K
  class space    used 4937K, capacity 5427K, committed 5452K, reserved 1048576K
}
Event: 24,311 GC heap before
{Heap before GC invocations=19 (full 0):
 garbage-first heap   total 92160K, used 64145K [0x00000000c5a00000, 0x0000000100000000)
  region size 1024K, 48 young (49152K), 4 survivors (4096K)
 Metaspace       used 44535K, capacity 45799K, committed 46156K, reserved 1089536K
  class space    used 5684K, capacity 6164K, committed 6220K, reserved 1048576K
}
Event: 24,327 GC heap after
{Heap after GC invocations=20 (full 0):
 garbage-first heap   total 92160K, used 22201K [0x00000000c5a00000, 0x0000000100000000)
  region size 1024K, 6 young (6144K), 6 survivors (6144K)
 Metaspace       used 44535K, capacity 45799K, committed 46156K, reserved 1089536K
  class space    used 5684K, capacity 6164K, committed 6220K, reserved 1048576K
}
Event: 26,347 GC heap before
{Heap before GC invocations=20 (full 0):
 garbage-first heap   total 92160K, used 71353K [0x00000000c5a00000, 0x0000000100000000)
  region size 1024K, 54 young (55296K), 6 survivors (6144K)
 Metaspace       used 48418K, capacity 49715K, committed 50252K, reserved 1093632K
  class space    used 6165K, capacity 6657K, committed 6732K, reserved 1048576K
}
Event: 26,370 GC heap after
{Heap after GC invocations=21 (full 0):
 garbage-first heap   total 92160K, used 23946K [0x00000000c5a00000, 0x0000000100000000)
  region size 1024K, 5 young (5120K), 5 survivors (5120K)
 Metaspace       used 48418K, capacity 49715K, committed 50252K, reserved 1093632K
  class space    used 6165K, capacity 6657K, committed 6732K, reserved 1048576K
}
Event: 27,421 GC heap before
{Heap before GC invocations=21 (full 0):
 garbage-first heap   total 92160K, used 72074K [0x00000000c5a00000, 0x0000000100000000)
  region size 1024K, 52 young (53248K), 5 survivors (5120K)
 Metaspace       used 52604K, capacity 53915K, committed 54220K, reserved 1095680K
  class space    used 6817K, capacity 7328K, committed 7372K, reserved 1048576K
}
Event: 27,438 GC heap after
{Heap after GC invocations=22 (full 0):
 garbage-first heap   total 92160K, used 24932K [0x00000000c5a00000, 0x0000000100000000)
  region size 1024K, 3 young (3072K), 3 survivors (3072K)
 Metaspace       used 52604K, capacity 53915K, committed 54220K, reserved 1095680K
  class space    used 6817K, capacity 7328K, committed 7372K, reserved 1048576K
}
Event: 36,767 GC heap before
{Heap before GC invocations=22 (full 0):
 garbage-first heap   total 92160K, used 73060K [0x00000000c5a00000, 0x0000000100000000)
  region size 1024K, 50 young (51200K), 3 survivors (3072K)
 Metaspace       used 56682K, capacity 58097K, committed 58444K, reserved 1099776K
  class space    used 7348K, capacity 7892K, committed 8012K, reserved 1048576K
}
Event: 36,781 GC heap after
{Heap after GC invocations=23 (full 0):
 garbage-first heap   total 92160K, used 25782K [0x00000000c5a00000, 0x0000000100000000)
  region size 1024K, 4 young (4096K), 4 survivors (4096K)
 Metaspace       used 56682K, capacity 58097K, committed 58444K, reserved 1099776K
  class space    used 7348K, capacity 7892K, committed 8012K, reserved 1048576K
}
Event: 41,903 GC heap before
{Heap before GC invocations=23 (full 0):
 garbage-first heap   total 92160K, used 73910K [0x00000000c5a00000, 0x0000000100000000)
  region size 1024K, 51 young (52224K), 4 survivors (4096K)
 Metaspace       used 59338K, capacity 60911K, committed 61132K, reserved 1101824K
  class space    used 7691K, capacity 8332K, committed 8396K, reserved 1048576K
}
Event: 41,914 GC heap after
{Heap after GC invocations=24 (full 0):
 garbage-first heap   total 92160K, used 27334K [0x00000000c5a00000, 0x0000000100000000)
  region size 1024K, 5 young (5120K), 5 survivors (5120K)
 Metaspace       used 59338K, capacity 60911K, committed 61132K, reserved 1101824K
  class space    used 7691K, capacity 8332K, committed 8396K, reserved 1048576K
}
Event: 43,224 GC heap before
{Heap before GC invocations=24 (full 0):
 garbage-first heap   total 92160K, used 74438K [0x00000000c5a00000, 0x0000000100000000)
  region size 1024K, 51 young (52224K), 5 survivors (5120K)
 Metaspace       used 62013K, capacity 63679K, committed 63820K, reserved 1103872K
  class space    used 8062K, capacity 8718K, committed 8780K, reserved 1048576K
}
Event: 43,244 GC heap after
{Heap after GC invocations=25 (full 0):
 garbage-first heap   total 92160K, used 29281K [0x00000000c5a00000, 0x0000000100000000)
  region size 1024K, 6 young (6144K), 6 survivors (6144K)
 Metaspace       used 62013K, capacity 63679K, committed 63820K, reserved 1103872K
  class space    used 8062K, capacity 8718K, committed 8780K, reserved 1048576K
}
Event: 101,072 GC heap before
{Heap before GC invocations=25 (full 0):
 garbage-first heap   total 92160K, used 58977K [0x00000000c5a00000, 0x0000000100000000)
  region size 1024K, 36 young (36864K), 6 survivors (6144K)
 Metaspace       used 64295K, capacity 66032K, committed 66252K, reserved 1105920K
  class space    used 8340K, capacity 9030K, committed 9164K, reserved 1048576K
}
Event: 101,106 GC heap after
{Heap after GC invocations=26 (full 0):
 garbage-first heap   total 92160K, used 30817K [0x00000000c5a00000, 0x0000000100000000)
  region size 1024K, 5 young (5120K), 5 survivors (5120K)
 Metaspace       used 64295K, capacity 66032K, committed 66252K, reserved 1105920K
  class space    used 8340K, capacity 9030K, committed 9164K, reserved 1048576K
}
Event: 133,182 GC heap before
{Heap before GC invocations=27 (full 0):
 garbage-first heap   total 92160K, used 70753K [0x00000000c5a00000, 0x0000000100000000)
  region size 1024K, 45 young (46080K), 5 survivors (5120K)
 Metaspace       used 67662K, capacity 69422K, committed 69708K, reserved 1110016K
  class space    used 8753K, capacity 9449K, committed 9548K, reserved 1048576K
}
Event: 133,197 GC heap after
{Heap after GC invocations=28 (full 0):
 garbage-first heap   total 92160K, used 31560K [0x00000000c5a00000, 0x0000000100000000)
  region size 1024K, 5 young (5120K), 5 survivors (5120K)
 Metaspace       used 67662K, capacity 69422K, committed 69708K, reserved 1110016K
  class space    used 8753K, capacity 9449K, committed 9548K, reserved 1048576K
}

Deoptimization events (20 events):
Event: 1798,093 Thread 0x00007f74f407e800 DEOPT PACKING pc=0x00007f75597e2f1c sp=0x00007f74f8562560
Event: 1798,093 Thread 0x00007f74f407e800 DEOPT UNPACKING pc=0x00007f755889d62b sp=0x00007f74f8561b38 mode 1
Event: 1800,847 Thread 0x00007f74f4088800 DEOPT PACKING pc=0x00007f7559b6d6c1 sp=0x00007f74f8663f90
Event: 1800,847 Thread 0x00007f74f4088800 DEOPT UNPACKING pc=0x00007f755889d62b sp=0x00007f74f8663468 mode 1
Event: 1802,055 Thread 0x00007f74f407e800 DEOPT PACKING pc=0x00007f75597c6f34 sp=0x00007f74f85621f0
Event: 1802,055 Thread 0x00007f74f407e800 DEOPT UNPACKING pc=0x00007f755889d62b sp=0x00007f74f85617b0 mode 1
Event: 1802,056 Thread 0x00007f74f407e800 DEOPT PACKING pc=0x00007f75597c6f34 sp=0x00007f74f85621f0
Event: 1802,056 Thread 0x00007f74f407e800 DEOPT UNPACKING pc=0x00007f755889d62b sp=0x00007f74f85617b0 mode 1
Event: 1802,088 Thread 0x00007f74f407e800 DEOPT PACKING pc=0x00007f7559761e60 sp=0x00007f74f8561f80
Event: 1802,088 Thread 0x00007f74f407e800 DEOPT UNPACKING pc=0x00007f755889d62b sp=0x00007f74f8561458 mode 0
Event: 1802,088 Thread 0x00007f74f407e800 DEOPT PACKING pc=0x00007f7559761e60 sp=0x00007f74f8561df0
Event: 1802,088 Thread 0x00007f74f407e800 DEOPT UNPACKING pc=0x00007f755889d62b sp=0x00007f74f85612c8 mode 0
Event: 1802,089 Thread 0x00007f74f407e800 DEOPT PACKING pc=0x00007f75597d0f41 sp=0x00007f74f8562410
Event: 1802,089 Thread 0x00007f74f407e800 DEOPT UNPACKING pc=0x00007f755889d62b sp=0x00007f74f85618e8 mode 1
Event: 1802,096 Thread 0x00007f74f407e800 DEOPT PACKING pc=0x00007f75597d0f41 sp=0x00007f74f85627c0
Event: 1802,096 Thread 0x00007f74f407e800 DEOPT UNPACKING pc=0x00007f755889d62b sp=0x00007f74f8561c98 mode 1
Event: 1804,732 Thread 0x00007f74f4088800 DEOPT PACKING pc=0x00007f7559b6d6c1 sp=0x00007f74f8663f90
Event: 1804,732 Thread 0x00007f74f4088800 DEOPT UNPACKING pc=0x00007f755889d62b sp=0x00007f74f8663468 mode 1
Event: 1805,728 Thread 0x00007f74f4088800 DEOPT PACKING pc=0x00007f7559b6d6c1 sp=0x00007f74f8663f90
Event: 1805,728 Thread 0x00007f74f4088800 DEOPT UNPACKING pc=0x00007f755889d62b sp=0x00007f74f8663468 mode 1

Classes redefined (0 events):
No events

Internal exceptions (20 events):
Event: 42,014 Thread 0x00007f757001a000 Exception <a 'java/lang/ClassNotFoundException'{0x00000000cade7828}: org/springframework/beans/factory/AwareCustomizer> (0x00000000cade7828) thrown at [src/hotspot/share/classfile/systemDictionary.cpp, line 231]
Event: 42,131 Thread 0x00007f757001a000 Implicit null exception at 0x00007f75606839f2 to 0x00007f756068423c
Event: 42,657 Thread 0x00007f757001a000 Implicit null exception at 0x00007f756072aec6 to 0x00007f756072e308
Event: 42,913 Thread 0x00007f757001a000 Exception <a 'java/lang/IncompatibleClassChangeError'{0x00000000c8adf630}: Found class java.lang.Object, but interface was expected> (0x00000000c8adf630) thrown at [src/hotspot/share/interpreter/linkResolver.cpp, line 839]
Event: 43,104 Thread 0x00007f757001a000 Exception <a 'java/lang/ClassNotFoundException'{0x00000000c86ddc70}: java/lang/ObjectCustomizer> (0x00000000c86ddc70) thrown at [src/hotspot/share/classfile/systemDictionary.cpp, line 231]
Event: 43,105 Thread 0x00007f757001a000 Exception <a 'java/lang/ClassNotFoundException'{0x00000000c86f1798}: org/springframework/security/config/annotation/web/configuration/HttpSecurityConfigurationCustomizer> (0x00000000c86f1798) thrown at [src/hotspot/share/classfile/systemDictionary.cpp, line 231]
Event: 43,183 Thread 0x00007f757001a000 Exception <a 'java/lang/NoSuchMethodError'{0x00000000c85cf1b8}: 'java.lang.Object java.lang.invoke.DirectMethodHandle$Holder.invokeInterface(java.lang.Object, java.lang.Object, java.lang.Object, java.lang.Object)'> (0x00000000c85cf1b8) thrown at [src/hotspot/share/interpreter/linkResolver.cpp, line 772]
Event: 43,345 Thread 0x00007f757001a000 Exception <a 'java/lang/NoSuchMethodError'{0x00000000caf6bcb0}: 'void java.lang.invoke.DirectMethodHandle$Holder.invokeVirtual(java.lang.Object, java.lang.Object, int)'> (0x00000000caf6bcb0) thrown at [src/hotspot/share/interpreter/linkResolver.cpp, line 772]
Event: 43,351 Thread 0x00007f757001a000 Exception <a 'java/lang/NoSuchMethodError'{0x00000000caf86158}: 'void java.lang.invoke.DirectMethodHandle$Holder.invokeVirtual(java.lang.Object, java.lang.Object, long)'> (0x00000000caf86158) thrown at [src/hotspot/share/interpreter/linkResolver.cpp, line 772]
Event: 43,840 Thread 0x00007f757001a000 Exception <a 'java/lang/NoSuchMethodError'{0x00000000c9ecadd8}: 'java.lang.Object java.lang.invoke.DirectMethodHandle$Holder.invokeSpecial(java.lang.Object, java.lang.Object, int, java.lang.Object, int, java.lang.Object)'> (0x00000000c9ecadd8) thrown at [src/hotspot/share/interpreter/linkResolver.cpp, line 772]
Event: 43,856 Thread 0x00007f757001a000 Exception <a 'java/lang/NoSuchMethodError'{0x00000000c9ed22c0}: 'java.lang.Object java.lang.invoke.DirectMethodHandle$Holder.invokeStatic(java.lang.Object, java.lang.Object, int, java.lang.Object, int)'> (0x00000000c9ed22c0) thrown at [src/hotspot/share/interpreter/linkResolver.cpp, line 772]
Event: 43,856 Thread 0x00007f757001a000 Exception <a 'java/lang/NoSuchMethodError'{0x00000000c9ed5aa0}: 'java.lang.Object java.lang.invoke.DirectMethodHandle$Holder.invokeSpecial(java.lang.Object, java.lang.Object, java.lang.Object, int, java.lang.Object, int)'> (0x00000000c9ed5aa0) thrown at [src/hotspot/share/interpreter/linkResolver.cpp, line 772]
Event: 43,858 Thread 0x00007f757001a000 Exception <a 'java/lang/NoSuchMethodError'{0x00000000c9ee5ce0}: 'void java.lang.invoke.DirectMethodHandle$Holder.invokeVirtual(java.lang.Object, java.lang.Object)'> (0x00000000c9ee5ce0) thrown at [src/hotspot/share/interpreter/linkResolver.cpp, line 772]
Event: 102,622 Thread 0x00007f74e8002800 Exception <a 'java/lang/NoSuchMethodError'{0x00000000c9c55158}: 'java.lang.Object java.lang.invoke.Invokers$Holder.linkToTargetMethod(java.lang.Object, java.lang.Object, java.lang.Object, java.lang.Object, java.lang.Object, java.lang.Object, java.lang.Object)'> (0x00000000c9c55158) thrown at [src/hotspot/share/interpreter/linkResolver.cpp, line 772]
Event: 103,046 Thread 0x00007f74e8002800 Exception <a 'java/lang/ClassNotFoundException'{0x00000000c98b39c8}: java/lang/ObjectCustomizer> (0x00000000c98b39c8) thrown at [src/hotspot/share/classfile/systemDictionary.cpp, line 231]
Event: 103,115 Thread 0x00007f74e8002800 Exception <a 'java/lang/ClassNotFoundException'{0x00000000c98c66e0}: com/br/example/prj/biblioteca/DTO/request/SignupRequestCustomizer> (0x00000000c98c66e0) thrown at [src/hotspot/share/classfile/systemDictionary.cpp, line 231]
Event: 136,271 Thread 0x00007f74e8004000 Exception <a 'java/lang/NoSuchMethodError'{0x00000000ca6d4a80}: 'java.lang.Object java.lang.invoke.DirectMethodHandle$Holder.invokeStaticInit(java.lang.Object, java.lang.Object, java.lang.Object, java.lang.Object, java.lang.Object, java.lang.Object)'> (0x00000000ca6d4a80) thrown at [src/hotspot/share/interpreter/linkResolver.cpp, line 772]
Event: 136,472 Thread 0x00007f74e8004000 Exception <a 'java/lang/ClassNotFoundException'{0x00000000ca5d2050}: java/lang/ObjectCustomizer> (0x00000000ca5d2050) thrown at [src/hotspot/share/classfile/systemDictionary.cpp, line 231]
Event: 136,496 Thread 0x00007f74e8004000 Exception <a 'java/lang/ClassNotFoundException'{0x00000000ca5e4b10}: com/br/example/prj/biblioteca/models/UsuarioCustomizer> (0x00000000ca5e4b10) thrown at [src/hotspot/share/classfile/systemDictionary.cpp, line 231]
Event: 136,537 Thread 0x00007f74e8004000 Implicit null exception at 0x00007f75604db97f to 0x00007f75604dbb90

Events (20 events):
Event: 1789,366 loading class java/lang/Throwable$PrintStreamOrWriter
Event: 1789,366 loading class java/lang/Throwable$PrintStreamOrWriter done
Event: 1789,366 loading class java/lang/Throwable$WrappedPrintWriter done
Event: 1789,378 loading class sun/security/ssl/Alert
Event: 1789,501 loading class sun/security/ssl/Alert done
Event: 1789,502 loading class sun/security/ssl/Alert$AlertConsumer
Event: 1789,538 loading class sun/security/ssl/Alert$AlertConsumer done
Event: 1789,538 loading class sun/security/ssl/Alert$Level
Event: 1789,538 loading class sun/security/ssl/Alert$Level done
Event: 1789,593 loading class com/mysql/cj/log/ProfilerEventHandlerFactory
Event: 1789,593 loading class com/mysql/cj/log/ProfilerEventHandlerFactory done
Event: 1789,802 Executing VM operation: RevokeBias
Event: 1789,802 Executing VM operation: RevokeBias done
Event: 1799,624 Executing VM operation: RevokeBias
Event: 1799,624 Executing VM operation: RevokeBias done
Event: 1799,625 Thread 0x00007f74f4088800 Thread exited: 0x00007f74f4088800
Event: 1800,845 Thread 0x00007f74f4088800 Thread added: 0x00007f74f4088800
Event: 1800,845 Protecting memory [0x00007f74f8565000,0x00007f74f8569000] with protection modes 0
Event: 1809,922 Thread 0x00007f7514001800 Thread exited: 0x00007f7514001800
Event: 1810,008 loading class jdk/internal/misc/Signal$1


Dynamic libraries:
c5a00000-cb200000 rw-p 00000000 00:00 0 
cb200000-ffe00000 ---p 00000000 00:00 0 
ffe00000-ffe47000 rw-p 01114000 08:06 6819997                            /usr/lib/jvm/java-11-openjdk-amd64/lib/server/classes.jsa
ffe47000-fff00000 rw-p 00000000 00:00 0 
fff00000-fff6b000 rw-p 010a9000 08:06 6819997                            /usr/lib/jvm/java-11-openjdk-amd64/lib/server/classes.jsa
fff6b000-100000000 rw-p 00000000 00:00 0 
800000000-800002000 rwxp 00001000 08:06 6819997                          /usr/lib/jvm/java-11-openjdk-amd64/lib/server/classes.jsa
800002000-8010a8000 rw-p 00003000 08:06 6819997                          /usr/lib/jvm/java-11-openjdk-amd64/lib/server/classes.jsa
840000000-840993000 rw-p 00000000 00:00 0 
840993000-880000000 ---p 00000000 00:00 0 
557d29383000-557d29384000 r--p 00000000 08:06 6819645                    /usr/lib/jvm/java-11-openjdk-amd64/bin/java
557d29384000-557d29385000 r-xp 00001000 08:06 6819645                    /usr/lib/jvm/java-11-openjdk-amd64/bin/java
557d29385000-557d29386000 r--p 00002000 08:06 6819645                    /usr/lib/jvm/java-11-openjdk-amd64/bin/java
557d29386000-557d29387000 r--p 00002000 08:06 6819645                    /usr/lib/jvm/java-11-openjdk-amd64/bin/java
557d29387000-557d29388000 rw-p 00003000 08:06 6819645                    /usr/lib/jvm/java-11-openjdk-amd64/bin/java
557d2a33a000-557d2a35b000 rw-p 00000000 00:00 0                          [heap]
7f74d4000000-7f74d424b000 rw-p 00000000 00:00 0 
7f74d424b000-7f74d8000000 ---p 00000000 00:00 0 
7f74dc000000-7f74dc021000 rw-p 00000000 00:00 0 
7f74dc021000-7f74e0000000 ---p 00000000 00:00 0 
7f74e0000000-7f74e01eb000 rw-p 00000000 00:00 0 
7f74e01eb000-7f74e4000000 ---p 00000000 00:00 0 
7f74e4000000-7f74e4021000 rw-p 00000000 00:00 0 
7f74e4021000-7f74e8000000 ---p 00000000 00:00 0 
7f74e8000000-7f74e8021000 rw-p 00000000 00:00 0 
7f74e8021000-7f74ec000000 ---p 00000000 00:00 0 
7f74ec000000-7f74ec021000 rw-p 00000000 00:00 0 
7f74ec021000-7f74f0000000 ---p 00000000 00:00 0 
7f74f0000000-7f74f0021000 rw-p 00000000 00:00 0 
7f74f0021000-7f74f4000000 ---p 00000000 00:00 0 
7f74f4000000-7f74f409c000 rw-p 00000000 00:00 0 
7f74f409c000-7f74f8000000 ---p 00000000 00:00 0 
7f74f8464000-7f74f8468000 ---p 00000000 00:00 0 
7f74f8468000-7f74f8565000 rw-p 00000000 00:00 0 
7f74f8565000-7f74f8569000 ---p 00000000 00:00 0 
7f74f8569000-7f74f8666000 rw-p 00000000 00:00 0 
7f74f8666000-7f74f866a000 ---p 00000000 00:00 0 
7f74f866a000-7f74f87e7000 rw-p 00000000 00:00 0 
7f74f87e7000-7f74f8967000 ---p 00000000 00:00 0 
7f74f8967000-7f74f8b67000 rw-p 00000000 00:00 0 
7f74f8b67000-7f74f8b6b000 ---p 00000000 00:00 0 
7f74f8b6b000-7f74f8e68000 rw-p 00000000 00:00 0 
7f74f8e68000-7f74f8e6c000 ---p 00000000 00:00 0 
7f74f8e6c000-7f74f8f69000 rw-p 00000000 00:00 0 
7f74f8f69000-7f74f8f6d000 ---p 00000000 00:00 0 
7f74f8f6d000-7f74f906a000 rw-p 00000000 00:00 0 
7f74f906a000-7f74f906e000 ---p 00000000 00:00 0 
7f74f906e000-7f74f936b000 rw-p 00000000 00:00 0 
7f74f936b000-7f74f956b000 rw-p 00000000 00:00 0 
7f74f956b000-7f74f956f000 ---p 00000000 00:00 0 
7f74f956f000-7f74f966c000 rw-p 00000000 00:00 0 
7f74f966c000-7f74f9670000 ---p 00000000 00:00 0 
7f74f9670000-7f74f996d000 rw-p 00000000 00:00 0 
7f74f996d000-7f74f9b6d000 rw-p 00000000 00:00 0 
7f74f9b6d000-7f74f9d6d000 rw-p 00000000 00:00 0 
7f74f9d6d000-7f74f9f6d000 rw-p 00000000 00:00 0 
7f74f9f6d000-7f74fa16d000 rw-p 00000000 00:00 0 
7f74fa16d000-7f74fa36d000 rw-p 00000000 00:00 0 
7f74fa36d000-7f74fa56d000 rw-p 00000000 00:00 0 
7f74fa56d000-7f74fa76d000 rw-p 00000000 00:00 0 
7f74fa76d000-7f74fa96d000 rw-p 00000000 00:00 0 
7f74fa96d000-7f74fab6d000 rw-p 00000000 00:00 0 
7f74fab6d000-7f74fad6d000 rw-p 00000000 00:00 0 
7f74fad6d000-7f74faf6d000 rw-p 00000000 00:00 0 
7f74faf80000-7f74faf84000 ---p 00000000 00:00 0 
7f74faf84000-7f74fb281000 rw-p 00000000 00:00 0 
7f74fb281000-7f74fb481000 rw-p 00000000 00:00 0 
7f74fb481000-7f74fb681000 rw-p 00000000 00:00 0 
7f74fb681000-7f74fb881000 rw-p 00000000 00:00 0 
7f74fb8ff000-7f74fbaff000 rw-p 00000000 00:00 0 
7f74fbaff000-7f74fbcff000 rw-p 00000000 00:00 0 
7f74fbcff000-7f74fbd03000 ---p 00000000 00:00 0 
7f74fbd03000-7f74fc000000 rw-p 00000000 00:00 0 
7f74fc000000-7f74fc021000 rw-p 00000000 00:00 0 
7f74fc021000-7f7500000000 ---p 00000000 00:00 0 
7f7500000000-7f7500021000 rw-p 00000000 00:00 0 
7f7500021000-7f7504000000 ---p 00000000 00:00 0 
7f7504000000-7f7504021000 rw-p 00000000 00:00 0 
7f7504021000-7f7508000000 ---p 00000000 00:00 0 
7f7508000000-7f7508406000 rw-p 00000000 00:00 0 
7f7508406000-7f750c000000 ---p 00000000 00:00 0 
7f750c000000-7f750c021000 rw-p 00000000 00:00 0 
7f750c021000-7f7510000000 ---p 00000000 00:00 0 
7f7510000000-7f7510021000 rw-p 00000000 00:00 0 
7f7510021000-7f7514000000 ---p 00000000 00:00 0 
7f7514000000-7f7514021000 rw-p 00000000 00:00 0 
7f7514021000-7f7518000000 ---p 00000000 00:00 0 
7f7518000000-7f7518021000 rw-p 00000000 00:00 0 
7f7518021000-7f751c000000 ---p 00000000 00:00 0 
7f751c000000-7f751c021000 rw-p 00000000 00:00 0 
7f751c021000-7f7520000000 ---p 00000000 00:00 0 
7f7520000000-7f7520021000 rw-p 00000000 00:00 0 
7f7520021000-7f7524000000 ---p 00000000 00:00 0 
7f7524000000-7f7526f44000 rw-p 00000000 00:00 0 
7f7526f44000-7f7528000000 ---p 00000000 00:00 0 
7f7528000000-7f7528b82000 rw-p 00000000 00:00 0 
7f7528b82000-7f752c000000 ---p 00000000 00:00 0 
7f752c000000-7f752c021000 rw-p 00000000 00:00 0 
7f752c021000-7f7530000000 ---p 00000000 00:00 0 
7f7530000000-7f7530021000 rw-p 00000000 00:00 0 
7f7530021000-7f7534000000 ---p 00000000 00:00 0 
7f7534000000-7f7534021000 rw-p 00000000 00:00 0 
7f7534021000-7f7538000000 ---p 00000000 00:00 0 
7f7538000000-7f7538021000 rw-p 00000000 00:00 0 
7f7538021000-7f753c000000 ---p 00000000 00:00 0 
7f753c000000-7f753c021000 rw-p 00000000 00:00 0 
7f753c021000-7f7540000000 ---p 00000000 00:00 0 
7f7540000000-7f75400b9000 rw-p 00000000 00:00 0 
7f75400b9000-7f7544000000 ---p 00000000 00:00 0 
7f7544000000-7f7544021000 rw-p 00000000 00:00 0 
7f7544021000-7f7548000000 ---p 00000000 00:00 0 
7f754807e000-7f754827e000 rw-p 00000000 00:00 0 
7f754827e000-7f754847e000 rw-p 00000000 00:00 0 
7f754847e000-7f754847f000 ---p 00000000 00:00 0 
7f754847f000-7f7548580000 rw-p 00000000 00:00 0 
7f7548580000-7f7548581000 ---p 00000000 00:00 0 
7f7548581000-7f7548682000 rw-p 00000000 00:00 0 
7f7548682000-7f7548686000 ---p 00000000 00:00 0 
7f7548686000-7f7548983000 rw-p 00000000 00:00 0 
7f7548983000-7f7548984000 ---p 00000000 00:00 0 
7f7548984000-7f7548a85000 rw-p 00000000 00:00 0 
7f7548a85000-7f7548a86000 ---p 00000000 00:00 0 
7f7548a86000-7f7548b87000 rw-p 00000000 00:00 0 
7f7548b87000-7f7548b8b000 ---p 00000000 00:00 0 
7f7548b8b000-7f7548c88000 rw-p 00000000 00:00 0 
7f7548c88000-7f7548c8c000 ---p 00000000 00:00 0 
7f7548c8c000-7f7548d89000 rw-p 00000000 00:00 0 
7f7548d89000-7f7548d8d000 ---p 00000000 00:00 0 
7f7548d8d000-7f7548e8a000 rw-p 00000000 00:00 0 
7f7548e8a000-7f7548e8e000 ---p 00000000 00:00 0 
7f7548e8e000-7f7548f8b000 rw-p 00000000 00:00 0 
7f7548f8b000-7f7548f8f000 ---p 00000000 00:00 0 
7f7548f8f000-7f754908c000 rw-p 00000000 00:00 0 
7f754908c000-7f7549090000 ---p 00000000 00:00 0 
7f7549090000-7f754918d000 rw-p 00000000 00:00 0 
7f754918d000-7f7549191000 ---p 00000000 00:00 0 
7f7549191000-7f754928e000 rw-p 00000000 00:00 0 
7f754928e000-7f7549800000 r--p 00000000 08:06 6691689                    /usr/lib/locale/locale-archive
7f7549800000-7f754c000000 rw-p 00000000 00:00 0 
7f754c000000-7f754c021000 rw-p 00000000 00:00 0 
7f754c021000-7f7550000000 ---p 00000000 00:00 0 
7f7550000000-7f7550032000 rw-p 00000000 00:00 0 
7f7550032000-7f7554000000 ---p 00000000 00:00 0 
7f7554000000-7f755403e000 rw-p 00000000 00:00 0 
7f755403e000-7f7558000000 ---p 00000000 00:00 0 
7f7558010000-7f7558018000 r--p 00000000 08:06 6819726                    /usr/lib/jvm/java-11-openjdk-amd64/lib/libsunec.so
7f7558018000-7f7558031000 r-xp 00008000 08:06 6819726                    /usr/lib/jvm/java-11-openjdk-amd64/lib/libsunec.so
7f7558031000-7f755803b000 r--p 00021000 08:06 6819726                    /usr/lib/jvm/java-11-openjdk-amd64/lib/libsunec.so
7f755803b000-7f755803c000 ---p 0002b000 08:06 6819726                    /usr/lib/jvm/java-11-openjdk-amd64/lib/libsunec.so
7f755803c000-7f7558040000 r--p 0002b000 08:06 6819726                    /usr/lib/jvm/java-11-openjdk-amd64/lib/libsunec.so
7f7558040000-7f7558042000 rw-p 0002f000 08:06 6819726                    /usr/lib/jvm/java-11-openjdk-amd64/lib/libsunec.so
7f7558042000-7f7558043000 r--p 00000000 08:06 6819702                    /usr/lib/jvm/java-11-openjdk-amd64/lib/libextnet.so
7f7558043000-7f7558044000 r-xp 00001000 08:06 6819702                    /usr/lib/jvm/java-11-openjdk-amd64/lib/libextnet.so
7f7558044000-7f7558045000 r--p 00002000 08:06 6819702                    /usr/lib/jvm/java-11-openjdk-amd64/lib/libextnet.so
7f7558045000-7f7558046000 r--p 00002000 08:06 6819702                    /usr/lib/jvm/java-11-openjdk-amd64/lib/libextnet.so
7f7558046000-7f7558047000 rw-p 00003000 08:06 6819702                    /usr/lib/jvm/java-11-openjdk-amd64/lib/libextnet.so
7f7558047000-7f755806d000 r--p 00000000 08:06 7739987                    /usr/share/locale-langpack/pt_BR/LC_MESSAGES/libc.mo
7f755806d000-7f7558071000 ---p 00000000 00:00 0 
7f7558071000-7f755816e000 rw-p 00000000 00:00 0 
7f755816e000-7f7558172000 ---p 00000000 00:00 0 
7f7558172000-7f755826f000 rw-p 00000000 00:00 0 
7f755826f000-7f7558273000 ---p 00000000 00:00 0 
7f7558273000-7f7558370000 rw-p 00000000 00:00 0 
7f7558370000-7f7558374000 ---p 00000000 00:00 0 
7f7558374000-7f7558471000 rw-p 00000000 00:00 0 
7f7558471000-7f7558472000 ---p 00000000 00:00 0 
7f7558472000-7f755864f000 rw-p 00000000 00:00 0 
7f755864f000-7f7558650000 ---p 00000000 00:00 0 
7f7558650000-7f7558751000 rw-p 00000000 00:00 0 
7f7558751000-7f7558752000 ---p 00000000 00:00 0 
7f7558752000-7f7558853000 rw-p 00000000 00:00 0 
7f7558853000-7f7558ac3000 rwxp 00000000 00:00 0 
7f7558ac3000-7f7558de3000 ---p 00000000 00:00 0 
7f7558de3000-7f7559bf3000 rwxp 00000000 00:00 0 
7f7559bf3000-7f756031b000 ---p 00000000 00:00 0 
7f756031b000-7f756085b000 rwxp 00000000 00:00 0 
7f756085b000-7f7567853000 ---p 00000000 00:00 0 
7f7570000000-7f7571a49000 rw-p 00000000 00:00 0 
7f7571a49000-7f7574000000 ---p 00000000 00:00 0 
7f7574001000-7f7574003000 r--p 00000000 08:06 6819718                    /usr/lib/jvm/java-11-openjdk-amd64/lib/libmanagement_ext.so
7f7574003000-7f7574006000 r-xp 00002000 08:06 6819718                    /usr/lib/jvm/java-11-openjdk-amd64/lib/libmanagement_ext.so
7f7574006000-7f7574008000 r--p 00005000 08:06 6819718                    /usr/lib/jvm/java-11-openjdk-amd64/lib/libmanagement_ext.so
7f7574008000-7f7574009000 r--p 00006000 08:06 6819718                    /usr/lib/jvm/java-11-openjdk-amd64/lib/libmanagement_ext.so
7f7574009000-7f757400a000 rw-p 00007000 08:06 6819718                    /usr/lib/jvm/java-11-openjdk-amd64/lib/libmanagement_ext.so
7f757400a000-7f757400d000 r--p 00000000 08:06 6819716                    /usr/lib/jvm/java-11-openjdk-amd64/lib/libmanagement.so
7f757400d000-7f757400e000 r-xp 00003000 08:06 6819716                    /usr/lib/jvm/java-11-openjdk-amd64/lib/libmanagement.so
7f757400e000-7f757400f000 r--p 00004000 08:06 6819716                    /usr/lib/jvm/java-11-openjdk-amd64/lib/libmanagement.so
7f757400f000-7f7574010000 r--p 00004000 08:06 6819716                    /usr/lib/jvm/java-11-openjdk-amd64/lib/libmanagement.so
7f7574010000-7f7574011000 rw-p 00005000 08:06 6819716                    /usr/lib/jvm/java-11-openjdk-amd64/lib/libmanagement.so
7f7574011000-7f7574015000 r--p 00000000 08:06 6819720                    /usr/lib/jvm/java-11-openjdk-amd64/lib/libnet.so
7f7574015000-7f7574024000 r-xp 00004000 08:06 6819720                    /usr/lib/jvm/java-11-openjdk-amd64/lib/libnet.so
7f7574024000-7f7574028000 r--p 00013000 08:06 6819720                    /usr/lib/jvm/java-11-openjdk-amd64/lib/libnet.so
7f7574028000-7f7574029000 r--p 00016000 08:06 6819720                    /usr/lib/jvm/java-11-openjdk-amd64/lib/libnet.so
7f7574029000-7f757402a000 rw-p 00017000 08:06 6819720                    /usr/lib/jvm/java-11-openjdk-amd64/lib/libnet.so
7f757402a000-7f7574031000 r--p 00000000 08:06 6819721                    /usr/lib/jvm/java-11-openjdk-amd64/lib/libnio.so
7f7574031000-7f7574039000 r-xp 00007000 08:06 6819721                    /usr/lib/jvm/java-11-openjdk-amd64/lib/libnio.so
7f7574039000-7f757403c000 r--p 0000f000 08:06 6819721                    /usr/lib/jvm/java-11-openjdk-amd64/lib/libnio.so
7f757403c000-7f757403d000 r--p 00011000 08:06 6819721                    /usr/lib/jvm/java-11-openjdk-amd64/lib/libnio.so
7f757403d000-7f757403e000 rw-p 00012000 08:06 6819721                    /usr/lib/jvm/java-11-openjdk-amd64/lib/libnio.so
7f757403e000-7f7574040000 r--p 00000000 08:06 6819701                    /usr/lib/jvm/java-11-openjdk-amd64/lib/libdt_socket.so
7f7574040000-7f7574043000 r-xp 00002000 08:06 6819701                    /usr/lib/jvm/java-11-openjdk-amd64/lib/libdt_socket.so
7f7574043000-7f7574044000 r--p 00005000 08:06 6819701                    /usr/lib/jvm/java-11-openjdk-amd64/lib/libdt_socket.so
7f7574044000-7f7574045000 ---p 00006000 08:06 6819701                    /usr/lib/jvm/java-11-openjdk-amd64/lib/libdt_socket.so
7f7574045000-7f7574046000 r--p 00006000 08:06 6819701                    /usr/lib/jvm/java-11-openjdk-amd64/lib/libdt_socket.so
7f7574046000-7f7574047000 rw-p 00007000 08:06 6819701                    /usr/lib/jvm/java-11-openjdk-amd64/lib/libdt_socket.so
7f7574047000-7f757404e000 r--s 00000000 08:06 7348067                    /usr/lib/x86_64-linux-gnu/gconv/gconv-modules.cache
7f757404e000-7f7574452000 rw-p 00000000 00:00 0 
7f7574452000-7f7574453000 ---p 00000000 00:00 0 
7f7574453000-7f7574554000 rw-p 00000000 00:00 0 
7f7574554000-7f7574555000 ---p 00000000 00:00 0 
7f7574555000-7f75747d6000 rw-p 00000000 00:00 0 
7f75747d6000-7f7575506000 ---p 00000000 00:00 0 
7f7575506000-7f757566e000 rw-p 00000000 00:00 0 
7f757566e000-7f757639e000 ---p 00000000 00:00 0 
7f757639e000-7f75763d2000 rw-p 00000000 00:00 0 
7f75763d2000-7f7576578000 ---p 00000000 00:00 0 
7f7576578000-7f75765a5000 rw-p 00000000 00:00 0 
7f75765a5000-7f757674b000 ---p 00000000 00:00 0 
7f757674b000-7f7576778000 rw-p 00000000 00:00 0 
7f7576778000-7f757691e000 ---p 00000000 00:00 0 
7f757691e000-7f7576d23000 rw-p 00000000 00:00 0 
7f7576d23000-7f7576d24000 ---p 00000000 00:00 0 
7f7576d24000-7f7576e30000 rw-p 00000000 00:00 0 
7f7576e30000-7f7576f10000 ---p 00000000 00:00 0 
7f7576f10000-7f7576f2d000 rw-p 00000000 00:00 0 
7f7576f2d000-7f7576ffb000 ---p 00000000 00:00 0 
7f7576ffb000-7f7577000000 rw-p 00000000 00:00 0 
7f7577000000-7f7577007000 ---p 00000000 00:00 0 
7f7577007000-7f757700a000 r--p 00000000 08:06 6688645                    /usr/lib/x86_64-linux-gnu/libnss_files-2.31.so
7f757700a000-7f7577011000 r-xp 00003000 08:06 6688645                    /usr/lib/x86_64-linux-gnu/libnss_files-2.31.so
7f7577011000-7f7577013000 r--p 0000a000 08:06 6688645                    /usr/lib/x86_64-linux-gnu/libnss_files-2.31.so
7f7577013000-7f7577014000 r--p 0000b000 08:06 6688645                    /usr/lib/x86_64-linux-gnu/libnss_files-2.31.so
7f7577014000-7f7577015000 rw-p 0000c000 08:06 6688645                    /usr/lib/x86_64-linux-gnu/libnss_files-2.31.so
7f7577015000-7f757701b000 rw-p 00000000 00:00 0 
7f757701d000-7f757701f000 r--p 00000000 08:06 6819729                    /usr/lib/jvm/java-11-openjdk-amd64/lib/libzip.so
7f757701f000-7f7577023000 r-xp 00002000 08:06 6819729                    /usr/lib/jvm/java-11-openjdk-amd64/lib/libzip.so
7f7577023000-7f7577025000 r--p 00006000 08:06 6819729                    /usr/lib/jvm/java-11-openjdk-amd64/lib/libzip.so
7f7577025000-7f7577026000 r--p 00007000 08:06 6819729                    /usr/lib/jvm/java-11-openjdk-amd64/lib/libzip.so
7f7577026000-7f7577027000 rw-p 00008000 08:06 6819729                    /usr/lib/jvm/java-11-openjdk-amd64/lib/libzip.so
7f7577027000-7f757702f000 rw-s 00000000 08:06 5900513                    /tmp/hsperfdata_gabriel/59192
7f757702f000-7f7577031000 r--p 00000000 08:06 6819704                    /usr/lib/jvm/java-11-openjdk-amd64/lib/libinstrument.so
7f7577031000-7f7577037000 r-xp 00002000 08:06 6819704                    /usr/lib/jvm/java-11-openjdk-amd64/lib/libinstrument.so
7f7577037000-7f757703a000 r--p 00008000 08:06 6819704                    /usr/lib/jvm/java-11-openjdk-amd64/lib/libinstrument.so
7f757703a000-7f757703b000 r--p 0000a000 08:06 6819704                    /usr/lib/jvm/java-11-openjdk-amd64/lib/libinstrument.so
7f757703b000-7f757703c000 rw-p 0000b000 08:06 6819704                    /usr/lib/jvm/java-11-openjdk-amd64/lib/libinstrument.so
7f757703c000-7f757703e000 r--p 00000000 08:06 6819711                    /usr/lib/jvm/java-11-openjdk-amd64/lib/libjdwp.so
7f757703e000-7f757706a000 r-xp 00002000 08:06 6819711                    /usr/lib/jvm/java-11-openjdk-amd64/lib/libjdwp.so
7f757706a000-7f7577078000 r--p 0002e000 08:06 6819711                    /usr/lib/jvm/java-11-openjdk-amd64/lib/libjdwp.so
7f7577078000-7f7577079000 r--p 0003b000 08:06 6819711                    /usr/lib/jvm/java-11-openjdk-amd64/lib/libjdwp.so
7f7577079000-7f757707a000 rw-p 0003c000 08:06 6819711                    /usr/lib/jvm/java-11-openjdk-amd64/lib/libjdwp.so
7f757707a000-7f757707c000 r--p 00000000 08:06 6819712                    /usr/lib/jvm/java-11-openjdk-amd64/lib/libjimage.so
7f757707c000-7f757707f000 r-xp 00002000 08:06 6819712                    /usr/lib/jvm/java-11-openjdk-amd64/lib/libjimage.so
7f757707f000-7f7577080000 r--p 00005000 08:06 6819712                    /usr/lib/jvm/java-11-openjdk-amd64/lib/libjimage.so
7f7577080000-7f7577081000 ---p 00006000 08:06 6819712                    /usr/lib/jvm/java-11-openjdk-amd64/lib/libjimage.so
7f7577081000-7f7577082000 r--p 00006000 08:06 6819712                    /usr/lib/jvm/java-11-openjdk-amd64/lib/libjimage.so
7f7577082000-7f7577083000 rw-p 00007000 08:06 6819712                    /usr/lib/jvm/java-11-openjdk-amd64/lib/libjimage.so
7f7577083000-7f7577091000 r--p 00000000 08:06 6819709                    /usr/lib/jvm/java-11-openjdk-amd64/lib/libjava.so
7f7577091000-7f75770a7000 r-xp 0000e000 08:06 6819709                    /usr/lib/jvm/java-11-openjdk-amd64/lib/libjava.so
7f75770a7000-7f75770ae000 r--p 00024000 08:06 6819709                    /usr/lib/jvm/java-11-openjdk-amd64/lib/libjava.so
7f75770ae000-7f75770af000 r--p 0002a000 08:06 6819709                    /usr/lib/jvm/java-11-openjdk-amd64/lib/libjava.so
7f75770af000-7f75770b0000 rw-p 0002b000 08:06 6819709                    /usr/lib/jvm/java-11-openjdk-amd64/lib/libjava.so
7f75770b0000-7f75770b1000 rw-p 00000000 00:00 0 
7f75770b1000-7f75770b4000 r--p 00000000 08:06 6688652                    /usr/lib/x86_64-linux-gnu/librt-2.31.so
7f75770b4000-7f75770b8000 r-xp 00003000 08:06 6688652                    /usr/lib/x86_64-linux-gnu/librt-2.31.so
7f75770b8000-7f75770b9000 r--p 00007000 08:06 6688652                    /usr/lib/x86_64-linux-gnu/librt-2.31.so
7f75770b9000-7f75770ba000 ---p 00008000 08:06 6688652                    /usr/lib/x86_64-linux-gnu/librt-2.31.so
7f75770ba000-7f75770bb000 r--p 00008000 08:06 6688652                    /usr/lib/x86_64-linux-gnu/librt-2.31.so
7f75770bb000-7f75770bc000 rw-p 00009000 08:06 6688652                    /usr/lib/x86_64-linux-gnu/librt-2.31.so
7f75770bc000-7f75770c0000 ---p 00000000 00:00 0 
7f75770c0000-7f75771bd000 rw-p 00000000 00:00 0 
7f75771bd000-7f75771c0000 r--p 00000000 08:06 6692391                    /usr/lib/x86_64-linux-gnu/libgcc_s.so.1
7f75771c0000-7f75771d2000 r-xp 00003000 08:06 6692391                    /usr/lib/x86_64-linux-gnu/libgcc_s.so.1
7f75771d2000-7f75771d6000 r--p 00015000 08:06 6692391                    /usr/lib/x86_64-linux-gnu/libgcc_s.so.1
7f75771d6000-7f75771d7000 r--p 00018000 08:06 6692391                    /usr/lib/x86_64-linux-gnu/libgcc_s.so.1
7f75771d7000-7f75771d8000 rw-p 00019000 08:06 6692391                    /usr/lib/x86_64-linux-gnu/libgcc_s.so.1
7f75771d8000-7f75771e7000 r--p 00000000 08:06 6688639                    /usr/lib/x86_64-linux-gnu/libm-2.31.so
7f75771e7000-7f757728e000 r-xp 0000f000 08:06 6688639                    /usr/lib/x86_64-linux-gnu/libm-2.31.so
7f757728e000-7f7577325000 r--p 000b6000 08:06 6688639                    /usr/lib/x86_64-linux-gnu/libm-2.31.so
7f7577325000-7f7577326000 r--p 0014c000 08:06 6688639                    /usr/lib/x86_64-linux-gnu/libm-2.31.so
7f7577326000-7f7577327000 rw-p 0014d000 08:06 6688639                    /usr/lib/x86_64-linux-gnu/libm-2.31.so
7f7577327000-7f75773bd000 r--p 00000000 08:06 6693207                    /usr/lib/x86_64-linux-gnu/libstdc++.so.6.0.28
7f75773bd000-7f75774ad000 r-xp 00096000 08:06 6693207                    /usr/lib/x86_64-linux-gnu/libstdc++.so.6.0.28
7f75774ad000-7f75774f6000 r--p 00186000 08:06 6693207                    /usr/lib/x86_64-linux-gnu/libstdc++.so.6.0.28
7f75774f6000-7f75774f7000 ---p 001cf000 08:06 6693207                    /usr/lib/x86_64-linux-gnu/libstdc++.so.6.0.28
7f75774f7000-7f7577502000 r--p 001cf000 08:06 6693207                    /usr/lib/x86_64-linux-gnu/libstdc++.so.6.0.28
7f7577502000-7f7577505000 rw-p 001da000 08:06 6693207                    /usr/lib/x86_64-linux-gnu/libstdc++.so.6.0.28
7f7577505000-7f7577508000 rw-p 00000000 00:00 0 
7f7577508000-7f7577789000 r--p 00000000 08:06 6819733                    /usr/lib/jvm/java-11-openjdk-amd64/lib/server/libjvm.so
7f7577789000-7f7578409000 r-xp 00281000 08:06 6819733                    /usr/lib/jvm/java-11-openjdk-amd64/lib/server/libjvm.so
7f7578409000-7f7578664000 r--p 00f01000 08:06 6819733                    /usr/lib/jvm/java-11-openjdk-amd64/lib/server/libjvm.so
7f7578664000-7f7578728000 r--p 0115b000 08:06 6819733                    /usr/lib/jvm/java-11-openjdk-amd64/lib/server/libjvm.so
7f7578728000-7f7578763000 rw-p 0121f000 08:06 6819733                    /usr/lib/jvm/java-11-openjdk-amd64/lib/server/libjvm.so
7f7578763000-7f75787bc000 rw-p 00000000 00:00 0 
7f75787bc000-7f75787c3000 r--p 00000000 08:06 6688650                    /usr/lib/x86_64-linux-gnu/libpthread-2.31.so
7f75787c3000-7f75787d4000 r-xp 00007000 08:06 6688650                    /usr/lib/x86_64-linux-gnu/libpthread-2.31.so
7f75787d4000-7f75787d9000 r--p 00018000 08:06 6688650                    /usr/lib/x86_64-linux-gnu/libpthread-2.31.so
7f75787d9000-7f75787da000 r--p 0001c000 08:06 6688650                    /usr/lib/x86_64-linux-gnu/libpthread-2.31.so
7f75787da000-7f75787db000 rw-p 0001d000 08:06 6688650                    /usr/lib/x86_64-linux-gnu/libpthread-2.31.so
7f75787db000-7f75787df000 rw-p 00000000 00:00 0 
7f75787df000-7f75787e0000 r--p 00000000 08:06 6688638                    /usr/lib/x86_64-linux-gnu/libdl-2.31.so
7f75787e0000-7f75787e2000 r-xp 00001000 08:06 6688638                    /usr/lib/x86_64-linux-gnu/libdl-2.31.so
7f75787e2000-7f75787e3000 r--p 00003000 08:06 6688638                    /usr/lib/x86_64-linux-gnu/libdl-2.31.so
7f75787e3000-7f75787e4000 r--p 00003000 08:06 6688638                    /usr/lib/x86_64-linux-gnu/libdl-2.31.so
7f75787e4000-7f75787e5000 rw-p 00004000 08:06 6688638                    /usr/lib/x86_64-linux-gnu/libdl-2.31.so
7f75787e5000-7f75787e7000 r--p 00000000 08:06 6693484                    /usr/lib/x86_64-linux-gnu/libz.so.1.2.11
7f75787e7000-7f75787f8000 r-xp 00002000 08:06 6693484                    /usr/lib/x86_64-linux-gnu/libz.so.1.2.11
7f75787f8000-7f75787fe000 r--p 00013000 08:06 6693484                    /usr/lib/x86_64-linux-gnu/libz.so.1.2.11
7f75787fe000-7f75787ff000 ---p 00019000 08:06 6693484                    /usr/lib/x86_64-linux-gnu/libz.so.1.2.11
7f75787ff000-7f7578800000 r--p 00019000 08:06 6693484                    /usr/lib/x86_64-linux-gnu/libz.so.1.2.11
7f7578800000-7f7578801000 rw-p 0001a000 08:06 6693484                    /usr/lib/x86_64-linux-gnu/libz.so.1.2.11
7f7578801000-7f7578826000 r--p 00000000 08:06 6688637                    /usr/lib/x86_64-linux-gnu/libc-2.31.so
7f7578826000-7f757899e000 r-xp 00025000 08:06 6688637                    /usr/lib/x86_64-linux-gnu/libc-2.31.so
7f757899e000-7f75789e8000 r--p 0019d000 08:06 6688637                    /usr/lib/x86_64-linux-gnu/libc-2.31.so
7f75789e8000-7f75789e9000 ---p 001e7000 08:06 6688637                    /usr/lib/x86_64-linux-gnu/libc-2.31.so
7f75789e9000-7f75789ec000 r--p 001e7000 08:06 6688637                    /usr/lib/x86_64-linux-gnu/libc-2.31.so
7f75789ec000-7f75789ef000 rw-p 001ea000 08:06 6688637                    /usr/lib/x86_64-linux-gnu/libc-2.31.so
7f75789ef000-7f75789f3000 rw-p 00000000 00:00 0 
7f75789f3000-7f75789f4000 ---p 00000000 00:00 0 
7f75789f4000-7f75789f5000 r--p 00000000 00:00 0 
7f75789f5000-7f75789fa000 r--p 00000000 08:06 6819728                    /usr/lib/jvm/java-11-openjdk-amd64/lib/libverify.so
7f75789fa000-7f7578a01000 r-xp 00005000 08:06 6819728                    /usr/lib/jvm/java-11-openjdk-amd64/lib/libverify.so
7f7578a01000-7f7578a03000 r--p 0000c000 08:06 6819728                    /usr/lib/jvm/java-11-openjdk-amd64/lib/libverify.so
7f7578a03000-7f7578a04000 ---p 0000e000 08:06 6819728                    /usr/lib/jvm/java-11-openjdk-amd64/lib/libverify.so
7f7578a04000-7f7578a06000 r--p 0000e000 08:06 6819728                    /usr/lib/jvm/java-11-openjdk-amd64/lib/libverify.so
7f7578a06000-7f7578a07000 rw-p 00010000 08:06 6819728                    /usr/lib/jvm/java-11-openjdk-amd64/lib/libverify.so
7f7578a07000-7f7578a0a000 r--p 00000000 08:06 6819694                    /usr/lib/jvm/java-11-openjdk-amd64/lib/jli/libjli.so
7f7578a0a000-7f7578a14000 r-xp 00003000 08:06 6819694                    /usr/lib/jvm/java-11-openjdk-amd64/lib/jli/libjli.so
7f7578a14000-7f7578a17000 r--p 0000d000 08:06 6819694                    /usr/lib/jvm/java-11-openjdk-amd64/lib/jli/libjli.so
7f7578a17000-7f7578a18000 ---p 00010000 08:06 6819694                    /usr/lib/jvm/java-11-openjdk-amd64/lib/jli/libjli.so
7f7578a18000-7f7578a19000 r--p 00010000 08:06 6819694                    /usr/lib/jvm/java-11-openjdk-amd64/lib/jli/libjli.so
7f7578a19000-7f7578a1a000 rw-p 00011000 08:06 6819694                    /usr/lib/jvm/java-11-openjdk-amd64/lib/jli/libjli.so
7f7578a1a000-7f7578a1c000 rw-p 00000000 00:00 0 
7f7578a1c000-7f7578a1d000 r--p 00000000 08:06 6688576                    /usr/lib/x86_64-linux-gnu/ld-2.31.so
7f7578a1d000-7f7578a40000 r-xp 00001000 08:06 6688576                    /usr/lib/x86_64-linux-gnu/ld-2.31.so
7f7578a40000-7f7578a48000 r--p 00024000 08:06 6688576                    /usr/lib/x86_64-linux-gnu/ld-2.31.so
7f7578a49000-7f7578a4a000 r--p 0002c000 08:06 6688576                    /usr/lib/x86_64-linux-gnu/ld-2.31.so
7f7578a4a000-7f7578a4b000 rw-p 0002d000 08:06 6688576                    /usr/lib/x86_64-linux-gnu/ld-2.31.so
7f7578a4b000-7f7578a4c000 rw-p 00000000 00:00 0 
7fff09c41000-7fff09c64000 rw-p 00000000 00:00 0                          [stack]
7fff09da1000-7fff09da4000 r--p 00000000 00:00 0                          [vvar]
7fff09da4000-7fff09da5000 r-xp 00000000 00:00 0                          [vdso]
ffffffffff600000-ffffffffff601000 --xp 00000000 00:00 0                  [vsyscall]


VM Arguments:
jvm_args: -agentlib:jdwp=transport=dt_socket,suspend=y,address=localhost:38907 -javaagent:/home/gabriel/eclipse/java-2021-12/eclipse/configuration/org.eclipse.osgi/219/0/.cp/lib/javaagent-shaded.jar -Dfile.encoding=UTF-8 
java_command: com.br.example.prj.biblioteca.ProjetoBibliotecaApplication
java_class_path (initial): /home/gabriel/Downloads/prj-integrador/target/classes:/home/gabriel/.m2/repository/org/springframework/boot/spring-boot-starter-data-jpa/2.5.4/spring-boot-starter-data-jpa-2.5.4.jar:/home/gabriel/.m2/repository/org/springframework/boot/spring-boot-starter-aop/2.5.4/spring-boot-starter-aop-2.5.4.jar:/home/gabriel/.m2/repository/org/aspectj/aspectjweaver/1.9.7/aspectjweaver-1.9.7.jar:/home/gabriel/.m2/repository/org/springframework/boot/spring-boot-starter-jdbc/2.5.4/spring-boot-starter-jdbc-2.5.4.jar:/home/gabriel/.m2/repository/com/zaxxer/HikariCP/4.0.3/HikariCP-4.0.3.jar:/home/gabriel/.m2/repository/org/springframework/spring-jdbc/5.3.9/spring-jdbc-5.3.9.jar:/home/gabriel/.m2/repository/jakarta/transaction/jakarta.transaction-api/1.3.3/jakarta.transaction-api-1.3.3.jar:/home/gabriel/.m2/repository/jakarta/persistence/jakarta.persistence-api/2.2.3/jakarta.persistence-api-2.2.3.jar:/home/gabriel/.m2/repository/org/hibernate/hibernate-core/5.4.32.Final/hibernate-core-5.4.32.Final.jar:/home/gabriel/.m2/repository/org/jboss/logging/jboss-logging/3.4.2.Final/jboss-logging-3.4.2.Final.jar:/home/gabriel/.m2/repository/org/javassist/javassist/3.27.0-GA/javassist-3.27.0-GA.jar:/home/gabriel/.m2/repository/net/bytebuddy/byte-buddy/1.10.22/byte-buddy-1.10.22.jar:/home/gabriel/.m2/repository/antlr/antlr/2.7.7/antlr-2.7.7.jar:/home/gabriel/.m2/repository/org/jboss/jandex/2.2.3.Final/jandex-2.2.3.Final.jar:/home/gabriel/.m2/repository/com/fasterxml/classmate/1.5.1/classmate-1.5.1.jar:/home/gabriel/.m2/repository/org/dom4j/dom4j/2.1.3/dom4j-2.1.3.jar:/home/gabriel/.m2/repository/org/hibernate/common/hibernate-commons-annotations/5.1.2.Final/hibernate-commons-annotations-5.1.2.Final.jar:/home/gabriel/.m2/repository/org/glassfish/jaxb/jaxb-runtime/2.3.5/jaxb-runtime-2.3.5.jar:/home/gabriel/.m2/repository/org/glassfish/jaxb/txw2/2.3.5/txw2-2.3.5.jar:/home/gabriel/.m2/repository/com/sun/istack/istack-commons-runtime/3.0.12/istack-commons-runtime-3.0.12.jar
Launcher Type: SUN_STANDARD

[Global flags]
     intx CICompilerCount                          = 3                                         {product} {ergonomic}
     uint ConcGCThreads                            = 1                                         {product} {ergonomic}
     uint G1ConcRefinementThreads                  = 4                                         {product} {ergonomic}
   size_t G1HeapRegionSize                         = 1048576                                   {product} {ergonomic}
    uintx GCDrainStackTargetSize                   = 64                                        {product} {ergonomic}
   size_t InitialHeapSize                          = 62914560                                  {product} {ergonomic}
   size_t MarkStackSize                            = 4194304                                   {product} {ergonomic}
   size_t MaxHeapSize                              = 979369984                                 {product} {ergonomic}
   size_t MaxNewSize                               = 587202560                                 {product} {ergonomic}
   size_t MinHeapDeltaBytes                        = 1048576                                   {product} {ergonomic}
    uintx NonNMethodCodeHeapSize                   = 5830732                                {pd product} {ergonomic}
    uintx NonProfiledCodeHeapSize                  = 122913754                              {pd product} {ergonomic}
    uintx ProfiledCodeHeapSize                     = 122913754                              {pd product} {ergonomic}
    uintx ReservedCodeCacheSize                    = 251658240                              {pd product} {ergonomic}
     bool SegmentedCodeCache                       = true                                      {product} {ergonomic}
     bool UseCompressedClassPointers               = true                                 {lp64_product} {ergonomic}
     bool UseCompressedOops                        = true                                 {lp64_product} {ergonomic}
     bool UseG1GC                                  = true                                      {product} {ergonomic}

Logging:
Log output configuration:
 #0: stdout all=warning uptime,level,tags
 #1: stderr all=off uptime,level,tags

Environment Variables:
PATH=/usr/local/sbin:/usr/local/bin:/usr/sbin:/usr/bin:/sbin:/bin:/usr/games:/usr/local/games:/snap/bin
SHELL=/bin/bash
DISPLAY=:0
LANG=pt_BR.UTF-8

Signal Handlers:
SIGSEGV: [libjvm.so+0xe8e8d0], sa_mask[0]=11111111011111111101111111111110, sa_flags=SA_RESTART|SA_SIGINFO
SIGBUS: [libjvm.so+0xe8e8d0], sa_mask[0]=11111111011111111101111111111110, sa_flags=SA_RESTART|SA_SIGINFO
SIGFPE: [libjvm.so+0xe8e8d0], sa_mask[0]=11111111011111111101111111111110, sa_flags=SA_RESTART|SA_SIGINFO
SIGPIPE: [libjvm.so+0xbd6910], sa_mask[0]=11111111011111111101111111111110, sa_flags=SA_RESTART|SA_SIGINFO
SIGXFSZ: [libjvm.so+0xbd6910], sa_mask[0]=11111111011111111101111111111110, sa_flags=SA_RESTART|SA_SIGINFO
SIGILL: [libjvm.so+0xe8e8d0], sa_mask[0]=11111111011111111101111111111110, sa_flags=SA_RESTART|SA_SIGINFO
SIGUSR2: [libjvm.so+0xbd67b0], sa_mask[0]=00100000000000000000000000000000, sa_flags=SA_RESTART|SA_SIGINFO
SIGHUP: [libjvm.so+0xbd6c50], sa_mask[0]=11111111011111111101111111111110, sa_flags=SA_RESTART|SA_SIGINFO
SIGINT: [libjvm.so+0xbd6c50], sa_mask[0]=11111111011111111101111111111110, sa_flags=SA_RESTART|SA_SIGINFO
SIGTERM: [libjvm.so+0xbd6c50], sa_mask[0]=11111111011111111101111111111110, sa_flags=SA_RESTART|SA_SIGINFO
SIGQUIT: [libjvm.so+0xbd6c50], sa_mask[0]=11111111011111111101111111111110, sa_flags=SA_RESTART|SA_SIGINFO


---------------  S Y S T E M  ---------------

OS:DISTRIB_ID=LinuxMint
DISTRIB_RELEASE=20.1
DISTRIB_CODENAME=ulyssa
DISTRIB_DESCRIPTION="Linux Mint 20.1 Ulyssa"
uname:Linux 5.4.0-58-generic #64-Ubuntu SMP Wed Dec 9 08:16:25 UTC 2020 x86_64
OS uptime: 3 days 1:11 hours
libc:glibc 2.31 NPTL 2.31 
rlimit (soft/hard): STACK 8192k/infinity , CORE 0k/infinity , NPROC 14583/14583 , NOFILE 1048576/1048576 , AS infinity/infinity , CPU infinity/infinity , DATA infinity/infinity , FSIZE infinity/infinity , MEMLOCK 65536k/65536k
load average:4,19 2,13 1,63

/proc/meminfo:
MemTotal:        3825272 kB
MemFree:          110384 kB
MemAvailable:     389868 kB
Buffers:           43836 kB
Cached:           777872 kB
SwapCached:       149596 kB
Active:          2121284 kB
Inactive:        1151736 kB
Active(anon):    1940108 kB
Inactive(anon):   908000 kB
Active(file):     181176 kB
Inactive(file):   243736 kB
Unevictable:       60576 kB
Mlocked:             176 kB
SwapTotal:       8388604 kB
SwapFree:        5340424 kB
Dirty:             35488 kB
Writeback:             0 kB
AnonPages:       2499716 kB
Mapped:           400344 kB
Shmem:            396732 kB
KReclaimable:     112320 kB
Slab:             257340 kB
SReclaimable:     112320 kB
SUnreclaim:       145020 kB
KernelStack:       19184 kB
PageTables:        53604 kB
NFS_Unstable:          0 kB
Bounce:                0 kB
WritebackTmp:          0 kB
CommitLimit:    10301240 kB
Committed_AS:   14954992 kB
VmallocTotal:   34359738367 kB
VmallocUsed:       36600 kB
VmallocChunk:          0 kB
Percpu:             6976 kB
HardwareCorrupted:     0 kB
AnonHugePages:         0 kB
ShmemHugePages:        0 kB
ShmemPmdMapped:        0 kB
FileHugePages:         0 kB
FilePmdMapped:         0 kB
CmaTotal:              0 kB
CmaFree:               0 kB
HugePages_Total:       0
HugePages_Free:        0
HugePages_Rsvd:        0
HugePages_Surp:        0
Hugepagesize:       2048 kB
Hugetlb:               0 kB
DirectMap4k:      459504 kB
DirectMap2M:     3528704 kB

/sys/kernel/mm/transparent_hugepage/enabled:
always [madvise] never
/sys/kernel/mm/transparent_hugepage/defrag (defrag/compaction efforts parameter):
always defer defer+madvise [madvise] never

Process Memory:
Virtual Size: 4509748K (peak: 12348036K)
Resident Set Size: 293836K (peak: 296804K) (anon: 278984K, file: 14852K, shmem: 0K)
Swapped out: 0K
C-Heap outstanding allocations: 37216K

/proc/sys/kernel/threads-max (system-wide limit on the number of threads):
29167
/proc/sys/vm/max_map_count (maximum number of memory map areas a process may have):
65530
/proc/sys/kernel/pid_max (system-wide limit on number of process identifiers):
4194304

container (cgroup) information:
container_type: cgroupv1
cpu_cpuset_cpus: 0-3
cpu_memory_nodes: 0
active_processor_count: 4
cpu_quota: -1
cpu_period: 100000
cpu_shares: -1
memory_limit_in_bytes: -1
memory_and_swap_limit_in_bytes: -2
memory_soft_limit_in_bytes: -1
memory_usage_in_bytes: 2366611456
memory_max_usage_in_bytes: 3423834112

Steal ticks since vm start: 0
Steal ticks percentage since vm start:  0,000

CPU:total 4 (initial active 4) (2 cores per cpu, 2 threads per core) family 6 model 37 stepping 5 microcode 0x7, cmov, cx8, fxsr, mmx, sse, sse2, sse3, ssse3, sse4.1, sse4.2, popcnt, ht, tsc, tscinvbit
CPU Model and flags from /proc/cpuinfo:
model name	: Intel(R) Core(TM) i5 CPU       M 460  @ 2.53GHz
flags		: fpu vme de pse tsc msr pae mce cx8 apic sep mtrr pge mca cmov pat pse36 clflush dts acpi mmx fxsr sse sse2 ht tm pbe syscall nx rdtscp lm constant_tsc arch_perfmon pebs bts rep_good nopl xtopology nonstop_tsc cpuid aperfmperf pni dtes64 monitor ds_cpl vmx est tm2 ssse3 cx16 xtpr pdcm pcid sse4_1 sse4_2 popcnt lahf_lm pti ssbd ibrs ibpb stibp tpr_shadow vnmi flexpriority ept vpid dtherm ida arat flush_l1d
Online cpus:
0-3
Offline cpus:
4-7
BIOS frequency limitation:
2534000
Frequency switch latency (ns):
10000
Available cpu frequencies:
2534000 2533000 2399000 2266000 2133000 1999000 1866000 1733000 1599000 1466000 1333000 1199000 
Current governor:
ondemand
Core performance/turbo boost:
1

Memory: 4k page, physical 3825272k(110384k free), swap 8388604k(5340424k free)

vm_info: OpenJDK 64-Bit Server VM (11.0.13+8-Ubuntu-0ubuntu1.20.04) for linux-amd64 JRE (11.0.13+8-Ubuntu-0ubuntu1.20.04), built on Oct 29 2021 09:11:30 by "unknown" with gcc 9.3.0

END.
