#
# A fatal error has been detected by the Java Runtime Environment:
#
#  SIGSEGV (0xb) at pc=0x00007f12b2c120ad, pid=8542, tid=8559
#
# JRE version: OpenJDK Runtime Environment (11.0.13+8) (build 11.0.13+8-Ubuntu-0ubuntu1.20.04)
# Java VM: OpenJDK 64-Bit Server VM (11.0.13+8-Ubuntu-0ubuntu1.20.04, mixed mode, sharing, tiered, compressed oops, g1 gc, linux-amd64)
# Problematic frame:
# C  [libjimage.so+0x30ad]
#
# Core dump will be written. Default location: Core dumps may be processed with "/lib/systemd/systemd-coredump %P %u %g %s %t 9223372036854775808 %h" (or dumping to /home/gabriel/Downloads/prj-integrador/core.8542)
#
# If you would like to submit a bug report, please visit:
#   https://bugs.launchpad.net/ubuntu/+source/openjdk-lts
#

---------------  S U M M A R Y ------------

Command Line: -agentlib:jdwp=transport=dt_socket,suspend=y,address=localhost:38115 -javaagent:/home/gabriel/eclipse/java-2021-12/eclipse/configuration/org.eclipse.osgi/219/0/.cp/lib/javaagent-shaded.jar -Dfile.encoding=UTF-8 com.br.example.prj.biblioteca.ProjetoBibliotecaApplication

Host: Intel(R) Core(TM) i5 CPU       M 460  @ 2.53GHz, 4 cores, 3G, Linux Mint 20.1 Ulyssa
Time: Mon Mar  7 10:20:52 2022 -03 elapsed time: 1092.958588 seconds (0d 0h 18m 12s)

---------------  T H R E A D  ---------------

Current thread (0x00007f12ac12e000):  JavaThread "Signal Dispatcher" daemon [_thread_in_vm, id=8559, stack(0x00007f1284f8b000,0x00007f128508c000)]

Stack: [0x00007f1284f8b000,0x00007f128508c000],  sp=0x00007f1285089200,  free space=1016k
Native frames: (J=compiled Java code, A=aot compiled Java code, j=interpreted, Vv=VM code, C=native code)
C  [libjimage.so+0x30ad]
C  [libjimage.so+0x3ca2]
C  [libjimage.so+0x4191]  JIMAGE_FindResource+0xf1
V  [libjvm.so+0x5b8c41]
V  [libjvm.so+0x5bb261]
V  [libjvm.so+0xdee4ed]
V  [libjvm.so+0xded08a]
V  [libjvm.so+0xdef63b]
V  [libjvm.so+0x66b15e]
V  [libjvm.so+0x85b166]
j  jdk.internal.misc.Signal.dispatch(I)V+25 java.base@11.0.13
v  ~StubRoutines::call_stub
V  [libjvm.so+0x863bf4]
V  [libjvm.so+0x862c32]
V  [libjvm.so+0xbce34e]
V  [libjvm.so+0xe24e0f]
V  [libjvm.so+0xe21850]
V  [libjvm.so+0xbe0406]

Java frames: (J=compiled Java code, j=interpreted, Vv=VM code)
j  jdk.internal.misc.Signal.dispatch(I)V+25 java.base@11.0.13
v  ~StubRoutines::call_stub

siginfo: si_signo: 11 (SIGSEGV), si_code: 1 (SEGV_MAPERR), si_addr: 0x00007f12a386eb9c

Register to memory mapping:

RAX=0x0000000000006ee0 is an unknown value
RBX=0x00007f12850892b1 is pointing into the stack for thread: 0x00007f12ac12e000
RCX=0x00007f12850892d3 is pointing into the stack for thread: 0x00007f12ac12e000
RDX=0x0000000000006ee0 is an unknown value
RSP=0x00007f1285089200 is pointing into the stack for thread: 0x00007f12ac12e000
RBP=0x00007f1285089220 is pointing into the stack for thread: 0x00007f12ac12e000
RSI=0x0 is NULL
RDI=0x00007f12b2c17030: <offset 0x0000000000008030> in /usr/lib/jvm/java-11-openjdk-amd64/lib/libjimage.so at 0x00007f12b2c0f000
R8 =0x00007f12a385301c is an unknown value
R9 =0x00007f128508a0c0 is pointing into the stack for thread: 0x00007f12ac12e000
R10=0x0000000000000021 is an unknown value
R11=0x00007f12b4548210: <offset 0x00000000001b2210> in /lib/x86_64-linux-gnu/libc.so.6 at 0x00007f12b4396000
R12=0x0000000000008457 is an unknown value
R13=0x00007f12850892b0 is pointing into the stack for thread: 0x00007f12ac12e000
R14=0x0 is NULL
R15=0x00007f12ac12ec50 points into unknown readable memory: 0x65746e692f6b646a | 6a 64 6b 2f 69 6e 74 65


Registers:
RAX=0x0000000000006ee0, RBX=0x00007f12850892b1, RCX=0x00007f12850892d3, RDX=0x0000000000006ee0
RSP=0x00007f1285089200, RBP=0x00007f1285089220, RSI=0x0000000000000000, RDI=0x00007f12b2c17030
R8 =0x00007f12a385301c, R9 =0x00007f128508a0c0, R10=0x0000000000000021, R11=0x00007f12b4548210
R12=0x0000000000008457, R13=0x00007f12850892b0, R14=0x0000000000000000, R15=0x00007f12ac12ec50
RIP=0x00007f12b2c120ad, EFLAGS=0x0000000000010246, CSGSFS=0x002b000000000033, ERR=0x0000000000000004
  TRAPNO=0x000000000000000e

Top of Stack: (sp=0x00007f1285089200)
0x00007f1285089200:   0000000000000000 00007f128508a348
0x00007f1285089210:   00007f12ac009be0 00007f12850892b0
0x00007f1285089220:   00007f1285089290 00007f12b2c12ca2
0x00007f1285089230:   0000000000000000 0000000000000000 

Instructions: (pc=0x00007f12b2c120ad)
0x00007f12b2c11fad:   f3 ff ff 44 03 65 90 e9 3f fe ff ff 0f 1f 80 00
0x00007f12b2c11fbd:   00 00 00 41 8b 10 41 89 55 00 41 8b 54 00 fc 41
0x00007f12b2c11fcd:   89 54 05 fc e9 82 fc ff ff 66 2e 0f 1f 84 00 00
0x00007f12b2c11fdd:   00 00 00 b9 0a 00 00 00 e9 f0 fc ff ff 41 0f b7
0x00007f12b2c11fed:   54 00 fe 66 41 89 54 05 fe e9 5d fc ff ff 0f 1f
0x00007f12b2c11ffd:   44 00 00 f3 0f 1e fa 0f b6 17 89 f0 89 f1 4c 8d
0x00007f12b2c1200d:   47 01 84 d2 74 1c 0f 1f 44 00 00 69 c9 93 01 00
0x00007f12b2c1201d:   01 49 83 c0 01 31 d1 41 0f b6 50 ff 84 d2 75 eb
0x00007f12b2c1202d:   89 c8 25 ff ff ff 7f c3 90 66 2e 0f 1f 84 00 00
0x00007f12b2c1203d:   00 00 00 f3 0f 1e fa 48 85 d2 0f 84 da 00 00 00
0x00007f12b2c1204d:   55 48 89 e5 41 55 41 54 41 89 cc 53 48 83 ec 08
0x00007f12b2c1205d:   85 c9 0f 84 ba 00 00 00 49 89 f5 48 8d 5e 01 0f
0x00007f12b2c1206d:   b6 36 49 89 d0 40 84 f6 0f 84 9d 00 00 00 48 89
0x00007f12b2c1207d:   d9 b8 93 01 00 01 0f 1f 44 00 00 69 d0 93 01 00
0x00007f12b2c1208d:   01 48 83 c1 01 40 0f b6 c6 0f b6 71 ff 31 d0 40
0x00007f12b2c1209d:   84 f6 75 e7 25 ff ff ff 7f 31 d2 41 f7 f4 89 d0
0x00007f12b2c120ad:   41 8b 34 80 48 8b 07 ff 50 20 85 c0 7f 15 74 62
0x00007f12b2c120bd:   f7 d0 41 89 c0 48 83 c4 08 44 89 c0 5b 41 5c 41
0x00007f12b2c120cd:   5d 5d c3 41 0f b6 4d 00 89 c6 84 c9 74 1b 0f 1f
0x00007f12b2c120dd:   44 00 00 69 f6 93 01 00 01 48 83 c3 01 31 ce 0f
0x00007f12b2c120ed:   b6 4b ff 84 c9 75 ec 89 f0 25 ff ff ff 7f 31 d2
0x00007f12b2c120fd:   48 83 c4 08 41 f7 f4 5b 41 5c 41 5d 5d 41 89 d0
0x00007f12b2c1210d:   44 89 c0 c3 0f 1f 80 00 00 00 00 b8 93 01 00 01
0x00007f12b2c1211d:   eb 87 41 b8 ff ff ff ff eb 9b 41 83 c8 ff 44 89
0x00007f12b2c1212d:   c0 c3 90 f3 0f 1e fa eb 1d 66 2e 0f 1f 84 00 00
0x00007f12b2c1213d:   00 00 00 0f b6 16 84 d2 74 13 38 c2 75 15 48 83
0x00007f12b2c1214d:   c7 01 48 83 c6 01 0f b6 07 84 c0 75 e6 48 89 f8
0x00007f12b2c1215d:   c3 66 90 31 c0 c3 90 66 66 2e 0f 1f 84 00 00 00
0x00007f12b2c1216d:   00 00 90 f3 0f 1e fa 48 85 f6 74 51 0f b6 06 84
0x00007f12b2c1217d:   c0 74 4a 0f b6 d0 83 e0 07 c1 fa 03 44 8d 50 01
0x00007f12b2c1218d:   0f b6 c0 41 89 d1 4c 8d 44 06 02 48 8d 56 01 31
0x00007f12b2c1219d:   c0 66 90 0f b6 0a 48 c1 e0 08 48 83 c2 01 48 09 


Stack slot to memory mapping:
stack at sp + 0 slots: 0x0 is NULL
stack at sp + 1 slots: 0x00007f128508a348 is pointing into the stack for thread: 0x00007f12ac12e000
stack at sp + 2 slots: 0x00007f12ac009be0 points into unknown readable memory: 0x00007f1250187220 | 20 72 18 50 12 7f 00 00
stack at sp + 3 slots: 0x00007f12850892b0 is pointing into the stack for thread: 0x00007f12ac12e000
stack at sp + 4 slots: 0x00007f1285089290 is pointing into the stack for thread: 0x00007f12ac12e000
stack at sp + 5 slots: 0x00007f12b2c12ca2: <offset 0x0000000000003ca2> in /usr/lib/jvm/java-11-openjdk-amd64/lib/libjimage.so at 0x00007f12b2c0f000
stack at sp + 6 slots: 0x0 is NULL
stack at sp + 7 slots: 0x0 is NULL


---------------  P R O C E S S  ---------------

Threads class SMR info:
_java_thread_list=0x00007f1248004490, length=23, elements={
0x00007f12ac126800, 0x00007f12ac128800, 0x00007f12ac12e000, 0x00007f12ac130000,
0x00007f12ac132800, 0x00007f12ac134800, 0x00007f12ac136800, 0x00007f12ac164800,
0x00007f12ac1bf000, 0x00007f12ac1c3800, 0x00007f12ad5b9000, 0x00007f12ad97b800,
0x00007f12ade73000, 0x00007f122c003800, 0x00007f12ade76800, 0x00007f12ad4e4800,
0x00007f12ac5e7800, 0x00007f12ac01a000, 0x00007f1224013000, 0x00007f1224014800,
0x00007f1224002800, 0x00007f1224004800, 0x00007f1224006000
}

Java Threads: ( => current thread )
  0x00007f12ac126800 JavaThread "Reference Handler" daemon [_thread_blocked, id=8557, stack(0x00007f12856ff000,0x00007f1285800000)]
  0x00007f12ac128800 JavaThread "Finalizer" daemon [_thread_blocked, id=8558, stack(0x00007f12855fe000,0x00007f12856ff000)]
=>0x00007f12ac12e000 JavaThread "Signal Dispatcher" daemon [_thread_in_vm, id=8559, stack(0x00007f1284f8b000,0x00007f128508c000)]
  0x00007f12ac130000 JavaThread "Service Thread" daemon [_thread_blocked, id=8560, stack(0x00007f1284e8a000,0x00007f1284f8b000)]
  0x00007f12ac132800 JavaThread "C2 CompilerThread0" daemon [_thread_blocked, id=8561, stack(0x00007f1284d89000,0x00007f1284e8a000)]
  0x00007f12ac134800 JavaThread "C1 CompilerThread0" daemon [_thread_blocked, id=8562, stack(0x00007f1284c88000,0x00007f1284d89000)]
  0x00007f12ac136800 JavaThread "Sweeper thread" daemon [_thread_blocked, id=8563, stack(0x00007f1284b87000,0x00007f1284c88000)]
  0x00007f12ac164800 JavaThread "Common-Cleaner" daemon [_thread_blocked, id=8564, stack(0x00007f1284a86000,0x00007f1284b87000)]
  0x00007f12ac1bf000 JavaThread "JDWP Transport Listener: dt_socket" daemon [_thread_in_native, id=8566, stack(0x00007f1284985000,0x00007f1284a86000)]
  0x00007f12ac1c3800 JavaThread "JDWP Event Helper Thread" daemon [_thread_blocked, id=8569, stack(0x00007f1284884000,0x00007f1284985000)]
  0x00007f12ad5b9000 JavaThread "mysql-cj-abandoned-connection-cleanup" daemon [_thread_blocked, id=8582, stack(0x00007f1284357000,0x00007f1284458000)]
  0x00007f12ad97b800 JavaThread "HikariPool-1 housekeeper" daemon [_thread_blocked, id=8583, stack(0x00007f1237367000,0x00007f1237468000)]
  0x00007f12ade73000 JavaThread "Catalina-utility-1" [_thread_blocked, id=8586, stack(0x00007f123605e000,0x00007f123615f000)]
  0x00007f122c003800 JavaThread "Catalina-utility-2" [_thread_blocked, id=8587, stack(0x00007f1284458000,0x00007f1284559000)]
  0x00007f12ade76800 JavaThread "container-0" [_thread_blocked, id=8588, stack(0x00007f123535d000,0x00007f123545e000)]
  0x00007f12ad4e4800 JavaThread "http-nio-8080-Poller" daemon [_thread_in_native, id=8595, stack(0x00007f1234e5c000,0x00007f1234f5d000)]
  0x00007f12ac5e7800 JavaThread "http-nio-8080-Acceptor" daemon [_thread_in_native, id=8596, stack(0x00007f1234d5b000,0x00007f1234e5c000)]
  0x00007f12ac01a000 JavaThread "DestroyJavaVM" [_thread_blocked, id=8550, stack(0x00007f12b2c51000,0x00007f12b2d52000)]
  0x00007f1224013000 JavaThread "http-nio-8080-exec-1" daemon [_thread_blocked, id=8600, stack(0x00007f1234c5a000,0x00007f1234d5b000)]
  0x00007f1224014800 JavaThread "http-nio-8080-exec-2" daemon [_thread_blocked, id=8601, stack(0x00007f1234b59000,0x00007f1234c5a000)]
  0x00007f1224002800 JavaThread "http-nio-8080-exec-3" daemon [_thread_blocked, id=8619, stack(0x00007f1234658000,0x00007f1234759000)]
  0x00007f1224004800 JavaThread "http-nio-8080-exec-4" daemon [_thread_blocked, id=8679, stack(0x00007f1234557000,0x00007f1234658000)]
  0x00007f1224006000 JavaThread "http-nio-8080-exec-5" daemon [_thread_blocked, id=8680, stack(0x00007f1234456000,0x00007f1234557000)]

Other Threads:
  0x00007f12ac123800 VMThread "VM Thread" [stack: 0x00007f1294049000,0x00007f1294149000] [id=8556]
  0x00007f12ac504800 WatcherThread [stack: 0x00007f1284683000,0x00007f1284783000] [id=8573]
  0x00007f12ac031000 GCTaskThread "GC Thread#0" [stack: 0x00007f12b28ba000,0x00007f12b29ba000] [id=8551]
  0x00007f127c001000 GCTaskThread "GC Thread#1" [stack: 0x00007f1284581000,0x00007f1284681000] [id=8574]
  0x00007f127c004800 GCTaskThread "GC Thread#2" [stack: 0x00007f1284257000,0x00007f1284357000] [id=8577]
  0x00007f127c006000 GCTaskThread "GC Thread#3" [stack: 0x00007f1237f00000,0x00007f1238000000] [id=8578]
  0x00007f12ac04b000 ConcurrentGCThread "G1 Main Marker" [stack: 0x00007f12b00eb000,0x00007f12b01eb000] [id=8552]
  0x00007f12ac04d000 ConcurrentGCThread "G1 Conc#0" [stack: 0x00007f1294753000,0x00007f1294853000] [id=8553]
  0x00007f12ac08f000 ConcurrentGCThread "G1 Refine#0" [stack: 0x00007f129424d000,0x00007f129434d000] [id=8554]
  0x00007f12ac090800 ConcurrentGCThread "G1 Young RemSet Sampling" [stack: 0x00007f129414b000,0x00007f129424b000] [id=8555]

Threads with active compile tasks:

VM state:synchronizing (normal execution)

VM Mutex/Monitor currently owned by a thread:  ([mutex/lock_event])
[0x00007f12ac016430] Threads_lock - owner thread: 0x00007f12ac123800

Heap address: 0x00000000c5a00000, size: 934 MB, Compressed Oops mode: 32-bit
Narrow klass base: 0x0000000800000000, Narrow klass shift: 3
Compressed class space size: 1073741824 Address: 0x0000000840000000

Heap:
 garbage-first heap   total 111616K, used 54569K [0x00000000c5a00000, 0x0000000100000000)
  region size 1024K, 32 young (32768K), 6 survivors (6144K)
 Metaspace       used 64957K, capacity 66743K, committed 66944K, reserved 1107968K
  class space    used 8353K, capacity 9047K, committed 9088K, reserved 1048576K
Heap Regions: E=young(eden), S=young(survivor), O=old, HS=humongous(starts), HC=humongous(continues), CS=collection set, F=free, A=archive, TAMS=top-at-mark-start (previous, next)
|   0|0x00000000c5a00000, 0x00000000c5b00000, 0x00000000c5b00000|100%|HS|  |TAMS 0x00000000c5b00000, 0x00000000c5a00000| Complete 
|   1|0x00000000c5b00000, 0x00000000c5c00000, 0x00000000c5c00000|100%| O|  |TAMS 0x00000000c5c00000, 0x00000000c5b00000| Untracked 
|   2|0x00000000c5c00000, 0x00000000c5d00000, 0x00000000c5d00000|100%| O|  |TAMS 0x00000000c5d00000, 0x00000000c5c00000| Untracked 
|   3|0x00000000c5d00000, 0x00000000c5e00000, 0x00000000c5e00000|100%| O|  |TAMS 0x00000000c5e00000, 0x00000000c5d00000| Untracked 
|   4|0x00000000c5e00000, 0x00000000c5f00000, 0x00000000c5f00000|100%| O|  |TAMS 0x00000000c5f00000, 0x00000000c5e00000| Untracked 
|   5|0x00000000c5f00000, 0x00000000c6000000, 0x00000000c6000000|100%| O|  |TAMS 0x00000000c6000000, 0x00000000c5f00000| Untracked 
|   6|0x00000000c6000000, 0x00000000c6100000, 0x00000000c6100000|100%| O|  |TAMS 0x00000000c6100000, 0x00000000c6000000| Untracked 
|   7|0x00000000c6100000, 0x00000000c6200000, 0x00000000c6200000|100%| O|  |TAMS 0x00000000c6200000, 0x00000000c6100000| Untracked 
|   8|0x00000000c6200000, 0x00000000c6300000, 0x00000000c6300000|100%| O|  |TAMS 0x00000000c6300000, 0x00000000c6200000| Untracked 
|   9|0x00000000c6300000, 0x00000000c6400000, 0x00000000c6400000|100%| O|  |TAMS 0x00000000c6400000, 0x00000000c6300000| Untracked 
|  10|0x00000000c6400000, 0x00000000c6500000, 0x00000000c6500000|100%| O|  |TAMS 0x00000000c6500000, 0x00000000c6400000| Untracked 
|  11|0x00000000c6500000, 0x00000000c6600000, 0x00000000c6600000|100%| O|  |TAMS 0x00000000c6600000, 0x00000000c6500000| Untracked 
|  12|0x00000000c6600000, 0x00000000c6700000, 0x00000000c6700000|100%| O|  |TAMS 0x00000000c6700000, 0x00000000c6600000| Untracked 
|  13|0x00000000c6700000, 0x00000000c6800000, 0x00000000c6800000|100%| O|  |TAMS 0x00000000c6800000, 0x00000000c6700000| Untracked 
|  14|0x00000000c6800000, 0x00000000c6900000, 0x00000000c6900000|100%| O|  |TAMS 0x00000000c6900000, 0x00000000c6800000| Untracked 
|  15|0x00000000c6900000, 0x00000000c6a00000, 0x00000000c6a00000|100%| O|  |TAMS 0x00000000c6a00000, 0x00000000c6900000| Untracked 
|  16|0x00000000c6a00000, 0x00000000c6b00000, 0x00000000c6b00000|100%| O|  |TAMS 0x00000000c6b00000, 0x00000000c6a00000| Untracked 
|  17|0x00000000c6b00000, 0x00000000c6c00000, 0x00000000c6c00000|100%| O|  |TAMS 0x00000000c6c00000, 0x00000000c6b00000| Untracked 
|  18|0x00000000c6c00000, 0x00000000c6d00000, 0x00000000c6d00000|100%| O|  |TAMS 0x00000000c6d00000, 0x00000000c6c00000| Untracked 
|  19|0x00000000c6d00000, 0x00000000c6e00000, 0x00000000c6e00000|100%| O|  |TAMS 0x00000000c6d9bc00, 0x00000000c6d00000| Untracked 
|  20|0x00000000c6e00000, 0x00000000c6f00000, 0x00000000c6f00000|100%| O|  |TAMS 0x00000000c6e00000, 0x00000000c6e00000| Untracked 
|  21|0x00000000c6f00000, 0x00000000c6f98400, 0x00000000c7000000| 59%| O|  |TAMS 0x00000000c6f00000, 0x00000000c6f00000| Untracked 
|  22|0x00000000c7000000, 0x00000000c7000000, 0x00000000c7100000|  0%| F|  |TAMS 0x00000000c7000000, 0x00000000c7000000| Untracked 
|  23|0x00000000c7100000, 0x00000000c7100000, 0x00000000c7200000|  0%| F|  |TAMS 0x00000000c7100000, 0x00000000c7100000| Untracked 
|  24|0x00000000c7200000, 0x00000000c7200000, 0x00000000c7300000|  0%| F|  |TAMS 0x00000000c7200000, 0x00000000c7200000| Untracked 
|  25|0x00000000c7300000, 0x00000000c7300000, 0x00000000c7400000|  0%| F|  |TAMS 0x00000000c7300000, 0x00000000c7300000| Untracked 
|  26|0x00000000c7400000, 0x00000000c7400000, 0x00000000c7500000|  0%| F|  |TAMS 0x00000000c7400000, 0x00000000c7400000| Untracked 
|  27|0x00000000c7500000, 0x00000000c7500000, 0x00000000c7600000|  0%| F|  |TAMS 0x00000000c7500000, 0x00000000c7500000| Untracked 
|  28|0x00000000c7600000, 0x00000000c7600000, 0x00000000c7700000|  0%| F|  |TAMS 0x00000000c7600000, 0x00000000c7600000| Untracked 
|  29|0x00000000c7700000, 0x00000000c7700000, 0x00000000c7800000|  0%| F|  |TAMS 0x00000000c7700000, 0x00000000c7700000| Untracked 
|  30|0x00000000c7800000, 0x00000000c7800000, 0x00000000c7900000|  0%| F|  |TAMS 0x00000000c7800000, 0x00000000c7800000| Untracked 
|  31|0x00000000c7900000, 0x00000000c7900000, 0x00000000c7a00000|  0%| F|  |TAMS 0x00000000c7900000, 0x00000000c7900000| Untracked 
|  32|0x00000000c7a00000, 0x00000000c7a00000, 0x00000000c7b00000|  0%| F|  |TAMS 0x00000000c7a00000, 0x00000000c7a00000| Untracked 
|  33|0x00000000c7b00000, 0x00000000c7b00000, 0x00000000c7c00000|  0%| F|  |TAMS 0x00000000c7b00000, 0x00000000c7b00000| Untracked 
|  34|0x00000000c7c00000, 0x00000000c7c00000, 0x00000000c7d00000|  0%| F|  |TAMS 0x00000000c7c00000, 0x00000000c7c00000| Untracked 
|  35|0x00000000c7d00000, 0x00000000c7d00000, 0x00000000c7e00000|  0%| F|  |TAMS 0x00000000c7d00000, 0x00000000c7d00000| Untracked 
|  36|0x00000000c7e00000, 0x00000000c7f00000, 0x00000000c7f00000|100%| S|CS|TAMS 0x00000000c7e00000, 0x00000000c7e00000| Complete 
|  37|0x00000000c7f00000, 0x00000000c8000000, 0x00000000c8000000|100%| S|CS|TAMS 0x00000000c7f00000, 0x00000000c7f00000| Complete 
|  38|0x00000000c8000000, 0x00000000c8100000, 0x00000000c8100000|100%| S|CS|TAMS 0x00000000c8000000, 0x00000000c8000000| Complete 
|  39|0x00000000c8100000, 0x00000000c8200000, 0x00000000c8200000|100%| S|CS|TAMS 0x00000000c8100000, 0x00000000c8100000| Complete 
|  40|0x00000000c8200000, 0x00000000c8300000, 0x00000000c8300000|100%| S|CS|TAMS 0x00000000c8200000, 0x00000000c8200000| Complete 
|  41|0x00000000c8300000, 0x00000000c8400000, 0x00000000c8400000|100%| S|CS|TAMS 0x00000000c8300000, 0x00000000c8300000| Complete 
|  42|0x00000000c8400000, 0x00000000c8400000, 0x00000000c8500000|  0%| F|  |TAMS 0x00000000c8400000, 0x00000000c8400000| Untracked 
|  43|0x00000000c8500000, 0x00000000c8500000, 0x00000000c8600000|  0%| F|  |TAMS 0x00000000c8500000, 0x00000000c8500000| Untracked 
|  44|0x00000000c8600000, 0x00000000c8600000, 0x00000000c8700000|  0%| F|  |TAMS 0x00000000c8600000, 0x00000000c8600000| Untracked 
|  45|0x00000000c8700000, 0x00000000c8700000, 0x00000000c8800000|  0%| F|  |TAMS 0x00000000c8700000, 0x00000000c8700000| Untracked 
|  46|0x00000000c8800000, 0x00000000c8800000, 0x00000000c8900000|  0%| F|  |TAMS 0x00000000c8800000, 0x00000000c8800000| Untracked 
|  47|0x00000000c8900000, 0x00000000c8900000, 0x00000000c8a00000|  0%| F|  |TAMS 0x00000000c8900000, 0x00000000c8900000| Untracked 
|  48|0x00000000c8a00000, 0x00000000c8a00000, 0x00000000c8b00000|  0%| F|  |TAMS 0x00000000c8a00000, 0x00000000c8a00000| Untracked 
|  49|0x00000000c8b00000, 0x00000000c8b00000, 0x00000000c8c00000|  0%| F|  |TAMS 0x00000000c8b00000, 0x00000000c8b00000| Untracked 
|  50|0x00000000c8c00000, 0x00000000c8c00000, 0x00000000c8d00000|  0%| F|  |TAMS 0x00000000c8c00000, 0x00000000c8c00000| Untracked 
|  51|0x00000000c8d00000, 0x00000000c8d00000, 0x00000000c8e00000|  0%| F|  |TAMS 0x00000000c8d00000, 0x00000000c8d00000| Untracked 
|  52|0x00000000c8e00000, 0x00000000c8e00000, 0x00000000c8f00000|  0%| F|  |TAMS 0x00000000c8e00000, 0x00000000c8e00000| Untracked 
|  53|0x00000000c8f00000, 0x00000000c8f00000, 0x00000000c9000000|  0%| F|  |TAMS 0x00000000c8f00000, 0x00000000c8f00000| Untracked 
|  54|0x00000000c9000000, 0x00000000c9000000, 0x00000000c9100000|  0%| F|  |TAMS 0x00000000c9000000, 0x00000000c9000000| Untracked 
|  55|0x00000000c9100000, 0x00000000c9100000, 0x00000000c9200000|  0%| F|  |TAMS 0x00000000c9100000, 0x00000000c9100000| Untracked 
|  56|0x00000000c9200000, 0x00000000c9200000, 0x00000000c9300000|  0%| F|  |TAMS 0x00000000c9200000, 0x00000000c9200000| Untracked 
|  57|0x00000000c9300000, 0x00000000c9300000, 0x00000000c9400000|  0%| F|  |TAMS 0x00000000c9300000, 0x00000000c9300000| Untracked 
|  58|0x00000000c9400000, 0x00000000c9400000, 0x00000000c9500000|  0%| F|  |TAMS 0x00000000c9400000, 0x00000000c9400000| Untracked 
|  59|0x00000000c9500000, 0x00000000c9500000, 0x00000000c9600000|  0%| F|  |TAMS 0x00000000c9500000, 0x00000000c9500000| Untracked 
|  60|0x00000000c9600000, 0x00000000c9600000, 0x00000000c9700000|  0%| F|  |TAMS 0x00000000c9600000, 0x00000000c9600000| Untracked 
|  61|0x00000000c9700000, 0x00000000c9700000, 0x00000000c9800000|  0%| F|  |TAMS 0x00000000c9700000, 0x00000000c9700000| Untracked 
|  62|0x00000000c9800000, 0x00000000c9800000, 0x00000000c9900000|  0%| F|  |TAMS 0x00000000c9800000, 0x00000000c9800000| Untracked 
|  63|0x00000000c9900000, 0x00000000c9900000, 0x00000000c9a00000|  0%| F|  |TAMS 0x00000000c9900000, 0x00000000c9900000| Untracked 
|  64|0x00000000c9a00000, 0x00000000c9a00000, 0x00000000c9b00000|  0%| F|  |TAMS 0x00000000c9a00000, 0x00000000c9a00000| Untracked 
|  65|0x00000000c9b00000, 0x00000000c9b00000, 0x00000000c9c00000|  0%| F|  |TAMS 0x00000000c9b00000, 0x00000000c9b00000| Untracked 
|  66|0x00000000c9c00000, 0x00000000c9c00000, 0x00000000c9d00000|  0%| F|  |TAMS 0x00000000c9c00000, 0x00000000c9c00000| Untracked 
|  67|0x00000000c9d00000, 0x00000000c9d00000, 0x00000000c9e00000|  0%| F|  |TAMS 0x00000000c9d00000, 0x00000000c9d00000| Untracked 
|  68|0x00000000c9e00000, 0x00000000c9e00000, 0x00000000c9f00000|  0%| F|  |TAMS 0x00000000c9e00000, 0x00000000c9e00000| Untracked 
|  69|0x00000000c9f00000, 0x00000000c9f00000, 0x00000000ca000000|  0%| F|  |TAMS 0x00000000c9f00000, 0x00000000c9f00000| Untracked 
|  70|0x00000000ca000000, 0x00000000ca000000, 0x00000000ca100000|  0%| F|  |TAMS 0x00000000ca000000, 0x00000000ca000000| Untracked 
|  71|0x00000000ca100000, 0x00000000ca100000, 0x00000000ca200000|  0%| F|  |TAMS 0x00000000ca100000, 0x00000000ca100000| Untracked 
|  72|0x00000000ca200000, 0x00000000ca200000, 0x00000000ca300000|  0%| F|  |TAMS 0x00000000ca200000, 0x00000000ca200000| Untracked 
|  73|0x00000000ca300000, 0x00000000ca300000, 0x00000000ca400000|  0%| F|  |TAMS 0x00000000ca300000, 0x00000000ca300000| Untracked 
|  74|0x00000000ca400000, 0x00000000ca400000, 0x00000000ca500000|  0%| F|  |TAMS 0x00000000ca400000, 0x00000000ca400000| Untracked 
|  75|0x00000000ca500000, 0x00000000ca500000, 0x00000000ca600000|  0%| F|  |TAMS 0x00000000ca500000, 0x00000000ca500000| Untracked 
|  76|0x00000000ca600000, 0x00000000ca600000, 0x00000000ca700000|  0%| F|  |TAMS 0x00000000ca600000, 0x00000000ca600000| Untracked 
|  77|0x00000000ca700000, 0x00000000ca700000, 0x00000000ca800000|  0%| F|  |TAMS 0x00000000ca700000, 0x00000000ca700000| Untracked 
|  78|0x00000000ca800000, 0x00000000ca800000, 0x00000000ca900000|  0%| F|  |TAMS 0x00000000ca800000, 0x00000000ca800000| Untracked 
|  79|0x00000000ca900000, 0x00000000ca900000, 0x00000000caa00000|  0%| F|  |TAMS 0x00000000ca900000, 0x00000000ca900000| Untracked 
|  80|0x00000000caa00000, 0x00000000caa00000, 0x00000000cab00000|  0%| F|  |TAMS 0x00000000caa00000, 0x00000000caa00000| Untracked 
|  81|0x00000000cab00000, 0x00000000cabd7828, 0x00000000cac00000| 84%| E|  |TAMS 0x00000000cab00000, 0x00000000cab00000| Complete 
|  82|0x00000000cac00000, 0x00000000cad00000, 0x00000000cad00000|100%| E|CS|TAMS 0x00000000cac00000, 0x00000000cac00000| Complete 
|  83|0x00000000cad00000, 0x00000000cae00000, 0x00000000cae00000|100%| E|CS|TAMS 0x00000000cad00000, 0x00000000cad00000| Complete 
|  84|0x00000000cae00000, 0x00000000caf00000, 0x00000000caf00000|100%| E|CS|TAMS 0x00000000cae00000, 0x00000000cae00000| Complete 
|  85|0x00000000caf00000, 0x00000000cb000000, 0x00000000cb000000|100%| E|CS|TAMS 0x00000000caf00000, 0x00000000caf00000| Complete 
|  86|0x00000000cb000000, 0x00000000cb100000, 0x00000000cb100000|100%| E|CS|TAMS 0x00000000cb000000, 0x00000000cb000000| Complete 
|  87|0x00000000cb100000, 0x00000000cb200000, 0x00000000cb200000|100%| E|CS|TAMS 0x00000000cb100000, 0x00000000cb100000| Complete 
|  88|0x00000000cb200000, 0x00000000cb300000, 0x00000000cb300000|100%| E|CS|TAMS 0x00000000cb200000, 0x00000000cb200000| Complete 
|  89|0x00000000cb300000, 0x00000000cb400000, 0x00000000cb400000|100%| E|CS|TAMS 0x00000000cb300000, 0x00000000cb300000| Complete 
|  90|0x00000000cb400000, 0x00000000cb500000, 0x00000000cb500000|100%| E|CS|TAMS 0x00000000cb400000, 0x00000000cb400000| Complete 
|  91|0x00000000cb500000, 0x00000000cb600000, 0x00000000cb600000|100%| E|CS|TAMS 0x00000000cb500000, 0x00000000cb500000| Complete 
|  92|0x00000000cb600000, 0x00000000cb700000, 0x00000000cb700000|100%| E|CS|TAMS 0x00000000cb600000, 0x00000000cb600000| Complete 
|  93|0x00000000cb700000, 0x00000000cb800000, 0x00000000cb800000|100%| E|CS|TAMS 0x00000000cb700000, 0x00000000cb700000| Complete 
|  94|0x00000000cb800000, 0x00000000cb900000, 0x00000000cb900000|100%| E|CS|TAMS 0x00000000cb800000, 0x00000000cb800000| Complete 
|  95|0x00000000cb900000, 0x00000000cba00000, 0x00000000cba00000|100%| E|CS|TAMS 0x00000000cb900000, 0x00000000cb900000| Complete 
|  96|0x00000000cba00000, 0x00000000cbb00000, 0x00000000cbb00000|100%| E|CS|TAMS 0x00000000cba00000, 0x00000000cba00000| Complete 
|  97|0x00000000cbb00000, 0x00000000cbc00000, 0x00000000cbc00000|100%| E|CS|TAMS 0x00000000cbb00000, 0x00000000cbb00000| Complete 
|  98|0x00000000cbc00000, 0x00000000cbd00000, 0x00000000cbd00000|100%| E|CS|TAMS 0x00000000cbc00000, 0x00000000cbc00000| Complete 
|  99|0x00000000cbd00000, 0x00000000cbe00000, 0x00000000cbe00000|100%| E|CS|TAMS 0x00000000cbd00000, 0x00000000cbd00000| Complete 
| 100|0x00000000cbe00000, 0x00000000cbf00000, 0x00000000cbf00000|100%| E|CS|TAMS 0x00000000cbe00000, 0x00000000cbe00000| Complete 
| 101|0x00000000cbf00000, 0x00000000cc000000, 0x00000000cc000000|100%| E|CS|TAMS 0x00000000cbf00000, 0x00000000cbf00000| Complete 
| 102|0x00000000cc000000, 0x00000000cc100000, 0x00000000cc100000|100%| E|CS|TAMS 0x00000000cc000000, 0x00000000cc000000| Complete 
| 103|0x00000000cc100000, 0x00000000cc200000, 0x00000000cc200000|100%| E|CS|TAMS 0x00000000cc100000, 0x00000000cc100000| Complete 
| 104|0x00000000cc200000, 0x00000000cc300000, 0x00000000cc300000|100%| E|CS|TAMS 0x00000000cc200000, 0x00000000cc200000| Complete 
| 105|0x00000000cc300000, 0x00000000cc400000, 0x00000000cc400000|100%| E|CS|TAMS 0x00000000cc300000, 0x00000000cc300000| Complete 
| 106|0x00000000cc400000, 0x00000000cc500000, 0x00000000cc500000|100%| E|CS|TAMS 0x00000000cc400000, 0x00000000cc400000| Complete 
| 932|0x00000000ffe00000, 0x00000000ffe47000, 0x00000000fff00000| 27%|OA|  |TAMS 0x00000000ffe47000, 0x00000000ffe00000| Untracked 
| 933|0x00000000fff00000, 0x00000000fff6b000, 0x0000000100000000| 41%|CA|  |TAMS 0x00000000fff6b000, 0x00000000fff00000| Untracked 

Card table byte_map: [0x00007f12b210e000,0x00007f12b22e1000] _byte_map_base: 0x00007f12b1ae1000

Marking Bits (Prev, Next): (CMBitMap*) 0x00007f12ac046870, (CMBitMap*) 0x00007f12ac046838
 Prev Bits: [0x00007f12b020b000, 0x00007f12b10a3000)
 Next Bits: [0x00007f12b10a3000, 0x00007f12b1f3b000)

Polling page: 0x00007f12b4588000

Metaspace:

Usage:
  Non-class:     56,34 MB capacity,    55,28 MB ( 98%) used,   865,21 KB (  1%) free+waste,   226,69 KB ( <1%) overhead. 
      Class:      8,83 MB capacity,     8,16 MB ( 92%) used,   588,99 KB (  7%) free+waste,   104,81 KB (  1%) overhead. 
       Both:     65,18 MB capacity,    63,43 MB ( 97%) used,     1,42 MB (  2%) free+waste,   331,50 KB ( <1%) overhead. 

Virtual space:
  Non-class space:       58,00 MB reserved,      56,50 MB ( 97%) committed 
      Class space:        1,00 GB reserved,       8,88 MB ( <1%) committed 
             Both:        1,06 GB reserved,      65,38 MB (  6%) committed 

Chunk freelists:
   Non-Class:  124,00 KB
       Class:  9,00 KB
        Both:  133,00 KB

MaxMetaspaceSize: unlimited
CompressedClassSpaceSize: 1,00 GB
Initial GC threshold: 20,80 MB
Current GC threshold: 98,34 MB
CDS: on

CodeHeap 'non-profiled nmethods': size=120032Kb used=4758Kb max_used=4758Kb free=115274Kb
 bounds [0x00007f129c31b000, 0x00007f129c7cb000, 0x00007f12a3853000]
CodeHeap 'profiled nmethods': size=120032Kb used=13911Kb max_used=13911Kb free=106120Kb
 bounds [0x00007f1294de3000, 0x00007f1295b83000, 0x00007f129c31b000]
CodeHeap 'non-nmethods': size=5696Kb used=1381Kb max_used=1449Kb free=4314Kb
 bounds [0x00007f1294853000, 0x00007f1294ac3000, 0x00007f1294de3000]
 total_blobs=6586 nmethods=5970 adapters=537
 compilation: enabled
              stopped_count=0, restarted_count=0
 full_count=0

Compilation events (20 events):
Event: 985,426 Thread 0x00007f12ac132800 6097       4       java.io.File::getName (42 bytes)
Event: 985,444 Thread 0x00007f12ac132800 nmethod 6097 0x00007f129c7bd090 code [0x00007f129c7bd260, 0x00007f129c7bd9c8]
Event: 1000,426 Thread 0x00007f12ac132800 6098       4       java.io.File::exists (43 bytes)
Event: 1000,459 Thread 0x00007f12ac132800 nmethod 6098 0x00007f129c7bdd90 code [0x00007f129c7bdfa0, 0x00007f129c7beb68]
Event: 1002,814 Thread 0x00007f12ac134800 6099       3       ch.qos.logback.classic.Logger::isDebugEnabled (6 bytes)
Event: 1002,814 Thread 0x00007f12ac134800 nmethod 6099 0x00007f1295b74910 code [0x00007f1295b74ac0, 0x00007f1295b74c20]
Event: 1008,799 Thread 0x00007f12ac132800 6100       4       java.util.concurrent.ThreadPoolExecutor::runStateAtLeast (11 bytes)
Event: 1008,800 Thread 0x00007f12ac132800 nmethod 6100 0x00007f129c7bf310 code [0x00007f129c7bf4a0, 0x00007f129c7bf4f8]
Event: 1010,145 Thread 0x00007f12ac132800 6101       4       java.util.concurrent.ThreadPoolExecutor::afterExecute (1 bytes)
Event: 1010,145 Thread 0x00007f12ac132800 nmethod 6101 0x00007f129c7bf610 code [0x00007f129c7bf7a0, 0x00007f129c7bf818]
Event: 1041,802 Thread 0x00007f12ac134800 6102       3       java.util.concurrent.locks.AbstractQueuedSynchronizer::addWaiter (46 bytes)
Event: 1041,806 Thread 0x00007f12ac134800 nmethod 6102 0x00007f1295b74d10 code [0x00007f1295b751a0, 0x00007f1295b772b0]
Event: 1041,807 Thread 0x00007f12ac134800 6103       3       java.util.concurrent.locks.AbstractQueuedSynchronizer$Node::<init> (20 bytes)
Event: 1041,808 Thread 0x00007f12ac134800 nmethod 6103 0x00007f1295b77e90 code [0x00007f1295b78100, 0x00007f1295b78a30]
Event: 1054,799 Thread 0x00007f12ac132800 6104       4       java.util.concurrent.locks.ReentrantLock$Sync::isHeldExclusively (16 bytes)
Event: 1054,800 Thread 0x00007f12ac132800 nmethod 6104 0x00007f129c7bf910 code [0x00007f129c7bfaa0, 0x00007f129c7bfb38]
Event: 1070,147 Thread 0x00007f12ac132800 6106       4       java.util.concurrent.ScheduledThreadPoolExecutor$ScheduledFutureTask::compareTo (9 bytes)
Event: 1070,150 Thread 0x00007f12ac132800 nmethod 6106 0x00007f129c7bff90 code [0x00007f129c7c0120, 0x00007f129c7c0238]
Event: 1083,347 Thread 0x00007f12ac132800 6107       4       java.util.Collections$UnmodifiableCollection::iterator (9 bytes)
Event: 1083,351 Thread 0x00007f12ac132800 nmethod 6107 0x00007f129c7c0390 code [0x00007f129c7c0540, 0x00007f129c7c0738]

GC Heap History (20 events):
Event: 9,345 GC heap before
{Heap before GC invocations=10 (full 0):
 garbage-first heap   total 76800K, used 54748K [0x00000000c5a00000, 0x0000000100000000)
  region size 1024K, 45 young (46080K), 4 survivors (4096K)
 Metaspace       used 26496K, capacity 27542K, committed 27776K, reserved 1073152K
  class space    used 3256K, capacity 3675K, committed 3712K, reserved 1048576K
}
Event: 9,368 GC heap after
{Heap after GC invocations=11 (full 0):
 garbage-first heap   total 76800K, used 14766K [0x00000000c5a00000, 0x0000000100000000)
  region size 1024K, 5 young (5120K), 5 survivors (5120K)
 Metaspace       used 26496K, capacity 27542K, committed 27776K, reserved 1073152K
  class space    used 3256K, capacity 3675K, committed 3712K, reserved 1048576K
}
Event: 9,800 GC heap before
{Heap before GC invocations=11 (full 0):
 garbage-first heap   total 76800K, used 54702K [0x00000000c5a00000, 0x0000000100000000)
  region size 1024K, 45 young (46080K), 5 survivors (5120K)
 Metaspace       used 28809K, capacity 29847K, committed 30080K, reserved 1075200K
  class space    used 3482K, capacity 3888K, committed 3968K, reserved 1048576K
}
Event: 9,827 GC heap after
{Heap after GC invocations=12 (full 0):
 garbage-first heap   total 92160K, used 16110K [0x00000000c5a00000, 0x0000000100000000)
  region size 1024K, 4 young (4096K), 4 survivors (4096K)
 Metaspace       used 28809K, capacity 29847K, committed 30080K, reserved 1075200K
  class space    used 3482K, capacity 3888K, committed 3968K, reserved 1048576K
}
Event: 10,492 GC heap before
{Heap before GC invocations=12 (full 0):
 garbage-first heap   total 92160K, used 62190K [0x00000000c5a00000, 0x0000000100000000)
  region size 1024K, 50 young (51200K), 4 survivors (4096K)
 Metaspace       used 30156K, capacity 31357K, committed 31616K, reserved 1077248K
  class space    used 3664K, capacity 4133K, committed 4224K, reserved 1048576K
}
Event: 10,511 GC heap after
{Heap after GC invocations=13 (full 0):
 garbage-first heap   total 92160K, used 17024K [0x00000000c5a00000, 0x0000000100000000)
  region size 1024K, 5 young (5120K), 5 survivors (5120K)
 Metaspace       used 30156K, capacity 31357K, committed 31616K, reserved 1077248K
  class space    used 3664K, capacity 4133K, committed 4224K, reserved 1048576K
}
Event: 11,471 GC heap before
{Heap before GC invocations=13 (full 0):
 garbage-first heap   total 92160K, used 64128K [0x00000000c5a00000, 0x0000000100000000)
  region size 1024K, 52 young (53248K), 5 survivors (5120K)
 Metaspace       used 34466K, capacity 35604K, committed 35840K, reserved 1081344K
  class space    used 4331K, capacity 4799K, committed 4864K, reserved 1048576K
}
Event: 11,490 GC heap after
{Heap after GC invocations=14 (full 0):
 garbage-first heap   total 92160K, used 17601K [0x00000000c5a00000, 0x0000000100000000)
  region size 1024K, 3 young (3072K), 3 survivors (3072K)
 Metaspace       used 34466K, capacity 35604K, committed 35840K, reserved 1081344K
  class space    used 4331K, capacity 4799K, committed 4864K, reserved 1048576K
}
Event: 12,714 GC heap before
{Heap before GC invocations=15 (full 0):
 garbage-first heap   total 92160K, used 69825K [0x00000000c5a00000, 0x0000000100000000)
  region size 1024K, 54 young (55296K), 3 survivors (3072K)
 Metaspace       used 41781K, capacity 43069K, committed 43520K, reserved 1087488K
  class space    used 5263K, capacity 5767K, committed 5888K, reserved 1048576K
}
Event: 12,744 GC heap after
{Heap after GC invocations=16 (full 0):
 garbage-first heap   total 92160K, used 20673K [0x00000000c5a00000, 0x0000000100000000)
  region size 1024K, 6 young (6144K), 6 survivors (6144K)
 Metaspace       used 41781K, capacity 43069K, committed 43520K, reserved 1087488K
  class space    used 5263K, capacity 5767K, committed 5888K, reserved 1048576K
}
Event: 13,537 GC heap before
{Heap before GC invocations=16 (full 0):
 garbage-first heap   total 92160K, used 68801K [0x00000000c5a00000, 0x0000000100000000)
  region size 1024K, 54 young (55296K), 6 survivors (6144K)
 Metaspace       used 45698K, capacity 46956K, committed 47232K, reserved 1089536K
  class space    used 5740K, capacity 6228K, committed 6272K, reserved 1048576K
}
Event: 13,561 GC heap after
{Heap after GC invocations=17 (full 0):
 garbage-first heap   total 111616K, used 22765K [0x00000000c5a00000, 0x0000000100000000)
  region size 1024K, 6 young (6144K), 6 survivors (6144K)
 Metaspace       used 45698K, capacity 46956K, committed 47232K, reserved 1089536K
  class space    used 5740K, capacity 6228K, committed 6272K, reserved 1048576K
}
Event: 14,668 GC heap before
{Heap before GC invocations=17 (full 0):
 garbage-first heap   total 111616K, used 77037K [0x00000000c5a00000, 0x0000000100000000)
  region size 1024K, 59 young (60416K), 6 survivors (6144K)
 Metaspace       used 50553K, capacity 51800K, committed 52352K, reserved 1095680K
  class space    used 6485K, capacity 6987K, committed 7040K, reserved 1048576K
}
Event: 14,682 GC heap after
{Heap after GC invocations=18 (full 0):
 garbage-first heap   total 111616K, used 23311K [0x00000000c5a00000, 0x0000000100000000)
  region size 1024K, 3 young (3072K), 3 survivors (3072K)
 Metaspace       used 50553K, capacity 51800K, committed 52352K, reserved 1095680K
  class space    used 6485K, capacity 6987K, committed 7040K, reserved 1048576K
}
Event: 19,865 GC heap before
{Heap before GC invocations=18 (full 0):
 garbage-first heap   total 111616K, used 86799K [0x00000000c5a00000, 0x0000000100000000)
  region size 1024K, 65 young (66560K), 3 survivors (3072K)
 Metaspace       used 55442K, capacity 56946K, committed 57216K, reserved 1099776K
  class space    used 7122K, capacity 7716K, committed 7808K, reserved 1048576K
}
Event: 19,881 GC heap after
{Heap after GC invocations=19 (full 0):
 garbage-first heap   total 111616K, used 25161K [0x00000000c5a00000, 0x0000000100000000)
  region size 1024K, 5 young (5120K), 5 survivors (5120K)
 Metaspace       used 55442K, capacity 56946K, committed 57216K, reserved 1099776K
  class space    used 7122K, capacity 7716K, committed 7808K, reserved 1048576K
}
Event: 21,049 GC heap before
{Heap before GC invocations=19 (full 0):
 garbage-first heap   total 111616K, used 84553K [0x00000000c5a00000, 0x0000000100000000)
  region size 1024K, 64 young (65536K), 5 survivors (5120K)
 Metaspace       used 58483K, capacity 60003K, committed 60160K, reserved 1101824K
  class space    used 7520K, capacity 8132K, committed 8192K, reserved 1048576K
}
Event: 21,065 GC heap after
{Heap after GC invocations=20 (full 0):
 garbage-first heap   total 111616K, used 26935K [0x00000000c5a00000, 0x0000000100000000)
  region size 1024K, 6 young (6144K), 6 survivors (6144K)
 Metaspace       used 58483K, capacity 60003K, committed 60160K, reserved 1101824K
  class space    used 7520K, capacity 8132K, committed 8192K, reserved 1048576K
}
Event: 33,611 GC heap before
{Heap before GC invocations=21 (full 0):
 garbage-first heap   total 111616K, used 87351K [0x00000000c5a00000, 0x0000000100000000)
  region size 1024K, 65 young (66560K), 6 survivors (6144K)
 Metaspace       used 62558K, capacity 64278K, committed 64640K, reserved 1105920K
  class space    used 8075K, capacity 8760K, committed 8832K, reserved 1048576K
}
Event: 33,650 GC heap after
{Heap after GC invocations=22 (full 0):
 garbage-first heap   total 111616K, used 28969K [0x00000000c5a00000, 0x0000000100000000)
  region size 1024K, 6 young (6144K), 6 survivors (6144K)
 Metaspace       used 62558K, capacity 64278K, committed 64640K, reserved 1105920K
  class space    used 8075K, capacity 8760K, committed 8832K, reserved 1048576K
}

Deoptimization events (20 events):
Event: 41,581 Thread 0x00007f1224014800 DEOPT PACKING pc=0x00007f1294fea284 sp=0x00007f1234c51560
Event: 41,581 Thread 0x00007f1224014800 DEOPT UNPACKING pc=0x00007f129489d62b sp=0x00007f1234c50a38 mode 1
Event: 41,581 Thread 0x00007f1224014800 DEOPT PACKING pc=0x00007f12950add4c sp=0x00007f1234c51ce0
Event: 41,581 Thread 0x00007f1224014800 DEOPT UNPACKING pc=0x00007f129489d62b sp=0x00007f1234c511f0 mode 1
Event: 41,601 Thread 0x00007f1224014800 DEOPT PACKING pc=0x00007f1294f89154 sp=0x00007f1234c52c40
Event: 41,601 Thread 0x00007f1224014800 DEOPT UNPACKING pc=0x00007f129489d62b sp=0x00007f1234c520f8 mode 1
Event: 41,601 Thread 0x00007f1224014800 DEOPT PACKING pc=0x00007f1294fea284 sp=0x00007f1234c52d10
Event: 41,601 Thread 0x00007f1224014800 DEOPT UNPACKING pc=0x00007f129489d62b sp=0x00007f1234c521e8 mode 1
Event: 41,601 Thread 0x00007f1224014800 DEOPT PACKING pc=0x00007f12950add4c sp=0x00007f1234c53490
Event: 41,601 Thread 0x00007f1224014800 DEOPT UNPACKING pc=0x00007f129489d62b sp=0x00007f1234c529a0 mode 1
Event: 41,601 Thread 0x00007f1224014800 DEOPT PACKING pc=0x00007f1294f89154 sp=0x00007f1234c52c40
Event: 41,601 Thread 0x00007f1224014800 DEOPT UNPACKING pc=0x00007f129489d62b sp=0x00007f1234c520f8 mode 1
Event: 41,601 Thread 0x00007f1224014800 DEOPT PACKING pc=0x00007f1294fea284 sp=0x00007f1234c52d10
Event: 41,601 Thread 0x00007f1224014800 DEOPT UNPACKING pc=0x00007f129489d62b sp=0x00007f1234c521e8 mode 1
Event: 41,601 Thread 0x00007f1224014800 DEOPT PACKING pc=0x00007f12950add4c sp=0x00007f1234c53490
Event: 41,601 Thread 0x00007f1224014800 DEOPT UNPACKING pc=0x00007f129489d62b sp=0x00007f1234c529a0 mode 1
Event: 1079,926 Thread 0x00007f12ac1bf000 Uncommon trap: trap_request=0xffffff4d fr.pc=0x00007f129c7824dc relative=0x000000000000041c
Event: 1079,926 Thread 0x00007f12ac1bf000 Uncommon trap: reason=unstable_if action=reinterpret pc=0x00007f129c7824dc method=sun.instrument.InstrumentationImpl.transform(Ljava/lang/Module;Ljava/lang/ClassLoader;Ljava/lang/String;Ljava/lang/Class;Ljava/security/ProtectionDomain;[BZ)[B @ 24 c2
Event: 1079,926 Thread 0x00007f12ac1bf000 DEOPT PACKING pc=0x00007f129c7824dc sp=0x00007f1284a839c0
Event: 1079,926 Thread 0x00007f12ac1bf000 DEOPT UNPACKING pc=0x00007f129489ce9f sp=0x00007f1284a83a28 mode 2

Classes redefined (0 events):
No events

Internal exceptions (20 events):
Event: 20,589 Thread 0x00007f12ac01a000 Exception <a 'java/lang/ClassNotFoundException'{0x00000000ca8dcaf0}: java/lang/ObjectCustomizer> (0x00000000ca8dcaf0) thrown at [src/hotspot/share/classfile/systemDictionary.cpp, line 231]
Event: 20,589 Thread 0x00007f12ac01a000 Exception <a 'java/lang/ClassNotFoundException'{0x00000000ca8f05a8}: org/springframework/security/config/annotation/web/configuration/WebSecurityConfigurationCustomizer> (0x00000000ca8f05a8) thrown at [src/hotspot/share/classfile/systemDictionary.cpp, line 231]
Event: 20,591 Thread 0x00007f12ac01a000 Exception <a 'java/lang/ClassNotFoundException'{0x00000000ca707b30}: org/springframework/context/annotation/ImportAwareCustomizer> (0x00000000ca707b30) thrown at [src/hotspot/share/classfile/systemDictionary.cpp, line 231]
Event: 20,592 Thread 0x00007f12ac01a000 Exception <a 'java/lang/ClassNotFoundException'{0x00000000ca713b38}: org/springframework/beans/factory/AwareCustomizer> (0x00000000ca713b38) thrown at [src/hotspot/share/classfile/systemDictionary.cpp, line 231]
Event: 20,592 Thread 0x00007f12ac01a000 Exception <a 'java/lang/ClassNotFoundException'{0x00000000ca720660}: org/springframework/beans/factory/BeanClassLoaderAwareCustomizer> (0x00000000ca720660) thrown at [src/hotspot/share/classfile/systemDictionary.cpp, line 231]
Event: 20,593 Thread 0x00007f12ac01a000 Exception <a 'java/lang/ClassNotFoundException'{0x00000000ca72c678}: org/springframework/beans/factory/AwareCustomizer> (0x00000000ca72c678) thrown at [src/hotspot/share/classfile/systemDictionary.cpp, line 231]
Event: 20,655 Thread 0x00007f12ac01a000 Implicit null exception at 0x00007f129c489461 to 0x00007f129c48951e
Event: 21,197 Thread 0x00007f12ac01a000 Exception <a 'java/lang/IncompatibleClassChangeError'{0x00000000cbe57938}: Found class java.lang.Object, but interface was expected> (0x00000000cbe57938) thrown at [src/hotspot/share/interpreter/linkResolver.cpp, line 839]
Event: 21,285 Thread 0x00007f12ac01a000 Exception <a 'java/lang/ClassNotFoundException'{0x00000000cba65830}: java/lang/ObjectCustomizer> (0x00000000cba65830) thrown at [src/hotspot/share/classfile/systemDictionary.cpp, line 231]
Event: 21,286 Thread 0x00007f12ac01a000 Exception <a 'java/lang/ClassNotFoundException'{0x00000000cba792f8}: org/springframework/security/config/annotation/web/configuration/HttpSecurityConfigurationCustomizer> (0x00000000cba792f8) thrown at [src/hotspot/share/classfile/systemDictionary.cpp, line 231]
Event: 21,393 Thread 0x00007f12ac01a000 Exception <a 'java/lang/NoSuchMethodError'{0x00000000cb6cf2e0}: 'void java.lang.invoke.DirectMethodHandle$Holder.invokeVirtual(java.lang.Object, java.lang.Object, int)'> (0x00000000cb6cf2e0) thrown at [src/hotspot/share/interpreter/linkResolver.cpp, line 772]
Event: 21,397 Thread 0x00007f12ac01a000 Exception <a 'java/lang/NoSuchMethodError'{0x00000000cb6e90e0}: 'void java.lang.invoke.DirectMethodHandle$Holder.invokeVirtual(java.lang.Object, java.lang.Object, long)'> (0x00000000cb6e90e0) thrown at [src/hotspot/share/interpreter/linkResolver.cpp, line 772]
Event: 21,769 Thread 0x00007f12ac01a000 Exception <a 'java/lang/NoSuchMethodError'{0x00000000ca44da78}: 'java.lang.Object java.lang.invoke.DirectMethodHandle$Holder.invokeSpecial(java.lang.Object, java.lang.Object, int, java.lang.Object, int, java.lang.Object)'> (0x00000000ca44da78) thrown at [src/hotspot/share/interpreter/linkResolver.cpp, line 772]
Event: 21,770 Thread 0x00007f12ac01a000 Exception <a 'java/lang/NoSuchMethodError'{0x00000000ca454f60}: 'java.lang.Object java.lang.invoke.DirectMethodHandle$Holder.invokeStatic(java.lang.Object, java.lang.Object, int, java.lang.Object, int)'> (0x00000000ca454f60) thrown at [src/hotspot/share/interpreter/linkResolver.cpp, line 772]
Event: 21,771 Thread 0x00007f12ac01a000 Exception <a 'java/lang/NoSuchMethodError'{0x00000000ca458740}: 'java.lang.Object java.lang.invoke.DirectMethodHandle$Holder.invokeSpecial(java.lang.Object, java.lang.Object, java.lang.Object, int, java.lang.Object, int)'> (0x00000000ca458740) thrown at [src/hotspot/share/interpreter/linkResolver.cpp, line 772]
Event: 21,773 Thread 0x00007f12ac01a000 Exception <a 'java/lang/NoSuchMethodError'{0x00000000ca468e90}: 'void java.lang.invoke.DirectMethodHandle$Holder.invokeVirtual(java.lang.Object, java.lang.Object)'> (0x00000000ca468e90) thrown at [src/hotspot/share/interpreter/linkResolver.cpp, line 772]
Event: 33,250 Thread 0x00007f1224014800 Implicit null exception at 0x00007f129c72682b to 0x00007f129c7271f0
Event: 33,250 Thread 0x00007f1224014800 Implicit null exception at 0x00007f129c72d579 to 0x00007f129c72d9ac
Event: 41,259 Thread 0x00007f1224014800 Exception <a 'java/lang/ClassNotFoundException'{0x00000000cb6ae3b0}: java/lang/ObjectCustomizer> (0x00000000cb6ae3b0) thrown at [src/hotspot/share/classfile/systemDictionary.cpp, line 231]
Event: 41,262 Thread 0x00007f1224014800 Exception <a 'java/lang/ClassNotFoundException'{0x00000000cb6c0f28}: com/br/example/prj/biblioteca/models/BookCustomizer> (0x00000000cb6c0f28) thrown at [src/hotspot/share/classfile/systemDictionary.cpp, line 231]

Events (20 events):
Event: 1081,741 Executing VM operation: GetOrSetLocal
Event: 1081,741 Executing VM operation: GetOrSetLocal done
Event: 1081,742 Executing VM operation: GetFrameLocation
Event: 1081,742 Executing VM operation: GetFrameLocation done
Event: 1081,742 Executing VM operation: GetOrSetLocal
Event: 1081,742 Executing VM operation: GetOrSetLocal done
Event: 1081,743 Executing VM operation: GetFrameLocation
Event: 1081,743 Executing VM operation: GetFrameLocation done
Event: 1081,743 Executing VM operation: GetOrSetLocal
Event: 1081,743 Executing VM operation: GetOrSetLocal done
Event: 1081,744 Executing VM operation: GetFrameLocation
Event: 1081,744 Executing VM operation: GetFrameLocation done
Event: 1081,748 Executing VM operation: GetOrSetLocal
Event: 1081,748 Executing VM operation: GetOrSetLocal done
Event: 1081,750 Executing VM operation: GetFrameLocation
Event: 1081,750 Executing VM operation: GetFrameLocation done
Event: 1081,750 Executing VM operation: GetOrSetLocal
Event: 1081,750 Executing VM operation: GetOrSetLocal done
Event: 1091,965 Thread 0x00007f1250001800 Thread exited: 0x00007f1250001800
Event: 1092,191 loading class jdk/internal/misc/Signal$1


Dynamic libraries:
c5a00000-cc500000 rw-p 00000000 00:00 0 
cc500000-ffe00000 ---p 00000000 00:00 0 
ffe00000-ffe47000 rw-p 01114000 08:06 6819997                            /usr/lib/jvm/java-11-openjdk-amd64/lib/server/classes.jsa
ffe47000-fff00000 rw-p 00000000 00:00 0 
fff00000-fff6b000 rw-p 010a9000 08:06 6819997                            /usr/lib/jvm/java-11-openjdk-amd64/lib/server/classes.jsa
fff6b000-100000000 rw-p 00000000 00:00 0 
800000000-800002000 rwxp 00001000 08:06 6819997                          /usr/lib/jvm/java-11-openjdk-amd64/lib/server/classes.jsa
800002000-8010a8000 rw-p 00003000 08:06 6819997                          /usr/lib/jvm/java-11-openjdk-amd64/lib/server/classes.jsa
840000000-8408e0000 rw-p 00000000 00:00 0 
8408e0000-880000000 ---p 00000000 00:00 0 
562772fae000-562772faf000 r--p 00000000 08:06 6819645                    /usr/lib/jvm/java-11-openjdk-amd64/bin/java
562772faf000-562772fb0000 r-xp 00001000 08:06 6819645                    /usr/lib/jvm/java-11-openjdk-amd64/bin/java
562772fb0000-562772fb1000 r--p 00002000 08:06 6819645                    /usr/lib/jvm/java-11-openjdk-amd64/bin/java
562772fb1000-562772fb2000 r--p 00002000 08:06 6819645                    /usr/lib/jvm/java-11-openjdk-amd64/bin/java
562772fb2000-562772fb3000 rw-p 00003000 08:06 6819645                    /usr/lib/jvm/java-11-openjdk-amd64/bin/java
562772fb9000-56277366a000 rw-p 00000000 00:00 0                          [heap]
7f1210000000-7f1210021000 rw-p 00000000 00:00 0 
7f1210021000-7f1214000000 ---p 00000000 00:00 0 
7f1214000000-7f1214301000 rw-p 00000000 00:00 0 
7f1214301000-7f1218000000 ---p 00000000 00:00 0 
7f1218000000-7f1218034000 rw-p 00000000 00:00 0 
7f1218034000-7f121c000000 ---p 00000000 00:00 0 
7f1220000000-7f1220021000 rw-p 00000000 00:00 0 
7f1220021000-7f1224000000 ---p 00000000 00:00 0 
7f1224000000-7f1224021000 rw-p 00000000 00:00 0 
7f1224021000-7f1228000000 ---p 00000000 00:00 0 
7f1228000000-7f1228021000 rw-p 00000000 00:00 0 
7f1228021000-7f122c000000 ---p 00000000 00:00 0 
7f122c000000-7f122c021000 rw-p 00000000 00:00 0 
7f122c021000-7f1230000000 ---p 00000000 00:00 0 
7f1230000000-7f123005a000 rw-p 00000000 00:00 0 
7f123005a000-7f1234000000 ---p 00000000 00:00 0 
7f1234456000-7f123445a000 ---p 00000000 00:00 0 
7f123445a000-7f1234557000 rw-p 00000000 00:00 0 
7f1234557000-7f123455b000 ---p 00000000 00:00 0 
7f123455b000-7f1234658000 rw-p 00000000 00:00 0 
7f1234658000-7f123465c000 ---p 00000000 00:00 0 
7f123465c000-7f12347d9000 rw-p 00000000 00:00 0 
7f12347d9000-7f1234959000 ---p 00000000 00:00 0 
7f1234959000-7f1234b59000 rw-p 00000000 00:00 0 
7f1234b59000-7f1234b5d000 ---p 00000000 00:00 0 
7f1234b5d000-7f1234c5a000 rw-p 00000000 00:00 0 
7f1234c5a000-7f1234c5e000 ---p 00000000 00:00 0 
7f1234c5e000-7f1234d5b000 rw-p 00000000 00:00 0 
7f1234d5b000-7f1234d5f000 ---p 00000000 00:00 0 
7f1234d5f000-7f1234e5c000 rw-p 00000000 00:00 0 
7f1234e5c000-7f1234e60000 ---p 00000000 00:00 0 
7f1234e60000-7f123515d000 rw-p 00000000 00:00 0 
7f123515d000-7f123535d000 rw-p 00000000 00:00 0 
7f123535d000-7f1235361000 ---p 00000000 00:00 0 
7f1235361000-7f123565e000 rw-p 00000000 00:00 0 
7f123565e000-7f123585e000 rw-p 00000000 00:00 0 
7f123585e000-7f1235a5e000 rw-p 00000000 00:00 0 
7f1235a5e000-7f1235c5e000 rw-p 00000000 00:00 0 
7f1235c5e000-7f1235e5e000 rw-p 00000000 00:00 0 
7f1235e5e000-7f123605e000 rw-p 00000000 00:00 0 
7f123605e000-7f1236062000 ---p 00000000 00:00 0 
7f1236062000-7f123635f000 rw-p 00000000 00:00 0 
7f123635f000-7f123655f000 rw-p 00000000 00:00 0 
7f123655f000-7f123675f000 rw-p 00000000 00:00 0 
7f123675f000-7f123695f000 rw-p 00000000 00:00 0 
7f123695f000-7f1236b5f000 rw-p 00000000 00:00 0 
7f1236b5f000-7f1236d5f000 rw-p 00000000 00:00 0 
7f1236d5f000-7f1236f5f000 rw-p 00000000 00:00 0 
7f1236f5f000-7f123715f000 rw-p 00000000 00:00 0 
7f123715f000-7f123735f000 rw-p 00000000 00:00 0 
7f1237367000-7f123736b000 ---p 00000000 00:00 0 
7f123736b000-7f1237668000 rw-p 00000000 00:00 0 
7f1237668000-7f1237868000 rw-p 00000000 00:00 0 
7f1237868000-7f1237a68000 rw-p 00000000 00:00 0 
7f1237afe000-7f1237cfe000 rw-p 00000000 00:00 0 
7f1237cfe000-7f1237efe000 rw-p 00000000 00:00 0 
7f1237efe000-7f1237eff000 ---p 00000000 00:00 0 
7f1237eff000-7f1238000000 rw-p 00000000 00:00 0 
7f1238000000-7f1238292000 rw-p 00000000 00:00 0 
7f1238292000-7f123c000000 ---p 00000000 00:00 0 
7f123c000000-7f123c021000 rw-p 00000000 00:00 0 
7f123c021000-7f1240000000 ---p 00000000 00:00 0 
7f1240000000-7f1240021000 rw-p 00000000 00:00 0 
7f1240021000-7f1244000000 ---p 00000000 00:00 0 
7f1244000000-7f1245e4b000 rw-p 00000000 00:00 0 
7f1245e4b000-7f1248000000 ---p 00000000 00:00 0 
7f1248000000-7f1248021000 rw-p 00000000 00:00 0 
7f1248021000-7f124c000000 ---p 00000000 00:00 0 
7f124c000000-7f124c021000 rw-p 00000000 00:00 0 
7f124c021000-7f1250000000 ---p 00000000 00:00 0 
7f1250000000-7f12503b5000 rw-p 00000000 00:00 0 
7f12503b5000-7f1254000000 ---p 00000000 00:00 0 
7f1254000000-7f1254021000 rw-p 00000000 00:00 0 
7f1254021000-7f1258000000 ---p 00000000 00:00 0 
7f1258000000-7f1258021000 rw-p 00000000 00:00 0 
7f1258021000-7f125c000000 ---p 00000000 00:00 0 
7f125c000000-7f125c021000 rw-p 00000000 00:00 0 
7f125c021000-7f1260000000 ---p 00000000 00:00 0 
7f1260000000-7f1263ff3000 rw-p 00000000 00:00 0 
7f1263ff3000-7f1264000000 ---p 00000000 00:00 0 
7f1264000000-7f126502e000 rw-p 00000000 00:00 0 
7f126502e000-7f1268000000 ---p 00000000 00:00 0 
7f1268000000-7f1268021000 rw-p 00000000 00:00 0 
7f1268021000-7f126c000000 ---p 00000000 00:00 0 
7f126c000000-7f126c021000 rw-p 00000000 00:00 0 
7f126c021000-7f1270000000 ---p 00000000 00:00 0 
7f1270000000-7f1270021000 rw-p 00000000 00:00 0 
7f1270021000-7f1274000000 ---p 00000000 00:00 0 
7f1274000000-7f1274021000 rw-p 00000000 00:00 0 
7f1274021000-7f1278000000 ---p 00000000 00:00 0 
7f1278000000-7f1278021000 rw-p 00000000 00:00 0 
7f1278021000-7f127c000000 ---p 00000000 00:00 0 
7f127c000000-7f127c1a3000 rw-p 00000000 00:00 0 
7f127c1a3000-7f1280000000 ---p 00000000 00:00 0 
7f1280000000-7f1280021000 rw-p 00000000 00:00 0 
7f1280021000-7f1284000000 ---p 00000000 00:00 0 
7f128401a000-7f128421a000 rw-p 00000000 00:00 0 
7f1284223000-7f128422b000 r--p 00000000 08:06 6819726                    /usr/lib/jvm/java-11-openjdk-amd64/lib/libsunec.so
7f128422b000-7f1284244000 r-xp 00008000 08:06 6819726                    /usr/lib/jvm/java-11-openjdk-amd64/lib/libsunec.so
7f1284244000-7f128424e000 r--p 00021000 08:06 6819726                    /usr/lib/jvm/java-11-openjdk-amd64/lib/libsunec.so
7f128424e000-7f128424f000 ---p 0002b000 08:06 6819726                    /usr/lib/jvm/java-11-openjdk-amd64/lib/libsunec.so
7f128424f000-7f1284253000 r--p 0002b000 08:06 6819726                    /usr/lib/jvm/java-11-openjdk-amd64/lib/libsunec.so
7f1284253000-7f1284255000 rw-p 0002f000 08:06 6819726                    /usr/lib/jvm/java-11-openjdk-amd64/lib/libsunec.so
7f1284255000-7f1284256000 ---p 00000000 00:00 0 
7f1284256000-7f1284357000 rw-p 00000000 00:00 0 
7f1284357000-7f128435b000 ---p 00000000 00:00 0 
7f128435b000-7f1284458000 rw-p 00000000 00:00 0 
7f1284458000-7f128445c000 ---p 00000000 00:00 0 
7f128445c000-7f1284559000 rw-p 00000000 00:00 0 
7f1284559000-7f128457f000 r--p 00000000 08:06 7739987                    /usr/share/locale-langpack/pt_BR/LC_MESSAGES/libc.mo
7f128457f000-7f1284580000 ---p 00000000 00:00 0 
7f1284580000-7f1284681000 rw-p 00000000 00:00 0 
7f1284681000-7f1284682000 ---p 00000000 00:00 0 
7f1284682000-7f1284783000 rw-p 00000000 00:00 0 
7f1284783000-7f1284787000 ---p 00000000 00:00 0 
7f1284787000-7f1284884000 rw-p 00000000 00:00 0 
7f1284884000-7f1284888000 ---p 00000000 00:00 0 
7f1284888000-7f1284985000 rw-p 00000000 00:00 0 
7f1284985000-7f1284989000 ---p 00000000 00:00 0 
7f1284989000-7f1284a86000 rw-p 00000000 00:00 0 
7f1284a86000-7f1284a8a000 ---p 00000000 00:00 0 
7f1284a8a000-7f1284b87000 rw-p 00000000 00:00 0 
7f1284b87000-7f1284b8b000 ---p 00000000 00:00 0 
7f1284b8b000-7f1284c88000 rw-p 00000000 00:00 0 
7f1284c88000-7f1284c8c000 ---p 00000000 00:00 0 
7f1284c8c000-7f1284d89000 rw-p 00000000 00:00 0 
7f1284d89000-7f1284d8d000 ---p 00000000 00:00 0 
7f1284d8d000-7f1284e8a000 rw-p 00000000 00:00 0 
7f1284e8a000-7f1284e8e000 ---p 00000000 00:00 0 
7f1284e8e000-7f1284f8b000 rw-p 00000000 00:00 0 
7f1284f8b000-7f1284f8f000 ---p 00000000 00:00 0 
7f1284f8f000-7f128508c000 rw-p 00000000 00:00 0 
7f128508c000-7f12855fe000 r--p 00000000 08:06 6691689                    /usr/lib/locale/locale-archive
7f12855fe000-7f1285602000 ---p 00000000 00:00 0 
7f1285602000-7f12856ff000 rw-p 00000000 00:00 0 
7f12856ff000-7f1285703000 ---p 00000000 00:00 0 
7f1285703000-7f1288000000 rw-p 00000000 00:00 0 
7f1288000000-7f1288021000 rw-p 00000000 00:00 0 
7f1288021000-7f128c000000 ---p 00000000 00:00 0 
7f128c000000-7f128c022000 rw-p 00000000 00:00 0 
7f128c022000-7f1290000000 ---p 00000000 00:00 0 
7f1290000000-7f1290021000 rw-p 00000000 00:00 0 
7f1290021000-7f1294000000 ---p 00000000 00:00 0 
7f1294001000-7f1294003000 r--p 00000000 08:06 6819718                    /usr/lib/jvm/java-11-openjdk-amd64/lib/libmanagement_ext.so
7f1294003000-7f1294006000 r-xp 00002000 08:06 6819718                    /usr/lib/jvm/java-11-openjdk-amd64/lib/libmanagement_ext.so
7f1294006000-7f1294008000 r--p 00005000 08:06 6819718                    /usr/lib/jvm/java-11-openjdk-amd64/lib/libmanagement_ext.so
7f1294008000-7f1294009000 r--p 00006000 08:06 6819718                    /usr/lib/jvm/java-11-openjdk-amd64/lib/libmanagement_ext.so
7f1294009000-7f129400a000 rw-p 00007000 08:06 6819718                    /usr/lib/jvm/java-11-openjdk-amd64/lib/libmanagement_ext.so
7f129400a000-7f129400d000 r--p 00000000 08:06 6819716                    /usr/lib/jvm/java-11-openjdk-amd64/lib/libmanagement.so
7f129400d000-7f129400e000 r-xp 00003000 08:06 6819716                    /usr/lib/jvm/java-11-openjdk-amd64/lib/libmanagement.so
7f129400e000-7f129400f000 r--p 00004000 08:06 6819716                    /usr/lib/jvm/java-11-openjdk-amd64/lib/libmanagement.so
7f129400f000-7f1294010000 r--p 00004000 08:06 6819716                    /usr/lib/jvm/java-11-openjdk-amd64/lib/libmanagement.so
7f1294010000-7f1294011000 rw-p 00005000 08:06 6819716                    /usr/lib/jvm/java-11-openjdk-amd64/lib/libmanagement.so
7f1294011000-7f1294015000 r--p 00000000 08:06 6819720                    /usr/lib/jvm/java-11-openjdk-amd64/lib/libnet.so
7f1294015000-7f1294024000 r-xp 00004000 08:06 6819720                    /usr/lib/jvm/java-11-openjdk-amd64/lib/libnet.so
7f1294024000-7f1294028000 r--p 00013000 08:06 6819720                    /usr/lib/jvm/java-11-openjdk-amd64/lib/libnet.so
7f1294028000-7f1294029000 r--p 00016000 08:06 6819720                    /usr/lib/jvm/java-11-openjdk-amd64/lib/libnet.so
7f1294029000-7f129402a000 rw-p 00017000 08:06 6819720                    /usr/lib/jvm/java-11-openjdk-amd64/lib/libnet.so
7f129402a000-7f1294031000 r--p 00000000 08:06 6819721                    /usr/lib/jvm/java-11-openjdk-amd64/lib/libnio.so
7f1294031000-7f1294039000 r-xp 00007000 08:06 6819721                    /usr/lib/jvm/java-11-openjdk-amd64/lib/libnio.so
7f1294039000-7f129403c000 r--p 0000f000 08:06 6819721                    /usr/lib/jvm/java-11-openjdk-amd64/lib/libnio.so
7f129403c000-7f129403d000 r--p 00011000 08:06 6819721                    /usr/lib/jvm/java-11-openjdk-amd64/lib/libnio.so
7f129403d000-7f129403e000 rw-p 00012000 08:06 6819721                    /usr/lib/jvm/java-11-openjdk-amd64/lib/libnio.so
7f129403e000-7f1294040000 r--p 00000000 08:06 6819701                    /usr/lib/jvm/java-11-openjdk-amd64/lib/libdt_socket.so
7f1294040000-7f1294043000 r-xp 00002000 08:06 6819701                    /usr/lib/jvm/java-11-openjdk-amd64/lib/libdt_socket.so
7f1294043000-7f1294044000 r--p 00005000 08:06 6819701                    /usr/lib/jvm/java-11-openjdk-amd64/lib/libdt_socket.so
7f1294044000-7f1294045000 ---p 00006000 08:06 6819701                    /usr/lib/jvm/java-11-openjdk-amd64/lib/libdt_socket.so
7f1294045000-7f1294046000 r--p 00006000 08:06 6819701                    /usr/lib/jvm/java-11-openjdk-amd64/lib/libdt_socket.so
7f1294046000-7f1294047000 rw-p 00007000 08:06 6819701                    /usr/lib/jvm/java-11-openjdk-amd64/lib/libdt_socket.so
7f1294047000-7f1294048000 ---p 00000000 00:00 0 
7f1294048000-7f1294149000 rw-p 00000000 00:00 0 
7f1294149000-7f129414a000 ---p 00000000 00:00 0 
7f129414a000-7f129424b000 rw-p 00000000 00:00 0 
7f129424b000-7f129424c000 ---p 00000000 00:00 0 
7f129424c000-7f1294751000 rw-p 00000000 00:00 0 
7f1294751000-7f1294752000 ---p 00000000 00:00 0 
7f1294752000-7f1294853000 rw-p 00000000 00:00 0 
7f1294853000-7f1294ac3000 rwxp 00000000 00:00 0 
7f1294ac3000-7f1294de3000 ---p 00000000 00:00 0 
7f1294de3000-7f1295b83000 rwxp 00000000 00:00 0 
7f1295b83000-7f129c31b000 ---p 00000000 00:00 0 
7f129c31b000-7f129c7cb000 rwxp 00000000 00:00 0 
7f129c7cb000-7f12a3853000 ---p 00000000 00:00 0 
7f12ac000000-7f12ae02d000 rw-p 00000000 00:00 0 
7f12ae02d000-7f12b0000000 ---p 00000000 00:00 0 
7f12b0001000-7f12b0002000 r--p 00000000 08:06 6819702                    /usr/lib/jvm/java-11-openjdk-amd64/lib/libextnet.so
7f12b0002000-7f12b0003000 r-xp 00001000 08:06 6819702                    /usr/lib/jvm/java-11-openjdk-amd64/lib/libextnet.so
7f12b0003000-7f12b0004000 r--p 00002000 08:06 6819702                    /usr/lib/jvm/java-11-openjdk-amd64/lib/libextnet.so
7f12b0004000-7f12b0005000 r--p 00002000 08:06 6819702                    /usr/lib/jvm/java-11-openjdk-amd64/lib/libextnet.so
7f12b0005000-7f12b0006000 rw-p 00003000 08:06 6819702                    /usr/lib/jvm/java-11-openjdk-amd64/lib/libextnet.so
7f12b0006000-7f12b000d000 r--s 00000000 08:06 7348067                    /usr/lib/x86_64-linux-gnu/gconv/gconv-modules.cache
7f12b000d000-7f12b00e9000 rw-p 00000000 00:00 0 
7f12b00e9000-7f12b00ea000 ---p 00000000 00:00 0 
7f12b00ea000-7f12b03b7000 rw-p 00000000 00:00 0 
7f12b03b7000-7f12b109b000 ---p 00000000 00:00 0 
7f12b109b000-7f12b124f000 rw-p 00000000 00:00 0 
7f12b124f000-7f12b1f33000 ---p 00000000 00:00 0 
7f12b1f33000-7f12b1f71000 rw-p 00000000 00:00 0 
7f12b1f71000-7f12b210d000 ---p 00000000 00:00 0 
7f12b210d000-7f12b2144000 rw-p 00000000 00:00 0 
7f12b2144000-7f12b22e0000 ---p 00000000 00:00 0 
7f12b22e0000-7f12b2317000 rw-p 00000000 00:00 0 
7f12b2317000-7f12b24b3000 ---p 00000000 00:00 0 
7f12b24b3000-7f12b28b8000 rw-p 00000000 00:00 0 
7f12b28b8000-7f12b28b9000 ---p 00000000 00:00 0 
7f12b28b9000-7f12b29c4000 rw-p 00000000 00:00 0 
7f12b29c4000-7f12b2aa5000 ---p 00000000 00:00 0 
7f12b2aa5000-7f12b2ac1000 rw-p 00000000 00:00 0 
7f12b2ac1000-7f12b2b90000 ---p 00000000 00:00 0 
7f12b2b90000-7f12b2b95000 rw-p 00000000 00:00 0 
7f12b2b95000-7f12b2b9c000 ---p 00000000 00:00 0 
7f12b2b9c000-7f12b2b9f000 r--p 00000000 08:06 6688645                    /usr/lib/x86_64-linux-gnu/libnss_files-2.31.so
7f12b2b9f000-7f12b2ba6000 r-xp 00003000 08:06 6688645                    /usr/lib/x86_64-linux-gnu/libnss_files-2.31.so
7f12b2ba6000-7f12b2ba8000 r--p 0000a000 08:06 6688645                    /usr/lib/x86_64-linux-gnu/libnss_files-2.31.so
7f12b2ba8000-7f12b2ba9000 r--p 0000b000 08:06 6688645                    /usr/lib/x86_64-linux-gnu/libnss_files-2.31.so
7f12b2ba9000-7f12b2baa000 rw-p 0000c000 08:06 6688645                    /usr/lib/x86_64-linux-gnu/libnss_files-2.31.so
7f12b2baa000-7f12b2bb0000 rw-p 00000000 00:00 0 
7f12b2bb2000-7f12b2bb4000 r--p 00000000 08:06 6819729                    /usr/lib/jvm/java-11-openjdk-amd64/lib/libzip.so
7f12b2bb4000-7f12b2bb8000 r-xp 00002000 08:06 6819729                    /usr/lib/jvm/java-11-openjdk-amd64/lib/libzip.so
7f12b2bb8000-7f12b2bba000 r--p 00006000 08:06 6819729                    /usr/lib/jvm/java-11-openjdk-amd64/lib/libzip.so
7f12b2bba000-7f12b2bbb000 r--p 00007000 08:06 6819729                    /usr/lib/jvm/java-11-openjdk-amd64/lib/libzip.so
7f12b2bbb000-7f12b2bbc000 rw-p 00008000 08:06 6819729                    /usr/lib/jvm/java-11-openjdk-amd64/lib/libzip.so
7f12b2bbc000-7f12b2bc4000 rw-s 00000000 08:06 5900017                    /tmp/hsperfdata_gabriel/8542
7f12b2bc4000-7f12b2bc6000 r--p 00000000 08:06 6819704                    /usr/lib/jvm/java-11-openjdk-amd64/lib/libinstrument.so
7f12b2bc6000-7f12b2bcc000 r-xp 00002000 08:06 6819704                    /usr/lib/jvm/java-11-openjdk-amd64/lib/libinstrument.so
7f12b2bcc000-7f12b2bcf000 r--p 00008000 08:06 6819704                    /usr/lib/jvm/java-11-openjdk-amd64/lib/libinstrument.so
7f12b2bcf000-7f12b2bd0000 r--p 0000a000 08:06 6819704                    /usr/lib/jvm/java-11-openjdk-amd64/lib/libinstrument.so
7f12b2bd0000-7f12b2bd1000 rw-p 0000b000 08:06 6819704                    /usr/lib/jvm/java-11-openjdk-amd64/lib/libinstrument.so
7f12b2bd1000-7f12b2bd3000 r--p 00000000 08:06 6819711                    /usr/lib/jvm/java-11-openjdk-amd64/lib/libjdwp.so
7f12b2bd3000-7f12b2bff000 r-xp 00002000 08:06 6819711                    /usr/lib/jvm/java-11-openjdk-amd64/lib/libjdwp.so
7f12b2bff000-7f12b2c0d000 r--p 0002e000 08:06 6819711                    /usr/lib/jvm/java-11-openjdk-amd64/lib/libjdwp.so
7f12b2c0d000-7f12b2c0e000 r--p 0003b000 08:06 6819711                    /usr/lib/jvm/java-11-openjdk-amd64/lib/libjdwp.so
7f12b2c0e000-7f12b2c0f000 rw-p 0003c000 08:06 6819711                    /usr/lib/jvm/java-11-openjdk-amd64/lib/libjdwp.so
7f12b2c0f000-7f12b2c11000 r--p 00000000 08:06 6819712                    /usr/lib/jvm/java-11-openjdk-amd64/lib/libjimage.so
7f12b2c11000-7f12b2c14000 r-xp 00002000 08:06 6819712                    /usr/lib/jvm/java-11-openjdk-amd64/lib/libjimage.so
7f12b2c14000-7f12b2c15000 r--p 00005000 08:06 6819712                    /usr/lib/jvm/java-11-openjdk-amd64/lib/libjimage.so
7f12b2c15000-7f12b2c16000 ---p 00006000 08:06 6819712                    /usr/lib/jvm/java-11-openjdk-amd64/lib/libjimage.so
7f12b2c16000-7f12b2c17000 r--p 00006000 08:06 6819712                    /usr/lib/jvm/java-11-openjdk-amd64/lib/libjimage.so
7f12b2c17000-7f12b2c18000 rw-p 00007000 08:06 6819712                    /usr/lib/jvm/java-11-openjdk-amd64/lib/libjimage.so
7f12b2c18000-7f12b2c26000 r--p 00000000 08:06 6819709                    /usr/lib/jvm/java-11-openjdk-amd64/lib/libjava.so
7f12b2c26000-7f12b2c3c000 r-xp 0000e000 08:06 6819709                    /usr/lib/jvm/java-11-openjdk-amd64/lib/libjava.so
7f12b2c3c000-7f12b2c43000 r--p 00024000 08:06 6819709                    /usr/lib/jvm/java-11-openjdk-amd64/lib/libjava.so
7f12b2c43000-7f12b2c44000 r--p 0002a000 08:06 6819709                    /usr/lib/jvm/java-11-openjdk-amd64/lib/libjava.so
7f12b2c44000-7f12b2c45000 rw-p 0002b000 08:06 6819709                    /usr/lib/jvm/java-11-openjdk-amd64/lib/libjava.so
7f12b2c45000-7f12b2c46000 rw-p 00000000 00:00 0 
7f12b2c46000-7f12b2c49000 r--p 00000000 08:06 6688652                    /usr/lib/x86_64-linux-gnu/librt-2.31.so
7f12b2c49000-7f12b2c4d000 r-xp 00003000 08:06 6688652                    /usr/lib/x86_64-linux-gnu/librt-2.31.so
7f12b2c4d000-7f12b2c4e000 r--p 00007000 08:06 6688652                    /usr/lib/x86_64-linux-gnu/librt-2.31.so
7f12b2c4e000-7f12b2c4f000 ---p 00008000 08:06 6688652                    /usr/lib/x86_64-linux-gnu/librt-2.31.so
7f12b2c4f000-7f12b2c50000 r--p 00008000 08:06 6688652                    /usr/lib/x86_64-linux-gnu/librt-2.31.so
7f12b2c50000-7f12b2c51000 rw-p 00009000 08:06 6688652                    /usr/lib/x86_64-linux-gnu/librt-2.31.so
7f12b2c51000-7f12b2c55000 ---p 00000000 00:00 0 
7f12b2c55000-7f12b2d52000 rw-p 00000000 00:00 0 
7f12b2d52000-7f12b2d55000 r--p 00000000 08:06 6692391                    /usr/lib/x86_64-linux-gnu/libgcc_s.so.1
7f12b2d55000-7f12b2d67000 r-xp 00003000 08:06 6692391                    /usr/lib/x86_64-linux-gnu/libgcc_s.so.1
7f12b2d67000-7f12b2d6b000 r--p 00015000 08:06 6692391                    /usr/lib/x86_64-linux-gnu/libgcc_s.so.1
7f12b2d6b000-7f12b2d6c000 r--p 00018000 08:06 6692391                    /usr/lib/x86_64-linux-gnu/libgcc_s.so.1
7f12b2d6c000-7f12b2d6d000 rw-p 00019000 08:06 6692391                    /usr/lib/x86_64-linux-gnu/libgcc_s.so.1
7f12b2d6d000-7f12b2d7c000 r--p 00000000 08:06 6688639                    /usr/lib/x86_64-linux-gnu/libm-2.31.so
7f12b2d7c000-7f12b2e23000 r-xp 0000f000 08:06 6688639                    /usr/lib/x86_64-linux-gnu/libm-2.31.so
7f12b2e23000-7f12b2eba000 r--p 000b6000 08:06 6688639                    /usr/lib/x86_64-linux-gnu/libm-2.31.so
7f12b2eba000-7f12b2ebb000 r--p 0014c000 08:06 6688639                    /usr/lib/x86_64-linux-gnu/libm-2.31.so
7f12b2ebb000-7f12b2ebc000 rw-p 0014d000 08:06 6688639                    /usr/lib/x86_64-linux-gnu/libm-2.31.so
7f12b2ebc000-7f12b2f52000 r--p 00000000 08:06 6693207                    /usr/lib/x86_64-linux-gnu/libstdc++.so.6.0.28
7f12b2f52000-7f12b3042000 r-xp 00096000 08:06 6693207                    /usr/lib/x86_64-linux-gnu/libstdc++.so.6.0.28
7f12b3042000-7f12b308b000 r--p 00186000 08:06 6693207                    /usr/lib/x86_64-linux-gnu/libstdc++.so.6.0.28
7f12b308b000-7f12b308c000 ---p 001cf000 08:06 6693207                    /usr/lib/x86_64-linux-gnu/libstdc++.so.6.0.28
7f12b308c000-7f12b3097000 r--p 001cf000 08:06 6693207                    /usr/lib/x86_64-linux-gnu/libstdc++.so.6.0.28
7f12b3097000-7f12b309a000 rw-p 001da000 08:06 6693207                    /usr/lib/x86_64-linux-gnu/libstdc++.so.6.0.28
7f12b309a000-7f12b309d000 rw-p 00000000 00:00 0 
7f12b309d000-7f12b331e000 r--p 00000000 08:06 6819733                    /usr/lib/jvm/java-11-openjdk-amd64/lib/server/libjvm.so
7f12b331e000-7f12b3f9e000 r-xp 00281000 08:06 6819733                    /usr/lib/jvm/java-11-openjdk-amd64/lib/server/libjvm.so
7f12b3f9e000-7f12b41f9000 r--p 00f01000 08:06 6819733                    /usr/lib/jvm/java-11-openjdk-amd64/lib/server/libjvm.so
7f12b41f9000-7f12b42bd000 r--p 0115b000 08:06 6819733                    /usr/lib/jvm/java-11-openjdk-amd64/lib/server/libjvm.so
7f12b42bd000-7f12b42f8000 rw-p 0121f000 08:06 6819733                    /usr/lib/jvm/java-11-openjdk-amd64/lib/server/libjvm.so
7f12b42f8000-7f12b4351000 rw-p 00000000 00:00 0 
7f12b4351000-7f12b4358000 r--p 00000000 08:06 6688650                    /usr/lib/x86_64-linux-gnu/libpthread-2.31.so
7f12b4358000-7f12b4369000 r-xp 00007000 08:06 6688650                    /usr/lib/x86_64-linux-gnu/libpthread-2.31.so
7f12b4369000-7f12b436e000 r--p 00018000 08:06 6688650                    /usr/lib/x86_64-linux-gnu/libpthread-2.31.so
7f12b436e000-7f12b436f000 r--p 0001c000 08:06 6688650                    /usr/lib/x86_64-linux-gnu/libpthread-2.31.so
7f12b436f000-7f12b4370000 rw-p 0001d000 08:06 6688650                    /usr/lib/x86_64-linux-gnu/libpthread-2.31.so
7f12b4370000-7f12b4374000 rw-p 00000000 00:00 0 
7f12b4374000-7f12b4375000 r--p 00000000 08:06 6688638                    /usr/lib/x86_64-linux-gnu/libdl-2.31.so
7f12b4375000-7f12b4377000 r-xp 00001000 08:06 6688638                    /usr/lib/x86_64-linux-gnu/libdl-2.31.so
7f12b4377000-7f12b4378000 r--p 00003000 08:06 6688638                    /usr/lib/x86_64-linux-gnu/libdl-2.31.so
7f12b4378000-7f12b4379000 r--p 00003000 08:06 6688638                    /usr/lib/x86_64-linux-gnu/libdl-2.31.so
7f12b4379000-7f12b437a000 rw-p 00004000 08:06 6688638                    /usr/lib/x86_64-linux-gnu/libdl-2.31.so
7f12b437a000-7f12b437c000 r--p 00000000 08:06 6693484                    /usr/lib/x86_64-linux-gnu/libz.so.1.2.11
7f12b437c000-7f12b438d000 r-xp 00002000 08:06 6693484                    /usr/lib/x86_64-linux-gnu/libz.so.1.2.11
7f12b438d000-7f12b4393000 r--p 00013000 08:06 6693484                    /usr/lib/x86_64-linux-gnu/libz.so.1.2.11
7f12b4393000-7f12b4394000 ---p 00019000 08:06 6693484                    /usr/lib/x86_64-linux-gnu/libz.so.1.2.11
7f12b4394000-7f12b4395000 r--p 00019000 08:06 6693484                    /usr/lib/x86_64-linux-gnu/libz.so.1.2.11
7f12b4395000-7f12b4396000 rw-p 0001a000 08:06 6693484                    /usr/lib/x86_64-linux-gnu/libz.so.1.2.11
7f12b4396000-7f12b43bb000 r--p 00000000 08:06 6688637                    /usr/lib/x86_64-linux-gnu/libc-2.31.so
7f12b43bb000-7f12b4533000 r-xp 00025000 08:06 6688637                    /usr/lib/x86_64-linux-gnu/libc-2.31.so
7f12b4533000-7f12b457d000 r--p 0019d000 08:06 6688637                    /usr/lib/x86_64-linux-gnu/libc-2.31.so
7f12b457d000-7f12b457e000 ---p 001e7000 08:06 6688637                    /usr/lib/x86_64-linux-gnu/libc-2.31.so
7f12b457e000-7f12b4581000 r--p 001e7000 08:06 6688637                    /usr/lib/x86_64-linux-gnu/libc-2.31.so
7f12b4581000-7f12b4584000 rw-p 001ea000 08:06 6688637                    /usr/lib/x86_64-linux-gnu/libc-2.31.so
7f12b4584000-7f12b4588000 rw-p 00000000 00:00 0 
7f12b4588000-7f12b4589000 ---p 00000000 00:00 0 
7f12b4589000-7f12b458a000 r--p 00000000 00:00 0 
7f12b458a000-7f12b458f000 r--p 00000000 08:06 6819728                    /usr/lib/jvm/java-11-openjdk-amd64/lib/libverify.so
7f12b458f000-7f12b4596000 r-xp 00005000 08:06 6819728                    /usr/lib/jvm/java-11-openjdk-amd64/lib/libverify.so
7f12b4596000-7f12b4598000 r--p 0000c000 08:06 6819728                    /usr/lib/jvm/java-11-openjdk-amd64/lib/libverify.so
7f12b4598000-7f12b4599000 ---p 0000e000 08:06 6819728                    /usr/lib/jvm/java-11-openjdk-amd64/lib/libverify.so
7f12b4599000-7f12b459b000 r--p 0000e000 08:06 6819728                    /usr/lib/jvm/java-11-openjdk-amd64/lib/libverify.so
7f12b459b000-7f12b459c000 rw-p 00010000 08:06 6819728                    /usr/lib/jvm/java-11-openjdk-amd64/lib/libverify.so
7f12b459c000-7f12b459f000 r--p 00000000 08:06 6819694                    /usr/lib/jvm/java-11-openjdk-amd64/lib/jli/libjli.so
7f12b459f000-7f12b45a9000 r-xp 00003000 08:06 6819694                    /usr/lib/jvm/java-11-openjdk-amd64/lib/jli/libjli.so
7f12b45a9000-7f12b45ac000 r--p 0000d000 08:06 6819694                    /usr/lib/jvm/java-11-openjdk-amd64/lib/jli/libjli.so
7f12b45ac000-7f12b45ad000 ---p 00010000 08:06 6819694                    /usr/lib/jvm/java-11-openjdk-amd64/lib/jli/libjli.so
7f12b45ad000-7f12b45ae000 r--p 00010000 08:06 6819694                    /usr/lib/jvm/java-11-openjdk-amd64/lib/jli/libjli.so
7f12b45ae000-7f12b45af000 rw-p 00011000 08:06 6819694                    /usr/lib/jvm/java-11-openjdk-amd64/lib/jli/libjli.so
7f12b45af000-7f12b45b1000 rw-p 00000000 00:00 0 
7f12b45b1000-7f12b45b2000 r--p 00000000 08:06 6688576                    /usr/lib/x86_64-linux-gnu/ld-2.31.so
7f12b45b2000-7f12b45d5000 r-xp 00001000 08:06 6688576                    /usr/lib/x86_64-linux-gnu/ld-2.31.so
7f12b45d5000-7f12b45dd000 r--p 00024000 08:06 6688576                    /usr/lib/x86_64-linux-gnu/ld-2.31.so
7f12b45de000-7f12b45df000 r--p 0002c000 08:06 6688576                    /usr/lib/x86_64-linux-gnu/ld-2.31.so
7f12b45df000-7f12b45e0000 rw-p 0002d000 08:06 6688576                    /usr/lib/x86_64-linux-gnu/ld-2.31.so
7f12b45e0000-7f12b45e1000 rw-p 00000000 00:00 0 
7ffd0ed0b000-7ffd0ed2e000 rw-p 00000000 00:00 0                          [stack]
7ffd0edb7000-7ffd0edba000 r--p 00000000 00:00 0                          [vvar]
7ffd0edba000-7ffd0edbb000 r-xp 00000000 00:00 0                          [vdso]
ffffffffff600000-ffffffffff601000 --xp 00000000 00:00 0                  [vsyscall]


VM Arguments:
jvm_args: -agentlib:jdwp=transport=dt_socket,suspend=y,address=localhost:38115 -javaagent:/home/gabriel/eclipse/java-2021-12/eclipse/configuration/org.eclipse.osgi/219/0/.cp/lib/javaagent-shaded.jar -Dfile.encoding=UTF-8 
java_command: com.br.example.prj.biblioteca.ProjetoBibliotecaApplication
java_class_path (initial): /home/gabriel/Downloads/prj-integrador/target/classes:/home/gabriel/.m2/repository/org/springframework/boot/spring-boot-starter-data-jpa/2.5.4/spring-boot-starter-data-jpa-2.5.4.jar:/home/gabriel/.m2/repository/org/springframework/boot/spring-boot-starter-aop/2.5.4/spring-boot-starter-aop-2.5.4.jar:/home/gabriel/.m2/repository/org/aspectj/aspectjweaver/1.9.7/aspectjweaver-1.9.7.jar:/home/gabriel/.m2/repository/org/springframework/boot/spring-boot-starter-jdbc/2.5.4/spring-boot-starter-jdbc-2.5.4.jar:/home/gabriel/.m2/repository/com/zaxxer/HikariCP/4.0.3/HikariCP-4.0.3.jar:/home/gabriel/.m2/repository/org/springframework/spring-jdbc/5.3.9/spring-jdbc-5.3.9.jar:/home/gabriel/.m2/repository/jakarta/transaction/jakarta.transaction-api/1.3.3/jakarta.transaction-api-1.3.3.jar:/home/gabriel/.m2/repository/jakarta/persistence/jakarta.persistence-api/2.2.3/jakarta.persistence-api-2.2.3.jar:/home/gabriel/.m2/repository/org/hibernate/hibernate-core/5.4.32.Final/hibernate-core-5.4.32.Final.jar:/home/gabriel/.m2/repository/org/jboss/logging/jboss-logging/3.4.2.Final/jboss-logging-3.4.2.Final.jar:/home/gabriel/.m2/repository/org/javassist/javassist/3.27.0-GA/javassist-3.27.0-GA.jar:/home/gabriel/.m2/repository/net/bytebuddy/byte-buddy/1.10.22/byte-buddy-1.10.22.jar:/home/gabriel/.m2/repository/antlr/antlr/2.7.7/antlr-2.7.7.jar:/home/gabriel/.m2/repository/org/jboss/jandex/2.2.3.Final/jandex-2.2.3.Final.jar:/home/gabriel/.m2/repository/com/fasterxml/classmate/1.5.1/classmate-1.5.1.jar:/home/gabriel/.m2/repository/org/dom4j/dom4j/2.1.3/dom4j-2.1.3.jar:/home/gabriel/.m2/repository/org/hibernate/common/hibernate-commons-annotations/5.1.2.Final/hibernate-commons-annotations-5.1.2.Final.jar:/home/gabriel/.m2/repository/org/glassfish/jaxb/jaxb-runtime/2.3.5/jaxb-runtime-2.3.5.jar:/home/gabriel/.m2/repository/org/glassfish/jaxb/txw2/2.3.5/txw2-2.3.5.jar:/home/gabriel/.m2/repository/com/sun/istack/istack-commons-runtime/3.0.12/istack-commons-runtime-3.0.12.jar
Launcher Type: SUN_STANDARD

