#
# A fatal error has been detected by the Java Runtime Environment:
#
#  SIGSEGV (0xb) at pc=0x00007f8db93080ad, pid=29001, tid=29019
#
# JRE version: OpenJDK Runtime Environment (11.0.13+8) (build 11.0.13+8-Ubuntu-0ubuntu1.20.04)
# Java VM: OpenJDK 64-Bit Server VM (11.0.13+8-Ubuntu-0ubuntu1.20.04, mixed mode, sharing, tiered, compressed oops, g1 gc, linux-amd64)
# Problematic frame:
# C  [libjimage.so+0x30ad]
#
# Core dump will be written. Default location: Core dumps may be processed with "/lib/systemd/systemd-coredump %P %u %g %s %t 9223372036854775808 %h" (or dumping to /home/gabriel/Downloads/prj-integrador/core.29001)
#
# If you would like to submit a bug report, please visit:
#   https://bugs.launchpad.net/ubuntu/+source/openjdk-lts
#

---------------  S U M M A R Y ------------

Command Line: -agentlib:jdwp=transport=dt_socket,suspend=y,address=localhost:38443 -javaagent:/home/gabriel/eclipse/java-2021-12/eclipse/configuration/org.eclipse.osgi/219/0/.cp/lib/javaagent-shaded.jar -Dfile.encoding=UTF-8 com.br.example.prj.biblioteca.ProjetoBibliotecaApplication

Host: Intel(R) Core(TM) i5 CPU       M 460  @ 2.53GHz, 4 cores, 3G, Linux Mint 20.1 Ulyssa
Time: Thu Feb 24 07:28:47 2022 -03 elapsed time: 231.582363 seconds (0d 0h 3m 51s)

---------------  T H R E A D  ---------------

Current thread (0x00007f8db412e000):  JavaThread "Signal Dispatcher" daemon [_thread_in_vm, id=29019, stack(0x00007f8d9c16e000,0x00007f8d9c26f000)]

Stack: [0x00007f8d9c16e000,0x00007f8d9c26f000],  sp=0x00007f8d9c26c200,  free space=1016k
Native frames: (J=compiled Java code, A=aot compiled Java code, j=interpreted, Vv=VM code, C=native code)
C  [libjimage.so+0x30ad]
C  [libjimage.so+0x3ca2]
C  [libjimage.so+0x4191]  JIMAGE_FindResource+0xf1
V  [libjvm.so+0x5b8c41]
V  [libjvm.so+0x5bb261]
V  [libjvm.so+0xdee4ed]
V  [libjvm.so+0xded08a]
V  [libjvm.so+0xdef63b]
V  [libjvm.so+0x66b15e]
V  [libjvm.so+0x85b166]
j  jdk.internal.misc.Signal.dispatch(I)V+25 java.base@11.0.13
v  ~StubRoutines::call_stub
V  [libjvm.so+0x863bf4]
V  [libjvm.so+0x862c32]
V  [libjvm.so+0xbce34e]
V  [libjvm.so+0xe24e0f]
V  [libjvm.so+0xe21850]
V  [libjvm.so+0xbe0406]

Java frames: (J=compiled Java code, j=interpreted, Vv=VM code)
j  jdk.internal.misc.Signal.dispatch(I)V+25 java.base@11.0.13
v  ~StubRoutines::call_stub

siginfo: si_signo: 11 (SIGSEGV), si_code: 1 (SEGV_MAPERR), si_addr: 0x00007f8dab86eb9c

Register to memory mapping:

RAX=0x0000000000006ee0 is an unknown value
RBX=0x00007f8d9c26c2b1 is pointing into the stack for thread: 0x00007f8db412e000
RCX=0x00007f8d9c26c2d3 is pointing into the stack for thread: 0x00007f8db412e000
RDX=0x0000000000006ee0 is an unknown value
RSP=0x00007f8d9c26c200 is pointing into the stack for thread: 0x00007f8db412e000
RBP=0x00007f8d9c26c220 is pointing into the stack for thread: 0x00007f8db412e000
RSI=0x0 is NULL
RDI=0x00007f8db930d030: <offset 0x0000000000008030> in /usr/lib/jvm/java-11-openjdk-amd64/lib/libjimage.so at 0x00007f8db9305000
R8 =0x00007f8dab85301c is an unknown value
R9 =0x00007f8d9c26d0c0 is pointing into the stack for thread: 0x00007f8db412e000
R10=0x00007f8dba6dafe0: <offset 0x0000000000f47fe0> in /usr/lib/jvm/java-11-openjdk-amd64/lib/server/libjvm.so at 0x00007f8db9793000
R11=0x00007f8dbac3e210: <offset 0x00000000001b2210> in /lib/x86_64-linux-gnu/libc.so.6 at 0x00007f8dbaa8c000
R12=0x0000000000008457 is an unknown value
R13=0x00007f8d9c26c2b0 is pointing into the stack for thread: 0x00007f8db412e000
R14=0x0 is NULL
R15=0x00007f8db412ebf0 points into unknown readable memory: 0x65746e692f6b646a | 6a 64 6b 2f 69 6e 74 65


Registers:
RAX=0x0000000000006ee0, RBX=0x00007f8d9c26c2b1, RCX=0x00007f8d9c26c2d3, RDX=0x0000000000006ee0
RSP=0x00007f8d9c26c200, RBP=0x00007f8d9c26c220, RSI=0x0000000000000000, RDI=0x00007f8db930d030
R8 =0x00007f8dab85301c, R9 =0x00007f8d9c26d0c0, R10=0x00007f8dba6dafe0, R11=0x00007f8dbac3e210
R12=0x0000000000008457, R13=0x00007f8d9c26c2b0, R14=0x0000000000000000, R15=0x00007f8db412ebf0
RIP=0x00007f8db93080ad, EFLAGS=0x0000000000010246, CSGSFS=0x002b000000000033, ERR=0x0000000000000004
  TRAPNO=0x000000000000000e

Top of Stack: (sp=0x00007f8d9c26c200)
0x00007f8d9c26c200:   0000000000000000 00007f8d9c26d348
0x00007f8d9c26c210:   00007f8db4009be0 00007f8d9c26c2b0
0x00007f8d9c26c220:   00007f8d9c26c290 00007f8db9308ca2
0x00007f8d9c26c230:   0000000000000000 0000000000000000 

Instructions: (pc=0x00007f8db93080ad)
0x00007f8db9307fad:   f3 ff ff 44 03 65 90 e9 3f fe ff ff 0f 1f 80 00
0x00007f8db9307fbd:   00 00 00 41 8b 10 41 89 55 00 41 8b 54 00 fc 41
0x00007f8db9307fcd:   89 54 05 fc e9 82 fc ff ff 66 2e 0f 1f 84 00 00
0x00007f8db9307fdd:   00 00 00 b9 0a 00 00 00 e9 f0 fc ff ff 41 0f b7
0x00007f8db9307fed:   54 00 fe 66 41 89 54 05 fe e9 5d fc ff ff 0f 1f
0x00007f8db9307ffd:   44 00 00 f3 0f 1e fa 0f b6 17 89 f0 89 f1 4c 8d
0x00007f8db930800d:   47 01 84 d2 74 1c 0f 1f 44 00 00 69 c9 93 01 00
0x00007f8db930801d:   01 49 83 c0 01 31 d1 41 0f b6 50 ff 84 d2 75 eb
0x00007f8db930802d:   89 c8 25 ff ff ff 7f c3 90 66 2e 0f 1f 84 00 00
0x00007f8db930803d:   00 00 00 f3 0f 1e fa 48 85 d2 0f 84 da 00 00 00
0x00007f8db930804d:   55 48 89 e5 41 55 41 54 41 89 cc 53 48 83 ec 08
0x00007f8db930805d:   85 c9 0f 84 ba 00 00 00 49 89 f5 48 8d 5e 01 0f
0x00007f8db930806d:   b6 36 49 89 d0 40 84 f6 0f 84 9d 00 00 00 48 89
0x00007f8db930807d:   d9 b8 93 01 00 01 0f 1f 44 00 00 69 d0 93 01 00
0x00007f8db930808d:   01 48 83 c1 01 40 0f b6 c6 0f b6 71 ff 31 d0 40
0x00007f8db930809d:   84 f6 75 e7 25 ff ff ff 7f 31 d2 41 f7 f4 89 d0
0x00007f8db93080ad:   41 8b 34 80 48 8b 07 ff 50 20 85 c0 7f 15 74 62
0x00007f8db93080bd:   f7 d0 41 89 c0 48 83 c4 08 44 89 c0 5b 41 5c 41
0x00007f8db93080cd:   5d 5d c3 41 0f b6 4d 00 89 c6 84 c9 74 1b 0f 1f
0x00007f8db93080dd:   44 00 00 69 f6 93 01 00 01 48 83 c3 01 31 ce 0f
0x00007f8db93080ed:   b6 4b ff 84 c9 75 ec 89 f0 25 ff ff ff 7f 31 d2
0x00007f8db93080fd:   48 83 c4 08 41 f7 f4 5b 41 5c 41 5d 5d 41 89 d0
0x00007f8db930810d:   44 89 c0 c3 0f 1f 80 00 00 00 00 b8 93 01 00 01
0x00007f8db930811d:   eb 87 41 b8 ff ff ff ff eb 9b 41 83 c8 ff 44 89
0x00007f8db930812d:   c0 c3 90 f3 0f 1e fa eb 1d 66 2e 0f 1f 84 00 00
0x00007f8db930813d:   00 00 00 0f b6 16 84 d2 74 13 38 c2 75 15 48 83
0x00007f8db930814d:   c7 01 48 83 c6 01 0f b6 07 84 c0 75 e6 48 89 f8
0x00007f8db930815d:   c3 66 90 31 c0 c3 90 66 66 2e 0f 1f 84 00 00 00
0x00007f8db930816d:   00 00 90 f3 0f 1e fa 48 85 f6 74 51 0f b6 06 84
0x00007f8db930817d:   c0 74 4a 0f b6 d0 83 e0 07 c1 fa 03 44 8d 50 01
0x00007f8db930818d:   0f b6 c0 41 89 d1 4c 8d 44 06 02 48 8d 56 01 31
0x00007f8db930819d:   c0 66 90 0f b6 0a 48 c1 e0 08 48 83 c2 01 48 09 


Stack slot to memory mapping:
stack at sp + 0 slots: 0x0 is NULL
stack at sp + 1 slots: 0x00007f8d9c26d348 is pointing into the stack for thread: 0x00007f8db412e000
stack at sp + 2 slots: 0x00007f8db4009be0 points into unknown readable memory: 0x00007f8d5400ad40 | 40 ad 00 54 8d 7f 00 00
stack at sp + 3 slots: 0x00007f8d9c26c2b0 is pointing into the stack for thread: 0x00007f8db412e000
stack at sp + 4 slots: 0x00007f8d9c26c290 is pointing into the stack for thread: 0x00007f8db412e000
stack at sp + 5 slots: 0x00007f8db9308ca2: <offset 0x0000000000003ca2> in /usr/lib/jvm/java-11-openjdk-amd64/lib/libjimage.so at 0x00007f8db9305000
stack at sp + 6 slots: 0x0 is NULL
stack at sp + 7 slots: 0x0 is NULL


---------------  P R O C E S S  ---------------

Threads class SMR info:
_java_thread_list=0x00007f8d4c003420, length=21, elements={
0x00007f8db4126800, 0x00007f8db4128800, 0x00007f8db412e000, 0x00007f8db4130000,
0x00007f8db4132800, 0x00007f8db4134800, 0x00007f8db4136800, 0x00007f8db414c800,
0x00007f8db41a7000, 0x00007f8db41ab800, 0x00007f8db51b8000, 0x00007f8db49d4800,
0x00007f8db5ba9800, 0x00007f8d38005800, 0x00007f8db5bc4800, 0x00007f8db45d6800,
0x00007f8db45d7800, 0x00007f8db4019800, 0x00007f8d28003800, 0x00007f8d28005000,
0x00007f8d28006800
}

Java Threads: ( => current thread )
  0x00007f8db4126800 JavaThread "Reference Handler" daemon [_thread_blocked, id=29017, stack(0x00007f8d9c370000,0x00007f8d9c471000)]
  0x00007f8db4128800 JavaThread "Finalizer" daemon [_thread_blocked, id=29018, stack(0x00007f8d9c26f000,0x00007f8d9c370000)]
=>0x00007f8db412e000 JavaThread "Signal Dispatcher" daemon [_thread_in_vm, id=29019, stack(0x00007f8d9c16e000,0x00007f8d9c26f000)]
  0x00007f8db4130000 JavaThread "Service Thread" daemon [_thread_blocked, id=29020, stack(0x00007f8d9c06d000,0x00007f8d9c16e000)]
  0x00007f8db4132800 JavaThread "C2 CompilerThread0" daemon [_thread_blocked, id=29021, stack(0x00007f8d941cf000,0x00007f8d942d0000)]
  0x00007f8db4134800 JavaThread "C1 CompilerThread0" daemon [_thread_blocked, id=29022, stack(0x00007f8d940ce000,0x00007f8d941cf000)]
  0x00007f8db4136800 JavaThread "Sweeper thread" daemon [_thread_blocked, id=29023, stack(0x00007f8d8718d000,0x00007f8d8728e000)]
  0x00007f8db414c800 JavaThread "Common-Cleaner" daemon [_thread_blocked, id=29024, stack(0x00007f8d8708c000,0x00007f8d8718d000)]
  0x00007f8db41a7000 JavaThread "JDWP Transport Listener: dt_socket" daemon [_thread_in_native, id=29026, stack(0x00007f8d86f8b000,0x00007f8d8708c000)]
  0x00007f8db41ab800 JavaThread "JDWP Event Helper Thread" daemon [_thread_blocked, id=29029, stack(0x00007f8d86e8a000,0x00007f8d86f8b000)]
  0x00007f8db51b8000 JavaThread "mysql-cj-abandoned-connection-cleanup" daemon [_thread_blocked, id=29047, stack(0x00007f8d86884000,0x00007f8d86985000)]
  0x00007f8db49d4800 JavaThread "HikariPool-1 housekeeper" daemon [_thread_blocked, id=29052, stack(0x00007f8d8530f000,0x00007f8d85410000)]
  0x00007f8db5ba9800 JavaThread "Catalina-utility-1" [_thread_blocked, id=29059, stack(0x00007f8d8436b000,0x00007f8d8446c000)]
  0x00007f8d38005800 JavaThread "Catalina-utility-2" [_thread_blocked, id=29060, stack(0x00007f8d8406a000,0x00007f8d8416b000)]
  0x00007f8db5bc4800 JavaThread "container-0" [_thread_blocked, id=29061, stack(0x00007f8d338ff000,0x00007f8d33a00000)]
  0x00007f8db45d6800 JavaThread "http-nio-8080-Poller" daemon [_thread_in_native, id=29067, stack(0x00007f8d333fe000,0x00007f8d334ff000)]
  0x00007f8db45d7800 JavaThread "http-nio-8080-Acceptor" daemon [_thread_in_native, id=29068, stack(0x00007f8d332fd000,0x00007f8d333fe000)]
  0x00007f8db4019800 JavaThread "DestroyJavaVM" [_thread_blocked, id=29010, stack(0x00007f8db9347000,0x00007f8db9448000)]
  0x00007f8d28003800 JavaThread "http-nio-8080-exec-1" daemon [_thread_blocked, id=29096, stack(0x00007f8d331fc000,0x00007f8d332fd000)]
  0x00007f8d28005000 JavaThread "http-nio-8080-exec-2" daemon [_thread_blocked, id=29097, stack(0x00007f8d330fb000,0x00007f8d331fc000)]
  0x00007f8d28006800 JavaThread "http-nio-8080-exec-3" daemon [_thread_blocked, id=29115, stack(0x00007f8d32bfa000,0x00007f8d32cfb000)]

Other Threads:
  0x00007f8db4123800 VMThread "VM Thread" [stack: 0x00007f8d9c473000,0x00007f8d9c573000] [id=29016]
  0x00007f8db44a2800 WatcherThread [stack: 0x00007f8d86c89000,0x00007f8d86d89000] [id=29033]
  0x00007f8db4031000 GCTaskThread "GC Thread#0" [stack: 0x00007f8db8fb0000,0x00007f8db90b0000] [id=29011]
  0x00007f8d7c001000 GCTaskThread "GC Thread#1" [stack: 0x00007f8d86b87000,0x00007f8d86c87000] [id=29034]
  0x00007f8d7c004800 GCTaskThread "GC Thread#2" [stack: 0x00007f8d86514000,0x00007f8d86614000] [id=29038]
  0x00007f8d7c006000 GCTaskThread "GC Thread#3" [stack: 0x00007f8d86412000,0x00007f8d86512000] [id=29039]
  0x00007f8db404b000 ConcurrentGCThread "G1 Main Marker" [stack: 0x00007f8db8511000,0x00007f8db8611000] [id=29012]
  0x00007f8db404d000 ConcurrentGCThread "G1 Conc#0" [stack: 0x00007f8db840f000,0x00007f8db850f000] [id=29013]
  0x00007f8db408e800 ConcurrentGCThread "G1 Refine#0" [stack: 0x00007f8d9c753000,0x00007f8d9c853000] [id=29014]
  0x00007f8db4090800 ConcurrentGCThread "G1 Young RemSet Sampling" [stack: 0x00007f8d9c651000,0x00007f8d9c751000] [id=29015]

Threads with active compile tasks:

VM state:not at safepoint (normal execution)

VM Mutex/Monitor currently owned by a thread: None

Heap address: 0x00000000c5a00000, size: 934 MB, Compressed Oops mode: 32-bit
Narrow klass base: 0x0000000800000000, Narrow klass shift: 3
Compressed class space size: 1073741824 Address: 0x0000000840000000

Heap:
 garbage-first heap   total 92160K, used 69241K [0x00000000c5a00000, 0x0000000100000000)
  region size 1024K, 46 young (47104K), 4 survivors (4096K)
 Metaspace       used 65238K, capacity 67062K, committed 67328K, reserved 1107968K
  class space    used 8371K, capacity 9090K, committed 9216K, reserved 1048576K
Heap Regions: E=young(eden), S=young(survivor), O=old, HS=humongous(starts), HC=humongous(continues), CS=collection set, F=free, A=archive, TAMS=top-at-mark-start (previous, next)
|   0|0x00000000c5a00000, 0x00000000c5b00000, 0x00000000c5b00000|100%|HS|  |TAMS 0x00000000c5b00000, 0x00000000c5a00000| Complete 
|   1|0x00000000c5b00000, 0x00000000c5c00000, 0x00000000c5c00000|100%| O|  |TAMS 0x00000000c5c00000, 0x00000000c5b00000| Untracked 
|   2|0x00000000c5c00000, 0x00000000c5d00000, 0x00000000c5d00000|100%| O|  |TAMS 0x00000000c5d00000, 0x00000000c5c00000| Untracked 
|   3|0x00000000c5d00000, 0x00000000c5e00000, 0x00000000c5e00000|100%| O|  |TAMS 0x00000000c5e00000, 0x00000000c5d00000| Untracked 
|   4|0x00000000c5e00000, 0x00000000c5f00000, 0x00000000c5f00000|100%| O|  |TAMS 0x00000000c5f00000, 0x00000000c5e00000| Untracked 
|   5|0x00000000c5f00000, 0x00000000c6000000, 0x00000000c6000000|100%| O|  |TAMS 0x00000000c6000000, 0x00000000c5f00000| Untracked 
|   6|0x00000000c6000000, 0x00000000c6100000, 0x00000000c6100000|100%| O|  |TAMS 0x00000000c6100000, 0x00000000c6000000| Untracked 
|   7|0x00000000c6100000, 0x00000000c6200000, 0x00000000c6200000|100%| O|  |TAMS 0x00000000c6200000, 0x00000000c6100000| Untracked 
|   8|0x00000000c6200000, 0x00000000c6300000, 0x00000000c6300000|100%| O|  |TAMS 0x00000000c6300000, 0x00000000c6200000| Untracked 
|   9|0x00000000c6300000, 0x00000000c6400000, 0x00000000c6400000|100%| O|  |TAMS 0x00000000c6400000, 0x00000000c6300000| Untracked 
|  10|0x00000000c6400000, 0x00000000c6500000, 0x00000000c6500000|100%| O|  |TAMS 0x00000000c6500000, 0x00000000c6400000| Untracked 
|  11|0x00000000c6500000, 0x00000000c6600000, 0x00000000c6600000|100%| O|  |TAMS 0x00000000c6600000, 0x00000000c6500000| Untracked 
|  12|0x00000000c6600000, 0x00000000c6700000, 0x00000000c6700000|100%| O|  |TAMS 0x00000000c6700000, 0x00000000c6600000| Untracked 
|  13|0x00000000c6700000, 0x00000000c6800000, 0x00000000c6800000|100%| O|  |TAMS 0x00000000c6800000, 0x00000000c6700000| Untracked 
|  14|0x00000000c6800000, 0x00000000c6900000, 0x00000000c6900000|100%| O|  |TAMS 0x00000000c6900000, 0x00000000c6800000| Untracked 
|  15|0x00000000c6900000, 0x00000000c6a00000, 0x00000000c6a00000|100%| O|  |TAMS 0x00000000c6a00000, 0x00000000c6900000| Untracked 
|  16|0x00000000c6a00000, 0x00000000c6b00000, 0x00000000c6b00000|100%| O|  |TAMS 0x00000000c6b00000, 0x00000000c6a00000| Untracked 
|  17|0x00000000c6b00000, 0x00000000c6c00000, 0x00000000c6c00000|100%| O|  |TAMS 0x00000000c6c00000, 0x00000000c6b00000| Untracked 
|  18|0x00000000c6c00000, 0x00000000c6d00000, 0x00000000c6d00000|100%| O|  |TAMS 0x00000000c6d00000, 0x00000000c6c00000| Untracked 
|  19|0x00000000c6d00000, 0x00000000c6e00000, 0x00000000c6e00000|100%| O|  |TAMS 0x00000000c6e00000, 0x00000000c6d00000| Untracked 
|  20|0x00000000c6e00000, 0x00000000c6f00000, 0x00000000c6f00000|100%| O|  |TAMS 0x00000000c6f00000, 0x00000000c6e00000| Untracked 
|  21|0x00000000c6f00000, 0x00000000c7000000, 0x00000000c7000000|100%| O|  |TAMS 0x00000000c6f79c00, 0x00000000c6f00000| Untracked 
|  22|0x00000000c7000000, 0x00000000c70ec600, 0x00000000c7100000| 92%| O|  |TAMS 0x00000000c7000000, 0x00000000c7000000| Untracked 
|  23|0x00000000c7100000, 0x00000000c7100000, 0x00000000c7200000|  0%| F|  |TAMS 0x00000000c7100000, 0x00000000c7100000| Untracked 
|  24|0x00000000c7200000, 0x00000000c7200000, 0x00000000c7300000|  0%| F|  |TAMS 0x00000000c7200000, 0x00000000c7200000| Untracked 
|  25|0x00000000c7300000, 0x00000000c7300000, 0x00000000c7400000|  0%| F|  |TAMS 0x00000000c7300000, 0x00000000c7300000| Untracked 
|  26|0x00000000c7400000, 0x00000000c7400000, 0x00000000c7500000|  0%| F|  |TAMS 0x00000000c7400000, 0x00000000c7400000| Untracked 
|  27|0x00000000c7500000, 0x00000000c7500000, 0x00000000c7600000|  0%| F|  |TAMS 0x00000000c7500000, 0x00000000c7500000| Untracked 
|  28|0x00000000c7600000, 0x00000000c7600000, 0x00000000c7700000|  0%| F|  |TAMS 0x00000000c7600000, 0x00000000c7600000| Untracked 
|  29|0x00000000c7700000, 0x00000000c7700000, 0x00000000c7800000|  0%| F|  |TAMS 0x00000000c7700000, 0x00000000c7700000| Untracked 
|  30|0x00000000c7800000, 0x00000000c7800000, 0x00000000c7900000|  0%| F|  |TAMS 0x00000000c7800000, 0x00000000c7800000| Untracked 
|  31|0x00000000c7900000, 0x00000000c7900000, 0x00000000c7a00000|  0%| F|  |TAMS 0x00000000c7900000, 0x00000000c7900000| Untracked 
|  32|0x00000000c7a00000, 0x00000000c7a00000, 0x00000000c7b00000|  0%| F|  |TAMS 0x00000000c7a00000, 0x00000000c7a00000| Untracked 
|  33|0x00000000c7b00000, 0x00000000c7b00000, 0x00000000c7c00000|  0%| F|  |TAMS 0x00000000c7b00000, 0x00000000c7b00000| Untracked 
|  34|0x00000000c7c00000, 0x00000000c7c00000, 0x00000000c7d00000|  0%| F|  |TAMS 0x00000000c7c00000, 0x00000000c7c00000| Untracked 
|  35|0x00000000c7d00000, 0x00000000c7d00000, 0x00000000c7e00000|  0%| F|  |TAMS 0x00000000c7d00000, 0x00000000c7d00000| Untracked 
|  36|0x00000000c7e00000, 0x00000000c7e00000, 0x00000000c7f00000|  0%| F|  |TAMS 0x00000000c7e00000, 0x00000000c7e00000| Untracked 
|  37|0x00000000c7f00000, 0x00000000c8000000, 0x00000000c8000000|100%| S|CS|TAMS 0x00000000c7f00000, 0x00000000c7f00000| Complete 
|  38|0x00000000c8000000, 0x00000000c8100000, 0x00000000c8100000|100%| S|CS|TAMS 0x00000000c8000000, 0x00000000c8000000| Complete 
|  39|0x00000000c8100000, 0x00000000c8200000, 0x00000000c8200000|100%| S|CS|TAMS 0x00000000c8100000, 0x00000000c8100000| Complete 
|  40|0x00000000c8200000, 0x00000000c8300000, 0x00000000c8300000|100%| S|CS|TAMS 0x00000000c8200000, 0x00000000c8200000| Complete 
|  41|0x00000000c8300000, 0x00000000c8300000, 0x00000000c8400000|  0%| F|  |TAMS 0x00000000c8300000, 0x00000000c8300000| Untracked 
|  42|0x00000000c8400000, 0x00000000c8400000, 0x00000000c8500000|  0%| F|  |TAMS 0x00000000c8400000, 0x00000000c8400000| Untracked 
|  43|0x00000000c8500000, 0x00000000c8500000, 0x00000000c8600000|  0%| F|  |TAMS 0x00000000c8500000, 0x00000000c8500000| Untracked 
|  44|0x00000000c8600000, 0x00000000c8600000, 0x00000000c8700000|  0%| F|  |TAMS 0x00000000c8600000, 0x00000000c8600000| Untracked 
|  45|0x00000000c8700000, 0x00000000c8700000, 0x00000000c8800000|  0%| F|  |TAMS 0x00000000c8700000, 0x00000000c8700000| Untracked 
|  46|0x00000000c8800000, 0x00000000c887cb18, 0x00000000c8900000| 48%| E|  |TAMS 0x00000000c8800000, 0x00000000c8800000| Complete 
|  47|0x00000000c8900000, 0x00000000c8a00000, 0x00000000c8a00000|100%| E|CS|TAMS 0x00000000c8900000, 0x00000000c8900000| Complete 
|  48|0x00000000c8a00000, 0x00000000c8b00000, 0x00000000c8b00000|100%| E|CS|TAMS 0x00000000c8a00000, 0x00000000c8a00000| Complete 
|  49|0x00000000c8b00000, 0x00000000c8c00000, 0x00000000c8c00000|100%| E|CS|TAMS 0x00000000c8b00000, 0x00000000c8b00000| Complete 
|  50|0x00000000c8c00000, 0x00000000c8d00000, 0x00000000c8d00000|100%| E|CS|TAMS 0x00000000c8c00000, 0x00000000c8c00000| Complete 
|  51|0x00000000c8d00000, 0x00000000c8e00000, 0x00000000c8e00000|100%| E|CS|TAMS 0x00000000c8d00000, 0x00000000c8d00000| Complete 
|  52|0x00000000c8e00000, 0x00000000c8f00000, 0x00000000c8f00000|100%| E|CS|TAMS 0x00000000c8e00000, 0x00000000c8e00000| Complete 
|  53|0x00000000c8f00000, 0x00000000c9000000, 0x00000000c9000000|100%| E|CS|TAMS 0x00000000c8f00000, 0x00000000c8f00000| Complete 
|  54|0x00000000c9000000, 0x00000000c9100000, 0x00000000c9100000|100%| E|CS|TAMS 0x00000000c9000000, 0x00000000c9000000| Complete 
|  55|0x00000000c9100000, 0x00000000c9200000, 0x00000000c9200000|100%| E|CS|TAMS 0x00000000c9100000, 0x00000000c9100000| Complete 
|  56|0x00000000c9200000, 0x00000000c9300000, 0x00000000c9300000|100%| E|CS|TAMS 0x00000000c9200000, 0x00000000c9200000| Complete 
|  57|0x00000000c9300000, 0x00000000c9400000, 0x00000000c9400000|100%| E|CS|TAMS 0x00000000c9300000, 0x00000000c9300000| Complete 
|  58|0x00000000c9400000, 0x00000000c9500000, 0x00000000c9500000|100%| E|  |TAMS 0x00000000c9400000, 0x00000000c9400000| Complete 
|  59|0x00000000c9500000, 0x00000000c9600000, 0x00000000c9600000|100%| E|CS|TAMS 0x00000000c9500000, 0x00000000c9500000| Complete 
|  60|0x00000000c9600000, 0x00000000c9700000, 0x00000000c9700000|100%| E|CS|TAMS 0x00000000c9600000, 0x00000000c9600000| Complete 
|  61|0x00000000c9700000, 0x00000000c9800000, 0x00000000c9800000|100%| E|CS|TAMS 0x00000000c9700000, 0x00000000c9700000| Complete 
|  62|0x00000000c9800000, 0x00000000c9900000, 0x00000000c9900000|100%| E|CS|TAMS 0x00000000c9800000, 0x00000000c9800000| Complete 
|  63|0x00000000c9900000, 0x00000000c9a00000, 0x00000000c9a00000|100%| E|CS|TAMS 0x00000000c9900000, 0x00000000c9900000| Complete 
|  64|0x00000000c9a00000, 0x00000000c9b00000, 0x00000000c9b00000|100%| E|CS|TAMS 0x00000000c9a00000, 0x00000000c9a00000| Complete 
|  65|0x00000000c9b00000, 0x00000000c9c00000, 0x00000000c9c00000|100%| E|CS|TAMS 0x00000000c9b00000, 0x00000000c9b00000| Complete 
|  66|0x00000000c9c00000, 0x00000000c9d00000, 0x00000000c9d00000|100%| E|CS|TAMS 0x00000000c9c00000, 0x00000000c9c00000| Complete 
|  67|0x00000000c9d00000, 0x00000000c9e00000, 0x00000000c9e00000|100%| E|CS|TAMS 0x00000000c9d00000, 0x00000000c9d00000| Complete 
|  68|0x00000000c9e00000, 0x00000000c9f00000, 0x00000000c9f00000|100%| E|CS|TAMS 0x00000000c9e00000, 0x00000000c9e00000| Complete 
|  69|0x00000000c9f00000, 0x00000000ca000000, 0x00000000ca000000|100%| E|CS|TAMS 0x00000000c9f00000, 0x00000000c9f00000| Complete 
|  70|0x00000000ca000000, 0x00000000ca100000, 0x00000000ca100000|100%| E|CS|TAMS 0x00000000ca000000, 0x00000000ca000000| Complete 
|  71|0x00000000ca100000, 0x00000000ca200000, 0x00000000ca200000|100%| E|CS|TAMS 0x00000000ca100000, 0x00000000ca100000| Complete 
|  72|0x00000000ca200000, 0x00000000ca300000, 0x00000000ca300000|100%| E|CS|TAMS 0x00000000ca200000, 0x00000000ca200000| Complete 
|  73|0x00000000ca300000, 0x00000000ca400000, 0x00000000ca400000|100%| E|CS|TAMS 0x00000000ca300000, 0x00000000ca300000| Complete 
|  74|0x00000000ca400000, 0x00000000ca500000, 0x00000000ca500000|100%| E|CS|TAMS 0x00000000ca400000, 0x00000000ca400000| Complete 
|  75|0x00000000ca500000, 0x00000000ca600000, 0x00000000ca600000|100%| E|CS|TAMS 0x00000000ca500000, 0x00000000ca500000| Complete 
|  76|0x00000000ca600000, 0x00000000ca700000, 0x00000000ca700000|100%| E|CS|TAMS 0x00000000ca600000, 0x00000000ca600000| Complete 
|  77|0x00000000ca700000, 0x00000000ca800000, 0x00000000ca800000|100%| E|CS|TAMS 0x00000000ca700000, 0x00000000ca700000| Complete 
|  78|0x00000000ca800000, 0x00000000ca900000, 0x00000000ca900000|100%| E|CS|TAMS 0x00000000ca800000, 0x00000000ca800000| Complete 
|  79|0x00000000ca900000, 0x00000000caa00000, 0x00000000caa00000|100%| E|CS|TAMS 0x00000000ca900000, 0x00000000ca900000| Complete 
|  80|0x00000000caa00000, 0x00000000cab00000, 0x00000000cab00000|100%| E|CS|TAMS 0x00000000caa00000, 0x00000000caa00000| Complete 
|  81|0x00000000cab00000, 0x00000000cac00000, 0x00000000cac00000|100%| E|CS|TAMS 0x00000000cab00000, 0x00000000cab00000| Complete 
|  82|0x00000000cac00000, 0x00000000cad00000, 0x00000000cad00000|100%| E|CS|TAMS 0x00000000cac00000, 0x00000000cac00000| Complete 
|  83|0x00000000cad00000, 0x00000000cae00000, 0x00000000cae00000|100%| E|CS|TAMS 0x00000000cad00000, 0x00000000cad00000| Complete 
|  84|0x00000000cae00000, 0x00000000caf00000, 0x00000000caf00000|100%| E|CS|TAMS 0x00000000cae00000, 0x00000000cae00000| Complete 
|  85|0x00000000caf00000, 0x00000000cb000000, 0x00000000cb000000|100%| E|CS|TAMS 0x00000000caf00000, 0x00000000caf00000| Complete 
|  86|0x00000000cb000000, 0x00000000cb100000, 0x00000000cb100000|100%| E|CS|TAMS 0x00000000cb000000, 0x00000000cb000000| Complete 
|  87|0x00000000cb100000, 0x00000000cb200000, 0x00000000cb200000|100%| E|CS|TAMS 0x00000000cb100000, 0x00000000cb100000| Complete 
| 932|0x00000000ffe00000, 0x00000000ffe47000, 0x00000000fff00000| 27%|OA|  |TAMS 0x00000000ffe47000, 0x00000000ffe00000| Untracked 
| 933|0x00000000fff00000, 0x00000000fff6b000, 0x0000000100000000| 41%|CA|  |TAMS 0x00000000fff6b000, 0x00000000fff00000| Untracked 

Card table byte_map: [0x00007f8db8804000,0x00007f8db89d7000] _byte_map_base: 0x00007f8db81d7000

Marking Bits (Prev, Next): (CMBitMap*) 0x00007f8db4046810, (CMBitMap*) 0x00007f8db40467d8
 Prev Bits: [0x00007f8d962d0000, 0x00007f8d97168000)
 Next Bits: [0x00007f8d97168000, 0x00007f8d98000000)

Polling page: 0x00007f8dbac7e000

Metaspace:

Usage:
  Non-class:     56,61 MB capacity,    55,53 MB ( 98%) used,   876,73 KB (  2%) free+waste,   227,81 KB ( <1%) overhead. 
      Class:      8,88 MB capacity,     8,18 MB ( 92%) used,   612,93 KB (  7%) free+waste,   105,56 KB (  1%) overhead. 
       Both:     65,49 MB capacity,    63,71 MB ( 97%) used,     1,45 MB (  2%) free+waste,   333,38 KB ( <1%) overhead. 

Virtual space:
  Non-class space:       58,00 MB reserved,      56,75 MB ( 98%) committed 
      Class space:        1,00 GB reserved,       9,00 MB ( <1%) committed 
             Both:        1,06 GB reserved,      65,75 MB (  6%) committed 

Chunk freelists:
   Non-Class:  96,00 KB
       Class:  0 bytes
        Both:  96,00 KB

MaxMetaspaceSize: unlimited
CompressedClassSpaceSize: 1,00 GB
Initial GC threshold: 20,80 MB
Current GC threshold: 98,34 MB
CDS: on

CodeHeap 'non-profiled nmethods': size=120032Kb used=4695Kb max_used=4695Kb free=115337Kb
 bounds [0x00007f8da431b000, 0x00007f8da47bb000, 0x00007f8dab853000]
CodeHeap 'profiled nmethods': size=120032Kb used=13478Kb max_used=13478Kb free=106553Kb
 bounds [0x00007f8d9cde3000, 0x00007f8d9db13000, 0x00007f8da431b000]
CodeHeap 'non-nmethods': size=5696Kb used=1384Kb max_used=1440Kb free=4311Kb
 bounds [0x00007f8d9c853000, 0x00007f8d9cac3000, 0x00007f8d9cde3000]
 total_blobs=6473 nmethods=5848 adapters=545
 compilation: enabled
              stopped_count=0, restarted_count=0
 full_count=0

Compilation events (20 events):
Event: 223,231 Thread 0x00007f8db4134800 6010   !   3       org.apache.tomcat.util.net.NioEndpoint$Poller::events (282 bytes)
Event: 223,235 Thread 0x00007f8db4134800 nmethod 6010 0x00007f8d9daffd10 code [0x00007f8d9db000c0, 0x00007f8d9db01cf0]
Event: 223,236 Thread 0x00007f8db4134800 6011  s    3       org.apache.tomcat.util.collections.SynchronizedQueue::size (23 bytes)
Event: 223,236 Thread 0x00007f8db4134800 nmethod 6011 0x00007f8d9db02790 code [0x00007f8d9db02940, 0x00007f8d9db02c30]
Event: 223,589 Thread 0x00007f8db4134800 6012       3       java.util.concurrent.ThreadPoolExecutor::afterExecute (1 bytes)
Event: 223,590 Thread 0x00007f8db4134800 nmethod 6012 0x00007f8d9db02d10 code [0x00007f8d9db02ec0, 0x00007f8d9db02fd0]
Event: 224,967 Thread 0x00007f8db4134800 6013   !   3       jdk.internal.loader.BuiltinClassLoader::findResource (154 bytes)
Event: 225,088 Thread 0x00007f8db4134800 nmethod 6013 0x00007f8d9db03090 code [0x00007f8d9db03400, 0x00007f8d9db048a0]
Event: 229,589 Thread 0x00007f8db4134800 6015   !   3       java.util.concurrent.ScheduledThreadPoolExecutor$DelayedWorkQueue::take (203 bytes)
Event: 229,593 Thread 0x00007f8db4134800 nmethod 6015 0x00007f8d9db05110 code [0x00007f8d9db054c0, 0x00007f8d9db06b80]
Event: 229,593 Thread 0x00007f8db4134800 6014       3       java.util.concurrent.ScheduledThreadPoolExecutor$DelayedWorkQueue::take (5 bytes)
Event: 229,593 Thread 0x00007f8db4134800 nmethod 6014 0x00007f8d9db07710 code [0x00007f8d9db078c0, 0x00007f8d9db07a20]
Event: 230,582 Thread 0x00007f8db4134800 6016       3       java.util.concurrent.ScheduledThreadPoolExecutor$ScheduledFutureTask::run (57 bytes)
Event: 230,583 Thread 0x00007f8db4134800 nmethod 6016 0x00007f8d9db07b10 code [0x00007f8d9db07d40, 0x00007f8d9db081b0]
Event: 230,584 Thread 0x00007f8db4134800 6017   !   3       java.util.concurrent.FutureTask::runAndReset (125 bytes)
Event: 230,588 Thread 0x00007f8db4134800 nmethod 6017 0x00007f8d9db08390 code [0x00007f8d9db087a0, 0x00007f8d9db0a590]
Event: 230,588 Thread 0x00007f8db4134800 6018       3       java.util.concurrent.Executors$RunnableAdapter::call (14 bytes)
Event: 230,588 Thread 0x00007f8db4134800 nmethod 6018 0x00007f8d9db0b110 code [0x00007f8d9db0b2c0, 0x00007f8d9db0b4c0]
Event: 230,589 Thread 0x00007f8db4134800 6019       3       java.util.concurrent.ScheduledThreadPoolExecutor$DelayedWorkQueue::siftDown (119 bytes)
Event: 230,590 Thread 0x00007f8db4134800 nmethod 6019 0x00007f8d9db0b590 code [0x00007f8d9db0b7e0, 0x00007f8d9db0c610]

GC Heap History (20 events):
Event: 16,098 GC heap before
{Heap before GC invocations=14 (full 0):
 garbage-first heap   total 63488K, used 48707K [0x00000000c5a00000, 0x0000000100000000)
  region size 1024K, 36 young (36864K), 3 survivors (3072K)
 Metaspace       used 32523K, capacity 33666K, committed 33920K, reserved 1079296K
  class space    used 3972K, capacity 4432K, committed 4480K, reserved 1048576K
}
Event: 16,111 GC heap after
{Heap after GC invocations=15 (full 0):
 garbage-first heap   total 76800K, used 16727K [0x00000000c5a00000, 0x0000000100000000)
  region size 1024K, 4 young (4096K), 4 survivors (4096K)
 Metaspace       used 32523K, capacity 33666K, committed 33920K, reserved 1079296K
  class space    used 3972K, capacity 4432K, committed 4480K, reserved 1048576K
}
Event: 16,950 GC heap before
{Heap before GC invocations=15 (full 0):
 garbage-first heap   total 76800K, used 39255K [0x00000000c5a00000, 0x0000000100000000)
  region size 1024K, 27 young (27648K), 4 survivors (4096K)
 Metaspace       used 34504K, capacity 35666K, committed 35840K, reserved 1081344K
  class space    used 4325K, capacity 4799K, committed 4864K, reserved 1048576K
}
Event: 16,961 GC heap after
{Heap after GC invocations=16 (full 0):
 garbage-first heap   total 76800K, used 16913K [0x00000000c5a00000, 0x0000000100000000)
  region size 1024K, 2 young (2048K), 2 survivors (2048K)
 Metaspace       used 34504K, capacity 35666K, committed 35840K, reserved 1081344K
  class space    used 4325K, capacity 4799K, committed 4864K, reserved 1048576K
}
Event: 18,787 GC heap before
{Heap before GC invocations=17 (full 0):
 garbage-first heap   total 76800K, used 55825K [0x00000000c5a00000, 0x0000000100000000)
  region size 1024K, 40 young (40960K), 2 survivors (2048K)
 Metaspace       used 38601K, capacity 39755K, committed 39936K, reserved 1083392K
  class space    used 4857K, capacity 5326K, committed 5376K, reserved 1048576K
}
Event: 18,801 GC heap after
{Heap after GC invocations=18 (full 0):
 garbage-first heap   total 76800K, used 19248K [0x00000000c5a00000, 0x0000000100000000)
  region size 1024K, 5 young (5120K), 5 survivors (5120K)
 Metaspace       used 38601K, capacity 39755K, committed 39936K, reserved 1083392K
  class space    used 4857K, capacity 5326K, committed 5376K, reserved 1048576K
}
Event: 21,876 GC heap before
{Heap before GC invocations=18 (full 0):
 garbage-first heap   total 76800K, used 56112K [0x00000000c5a00000, 0x0000000100000000)
  region size 1024K, 42 young (43008K), 5 survivors (5120K)
 Metaspace       used 43539K, capacity 44820K, committed 45184K, reserved 1089536K
  class space    used 5472K, capacity 5966K, committed 6016K, reserved 1048576K
}
Event: 21,896 GC heap after
{Heap after GC invocations=19 (full 0):
 garbage-first heap   total 76800K, used 21411K [0x00000000c5a00000, 0x0000000100000000)
  region size 1024K, 5 young (5120K), 5 survivors (5120K)
 Metaspace       used 43539K, capacity 44820K, committed 45184K, reserved 1089536K
  class space    used 5472K, capacity 5966K, committed 6016K, reserved 1048576K
}
Event: 22,686 GC heap before
{Heap before GC invocations=19 (full 0):
 garbage-first heap   total 76800K, used 58275K [0x00000000c5a00000, 0x0000000100000000)
  region size 1024K, 42 young (43008K), 5 survivors (5120K)
 Metaspace       used 46716K, capacity 47992K, committed 48384K, reserved 1091584K
  class space    used 5869K, capacity 6360K, committed 6400K, reserved 1048576K
}
Event: 22,700 GC heap after
{Heap after GC invocations=20 (full 0):
 garbage-first heap   total 92160K, used 21933K [0x00000000c5a00000, 0x0000000100000000)
  region size 1024K, 3 young (3072K), 3 survivors (3072K)
 Metaspace       used 46716K, capacity 47992K, committed 48384K, reserved 1091584K
  class space    used 5869K, capacity 6360K, committed 6400K, reserved 1048576K
}
Event: 23,579 GC heap before
{Heap before GC invocations=20 (full 0):
 garbage-first heap   total 92160K, used 65965K [0x00000000c5a00000, 0x0000000100000000)
  region size 1024K, 46 young (47104K), 3 survivors (3072K)
 Metaspace       used 50862K, capacity 52154K, committed 52608K, reserved 1095680K
  class space    used 6521K, capacity 7020K, committed 7040K, reserved 1048576K
}
Event: 23,593 GC heap after
{Heap after GC invocations=21 (full 0):
 garbage-first heap   total 92160K, used 23064K [0x00000000c5a00000, 0x0000000100000000)
  region size 1024K, 4 young (4096K), 4 survivors (4096K)
 Metaspace       used 50862K, capacity 52154K, committed 52608K, reserved 1095680K
  class space    used 6521K, capacity 7020K, committed 7040K, reserved 1048576K
}
Event: 30,008 GC heap before
{Heap before GC invocations=21 (full 0):
 garbage-first heap   total 92160K, used 68120K [0x00000000c5a00000, 0x0000000100000000)
  region size 1024K, 48 young (49152K), 4 survivors (4096K)
 Metaspace       used 54376K, capacity 55847K, committed 56064K, reserved 1097728K
  class space    used 6974K, capacity 7564K, committed 7680K, reserved 1048576K
}
Event: 30,026 GC heap after
{Heap after GC invocations=22 (full 0):
 garbage-first heap   total 92160K, used 24452K [0x00000000c5a00000, 0x0000000100000000)
  region size 1024K, 4 young (4096K), 4 survivors (4096K)
 Metaspace       used 54376K, capacity 55847K, committed 56064K, reserved 1097728K
  class space    used 6974K, capacity 7564K, committed 7680K, reserved 1048576K
}
Event: 30,882 GC heap before
{Heap before GC invocations=22 (full 0):
 garbage-first heap   total 92160K, used 69508K [0x00000000c5a00000, 0x0000000100000000)
  region size 1024K, 48 young (49152K), 4 survivors (4096K)
 Metaspace       used 56871K, capacity 58438K, committed 58624K, reserved 1099776K
  class space    used 7295K, capacity 7891K, committed 7936K, reserved 1048576K
}
Event: 30,893 GC heap after
{Heap after GC invocations=23 (full 0):
 garbage-first heap   total 92160K, used 25854K [0x00000000c5a00000, 0x0000000100000000)
  region size 1024K, 4 young (4096K), 4 survivors (4096K)
 Metaspace       used 56871K, capacity 58438K, committed 58624K, reserved 1099776K
  class space    used 7295K, capacity 7891K, committed 7936K, reserved 1048576K
}
Event: 32,240 GC heap before
{Heap before GC invocations=23 (full 0):
 garbage-first heap   total 92160K, used 52478K [0x00000000c5a00000, 0x0000000100000000)
  region size 1024K, 31 young (31744K), 4 survivors (4096K)
 Metaspace       used 58512K, capacity 60058K, committed 60160K, reserved 1101824K
  class space    used 7524K, capacity 8152K, committed 8192K, reserved 1048576K
}
Event: 32,256 GC heap after
{Heap after GC invocations=24 (full 0):
 garbage-first heap   total 92160K, used 26611K [0x00000000c5a00000, 0x0000000100000000)
  region size 1024K, 4 young (4096K), 4 survivors (4096K)
 Metaspace       used 58512K, capacity 60058K, committed 60160K, reserved 1101824K
  class space    used 7524K, capacity 8152K, committed 8192K, reserved 1048576K
}
Event: 130,918 GC heap before
{Heap before GC invocations=25 (full 0):
 garbage-first heap   total 92160K, used 70643K [0x00000000c5a00000, 0x0000000100000000)
  region size 1024K, 47 young (48128K), 4 survivors (4096K)
 Metaspace       used 61048K, capacity 62729K, committed 62848K, reserved 1103872K
  class space    used 7874K, capacity 8522K, committed 8576K, reserved 1048576K
}
Event: 130,933 GC heap after
{Heap after GC invocations=26 (full 0):
 garbage-first heap   total 92160K, used 28281K [0x00000000c5a00000, 0x0000000100000000)
  region size 1024K, 4 young (4096K), 4 survivors (4096K)
 Metaspace       used 61048K, capacity 62729K, committed 62848K, reserved 1103872K
  class space    used 7874K, capacity 8522K, committed 8576K, reserved 1048576K
}

Deoptimization events (20 events):
Event: 146,084 Thread 0x00007f8d28005000 Uncommon trap: trap_request=0xffffff9f fr.pc=0x00007f8da475fbd0 relative=0x0000000000000170
Event: 146,084 Thread 0x00007f8d28005000 Uncommon trap: reason=unhandled action=none pc=0x00007f8da475fbd0 method=jdk.internal.loader.BuiltinClassLoader.loadClass(Ljava/lang/String;Z)Ljava/lang/Class; @ 19 c2
Event: 146,084 Thread 0x00007f8d28005000 DEOPT PACKING pc=0x00007f8da475fbd0 sp=0x00007f8d331f3c10
Event: 146,084 Thread 0x00007f8d28005000 DEOPT UNPACKING pc=0x00007f8d9c89ce9f sp=0x00007f8d331f3af8 mode 2
Event: 146,084 Thread 0x00007f8d28005000 DEOPT PACKING pc=0x00007f8d9d09cacc sp=0x00007f8d331f4390
Event: 146,084 Thread 0x00007f8d28005000 DEOPT UNPACKING pc=0x00007f8d9c89d62b sp=0x00007f8d331f38a0 mode 1
Event: 146,085 Thread 0x00007f8d28005000 Uncommon trap: trap_request=0xffffff9f fr.pc=0x00007f8da475fbd0 relative=0x0000000000000170
Event: 146,085 Thread 0x00007f8d28005000 Uncommon trap: reason=unhandled action=none pc=0x00007f8da475fbd0 method=jdk.internal.loader.BuiltinClassLoader.loadClass(Ljava/lang/String;Z)Ljava/lang/Class; @ 19 c2
Event: 146,085 Thread 0x00007f8d28005000 DEOPT PACKING pc=0x00007f8da475fbd0 sp=0x00007f8d331f3c10
Event: 146,085 Thread 0x00007f8d28005000 DEOPT UNPACKING pc=0x00007f8d9c89ce9f sp=0x00007f8d331f3af8 mode 2
Event: 146,085 Thread 0x00007f8d28005000 DEOPT PACKING pc=0x00007f8d9d09cacc sp=0x00007f8d331f4390
Event: 146,085 Thread 0x00007f8d28005000 DEOPT UNPACKING pc=0x00007f8d9c89d62b sp=0x00007f8d331f38a0 mode 1
Event: 146,348 Thread 0x00007f8d28005000 Uncommon trap: trap_request=0xffffff4d fr.pc=0x00007f8da44b5b80 relative=0x0000000000000060
Event: 146,348 Thread 0x00007f8d28005000 Uncommon trap: reason=unstable_if action=reinterpret pc=0x00007f8da44b5b80 method=java.util.Objects.equals(Ljava/lang/Object;Ljava/lang/Object;)Z @ 6 c2
Event: 146,350 Thread 0x00007f8d28005000 DEOPT PACKING pc=0x00007f8da44b5b80 sp=0x00007f8d331f6510
Event: 146,350 Thread 0x00007f8d28005000 DEOPT UNPACKING pc=0x00007f8d9c89ce9f sp=0x00007f8d331f64d0 mode 2
Event: 146,501 Thread 0x00007f8d28005000 DEOPT PACKING pc=0x00007f8d9dabfa20 sp=0x00007f8d331f4970
Event: 146,501 Thread 0x00007f8d28005000 DEOPT UNPACKING pc=0x00007f8d9c89d62b sp=0x00007f8d331f3f80 mode 0
Event: 146,803 Thread 0x00007f8d28005000 DEOPT PACKING pc=0x00007f8da46307ac sp=0x00007f8d331f5bd0
Event: 146,803 Thread 0x00007f8d28005000 DEOPT UNPACKING pc=0x00007f8d9c89d62b sp=0x00007f8d331f5128 mode 0

Classes redefined (0 events):
No events

Internal exceptions (20 events):
Event: 30,734 Thread 0x00007f8db4019800 Exception <a 'java/lang/ClassNotFoundException'{0x00000000c9057988}: com/br/example/prj/biblioteca/models/BookCustomizer> (0x00000000c9057988) thrown at [src/hotspot/share/classfile/systemDictionary.cpp, line 231]
Event: 30,919 Thread 0x00007f8db4019800 Exception <a 'java/lang/ClassNotFoundException'{0x00000000cb0720a0}: java/lang/ObjectCustomizer> (0x00000000cb0720a0) thrown at [src/hotspot/share/classfile/systemDictionary.cpp, line 231]
Event: 30,920 Thread 0x00007f8db4019800 Exception <a 'java/lang/ClassNotFoundException'{0x00000000cb085b80}: org/springframework/security/config/annotation/web/configuration/WebSecurityConfigurationCustomizer> (0x00000000cb085b80) thrown at [src/hotspot/share/classfile/systemDictionary.cpp, line 231]
Event: 30,922 Thread 0x00007f8db4019800 Exception <a 'java/lang/ClassNotFoundException'{0x00000000cb09cb08}: org/springframework/context/annotation/ImportAwareCustomizer> (0x00000000cb09cb08) thrown at [src/hotspot/share/classfile/systemDictionary.cpp, line 231]
Event: 30,922 Thread 0x00007f8db4019800 Exception <a 'java/lang/ClassNotFoundException'{0x00000000cb0a89d0}: org/springframework/beans/factory/AwareCustomizer> (0x00000000cb0a89d0) thrown at [src/hotspot/share/classfile/systemDictionary.cpp, line 231]
Event: 30,923 Thread 0x00007f8db4019800 Exception <a 'java/lang/ClassNotFoundException'{0x00000000cb0b5378}: org/springframework/beans/factory/BeanClassLoaderAwareCustomizer> (0x00000000cb0b5378) thrown at [src/hotspot/share/classfile/systemDictionary.cpp, line 231]
Event: 30,924 Thread 0x00007f8db4019800 Exception <a 'java/lang/ClassNotFoundException'{0x00000000cb0c1250}: org/springframework/beans/factory/AwareCustomizer> (0x00000000cb0c1250) thrown at [src/hotspot/share/classfile/systemDictionary.cpp, line 231]
Event: 31,013 Thread 0x00007f8db4019800 Implicit null exception at 0x00007f8da4482de1 to 0x00007f8da4482e9e
Event: 32,636 Thread 0x00007f8db4019800 Exception <a 'java/lang/IncompatibleClassChangeError'{0x00000000ca797f40}: Found class java.lang.Object, but interface was expected> (0x00000000ca797f40) thrown at [src/hotspot/share/interpreter/linkResolver.cpp, line 839]
Event: 32,821 Thread 0x00007f8db4019800 Exception <a 'java/lang/ClassNotFoundException'{0x00000000ca39d3f0}: java/lang/ObjectCustomizer> (0x00000000ca39d3f0) thrown at [src/hotspot/share/classfile/systemDictionary.cpp, line 231]
Event: 32,822 Thread 0x00007f8db4019800 Exception <a 'java/lang/ClassNotFoundException'{0x00000000ca3b0c98}: org/springframework/security/config/annotation/web/configuration/HttpSecurityConfigurationCustomizer> (0x00000000ca3b0c98) thrown at [src/hotspot/share/classfile/systemDictionary.cpp, line 231]
Event: 32,951 Thread 0x00007f8db4019800 Exception <a 'java/lang/NoSuchMethodError'{0x00000000c9e06a38}: 'void java.lang.invoke.DirectMethodHandle$Holder.invokeVirtual(java.lang.Object, java.lang.Object, int)'> (0x00000000c9e06a38) thrown at [src/hotspot/share/interpreter/linkResolver.cpp, line 772]
Event: 32,954 Thread 0x00007f8db4019800 Exception <a 'java/lang/NoSuchMethodError'{0x00000000c9e20838}: 'void java.lang.invoke.DirectMethodHandle$Holder.invokeVirtual(java.lang.Object, java.lang.Object, long)'> (0x00000000c9e20838) thrown at [src/hotspot/share/interpreter/linkResolver.cpp, line 772]
Event: 33,500 Thread 0x00007f8db4019800 Exception <a 'java/lang/NoSuchMethodError'{0x00000000c899a060}: 'java.lang.Object java.lang.invoke.DirectMethodHandle$Holder.invokeSpecial(java.lang.Object, java.lang.Object, int, java.lang.Object, int, java.lang.Object)'> (0x00000000c899a060) thrown at [src/hotspot/share/interpreter/linkResolver.cpp, line 772]
Event: 33,502 Thread 0x00007f8db4019800 Exception <a 'java/lang/NoSuchMethodError'{0x00000000c89a1548}: 'java.lang.Object java.lang.invoke.DirectMethodHandle$Holder.invokeStatic(java.lang.Object, java.lang.Object, int, java.lang.Object, int)'> (0x00000000c89a1548) thrown at [src/hotspot/share/interpreter/linkResolver.cpp, line 772]
Event: 33,502 Thread 0x00007f8db4019800 Exception <a 'java/lang/NoSuchMethodError'{0x00000000c89a4d28}: 'java.lang.Object java.lang.invoke.DirectMethodHandle$Holder.invokeSpecial(java.lang.Object, java.lang.Object, java.lang.Object, int, java.lang.Object, int)'> (0x00000000c89a4d28) thrown at [src/hotspot/share/interpreter/linkResolver.cpp, line 772]
Event: 33,505 Thread 0x00007f8db4019800 Exception <a 'java/lang/NoSuchMethodError'{0x00000000c89b5478}: 'void java.lang.invoke.DirectMethodHandle$Holder.invokeVirtual(java.lang.Object, java.lang.Object)'> (0x00000000c89b5478) thrown at [src/hotspot/share/interpreter/linkResolver.cpp, line 772]
Event: 145,969 Thread 0x00007f8d28005000 Exception <a 'java/lang/NoSuchMethodError'{0x00000000c94e1598}: 'java.lang.Object java.lang.invoke.DirectMethodHandle$Holder.invokeInterface(java.lang.Object, java.lang.Object, java.lang.Object, java.lang.Object)'> (0x00000000c94e1598) thrown at [src/hotspot/share/interpreter/linkResolver.cpp, line 772]
Event: 146,087 Thread 0x00007f8d28005000 Exception <a 'java/lang/NoSuchMethodError'{0x00000000c92cee18}: 'java.lang.Object java.lang.invoke.DirectMethodHandle$Holder.invokeStaticInit(java.lang.Object, java.lang.Object, java.lang.Object, java.lang.Object, java.lang.Object, java.lang.Object)'> (0x00000000c92cee18) thrown at [src/hotspot/share/interpreter/linkResolver.cpp, line 772]
Event: 146,204 Thread 0x00007f8d28005000 Exception <a 'java/lang/NoSuchMethodError'{0x00000000c9194a10}: 'java.lang.Object java.lang.invoke.DirectMethodHandle$Holder.invokeStatic(java.lang.Object, long)'> (0x00000000c9194a10) thrown at [src/hotspot/share/interpreter/linkResolver.cpp, line 772]

Events (20 events):
Event: 185,984 Executing VM operation: GetObjectMonitorUsage
Event: 186,012 Executing VM operation: GetObjectMonitorUsage done
Event: 186,012 Executing VM operation: GetObjectMonitorUsage
Event: 186,063 Executing VM operation: GetObjectMonitorUsage done
Event: 186,064 Executing VM operation: RevokeBias
Event: 186,064 Executing VM operation: RevokeBias done
Event: 186,186 Executing VM operation: RevokeBias
Event: 186,186 Executing VM operation: RevokeBias done
Event: 186,186 Executing VM operation: RevokeBias
Event: 186,187 Executing VM operation: RevokeBias done
Event: 186,191 Executing VM operation: RevokeBias
Event: 186,191 Executing VM operation: RevokeBias done
Event: 186,191 Executing VM operation: RevokeBias
Event: 186,191 Executing VM operation: RevokeBias done
Event: 186,191 Executing VM operation: RevokeBias
Event: 186,191 Executing VM operation: RevokeBias done
Event: 186,192 Executing VM operation: RevokeBias
Event: 186,192 Executing VM operation: RevokeBias done
Event: 231,359 Thread 0x00007f8d54001800 Thread exited: 0x00007f8d54001800
Event: 231,418 loading class jdk/internal/misc/Signal$1


Dynamic libraries:
c5a00000-cb200000 rw-p 00000000 00:00 0 
cb200000-ffe00000 ---p 00000000 00:00 0 
ffe00000-ffe47000 rw-p 01114000 08:06 6819997                            /usr/lib/jvm/java-11-openjdk-amd64/lib/server/classes.jsa
ffe47000-fff00000 rw-p 00000000 00:00 0 
fff00000-fff6b000 rw-p 010a9000 08:06 6819997                            /usr/lib/jvm/java-11-openjdk-amd64/lib/server/classes.jsa
fff6b000-100000000 rw-p 00000000 00:00 0 
800000000-800002000 rwxp 00001000 08:06 6819997                          /usr/lib/jvm/java-11-openjdk-amd64/lib/server/classes.jsa
800002000-8010a8000 rw-p 00003000 08:06 6819997                          /usr/lib/jvm/java-11-openjdk-amd64/lib/server/classes.jsa
840000000-840900000 rw-p 00000000 00:00 0 
840900000-880000000 ---p 00000000 00:00 0 
556229b93000-556229b94000 r--p 00000000 08:06 6819645                    /usr/lib/jvm/java-11-openjdk-amd64/bin/java
556229b94000-556229b95000 r-xp 00001000 08:06 6819645                    /usr/lib/jvm/java-11-openjdk-amd64/bin/java
556229b95000-556229b96000 r--p 00002000 08:06 6819645                    /usr/lib/jvm/java-11-openjdk-amd64/bin/java
556229b96000-556229b97000 r--p 00002000 08:06 6819645                    /usr/lib/jvm/java-11-openjdk-amd64/bin/java
556229b97000-556229b98000 rw-p 00003000 08:06 6819645                    /usr/lib/jvm/java-11-openjdk-amd64/bin/java
55622ad22000-55622b170000 rw-p 00000000 00:00 0                          [heap]
7f8d0c000000-7f8d0c414000 rw-p 00000000 00:00 0 
7f8d0c414000-7f8d10000000 ---p 00000000 00:00 0 
7f8d14000000-7f8d14559000 rw-p 00000000 00:00 0 
7f8d14559000-7f8d18000000 ---p 00000000 00:00 0 
7f8d18000000-7f8d18021000 rw-p 00000000 00:00 0 
7f8d18021000-7f8d1c000000 ---p 00000000 00:00 0 
7f8d1c000000-7f8d1c021000 rw-p 00000000 00:00 0 
7f8d1c021000-7f8d20000000 ---p 00000000 00:00 0 
7f8d24000000-7f8d24021000 rw-p 00000000 00:00 0 
7f8d24021000-7f8d28000000 ---p 00000000 00:00 0 
7f8d28000000-7f8d28021000 rw-p 00000000 00:00 0 
7f8d28021000-7f8d2c000000 ---p 00000000 00:00 0 
7f8d2c000000-7f8d2c021000 rw-p 00000000 00:00 0 
7f8d2c021000-7f8d30000000 ---p 00000000 00:00 0 
7f8d32bfa000-7f8d32bfe000 ---p 00000000 00:00 0 
7f8d32bfe000-7f8d32dbb000 rw-p 00000000 00:00 0 
7f8d32dbb000-7f8d32efb000 ---p 00000000 00:00 0 
7f8d32efb000-7f8d330fb000 rw-p 00000000 00:00 0 
7f8d330fb000-7f8d330ff000 ---p 00000000 00:00 0 
7f8d330ff000-7f8d331fc000 rw-p 00000000 00:00 0 
7f8d331fc000-7f8d33200000 ---p 00000000 00:00 0 
7f8d33200000-7f8d332fd000 rw-p 00000000 00:00 0 
7f8d332fd000-7f8d33301000 ---p 00000000 00:00 0 
7f8d33301000-7f8d333fe000 rw-p 00000000 00:00 0 
7f8d333fe000-7f8d33402000 ---p 00000000 00:00 0 
7f8d33402000-7f8d336ff000 rw-p 00000000 00:00 0 
7f8d336ff000-7f8d338ff000 rw-p 00000000 00:00 0 
7f8d338ff000-7f8d33903000 ---p 00000000 00:00 0 
7f8d33903000-7f8d33c00000 rw-p 00000000 00:00 0 
7f8d33c00000-7f8d33e00000 rw-p 00000000 00:00 0 
7f8d33e00000-7f8d34000000 rw-p 00000000 00:00 0 
7f8d34000000-7f8d34021000 rw-p 00000000 00:00 0 
7f8d34021000-7f8d38000000 ---p 00000000 00:00 0 
7f8d38000000-7f8d38021000 rw-p 00000000 00:00 0 
7f8d38021000-7f8d3c000000 ---p 00000000 00:00 0 
7f8d3c000000-7f8d3c047000 rw-p 00000000 00:00 0 
7f8d3c047000-7f8d40000000 ---p 00000000 00:00 0 
7f8d40000000-7f8d40021000 rw-p 00000000 00:00 0 
7f8d40021000-7f8d44000000 ---p 00000000 00:00 0 
7f8d44000000-7f8d44021000 rw-p 00000000 00:00 0 
7f8d44021000-7f8d48000000 ---p 00000000 00:00 0 
7f8d48000000-7f8d48303000 rw-p 00000000 00:00 0 
7f8d48303000-7f8d4c000000 ---p 00000000 00:00 0 
7f8d4c000000-7f8d4c021000 rw-p 00000000 00:00 0 
7f8d4c021000-7f8d50000000 ---p 00000000 00:00 0 
7f8d50000000-7f8d50021000 rw-p 00000000 00:00 0 
7f8d50021000-7f8d54000000 ---p 00000000 00:00 0 
7f8d54000000-7f8d54069000 rw-p 00000000 00:00 0 
7f8d54069000-7f8d58000000 ---p 00000000 00:00 0 
7f8d58000000-7f8d58021000 rw-p 00000000 00:00 0 
7f8d58021000-7f8d5c000000 ---p 00000000 00:00 0 
7f8d5c000000-7f8d5c021000 rw-p 00000000 00:00 0 
7f8d5c021000-7f8d60000000 ---p 00000000 00:00 0 
7f8d60000000-7f8d60021000 rw-p 00000000 00:00 0 
7f8d60021000-7f8d64000000 ---p 00000000 00:00 0 
7f8d64000000-7f8d67ffc000 rw-p 00000000 00:00 0 
7f8d67ffc000-7f8d68000000 ---p 00000000 00:00 0 
7f8d68000000-7f8d6926d000 rw-p 00000000 00:00 0 
7f8d6926d000-7f8d6c000000 ---p 00000000 00:00 0 
7f8d6c000000-7f8d6c021000 rw-p 00000000 00:00 0 
7f8d6c021000-7f8d70000000 ---p 00000000 00:00 0 
7f8d70000000-7f8d70021000 rw-p 00000000 00:00 0 
7f8d70021000-7f8d74000000 ---p 00000000 00:00 0 
7f8d74000000-7f8d74021000 rw-p 00000000 00:00 0 
7f8d74021000-7f8d78000000 ---p 00000000 00:00 0 
7f8d78000000-7f8d78021000 rw-p 00000000 00:00 0 
7f8d78021000-7f8d7c000000 ---p 00000000 00:00 0 
7f8d7c000000-7f8d7c31b000 rw-p 00000000 00:00 0 
7f8d7c31b000-7f8d80000000 ---p 00000000 00:00 0 
7f8d80000000-7f8d80021000 rw-p 00000000 00:00 0 
7f8d80021000-7f8d84000000 ---p 00000000 00:00 0 
7f8d8406a000-7f8d8406e000 ---p 00000000 00:00 0 
7f8d8406e000-7f8d8436b000 rw-p 00000000 00:00 0 
7f8d8436b000-7f8d8436f000 ---p 00000000 00:00 0 
7f8d8436f000-7f8d8446c000 rw-p 00000000 00:00 0 
7f8d844fc000-7f8d846fc000 rw-p 00000000 00:00 0 
7f8d846fc000-7f8d848fc000 rw-p 00000000 00:00 0 
7f8d848fc000-7f8d84afc000 rw-p 00000000 00:00 0 
7f8d84afc000-7f8d84cfc000 rw-p 00000000 00:00 0 
7f8d84cfc000-7f8d84efc000 rw-p 00000000 00:00 0 
7f8d84efc000-7f8d850fc000 rw-p 00000000 00:00 0 
7f8d850fc000-7f8d852fc000 rw-p 00000000 00:00 0 
7f8d8530f000-7f8d85313000 ---p 00000000 00:00 0 
7f8d85313000-7f8d85610000 rw-p 00000000 00:00 0 
7f8d85610000-7f8d85810000 rw-p 00000000 00:00 0 
7f8d85810000-7f8d85a10000 rw-p 00000000 00:00 0 
7f8d85a10000-7f8d85c10000 rw-p 00000000 00:00 0 
7f8d85c10000-7f8d85e10000 rw-p 00000000 00:00 0 
7f8d85e10000-7f8d86010000 rw-p 00000000 00:00 0 
7f8d86010000-7f8d86210000 rw-p 00000000 00:00 0 
7f8d86210000-7f8d86410000 rw-p 00000000 00:00 0 
7f8d86410000-7f8d86411000 ---p 00000000 00:00 0 
7f8d86411000-7f8d86512000 rw-p 00000000 00:00 0 
7f8d86512000-7f8d86513000 ---p 00000000 00:00 0 
7f8d86513000-7f8d86614000 rw-p 00000000 00:00 0 
7f8d86684000-7f8d86884000 rw-p 00000000 00:00 0 
7f8d86884000-7f8d86888000 ---p 00000000 00:00 0 
7f8d86888000-7f8d86b85000 rw-p 00000000 00:00 0 
7f8d86b85000-7f8d86b86000 ---p 00000000 00:00 0 
7f8d86b86000-7f8d86c87000 rw-p 00000000 00:00 0 
7f8d86c87000-7f8d86c88000 ---p 00000000 00:00 0 
7f8d86c88000-7f8d86d89000 rw-p 00000000 00:00 0 
7f8d86d89000-7f8d86d8d000 ---p 00000000 00:00 0 
7f8d86d8d000-7f8d86e8a000 rw-p 00000000 00:00 0 
7f8d86e8a000-7f8d86e8e000 ---p 00000000 00:00 0 
7f8d86e8e000-7f8d86f8b000 rw-p 00000000 00:00 0 
7f8d86f8b000-7f8d86f8f000 ---p 00000000 00:00 0 
7f8d86f8f000-7f8d8708c000 rw-p 00000000 00:00 0 
7f8d8708c000-7f8d87090000 ---p 00000000 00:00 0 
7f8d87090000-7f8d8718d000 rw-p 00000000 00:00 0 
7f8d8718d000-7f8d87191000 ---p 00000000 00:00 0 
7f8d87191000-7f8d8728e000 rw-p 00000000 00:00 0 
7f8d8728e000-7f8d87800000 r--p 00000000 08:06 6691689                    /usr/lib/locale/locale-archive
7f8d87800000-7f8d88000000 rw-p 00000000 00:00 0 
7f8d88000000-7f8d88026000 rw-p 00000000 00:00 0 
7f8d88026000-7f8d8c000000 ---p 00000000 00:00 0 
7f8d8c000000-7f8d8c021000 rw-p 00000000 00:00 0 
7f8d8c021000-7f8d90000000 ---p 00000000 00:00 0 
7f8d90000000-7f8d90021000 rw-p 00000000 00:00 0 
7f8d90021000-7f8d94000000 ---p 00000000 00:00 0 
7f8d94097000-7f8d9409f000 r--p 00000000 08:06 6819726                    /usr/lib/jvm/java-11-openjdk-amd64/lib/libsunec.so
7f8d9409f000-7f8d940b8000 r-xp 00008000 08:06 6819726                    /usr/lib/jvm/java-11-openjdk-amd64/lib/libsunec.so
7f8d940b8000-7f8d940c2000 r--p 00021000 08:06 6819726                    /usr/lib/jvm/java-11-openjdk-amd64/lib/libsunec.so
7f8d940c2000-7f8d940c3000 ---p 0002b000 08:06 6819726                    /usr/lib/jvm/java-11-openjdk-amd64/lib/libsunec.so
7f8d940c3000-7f8d940c7000 r--p 0002b000 08:06 6819726                    /usr/lib/jvm/java-11-openjdk-amd64/lib/libsunec.so
7f8d940c7000-7f8d940c9000 rw-p 0002f000 08:06 6819726                    /usr/lib/jvm/java-11-openjdk-amd64/lib/libsunec.so
7f8d940c9000-7f8d940ca000 r--p 00000000 08:06 6819702                    /usr/lib/jvm/java-11-openjdk-amd64/lib/libextnet.so
7f8d940ca000-7f8d940cb000 r-xp 00001000 08:06 6819702                    /usr/lib/jvm/java-11-openjdk-amd64/lib/libextnet.so
7f8d940cb000-7f8d940cc000 r--p 00002000 08:06 6819702                    /usr/lib/jvm/java-11-openjdk-amd64/lib/libextnet.so
7f8d940cc000-7f8d940cd000 r--p 00002000 08:06 6819702                    /usr/lib/jvm/java-11-openjdk-amd64/lib/libextnet.so
7f8d940cd000-7f8d940ce000 rw-p 00003000 08:06 6819702                    /usr/lib/jvm/java-11-openjdk-amd64/lib/libextnet.so
7f8d940ce000-7f8d940d2000 ---p 00000000 00:00 0 
7f8d940d2000-7f8d941cf000 rw-p 00000000 00:00 0 
7f8d941cf000-7f8d941d3000 ---p 00000000 00:00 0 
7f8d941d3000-7f8d96430000 rw-p 00000000 00:00 0 
7f8d96430000-7f8d97160000 ---p 00000000 00:00 0 
7f8d97160000-7f8d972c8000 rw-p 00000000 00:00 0 
7f8d972c8000-7f8d97ff8000 ---p 00000000 00:00 0 
7f8d97ff8000-7f8d98000000 rw-p 00000000 00:00 0 
7f8d98000000-7f8d98022000 rw-p 00000000 00:00 0 
7f8d98022000-7f8d9c000000 ---p 00000000 00:00 0 
7f8d9c001000-7f8d9c003000 r--p 00000000 08:06 6819718                    /usr/lib/jvm/java-11-openjdk-amd64/lib/libmanagement_ext.so
7f8d9c003000-7f8d9c006000 r-xp 00002000 08:06 6819718                    /usr/lib/jvm/java-11-openjdk-amd64/lib/libmanagement_ext.so
7f8d9c006000-7f8d9c008000 r--p 00005000 08:06 6819718                    /usr/lib/jvm/java-11-openjdk-amd64/lib/libmanagement_ext.so
7f8d9c008000-7f8d9c009000 r--p 00006000 08:06 6819718                    /usr/lib/jvm/java-11-openjdk-amd64/lib/libmanagement_ext.so
7f8d9c009000-7f8d9c00a000 rw-p 00007000 08:06 6819718                    /usr/lib/jvm/java-11-openjdk-amd64/lib/libmanagement_ext.so
7f8d9c00a000-7f8d9c00d000 r--p 00000000 08:06 6819716                    /usr/lib/jvm/java-11-openjdk-amd64/lib/libmanagement.so
7f8d9c00d000-7f8d9c00e000 r-xp 00003000 08:06 6819716                    /usr/lib/jvm/java-11-openjdk-amd64/lib/libmanagement.so
7f8d9c00e000-7f8d9c00f000 r--p 00004000 08:06 6819716                    /usr/lib/jvm/java-11-openjdk-amd64/lib/libmanagement.so
7f8d9c00f000-7f8d9c010000 r--p 00004000 08:06 6819716                    /usr/lib/jvm/java-11-openjdk-amd64/lib/libmanagement.so
7f8d9c010000-7f8d9c011000 rw-p 00005000 08:06 6819716                    /usr/lib/jvm/java-11-openjdk-amd64/lib/libmanagement.so
7f8d9c011000-7f8d9c037000 r--p 00000000 08:06 7739987                    /usr/share/locale-langpack/pt_BR/LC_MESSAGES/libc.mo
7f8d9c037000-7f8d9c03b000 r--p 00000000 08:06 6819720                    /usr/lib/jvm/java-11-openjdk-amd64/lib/libnet.so
7f8d9c03b000-7f8d9c04a000 r-xp 00004000 08:06 6819720                    /usr/lib/jvm/java-11-openjdk-amd64/lib/libnet.so
7f8d9c04a000-7f8d9c04e000 r--p 00013000 08:06 6819720                    /usr/lib/jvm/java-11-openjdk-amd64/lib/libnet.so
7f8d9c04e000-7f8d9c04f000 r--p 00016000 08:06 6819720                    /usr/lib/jvm/java-11-openjdk-amd64/lib/libnet.so
7f8d9c04f000-7f8d9c050000 rw-p 00017000 08:06 6819720                    /usr/lib/jvm/java-11-openjdk-amd64/lib/libnet.so
7f8d9c050000-7f8d9c057000 r--p 00000000 08:06 6819721                    /usr/lib/jvm/java-11-openjdk-amd64/lib/libnio.so
7f8d9c057000-7f8d9c05f000 r-xp 00007000 08:06 6819721                    /usr/lib/jvm/java-11-openjdk-amd64/lib/libnio.so
7f8d9c05f000-7f8d9c062000 r--p 0000f000 08:06 6819721                    /usr/lib/jvm/java-11-openjdk-amd64/lib/libnio.so
7f8d9c062000-7f8d9c063000 r--p 00011000 08:06 6819721                    /usr/lib/jvm/java-11-openjdk-amd64/lib/libnio.so
7f8d9c063000-7f8d9c064000 rw-p 00012000 08:06 6819721                    /usr/lib/jvm/java-11-openjdk-amd64/lib/libnio.so
7f8d9c064000-7f8d9c066000 r--p 00000000 08:06 6819701                    /usr/lib/jvm/java-11-openjdk-amd64/lib/libdt_socket.so
7f8d9c066000-7f8d9c069000 r-xp 00002000 08:06 6819701                    /usr/lib/jvm/java-11-openjdk-amd64/lib/libdt_socket.so
7f8d9c069000-7f8d9c06a000 r--p 00005000 08:06 6819701                    /usr/lib/jvm/java-11-openjdk-amd64/lib/libdt_socket.so
7f8d9c06a000-7f8d9c06b000 ---p 00006000 08:06 6819701                    /usr/lib/jvm/java-11-openjdk-amd64/lib/libdt_socket.so
7f8d9c06b000-7f8d9c06c000 r--p 00006000 08:06 6819701                    /usr/lib/jvm/java-11-openjdk-amd64/lib/libdt_socket.so
7f8d9c06c000-7f8d9c06d000 rw-p 00007000 08:06 6819701                    /usr/lib/jvm/java-11-openjdk-amd64/lib/libdt_socket.so
7f8d9c06d000-7f8d9c071000 ---p 00000000 00:00 0 
7f8d9c071000-7f8d9c16e000 rw-p 00000000 00:00 0 
7f8d9c16e000-7f8d9c172000 ---p 00000000 00:00 0 
7f8d9c172000-7f8d9c26f000 rw-p 00000000 00:00 0 
7f8d9c26f000-7f8d9c273000 ---p 00000000 00:00 0 
7f8d9c273000-7f8d9c370000 rw-p 00000000 00:00 0 
7f8d9c370000-7f8d9c374000 ---p 00000000 00:00 0 
7f8d9c374000-7f8d9c471000 rw-p 00000000 00:00 0 
7f8d9c471000-7f8d9c472000 ---p 00000000 00:00 0 
7f8d9c472000-7f8d9c64f000 rw-p 00000000 00:00 0 
7f8d9c64f000-7f8d9c650000 ---p 00000000 00:00 0 
7f8d9c650000-7f8d9c751000 rw-p 00000000 00:00 0 
7f8d9c751000-7f8d9c752000 ---p 00000000 00:00 0 
7f8d9c752000-7f8d9c853000 rw-p 00000000 00:00 0 
7f8d9c853000-7f8d9cac3000 rwxp 00000000 00:00 0 
7f8d9cac3000-7f8d9cde3000 ---p 00000000 00:00 0 
7f8d9cde3000-7f8d9db13000 rwxp 00000000 00:00 0 
7f8d9db13000-7f8da431b000 ---p 00000000 00:00 0 
7f8da431b000-7f8da47bb000 rwxp 00000000 00:00 0 
7f8da47bb000-7f8dab853000 ---p 00000000 00:00 0 
7f8db4000000-7f8db5e0b000 rw-p 00000000 00:00 0 
7f8db5e0b000-7f8db8000000 ---p 00000000 00:00 0 
7f8db8002000-7f8db8009000 r--s 00000000 08:06 7348067                    /usr/lib/x86_64-linux-gnu/gconv/gconv-modules.cache
7f8db8009000-7f8db840d000 rw-p 00000000 00:00 0 
7f8db840d000-7f8db840e000 ---p 00000000 00:00 0 
7f8db840e000-7f8db850f000 rw-p 00000000 00:00 0 
7f8db850f000-7f8db8510000 ---p 00000000 00:00 0 
7f8db8510000-7f8db865d000 rw-p 00000000 00:00 0 
7f8db865d000-7f8db8803000 ---p 00000000 00:00 0 
7f8db8803000-7f8db8830000 rw-p 00000000 00:00 0 
7f8db8830000-7f8db89d6000 ---p 00000000 00:00 0 
7f8db89d6000-7f8db8a03000 rw-p 00000000 00:00 0 
7f8db8a03000-7f8db8ba9000 ---p 00000000 00:00 0 
7f8db8ba9000-7f8db8fae000 rw-p 00000000 00:00 0 
7f8db8fae000-7f8db8faf000 ---p 00000000 00:00 0 
7f8db8faf000-7f8db90ba000 rw-p 00000000 00:00 0 
7f8db90ba000-7f8db919b000 ---p 00000000 00:00 0 
7f8db919b000-7f8db91b6000 rw-p 00000000 00:00 0 
7f8db91b6000-7f8db9286000 ---p 00000000 00:00 0 
7f8db9286000-7f8db928b000 rw-p 00000000 00:00 0 
7f8db928b000-7f8db9292000 ---p 00000000 00:00 0 
7f8db9292000-7f8db9295000 r--p 00000000 08:06 6688645                    /usr/lib/x86_64-linux-gnu/libnss_files-2.31.so
7f8db9295000-7f8db929c000 r-xp 00003000 08:06 6688645                    /usr/lib/x86_64-linux-gnu/libnss_files-2.31.so
7f8db929c000-7f8db929e000 r--p 0000a000 08:06 6688645                    /usr/lib/x86_64-linux-gnu/libnss_files-2.31.so
7f8db929e000-7f8db929f000 r--p 0000b000 08:06 6688645                    /usr/lib/x86_64-linux-gnu/libnss_files-2.31.so
7f8db929f000-7f8db92a0000 rw-p 0000c000 08:06 6688645                    /usr/lib/x86_64-linux-gnu/libnss_files-2.31.so
7f8db92a0000-7f8db92a6000 rw-p 00000000 00:00 0 
7f8db92a8000-7f8db92aa000 r--p 00000000 08:06 6819729                    /usr/lib/jvm/java-11-openjdk-amd64/lib/libzip.so
7f8db92aa000-7f8db92ae000 r-xp 00002000 08:06 6819729                    /usr/lib/jvm/java-11-openjdk-amd64/lib/libzip.so
7f8db92ae000-7f8db92b0000 r--p 00006000 08:06 6819729                    /usr/lib/jvm/java-11-openjdk-amd64/lib/libzip.so
7f8db92b0000-7f8db92b1000 r--p 00007000 08:06 6819729                    /usr/lib/jvm/java-11-openjdk-amd64/lib/libzip.so
7f8db92b1000-7f8db92b2000 rw-p 00008000 08:06 6819729                    /usr/lib/jvm/java-11-openjdk-amd64/lib/libzip.so
7f8db92b2000-7f8db92ba000 rw-s 00000000 08:06 5898277                    /tmp/hsperfdata_gabriel/29001
7f8db92ba000-7f8db92bc000 r--p 00000000 08:06 6819704                    /usr/lib/jvm/java-11-openjdk-amd64/lib/libinstrument.so
7f8db92bc000-7f8db92c2000 r-xp 00002000 08:06 6819704                    /usr/lib/jvm/java-11-openjdk-amd64/lib/libinstrument.so
7f8db92c2000-7f8db92c5000 r--p 00008000 08:06 6819704                    /usr/lib/jvm/java-11-openjdk-amd64/lib/libinstrument.so
7f8db92c5000-7f8db92c6000 r--p 0000a000 08:06 6819704                    /usr/lib/jvm/java-11-openjdk-amd64/lib/libinstrument.so
7f8db92c6000-7f8db92c7000 rw-p 0000b000 08:06 6819704                    /usr/lib/jvm/java-11-openjdk-amd64/lib/libinstrument.so
7f8db92c7000-7f8db92c9000 r--p 00000000 08:06 6819711                    /usr/lib/jvm/java-11-openjdk-amd64/lib/libjdwp.so
7f8db92c9000-7f8db92f5000 r-xp 00002000 08:06 6819711                    /usr/lib/jvm/java-11-openjdk-amd64/lib/libjdwp.so
7f8db92f5000-7f8db9303000 r--p 0002e000 08:06 6819711                    /usr/lib/jvm/java-11-openjdk-amd64/lib/libjdwp.so
7f8db9303000-7f8db9304000 r--p 0003b000 08:06 6819711                    /usr/lib/jvm/java-11-openjdk-amd64/lib/libjdwp.so
7f8db9304000-7f8db9305000 rw-p 0003c000 08:06 6819711                    /usr/lib/jvm/java-11-openjdk-amd64/lib/libjdwp.so
7f8db9305000-7f8db9307000 r--p 00000000 08:06 6819712                    /usr/lib/jvm/java-11-openjdk-amd64/lib/libjimage.so
7f8db9307000-7f8db930a000 r-xp 00002000 08:06 6819712                    /usr/lib/jvm/java-11-openjdk-amd64/lib/libjimage.so
7f8db930a000-7f8db930b000 r--p 00005000 08:06 6819712                    /usr/lib/jvm/java-11-openjdk-amd64/lib/libjimage.so
7f8db930b000-7f8db930c000 ---p 00006000 08:06 6819712                    /usr/lib/jvm/java-11-openjdk-amd64/lib/libjimage.so
7f8db930c000-7f8db930d000 r--p 00006000 08:06 6819712                    /usr/lib/jvm/java-11-openjdk-amd64/lib/libjimage.so
7f8db930d000-7f8db930e000 rw-p 00007000 08:06 6819712                    /usr/lib/jvm/java-11-openjdk-amd64/lib/libjimage.so
7f8db930e000-7f8db931c000 r--p 00000000 08:06 6819709                    /usr/lib/jvm/java-11-openjdk-amd64/lib/libjava.so
7f8db931c000-7f8db9332000 r-xp 0000e000 08:06 6819709                    /usr/lib/jvm/java-11-openjdk-amd64/lib/libjava.so
7f8db9332000-7f8db9339000 r--p 00024000 08:06 6819709                    /usr/lib/jvm/java-11-openjdk-amd64/lib/libjava.so
7f8db9339000-7f8db933a000 r--p 0002a000 08:06 6819709                    /usr/lib/jvm/java-11-openjdk-amd64/lib/libjava.so
7f8db933a000-7f8db933b000 rw-p 0002b000 08:06 6819709                    /usr/lib/jvm/java-11-openjdk-amd64/lib/libjava.so
7f8db933b000-7f8db933c000 rw-p 00000000 00:00 0 
7f8db933c000-7f8db933f000 r--p 00000000 08:06 6688652                    /usr/lib/x86_64-linux-gnu/librt-2.31.so
7f8db933f000-7f8db9343000 r-xp 00003000 08:06 6688652                    /usr/lib/x86_64-linux-gnu/librt-2.31.so
7f8db9343000-7f8db9344000 r--p 00007000 08:06 6688652                    /usr/lib/x86_64-linux-gnu/librt-2.31.so
7f8db9344000-7f8db9345000 ---p 00008000 08:06 6688652                    /usr/lib/x86_64-linux-gnu/librt-2.31.so
7f8db9345000-7f8db9346000 r--p 00008000 08:06 6688652                    /usr/lib/x86_64-linux-gnu/librt-2.31.so
7f8db9346000-7f8db9347000 rw-p 00009000 08:06 6688652                    /usr/lib/x86_64-linux-gnu/librt-2.31.so
7f8db9347000-7f8db934b000 ---p 00000000 00:00 0 
7f8db934b000-7f8db9448000 rw-p 00000000 00:00 0 
7f8db9448000-7f8db944b000 r--p 00000000 08:06 6692391                    /usr/lib/x86_64-linux-gnu/libgcc_s.so.1
7f8db944b000-7f8db945d000 r-xp 00003000 08:06 6692391                    /usr/lib/x86_64-linux-gnu/libgcc_s.so.1
7f8db945d000-7f8db9461000 r--p 00015000 08:06 6692391                    /usr/lib/x86_64-linux-gnu/libgcc_s.so.1
7f8db9461000-7f8db9462000 r--p 00018000 08:06 6692391                    /usr/lib/x86_64-linux-gnu/libgcc_s.so.1
7f8db9462000-7f8db9463000 rw-p 00019000 08:06 6692391                    /usr/lib/x86_64-linux-gnu/libgcc_s.so.1
7f8db9463000-7f8db9472000 r--p 00000000 08:06 6688639                    /usr/lib/x86_64-linux-gnu/libm-2.31.so
7f8db9472000-7f8db9519000 r-xp 0000f000 08:06 6688639                    /usr/lib/x86_64-linux-gnu/libm-2.31.so
7f8db9519000-7f8db95b0000 r--p 000b6000 08:06 6688639                    /usr/lib/x86_64-linux-gnu/libm-2.31.so
7f8db95b0000-7f8db95b1000 r--p 0014c000 08:06 6688639                    /usr/lib/x86_64-linux-gnu/libm-2.31.so
7f8db95b1000-7f8db95b2000 rw-p 0014d000 08:06 6688639                    /usr/lib/x86_64-linux-gnu/libm-2.31.so
7f8db95b2000-7f8db9648000 r--p 00000000 08:06 6693207                    /usr/lib/x86_64-linux-gnu/libstdc++.so.6.0.28
7f8db9648000-7f8db9738000 r-xp 00096000 08:06 6693207                    /usr/lib/x86_64-linux-gnu/libstdc++.so.6.0.28
7f8db9738000-7f8db9781000 r--p 00186000 08:06 6693207                    /usr/lib/x86_64-linux-gnu/libstdc++.so.6.0.28
7f8db9781000-7f8db9782000 ---p 001cf000 08:06 6693207                    /usr/lib/x86_64-linux-gnu/libstdc++.so.6.0.28
7f8db9782000-7f8db978d000 r--p 001cf000 08:06 6693207                    /usr/lib/x86_64-linux-gnu/libstdc++.so.6.0.28
7f8db978d000-7f8db9790000 rw-p 001da000 08:06 6693207                    /usr/lib/x86_64-linux-gnu/libstdc++.so.6.0.28
7f8db9790000-7f8db9793000 rw-p 00000000 00:00 0 
7f8db9793000-7f8db9a14000 r--p 00000000 08:06 6819733                    /usr/lib/jvm/java-11-openjdk-amd64/lib/server/libjvm.so
7f8db9a14000-7f8dba694000 r-xp 00281000 08:06 6819733                    /usr/lib/jvm/java-11-openjdk-amd64/lib/server/libjvm.so
7f8dba694000-7f8dba8ef000 r--p 00f01000 08:06 6819733                    /usr/lib/jvm/java-11-openjdk-amd64/lib/server/libjvm.so
7f8dba8ef000-7f8dba9b3000 r--p 0115b000 08:06 6819733                    /usr/lib/jvm/java-11-openjdk-amd64/lib/server/libjvm.so
7f8dba9b3000-7f8dba9ee000 rw-p 0121f000 08:06 6819733                    /usr/lib/jvm/java-11-openjdk-amd64/lib/server/libjvm.so
7f8dba9ee000-7f8dbaa47000 rw-p 00000000 00:00 0 
7f8dbaa47000-7f8dbaa4e000 r--p 00000000 08:06 6688650                    /usr/lib/x86_64-linux-gnu/libpthread-2.31.so
7f8dbaa4e000-7f8dbaa5f000 r-xp 00007000 08:06 6688650                    /usr/lib/x86_64-linux-gnu/libpthread-2.31.so
7f8dbaa5f000-7f8dbaa64000 r--p 00018000 08:06 6688650                    /usr/lib/x86_64-linux-gnu/libpthread-2.31.so
7f8dbaa64000-7f8dbaa65000 r--p 0001c000 08:06 6688650                    /usr/lib/x86_64-linux-gnu/libpthread-2.31.so
7f8dbaa65000-7f8dbaa66000 rw-p 0001d000 08:06 6688650                    /usr/lib/x86_64-linux-gnu/libpthread-2.31.so
7f8dbaa66000-7f8dbaa6a000 rw-p 00000000 00:00 0 
7f8dbaa6a000-7f8dbaa6b000 r--p 00000000 08:06 6688638                    /usr/lib/x86_64-linux-gnu/libdl-2.31.so
7f8dbaa6b000-7f8dbaa6d000 r-xp 00001000 08:06 6688638                    /usr/lib/x86_64-linux-gnu/libdl-2.31.so
7f8dbaa6d000-7f8dbaa6e000 r--p 00003000 08:06 6688638                    /usr/lib/x86_64-linux-gnu/libdl-2.31.so
7f8dbaa6e000-7f8dbaa6f000 r--p 00003000 08:06 6688638                    /usr/lib/x86_64-linux-gnu/libdl-2.31.so
7f8dbaa6f000-7f8dbaa70000 rw-p 00004000 08:06 6688638                    /usr/lib/x86_64-linux-gnu/libdl-2.31.so
7f8dbaa70000-7f8dbaa72000 r--p 00000000 08:06 6693484                    /usr/lib/x86_64-linux-gnu/libz.so.1.2.11
7f8dbaa72000-7f8dbaa83000 r-xp 00002000 08:06 6693484                    /usr/lib/x86_64-linux-gnu/libz.so.1.2.11
7f8dbaa83000-7f8dbaa89000 r--p 00013000 08:06 6693484                    /usr/lib/x86_64-linux-gnu/libz.so.1.2.11
7f8dbaa89000-7f8dbaa8a000 ---p 00019000 08:06 6693484                    /usr/lib/x86_64-linux-gnu/libz.so.1.2.11
7f8dbaa8a000-7f8dbaa8b000 r--p 00019000 08:06 6693484                    /usr/lib/x86_64-linux-gnu/libz.so.1.2.11
7f8dbaa8b000-7f8dbaa8c000 rw-p 0001a000 08:06 6693484                    /usr/lib/x86_64-linux-gnu/libz.so.1.2.11
7f8dbaa8c000-7f8dbaab1000 r--p 00000000 08:06 6688637                    /usr/lib/x86_64-linux-gnu/libc-2.31.so
7f8dbaab1000-7f8dbac29000 r-xp 00025000 08:06 6688637                    /usr/lib/x86_64-linux-gnu/libc-2.31.so
7f8dbac29000-7f8dbac73000 r--p 0019d000 08:06 6688637                    /usr/lib/x86_64-linux-gnu/libc-2.31.so
7f8dbac73000-7f8dbac74000 ---p 001e7000 08:06 6688637                    /usr/lib/x86_64-linux-gnu/libc-2.31.so
7f8dbac74000-7f8dbac77000 r--p 001e7000 08:06 6688637                    /usr/lib/x86_64-linux-gnu/libc-2.31.so
7f8dbac77000-7f8dbac7a000 rw-p 001ea000 08:06 6688637                    /usr/lib/x86_64-linux-gnu/libc-2.31.so
7f8dbac7a000-7f8dbac7e000 rw-p 00000000 00:00 0 
7f8dbac7e000-7f8dbac7f000 ---p 00000000 00:00 0 
7f8dbac7f000-7f8dbac80000 r--p 00000000 00:00 0 
7f8dbac80000-7f8dbac85000 r--p 00000000 08:06 6819728                    /usr/lib/jvm/java-11-openjdk-amd64/lib/libverify.so
7f8dbac85000-7f8dbac8c000 r-xp 00005000 08:06 6819728                    /usr/lib/jvm/java-11-openjdk-amd64/lib/libverify.so
7f8dbac8c000-7f8dbac8e000 r--p 0000c000 08:06 6819728                    /usr/lib/jvm/java-11-openjdk-amd64/lib/libverify.so
7f8dbac8e000-7f8dbac8f000 ---p 0000e000 08:06 6819728                    /usr/lib/jvm/java-11-openjdk-amd64/lib/libverify.so
7f8dbac8f000-7f8dbac91000 r--p 0000e000 08:06 6819728                    /usr/lib/jvm/java-11-openjdk-amd64/lib/libverify.so
7f8dbac91000-7f8dbac92000 rw-p 00010000 08:06 6819728                    /usr/lib/jvm/java-11-openjdk-amd64/lib/libverify.so
7f8dbac92000-7f8dbac95000 r--p 00000000 08:06 6819694                    /usr/lib/jvm/java-11-openjdk-amd64/lib/jli/libjli.so
7f8dbac95000-7f8dbac9f000 r-xp 00003000 08:06 6819694                    /usr/lib/jvm/java-11-openjdk-amd64/lib/jli/libjli.so
7f8dbac9f000-7f8dbaca2000 r--p 0000d000 08:06 6819694                    /usr/lib/jvm/java-11-openjdk-amd64/lib/jli/libjli.so
7f8dbaca2000-7f8dbaca3000 ---p 00010000 08:06 6819694                    /usr/lib/jvm/java-11-openjdk-amd64/lib/jli/libjli.so
7f8dbaca3000-7f8dbaca4000 r--p 00010000 08:06 6819694                    /usr/lib/jvm/java-11-openjdk-amd64/lib/jli/libjli.so
7f8dbaca4000-7f8dbaca5000 rw-p 00011000 08:06 6819694                    /usr/lib/jvm/java-11-openjdk-amd64/lib/jli/libjli.so
7f8dbaca5000-7f8dbaca7000 rw-p 00000000 00:00 0 
7f8dbaca7000-7f8dbaca8000 r--p 00000000 08:06 6688576                    /usr/lib/x86_64-linux-gnu/ld-2.31.so
7f8dbaca8000-7f8dbaccb000 r-xp 00001000 08:06 6688576                    /usr/lib/x86_64-linux-gnu/ld-2.31.so
7f8dbaccb000-7f8dbacd3000 r--p 00024000 08:06 6688576                    /usr/lib/x86_64-linux-gnu/ld-2.31.so
7f8dbacd4000-7f8dbacd5000 r--p 0002c000 08:06 6688576                    /usr/lib/x86_64-linux-gnu/ld-2.31.so
7f8dbacd5000-7f8dbacd6000 rw-p 0002d000 08:06 6688576                    /usr/lib/x86_64-linux-gnu/ld-2.31.so
7f8dbacd6000-7f8dbacd7000 rw-p 00000000 00:00 0 
7ffd48380000-7ffd483a3000 rw-p 00000000 00:00 0                          [stack]
7ffd483d2000-7ffd483d5000 r--p 00000000 00:00 0                          [vvar]
7ffd483d5000-7ffd483d6000 r-xp 00000000 00:00 0                          [vdso]
ffffffffff600000-ffffffffff601000 --xp 00000000 00:00 0                  [vsyscall]


VM Arguments:
jvm_args: -agentlib:jdwp=transport=dt_socket,suspend=y,address=localhost:38443 -javaagent:/home/gabriel/eclipse/java-2021-12/eclipse/configuration/org.eclipse.osgi/219/0/.cp/lib/javaagent-shaded.jar -Dfile.encoding=UTF-8 
java_command: com.br.example.prj.biblioteca.ProjetoBibliotecaApplication
java_class_path (initial): /home/gabriel/Downloads/prj-integrador/target/classes:/home/gabriel/.m2/repository/org/springframework/boot/spring-boot-starter-data-jpa/2.5.4/spring-boot-starter-data-jpa-2.5.4.jar:/home/gabriel/.m2/repository/org/springframework/boot/spring-boot-starter-aop/2.5.4/spring-boot-starter-aop-2.5.4.jar:/home/gabriel/.m2/repository/org/aspectj/aspectjweaver/1.9.7/aspectjweaver-1.9.7.jar:/home/gabriel/.m2/repository/org/springframework/boot/spring-boot-starter-jdbc/2.5.4/spring-boot-starter-jdbc-2.5.4.jar:/home/gabriel/.m2/repository/com/zaxxer/HikariCP/4.0.3/HikariCP-4.0.3.jar:/home/gabriel/.m2/repository/org/springframework/spring-jdbc/5.3.9/spring-jdbc-5.3.9.jar:/home/gabriel/.m2/repository/jakarta/transaction/jakarta.transaction-api/1.3.3/jakarta.transaction-api-1.3.3.jar:/home/gabriel/.m2/repository/jakarta/persistence/jakarta.persistence-api/2.2.3/jakarta.persistence-api-2.2.3.jar:/home/gabriel/.m2/repository/org/hibernate/hibernate-core/5.4.32.Final/hibernate-core-5.4.32.Final.jar:/home/gabriel/.m2/repository/org/jboss/logging/jboss-logging/3.4.2.Final/jboss-logging-3.4.2.Final.jar:/home/gabriel/.m2/repository/org/javassist/javassist/3.27.0-GA/javassist-3.27.0-GA.jar:/home/gabriel/.m2/repository/net/bytebuddy/byte-buddy/1.10.22/byte-buddy-1.10.22.jar:/home/gabriel/.m2/repository/antlr/antlr/2.7.7/antlr-2.7.7.jar:/home/gabriel/.m2/repository/org/jboss/jandex/2.2.3.Final/jandex-2.2.3.Final.jar:/home/gabriel/.m2/repository/com/fasterxml/classmate/1.5.1/classmate-1.5.1.jar:/home/gabriel/.m2/repository/org/dom4j/dom4j/2.1.3/dom4j-2.1.3.jar:/home/gabriel/.m2/repository/org/hibernate/common/hibernate-commons-annotations/5.1.2.Final/hibernate-commons-annotations-5.1.2.Final.jar:/home/gabriel/.m2/repository/org/glassfish/jaxb/jaxb-runtime/2.3.5/jaxb-runtime-2.3.5.jar:/home/gabriel/.m2/repository/org/glassfish/jaxb/txw2/2.3.5/txw2-2.3.5.jar:/home/gabriel/.m2/repository/com/sun/istack/istack-commons-runtime/3.0.12/istack-commons-runtime-3.0.12.jar
Launcher Type: SUN_STANDARD

