#
# A fatal error has been detected by the Java Runtime Environment:
#
#  SIGSEGV (0xb) at pc=0x00007f84f0f5c0ad, pid=46606, tid=46623
#
# JRE version: OpenJDK Runtime Environment (11.0.13+8) (build 11.0.13+8-Ubuntu-0ubuntu1.20.04)
# Java VM: OpenJDK 64-Bit Server VM (11.0.13+8-Ubuntu-0ubuntu1.20.04, mixed mode, sharing, tiered, compressed oops, g1 gc, linux-amd64)
# Problematic frame:
# C  [libjimage.so+0x30ad]
#
# Core dump will be written. Default location: Core dumps may be processed with "/lib/systemd/systemd-coredump %P %u %g %s %t 9223372036854775808 %h" (or dumping to /home/gabriel/Downloads/prj-integrador/core.46606)
#
# If you would like to submit a bug report, please visit:
#   https://bugs.launchpad.net/ubuntu/+source/openjdk-lts
#

---------------  S U M M A R Y ------------

Command Line: -agentlib:jdwp=transport=dt_socket,suspend=y,address=localhost:42553 -javaagent:/home/gabriel/eclipse/java-2021-12/eclipse/configuration/org.eclipse.osgi/219/0/.cp/lib/javaagent-shaded.jar -Dfile.encoding=UTF-8 com.br.example.prj.biblioteca.ProjetoBibliotecaApplication

Host: Intel(R) Core(TM) i5 CPU       M 460  @ 2.53GHz, 4 cores, 3G, Linux Mint 20.1 Ulyssa
Time: Thu Mar 10 12:15:10 2022 -03 elapsed time: 847.761624 seconds (0d 0h 14m 7s)

---------------  T H R E A D  ---------------

Current thread (0x00007f84ec12e000):  JavaThread "Signal Dispatcher" daemon [_thread_in_vm, id=46623, stack(0x00007f84bf18d000,0x00007f84bf28e000)]

Stack: [0x00007f84bf18d000,0x00007f84bf28e000],  sp=0x00007f84bf28b200,  free space=1016k
Native frames: (J=compiled Java code, A=aot compiled Java code, j=interpreted, Vv=VM code, C=native code)
C  [libjimage.so+0x30ad]
C  [libjimage.so+0x3ca2]
C  [libjimage.so+0x4191]  JIMAGE_FindResource+0xf1
V  [libjvm.so+0x5b8c41]
V  [libjvm.so+0x5bb261]
V  [libjvm.so+0xdee4ed]
V  [libjvm.so+0xded08a]
V  [libjvm.so+0xdef63b]
V  [libjvm.so+0x66b15e]
V  [libjvm.so+0x85b166]
j  jdk.internal.misc.Signal.dispatch(I)V+25 java.base@11.0.13
v  ~StubRoutines::call_stub
V  [libjvm.so+0x863bf4]
V  [libjvm.so+0x862c32]
V  [libjvm.so+0xbce34e]
V  [libjvm.so+0xe24e0f]
V  [libjvm.so+0xe21850]
V  [libjvm.so+0xbe0406]

Java frames: (J=compiled Java code, j=interpreted, Vv=VM code)
j  jdk.internal.misc.Signal.dispatch(I)V+25 java.base@11.0.13
v  ~StubRoutines::call_stub

siginfo: si_signo: 11 (SIGSEGV), si_code: 1 (SEGV_MAPERR), si_addr: 0x00007f84e386eb9c

Register to memory mapping:

RAX=0x0000000000006ee0 is an unknown value
RBX=0x00007f84bf28b2b1 is pointing into the stack for thread: 0x00007f84ec12e000
RCX=0x00007f84bf28b2d3 is pointing into the stack for thread: 0x00007f84ec12e000
RDX=0x0000000000006ee0 is an unknown value
RSP=0x00007f84bf28b200 is pointing into the stack for thread: 0x00007f84ec12e000
RBP=0x00007f84bf28b220 is pointing into the stack for thread: 0x00007f84ec12e000
RSI=0x0 is NULL
RDI=0x00007f84f0f61030: <offset 0x0000000000008030> in /usr/lib/jvm/java-11-openjdk-amd64/lib/libjimage.so at 0x00007f84f0f59000
R8 =0x00007f84e385301c is an unknown value
R9 =0x00007f84bf28c0c0 is pointing into the stack for thread: 0x00007f84ec12e000
R10=0x0000000000000021 is an unknown value
R11=0x00007f84f2892210: <offset 0x00000000001b2210> in /lib/x86_64-linux-gnu/libc.so.6 at 0x00007f84f26e0000
R12=0x0000000000008457 is an unknown value
R13=0x00007f84bf28b2b0 is pointing into the stack for thread: 0x00007f84ec12e000
R14=0x0 is NULL
R15=0x00007f84ec12ec50 points into unknown readable memory: 0x65746e692f6b646a | 6a 64 6b 2f 69 6e 74 65


Registers:
RAX=0x0000000000006ee0, RBX=0x00007f84bf28b2b1, RCX=0x00007f84bf28b2d3, RDX=0x0000000000006ee0
RSP=0x00007f84bf28b200, RBP=0x00007f84bf28b220, RSI=0x0000000000000000, RDI=0x00007f84f0f61030
R8 =0x00007f84e385301c, R9 =0x00007f84bf28c0c0, R10=0x0000000000000021, R11=0x00007f84f2892210
R12=0x0000000000008457, R13=0x00007f84bf28b2b0, R14=0x0000000000000000, R15=0x00007f84ec12ec50
RIP=0x00007f84f0f5c0ad, EFLAGS=0x0000000000010246, CSGSFS=0x002b000000000033, ERR=0x0000000000000004
  TRAPNO=0x000000000000000e

Top of Stack: (sp=0x00007f84bf28b200)
0x00007f84bf28b200:   0000000000000000 00007f84bf28c348
0x00007f84bf28b210:   00007f84ec009be0 00007f84bf28b2b0
0x00007f84bf28b220:   00007f84bf28b290 00007f84f0f5cca2
0x00007f84bf28b230:   0000000000000000 0000000000000000 

Instructions: (pc=0x00007f84f0f5c0ad)
0x00007f84f0f5bfad:   f3 ff ff 44 03 65 90 e9 3f fe ff ff 0f 1f 80 00
0x00007f84f0f5bfbd:   00 00 00 41 8b 10 41 89 55 00 41 8b 54 00 fc 41
0x00007f84f0f5bfcd:   89 54 05 fc e9 82 fc ff ff 66 2e 0f 1f 84 00 00
0x00007f84f0f5bfdd:   00 00 00 b9 0a 00 00 00 e9 f0 fc ff ff 41 0f b7
0x00007f84f0f5bfed:   54 00 fe 66 41 89 54 05 fe e9 5d fc ff ff 0f 1f
0x00007f84f0f5bffd:   44 00 00 f3 0f 1e fa 0f b6 17 89 f0 89 f1 4c 8d
0x00007f84f0f5c00d:   47 01 84 d2 74 1c 0f 1f 44 00 00 69 c9 93 01 00
0x00007f84f0f5c01d:   01 49 83 c0 01 31 d1 41 0f b6 50 ff 84 d2 75 eb
0x00007f84f0f5c02d:   89 c8 25 ff ff ff 7f c3 90 66 2e 0f 1f 84 00 00
0x00007f84f0f5c03d:   00 00 00 f3 0f 1e fa 48 85 d2 0f 84 da 00 00 00
0x00007f84f0f5c04d:   55 48 89 e5 41 55 41 54 41 89 cc 53 48 83 ec 08
0x00007f84f0f5c05d:   85 c9 0f 84 ba 00 00 00 49 89 f5 48 8d 5e 01 0f
0x00007f84f0f5c06d:   b6 36 49 89 d0 40 84 f6 0f 84 9d 00 00 00 48 89
0x00007f84f0f5c07d:   d9 b8 93 01 00 01 0f 1f 44 00 00 69 d0 93 01 00
0x00007f84f0f5c08d:   01 48 83 c1 01 40 0f b6 c6 0f b6 71 ff 31 d0 40
0x00007f84f0f5c09d:   84 f6 75 e7 25 ff ff ff 7f 31 d2 41 f7 f4 89 d0
0x00007f84f0f5c0ad:   41 8b 34 80 48 8b 07 ff 50 20 85 c0 7f 15 74 62
0x00007f84f0f5c0bd:   f7 d0 41 89 c0 48 83 c4 08 44 89 c0 5b 41 5c 41
0x00007f84f0f5c0cd:   5d 5d c3 41 0f b6 4d 00 89 c6 84 c9 74 1b 0f 1f
0x00007f84f0f5c0dd:   44 00 00 69 f6 93 01 00 01 48 83 c3 01 31 ce 0f
0x00007f84f0f5c0ed:   b6 4b ff 84 c9 75 ec 89 f0 25 ff ff ff 7f 31 d2
0x00007f84f0f5c0fd:   48 83 c4 08 41 f7 f4 5b 41 5c 41 5d 5d 41 89 d0
0x00007f84f0f5c10d:   44 89 c0 c3 0f 1f 80 00 00 00 00 b8 93 01 00 01
0x00007f84f0f5c11d:   eb 87 41 b8 ff ff ff ff eb 9b 41 83 c8 ff 44 89
0x00007f84f0f5c12d:   c0 c3 90 f3 0f 1e fa eb 1d 66 2e 0f 1f 84 00 00
0x00007f84f0f5c13d:   00 00 00 0f b6 16 84 d2 74 13 38 c2 75 15 48 83
0x00007f84f0f5c14d:   c7 01 48 83 c6 01 0f b6 07 84 c0 75 e6 48 89 f8
0x00007f84f0f5c15d:   c3 66 90 31 c0 c3 90 66 66 2e 0f 1f 84 00 00 00
0x00007f84f0f5c16d:   00 00 90 f3 0f 1e fa 48 85 f6 74 51 0f b6 06 84
0x00007f84f0f5c17d:   c0 74 4a 0f b6 d0 83 e0 07 c1 fa 03 44 8d 50 01
0x00007f84f0f5c18d:   0f b6 c0 41 89 d1 4c 8d 44 06 02 48 8d 56 01 31
0x00007f84f0f5c19d:   c0 66 90 0f b6 0a 48 c1 e0 08 48 83 c2 01 48 09 


Stack slot to memory mapping:
stack at sp + 0 slots: 0x0 is NULL
stack at sp + 1 slots: 0x00007f84bf28c348 is pointing into the stack for thread: 0x00007f84ec12e000
stack at sp + 2 slots: 0x00007f84ec009be0 points into unknown readable memory: 0x00007f848c0136b0 | b0 36 01 8c 84 7f 00 00
stack at sp + 3 slots: 0x00007f84bf28b2b0 is pointing into the stack for thread: 0x00007f84ec12e000
stack at sp + 4 slots: 0x00007f84bf28b290 is pointing into the stack for thread: 0x00007f84ec12e000
stack at sp + 5 slots: 0x00007f84f0f5cca2: <offset 0x0000000000003ca2> in /usr/lib/jvm/java-11-openjdk-amd64/lib/libjimage.so at 0x00007f84f0f59000
stack at sp + 6 slots: 0x0 is NULL
stack at sp + 7 slots: 0x0 is NULL


---------------  P R O C E S S  ---------------

Threads class SMR info:
_java_thread_list=0x00007f8484004d30, length=26, elements={
0x00007f84ec126800, 0x00007f84ec128800, 0x00007f84ec12e000, 0x00007f84ec130000,
0x00007f84ec132800, 0x00007f84ec134800, 0x00007f84ec136800, 0x00007f84ec17c800,
0x00007f84ec1cf000, 0x00007f84ec1d3000, 0x00007f84ed2bf000, 0x00007f84ed316000,
0x00007f84ed7f3800, 0x00007f8464004000, 0x00007f84ed7f7000, 0x00007f84ed744800,
0x00007f84ed7c2800, 0x00007f84ec01a000, 0x00007f845c00d000, 0x00007f845c004000,
0x00007f845c006000, 0x00007f845c008000, 0x00007f845c009800, 0x00007f845c00e800,
0x00007f845c010000, 0x00007f845c015000
}

Java Threads: ( => current thread )
  0x00007f84ec126800 JavaThread "Reference Handler" daemon [_thread_blocked, id=46621, stack(0x00007f84cc1cf000,0x00007f84cc2d0000)]
  0x00007f84ec128800 JavaThread "Finalizer" daemon [_thread_blocked, id=46622, stack(0x00007f84cc0ce000,0x00007f84cc1cf000)]
=>0x00007f84ec12e000 JavaThread "Signal Dispatcher" daemon [_thread_in_vm, id=46623, stack(0x00007f84bf18d000,0x00007f84bf28e000)]
  0x00007f84ec130000 JavaThread "Service Thread" daemon [_thread_blocked, id=46624, stack(0x00007f84bf08c000,0x00007f84bf18d000)]
  0x00007f84ec132800 JavaThread "C2 CompilerThread0" daemon [_thread_blocked, id=46625, stack(0x00007f84bef8b000,0x00007f84bf08c000)]
  0x00007f84ec134800 JavaThread "C1 CompilerThread0" daemon [_thread_blocked, id=46626, stack(0x00007f84bee8a000,0x00007f84bef8b000)]
  0x00007f84ec136800 JavaThread "Sweeper thread" daemon [_thread_blocked, id=46627, stack(0x00007f84bed89000,0x00007f84bee8a000)]
  0x00007f84ec17c800 JavaThread "Common-Cleaner" daemon [_thread_blocked, id=46628, stack(0x00007f84bec88000,0x00007f84bed89000)]
  0x00007f84ec1cf000 JavaThread "JDWP Transport Listener: dt_socket" daemon [_thread_in_native, id=46630, stack(0x00007f84beb87000,0x00007f84bec88000)]
  0x00007f84ec1d3000 JavaThread "JDWP Event Helper Thread" daemon [_thread_blocked, id=46632, stack(0x00007f84bea86000,0x00007f84beb87000)]
  0x00007f84ed2bf000 JavaThread "mysql-cj-abandoned-connection-cleanup" daemon [_thread_blocked, id=46645, stack(0x00007f84be680000,0x00007f84be781000)]
  0x00007f84ed316000 JavaThread "HikariPool-1 housekeeper" daemon [_thread_blocked, id=46646, stack(0x00007f84be37b000,0x00007f84be47c000)]
  0x00007f84ed7f3800 JavaThread "Catalina-utility-1" [_thread_blocked, id=46650, stack(0x00007f84bc3da000,0x00007f84bc4db000)]
  0x00007f8464004000 JavaThread "Catalina-utility-2" [_thread_blocked, id=46651, stack(0x00007f84bc0d9000,0x00007f84bc1da000)]
  0x00007f84ed7f7000 JavaThread "container-0" [_thread_blocked, id=46652, stack(0x00007f846b4ff000,0x00007f846b600000)]
  0x00007f84ed744800 JavaThread "http-nio-8080-Poller" daemon [_thread_in_native, id=46663, stack(0x00007f846affe000,0x00007f846b0ff000)]
  0x00007f84ed7c2800 JavaThread "http-nio-8080-Acceptor" daemon [_thread_in_native, id=46664, stack(0x00007f846aefd000,0x00007f846affe000)]
  0x00007f84ec01a000 JavaThread "DestroyJavaVM" [_thread_blocked, id=46614, stack(0x00007f84f0f9b000,0x00007f84f109c000)]
  0x00007f845c00d000 JavaThread "http-nio-8080-exec-1" daemon [_thread_blocked, id=46668, stack(0x00007f846adfc000,0x00007f846aefd000)]
  0x00007f845c004000 JavaThread "http-nio-8080-exec-2" daemon [_thread_blocked, id=46854, stack(0x00007f846a8fb000,0x00007f846a9fc000)]
  0x00007f845c006000 JavaThread "http-nio-8080-exec-3" daemon [_thread_blocked, id=46893, stack(0x00007f846a7fa000,0x00007f846a8fb000)]
  0x00007f845c008000 JavaThread "http-nio-8080-exec-4" daemon [_thread_blocked, id=46903, stack(0x00007f846a6f9000,0x00007f846a7fa000)]
  0x00007f845c009800 JavaThread "http-nio-8080-exec-5" daemon [_thread_blocked, id=46904, stack(0x00007f846a5f8000,0x00007f846a6f9000)]
  0x00007f845c00e800 JavaThread "http-nio-8080-exec-6" daemon [_thread_blocked, id=46924, stack(0x00007f846a2f7000,0x00007f846a3f8000)]
  0x00007f845c010000 JavaThread "http-nio-8080-exec-7" daemon [_thread_blocked, id=47087, stack(0x00007f846a1f6000,0x00007f846a2f7000)]
  0x00007f845c015000 JavaThread "http-nio-8080-exec-8" daemon [_thread_blocked, id=47112, stack(0x00007f846a0f5000,0x00007f846a1f6000)]

Other Threads:
  0x00007f84ec123800 VMThread "VM Thread" [stack: 0x00007f84d40ca000,0x00007f84d41ca000] [id=46620]
  0x00007f84ec514800 WatcherThread [stack: 0x00007f84be885000,0x00007f84be985000] [id=46637]
  0x00007f84ec031000 GCTaskThread "GC Thread#0" [stack: 0x00007f84f0c04000,0x00007f84f0d04000] [id=46615]
  0x00007f84b4001000 GCTaskThread "GC Thread#1" [stack: 0x00007f84be783000,0x00007f84be883000] [id=46638]
  0x00007f84b4004800 GCTaskThread "GC Thread#2" [stack: 0x00007f84be580000,0x00007f84be680000] [id=46640]
  0x00007f84b4006000 GCTaskThread "GC Thread#3" [stack: 0x00007f84be47e000,0x00007f84be57e000] [id=46641]
  0x00007f84ec04b000 ConcurrentGCThread "G1 Main Marker" [stack: 0x00007f84f0165000,0x00007f84f0265000] [id=46616]
  0x00007f84ec04d000 ConcurrentGCThread "G1 Conc#0" [stack: 0x00007f84f0063000,0x00007f84f0163000] [id=46617]
  0x00007f84ec08f000 ConcurrentGCThread "G1 Refine#0" [stack: 0x00007f84d434f000,0x00007f84d444f000] [id=46618]
  0x00007f84ec090800 ConcurrentGCThread "G1 Young RemSet Sampling" [stack: 0x00007f84d424d000,0x00007f84d434d000] [id=46619]

Threads with active compile tasks:

VM state:not at safepoint (normal execution)

VM Mutex/Monitor currently owned by a thread: None

Heap address: 0x00000000c5a00000, size: 934 MB, Compressed Oops mode: 32-bit
Narrow klass base: 0x0000000800000000, Narrow klass shift: 3
Compressed class space size: 1073741824 Address: 0x0000000840000000

Heap:
 garbage-first heap   total 92160K, used 62033K [0x00000000c5a00000, 0x0000000100000000)
  region size 1024K, 37 young (37888K), 4 survivors (4096K)
 Metaspace       used 66870K, capacity 68645K, committed 69104K, reserved 1110016K
  class space    used 8543K, capacity 9246K, committed 9368K, reserved 1048576K
Heap Regions: E=young(eden), S=young(survivor), O=old, HS=humongous(starts), HC=humongous(continues), CS=collection set, F=free, A=archive, TAMS=top-at-mark-start (previous, next)
|   0|0x00000000c5a00000, 0x00000000c5b00000, 0x00000000c5b00000|100%|HS|  |TAMS 0x00000000c5b00000, 0x00000000c5a00000| Complete 
|   1|0x00000000c5b00000, 0x00000000c5c00000, 0x00000000c5c00000|100%| O|  |TAMS 0x00000000c5c00000, 0x00000000c5b00000| Untracked 
|   2|0x00000000c5c00000, 0x00000000c5d00000, 0x00000000c5d00000|100%| O|  |TAMS 0x00000000c5d00000, 0x00000000c5c00000| Untracked 
|   3|0x00000000c5d00000, 0x00000000c5e00000, 0x00000000c5e00000|100%| O|  |TAMS 0x00000000c5e00000, 0x00000000c5d00000| Untracked 
|   4|0x00000000c5e00000, 0x00000000c5f00000, 0x00000000c5f00000|100%| O|  |TAMS 0x00000000c5f00000, 0x00000000c5e00000| Untracked 
|   5|0x00000000c5f00000, 0x00000000c6000000, 0x00000000c6000000|100%| O|  |TAMS 0x00000000c6000000, 0x00000000c5f00000| Untracked 
|   6|0x00000000c6000000, 0x00000000c6100000, 0x00000000c6100000|100%| O|  |TAMS 0x00000000c6100000, 0x00000000c6000000| Untracked 
|   7|0x00000000c6100000, 0x00000000c6200000, 0x00000000c6200000|100%| O|  |TAMS 0x00000000c6200000, 0x00000000c6100000| Untracked 
|   8|0x00000000c6200000, 0x00000000c6300000, 0x00000000c6300000|100%| O|  |TAMS 0x00000000c6300000, 0x00000000c6200000| Untracked 
|   9|0x00000000c6300000, 0x00000000c6400000, 0x00000000c6400000|100%| O|  |TAMS 0x00000000c6400000, 0x00000000c6300000| Untracked 
|  10|0x00000000c6400000, 0x00000000c6500000, 0x00000000c6500000|100%| O|  |TAMS 0x00000000c6500000, 0x00000000c6400000| Untracked 
|  11|0x00000000c6500000, 0x00000000c6600000, 0x00000000c6600000|100%| O|  |TAMS 0x00000000c6600000, 0x00000000c6500000| Untracked 
|  12|0x00000000c6600000, 0x00000000c6700000, 0x00000000c6700000|100%| O|  |TAMS 0x00000000c6700000, 0x00000000c6600000| Untracked 
|  13|0x00000000c6700000, 0x00000000c6800000, 0x00000000c6800000|100%| O|  |TAMS 0x00000000c6800000, 0x00000000c6700000| Untracked 
|  14|0x00000000c6800000, 0x00000000c6900000, 0x00000000c6900000|100%| O|  |TAMS 0x00000000c6900000, 0x00000000c6800000| Untracked 
|  15|0x00000000c6900000, 0x00000000c6a00000, 0x00000000c6a00000|100%| O|  |TAMS 0x00000000c6a00000, 0x00000000c6900000| Untracked 
|  16|0x00000000c6a00000, 0x00000000c6b00000, 0x00000000c6b00000|100%| O|  |TAMS 0x00000000c6b00000, 0x00000000c6a00000| Untracked 
|  17|0x00000000c6b00000, 0x00000000c6c00000, 0x00000000c6c00000|100%| O|  |TAMS 0x00000000c6c00000, 0x00000000c6b00000| Untracked 
|  18|0x00000000c6c00000, 0x00000000c6d00000, 0x00000000c6d00000|100%| O|  |TAMS 0x00000000c6d00000, 0x00000000c6c00000| Untracked 
|  19|0x00000000c6d00000, 0x00000000c6e00000, 0x00000000c6e00000|100%| O|  |TAMS 0x00000000c6e00000, 0x00000000c6d00000| Untracked 
|  20|0x00000000c6e00000, 0x00000000c6f00000, 0x00000000c6f00000|100%| O|  |TAMS 0x00000000c6f00000, 0x00000000c6e00000| Untracked 
|  21|0x00000000c6f00000, 0x00000000c7000000, 0x00000000c7000000|100%| O|  |TAMS 0x00000000c7000000, 0x00000000c6f00000| Untracked 
|  22|0x00000000c7000000, 0x00000000c7100000, 0x00000000c7100000|100%| O|  |TAMS 0x00000000c7049000, 0x00000000c7000000| Untracked 
|  23|0x00000000c7100000, 0x00000000c7200000, 0x00000000c7200000|100%| O|  |TAMS 0x00000000c7100000, 0x00000000c7100000| Untracked 
|  24|0x00000000c7200000, 0x00000000c7300000, 0x00000000c7300000|100%| O|  |TAMS 0x00000000c7200000, 0x00000000c7200000| Untracked 
|  25|0x00000000c7300000, 0x00000000c7323400, 0x00000000c7400000| 13%| O|  |TAMS 0x00000000c7300000, 0x00000000c7300000| Untracked 
|  26|0x00000000c7400000, 0x00000000c7400000, 0x00000000c7500000|  0%| F|  |TAMS 0x00000000c7400000, 0x00000000c7400000| Untracked 
|  27|0x00000000c7500000, 0x00000000c7500000, 0x00000000c7600000|  0%| F|  |TAMS 0x00000000c7500000, 0x00000000c7500000| Untracked 
|  28|0x00000000c7600000, 0x00000000c7600000, 0x00000000c7700000|  0%| F|  |TAMS 0x00000000c7600000, 0x00000000c7600000| Untracked 
|  29|0x00000000c7700000, 0x00000000c7700000, 0x00000000c7800000|  0%| F|  |TAMS 0x00000000c7700000, 0x00000000c7700000| Untracked 
|  30|0x00000000c7800000, 0x00000000c7800000, 0x00000000c7900000|  0%| F|  |TAMS 0x00000000c7800000, 0x00000000c7800000| Untracked 
|  31|0x00000000c7900000, 0x00000000c7900000, 0x00000000c7a00000|  0%| F|  |TAMS 0x00000000c7900000, 0x00000000c7900000| Untracked 
|  32|0x00000000c7a00000, 0x00000000c7a00000, 0x00000000c7b00000|  0%| F|  |TAMS 0x00000000c7a00000, 0x00000000c7a00000| Untracked 
|  33|0x00000000c7b00000, 0x00000000c7b00000, 0x00000000c7c00000|  0%| F|  |TAMS 0x00000000c7b00000, 0x00000000c7b00000| Untracked 
|  34|0x00000000c7c00000, 0x00000000c7c00000, 0x00000000c7d00000|  0%| F|  |TAMS 0x00000000c7c00000, 0x00000000c7c00000| Untracked 
|  35|0x00000000c7d00000, 0x00000000c7d00000, 0x00000000c7e00000|  0%| F|  |TAMS 0x00000000c7d00000, 0x00000000c7d00000| Untracked 
|  36|0x00000000c7e00000, 0x00000000c7e00000, 0x00000000c7f00000|  0%| F|  |TAMS 0x00000000c7e00000, 0x00000000c7e00000| Untracked 
|  37|0x00000000c7f00000, 0x00000000c7f00000, 0x00000000c8000000|  0%| F|  |TAMS 0x00000000c7f00000, 0x00000000c7f00000| Untracked 
|  38|0x00000000c8000000, 0x00000000c8000000, 0x00000000c8100000|  0%| F|  |TAMS 0x00000000c8000000, 0x00000000c8000000| Untracked 
|  39|0x00000000c8100000, 0x00000000c8100000, 0x00000000c8200000|  0%| F|  |TAMS 0x00000000c8100000, 0x00000000c8100000| Untracked 
|  40|0x00000000c8200000, 0x00000000c8200000, 0x00000000c8300000|  0%| F|  |TAMS 0x00000000c8200000, 0x00000000c8200000| Untracked 
|  41|0x00000000c8300000, 0x00000000c8300000, 0x00000000c8400000|  0%| F|  |TAMS 0x00000000c8300000, 0x00000000c8300000| Untracked 
|  42|0x00000000c8400000, 0x00000000c8400000, 0x00000000c8500000|  0%| F|  |TAMS 0x00000000c8400000, 0x00000000c8400000| Untracked 
|  43|0x00000000c8500000, 0x00000000c8500000, 0x00000000c8600000|  0%| F|  |TAMS 0x00000000c8500000, 0x00000000c8500000| Untracked 
|  44|0x00000000c8600000, 0x00000000c8600000, 0x00000000c8700000|  0%| F|  |TAMS 0x00000000c8600000, 0x00000000c8600000| Untracked 
|  45|0x00000000c8700000, 0x00000000c8700000, 0x00000000c8800000|  0%| F|  |TAMS 0x00000000c8700000, 0x00000000c8700000| Untracked 
|  46|0x00000000c8800000, 0x00000000c88bf038, 0x00000000c8900000| 74%| S|CS|TAMS 0x00000000c8800000, 0x00000000c8800000| Complete 
|  47|0x00000000c8900000, 0x00000000c8a00000, 0x00000000c8a00000|100%| S|CS|TAMS 0x00000000c8900000, 0x00000000c8900000| Complete 
|  48|0x00000000c8a00000, 0x00000000c8b00000, 0x00000000c8b00000|100%| S|CS|TAMS 0x00000000c8a00000, 0x00000000c8a00000| Complete 
|  49|0x00000000c8b00000, 0x00000000c8c00000, 0x00000000c8c00000|100%| S|CS|TAMS 0x00000000c8b00000, 0x00000000c8b00000| Complete 
|  50|0x00000000c8c00000, 0x00000000c8c00000, 0x00000000c8d00000|  0%| F|  |TAMS 0x00000000c8c00000, 0x00000000c8c00000| Untracked 
|  51|0x00000000c8d00000, 0x00000000c8d00000, 0x00000000c8e00000|  0%| F|  |TAMS 0x00000000c8d00000, 0x00000000c8d00000| Untracked 
|  52|0x00000000c8e00000, 0x00000000c8e00000, 0x00000000c8f00000|  0%| F|  |TAMS 0x00000000c8e00000, 0x00000000c8e00000| Untracked 
|  53|0x00000000c8f00000, 0x00000000c8f00000, 0x00000000c9000000|  0%| F|  |TAMS 0x00000000c8f00000, 0x00000000c8f00000| Untracked 
|  54|0x00000000c9000000, 0x00000000c9000000, 0x00000000c9100000|  0%| F|  |TAMS 0x00000000c9000000, 0x00000000c9000000| Untracked 
|  55|0x00000000c9100000, 0x00000000c9163160, 0x00000000c9200000| 38%| E|  |TAMS 0x00000000c9100000, 0x00000000c9100000| Complete 
|  56|0x00000000c9200000, 0x00000000c9300000, 0x00000000c9300000|100%| E|CS|TAMS 0x00000000c9200000, 0x00000000c9200000| Complete 
|  57|0x00000000c9300000, 0x00000000c9400000, 0x00000000c9400000|100%| E|CS|TAMS 0x00000000c9300000, 0x00000000c9300000| Complete 
|  58|0x00000000c9400000, 0x00000000c9500000, 0x00000000c9500000|100%| E|CS|TAMS 0x00000000c9400000, 0x00000000c9400000| Complete 
|  59|0x00000000c9500000, 0x00000000c9600000, 0x00000000c9600000|100%| E|CS|TAMS 0x00000000c9500000, 0x00000000c9500000| Complete 
|  60|0x00000000c9600000, 0x00000000c9700000, 0x00000000c9700000|100%| E|CS|TAMS 0x00000000c9600000, 0x00000000c9600000| Complete 
|  61|0x00000000c9700000, 0x00000000c9800000, 0x00000000c9800000|100%| E|CS|TAMS 0x00000000c9700000, 0x00000000c9700000| Complete 
|  62|0x00000000c9800000, 0x00000000c9900000, 0x00000000c9900000|100%| E|CS|TAMS 0x00000000c9800000, 0x00000000c9800000| Complete 
|  63|0x00000000c9900000, 0x00000000c9a00000, 0x00000000c9a00000|100%| E|CS|TAMS 0x00000000c9900000, 0x00000000c9900000| Complete 
|  64|0x00000000c9a00000, 0x00000000c9b00000, 0x00000000c9b00000|100%| E|CS|TAMS 0x00000000c9a00000, 0x00000000c9a00000| Complete 
|  65|0x00000000c9b00000, 0x00000000c9bfffb0, 0x00000000c9c00000| 99%| E|  |TAMS 0x00000000c9b00000, 0x00000000c9b00000| Complete 
|  66|0x00000000c9c00000, 0x00000000c9d00000, 0x00000000c9d00000|100%| E|CS|TAMS 0x00000000c9c00000, 0x00000000c9c00000| Complete 
|  67|0x00000000c9d00000, 0x00000000c9e00000, 0x00000000c9e00000|100%| E|CS|TAMS 0x00000000c9d00000, 0x00000000c9d00000| Complete 
|  68|0x00000000c9e00000, 0x00000000c9f00000, 0x00000000c9f00000|100%| E|CS|TAMS 0x00000000c9e00000, 0x00000000c9e00000| Complete 
|  69|0x00000000c9f00000, 0x00000000ca000000, 0x00000000ca000000|100%| E|CS|TAMS 0x00000000c9f00000, 0x00000000c9f00000| Complete 
|  70|0x00000000ca000000, 0x00000000ca100000, 0x00000000ca100000|100%| E|CS|TAMS 0x00000000ca000000, 0x00000000ca000000| Complete 
|  71|0x00000000ca100000, 0x00000000ca200000, 0x00000000ca200000|100%| E|CS|TAMS 0x00000000ca100000, 0x00000000ca100000| Complete 
|  72|0x00000000ca200000, 0x00000000ca300000, 0x00000000ca300000|100%| E|CS|TAMS 0x00000000ca200000, 0x00000000ca200000| Complete 
|  73|0x00000000ca300000, 0x00000000ca400000, 0x00000000ca400000|100%| E|CS|TAMS 0x00000000ca300000, 0x00000000ca300000| Complete 
|  74|0x00000000ca400000, 0x00000000ca500000, 0x00000000ca500000|100%| E|CS|TAMS 0x00000000ca400000, 0x00000000ca400000| Complete 
|  75|0x00000000ca500000, 0x00000000ca600000, 0x00000000ca600000|100%| E|CS|TAMS 0x00000000ca500000, 0x00000000ca500000| Complete 
|  76|0x00000000ca600000, 0x00000000ca700000, 0x00000000ca700000|100%| E|CS|TAMS 0x00000000ca600000, 0x00000000ca600000| Complete 
|  77|0x00000000ca700000, 0x00000000ca800000, 0x00000000ca800000|100%| E|CS|TAMS 0x00000000ca700000, 0x00000000ca700000| Complete 
|  78|0x00000000ca800000, 0x00000000ca900000, 0x00000000ca900000|100%| E|CS|TAMS 0x00000000ca800000, 0x00000000ca800000| Complete 
|  79|0x00000000ca900000, 0x00000000caa00000, 0x00000000caa00000|100%| E|CS|TAMS 0x00000000ca900000, 0x00000000ca900000| Complete 
|  80|0x00000000caa00000, 0x00000000cab00000, 0x00000000cab00000|100%| E|CS|TAMS 0x00000000caa00000, 0x00000000caa00000| Complete 
|  81|0x00000000cab00000, 0x00000000cac00000, 0x00000000cac00000|100%| E|CS|TAMS 0x00000000cab00000, 0x00000000cab00000| Complete 
|  82|0x00000000cac00000, 0x00000000cad00000, 0x00000000cad00000|100%| E|CS|TAMS 0x00000000cac00000, 0x00000000cac00000| Complete 
|  83|0x00000000cad00000, 0x00000000cae00000, 0x00000000cae00000|100%| E|CS|TAMS 0x00000000cad00000, 0x00000000cad00000| Complete 
|  84|0x00000000cae00000, 0x00000000caf00000, 0x00000000caf00000|100%| E|CS|TAMS 0x00000000cae00000, 0x00000000cae00000| Complete 
|  85|0x00000000caf00000, 0x00000000cb000000, 0x00000000cb000000|100%| E|CS|TAMS 0x00000000caf00000, 0x00000000caf00000| Complete 
|  86|0x00000000cb000000, 0x00000000cb100000, 0x00000000cb100000|100%| E|CS|TAMS 0x00000000cb000000, 0x00000000cb000000| Complete 
|  87|0x00000000cb100000, 0x00000000cb200000, 0x00000000cb200000|100%| E|CS|TAMS 0x00000000cb100000, 0x00000000cb100000| Complete 
| 932|0x00000000ffe00000, 0x00000000ffe47000, 0x00000000fff00000| 27%|OA|  |TAMS 0x00000000ffe47000, 0x00000000ffe00000| Untracked 
| 933|0x00000000fff00000, 0x00000000fff6b000, 0x0000000100000000| 41%|CA|  |TAMS 0x00000000fff6b000, 0x00000000fff00000| Untracked 

Card table byte_map: [0x00007f84f0458000,0x00007f84f062b000] _byte_map_base: 0x00007f84efe2b000

Marking Bits (Prev, Next): (CMBitMap*) 0x00007f84ec046870, (CMBitMap*) 0x00007f84ec046838
 Prev Bits: [0x00007f84ce2d0000, 0x00007f84cf168000)
 Next Bits: [0x00007f84cf168000, 0x00007f84d0000000)

Polling page: 0x00007f84f28d2000

Metaspace:

Usage:
  Non-class:     58,01 MB capacity,    56,96 MB ( 98%) used,   837,88 KB (  1%) free+waste,   233,38 KB ( <1%) overhead. 
      Class:      9,03 MB capacity,     8,34 MB ( 92%) used,   595,37 KB (  6%) free+waste,   107,56 KB (  1%) overhead. 
       Both:     67,04 MB capacity,    65,30 MB ( 97%) used,     1,40 MB (  2%) free+waste,   340,94 KB ( <1%) overhead. 

Virtual space:
  Non-class space:       60,00 MB reserved,      58,34 MB ( 97%) committed 
      Class space:        1,00 GB reserved,       9,15 MB ( <1%) committed 
             Both:        1,06 GB reserved,      67,48 MB (  6%) committed 

Chunk freelists:
   Non-Class:  113,00 KB
       Class:  2,00 KB
        Both:  115,00 KB

MaxMetaspaceSize: unlimited
CompressedClassSpaceSize: 1,00 GB
Initial GC threshold: 20,80 MB
Current GC threshold: 98,10 MB
CDS: on

CodeHeap 'non-profiled nmethods': size=120032Kb used=5028Kb max_used=5028Kb free=115003Kb
 bounds [0x00007f84dc31b000, 0x00007f84dc80b000, 0x00007f84e3853000]
CodeHeap 'profiled nmethods': size=120032Kb used=14276Kb max_used=14276Kb free=105755Kb
 bounds [0x00007f84d4de3000, 0x00007f84d5be3000, 0x00007f84dc31b000]
CodeHeap 'non-nmethods': size=5696Kb used=1389Kb max_used=1451Kb free=4306Kb
 bounds [0x00007f84d4853000, 0x00007f84d4ac3000, 0x00007f84d4de3000]
 total_blobs=6798 nmethods=6169 adapters=550
 compilation: enabled
              stopped_count=0, restarted_count=0
 full_count=0

Compilation events (20 events):
Event: 652,002 Thread 0x00007f84ec134800 6394       3       java.util.concurrent.atomic.AtomicIntegerFieldUpdater$AtomicIntegerFieldUpdaterImpl::get (17 bytes)
Event: 652,002 Thread 0x00007f84ec134800 nmethod 6394 0x00007f84d5bca810 code [0x00007f84d5bca9e0, 0x00007f84d5bcac20]
Event: 667,662 Thread 0x00007f84ec134800 6395       3       java.util.HashSet::isEmpty (8 bytes)
Event: 667,663 Thread 0x00007f84ec134800 nmethod 6395 0x00007f84d5bcad10 code [0x00007f84d5bcaec0, 0x00007f84d5bcb130]
Event: 685,804 Thread 0x00007f84ec134800 6396   !   3       org.apache.catalina.core.ContainerBase::getRealmInternal (38 bytes)
Event: 685,805 Thread 0x00007f84ec134800 nmethod 6396 0x00007f84d5bcb210 code [0x00007f84d5bcb460, 0x00007f84d5bcbd10]
Event: 695,804 Thread 0x00007f84ec134800 6397   !   3       org.apache.catalina.core.ContainerBase::getClusterInternal (38 bytes)
Event: 695,805 Thread 0x00007f84ec134800 nmethod 6397 0x00007f84d5bcc090 code [0x00007f84d5bcc2e0, 0x00007f84d5bccb90]
Event: 695,805 Thread 0x00007f84ec134800 6398   !   3       org.apache.catalina.core.ContainerBase$ContainerBackgroundProcessor::processChildren (202 bytes)
Event: 695,808 Thread 0x00007f84ec134800 nmethod 6398 0x00007f84d5bccf10 code [0x00007f84d5bcd2c0, 0x00007f84d5bcf820]
Event: 695,808 Thread 0x00007f84ec134800 6399   !   3       org.apache.catalina.core.ContainerBase::backgroundProcess (168 bytes)
Event: 695,810 Thread 0x00007f84ec134800 nmethod 6399 0x00007f84d5bd0290 code [0x00007f84d5bd05e0, 0x00007f84d5bd1e20]
Event: 705,804 Thread 0x00007f84ec132800 6400       4       java.util.AbstractCollection::addAll (42 bytes)
Event: 705,807 Thread 0x00007f84ec132800 nmethod 6400 0x00007f84dc803910 code [0x00007f84dc803ac0, 0x00007f84dc803bf8]
Event: 723,658 Thread 0x00007f84ec134800 6401       3       java.util.concurrent.ConcurrentHashMap$KeySetView::iterator (34 bytes)
Event: 723,659 Thread 0x00007f84ec134800 nmethod 6401 0x00007f84d5bd2590 code [0x00007f84d5bd2780, 0x00007f84d5bd2b50]
Event: 755,806 Thread 0x00007f84ec132800 6402       4       java.util.concurrent.CopyOnWriteArrayList$COWIterator::next (32 bytes)
Event: 755,809 Thread 0x00007f84ec132800 nmethod 6402 0x00007f84dc803d90 code [0x00007f84dc803f20, 0x00007f84dc804018]
Event: 827,658 Thread 0x00007f84ec134800 6403   !   3       java.util.concurrent.locks.AbstractQueuedSynchronizer::doAcquireInterruptibly (74 bytes)
Event: 827,660 Thread 0x00007f84ec134800 nmethod 6403 0x00007f84d5bd2d10 code [0x00007f84d5bd2fe0, 0x00007f84d5bd3c50]

GC Heap History (20 events):
Event: 15,972 GC heap before
{Heap before GC invocations=14 (full 0):
 garbage-first heap   total 92160K, used 33733K [0x00000000c5a00000, 0x0000000100000000)
  region size 1024K, 20 young (20480K), 3 survivors (3072K)
 Metaspace       used 34332K, capacity 35508K, committed 35708K, reserved 1081344K
  class space    used 4293K, capacity 4766K, committed 4812K, reserved 1048576K
}
Event: 15,982 GC heap after
{Heap after GC invocations=15 (full 0):
 garbage-first heap   total 92160K, used 17681K [0x00000000c5a00000, 0x0000000100000000)
  region size 1024K, 4 young (4096K), 4 survivors (4096K)
 Metaspace       used 34332K, capacity 35508K, committed 35708K, reserved 1081344K
  class space    used 4293K, capacity 4766K, committed 4812K, reserved 1048576K
}
Event: 20,184 GC heap before
{Heap before GC invocations=16 (full 0):
 garbage-first heap   total 92160K, used 58641K [0x00000000c5a00000, 0x0000000100000000)
  region size 1024K, 44 young (45056K), 4 survivors (4096K)
 Metaspace       used 38693K, capacity 39885K, committed 40188K, reserved 1083392K
  class space    used 4865K, capacity 5325K, committed 5452K, reserved 1048576K
}
Event: 20,200 GC heap after
{Heap after GC invocations=17 (full 0):
 garbage-first heap   total 92160K, used 19879K [0x00000000c5a00000, 0x0000000100000000)
  region size 1024K, 6 young (6144K), 6 survivors (6144K)
 Metaspace       used 38693K, capacity 39885K, committed 40188K, reserved 1083392K
  class space    used 4865K, capacity 5325K, committed 5452K, reserved 1048576K
}
Event: 25,026 GC heap before
{Heap before GC invocations=17 (full 0):
 garbage-first heap   total 92160K, used 61863K [0x00000000c5a00000, 0x0000000100000000)
  region size 1024K, 47 young (48128K), 6 survivors (6144K)
 Metaspace       used 43814K, capacity 45058K, committed 45436K, reserved 1089536K
  class space    used 5495K, capacity 5999K, committed 6092K, reserved 1048576K
}
Event: 25,046 GC heap after
{Heap after GC invocations=18 (full 0):
 garbage-first heap   total 92160K, used 22121K [0x00000000c5a00000, 0x0000000100000000)
  region size 1024K, 5 young (5120K), 5 survivors (5120K)
 Metaspace       used 43814K, capacity 45058K, committed 45436K, reserved 1089536K
  class space    used 5495K, capacity 5999K, committed 6092K, reserved 1048576K
}
Event: 25,861 GC heap before
{Heap before GC invocations=18 (full 0):
 garbage-first heap   total 92160K, used 65129K [0x00000000c5a00000, 0x0000000100000000)
  region size 1024K, 47 young (48128K), 5 survivors (5120K)
 Metaspace       used 47890K, capacity 49190K, committed 49532K, reserved 1091584K
  class space    used 6026K, capacity 6523K, committed 6604K, reserved 1048576K
}
Event: 25,878 GC heap after
{Heap after GC invocations=19 (full 0):
 garbage-first heap   total 92160K, used 23356K [0x00000000c5a00000, 0x0000000100000000)
  region size 1024K, 4 young (4096K), 4 survivors (4096K)
 Metaspace       used 47890K, capacity 49190K, committed 49532K, reserved 1091584K
  class space    used 6026K, capacity 6523K, committed 6604K, reserved 1048576K
}
Event: 30,280 GC heap before
{Heap before GC invocations=19 (full 0):
 garbage-first heap   total 92160K, used 66364K [0x00000000c5a00000, 0x0000000100000000)
  region size 1024K, 46 young (47104K), 4 survivors (4096K)
 Metaspace       used 51664K, capacity 52904K, committed 53244K, reserved 1095680K
  class space    used 6640K, capacity 7119K, committed 7244K, reserved 1048576K
}
Event: 30,297 GC heap after
{Heap after GC invocations=20 (full 0):
 garbage-first heap   total 92160K, used 23559K [0x00000000c5a00000, 0x0000000100000000)
  region size 1024K, 4 young (4096K), 4 survivors (4096K)
 Metaspace       used 51664K, capacity 52904K, committed 53244K, reserved 1095680K
  class space    used 6640K, capacity 7119K, committed 7244K, reserved 1048576K
}
Event: 55,307 GC heap before
{Heap before GC invocations=20 (full 0):
 garbage-first heap   total 92160K, used 67591K [0x00000000c5a00000, 0x0000000100000000)
  region size 1024K, 47 young (48128K), 4 survivors (4096K)
 Metaspace       used 54681K, capacity 56169K, committed 56188K, reserved 1097728K
  class space    used 7028K, capacity 7626K, committed 7628K, reserved 1048576K
}
Event: 55,327 GC heap after
{Heap after GC invocations=21 (full 0):
 garbage-first heap   total 92160K, used 25223K [0x00000000c5a00000, 0x0000000100000000)
  region size 1024K, 4 young (4096K), 4 survivors (4096K)
 Metaspace       used 54681K, capacity 56169K, committed 56188K, reserved 1097728K
  class space    used 7028K, capacity 7626K, committed 7628K, reserved 1048576K
}
Event: 56,363 GC heap before
{Heap before GC invocations=21 (full 0):
 garbage-first heap   total 92160K, used 69255K [0x00000000c5a00000, 0x0000000100000000)
  region size 1024K, 47 young (48128K), 4 survivors (4096K)
 Metaspace       used 57222K, capacity 58789K, committed 58876K, reserved 1099776K
  class space    used 7350K, capacity 7961K, committed 8012K, reserved 1048576K
}
Event: 56,383 GC heap after
{Heap after GC invocations=22 (full 0):
 garbage-first heap   total 92160K, used 26765K [0x00000000c5a00000, 0x0000000100000000)
  region size 1024K, 4 young (4096K), 4 survivors (4096K)
 Metaspace       used 57222K, capacity 58789K, committed 58876K, reserved 1099776K
  class space    used 7350K, capacity 7961K, committed 8012K, reserved 1048576K
}
Event: 56,702 GC heap before
{Heap before GC invocations=22 (full 0):
 garbage-first heap   total 92160K, used 43149K [0x00000000c5a00000, 0x0000000100000000)
  region size 1024K, 21 young (21504K), 4 survivors (4096K)
 Metaspace       used 58269K, capacity 59819K, committed 59940K, reserved 1101824K
  class space    used 7499K, capacity 8113K, committed 8140K, reserved 1048576K
}
Event: 56,715 GC heap after
{Heap after GC invocations=23 (full 0):
 garbage-first heap   total 92160K, used 27294K [0x00000000c5a00000, 0x0000000100000000)
  region size 1024K, 4 young (4096K), 4 survivors (4096K)
 Metaspace       used 58269K, capacity 59819K, committed 59940K, reserved 1101824K
  class space    used 7499K, capacity 8113K, committed 8140K, reserved 1048576K
}
Event: 59,190 GC heap before
{Heap before GC invocations=24 (full 0):
 garbage-first heap   total 92160K, used 66206K [0x00000000c5a00000, 0x0000000100000000)
  region size 1024K, 42 young (43008K), 4 survivors (4096K)
 Metaspace       used 60118K, capacity 61812K, committed 62064K, reserved 1103872K
  class space    used 7776K, capacity 8427K, committed 8472K, reserved 1048576K
}
Event: 59,205 GC heap after
{Heap after GC invocations=25 (full 0):
 garbage-first heap   total 92160K, used 29310K [0x00000000c5a00000, 0x0000000100000000)
  region size 1024K, 4 young (4096K), 4 survivors (4096K)
 Metaspace       used 60118K, capacity 61812K, committed 62064K, reserved 1103872K
  class space    used 7776K, capacity 8427K, committed 8472K, reserved 1048576K
}
Event: 70,357 GC heap before
{Heap before GC invocations=25 (full 0):
 garbage-first heap   total 92160K, used 68222K [0x00000000c5a00000, 0x0000000100000000)
  region size 1024K, 42 young (43008K), 4 survivors (4096K)
 Metaspace       used 63991K, capacity 65762K, committed 65904K, reserved 1105920K
  class space    used 8228K, capacity 8929K, committed 8984K, reserved 1048576K
}
Event: 70,372 GC heap after
{Heap after GC invocations=26 (full 0):
 garbage-first heap   total 92160K, used 30289K [0x00000000c5a00000, 0x0000000100000000)
  region size 1024K, 4 young (4096K), 4 survivors (4096K)
 Metaspace       used 63991K, capacity 65762K, committed 65904K, reserved 1105920K
  class space    used 8228K, capacity 8929K, committed 8984K, reserved 1048576K
}

Deoptimization events (20 events):
Event: 380,493 Thread 0x00007f845c009800 DEOPT PACKING pc=0x00007f84dc6753d0 sp=0x00007f846a6f0fb0
Event: 380,493 Thread 0x00007f845c009800 DEOPT UNPACKING pc=0x00007f84d489ce9f sp=0x00007f846a6f0e98 mode 2
Event: 380,493 Thread 0x00007f845c009800 DEOPT PACKING pc=0x00007f84d5097ecc sp=0x00007f846a6f1730
Event: 380,493 Thread 0x00007f845c009800 DEOPT UNPACKING pc=0x00007f84d489d62b sp=0x00007f846a6f0c40 mode 1
Event: 380,834 Thread 0x00007f845c009800 Uncommon trap: trap_request=0xffffff9f fr.pc=0x00007f84dc6753d0 relative=0x0000000000000170
Event: 380,834 Thread 0x00007f845c009800 Uncommon trap: reason=unhandled action=none pc=0x00007f84dc6753d0 method=jdk.internal.loader.BuiltinClassLoader.loadClass(Ljava/lang/String;Z)Ljava/lang/Class; @ 19 c2
Event: 380,834 Thread 0x00007f845c009800 DEOPT PACKING pc=0x00007f84dc6753d0 sp=0x00007f846a6f1e20
Event: 380,834 Thread 0x00007f845c009800 DEOPT UNPACKING pc=0x00007f84d489ce9f sp=0x00007f846a6f1d08 mode 2
Event: 380,834 Thread 0x00007f845c009800 DEOPT PACKING pc=0x00007f84d5097ecc sp=0x00007f846a6f25a0
Event: 380,834 Thread 0x00007f845c009800 DEOPT UNPACKING pc=0x00007f84d489d62b sp=0x00007f846a6f1ab0 mode 1
Event: 380,834 Thread 0x00007f845c009800 Uncommon trap: trap_request=0xffffff9f fr.pc=0x00007f84dc6753d0 relative=0x0000000000000170
Event: 380,834 Thread 0x00007f845c009800 Uncommon trap: reason=unhandled action=none pc=0x00007f84dc6753d0 method=jdk.internal.loader.BuiltinClassLoader.loadClass(Ljava/lang/String;Z)Ljava/lang/Class; @ 19 c2
Event: 380,834 Thread 0x00007f845c009800 DEOPT PACKING pc=0x00007f84dc6753d0 sp=0x00007f846a6f1e20
Event: 380,834 Thread 0x00007f845c009800 DEOPT UNPACKING pc=0x00007f84d489ce9f sp=0x00007f846a6f1d08 mode 2
Event: 380,834 Thread 0x00007f845c009800 DEOPT PACKING pc=0x00007f84d5097ecc sp=0x00007f846a6f25a0
Event: 380,834 Thread 0x00007f845c009800 DEOPT UNPACKING pc=0x00007f84d489d62b sp=0x00007f846a6f1ab0 mode 1
Event: 596,540 Thread 0x00007f845c010000 DEOPT PACKING pc=0x00007f84d5b8326c sp=0x00007f846a2f2580
Event: 596,564 Thread 0x00007f845c010000 DEOPT UNPACKING pc=0x00007f84d489d62b sp=0x00007f846a2f1b18 mode 1
Event: 596,564 Thread 0x00007f845c010000 DEOPT PACKING pc=0x00007f84dc7fc6e0 sp=0x00007f846a2f26b0
Event: 596,564 Thread 0x00007f845c010000 DEOPT UNPACKING pc=0x00007f84d489d62b sp=0x00007f846a2f1c30 mode 1

Classes redefined (2 events):
Event: 826,054 Thread 0x00007f84ec123800 redefined class name=com.br.example.prj.biblioteca.security.WebSecurityConfig, count=1
Event: 840,076 Thread 0x00007f84ec123800 redefined class name=com.br.example.prj.biblioteca.security.WebSecurityConfig, count=2

Internal exceptions (20 events):
Event: 56,361 Thread 0x00007f84ec01a000 Implicit null exception at 0x00007f84dc482a61 to 0x00007f84dc482b1e
Event: 57,171 Thread 0x00007f84ec01a000 Exception <a 'java/lang/IncompatibleClassChangeError'{0x00000000ca311688}: Found class java.lang.Object, but interface was expected> (0x00000000ca311688) thrown at [src/hotspot/share/interpreter/linkResolver.cpp, line 839]
Event: 57,735 Thread 0x00007f84ec01a000 Exception <a 'java/lang/ClassNotFoundException'{0x00000000c9b0cfe0}: java/lang/ObjectCustomizer> (0x00000000c9b0cfe0) thrown at [src/hotspot/share/classfile/systemDictionary.cpp, line 231]
Event: 57,736 Thread 0x00007f84ec01a000 Exception <a 'java/lang/ClassNotFoundException'{0x00000000c9b206c8}: org/springframework/security/config/annotation/web/configuration/HttpSecurityConfigurationCustomizer> (0x00000000c9b206c8) thrown at [src/hotspot/share/classfile/systemDictionary.cpp, line 231]
Event: 58,878 Thread 0x00007f84ec01a000 Exception <a 'java/lang/NoSuchMethodError'{0x00000000c9765690}: 'void java.lang.invoke.DirectMethodHandle$Holder.invokeVirtual(java.lang.Object, java.lang.Object, int)'> (0x00000000c9765690) thrown at [src/hotspot/share/interpreter/linkResolver.cpp, line 772]
Event: 58,882 Thread 0x00007f84ec01a000 Exception <a 'java/lang/NoSuchMethodError'{0x00000000c977f490}: 'void java.lang.invoke.DirectMethodHandle$Holder.invokeVirtual(java.lang.Object, java.lang.Object, long)'> (0x00000000c977f490) thrown at [src/hotspot/share/interpreter/linkResolver.cpp, line 772]
Event: 59,428 Thread 0x00007f84ec01a000 Exception <a 'java/lang/NoSuchMethodError'{0x00000000cb0d4e20}: 'java.lang.Object java.lang.invoke.DirectMethodHandle$Holder.invokeSpecial(java.lang.Object, java.lang.Object, int, java.lang.Object, int, java.lang.Object)'> (0x00000000cb0d4e20) thrown at [src/hotspot/share/interpreter/linkResolver.cpp, line 772]
Event: 59,429 Thread 0x00007f84ec01a000 Exception <a 'java/lang/NoSuchMethodError'{0x00000000cb0dc308}: 'java.lang.Object java.lang.invoke.DirectMethodHandle$Holder.invokeStatic(java.lang.Object, java.lang.Object, int, java.lang.Object, int)'> (0x00000000cb0dc308) thrown at [src/hotspot/share/interpreter/linkResolver.cpp, line 772]
Event: 59,429 Thread 0x00007f84ec01a000 Exception <a 'java/lang/NoSuchMethodError'{0x00000000cb0dfae8}: 'java.lang.Object java.lang.invoke.DirectMethodHandle$Holder.invokeSpecial(java.lang.Object, java.lang.Object, java.lang.Object, int, java.lang.Object, int)'> (0x00000000cb0dfae8) thrown at [src/hotspot/share/interpreter/linkResolver.cpp, line 772]
Event: 59,431 Thread 0x00007f84ec01a000 Exception <a 'java/lang/NoSuchMethodError'{0x00000000cb0efd28}: 'void java.lang.invoke.DirectMethodHandle$Holder.invokeVirtual(java.lang.Object, java.lang.Object)'> (0x00000000cb0efd28) thrown at [src/hotspot/share/interpreter/linkResolver.cpp, line 772]
Event: 91,357 Thread 0x00007f845c00d000 Exception <a 'java/lang/NoSuchMethodError'{0x00000000ca59d120}: 'java.lang.Object java.lang.invoke.DirectMethodHandle$Holder.invokeStaticInit(java.lang.Object, java.lang.Object, java.lang.Object, java.lang.Object, java.lang.Object, java.lang.Object)'> (0x00000000ca59d120) thrown at [src/hotspot/share/interpreter/linkResolver.cpp, line 772]
Event: 94,276 Thread 0x00007f845c00d000 Exception <a 'java/lang/ClassNotFoundException'{0x00000000ca4ad790}: java/lang/ObjectCustomizer> (0x00000000ca4ad790) thrown at [src/hotspot/share/classfile/systemDictionary.cpp, line 231]
Event: 94,290 Thread 0x00007f845c00d000 Exception <a 'java/lang/ClassNotFoundException'{0x00000000ca4c2150}: com/br/example/prj/biblioteca/models/UsuarioCustomizer> (0x00000000ca4c2150) thrown at [src/hotspot/share/classfile/systemDictionary.cpp, line 231]
Event: 94,333 Thread 0x00007f845c00d000 Exception <a 'java/lang/reflect/InvocationTargetException'{0x00000000ca314318}> (0x00000000ca314318) thrown at [src/hotspot/share/runtime/reflection.cpp, line 1245]
Event: 94,334 Thread 0x00007f845c00d000 Exception <a 'java/lang/reflect/InvocationTargetException'{0x00000000ca315088}> (0x00000000ca315088) thrown at [src/hotspot/share/runtime/reflection.cpp, line 1245]
Event: 94,334 Thread 0x00007f845c00d000 Exception <a 'java/lang/reflect/InvocationTargetException'{0x00000000ca315df8}> (0x00000000ca315df8) thrown at [src/hotspot/share/runtime/reflection.cpp, line 1245]
Event: 94,444 Thread 0x00007f845c00d000 Exception <a 'java/lang/reflect/InvocationTargetException'{0x00000000ca364910}> (0x00000000ca364910) thrown at [src/hotspot/share/runtime/reflection.cpp, line 1245]
Event: 94,555 Thread 0x00007f845c00d000 Exception <a 'java/lang/NoClassDefFoundError'{0x00000000ca20a750}: sun/reflect/Reflection> (0x00000000ca20a750) thrown at [src/hotspot/share/classfile/systemDictionary.cpp, line 220]
Event: 380,866 Thread 0x00007f845c009800 Exception <a 'java/lang/reflect/InvocationTargetException'{0x00000000c93fb9d0}> (0x00000000c93fb9d0) thrown at [src/hotspot/share/runtime/reflection.cpp, line 1245]
Event: 596,540 Thread 0x00007f845c010000 Exception <a 'java/lang/reflect/InvocationTargetException'{0x00000000c927d6b8}> (0x00000000c927d6b8) thrown at [src/hotspot/share/runtime/reflection.cpp, line 1245]

Events (20 events):
Event: 596,281 Executing VM operation: RevokeBias
Event: 596,281 Executing VM operation: RevokeBias done
Event: 596,311 Thread 0x00007f845c010000 Thread added: 0x00007f845c010000
Event: 596,311 Protecting memory [0x00007f846a1f6000,0x00007f846a1fa000] with protection modes 0
Event: 596,363 Executing VM operation: RevokeBias
Event: 596,400 Executing VM operation: RevokeBias done
Event: 596,494 Executing VM operation: RevokeBias
Event: 596,494 Executing VM operation: RevokeBias done
Event: 656,651 Thread 0x00007f845c015000 Thread added: 0x00007f845c015000
Event: 656,651 Protecting memory [0x00007f846a0f5000,0x00007f846a0f9000] with protection modes 0
Event: 656,651 Executing VM operation: RevokeBias
Event: 656,651 Executing VM operation: RevokeBias done
Event: 656,652 Executing VM operation: RevokeBias
Event: 656,652 Executing VM operation: RevokeBias done
Event: 825,808 Executing VM operation: RedefineClasses
Event: 826,191 Executing VM operation: RedefineClasses done
Event: 840,013 Executing VM operation: RedefineClasses
Event: 840,085 Executing VM operation: RedefineClasses done
Event: 847,482 Thread 0x00007f848c001800 Thread exited: 0x00007f848c001800
Event: 847,564 loading class jdk/internal/misc/Signal$1


Dynamic libraries:
c5a00000-cb200000 rw-p 00000000 00:00 0 
cb200000-ffe00000 ---p 00000000 00:00 0 
ffe00000-ffe47000 rw-p 01114000 08:06 6819997                            /usr/lib/jvm/java-11-openjdk-amd64/lib/server/classes.jsa
ffe47000-fff00000 rw-p 00000000 00:00 0 
fff00000-fff6b000 rw-p 010a9000 08:06 6819997                            /usr/lib/jvm/java-11-openjdk-amd64/lib/server/classes.jsa
fff6b000-100000000 rw-p 00000000 00:00 0 
800000000-800002000 rwxp 00001000 08:06 6819997                          /usr/lib/jvm/java-11-openjdk-amd64/lib/server/classes.jsa
800002000-8010a8000 rw-p 00003000 08:06 6819997                          /usr/lib/jvm/java-11-openjdk-amd64/lib/server/classes.jsa
840000000-840926000 rw-p 00000000 00:00 0 
840926000-880000000 ---p 00000000 00:00 0 
555d14073000-555d14074000 r--p 00000000 08:06 6819645                    /usr/lib/jvm/java-11-openjdk-amd64/bin/java
555d14074000-555d14075000 r-xp 00001000 08:06 6819645                    /usr/lib/jvm/java-11-openjdk-amd64/bin/java
555d14075000-555d14076000 r--p 00002000 08:06 6819645                    /usr/lib/jvm/java-11-openjdk-amd64/bin/java
555d14076000-555d14077000 r--p 00002000 08:06 6819645                    /usr/lib/jvm/java-11-openjdk-amd64/bin/java
555d14077000-555d14078000 rw-p 00003000 08:06 6819645                    /usr/lib/jvm/java-11-openjdk-amd64/bin/java
555d15a4b000-555d15a6c000 rw-p 00000000 00:00 0                          [heap]
7f8448000000-7f84480e2000 rw-p 00000000 00:00 0 
7f84480e2000-7f844c000000 ---p 00000000 00:00 0 
7f8450000000-7f8450032000 rw-p 00000000 00:00 0 
7f8450032000-7f8454000000 ---p 00000000 00:00 0 
7f8454000000-7f8454336000 rw-p 00000000 00:00 0 
7f8454336000-7f8458000000 ---p 00000000 00:00 0 
7f8458000000-7f8458021000 rw-p 00000000 00:00 0 
7f8458021000-7f845c000000 ---p 00000000 00:00 0 
7f845c000000-7f845c021000 rw-p 00000000 00:00 0 
7f845c021000-7f8460000000 ---p 00000000 00:00 0 
7f8460000000-7f8460021000 rw-p 00000000 00:00 0 
7f8460021000-7f8464000000 ---p 00000000 00:00 0 
7f8464000000-7f8464021000 rw-p 00000000 00:00 0 
7f8464021000-7f8468000000 ---p 00000000 00:00 0 
7f846a0f5000-7f846a0f9000 ---p 00000000 00:00 0 
7f846a0f9000-7f846a1f6000 rw-p 00000000 00:00 0 
7f846a1f6000-7f846a1fa000 ---p 00000000 00:00 0 
7f846a1fa000-7f846a2f7000 rw-p 00000000 00:00 0 
7f846a2f7000-7f846a2fb000 ---p 00000000 00:00 0 
7f846a2fb000-7f846a478000 rw-p 00000000 00:00 0 
7f846a478000-7f846a5f8000 ---p 00000000 00:00 0 
7f846a5f8000-7f846a5fc000 ---p 00000000 00:00 0 
7f846a5fc000-7f846a6f9000 rw-p 00000000 00:00 0 
7f846a6f9000-7f846a6fd000 ---p 00000000 00:00 0 
7f846a6fd000-7f846a7fa000 rw-p 00000000 00:00 0 
7f846a7fa000-7f846a7fe000 ---p 00000000 00:00 0 
7f846a7fe000-7f846a8fb000 rw-p 00000000 00:00 0 
7f846a8fb000-7f846a8ff000 ---p 00000000 00:00 0 
7f846a8ff000-7f846abfc000 rw-p 00000000 00:00 0 
7f846abfc000-7f846adfc000 rw-p 00000000 00:00 0 
7f846adfc000-7f846ae00000 ---p 00000000 00:00 0 
7f846ae00000-7f846aefd000 rw-p 00000000 00:00 0 
7f846aefd000-7f846af01000 ---p 00000000 00:00 0 
7f846af01000-7f846affe000 rw-p 00000000 00:00 0 
7f846affe000-7f846b002000 ---p 00000000 00:00 0 
7f846b002000-7f846b2ff000 rw-p 00000000 00:00 0 
7f846b2ff000-7f846b4e9000 rw-p 00000000 00:00 0 
7f846b4e9000-7f846b4ff000 ---p 00000000 00:00 0 
7f846b4ff000-7f846b503000 ---p 00000000 00:00 0 
7f846b503000-7f846b800000 rw-p 00000000 00:00 0 
7f846b800000-7f846ba00000 rw-p 00000000 00:00 0 
7f846ba00000-7f846bc00000 rw-p 00000000 00:00 0 
7f846bc00000-7f846be00000 rw-p 00000000 00:00 0 
7f846be00000-7f846c000000 rw-p 00000000 00:00 0 
7f846c000000-7f846cc63000 rw-p 00000000 00:00 0 
7f846cc63000-7f8470000000 ---p 00000000 00:00 0 
7f8470000000-7f8470021000 rw-p 00000000 00:00 0 
7f8470021000-7f8474000000 ---p 00000000 00:00 0 
7f8474000000-7f8474021000 rw-p 00000000 00:00 0 
7f8474021000-7f8478000000 ---p 00000000 00:00 0 
7f8478000000-7f8478033000 rw-p 00000000 00:00 0 
7f8478033000-7f847c000000 ---p 00000000 00:00 0 
7f847c000000-7f847c021000 rw-p 00000000 00:00 0 
7f847c021000-7f8480000000 ---p 00000000 00:00 0 
7f8480000000-7f848030e000 rw-p 00000000 00:00 0 
7f848030e000-7f8484000000 ---p 00000000 00:00 0 
7f8484000000-7f8484021000 rw-p 00000000 00:00 0 
7f8484021000-7f8488000000 ---p 00000000 00:00 0 
7f8488000000-7f8488021000 rw-p 00000000 00:00 0 
7f8488021000-7f848c000000 ---p 00000000 00:00 0 
7f848c000000-7f848c071000 rw-p 00000000 00:00 0 
7f848c071000-7f8490000000 ---p 00000000 00:00 0 
7f8490000000-7f8490021000 rw-p 00000000 00:00 0 
7f8490021000-7f8494000000 ---p 00000000 00:00 0 
7f8494000000-7f8494021000 rw-p 00000000 00:00 0 
7f8494021000-7f8498000000 ---p 00000000 00:00 0 
7f8498000000-7f8498021000 rw-p 00000000 00:00 0 
7f8498021000-7f849c000000 ---p 00000000 00:00 0 
7f849c000000-7f849ffe0000 rw-p 00000000 00:00 0 
7f849ffe0000-7f84a0000000 ---p 00000000 00:00 0 
7f84a0000000-7f84a0ceb000 rw-p 00000000 00:00 0 
7f84a0ceb000-7f84a4000000 ---p 00000000 00:00 0 
7f84a4000000-7f84a4021000 rw-p 00000000 00:00 0 
7f84a4021000-7f84a8000000 ---p 00000000 00:00 0 
7f84a8000000-7f84a8021000 rw-p 00000000 00:00 0 
7f84a8021000-7f84ac000000 ---p 00000000 00:00 0 
7f84ac000000-7f84ac021000 rw-p 00000000 00:00 0 
7f84ac021000-7f84b0000000 ---p 00000000 00:00 0 
7f84b0000000-7f84b0021000 rw-p 00000000 00:00 0 
7f84b0021000-7f84b4000000 ---p 00000000 00:00 0 
7f84b4000000-7f84b410d000 rw-p 00000000 00:00 0 
7f84b410d000-7f84b8000000 ---p 00000000 00:00 0 
7f84b8000000-7f84b8021000 rw-p 00000000 00:00 0 
7f84b8021000-7f84bc000000 ---p 00000000 00:00 0 
7f84bc0d9000-7f84bc0dd000 ---p 00000000 00:00 0 
7f84bc0dd000-7f84bc3da000 rw-p 00000000 00:00 0 
7f84bc3da000-7f84bc3de000 ---p 00000000 00:00 0 
7f84bc3de000-7f84bc6db000 rw-p 00000000 00:00 0 
7f84bc6db000-7f84bc8db000 rw-p 00000000 00:00 0 
7f84bc8db000-7f84bcadb000 rw-p 00000000 00:00 0 
7f84bcb29000-7f84bcd29000 rw-p 00000000 00:00 0 
7f84bcd29000-7f84bcf29000 rw-p 00000000 00:00 0 
7f84bcf29000-7f84bd129000 rw-p 00000000 00:00 0 
7f84bd129000-7f84bd329000 rw-p 00000000 00:00 0 
7f84bd329000-7f84bd529000 rw-p 00000000 00:00 0 
7f84bd529000-7f84bd729000 rw-p 00000000 00:00 0 
7f84bd729000-7f84bd915000 rw-p 00000000 00:00 0 
7f84bd915000-7f84bd929000 ---p 00000000 00:00 0 
7f84bd929000-7f84bdb29000 rw-p 00000000 00:00 0 
7f84bdb29000-7f84bdd29000 rw-p 00000000 00:00 0 
7f84bdd29000-7f84bdf29000 rw-p 00000000 00:00 0 
7f84bdf29000-7f84be129000 rw-p 00000000 00:00 0 
7f84be129000-7f84be329000 rw-p 00000000 00:00 0 
7f84be37b000-7f84be37f000 ---p 00000000 00:00 0 
7f84be37f000-7f84be47c000 rw-p 00000000 00:00 0 
7f84be47c000-7f84be47d000 ---p 00000000 00:00 0 
7f84be47d000-7f84be57e000 rw-p 00000000 00:00 0 
7f84be57e000-7f84be57f000 ---p 00000000 00:00 0 
7f84be57f000-7f84be680000 rw-p 00000000 00:00 0 
7f84be680000-7f84be684000 ---p 00000000 00:00 0 
7f84be684000-7f84be781000 rw-p 00000000 00:00 0 
7f84be781000-7f84be782000 ---p 00000000 00:00 0 
7f84be782000-7f84be883000 rw-p 00000000 00:00 0 
7f84be883000-7f84be884000 ---p 00000000 00:00 0 
7f84be884000-7f84be985000 rw-p 00000000 00:00 0 
7f84be985000-7f84be989000 ---p 00000000 00:00 0 
7f84be989000-7f84bea86000 rw-p 00000000 00:00 0 
7f84bea86000-7f84bea8a000 ---p 00000000 00:00 0 
7f84bea8a000-7f84beb87000 rw-p 00000000 00:00 0 
7f84beb87000-7f84beb8b000 ---p 00000000 00:00 0 
7f84beb8b000-7f84bec88000 rw-p 00000000 00:00 0 
7f84bec88000-7f84bec8c000 ---p 00000000 00:00 0 
7f84bec8c000-7f84bed89000 rw-p 00000000 00:00 0 
7f84bed89000-7f84bed8d000 ---p 00000000 00:00 0 
7f84bed8d000-7f84bee8a000 rw-p 00000000 00:00 0 
7f84bee8a000-7f84bee8e000 ---p 00000000 00:00 0 
7f84bee8e000-7f84bef8b000 rw-p 00000000 00:00 0 
7f84bef8b000-7f84bef8f000 ---p 00000000 00:00 0 
7f84bef8f000-7f84bf08c000 rw-p 00000000 00:00 0 
7f84bf08c000-7f84bf090000 ---p 00000000 00:00 0 
7f84bf090000-7f84bf18d000 rw-p 00000000 00:00 0 
7f84bf18d000-7f84bf191000 ---p 00000000 00:00 0 
7f84bf191000-7f84bf28e000 rw-p 00000000 00:00 0 
7f84bf28e000-7f84bf800000 r--p 00000000 08:06 6691689                    /usr/lib/locale/locale-archive
7f84bf800000-7f84c0000000 rw-p 00000000 00:00 0 
7f84c0000000-7f84c0028000 rw-p 00000000 00:00 0 
7f84c0028000-7f84c4000000 ---p 00000000 00:00 0 
7f84c4000000-7f84c4021000 rw-p 00000000 00:00 0 
7f84c4021000-7f84c8000000 ---p 00000000 00:00 0 
7f84c8000000-7f84c8021000 rw-p 00000000 00:00 0 
7f84c8021000-7f84cc000000 ---p 00000000 00:00 0 
7f84cc0ce000-7f84cc0d2000 ---p 00000000 00:00 0 
7f84cc0d2000-7f84cc1cf000 rw-p 00000000 00:00 0 
7f84cc1cf000-7f84cc1d3000 ---p 00000000 00:00 0 
7f84cc1d3000-7f84ce430000 rw-p 00000000 00:00 0 
7f84ce430000-7f84cf160000 ---p 00000000 00:00 0 
7f84cf160000-7f84cf2c8000 rw-p 00000000 00:00 0 
7f84cf2c8000-7f84cfff8000 ---p 00000000 00:00 0 
7f84cfff8000-7f84d0000000 rw-p 00000000 00:00 0 
7f84d0000000-7f84d0021000 rw-p 00000000 00:00 0 
7f84d0021000-7f84d4000000 ---p 00000000 00:00 0 
7f84d4023000-7f84d402b000 r--p 00000000 08:06 6819726                    /usr/lib/jvm/java-11-openjdk-amd64/lib/libsunec.so
7f84d402b000-7f84d4044000 r-xp 00008000 08:06 6819726                    /usr/lib/jvm/java-11-openjdk-amd64/lib/libsunec.so
7f84d4044000-7f84d404e000 r--p 00021000 08:06 6819726                    /usr/lib/jvm/java-11-openjdk-amd64/lib/libsunec.so
7f84d404e000-7f84d404f000 ---p 0002b000 08:06 6819726                    /usr/lib/jvm/java-11-openjdk-amd64/lib/libsunec.so
7f84d404f000-7f84d4053000 r--p 0002b000 08:06 6819726                    /usr/lib/jvm/java-11-openjdk-amd64/lib/libsunec.so
7f84d4053000-7f84d4055000 rw-p 0002f000 08:06 6819726                    /usr/lib/jvm/java-11-openjdk-amd64/lib/libsunec.so
7f84d4055000-7f84d4057000 r--p 00000000 08:06 6819718                    /usr/lib/jvm/java-11-openjdk-amd64/lib/libmanagement_ext.so
7f84d4057000-7f84d405a000 r-xp 00002000 08:06 6819718                    /usr/lib/jvm/java-11-openjdk-amd64/lib/libmanagement_ext.so
7f84d405a000-7f84d405c000 r--p 00005000 08:06 6819718                    /usr/lib/jvm/java-11-openjdk-amd64/lib/libmanagement_ext.so
7f84d405c000-7f84d405d000 r--p 00006000 08:06 6819718                    /usr/lib/jvm/java-11-openjdk-amd64/lib/libmanagement_ext.so
7f84d405d000-7f84d405e000 rw-p 00007000 08:06 6819718                    /usr/lib/jvm/java-11-openjdk-amd64/lib/libmanagement_ext.so
7f84d405e000-7f84d4061000 r--p 00000000 08:06 6819716                    /usr/lib/jvm/java-11-openjdk-amd64/lib/libmanagement.so
7f84d4061000-7f84d4062000 r-xp 00003000 08:06 6819716                    /usr/lib/jvm/java-11-openjdk-amd64/lib/libmanagement.so
7f84d4062000-7f84d4063000 r--p 00004000 08:06 6819716                    /usr/lib/jvm/java-11-openjdk-amd64/lib/libmanagement.so
7f84d4063000-7f84d4064000 r--p 00004000 08:06 6819716                    /usr/lib/jvm/java-11-openjdk-amd64/lib/libmanagement.so
7f84d4064000-7f84d4065000 rw-p 00005000 08:06 6819716                    /usr/lib/jvm/java-11-openjdk-amd64/lib/libmanagement.so
7f84d4065000-7f84d408b000 r--p 00000000 08:06 7739987                    /usr/share/locale-langpack/pt_BR/LC_MESSAGES/libc.mo
7f84d408b000-7f84d408f000 r--p 00000000 08:06 6819720                    /usr/lib/jvm/java-11-openjdk-amd64/lib/libnet.so
7f84d408f000-7f84d409e000 r-xp 00004000 08:06 6819720                    /usr/lib/jvm/java-11-openjdk-amd64/lib/libnet.so
7f84d409e000-7f84d40a2000 r--p 00013000 08:06 6819720                    /usr/lib/jvm/java-11-openjdk-amd64/lib/libnet.so
7f84d40a2000-7f84d40a3000 r--p 00016000 08:06 6819720                    /usr/lib/jvm/java-11-openjdk-amd64/lib/libnet.so
7f84d40a3000-7f84d40a4000 rw-p 00017000 08:06 6819720                    /usr/lib/jvm/java-11-openjdk-amd64/lib/libnet.so
7f84d40a4000-7f84d40ab000 r--p 00000000 08:06 6819721                    /usr/lib/jvm/java-11-openjdk-amd64/lib/libnio.so
7f84d40ab000-7f84d40b3000 r-xp 00007000 08:06 6819721                    /usr/lib/jvm/java-11-openjdk-amd64/lib/libnio.so
7f84d40b3000-7f84d40b6000 r--p 0000f000 08:06 6819721                    /usr/lib/jvm/java-11-openjdk-amd64/lib/libnio.so
7f84d40b6000-7f84d40b7000 r--p 00011000 08:06 6819721                    /usr/lib/jvm/java-11-openjdk-amd64/lib/libnio.so
7f84d40b7000-7f84d40b8000 rw-p 00012000 08:06 6819721                    /usr/lib/jvm/java-11-openjdk-amd64/lib/libnio.so
7f84d40b8000-7f84d40ba000 r--p 00000000 08:06 6819701                    /usr/lib/jvm/java-11-openjdk-amd64/lib/libdt_socket.so
7f84d40ba000-7f84d40bd000 r-xp 00002000 08:06 6819701                    /usr/lib/jvm/java-11-openjdk-amd64/lib/libdt_socket.so
7f84d40bd000-7f84d40be000 r--p 00005000 08:06 6819701                    /usr/lib/jvm/java-11-openjdk-amd64/lib/libdt_socket.so
7f84d40be000-7f84d40bf000 ---p 00006000 08:06 6819701                    /usr/lib/jvm/java-11-openjdk-amd64/lib/libdt_socket.so
7f84d40bf000-7f84d40c0000 r--p 00006000 08:06 6819701                    /usr/lib/jvm/java-11-openjdk-amd64/lib/libdt_socket.so
7f84d40c0000-7f84d40c1000 rw-p 00007000 08:06 6819701                    /usr/lib/jvm/java-11-openjdk-amd64/lib/libdt_socket.so
7f84d40c1000-7f84d40c8000 r--s 00000000 08:06 7348067                    /usr/lib/x86_64-linux-gnu/gconv/gconv-modules.cache
7f84d40c8000-7f84d40c9000 ---p 00000000 00:00 0 
7f84d40c9000-7f84d424b000 rw-p 00000000 00:00 0 
7f84d424b000-7f84d424c000 ---p 00000000 00:00 0 
7f84d424c000-7f84d434d000 rw-p 00000000 00:00 0 
7f84d434d000-7f84d434e000 ---p 00000000 00:00 0 
7f84d434e000-7f84d4853000 rw-p 00000000 00:00 0 
7f84d4853000-7f84d4ac3000 rwxp 00000000 00:00 0 
7f84d4ac3000-7f84d4de3000 ---p 00000000 00:00 0 
7f84d4de3000-7f84d5be3000 rwxp 00000000 00:00 0 
7f84d5be3000-7f84dc31b000 ---p 00000000 00:00 0 
7f84dc31b000-7f84dc80b000 rwxp 00000000 00:00 0 
7f84dc80b000-7f84e3853000 ---p 00000000 00:00 0 
7f84ec000000-7f84edd2a000 rw-p 00000000 00:00 0 
7f84edd2a000-7f84f0000000 ---p 00000000 00:00 0 
7f84f0001000-7f84f0002000 r--p 00000000 08:06 6819702                    /usr/lib/jvm/java-11-openjdk-amd64/lib/libextnet.so
7f84f0002000-7f84f0003000 r-xp 00001000 08:06 6819702                    /usr/lib/jvm/java-11-openjdk-amd64/lib/libextnet.so
7f84f0003000-7f84f0004000 r--p 00002000 08:06 6819702                    /usr/lib/jvm/java-11-openjdk-amd64/lib/libextnet.so
7f84f0004000-7f84f0005000 r--p 00002000 08:06 6819702                    /usr/lib/jvm/java-11-openjdk-amd64/lib/libextnet.so
7f84f0005000-7f84f0006000 rw-p 00003000 08:06 6819702                    /usr/lib/jvm/java-11-openjdk-amd64/lib/libextnet.so
7f84f0006000-7f84f0061000 rw-p 00000000 00:00 0 
7f84f0061000-7f84f0062000 ---p 00000000 00:00 0 
7f84f0062000-7f84f0163000 rw-p 00000000 00:00 0 
7f84f0163000-7f84f0164000 ---p 00000000 00:00 0 
7f84f0164000-7f84f02b1000 rw-p 00000000 00:00 0 
7f84f02b1000-7f84f0457000 ---p 00000000 00:00 0 
7f84f0457000-7f84f0484000 rw-p 00000000 00:00 0 
7f84f0484000-7f84f062a000 ---p 00000000 00:00 0 
7f84f062a000-7f84f0657000 rw-p 00000000 00:00 0 
7f84f0657000-7f84f07fd000 ---p 00000000 00:00 0 
7f84f07fd000-7f84f0c02000 rw-p 00000000 00:00 0 
7f84f0c02000-7f84f0c03000 ---p 00000000 00:00 0 
7f84f0c03000-7f84f0d0e000 rw-p 00000000 00:00 0 
7f84f0d0e000-7f84f0def000 ---p 00000000 00:00 0 
7f84f0def000-7f84f0e0b000 rw-p 00000000 00:00 0 
7f84f0e0b000-7f84f0eda000 ---p 00000000 00:00 0 
7f84f0eda000-7f84f0edf000 rw-p 00000000 00:00 0 
7f84f0edf000-7f84f0ee6000 ---p 00000000 00:00 0 
7f84f0ee6000-7f84f0ee9000 r--p 00000000 08:06 6688645                    /usr/lib/x86_64-linux-gnu/libnss_files-2.31.so
7f84f0ee9000-7f84f0ef0000 r-xp 00003000 08:06 6688645                    /usr/lib/x86_64-linux-gnu/libnss_files-2.31.so
7f84f0ef0000-7f84f0ef2000 r--p 0000a000 08:06 6688645                    /usr/lib/x86_64-linux-gnu/libnss_files-2.31.so
7f84f0ef2000-7f84f0ef3000 r--p 0000b000 08:06 6688645                    /usr/lib/x86_64-linux-gnu/libnss_files-2.31.so
7f84f0ef3000-7f84f0ef4000 rw-p 0000c000 08:06 6688645                    /usr/lib/x86_64-linux-gnu/libnss_files-2.31.so
7f84f0ef4000-7f84f0efa000 rw-p 00000000 00:00 0 
7f84f0efc000-7f84f0efe000 r--p 00000000 08:06 6819729                    /usr/lib/jvm/java-11-openjdk-amd64/lib/libzip.so
7f84f0efe000-7f84f0f02000 r-xp 00002000 08:06 6819729                    /usr/lib/jvm/java-11-openjdk-amd64/lib/libzip.so
7f84f0f02000-7f84f0f04000 r--p 00006000 08:06 6819729                    /usr/lib/jvm/java-11-openjdk-amd64/lib/libzip.so
7f84f0f04000-7f84f0f05000 r--p 00007000 08:06 6819729                    /usr/lib/jvm/java-11-openjdk-amd64/lib/libzip.so
7f84f0f05000-7f84f0f06000 rw-p 00008000 08:06 6819729                    /usr/lib/jvm/java-11-openjdk-amd64/lib/libzip.so
7f84f0f06000-7f84f0f0e000 rw-s 00000000 08:06 5901038                    /tmp/hsperfdata_gabriel/46606
7f84f0f0e000-7f84f0f10000 r--p 00000000 08:06 6819704                    /usr/lib/jvm/java-11-openjdk-amd64/lib/libinstrument.so
7f84f0f10000-7f84f0f16000 r-xp 00002000 08:06 6819704                    /usr/lib/jvm/java-11-openjdk-amd64/lib/libinstrument.so
7f84f0f16000-7f84f0f19000 r--p 00008000 08:06 6819704                    /usr/lib/jvm/java-11-openjdk-amd64/lib/libinstrument.so
7f84f0f19000-7f84f0f1a000 r--p 0000a000 08:06 6819704                    /usr/lib/jvm/java-11-openjdk-amd64/lib/libinstrument.so
7f84f0f1a000-7f84f0f1b000 rw-p 0000b000 08:06 6819704                    /usr/lib/jvm/java-11-openjdk-amd64/lib/libinstrument.so
7f84f0f1b000-7f84f0f1d000 r--p 00000000 08:06 6819711                    /usr/lib/jvm/java-11-openjdk-amd64/lib/libjdwp.so
7f84f0f1d000-7f84f0f49000 r-xp 00002000 08:06 6819711                    /usr/lib/jvm/java-11-openjdk-amd64/lib/libjdwp.so
7f84f0f49000-7f84f0f57000 r--p 0002e000 08:06 6819711                    /usr/lib/jvm/java-11-openjdk-amd64/lib/libjdwp.so
7f84f0f57000-7f84f0f58000 r--p 0003b000 08:06 6819711                    /usr/lib/jvm/java-11-openjdk-amd64/lib/libjdwp.so
7f84f0f58000-7f84f0f59000 rw-p 0003c000 08:06 6819711                    /usr/lib/jvm/java-11-openjdk-amd64/lib/libjdwp.so
7f84f0f59000-7f84f0f5b000 r--p 00000000 08:06 6819712                    /usr/lib/jvm/java-11-openjdk-amd64/lib/libjimage.so
7f84f0f5b000-7f84f0f5e000 r-xp 00002000 08:06 6819712                    /usr/lib/jvm/java-11-openjdk-amd64/lib/libjimage.so
7f84f0f5e000-7f84f0f5f000 r--p 00005000 08:06 6819712                    /usr/lib/jvm/java-11-openjdk-amd64/lib/libjimage.so
7f84f0f5f000-7f84f0f60000 ---p 00006000 08:06 6819712                    /usr/lib/jvm/java-11-openjdk-amd64/lib/libjimage.so
7f84f0f60000-7f84f0f61000 r--p 00006000 08:06 6819712                    /usr/lib/jvm/java-11-openjdk-amd64/lib/libjimage.so
7f84f0f61000-7f84f0f62000 rw-p 00007000 08:06 6819712                    /usr/lib/jvm/java-11-openjdk-amd64/lib/libjimage.so
7f84f0f62000-7f84f0f70000 r--p 00000000 08:06 6819709                    /usr/lib/jvm/java-11-openjdk-amd64/lib/libjava.so
7f84f0f70000-7f84f0f86000 r-xp 0000e000 08:06 6819709                    /usr/lib/jvm/java-11-openjdk-amd64/lib/libjava.so
7f84f0f86000-7f84f0f8d000 r--p 00024000 08:06 6819709                    /usr/lib/jvm/java-11-openjdk-amd64/lib/libjava.so
7f84f0f8d000-7f84f0f8e000 r--p 0002a000 08:06 6819709                    /usr/lib/jvm/java-11-openjdk-amd64/lib/libjava.so
7f84f0f8e000-7f84f0f8f000 rw-p 0002b000 08:06 6819709                    /usr/lib/jvm/java-11-openjdk-amd64/lib/libjava.so
7f84f0f8f000-7f84f0f90000 rw-p 00000000 00:00 0 
7f84f0f90000-7f84f0f93000 r--p 00000000 08:06 6688652                    /usr/lib/x86_64-linux-gnu/librt-2.31.so
7f84f0f93000-7f84f0f97000 r-xp 00003000 08:06 6688652                    /usr/lib/x86_64-linux-gnu/librt-2.31.so
7f84f0f97000-7f84f0f98000 r--p 00007000 08:06 6688652                    /usr/lib/x86_64-linux-gnu/librt-2.31.so
7f84f0f98000-7f84f0f99000 ---p 00008000 08:06 6688652                    /usr/lib/x86_64-linux-gnu/librt-2.31.so
7f84f0f99000-7f84f0f9a000 r--p 00008000 08:06 6688652                    /usr/lib/x86_64-linux-gnu/librt-2.31.so
7f84f0f9a000-7f84f0f9b000 rw-p 00009000 08:06 6688652                    /usr/lib/x86_64-linux-gnu/librt-2.31.so
7f84f0f9b000-7f84f0f9f000 ---p 00000000 00:00 0 
7f84f0f9f000-7f84f109c000 rw-p 00000000 00:00 0 
7f84f109c000-7f84f109f000 r--p 00000000 08:06 6692391                    /usr/lib/x86_64-linux-gnu/libgcc_s.so.1
7f84f109f000-7f84f10b1000 r-xp 00003000 08:06 6692391                    /usr/lib/x86_64-linux-gnu/libgcc_s.so.1
7f84f10b1000-7f84f10b5000 r--p 00015000 08:06 6692391                    /usr/lib/x86_64-linux-gnu/libgcc_s.so.1
7f84f10b5000-7f84f10b6000 r--p 00018000 08:06 6692391                    /usr/lib/x86_64-linux-gnu/libgcc_s.so.1
7f84f10b6000-7f84f10b7000 rw-p 00019000 08:06 6692391                    /usr/lib/x86_64-linux-gnu/libgcc_s.so.1
7f84f10b7000-7f84f10c6000 r--p 00000000 08:06 6688639                    /usr/lib/x86_64-linux-gnu/libm-2.31.so
7f84f10c6000-7f84f116d000 r-xp 0000f000 08:06 6688639                    /usr/lib/x86_64-linux-gnu/libm-2.31.so
7f84f116d000-7f84f1204000 r--p 000b6000 08:06 6688639                    /usr/lib/x86_64-linux-gnu/libm-2.31.so
7f84f1204000-7f84f1205000 r--p 0014c000 08:06 6688639                    /usr/lib/x86_64-linux-gnu/libm-2.31.so
7f84f1205000-7f84f1206000 rw-p 0014d000 08:06 6688639                    /usr/lib/x86_64-linux-gnu/libm-2.31.so
7f84f1206000-7f84f129c000 r--p 00000000 08:06 6693207                    /usr/lib/x86_64-linux-gnu/libstdc++.so.6.0.28
7f84f129c000-7f84f138c000 r-xp 00096000 08:06 6693207                    /usr/lib/x86_64-linux-gnu/libstdc++.so.6.0.28
7f84f138c000-7f84f13d5000 r--p 00186000 08:06 6693207                    /usr/lib/x86_64-linux-gnu/libstdc++.so.6.0.28
7f84f13d5000-7f84f13d6000 ---p 001cf000 08:06 6693207                    /usr/lib/x86_64-linux-gnu/libstdc++.so.6.0.28
7f84f13d6000-7f84f13e1000 r--p 001cf000 08:06 6693207                    /usr/lib/x86_64-linux-gnu/libstdc++.so.6.0.28
7f84f13e1000-7f84f13e4000 rw-p 001da000 08:06 6693207                    /usr/lib/x86_64-linux-gnu/libstdc++.so.6.0.28
7f84f13e4000-7f84f13e7000 rw-p 00000000 00:00 0 
7f84f13e7000-7f84f1668000 r--p 00000000 08:06 6819733                    /usr/lib/jvm/java-11-openjdk-amd64/lib/server/libjvm.so
7f84f1668000-7f84f22e8000 r-xp 00281000 08:06 6819733                    /usr/lib/jvm/java-11-openjdk-amd64/lib/server/libjvm.so
7f84f22e8000-7f84f2543000 r--p 00f01000 08:06 6819733                    /usr/lib/jvm/java-11-openjdk-amd64/lib/server/libjvm.so
7f84f2543000-7f84f2607000 r--p 0115b000 08:06 6819733                    /usr/lib/jvm/java-11-openjdk-amd64/lib/server/libjvm.so
7f84f2607000-7f84f2642000 rw-p 0121f000 08:06 6819733                    /usr/lib/jvm/java-11-openjdk-amd64/lib/server/libjvm.so
7f84f2642000-7f84f269b000 rw-p 00000000 00:00 0 
7f84f269b000-7f84f26a2000 r--p 00000000 08:06 6688650                    /usr/lib/x86_64-linux-gnu/libpthread-2.31.so
7f84f26a2000-7f84f26b3000 r-xp 00007000 08:06 6688650                    /usr/lib/x86_64-linux-gnu/libpthread-2.31.so
7f84f26b3000-7f84f26b8000 r--p 00018000 08:06 6688650                    /usr/lib/x86_64-linux-gnu/libpthread-2.31.so
7f84f26b8000-7f84f26b9000 r--p 0001c000 08:06 6688650                    /usr/lib/x86_64-linux-gnu/libpthread-2.31.so
7f84f26b9000-7f84f26ba000 rw-p 0001d000 08:06 6688650                    /usr/lib/x86_64-linux-gnu/libpthread-2.31.so
7f84f26ba000-7f84f26be000 rw-p 00000000 00:00 0 
7f84f26be000-7f84f26bf000 r--p 00000000 08:06 6688638                    /usr/lib/x86_64-linux-gnu/libdl-2.31.so
7f84f26bf000-7f84f26c1000 r-xp 00001000 08:06 6688638                    /usr/lib/x86_64-linux-gnu/libdl-2.31.so
7f84f26c1000-7f84f26c2000 r--p 00003000 08:06 6688638                    /usr/lib/x86_64-linux-gnu/libdl-2.31.so
7f84f26c2000-7f84f26c3000 r--p 00003000 08:06 6688638                    /usr/lib/x86_64-linux-gnu/libdl-2.31.so
7f84f26c3000-7f84f26c4000 rw-p 00004000 08:06 6688638                    /usr/lib/x86_64-linux-gnu/libdl-2.31.so
7f84f26c4000-7f84f26c6000 r--p 00000000 08:06 6693484                    /usr/lib/x86_64-linux-gnu/libz.so.1.2.11
7f84f26c6000-7f84f26d7000 r-xp 00002000 08:06 6693484                    /usr/lib/x86_64-linux-gnu/libz.so.1.2.11
7f84f26d7000-7f84f26dd000 r--p 00013000 08:06 6693484                    /usr/lib/x86_64-linux-gnu/libz.so.1.2.11
7f84f26dd000-7f84f26de000 ---p 00019000 08:06 6693484                    /usr/lib/x86_64-linux-gnu/libz.so.1.2.11
7f84f26de000-7f84f26df000 r--p 00019000 08:06 6693484                    /usr/lib/x86_64-linux-gnu/libz.so.1.2.11
7f84f26df000-7f84f26e0000 rw-p 0001a000 08:06 6693484                    /usr/lib/x86_64-linux-gnu/libz.so.1.2.11
7f84f26e0000-7f84f2705000 r--p 00000000 08:06 6688637                    /usr/lib/x86_64-linux-gnu/libc-2.31.so
7f84f2705000-7f84f287d000 r-xp 00025000 08:06 6688637                    /usr/lib/x86_64-linux-gnu/libc-2.31.so
7f84f287d000-7f84f28c7000 r--p 0019d000 08:06 6688637                    /usr/lib/x86_64-linux-gnu/libc-2.31.so
7f84f28c7000-7f84f28c8000 ---p 001e7000 08:06 6688637                    /usr/lib/x86_64-linux-gnu/libc-2.31.so
7f84f28c8000-7f84f28cb000 r--p 001e7000 08:06 6688637                    /usr/lib/x86_64-linux-gnu/libc-2.31.so
7f84f28cb000-7f84f28ce000 rw-p 001ea000 08:06 6688637                    /usr/lib/x86_64-linux-gnu/libc-2.31.so
7f84f28ce000-7f84f28d2000 rw-p 00000000 00:00 0 
7f84f28d2000-7f84f28d3000 ---p 00000000 00:00 0 
7f84f28d3000-7f84f28d4000 r--p 00000000 00:00 0 
7f84f28d4000-7f84f28d9000 r--p 00000000 08:06 6819728                    /usr/lib/jvm/java-11-openjdk-amd64/lib/libverify.so
7f84f28d9000-7f84f28e0000 r-xp 00005000 08:06 6819728                    /usr/lib/jvm/java-11-openjdk-amd64/lib/libverify.so
7f84f28e0000-7f84f28e2000 r--p 0000c000 08:06 6819728                    /usr/lib/jvm/java-11-openjdk-amd64/lib/libverify.so
7f84f28e2000-7f84f28e3000 ---p 0000e000 08:06 6819728                    /usr/lib/jvm/java-11-openjdk-amd64/lib/libverify.so
7f84f28e3000-7f84f28e5000 r--p 0000e000 08:06 6819728                    /usr/lib/jvm/java-11-openjdk-amd64/lib/libverify.so
7f84f28e5000-7f84f28e6000 rw-p 00010000 08:06 6819728                    /usr/lib/jvm/java-11-openjdk-amd64/lib/libverify.so
7f84f28e6000-7f84f28e9000 r--p 00000000 08:06 6819694                    /usr/lib/jvm/java-11-openjdk-amd64/lib/jli/libjli.so
7f84f28e9000-7f84f28f3000 r-xp 00003000 08:06 6819694                    /usr/lib/jvm/java-11-openjdk-amd64/lib/jli/libjli.so
7f84f28f3000-7f84f28f6000 r--p 0000d000 08:06 6819694                    /usr/lib/jvm/java-11-openjdk-amd64/lib/jli/libjli.so
7f84f28f6000-7f84f28f7000 ---p 00010000 08:06 6819694                    /usr/lib/jvm/java-11-openjdk-amd64/lib/jli/libjli.so
7f84f28f7000-7f84f28f8000 r--p 00010000 08:06 6819694                    /usr/lib/jvm/java-11-openjdk-amd64/lib/jli/libjli.so
7f84f28f8000-7f84f28f9000 rw-p 00011000 08:06 6819694                    /usr/lib/jvm/java-11-openjdk-amd64/lib/jli/libjli.so
7f84f28f9000-7f84f28fb000 rw-p 00000000 00:00 0 
7f84f28fb000-7f84f28fc000 r--p 00000000 08:06 6688576                    /usr/lib/x86_64-linux-gnu/ld-2.31.so
7f84f28fc000-7f84f291f000 r-xp 00001000 08:06 6688576                    /usr/lib/x86_64-linux-gnu/ld-2.31.so
7f84f291f000-7f84f2927000 r--p 00024000 08:06 6688576                    /usr/lib/x86_64-linux-gnu/ld-2.31.so
7f84f2928000-7f84f2929000 r--p 0002c000 08:06 6688576                    /usr/lib/x86_64-linux-gnu/ld-2.31.so
7f84f2929000-7f84f292a000 rw-p 0002d000 08:06 6688576                    /usr/lib/x86_64-linux-gnu/ld-2.31.so
7f84f292a000-7f84f292b000 rw-p 00000000 00:00 0 
7ffd3a9e9000-7ffd3aa0c000 rw-p 00000000 00:00 0                          [stack]
7ffd3ab51000-7ffd3ab54000 r--p 00000000 00:00 0                          [vvar]
7ffd3ab54000-7ffd3ab55000 r-xp 00000000 00:00 0                          [vdso]
ffffffffff600000-ffffffffff601000 --xp 00000000 00:00 0                  [vsyscall]


VM Arguments:
jvm_args: -agentlib:jdwp=transport=dt_socket,suspend=y,address=localhost:42553 -javaagent:/home/gabriel/eclipse/java-2021-12/eclipse/configuration/org.eclipse.osgi/219/0/.cp/lib/javaagent-shaded.jar -Dfile.encoding=UTF-8 
java_command: com.br.example.prj.biblioteca.ProjetoBibliotecaApplication
java_class_path (initial): /home/gabriel/Downloads/prj-integrador/target/classes:/home/gabriel/.m2/repository/org/springframework/boot/spring-boot-starter-data-jpa/2.5.4/spring-boot-starter-data-jpa-2.5.4.jar:/home/gabriel/.m2/repository/org/springframework/boot/spring-boot-starter-aop/2.5.4/spring-boot-starter-aop-2.5.4.jar:/home/gabriel/.m2/repository/org/aspectj/aspectjweaver/1.9.7/aspectjweaver-1.9.7.jar:/home/gabriel/.m2/repository/org/springframework/boot/spring-boot-starter-jdbc/2.5.4/spring-boot-starter-jdbc-2.5.4.jar:/home/gabriel/.m2/repository/com/zaxxer/HikariCP/4.0.3/HikariCP-4.0.3.jar:/home/gabriel/.m2/repository/org/springframework/spring-jdbc/5.3.9/spring-jdbc-5.3.9.jar:/home/gabriel/.m2/repository/jakarta/transaction/jakarta.transaction-api/1.3.3/jakarta.transaction-api-1.3.3.jar:/home/gabriel/.m2/repository/jakarta/persistence/jakarta.persistence-api/2.2.3/jakarta.persistence-api-2.2.3.jar:/home/gabriel/.m2/repository/org/hibernate/hibernate-core/5.4.32.Final/hibernate-core-5.4.32.Final.jar:/home/gabriel/.m2/repository/org/jboss/logging/jboss-logging/3.4.2.Final/jboss-logging-3.4.2.Final.jar:/home/gabriel/.m2/repository/org/javassist/javassist/3.27.0-GA/javassist-3.27.0-GA.jar:/home/gabriel/.m2/repository/net/bytebuddy/byte-buddy/1.10.22/byte-buddy-1.10.22.jar:/home/gabriel/.m2/repository/antlr/antlr/2.7.7/antlr-2.7.7.jar:/home/gabriel/.m2/repository/org/jboss/jandex/2.2.3.Final/jandex-2.2.3.Final.jar:/home/gabriel/.m2/repository/com/fasterxml/classmate/1.5.1/classmate-1.5.1.jar:/home/gabriel/.m2/repository/org/dom4j/dom4j/2.1.3/dom4j-2.1.3.jar:/home/gabriel/.m2/repository/org/hibernate/common/hibernate-commons-annotations/5.1.2.Final/hibernate-commons-annotations-5.1.2.Final.jar:/home/gabriel/.m2/repository/org/glassfish/jaxb/jaxb-runtime/2.3.5/jaxb-runtime-2.3.5.jar:/home/gabriel/.m2/repository/org/glassfish/jaxb/txw2/2.3.5/txw2-2.3.5.jar:/home/gabriel/.m2/repository/com/sun/istack/istack-commons-runtime/3.0.12/istack-commons-runtime-3.0.12.jar
Launcher Type: SUN_STANDARD

[Global flags]
     intx CICompilerCount                          = 3                                         {product} {ergonomic}
     uint ConcGCThreads                            = 1                                         {product} {ergonomic}
     uint G1ConcRefinementThreads                  = 4                                         {product} {ergonomic}
   size_t G1HeapRegionSize                         = 1048576                                   {product} {ergonomic}
    uintx GCDrainStackTargetSize                   = 64                                        {product} {ergonomic}
   size_t InitialHeapSize                          = 62914560                                  {product} {ergonomic}
   size_t MarkStackSize                            = 4194304                                   {product} {ergonomic}
   size_t MaxHeapSize                              = 979369984                                 {product} {ergonomic}
   size_t MaxNewSize                               = 587202560                                 {product} {ergonomic}
   size_t MinHeapDeltaBytes                        = 1048576                                   {product} {ergonomic}
    uintx NonNMethodCodeHeapSize                   = 5830732                                {pd product} {ergonomic}
    uintx NonProfiledCodeHeapSize                  = 122913754                              {pd product} {ergonomic}
    uintx ProfiledCodeHeapSize                     = 122913754                              {pd product} {ergonomic}
    uintx ReservedCodeCacheSize                    = 251658240                              {pd product} {ergonomic}
     bool SegmentedCodeCache                       = true                                      {product} {ergonomic}
     bool UseCompressedClassPointers               = true                                 {lp64_product} {ergonomic}
     bool UseCompressedOops                        = true                                 {lp64_product} {ergonomic}
     bool UseG1GC                                  = true                                      {product} {ergonomic}

Logging:
Log output configuration:
 #0: stdout all=warning uptime,level,tags
 #1: stderr all=off uptime,level,tags

Environment Variables:
PATH=/usr/local/sbin:/usr/local/bin:/usr/sbin:/usr/bin:/sbin:/bin:/usr/games:/usr/local/games:/snap/bin
SHELL=/bin/bash
DISPLAY=:0
LANG=pt_BR.UTF-8

Signal Handlers:
SIGSEGV: [libjvm.so+0xe8e8d0], sa_mask[0]=11111111011111111101111111111110, sa_flags=SA_RESTART|SA_SIGINFO
SIGBUS: [libjvm.so+0xe8e8d0], sa_mask[0]=11111111011111111101111111111110, sa_flags=SA_RESTART|SA_SIGINFO
SIGFPE: [libjvm.so+0xe8e8d0], sa_mask[0]=11111111011111111101111111111110, sa_flags=SA_RESTART|SA_SIGINFO
SIGPIPE: [libjvm.so+0xbd6910], sa_mask[0]=11111111011111111101111111111110, sa_flags=SA_RESTART|SA_SIGINFO
SIGXFSZ: [libjvm.so+0xbd6910], sa_mask[0]=11111111011111111101111111111110, sa_flags=SA_RESTART|SA_SIGINFO
SIGILL: [libjvm.so+0xe8e8d0], sa_mask[0]=11111111011111111101111111111110, sa_flags=SA_RESTART|SA_SIGINFO
SIGUSR2: [libjvm.so+0xbd67b0], sa_mask[0]=00100000000000000000000000000000, sa_flags=SA_RESTART|SA_SIGINFO
SIGHUP: [libjvm.so+0xbd6c50], sa_mask[0]=11111111011111111101111111111110, sa_flags=SA_RESTART|SA_SIGINFO
SIGINT: [libjvm.so+0xbd6c50], sa_mask[0]=11111111011111111101111111111110, sa_flags=SA_RESTART|SA_SIGINFO
SIGTERM: [libjvm.so+0xbd6c50], sa_mask[0]=11111111011111111101111111111110, sa_flags=SA_RESTART|SA_SIGINFO
SIGQUIT: [libjvm.so+0xbd6c50], sa_mask[0]=11111111011111111101111111111110, sa_flags=SA_RESTART|SA_SIGINFO


---------------  S Y S T E M  ---------------

OS:DISTRIB_ID=LinuxMint
DISTRIB_RELEASE=20.1
DISTRIB_CODENAME=ulyssa
DISTRIB_DESCRIPTION="Linux Mint 20.1 Ulyssa"
uname:Linux 5.4.0-58-generic #64-Ubuntu SMP Wed Dec 9 08:16:25 UTC 2020 x86_64
OS uptime: 2 days 4:22 hours
libc:glibc 2.31 NPTL 2.31 
rlimit (soft/hard): STACK 8192k/infinity , CORE 0k/infinity , NPROC 14583/14583 , NOFILE 1048576/1048576 , AS infinity/infinity , CPU infinity/infinity , DATA infinity/infinity , FSIZE infinity/infinity , MEMLOCK 65536k/65536k
load average:2,37 2,47 3,58

/proc/meminfo:
MemTotal:        3825272 kB
MemFree:          125812 kB
MemAvailable:     293424 kB
Buffers:           26056 kB
Cached:           624980 kB
SwapCached:       354060 kB
Active:          2163840 kB
Inactive:        1126572 kB
Active(anon):    1997064 kB
Inactive(anon):   967532 kB
Active(file):     166776 kB
Inactive(file):   159040 kB
Unevictable:       62508 kB
Mlocked:             128 kB
SwapTotal:       8388604 kB
SwapFree:        5552624 kB
Dirty:               452 kB
Writeback:             0 kB
AnonPages:       2688424 kB
Mapped:           301108 kB
Shmem:            325112 kB
KReclaimable:      86764 kB
Slab:             230124 kB
SReclaimable:      86764 kB
SUnreclaim:       143360 kB
KernelStack:       16736 kB
PageTables:        49940 kB
NFS_Unstable:          0 kB
Bounce:                0 kB
WritebackTmp:          0 kB
CommitLimit:    10301240 kB
Committed_AS:   14651196 kB
VmallocTotal:   34359738367 kB
VmallocUsed:       33904 kB
VmallocChunk:          0 kB
Percpu:             6976 kB
HardwareCorrupted:     0 kB
AnonHugePages:         0 kB
ShmemHugePages:        0 kB
ShmemPmdMapped:        0 kB
FileHugePages:         0 kB
FilePmdMapped:         0 kB
CmaTotal:              0 kB
CmaFree:               0 kB
HugePages_Total:       0
HugePages_Free:        0
HugePages_Rsvd:        0
HugePages_Surp:        0
Hugepagesize:       2048 kB
Hugetlb:               0 kB
DirectMap4k:      436976 kB
DirectMap2M:     3551232 kB

/sys/kernel/mm/transparent_hugepage/enabled:
always [madvise] never
/sys/kernel/mm/transparent_hugepage/defrag (defrag/compaction efforts parameter):
always defer defer+madvise [madvise] never

Process Memory:
Virtual Size: 4576320K (peak: 12348036K)
Resident Set Size: 335256K (peak: 345824K) (anon: 317416K, file: 17840K, shmem: 0K)
Swapped out: 0K
C-Heap outstanding allocations: 35078K

/proc/sys/kernel/threads-max (system-wide limit on the number of threads):
29167
/proc/sys/vm/max_map_count (maximum number of memory map areas a process may have):
65530
/proc/sys/kernel/pid_max (system-wide limit on number of process identifiers):
4194304

container (cgroup) information:
container_type: cgroupv1
cpu_cpuset_cpus: 0-3
cpu_memory_nodes: 0
active_processor_count: 4
cpu_quota: -1
cpu_period: 100000
cpu_shares: -1
memory_limit_in_bytes: -1
memory_and_swap_limit_in_bytes: -2
memory_soft_limit_in_bytes: -1
memory_usage_in_bytes: 2386518016
memory_max_usage_in_bytes: 3188994048

Steal ticks since vm start: 0
Steal ticks percentage since vm start:  0,000

CPU:total 4 (initial active 4) (2 cores per cpu, 2 threads per core) family 6 model 37 stepping 5 microcode 0x7, cmov, cx8, fxsr, mmx, sse, sse2, sse3, ssse3, sse4.1, sse4.2, popcnt, ht, tsc, tscinvbit
CPU Model and flags from /proc/cpuinfo:
model name	: Intel(R) Core(TM) i5 CPU       M 460  @ 2.53GHz
flags		: fpu vme de pse tsc msr pae mce cx8 apic sep mtrr pge mca cmov pat pse36 clflush dts acpi mmx fxsr sse sse2 ht tm pbe syscall nx rdtscp lm constant_tsc arch_perfmon pebs bts rep_good nopl xtopology nonstop_tsc cpuid aperfmperf pni dtes64 monitor ds_cpl vmx est tm2 ssse3 cx16 xtpr pdcm pcid sse4_1 sse4_2 popcnt lahf_lm pti ssbd ibrs ibpb stibp tpr_shadow vnmi flexpriority ept vpid dtherm ida arat flush_l1d
Online cpus:
0-3
Offline cpus:
4-7
BIOS frequency limitation:
2534000
Frequency switch latency (ns):
10000
Available cpu frequencies:
2534000 2533000 2399000 2266000 2133000 1999000 1866000 1733000 1599000 1466000 1333000 1199000 
Current governor:
ondemand
Core performance/turbo boost:
1

Memory: 4k page, physical 3825272k(125576k free), swap 8388604k(5552624k free)

vm_info: OpenJDK 64-Bit Server VM (11.0.13+8-Ubuntu-0ubuntu1.20.04) for linux-amd64 JRE (11.0.13+8-Ubuntu-0ubuntu1.20.04), built on Oct 29 2021 09:11:30 by "unknown" with gcc 9.3.0

END.
