#
# A fatal error has been detected by the Java Runtime Environment:
#
#  SIGSEGV (0xb) at pc=0x00007f2213ac60ad, pid=29763, tid=29780
#
# JRE version: OpenJDK Runtime Environment (11.0.13+8) (build 11.0.13+8-Ubuntu-0ubuntu1.20.04)
# Java VM: OpenJDK 64-Bit Server VM (11.0.13+8-Ubuntu-0ubuntu1.20.04, mixed mode, sharing, tiered, compressed oops, g1 gc, linux-amd64)
# Problematic frame:
# C  [libjimage.so+0x30ad]
#
# Core dump will be written. Default location: Core dumps may be processed with "/lib/systemd/systemd-coredump %P %u %g %s %t 9223372036854775808 %h" (or dumping to /home/gabriel/Downloads/prj-integrador/core.29763)
#
# If you would like to submit a bug report, please visit:
#   https://bugs.launchpad.net/ubuntu/+source/openjdk-lts
#

---------------  S U M M A R Y ------------

Command Line: -agentlib:jdwp=transport=dt_socket,suspend=y,address=localhost:36843 -javaagent:/home/gabriel/eclipse/java-2021-12/eclipse/configuration/org.eclipse.osgi/219/0/.cp/lib/javaagent-shaded.jar -Dfile.encoding=UTF-8 com.br.example.prj.biblioteca.ProjetoBibliotecaApplication

Host: Intel(R) Core(TM) i5 CPU       M 460  @ 2.53GHz, 4 cores, 3G, Linux Mint 20.1 Ulyssa
Time: Thu Feb 24 08:30:27 2022 -03 elapsed time: 2584.927643 seconds (0d 0h 43m 4s)

---------------  T H R E A D  ---------------

Current thread (0x00007f220c136000):  JavaThread "Signal Dispatcher" daemon [_thread_in_vm, id=29780, stack(0x00007f21f43cd000,0x00007f21f44ce000)]

Stack: [0x00007f21f43cd000,0x00007f21f44ce000],  sp=0x00007f21f44cb200,  free space=1016k
Native frames: (J=compiled Java code, A=aot compiled Java code, j=interpreted, Vv=VM code, C=native code)
C  [libjimage.so+0x30ad]
C  [libjimage.so+0x3ca2]
C  [libjimage.so+0x4191]  JIMAGE_FindResource+0xf1
V  [libjvm.so+0x5b8c41]
V  [libjvm.so+0x5bb261]
V  [libjvm.so+0xdee4ed]
V  [libjvm.so+0xded08a]
V  [libjvm.so+0xdef63b]
V  [libjvm.so+0x66b15e]
V  [libjvm.so+0x85b166]
j  jdk.internal.misc.Signal.dispatch(I)V+25 java.base@11.0.13
v  ~StubRoutines::call_stub
V  [libjvm.so+0x863bf4]
V  [libjvm.so+0x862c32]
V  [libjvm.so+0xbce34e]
V  [libjvm.so+0xe24e0f]
V  [libjvm.so+0xe21850]
V  [libjvm.so+0xbe0406]

Java frames: (J=compiled Java code, j=interpreted, Vv=VM code)
j  jdk.internal.misc.Signal.dispatch(I)V+25 java.base@11.0.13
v  ~StubRoutines::call_stub

siginfo: si_signo: 11 (SIGSEGV), si_code: 1 (SEGV_MAPERR), si_addr: 0x00007f220386eb9c

Register to memory mapping:

RAX=0x0000000000006ee0 is an unknown value
RBX=0x00007f21f44cb2b1 is pointing into the stack for thread: 0x00007f220c136000
RCX=0x00007f21f44cb2d3 is pointing into the stack for thread: 0x00007f220c136000
RDX=0x0000000000006ee0 is an unknown value
RSP=0x00007f21f44cb200 is pointing into the stack for thread: 0x00007f220c136000
RBP=0x00007f21f44cb220 is pointing into the stack for thread: 0x00007f220c136000
RSI=0x0 is NULL
RDI=0x00007f2213acb030: <offset 0x0000000000008030> in /usr/lib/jvm/java-11-openjdk-amd64/lib/libjimage.so at 0x00007f2213ac3000
R8 =0x00007f220385301c is an unknown value
R9 =0x00007f21f44cc0c0 is pointing into the stack for thread: 0x00007f220c136000
R10=0x00007f2214e98fe0: <offset 0x0000000000f47fe0> in /usr/lib/jvm/java-11-openjdk-amd64/lib/server/libjvm.so at 0x00007f2213f51000
R11=0x00007f22153fc210: <offset 0x00000000001b2210> in /lib/x86_64-linux-gnu/libc.so.6 at 0x00007f221524a000
R12=0x0000000000008457 is an unknown value
R13=0x00007f21f44cb2b0 is pointing into the stack for thread: 0x00007f220c136000
R14=0x0 is NULL
R15=0x00007f220c136c80 points into unknown readable memory: 0x65746e692f6b646a | 6a 64 6b 2f 69 6e 74 65


Registers:
RAX=0x0000000000006ee0, RBX=0x00007f21f44cb2b1, RCX=0x00007f21f44cb2d3, RDX=0x0000000000006ee0
RSP=0x00007f21f44cb200, RBP=0x00007f21f44cb220, RSI=0x0000000000000000, RDI=0x00007f2213acb030
R8 =0x00007f220385301c, R9 =0x00007f21f44cc0c0, R10=0x00007f2214e98fe0, R11=0x00007f22153fc210
R12=0x0000000000008457, R13=0x00007f21f44cb2b0, R14=0x0000000000000000, R15=0x00007f220c136c80
RIP=0x00007f2213ac60ad, EFLAGS=0x0000000000010246, CSGSFS=0x002b000000000033, ERR=0x0000000000000004
  TRAPNO=0x000000000000000e

Top of Stack: (sp=0x00007f21f44cb200)
0x00007f21f44cb200:   0000000000000000 00007f21f44cc348
0x00007f21f44cb210:   00007f220c009be0 00007f21f44cb2b0
0x00007f21f44cb220:   00007f21f44cb290 00007f2213ac6ca2
0x00007f21f44cb230:   0000000000000000 0000000000000000 

Instructions: (pc=0x00007f2213ac60ad)
0x00007f2213ac5fad:   f3 ff ff 44 03 65 90 e9 3f fe ff ff 0f 1f 80 00
0x00007f2213ac5fbd:   00 00 00 41 8b 10 41 89 55 00 41 8b 54 00 fc 41
0x00007f2213ac5fcd:   89 54 05 fc e9 82 fc ff ff 66 2e 0f 1f 84 00 00
0x00007f2213ac5fdd:   00 00 00 b9 0a 00 00 00 e9 f0 fc ff ff 41 0f b7
0x00007f2213ac5fed:   54 00 fe 66 41 89 54 05 fe e9 5d fc ff ff 0f 1f
0x00007f2213ac5ffd:   44 00 00 f3 0f 1e fa 0f b6 17 89 f0 89 f1 4c 8d
0x00007f2213ac600d:   47 01 84 d2 74 1c 0f 1f 44 00 00 69 c9 93 01 00
0x00007f2213ac601d:   01 49 83 c0 01 31 d1 41 0f b6 50 ff 84 d2 75 eb
0x00007f2213ac602d:   89 c8 25 ff ff ff 7f c3 90 66 2e 0f 1f 84 00 00
0x00007f2213ac603d:   00 00 00 f3 0f 1e fa 48 85 d2 0f 84 da 00 00 00
0x00007f2213ac604d:   55 48 89 e5 41 55 41 54 41 89 cc 53 48 83 ec 08
0x00007f2213ac605d:   85 c9 0f 84 ba 00 00 00 49 89 f5 48 8d 5e 01 0f
0x00007f2213ac606d:   b6 36 49 89 d0 40 84 f6 0f 84 9d 00 00 00 48 89
0x00007f2213ac607d:   d9 b8 93 01 00 01 0f 1f 44 00 00 69 d0 93 01 00
0x00007f2213ac608d:   01 48 83 c1 01 40 0f b6 c6 0f b6 71 ff 31 d0 40
0x00007f2213ac609d:   84 f6 75 e7 25 ff ff ff 7f 31 d2 41 f7 f4 89 d0
0x00007f2213ac60ad:   41 8b 34 80 48 8b 07 ff 50 20 85 c0 7f 15 74 62
0x00007f2213ac60bd:   f7 d0 41 89 c0 48 83 c4 08 44 89 c0 5b 41 5c 41
0x00007f2213ac60cd:   5d 5d c3 41 0f b6 4d 00 89 c6 84 c9 74 1b 0f 1f
0x00007f2213ac60dd:   44 00 00 69 f6 93 01 00 01 48 83 c3 01 31 ce 0f
0x00007f2213ac60ed:   b6 4b ff 84 c9 75 ec 89 f0 25 ff ff ff 7f 31 d2
0x00007f2213ac60fd:   48 83 c4 08 41 f7 f4 5b 41 5c 41 5d 5d 41 89 d0
0x00007f2213ac610d:   44 89 c0 c3 0f 1f 80 00 00 00 00 b8 93 01 00 01
0x00007f2213ac611d:   eb 87 41 b8 ff ff ff ff eb 9b 41 83 c8 ff 44 89
0x00007f2213ac612d:   c0 c3 90 f3 0f 1e fa eb 1d 66 2e 0f 1f 84 00 00
0x00007f2213ac613d:   00 00 00 0f b6 16 84 d2 74 13 38 c2 75 15 48 83
0x00007f2213ac614d:   c7 01 48 83 c6 01 0f b6 07 84 c0 75 e6 48 89 f8
0x00007f2213ac615d:   c3 66 90 31 c0 c3 90 66 66 2e 0f 1f 84 00 00 00
0x00007f2213ac616d:   00 00 90 f3 0f 1e fa 48 85 f6 74 51 0f b6 06 84
0x00007f2213ac617d:   c0 74 4a 0f b6 d0 83 e0 07 c1 fa 03 44 8d 50 01
0x00007f2213ac618d:   0f b6 c0 41 89 d1 4c 8d 44 06 02 48 8d 56 01 31
0x00007f2213ac619d:   c0 66 90 0f b6 0a 48 c1 e0 08 48 83 c2 01 48 09 


Stack slot to memory mapping:
stack at sp + 0 slots: 0x0 is NULL
stack at sp + 1 slots: 0x00007f21f44cc348 is pointing into the stack for thread: 0x00007f220c136000
stack at sp + 2 slots: 0x00007f220c009be0 points into unknown readable memory: 0x00007f21b0031e00 | 00 1e 03 b0 21 7f 00 00
stack at sp + 3 slots: 0x00007f21f44cb2b0 is pointing into the stack for thread: 0x00007f220c136000
stack at sp + 4 slots: 0x00007f21f44cb290 is pointing into the stack for thread: 0x00007f220c136000
stack at sp + 5 slots: 0x00007f2213ac6ca2: <offset 0x0000000000003ca2> in /usr/lib/jvm/java-11-openjdk-amd64/lib/libjimage.so at 0x00007f2213ac3000
stack at sp + 6 slots: 0x0 is NULL
stack at sp + 7 slots: 0x0 is NULL


---------------  P R O C E S S  ---------------

Threads class SMR info:
_java_thread_list=0x00007f21a80a8960, length=28, elements={
0x00007f220c126800, 0x00007f220c130800, 0x00007f220c136000, 0x00007f220c138000,
0x00007f220c13a800, 0x00007f220c13c800, 0x00007f220c13e800, 0x00007f220c154800,
0x00007f220c19f000, 0x00007f220c1a3800, 0x00007f220cf76800, 0x00007f220d6c5800,
0x00007f220dff9800, 0x00007f218c00b000, 0x00007f220df01000, 0x00007f220e237000,
0x00007f220e237800, 0x00007f220c019800, 0x00007f2188004000, 0x00007f218801f000,
0x00007f2188007000, 0x00007f2188008800, 0x00007f218800a800, 0x00007f218800c800,
0x00007f218800e000, 0x00007f2188010000, 0x00007f2188014000, 0x00007f2188014800
}

Java Threads: ( => current thread )
  0x00007f220c126800 JavaThread "Reference Handler" daemon [_thread_blocked, id=29778, stack(0x00007f21f45cf000,0x00007f21f46d0000)]
  0x00007f220c130800 JavaThread "Finalizer" daemon [_thread_blocked, id=29779, stack(0x00007f21f44ce000,0x00007f21f45cf000)]
=>0x00007f220c136000 JavaThread "Signal Dispatcher" daemon [_thread_in_vm, id=29780, stack(0x00007f21f43cd000,0x00007f21f44ce000)]
  0x00007f220c138000 JavaThread "Service Thread" daemon [_thread_blocked, id=29781, stack(0x00007f21f42cc000,0x00007f21f43cd000)]
  0x00007f220c13a800 JavaThread "C2 CompilerThread0" daemon [_thread_blocked, id=29782, stack(0x00007f21f41cb000,0x00007f21f42cc000)]
  0x00007f220c13c800 JavaThread "C1 CompilerThread0" daemon [_thread_blocked, id=29783, stack(0x00007f21f40ca000,0x00007f21f41cb000)]
  0x00007f220c13e800 JavaThread "Sweeper thread" daemon [_thread_blocked, id=29784, stack(0x00007f21e598d000,0x00007f21e5a8e000)]
  0x00007f220c154800 JavaThread "Common-Cleaner" daemon [_thread_blocked, id=29785, stack(0x00007f21e588c000,0x00007f21e598d000)]
  0x00007f220c19f000 JavaThread "JDWP Transport Listener: dt_socket" daemon [_thread_in_native, id=29787, stack(0x00007f21e578b000,0x00007f21e588c000)]
  0x00007f220c1a3800 JavaThread "JDWP Event Helper Thread" daemon [_thread_blocked, id=29790, stack(0x00007f21e568a000,0x00007f21e578b000)]
  0x00007f220cf76800 JavaThread "mysql-cj-abandoned-connection-cleanup" daemon [_thread_blocked, id=29801, stack(0x00007f21e5488000,0x00007f21e5589000)]
  0x00007f220d6c5800 JavaThread "HikariPool-1 housekeeper" daemon [_thread_blocked, id=29802, stack(0x00007f21e4068000,0x00007f21e4169000)]
  0x00007f220dff9800 JavaThread "Catalina-utility-1" [_thread_blocked, id=29806, stack(0x00007f21959a6000,0x00007f2195aa7000)]
  0x00007f218c00b000 JavaThread "Catalina-utility-2" [_thread_blocked, id=29807, stack(0x00007f21958a5000,0x00007f21959a6000)]
  0x00007f220df01000 JavaThread "container-0" [_thread_blocked, id=29808, stack(0x00007f21957a4000,0x00007f21958a5000)]
  0x00007f220e237000 JavaThread "http-nio-8080-Poller" daemon [_thread_in_native, id=29813, stack(0x00007f2196eff000,0x00007f2197000000)]
  0x00007f220e237800 JavaThread "http-nio-8080-Acceptor" daemon [_thread_in_native, id=29814, stack(0x00007f2195ffe000,0x00007f21960ff000)]
  0x00007f220c019800 JavaThread "DestroyJavaVM" [_thread_blocked, id=29771, stack(0x00007f2213b05000,0x00007f2213c06000)]
  0x00007f2188004000 JavaThread "http-nio-8080-exec-1" daemon [_thread_blocked, id=29821, stack(0x00007f2195efd000,0x00007f2195ffe000)]
  0x00007f218801f000 JavaThread "http-nio-8080-exec-2" daemon [_thread_blocked, id=29822, stack(0x00007f2195dfc000,0x00007f2195efd000)]
  0x00007f2188007000 JavaThread "http-nio-8080-exec-3" daemon [_thread_blocked, id=29889, stack(0x00007f2195cfb000,0x00007f2195dfc000)]
  0x00007f2188008800 JavaThread "http-nio-8080-exec-4" daemon [_thread_blocked, id=29943, stack(0x00007f21952a3000,0x00007f21953a4000)]
  0x00007f218800a800 JavaThread "http-nio-8080-exec-5" daemon [_thread_blocked, id=29944, stack(0x00007f21951a2000,0x00007f21952a3000)]
  0x00007f218800c800 JavaThread "http-nio-8080-exec-6" daemon [_thread_blocked, id=30113, stack(0x00007f21950a1000,0x00007f21951a2000)]
  0x00007f218800e000 JavaThread "http-nio-8080-exec-7" daemon [_thread_blocked, id=30131, stack(0x00007f2194fa0000,0x00007f21950a1000)]
  0x00007f2188010000 JavaThread "http-nio-8080-exec-8" daemon [_thread_blocked, id=30161, stack(0x00007f2194e9f000,0x00007f2194fa0000)]
  0x00007f2188014000 JavaThread "http-nio-8080-exec-9" daemon [_thread_blocked, id=30411, stack(0x00007f2194c9d000,0x00007f2194d9e000)]
  0x00007f2188014800 JavaThread "http-nio-8080-exec-10" daemon [_thread_blocked, id=30412, stack(0x00007f2194d9e000,0x00007f2194e9f000)]

Other Threads:
  0x00007f220c123800 VMThread "VM Thread" [stack: 0x00007f21f46d2000,0x00007f21f47d2000] [id=29777]
  0x00007f220c49a000 WatcherThread [stack: 0x00007f21e5388000,0x00007f21e5488000] [id=29795]
  0x00007f220c031000 GCTaskThread "GC Thread#0" [stack: 0x00007f221376e000,0x00007f221386e000] [id=29772]
  0x00007f21dc001000 GCTaskThread "GC Thread#1" [stack: 0x00007f21e5286000,0x00007f21e5386000] [id=29796]
  0x00007f21dc0cc800 GCTaskThread "GC Thread#2" [stack: 0x00007f21e4af4000,0x00007f21e4bf4000] [id=29798]
  0x00007f21dc0ce000 GCTaskThread "GC Thread#3" [stack: 0x00007f21e49f2000,0x00007f21e4af2000] [id=29799]
  0x00007f220c04b000 ConcurrentGCThread "G1 Main Marker" [stack: 0x00007f2210f9f000,0x00007f221109f000] [id=29773]
  0x00007f220c04d000 ConcurrentGCThread "G1 Conc#0" [stack: 0x00007f2210e9d000,0x00007f2210f9d000] [id=29774]
  0x00007f220c08e800 ConcurrentGCThread "G1 Refine#0" [stack: 0x00007f2210997000,0x00007f2210a97000] [id=29775]
  0x00007f220c090800 ConcurrentGCThread "G1 Young RemSet Sampling" [stack: 0x00007f2210895000,0x00007f2210995000] [id=29776]

Threads with active compile tasks:

VM state:not at safepoint (normal execution)

VM Mutex/Monitor currently owned by a thread: None

Heap address: 0x00000000c5a00000, size: 934 MB, Compressed Oops mode: 32-bit
Narrow klass base: 0x0000000800000000, Narrow klass shift: 3
Compressed class space size: 1073741824 Address: 0x0000000840000000

Heap:
 garbage-first heap   total 133120K, used 69928K [0x00000000c5a00000, 0x0000000100000000)
  region size 1024K, 49 young (50176K), 7 survivors (7168K)
 Metaspace       used 65602K, capacity 67399K, committed 67788K, reserved 1107968K
  class space    used 8396K, capacity 9093K, committed 9164K, reserved 1048576K
Heap Regions: E=young(eden), S=young(survivor), O=old, HS=humongous(starts), HC=humongous(continues), CS=collection set, F=free, A=archive, TAMS=top-at-mark-start (previous, next)
|   0|0x00000000c5a00000, 0x00000000c5b00000, 0x00000000c5b00000|100%|HS|  |TAMS 0x00000000c5b00000, 0x00000000c5a00000| Complete 
|   1|0x00000000c5b00000, 0x00000000c5c00000, 0x00000000c5c00000|100%| O|  |TAMS 0x00000000c5c00000, 0x00000000c5b00000| Untracked 
|   2|0x00000000c5c00000, 0x00000000c5d00000, 0x00000000c5d00000|100%| O|  |TAMS 0x00000000c5d00000, 0x00000000c5c00000| Untracked 
|   3|0x00000000c5d00000, 0x00000000c5e00000, 0x00000000c5e00000|100%| O|  |TAMS 0x00000000c5e00000, 0x00000000c5d00000| Untracked 
|   4|0x00000000c5e00000, 0x00000000c5f00000, 0x00000000c5f00000|100%| O|  |TAMS 0x00000000c5f00000, 0x00000000c5e00000| Untracked 
|   5|0x00000000c5f00000, 0x00000000c6000000, 0x00000000c6000000|100%| O|  |TAMS 0x00000000c6000000, 0x00000000c5f00000| Untracked 
|   6|0x00000000c6000000, 0x00000000c6100000, 0x00000000c6100000|100%| O|  |TAMS 0x00000000c6100000, 0x00000000c6000000| Untracked 
|   7|0x00000000c6100000, 0x00000000c6200000, 0x00000000c6200000|100%| O|  |TAMS 0x00000000c6200000, 0x00000000c6100000| Untracked 
|   8|0x00000000c6200000, 0x00000000c6300000, 0x00000000c6300000|100%| O|  |TAMS 0x00000000c6300000, 0x00000000c6200000| Untracked 
|   9|0x00000000c6300000, 0x00000000c6400000, 0x00000000c6400000|100%| O|  |TAMS 0x00000000c6400000, 0x00000000c6300000| Untracked 
|  10|0x00000000c6400000, 0x00000000c6500000, 0x00000000c6500000|100%| O|  |TAMS 0x00000000c6500000, 0x00000000c6400000| Untracked 
|  11|0x00000000c6500000, 0x00000000c6600000, 0x00000000c6600000|100%| O|  |TAMS 0x00000000c6600000, 0x00000000c6500000| Untracked 
|  12|0x00000000c6600000, 0x00000000c6700000, 0x00000000c6700000|100%| O|  |TAMS 0x00000000c6700000, 0x00000000c6600000| Untracked 
|  13|0x00000000c6700000, 0x00000000c6800000, 0x00000000c6800000|100%| O|  |TAMS 0x00000000c6800000, 0x00000000c6700000| Untracked 
|  14|0x00000000c6800000, 0x00000000c6900000, 0x00000000c6900000|100%| O|  |TAMS 0x00000000c6900000, 0x00000000c6800000| Untracked 
|  15|0x00000000c6900000, 0x00000000c6a00000, 0x00000000c6a00000|100%| O|  |TAMS 0x00000000c6a00000, 0x00000000c6900000| Untracked 
|  16|0x00000000c6a00000, 0x00000000c6b00000, 0x00000000c6b00000|100%| O|  |TAMS 0x00000000c6b00000, 0x00000000c6a00000| Untracked 
|  17|0x00000000c6b00000, 0x00000000c6c00000, 0x00000000c6c00000|100%| O|  |TAMS 0x00000000c6c00000, 0x00000000c6b00000| Untracked 
|  18|0x00000000c6c00000, 0x00000000c6d00000, 0x00000000c6d00000|100%| O|  |TAMS 0x00000000c6d00000, 0x00000000c6c00000| Untracked 
|  19|0x00000000c6d00000, 0x00000000c6e00000, 0x00000000c6e00000|100%| O|  |TAMS 0x00000000c6e00000, 0x00000000c6d00000| Untracked 
|  20|0x00000000c6e00000, 0x00000000c6f00000, 0x00000000c6f00000|100%| O|  |TAMS 0x00000000c6e5f400, 0x00000000c6e00000| Untracked 
|  21|0x00000000c6f00000, 0x00000000c6f5cc00, 0x00000000c7000000| 36%| O|  |TAMS 0x00000000c6f00000, 0x00000000c6f00000| Untracked 
|  22|0x00000000c7000000, 0x00000000c7000000, 0x00000000c7100000|  0%| F|  |TAMS 0x00000000c7000000, 0x00000000c7000000| Untracked 
|  23|0x00000000c7100000, 0x00000000c7100000, 0x00000000c7200000|  0%| F|  |TAMS 0x00000000c7100000, 0x00000000c7100000| Untracked 
|  24|0x00000000c7200000, 0x00000000c7200000, 0x00000000c7300000|  0%| F|  |TAMS 0x00000000c7200000, 0x00000000c7200000| Untracked 
|  25|0x00000000c7300000, 0x00000000c7300000, 0x00000000c7400000|  0%| F|  |TAMS 0x00000000c7300000, 0x00000000c7300000| Untracked 
|  26|0x00000000c7400000, 0x00000000c7400000, 0x00000000c7500000|  0%| F|  |TAMS 0x00000000c7400000, 0x00000000c7400000| Untracked 
|  27|0x00000000c7500000, 0x00000000c7500000, 0x00000000c7600000|  0%| F|  |TAMS 0x00000000c7500000, 0x00000000c7500000| Untracked 
|  28|0x00000000c7600000, 0x00000000c7600000, 0x00000000c7700000|  0%| F|  |TAMS 0x00000000c7600000, 0x00000000c7600000| Untracked 
|  29|0x00000000c7700000, 0x00000000c7700000, 0x00000000c7800000|  0%| F|  |TAMS 0x00000000c7700000, 0x00000000c7700000| Untracked 
|  30|0x00000000c7800000, 0x00000000c7800000, 0x00000000c7900000|  0%| F|  |TAMS 0x00000000c7800000, 0x00000000c7800000| Untracked 
|  31|0x00000000c7900000, 0x00000000c7900000, 0x00000000c7a00000|  0%| F|  |TAMS 0x00000000c7900000, 0x00000000c7900000| Untracked 
|  32|0x00000000c7a00000, 0x00000000c7a00000, 0x00000000c7b00000|  0%| F|  |TAMS 0x00000000c7a00000, 0x00000000c7a00000| Untracked 
|  33|0x00000000c7b00000, 0x00000000c7b00000, 0x00000000c7c00000|  0%| F|  |TAMS 0x00000000c7b00000, 0x00000000c7b00000| Untracked 
|  34|0x00000000c7c00000, 0x00000000c7c00000, 0x00000000c7d00000|  0%| F|  |TAMS 0x00000000c7c00000, 0x00000000c7c00000| Untracked 
|  35|0x00000000c7d00000, 0x00000000c7d00000, 0x00000000c7e00000|  0%| F|  |TAMS 0x00000000c7d00000, 0x00000000c7d00000| Untracked 
|  36|0x00000000c7e00000, 0x00000000c7e00000, 0x00000000c7f00000|  0%| F|  |TAMS 0x00000000c7e00000, 0x00000000c7e00000| Untracked 
|  37|0x00000000c7f00000, 0x00000000c7f00000, 0x00000000c8000000|  0%| F|  |TAMS 0x00000000c7f00000, 0x00000000c7f00000| Untracked 
|  38|0x00000000c8000000, 0x00000000c8000000, 0x00000000c8100000|  0%| F|  |TAMS 0x00000000c8000000, 0x00000000c8000000| Untracked 
|  39|0x00000000c8100000, 0x00000000c8100000, 0x00000000c8200000|  0%| F|  |TAMS 0x00000000c8100000, 0x00000000c8100000| Untracked 
|  40|0x00000000c8200000, 0x00000000c8200000, 0x00000000c8300000|  0%| F|  |TAMS 0x00000000c8200000, 0x00000000c8200000| Untracked 
|  41|0x00000000c8300000, 0x00000000c8300000, 0x00000000c8400000|  0%| F|  |TAMS 0x00000000c8300000, 0x00000000c8300000| Untracked 
|  42|0x00000000c8400000, 0x00000000c8400000, 0x00000000c8500000|  0%| F|  |TAMS 0x00000000c8400000, 0x00000000c8400000| Untracked 
|  43|0x00000000c8500000, 0x00000000c8500000, 0x00000000c8600000|  0%| F|  |TAMS 0x00000000c8500000, 0x00000000c8500000| Untracked 
|  44|0x00000000c8600000, 0x00000000c8600000, 0x00000000c8700000|  0%| F|  |TAMS 0x00000000c8600000, 0x00000000c8600000| Untracked 
|  45|0x00000000c8700000, 0x00000000c8700000, 0x00000000c8800000|  0%| F|  |TAMS 0x00000000c8700000, 0x00000000c8700000| Untracked 
|  46|0x00000000c8800000, 0x00000000c8800000, 0x00000000c8900000|  0%| F|  |TAMS 0x00000000c8800000, 0x00000000c8800000| Untracked 
|  47|0x00000000c8900000, 0x00000000c8900000, 0x00000000c8a00000|  0%| F|  |TAMS 0x00000000c8900000, 0x00000000c8900000| Untracked 
|  48|0x00000000c8a00000, 0x00000000c8a00000, 0x00000000c8b00000|  0%| F|  |TAMS 0x00000000c8a00000, 0x00000000c8a00000| Untracked 
|  49|0x00000000c8b00000, 0x00000000c8b00000, 0x00000000c8c00000|  0%| F|  |TAMS 0x00000000c8b00000, 0x00000000c8b00000| Untracked 
|  50|0x00000000c8c00000, 0x00000000c8c00000, 0x00000000c8d00000|  0%| F|  |TAMS 0x00000000c8c00000, 0x00000000c8c00000| Untracked 
|  51|0x00000000c8d00000, 0x00000000c8d00000, 0x00000000c8e00000|  0%| F|  |TAMS 0x00000000c8d00000, 0x00000000c8d00000| Untracked 
|  52|0x00000000c8e00000, 0x00000000c8e00000, 0x00000000c8f00000|  0%| F|  |TAMS 0x00000000c8e00000, 0x00000000c8e00000| Untracked 
|  53|0x00000000c8f00000, 0x00000000c8f3b478, 0x00000000c9000000| 23%| S|CS|TAMS 0x00000000c8f00000, 0x00000000c8f00000| Complete 
|  54|0x00000000c9000000, 0x00000000c9100000, 0x00000000c9100000|100%| S|CS|TAMS 0x00000000c9000000, 0x00000000c9000000| Complete 
|  55|0x00000000c9100000, 0x00000000c9200000, 0x00000000c9200000|100%| S|CS|TAMS 0x00000000c9100000, 0x00000000c9100000| Complete 
|  56|0x00000000c9200000, 0x00000000c9300000, 0x00000000c9300000|100%| S|CS|TAMS 0x00000000c9200000, 0x00000000c9200000| Complete 
|  57|0x00000000c9300000, 0x00000000c9400000, 0x00000000c9400000|100%| S|CS|TAMS 0x00000000c9300000, 0x00000000c9300000| Complete 
|  58|0x00000000c9400000, 0x00000000c9500000, 0x00000000c9500000|100%| S|CS|TAMS 0x00000000c9400000, 0x00000000c9400000| Complete 
|  59|0x00000000c9500000, 0x00000000c9600000, 0x00000000c9600000|100%| S|CS|TAMS 0x00000000c9500000, 0x00000000c9500000| Complete 
|  60|0x00000000c9600000, 0x00000000c9600000, 0x00000000c9700000|  0%| F|  |TAMS 0x00000000c9600000, 0x00000000c9600000| Untracked 
|  61|0x00000000c9700000, 0x00000000c9700000, 0x00000000c9800000|  0%| F|  |TAMS 0x00000000c9700000, 0x00000000c9700000| Untracked 
|  62|0x00000000c9800000, 0x00000000c9800000, 0x00000000c9900000|  0%| F|  |TAMS 0x00000000c9800000, 0x00000000c9800000| Untracked 
|  63|0x00000000c9900000, 0x00000000c9900000, 0x00000000c9a00000|  0%| F|  |TAMS 0x00000000c9900000, 0x00000000c9900000| Untracked 
|  64|0x00000000c9a00000, 0x00000000c9a00000, 0x00000000c9b00000|  0%| F|  |TAMS 0x00000000c9a00000, 0x00000000c9a00000| Untracked 
|  65|0x00000000c9b00000, 0x00000000c9b00000, 0x00000000c9c00000|  0%| F|  |TAMS 0x00000000c9b00000, 0x00000000c9b00000| Untracked 
|  66|0x00000000c9c00000, 0x00000000c9c00000, 0x00000000c9d00000|  0%| F|  |TAMS 0x00000000c9c00000, 0x00000000c9c00000| Untracked 
|  67|0x00000000c9d00000, 0x00000000c9d00000, 0x00000000c9e00000|  0%| F|  |TAMS 0x00000000c9d00000, 0x00000000c9d00000| Untracked 
|  68|0x00000000c9e00000, 0x00000000c9e00000, 0x00000000c9f00000|  0%| F|  |TAMS 0x00000000c9e00000, 0x00000000c9e00000| Untracked 
|  69|0x00000000c9f00000, 0x00000000c9f00000, 0x00000000ca000000|  0%| F|  |TAMS 0x00000000c9f00000, 0x00000000c9f00000| Untracked 
|  70|0x00000000ca000000, 0x00000000ca000000, 0x00000000ca100000|  0%| F|  |TAMS 0x00000000ca000000, 0x00000000ca000000| Untracked 
|  71|0x00000000ca100000, 0x00000000ca100000, 0x00000000ca200000|  0%| F|  |TAMS 0x00000000ca100000, 0x00000000ca100000| Untracked 
|  72|0x00000000ca200000, 0x00000000ca200000, 0x00000000ca300000|  0%| F|  |TAMS 0x00000000ca200000, 0x00000000ca200000| Untracked 
|  73|0x00000000ca300000, 0x00000000ca300000, 0x00000000ca400000|  0%| F|  |TAMS 0x00000000ca300000, 0x00000000ca300000| Untracked 
|  74|0x00000000ca400000, 0x00000000ca400000, 0x00000000ca500000|  0%| F|  |TAMS 0x00000000ca400000, 0x00000000ca400000| Untracked 
|  75|0x00000000ca500000, 0x00000000ca500000, 0x00000000ca600000|  0%| F|  |TAMS 0x00000000ca500000, 0x00000000ca500000| Untracked 
|  76|0x00000000ca600000, 0x00000000ca600000, 0x00000000ca700000|  0%| F|  |TAMS 0x00000000ca600000, 0x00000000ca600000| Untracked 
|  77|0x00000000ca700000, 0x00000000ca700000, 0x00000000ca800000|  0%| F|  |TAMS 0x00000000ca700000, 0x00000000ca700000| Untracked 
|  78|0x00000000ca800000, 0x00000000ca800000, 0x00000000ca900000|  0%| F|  |TAMS 0x00000000ca800000, 0x00000000ca800000| Untracked 
|  79|0x00000000ca900000, 0x00000000ca900000, 0x00000000caa00000|  0%| F|  |TAMS 0x00000000ca900000, 0x00000000ca900000| Untracked 
|  80|0x00000000caa00000, 0x00000000caa00000, 0x00000000cab00000|  0%| F|  |TAMS 0x00000000caa00000, 0x00000000caa00000| Untracked 
|  81|0x00000000cab00000, 0x00000000cab00000, 0x00000000cac00000|  0%| F|  |TAMS 0x00000000cab00000, 0x00000000cab00000| Untracked 
|  82|0x00000000cac00000, 0x00000000cac00000, 0x00000000cad00000|  0%| F|  |TAMS 0x00000000cac00000, 0x00000000cac00000| Untracked 
|  83|0x00000000cad00000, 0x00000000cad00000, 0x00000000cae00000|  0%| F|  |TAMS 0x00000000cad00000, 0x00000000cad00000| Untracked 
|  84|0x00000000cae00000, 0x00000000cae00000, 0x00000000caf00000|  0%| F|  |TAMS 0x00000000cae00000, 0x00000000cae00000| Untracked 
|  85|0x00000000caf00000, 0x00000000caf00000, 0x00000000cb000000|  0%| F|  |TAMS 0x00000000caf00000, 0x00000000caf00000| Untracked 
|  86|0x00000000cb000000, 0x00000000cb037c98, 0x00000000cb100000| 21%| E|  |TAMS 0x00000000cb000000, 0x00000000cb000000| Complete 
|  87|0x00000000cb100000, 0x00000000cb200000, 0x00000000cb200000|100%| E|CS|TAMS 0x00000000cb100000, 0x00000000cb100000| Complete 
|  88|0x00000000cb200000, 0x00000000cb300000, 0x00000000cb300000|100%| E|CS|TAMS 0x00000000cb200000, 0x00000000cb200000| Complete 
|  89|0x00000000cb300000, 0x00000000cb400000, 0x00000000cb400000|100%| E|CS|TAMS 0x00000000cb300000, 0x00000000cb300000| Complete 
|  90|0x00000000cb400000, 0x00000000cb500000, 0x00000000cb500000|100%| E|CS|TAMS 0x00000000cb400000, 0x00000000cb400000| Complete 
|  91|0x00000000cb500000, 0x00000000cb600000, 0x00000000cb600000|100%| E|CS|TAMS 0x00000000cb500000, 0x00000000cb500000| Complete 
|  92|0x00000000cb600000, 0x00000000cb700000, 0x00000000cb700000|100%| E|CS|TAMS 0x00000000cb600000, 0x00000000cb600000| Complete 
|  93|0x00000000cb700000, 0x00000000cb800000, 0x00000000cb800000|100%| E|CS|TAMS 0x00000000cb700000, 0x00000000cb700000| Complete 
|  94|0x00000000cb800000, 0x00000000cb900000, 0x00000000cb900000|100%| E|CS|TAMS 0x00000000cb800000, 0x00000000cb800000| Complete 
|  95|0x00000000cb900000, 0x00000000cba00000, 0x00000000cba00000|100%| E|CS|TAMS 0x00000000cb900000, 0x00000000cb900000| Complete 
|  96|0x00000000cba00000, 0x00000000cbb00000, 0x00000000cbb00000|100%| E|CS|TAMS 0x00000000cba00000, 0x00000000cba00000| Complete 
|  97|0x00000000cbb00000, 0x00000000cbc00000, 0x00000000cbc00000|100%| E|CS|TAMS 0x00000000cbb00000, 0x00000000cbb00000| Complete 
|  98|0x00000000cbc00000, 0x00000000cbd00000, 0x00000000cbd00000|100%| E|CS|TAMS 0x00000000cbc00000, 0x00000000cbc00000| Complete 
|  99|0x00000000cbd00000, 0x00000000cbe00000, 0x00000000cbe00000|100%| E|CS|TAMS 0x00000000cbd00000, 0x00000000cbd00000| Complete 
| 100|0x00000000cbe00000, 0x00000000cbf00000, 0x00000000cbf00000|100%| E|CS|TAMS 0x00000000cbe00000, 0x00000000cbe00000| Complete 
| 101|0x00000000cbf00000, 0x00000000cc000000, 0x00000000cc000000|100%| E|CS|TAMS 0x00000000cbf00000, 0x00000000cbf00000| Complete 
| 102|0x00000000cc000000, 0x00000000cc100000, 0x00000000cc100000|100%| E|CS|TAMS 0x00000000cc000000, 0x00000000cc000000| Complete 
| 103|0x00000000cc100000, 0x00000000cc200000, 0x00000000cc200000|100%| E|CS|TAMS 0x00000000cc100000, 0x00000000cc100000| Complete 
| 104|0x00000000cc200000, 0x00000000cc300000, 0x00000000cc300000|100%| E|CS|TAMS 0x00000000cc200000, 0x00000000cc200000| Complete 
| 105|0x00000000cc300000, 0x00000000cc400000, 0x00000000cc400000|100%| E|CS|TAMS 0x00000000cc300000, 0x00000000cc300000| Complete 
| 106|0x00000000cc400000, 0x00000000cc500000, 0x00000000cc500000|100%| E|CS|TAMS 0x00000000cc400000, 0x00000000cc400000| Complete 
| 107|0x00000000cc500000, 0x00000000cc600000, 0x00000000cc600000|100%| E|CS|TAMS 0x00000000cc500000, 0x00000000cc500000| Complete 
| 108|0x00000000cc600000, 0x00000000cc700000, 0x00000000cc700000|100%| E|CS|TAMS 0x00000000cc600000, 0x00000000cc600000| Complete 
| 109|0x00000000cc700000, 0x00000000cc800000, 0x00000000cc800000|100%| E|CS|TAMS 0x00000000cc700000, 0x00000000cc700000| Complete 
| 110|0x00000000cc800000, 0x00000000cc900000, 0x00000000cc900000|100%| E|CS|TAMS 0x00000000cc800000, 0x00000000cc800000| Complete 
| 111|0x00000000cc900000, 0x00000000cca00000, 0x00000000cca00000|100%| E|CS|TAMS 0x00000000cc900000, 0x00000000cc900000| Complete 
| 112|0x00000000cca00000, 0x00000000ccb00000, 0x00000000ccb00000|100%| E|CS|TAMS 0x00000000cca00000, 0x00000000cca00000| Complete 
| 113|0x00000000ccb00000, 0x00000000ccc00000, 0x00000000ccc00000|100%| E|CS|TAMS 0x00000000ccb00000, 0x00000000ccb00000| Complete 
| 114|0x00000000ccc00000, 0x00000000ccd00000, 0x00000000ccd00000|100%| E|CS|TAMS 0x00000000ccc00000, 0x00000000ccc00000| Complete 
| 115|0x00000000ccd00000, 0x00000000cce00000, 0x00000000cce00000|100%| E|CS|TAMS 0x00000000ccd00000, 0x00000000ccd00000| Complete 
| 116|0x00000000cce00000, 0x00000000ccf00000, 0x00000000ccf00000|100%| E|CS|TAMS 0x00000000cce00000, 0x00000000cce00000| Complete 
| 117|0x00000000ccf00000, 0x00000000cd000000, 0x00000000cd000000|100%| E|CS|TAMS 0x00000000ccf00000, 0x00000000ccf00000| Complete 
| 118|0x00000000cd000000, 0x00000000cd100000, 0x00000000cd100000|100%| E|  |TAMS 0x00000000cd000000, 0x00000000cd000000| Complete 
| 119|0x00000000cd100000, 0x00000000cd200000, 0x00000000cd200000|100%| E|CS|TAMS 0x00000000cd100000, 0x00000000cd100000| Complete 
| 120|0x00000000cd200000, 0x00000000cd300000, 0x00000000cd300000|100%| E|CS|TAMS 0x00000000cd200000, 0x00000000cd200000| Complete 
| 121|0x00000000cd300000, 0x00000000cd400000, 0x00000000cd400000|100%| E|CS|TAMS 0x00000000cd300000, 0x00000000cd300000| Complete 
| 122|0x00000000cd400000, 0x00000000cd500000, 0x00000000cd500000|100%| E|CS|TAMS 0x00000000cd400000, 0x00000000cd400000| Complete 
| 123|0x00000000cd500000, 0x00000000cd600000, 0x00000000cd600000|100%| E|CS|TAMS 0x00000000cd500000, 0x00000000cd500000| Complete 
| 124|0x00000000cd600000, 0x00000000cd700000, 0x00000000cd700000|100%| E|CS|TAMS 0x00000000cd600000, 0x00000000cd600000| Complete 
| 125|0x00000000cd700000, 0x00000000cd800000, 0x00000000cd800000|100%| E|CS|TAMS 0x00000000cd700000, 0x00000000cd700000| Complete 
| 126|0x00000000cd800000, 0x00000000cd900000, 0x00000000cd900000|100%| E|CS|TAMS 0x00000000cd800000, 0x00000000cd800000| Complete 
| 127|0x00000000cd900000, 0x00000000cda00000, 0x00000000cda00000|100%| E|CS|TAMS 0x00000000cd900000, 0x00000000cd900000| Complete 
| 932|0x00000000ffe00000, 0x00000000ffe47000, 0x00000000fff00000| 27%|OA|  |TAMS 0x00000000ffe47000, 0x00000000ffe00000| Untracked 
| 933|0x00000000fff00000, 0x00000000fff6b000, 0x0000000100000000| 41%|CA|  |TAMS 0x00000000fff6b000, 0x00000000fff00000| Untracked 

Card table byte_map: [0x00007f2212fc2000,0x00007f2213195000] _byte_map_base: 0x00007f2212995000

Marking Bits (Prev, Next): (CMBitMap*) 0x00007f220c046810, (CMBitMap*) 0x00007f220c0467d8
 Prev Bits: [0x00007f22110bf000, 0x00007f2211f57000)
 Next Bits: [0x00007f2211f57000, 0x00007f2212def000)

Polling page: 0x00007f221543c000

Metaspace:

Usage:
  Non-class:     56,94 MB capacity,    55,87 MB ( 98%) used,   871,11 KB (  1%) free+waste,   228,06 KB ( <1%) overhead. 
      Class:      8,88 MB capacity,     8,20 MB ( 92%) used,   591,21 KB (  7%) free+waste,   105,75 KB (  1%) overhead. 
       Both:     65,82 MB capacity,    64,07 MB ( 97%) used,     1,43 MB (  2%) free+waste,   333,81 KB ( <1%) overhead. 

Virtual space:
  Non-class space:       58,00 MB reserved,      57,25 MB ( 99%) committed 
      Class space:        1,00 GB reserved,       8,95 MB ( <1%) committed 
             Both:        1,06 GB reserved,      66,20 MB (  6%) committed 

Chunk freelists:
   Non-Class:  110,00 KB
       Class:  0 bytes
        Both:  110,00 KB

MaxMetaspaceSize: unlimited
CompressedClassSpaceSize: 1,00 GB
Initial GC threshold: 20,80 MB
Current GC threshold: 98,46 MB
CDS: on

CodeHeap 'non-profiled nmethods': size=120032Kb used=3182Kb max_used=3182Kb free=116850Kb
 bounds [0x00007f21fc31b000, 0x00007f21fc63b000, 0x00007f2203853000]
CodeHeap 'profiled nmethods': size=120032Kb used=12946Kb max_used=12946Kb free=107085Kb
 bounds [0x00007f21f4de3000, 0x00007f21f5a93000, 0x00007f21fc31b000]
CodeHeap 'non-nmethods': size=5696Kb used=1381Kb max_used=1458Kb free=4314Kb
 bounds [0x00007f21f4853000, 0x00007f21f4ac3000, 0x00007f21f4de3000]
 total_blobs=6756 nmethods=6131 adapters=546
 compilation: enabled
              stopped_count=0, restarted_count=0
 full_count=0

Compilation events (20 events):
Event: 2529,606 Thread 0x00007f220c13c800 6349       3       com.zaxxer.hikari.util.ClockSource::plusMillis (11 bytes)
Event: 2529,618 Thread 0x00007f220c13c800 nmethod 6349 0x00007f21f5a82310 code [0x00007f21f5a824e0, 0x00007f21f5a82680]
Event: 2529,618 Thread 0x00007f220c13c800 6350       3       com.zaxxer.hikari.util.ClockSource$NanosecondClockSource::plusMillis0 (10 bytes)
Event: 2529,619 Thread 0x00007f220c13c800 nmethod 6350 0x00007f21f5a82790 code [0x00007f21f5a82940, 0x00007f21f5a82aa0]
Event: 2559,599 Thread 0x00007f220c13a800 6351       4       java.util.concurrent.locks.ReentrantLock$Sync::tryRelease (45 bytes)
Event: 2559,602 Thread 0x00007f220c13a800 nmethod 6351 0x00007f21fc636010 code [0x00007f21fc6361c0, 0x00007f21fc636338]
Event: 2564,233 Thread 0x00007f220c13c800 6353       3       org.apache.catalina.webresources.StandardRoot::gc (70 bytes)
Event: 2564,234 Thread 0x00007f220c13c800 nmethod 6353 0x00007f21f5a82b90 code [0x00007f21f5a82de0, 0x00007f21f5a83840]
Event: 2564,234 Thread 0x00007f220c13c800 6354       3       org.apache.catalina.webresources.AbstractFileResourceSet::gc (1 bytes)
Event: 2564,235 Thread 0x00007f220c13c800 nmethod 6354 0x00007f21f5a83b10 code [0x00007f21f5a83cc0, 0x00007f21f5a83dd0]
Event: 2574,099 Thread 0x00007f220c13c800 6355       3       org.apache.catalina.core.StandardServer$$Lambda$956/0x000000084078e040::run (8 bytes)
Event: 2574,100 Thread 0x00007f220c13c800 nmethod 6355 0x00007f21f5a83e90 code [0x00007f21f5a84060, 0x00007f21f5a842c0]
Event: 2574,100 Thread 0x00007f220c13c800 6356       3       org.apache.catalina.core.StandardServer::lambda$startPeriodicLifecycleEvent$1 (8 bytes)
Event: 2574,100 Thread 0x00007f220c13c800 nmethod 6356 0x00007f21f5a84410 code [0x00007f21f5a845c0, 0x00007f21f5a847c0]
Event: 2574,234 Thread 0x00007f220c13c800 6357       3       org.apache.catalina.core.ContainerBase$ContainerBackgroundProcessor::run (9 bytes)
Event: 2574,234 Thread 0x00007f220c13c800 nmethod 6357 0x00007f21f5a84890 code [0x00007f21f5a84a40, 0x00007f21f5a84ba0]
Event: 2574,234 Thread 0x00007f220c13c800 6358       3       org.apache.catalina.realm.RealmBase::backgroundProcess (1 bytes)
Event: 2574,235 Thread 0x00007f220c13c800 nmethod 6358 0x00007f21f5a84c90 code [0x00007f21f5a84e40, 0x00007f21f5a84f50]
Event: 2574,235 Thread 0x00007f220c13c800 6359   !   3       org.apache.catalina.core.StandardContext::backgroundProcess (203 bytes)
Event: 2574,238 Thread 0x00007f220c13c800 nmethod 6359 0x00007f21f5a85010 code [0x00007f21f5a85400, 0x00007f21f5a87100]

GC Heap History (20 events):
Event: 7,677 GC heap before
{Heap before GC invocations=12 (full 0):
 garbage-first heap   total 92160K, used 61644K [0x00000000c5a00000, 0x0000000100000000)
  region size 1024K, 51 young (52224K), 5 survivors (5120K)
 Metaspace       used 30161K, capacity 31281K, committed 31616K, reserved 1077248K
  class space    used 3661K, capacity 4133K, committed 4224K, reserved 1048576K
}
Event: 7,692 GC heap after
{Heap after GC invocations=13 (full 0):
 garbage-first heap   total 92160K, used 16073K [0x00000000c5a00000, 0x0000000100000000)
  region size 1024K, 4 young (4096K), 4 survivors (4096K)
 Metaspace       used 30161K, capacity 31281K, committed 31616K, reserved 1077248K
  class space    used 3661K, capacity 4133K, committed 4224K, reserved 1048576K
}
Event: 8,256 GC heap before
{Heap before GC invocations=13 (full 0):
 garbage-first heap   total 92160K, used 64201K [0x00000000c5a00000, 0x0000000100000000)
  region size 1024K, 51 young (52224K), 4 survivors (4096K)
 Metaspace       used 34436K, capacity 35656K, committed 35840K, reserved 1081344K
  class space    used 4310K, capacity 4799K, committed 4864K, reserved 1048576K
}
Event: 8,269 GC heap after
{Heap after GC invocations=14 (full 0):
 garbage-first heap   total 92160K, used 17014K [0x00000000c5a00000, 0x0000000100000000)
  region size 1024K, 3 young (3072K), 3 survivors (3072K)
 Metaspace       used 34436K, capacity 35656K, committed 35840K, reserved 1081344K
  class space    used 4310K, capacity 4799K, committed 4864K, reserved 1048576K
}
Event: 8,286 GC heap before
{Heap before GC invocations=14 (full 0):
 garbage-first heap   total 92160K, used 18038K [0x00000000c5a00000, 0x0000000100000000)
  region size 1024K, 5 young (5120K), 3 survivors (3072K)
 Metaspace       used 34582K, capacity 35752K, committed 35840K, reserved 1081344K
  class space    used 4347K, capacity 4831K, committed 4864K, reserved 1048576K
}
Event: 8,297 GC heap after
{Heap after GC invocations=15 (full 0):
 garbage-first heap   total 110592K, used 17332K [0x00000000c5a00000, 0x0000000100000000)
  region size 1024K, 4 young (4096K), 4 survivors (4096K)
 Metaspace       used 34582K, capacity 35752K, committed 35840K, reserved 1081344K
  class space    used 4347K, capacity 4831K, committed 4864K, reserved 1048576K
}
Event: 9,038 GC heap before
{Heap before GC invocations=16 (full 0):
 garbage-first heap   total 110592K, used 58292K [0x00000000c5a00000, 0x0000000100000000)
  region size 1024K, 44 young (45056K), 4 survivors (4096K)
 Metaspace       used 38616K, capacity 39809K, committed 40012K, reserved 1083392K
  class space    used 4852K, capacity 5326K, committed 5452K, reserved 1048576K
}
Event: 9,062 GC heap after
{Heap after GC invocations=17 (full 0):
 garbage-first heap   total 110592K, used 20424K [0x00000000c5a00000, 0x0000000100000000)
  region size 1024K, 6 young (6144K), 6 survivors (6144K)
 Metaspace       used 38616K, capacity 39809K, committed 40012K, reserved 1083392K
  class space    used 4852K, capacity 5326K, committed 5452K, reserved 1048576K
}
Event: 9,961 GC heap before
{Heap before GC invocations=17 (full 0):
 garbage-first heap   total 110592K, used 63432K [0x00000000c5a00000, 0x0000000100000000)
  region size 1024K, 48 young (49152K), 6 survivors (6144K)
 Metaspace       used 44515K, capacity 45802K, committed 46156K, reserved 1089536K
  class space    used 5617K, capacity 6127K, committed 6220K, reserved 1048576K
}
Event: 9,981 GC heap after
{Heap after GC invocations=18 (full 0):
 garbage-first heap   total 110592K, used 21740K [0x00000000c5a00000, 0x0000000100000000)
  region size 1024K, 5 young (5120K), 5 survivors (5120K)
 Metaspace       used 44515K, capacity 45802K, committed 46156K, reserved 1089536K
  class space    used 5617K, capacity 6127K, committed 6220K, reserved 1048576K
}
Event: 10,515 GC heap before
{Heap before GC invocations=18 (full 0):
 garbage-first heap   total 110592K, used 66796K [0x00000000c5a00000, 0x0000000100000000)
  region size 1024K, 49 young (50176K), 5 survivors (5120K)
 Metaspace       used 48411K, capacity 49696K, committed 49996K, reserved 1093632K
  class space    used 6153K, capacity 6653K, committed 6732K, reserved 1048576K
}
Event: 10,529 GC heap after
{Heap after GC invocations=19 (full 0):
 garbage-first heap   total 110592K, used 23038K [0x00000000c5a00000, 0x0000000100000000)
  region size 1024K, 3 young (3072K), 3 survivors (3072K)
 Metaspace       used 48411K, capacity 49696K, committed 49996K, reserved 1093632K
  class space    used 6153K, capacity 6653K, committed 6732K, reserved 1048576K
}
Event: 13,216 GC heap before
{Heap before GC invocations=19 (full 0):
 garbage-first heap   total 110592K, used 71166K [0x00000000c5a00000, 0x0000000100000000)
  region size 1024K, 50 young (51200K), 3 survivors (3072K)
 Metaspace       used 52331K, capacity 53616K, committed 53836K, reserved 1095680K
  class space    used 6706K, capacity 7231K, committed 7244K, reserved 1048576K
}
Event: 13,231 GC heap after
{Heap after GC invocations=20 (full 0):
 garbage-first heap   total 133120K, used 23760K [0x00000000c5a00000, 0x0000000100000000)
  region size 1024K, 4 young (4096K), 4 survivors (4096K)
 Metaspace       used 52331K, capacity 53616K, committed 53836K, reserved 1095680K
  class space    used 6706K, capacity 7231K, committed 7244K, reserved 1048576K
}
Event: 14,194 GC heap before
{Heap before GC invocations=20 (full 0):
 garbage-first heap   total 133120K, used 83152K [0x00000000c5a00000, 0x0000000100000000)
  region size 1024K, 62 young (63488K), 4 survivors (4096K)
 Metaspace       used 56312K, capacity 57765K, committed 58060K, reserved 1099776K
  class space    used 7226K, capacity 7821K, committed 7884K, reserved 1048576K
}
Event: 14,207 GC heap after
{Heap after GC invocations=21 (full 0):
 garbage-first heap   total 133120K, used 25565K [0x00000000c5a00000, 0x0000000100000000)
  region size 1024K, 6 young (6144K), 6 survivors (6144K)
 Metaspace       used 56312K, capacity 57765K, committed 58060K, reserved 1099776K
  class space    used 7226K, capacity 7821K, committed 7884K, reserved 1048576K
}
Event: 14,808 GC heap before
{Heap before GC invocations=21 (full 0):
 garbage-first heap   total 133120K, used 67549K [0x00000000c5a00000, 0x0000000100000000)
  region size 1024K, 48 young (49152K), 6 survivors (6144K)
 Metaspace       used 58536K, capacity 60057K, committed 60236K, reserved 1101824K
  class space    used 7525K, capacity 8154K, committed 8268K, reserved 1048576K
}
Event: 14,827 GC heap after
{Heap after GC invocations=22 (full 0):
 garbage-first heap   total 133120K, used 26620K [0x00000000c5a00000, 0x0000000100000000)
  region size 1024K, 5 young (5120K), 5 survivors (5120K)
 Metaspace       used 58536K, capacity 60057K, committed 60236K, reserved 1101824K
  class space    used 7525K, capacity 8154K, committed 8268K, reserved 1048576K
}
Event: 81,040 GC heap before
{Heap before GC invocations=23 (full 0):
 garbage-first heap   total 133120K, used 91132K [0x00000000c5a00000, 0x0000000100000000)
  region size 1024K, 68 young (69632K), 5 survivors (5120K)
 Metaspace       used 62741K, capacity 64474K, committed 64844K, reserved 1105920K
  class space    used 8084K, capacity 8767K, committed 8780K, reserved 1048576K
}
Event: 81,063 GC heap after
{Heap after GC invocations=24 (full 0):
 garbage-first heap   total 133120K, used 28968K [0x00000000c5a00000, 0x0000000100000000)
  region size 1024K, 7 young (7168K), 7 survivors (7168K)
 Metaspace       used 62741K, capacity 64474K, committed 64844K, reserved 1105920K
  class space    used 8084K, capacity 8767K, committed 8780K, reserved 1048576K
}

Deoptimization events (20 events):
Event: 2420,599 Thread 0x00007f218c00b000 Uncommon trap: trap_request=0xffffff4d fr.pc=0x00007f21fc5e2550 relative=0x00000000000007d0
Event: 2420,599 Thread 0x00007f218c00b000 Uncommon trap: reason=unstable_if action=reinterpret pc=0x00007f21fc5e2550 method=java.util.concurrent.locks.AbstractQueuedSynchronizer.acquireQueued(Ljava/util/concurrent/locks/AbstractQueuedSynchronizer$Node;I)Z @ 14 c2
Event: 2420,599 Thread 0x00007f218c00b000 DEOPT PACKING pc=0x00007f21fc5e2550 sp=0x00007f21959a4620
Event: 2420,599 Thread 0x00007f218c00b000 DEOPT UNPACKING pc=0x00007f21f489ce9f sp=0x00007f21959a45f0 mode 2
Event: 2514,231 Thread 0x00007f220dff9800 Uncommon trap: trap_request=0xffffffd6 fr.pc=0x00007f21fc635b4c relative=0x00000000000003ec
Event: 2514,231 Thread 0x00007f220dff9800 Uncommon trap: reason=array_check action=maybe_recompile pc=0x00007f21fc635b4c method=java.util.AbstractCollection.toArray([Ljava/lang/Object;)[Ljava/lang/Object; @ 116 c2
Event: 2514,231 Thread 0x00007f220dff9800 DEOPT PACKING pc=0x00007f21fc635b4c sp=0x00007f2195aa5470
Event: 2514,231 Thread 0x00007f220dff9800 DEOPT UNPACKING pc=0x00007f21f489ce9f sp=0x00007f2195aa5420 mode 2
Event: 2514,231 Thread 0x00007f220dff9800 Uncommon trap: trap_request=0xffffffd6 fr.pc=0x00007f21fc635b4c relative=0x00000000000003ec
Event: 2514,231 Thread 0x00007f220dff9800 Uncommon trap: reason=array_check action=maybe_recompile pc=0x00007f21fc635b4c method=java.util.AbstractCollection.toArray([Ljava/lang/Object;)[Ljava/lang/Object; @ 116 c2
Event: 2514,231 Thread 0x00007f220dff9800 DEOPT PACKING pc=0x00007f21fc635b4c sp=0x00007f2195aa5390
Event: 2514,231 Thread 0x00007f220dff9800 DEOPT UNPACKING pc=0x00007f21f489ce9f sp=0x00007f2195aa5340 mode 2
Event: 2514,231 Thread 0x00007f220dff9800 Uncommon trap: trap_request=0xffffffd6 fr.pc=0x00007f21fc635b4c relative=0x00000000000003ec
Event: 2514,231 Thread 0x00007f220dff9800 Uncommon trap: reason=array_check action=maybe_recompile pc=0x00007f21fc635b4c method=java.util.AbstractCollection.toArray([Ljava/lang/Object;)[Ljava/lang/Object; @ 116 c2
Event: 2514,231 Thread 0x00007f220dff9800 DEOPT PACKING pc=0x00007f21fc635b4c sp=0x00007f2195aa52b0
Event: 2514,231 Thread 0x00007f220dff9800 DEOPT UNPACKING pc=0x00007f21f489ce9f sp=0x00007f2195aa5260 mode 2
Event: 2524,231 Thread 0x00007f218c00b000 Uncommon trap: trap_request=0xffffffd6 fr.pc=0x00007f21fc635b4c relative=0x00000000000003ec
Event: 2524,231 Thread 0x00007f218c00b000 Uncommon trap: reason=array_check action=maybe_recompile pc=0x00007f21fc635b4c method=java.util.AbstractCollection.toArray([Ljava/lang/Object;)[Ljava/lang/Object; @ 116 c2
Event: 2524,231 Thread 0x00007f218c00b000 DEOPT PACKING pc=0x00007f21fc635b4c sp=0x00007f21959a4470
Event: 2524,232 Thread 0x00007f218c00b000 DEOPT UNPACKING pc=0x00007f21f489ce9f sp=0x00007f21959a4420 mode 2

Classes redefined (0 events):
No events

Internal exceptions (20 events):
Event: 14,327 Thread 0x00007f220c019800 Exception <a 'java/lang/reflect/InvocationTargetException'{0x00000000cd45b1b8}> (0x00000000cd45b1b8) thrown at [src/hotspot/share/runtime/reflection.cpp, line 1245]
Event: 14,449 Thread 0x00007f220c019800 Exception <a 'java/lang/ClassNotFoundException'{0x00000000ccb80d20}: java/lang/ObjectCustomizer> (0x00000000ccb80d20) thrown at [src/hotspot/share/classfile/systemDictionary.cpp, line 231]
Event: 14,450 Thread 0x00007f220c019800 Exception <a 'java/lang/ClassNotFoundException'{0x00000000ccb965d8}: org/springframework/security/config/annotation/web/configuration/WebSecurityConfigurationCustomizer> (0x00000000ccb965d8) thrown at [src/hotspot/share/classfile/systemDictionary.cpp, line 231]
Event: 14,452 Thread 0x00007f220c019800 Exception <a 'java/lang/ClassNotFoundException'{0x00000000ccbaefe0}: org/springframework/context/annotation/ImportAwareCustomizer> (0x00000000ccbaefe0) thrown at [src/hotspot/share/classfile/systemDictionary.cpp, line 231]
Event: 14,453 Thread 0x00007f220c019800 Exception <a 'java/lang/ClassNotFoundException'{0x00000000ccbbc808}: org/springframework/beans/factory/AwareCustomizer> (0x00000000ccbbc808) thrown at [src/hotspot/share/classfile/systemDictionary.cpp, line 231]
Event: 14,453 Thread 0x00007f220c019800 Exception <a 'java/lang/ClassNotFoundException'{0x00000000ccbcad50}: org/springframework/beans/factory/BeanClassLoaderAwareCustomizer> (0x00000000ccbcad50) thrown at [src/hotspot/share/classfile/systemDictionary.cpp, line 231]
Event: 14,454 Thread 0x00007f220c019800 Exception <a 'java/lang/ClassNotFoundException'{0x00000000ccbd8588}: org/springframework/beans/factory/AwareCustomizer> (0x00000000ccbd8588) thrown at [src/hotspot/share/classfile/systemDictionary.cpp, line 231]
Event: 14,521 Thread 0x00007f220c019800 Implicit null exception at 0x00007f21fc4fe272 to 0x00007f21fc4feabc
Event: 15,086 Thread 0x00007f220c019800 Exception <a 'java/lang/IncompatibleClassChangeError'{0x00000000ccfbcec0}: Found class java.lang.Object, but interface was expected> (0x00000000ccfbcec0) thrown at [src/hotspot/share/interpreter/linkResolver.cpp, line 839]
Event: 15,161 Thread 0x00007f220c019800 Exception <a 'java/lang/ClassNotFoundException'{0x00000000ccbd7080}: java/lang/ObjectCustomizer> (0x00000000ccbd7080) thrown at [src/hotspot/share/classfile/systemDictionary.cpp, line 231]
Event: 15,162 Thread 0x00007f220c019800 Exception <a 'java/lang/ClassNotFoundException'{0x00000000ccbec948}: org/springframework/security/config/annotation/web/configuration/HttpSecurityConfigurationCustomizer> (0x00000000ccbec948) thrown at [src/hotspot/share/classfile/systemDictionary.cpp, line 231]
Event: 15,264 Thread 0x00007f220c019800 Exception <a 'java/lang/NoSuchMethodError'{0x00000000cc6773f0}: 'void java.lang.invoke.DirectMethodHandle$Holder.invokeVirtual(java.lang.Object, java.lang.Object, int)'> (0x00000000cc6773f0) thrown at [src/hotspot/share/interpreter/linkResolver.cpp, line 772]
Event: 15,267 Thread 0x00007f220c019800 Exception <a 'java/lang/NoSuchMethodError'{0x00000000cc691438}: 'void java.lang.invoke.DirectMethodHandle$Holder.invokeVirtual(java.lang.Object, java.lang.Object, long)'> (0x00000000cc691438) thrown at [src/hotspot/share/interpreter/linkResolver.cpp, line 772]
Event: 15,570 Thread 0x00007f220c019800 Exception <a 'java/lang/NoSuchMethodError'{0x00000000cb48baf0}: 'java.lang.Object java.lang.invoke.DirectMethodHandle$Holder.invokeSpecial(java.lang.Object, java.lang.Object, int, java.lang.Object, int, java.lang.Object)'> (0x00000000cb48baf0) thrown at [src/hotspot/share/interpreter/linkResolver.cpp, line 772]
Event: 15,571 Thread 0x00007f220c019800 Exception <a 'java/lang/NoSuchMethodError'{0x00000000cb492fd8}: 'java.lang.Object java.lang.invoke.DirectMethodHandle$Holder.invokeStatic(java.lang.Object, java.lang.Object, int, java.lang.Object, int)'> (0x00000000cb492fd8) thrown at [src/hotspot/share/interpreter/linkResolver.cpp, line 772]
Event: 15,572 Thread 0x00007f220c019800 Exception <a 'java/lang/NoSuchMethodError'{0x00000000cb4967b8}: 'java.lang.Object java.lang.invoke.DirectMethodHandle$Holder.invokeSpecial(java.lang.Object, java.lang.Object, java.lang.Object, int, java.lang.Object, int)'> (0x00000000cb4967b8) thrown at [src/hotspot/share/interpreter/linkResolver.cpp, line 772]
Event: 15,574 Thread 0x00007f220c019800 Exception <a 'java/lang/NoSuchMethodError'{0x00000000cb4a7858}: 'void java.lang.invoke.DirectMethodHandle$Holder.invokeVirtual(java.lang.Object, java.lang.Object)'> (0x00000000cb4a7858) thrown at [src/hotspot/share/interpreter/linkResolver.cpp, line 772]
Event: 21,131 Thread 0x00007f218801f000 Implicit null exception at 0x00007f21fc56094f to 0x00007f21fc56291c
Event: 85,466 Thread 0x00007f218801f000 Exception <a 'java/lang/NoSuchMethodError'{0x00000000ccbc7020}: 'java.lang.Object java.lang.invoke.DirectMethodHandle$Holder.invokeStatic(java.lang.Object, long)'> (0x00000000ccbc7020) thrown at [src/hotspot/share/interpreter/linkResolver.cpp, line 772]
Event: 779,754 Thread 0x00007f218800c800 Exception <a 'java/lang/NoSuchMethodError'{0x00000000cc47c860}: 'java.lang.Object java.lang.invoke.DirectMethodHandle$Holder.invokeStaticInit(java.lang.Object, java.lang.Object, java.lang.Object, java.lang.Object, java.lang.Object, java.lang.Object)'> (0x00000000cc47c860) thrown at [src/hotspot/share/interpreter/linkResolver.cpp, line 772]

Events (20 events):
Event: 2274,114 Executing VM operation: GetOrSetLocal done
Event: 2274,114 Executing VM operation: GetFrameLocation
Event: 2274,114 Executing VM operation: GetFrameLocation done
Event: 2274,114 Executing VM operation: GetOrSetLocal
Event: 2274,114 Executing VM operation: GetOrSetLocal done
Event: 2274,115 Executing VM operation: GetFrameLocation
Event: 2274,115 Executing VM operation: GetFrameLocation done
Event: 2274,115 Executing VM operation: GetOrSetLocal
Event: 2274,115 Executing VM operation: GetOrSetLocal done
Event: 2429,071 Executing VM operation: GetObjectMonitorUsage
Event: 2429,091 Executing VM operation: GetObjectMonitorUsage done
Event: 2429,091 Executing VM operation: GetObjectMonitorUsage
Event: 2429,092 Executing VM operation: GetObjectMonitorUsage done
Event: 2429,144 Executing VM operation: RevokeBias
Event: 2429,144 Executing VM operation: RevokeBias done
Event: 2429,144 Executing VM operation: RevokeBias
Event: 2429,144 Executing VM operation: RevokeBias done
Event: 2564,215 Loaded shared library /usr/lib/jvm/java-11-openjdk-amd64/lib/server/libjvm.so
Event: 2584,559 Thread 0x00007f21b0001800 Thread exited: 0x00007f21b0001800
Event: 2584,656 loading class jdk/internal/misc/Signal$1


Dynamic libraries:
c5a00000-cda00000 rw-p 00000000 00:00 0 
cda00000-ffe00000 ---p 00000000 00:00 0 
ffe00000-ffe47000 rw-p 01114000 08:06 6819997                            /usr/lib/jvm/java-11-openjdk-amd64/lib/server/classes.jsa
ffe47000-fff00000 rw-p 00000000 00:00 0 
fff00000-fff6b000 rw-p 010a9000 08:06 6819997                            /usr/lib/jvm/java-11-openjdk-amd64/lib/server/classes.jsa
fff6b000-100000000 rw-p 00000000 00:00 0 
800000000-800002000 rwxp 00001000 08:06 6819997                          /usr/lib/jvm/java-11-openjdk-amd64/lib/server/classes.jsa
800002000-8010a8000 rw-p 00003000 08:06 6819997                          /usr/lib/jvm/java-11-openjdk-amd64/lib/server/classes.jsa
840000000-8408f3000 rw-p 00000000 00:00 0 
8408f3000-880000000 ---p 00000000 00:00 0 
55a32e2e1000-55a32e2e2000 r--p 00000000 08:06 6819645                    /usr/lib/jvm/java-11-openjdk-amd64/bin/java
55a32e2e2000-55a32e2e3000 r-xp 00001000 08:06 6819645                    /usr/lib/jvm/java-11-openjdk-amd64/bin/java
55a32e2e3000-55a32e2e4000 r--p 00002000 08:06 6819645                    /usr/lib/jvm/java-11-openjdk-amd64/bin/java
55a32e2e4000-55a32e2e5000 r--p 00002000 08:06 6819645                    /usr/lib/jvm/java-11-openjdk-amd64/bin/java
55a32e2e5000-55a32e2e6000 rw-p 00003000 08:06 6819645                    /usr/lib/jvm/java-11-openjdk-amd64/bin/java
55a32e8eb000-55a32e90c000 rw-p 00000000 00:00 0                          [heap]
7f2170000000-7f217027f000 rw-p 00000000 00:00 0 
7f217027f000-7f2174000000 ---p 00000000 00:00 0 
7f2178000000-7f2178096000 rw-p 00000000 00:00 0 
7f2178096000-7f217c000000 ---p 00000000 00:00 0 
7f217c000000-7f217c0c3000 rw-p 00000000 00:00 0 
7f217c0c3000-7f2180000000 ---p 00000000 00:00 0 
7f2180000000-7f2180021000 rw-p 00000000 00:00 0 
7f2180021000-7f2184000000 ---p 00000000 00:00 0 
7f2184000000-7f21840bf000 rw-p 00000000 00:00 0 
7f21840bf000-7f2188000000 ---p 00000000 00:00 0 
7f2188000000-7f2188023000 rw-p 00000000 00:00 0 
7f2188023000-7f218c000000 ---p 00000000 00:00 0 
7f218c000000-7f218c021000 rw-p 00000000 00:00 0 
7f218c021000-7f2190000000 ---p 00000000 00:00 0 
7f2190000000-7f2190021000 rw-p 00000000 00:00 0 
7f2190021000-7f2194000000 ---p 00000000 00:00 0 
7f2194c9d000-7f2194ca1000 ---p 00000000 00:00 0 
7f2194ca1000-7f2194d9e000 rw-p 00000000 00:00 0 
7f2194d9e000-7f2194da2000 ---p 00000000 00:00 0 
7f2194da2000-7f2194e9f000 rw-p 00000000 00:00 0 
7f2194e9f000-7f2194ea3000 ---p 00000000 00:00 0 
7f2194ea3000-7f2194fa0000 rw-p 00000000 00:00 0 
7f2194fa0000-7f2194fa4000 ---p 00000000 00:00 0 
7f2194fa4000-7f21950a1000 rw-p 00000000 00:00 0 
7f21950a1000-7f21950a5000 ---p 00000000 00:00 0 
7f21950a5000-7f21951a2000 rw-p 00000000 00:00 0 
7f21951a2000-7f21951a6000 ---p 00000000 00:00 0 
7f21951a6000-7f21952a3000 rw-p 00000000 00:00 0 
7f21952a3000-7f21952a7000 ---p 00000000 00:00 0 
7f21952a7000-7f21954e4000 rw-p 00000000 00:00 0 
7f21954e4000-7f21955a4000 ---p 00000000 00:00 0 
7f21955a4000-7f21957a4000 rw-p 00000000 00:00 0 
7f21957a4000-7f21957a8000 ---p 00000000 00:00 0 
7f21957a8000-7f21958a5000 rw-p 00000000 00:00 0 
7f21958a5000-7f21958a9000 ---p 00000000 00:00 0 
7f21958a9000-7f21959a6000 rw-p 00000000 00:00 0 
7f21959a6000-7f21959aa000 ---p 00000000 00:00 0 
7f21959aa000-7f2195ca7000 rw-p 00000000 00:00 0 
7f2195cfb000-7f2195cff000 ---p 00000000 00:00 0 
7f2195cff000-7f2195dfc000 rw-p 00000000 00:00 0 
7f2195dfc000-7f2195e00000 ---p 00000000 00:00 0 
7f2195e00000-7f2195efd000 rw-p 00000000 00:00 0 
7f2195efd000-7f2195f01000 ---p 00000000 00:00 0 
7f2195f01000-7f2195ffe000 rw-p 00000000 00:00 0 
7f2195ffe000-7f2196002000 ---p 00000000 00:00 0 
7f2196002000-7f21962ff000 rw-p 00000000 00:00 0 
7f21962ff000-7f21964ff000 rw-p 00000000 00:00 0 
7f21964ff000-7f21966ff000 rw-p 00000000 00:00 0 
7f21966ff000-7f21968ff000 rw-p 00000000 00:00 0 
7f21968ff000-7f2196aff000 rw-p 00000000 00:00 0 
7f2196aff000-7f2196cff000 rw-p 00000000 00:00 0 
7f2196cff000-7f2196eff000 rw-p 00000000 00:00 0 
7f2196eff000-7f2196f03000 ---p 00000000 00:00 0 
7f2196f03000-7f2197200000 rw-p 00000000 00:00 0 
7f2197200000-7f2197400000 rw-p 00000000 00:00 0 
7f2197400000-7f2197600000 rw-p 00000000 00:00 0 
7f2197600000-7f2197800000 rw-p 00000000 00:00 0 
7f2197800000-7f2197a00000 rw-p 00000000 00:00 0 
7f2197a00000-7f2197c00000 rw-p 00000000 00:00 0 
7f2197c00000-7f2197e00000 rw-p 00000000 00:00 0 
7f2197e00000-7f2198000000 rw-p 00000000 00:00 0 
7f2198000000-7f2198021000 rw-p 00000000 00:00 0 
7f2198021000-7f219c000000 ---p 00000000 00:00 0 
7f219c000000-7f219c048000 rw-p 00000000 00:00 0 
7f219c048000-7f21a0000000 ---p 00000000 00:00 0 
7f21a0000000-7f21a0021000 rw-p 00000000 00:00 0 
7f21a0021000-7f21a4000000 ---p 00000000 00:00 0 
7f21a4000000-7f21a428f000 rw-p 00000000 00:00 0 
7f21a428f000-7f21a8000000 ---p 00000000 00:00 0 
7f21a8000000-7f21a80a9000 rw-p 00000000 00:00 0 
7f21a80a9000-7f21ac000000 ---p 00000000 00:00 0 
7f21ac000000-7f21ac021000 rw-p 00000000 00:00 0 
7f21ac021000-7f21b0000000 ---p 00000000 00:00 0 
7f21b0000000-7f21b00a8000 rw-p 00000000 00:00 0 
7f21b00a8000-7f21b4000000 ---p 00000000 00:00 0 
7f21b4000000-7f21b4021000 rw-p 00000000 00:00 0 
7f21b4021000-7f21b8000000 ---p 00000000 00:00 0 
7f21b8000000-7f21b8021000 rw-p 00000000 00:00 0 
7f21b8021000-7f21bc000000 ---p 00000000 00:00 0 
7f21bc000000-7f21bc021000 rw-p 00000000 00:00 0 
7f21bc021000-7f21c0000000 ---p 00000000 00:00 0 
7f21c0000000-7f21c3fb8000 rw-p 00000000 00:00 0 
7f21c3fb8000-7f21c4000000 ---p 00000000 00:00 0 
7f21c4000000-7f21c5119000 rw-p 00000000 00:00 0 
7f21c5119000-7f21c8000000 ---p 00000000 00:00 0 
7f21c8000000-7f21c8021000 rw-p 00000000 00:00 0 
7f21c8021000-7f21cc000000 ---p 00000000 00:00 0 
7f21cc000000-7f21cc021000 rw-p 00000000 00:00 0 
7f21cc021000-7f21d0000000 ---p 00000000 00:00 0 
7f21d0000000-7f21d0021000 rw-p 00000000 00:00 0 
7f21d0021000-7f21d4000000 ---p 00000000 00:00 0 
7f21d4000000-7f21d4021000 rw-p 00000000 00:00 0 
7f21d4021000-7f21d8000000 ---p 00000000 00:00 0 
7f21d8000000-7f21d8021000 rw-p 00000000 00:00 0 
7f21d8021000-7f21dc000000 ---p 00000000 00:00 0 
7f21dc000000-7f21dc1b5000 rw-p 00000000 00:00 0 
7f21dc1b5000-7f21e0000000 ---p 00000000 00:00 0 
7f21e0000000-7f21e0021000 rw-p 00000000 00:00 0 
7f21e0021000-7f21e4000000 ---p 00000000 00:00 0 
7f21e4068000-7f21e406c000 ---p 00000000 00:00 0 
7f21e406c000-7f21e4369000 rw-p 00000000 00:00 0 
7f21e43f0000-7f21e45f0000 rw-p 00000000 00:00 0 
7f21e45f0000-7f21e47f0000 rw-p 00000000 00:00 0 
7f21e47f0000-7f21e49f0000 rw-p 00000000 00:00 0 
7f21e49f0000-7f21e49f1000 ---p 00000000 00:00 0 
7f21e49f1000-7f21e4af2000 rw-p 00000000 00:00 0 
7f21e4af2000-7f21e4af3000 ---p 00000000 00:00 0 
7f21e4af3000-7f21e4bf4000 rw-p 00000000 00:00 0 
7f21e4c84000-7f21e4e84000 rw-p 00000000 00:00 0 
7f21e4e84000-7f21e5084000 rw-p 00000000 00:00 0 
7f21e5084000-7f21e5284000 rw-p 00000000 00:00 0 
7f21e5284000-7f21e5285000 ---p 00000000 00:00 0 
7f21e5285000-7f21e5386000 rw-p 00000000 00:00 0 
7f21e5386000-7f21e5387000 ---p 00000000 00:00 0 
7f21e5387000-7f21e5488000 rw-p 00000000 00:00 0 
7f21e5488000-7f21e548c000 ---p 00000000 00:00 0 
7f21e548c000-7f21e5589000 rw-p 00000000 00:00 0 
7f21e5589000-7f21e558d000 ---p 00000000 00:00 0 
7f21e558d000-7f21e568a000 rw-p 00000000 00:00 0 
7f21e568a000-7f21e568e000 ---p 00000000 00:00 0 
7f21e568e000-7f21e578b000 rw-p 00000000 00:00 0 
7f21e578b000-7f21e578f000 ---p 00000000 00:00 0 
7f21e578f000-7f21e588c000 rw-p 00000000 00:00 0 
7f21e588c000-7f21e5890000 ---p 00000000 00:00 0 
7f21e5890000-7f21e598d000 rw-p 00000000 00:00 0 
7f21e598d000-7f21e5991000 ---p 00000000 00:00 0 
7f21e5991000-7f21e5a8e000 rw-p 00000000 00:00 0 
7f21e5a8e000-7f21e6000000 r--p 00000000 08:06 6691689                    /usr/lib/locale/locale-archive
7f21e6000000-7f21e8000000 rw-p 00000000 00:00 0 
7f21e8000000-7f21e8021000 rw-p 00000000 00:00 0 
7f21e8021000-7f21ec000000 ---p 00000000 00:00 0 
7f21ec000000-7f21ec024000 rw-p 00000000 00:00 0 
7f21ec024000-7f21f0000000 ---p 00000000 00:00 0 
7f21f0000000-7f21f0021000 rw-p 00000000 00:00 0 
7f21f0021000-7f21f4000000 ---p 00000000 00:00 0 
7f21f4054000-7f21f405c000 r--p 00000000 08:06 6819726                    /usr/lib/jvm/java-11-openjdk-amd64/lib/libsunec.so
7f21f405c000-7f21f4075000 r-xp 00008000 08:06 6819726                    /usr/lib/jvm/java-11-openjdk-amd64/lib/libsunec.so
7f21f4075000-7f21f407f000 r--p 00021000 08:06 6819726                    /usr/lib/jvm/java-11-openjdk-amd64/lib/libsunec.so
7f21f407f000-7f21f4080000 ---p 0002b000 08:06 6819726                    /usr/lib/jvm/java-11-openjdk-amd64/lib/libsunec.so
7f21f4080000-7f21f4084000 r--p 0002b000 08:06 6819726                    /usr/lib/jvm/java-11-openjdk-amd64/lib/libsunec.so
7f21f4084000-7f21f4086000 rw-p 0002f000 08:06 6819726                    /usr/lib/jvm/java-11-openjdk-amd64/lib/libsunec.so
7f21f4086000-7f21f4087000 r--p 00000000 08:06 6819702                    /usr/lib/jvm/java-11-openjdk-amd64/lib/libextnet.so
7f21f4087000-7f21f4088000 r-xp 00001000 08:06 6819702                    /usr/lib/jvm/java-11-openjdk-amd64/lib/libextnet.so
7f21f4088000-7f21f4089000 r--p 00002000 08:06 6819702                    /usr/lib/jvm/java-11-openjdk-amd64/lib/libextnet.so
7f21f4089000-7f21f408a000 r--p 00002000 08:06 6819702                    /usr/lib/jvm/java-11-openjdk-amd64/lib/libextnet.so
7f21f408a000-7f21f408b000 rw-p 00003000 08:06 6819702                    /usr/lib/jvm/java-11-openjdk-amd64/lib/libextnet.so
7f21f408b000-7f21f40b1000 r--p 00000000 08:06 7739987                    /usr/share/locale-langpack/pt_BR/LC_MESSAGES/libc.mo
7f21f40b1000-7f21f40b5000 r--p 00000000 08:06 6819720                    /usr/lib/jvm/java-11-openjdk-amd64/lib/libnet.so
7f21f40b5000-7f21f40c4000 r-xp 00004000 08:06 6819720                    /usr/lib/jvm/java-11-openjdk-amd64/lib/libnet.so
7f21f40c4000-7f21f40c8000 r--p 00013000 08:06 6819720                    /usr/lib/jvm/java-11-openjdk-amd64/lib/libnet.so
7f21f40c8000-7f21f40c9000 r--p 00016000 08:06 6819720                    /usr/lib/jvm/java-11-openjdk-amd64/lib/libnet.so
7f21f40c9000-7f21f40ca000 rw-p 00017000 08:06 6819720                    /usr/lib/jvm/java-11-openjdk-amd64/lib/libnet.so
7f21f40ca000-7f21f40ce000 ---p 00000000 00:00 0 
7f21f40ce000-7f21f41cb000 rw-p 00000000 00:00 0 
7f21f41cb000-7f21f41cf000 ---p 00000000 00:00 0 
7f21f41cf000-7f21f42cc000 rw-p 00000000 00:00 0 
7f21f42cc000-7f21f42d0000 ---p 00000000 00:00 0 
7f21f42d0000-7f21f43cd000 rw-p 00000000 00:00 0 
7f21f43cd000-7f21f43d1000 ---p 00000000 00:00 0 
7f21f43d1000-7f21f44ce000 rw-p 00000000 00:00 0 
7f21f44ce000-7f21f44d2000 ---p 00000000 00:00 0 
7f21f44d2000-7f21f45cf000 rw-p 00000000 00:00 0 
7f21f45cf000-7f21f45d3000 ---p 00000000 00:00 0 
7f21f45d3000-7f21f46d0000 rw-p 00000000 00:00 0 
7f21f46d0000-7f21f46d1000 ---p 00000000 00:00 0 
7f21f46d1000-7f21f4853000 rw-p 00000000 00:00 0 
7f21f4853000-7f21f4ac3000 rwxp 00000000 00:00 0 
7f21f4ac3000-7f21f4de3000 ---p 00000000 00:00 0 
7f21f4de3000-7f21f5a93000 rwxp 00000000 00:00 0 
7f21f5a93000-7f21fc31b000 ---p 00000000 00:00 0 
7f21fc31b000-7f21fc63b000 rwxp 00000000 00:00 0 
7f21fc63b000-7f2203853000 ---p 00000000 00:00 0 
7f220c000000-7f220e242000 rw-p 00000000 00:00 0 
7f220e242000-7f2210000000 ---p 00000000 00:00 0 
7f2210004000-7f2210006000 r--p 00000000 08:06 6819718                    /usr/lib/jvm/java-11-openjdk-amd64/lib/libmanagement_ext.so
7f2210006000-7f2210009000 r-xp 00002000 08:06 6819718                    /usr/lib/jvm/java-11-openjdk-amd64/lib/libmanagement_ext.so
7f2210009000-7f221000b000 r--p 00005000 08:06 6819718                    /usr/lib/jvm/java-11-openjdk-amd64/lib/libmanagement_ext.so
7f221000b000-7f221000c000 r--p 00006000 08:06 6819718                    /usr/lib/jvm/java-11-openjdk-amd64/lib/libmanagement_ext.so
7f221000c000-7f221000d000 rw-p 00007000 08:06 6819718                    /usr/lib/jvm/java-11-openjdk-amd64/lib/libmanagement_ext.so
7f221000d000-7f2210010000 r--p 00000000 08:06 6819716                    /usr/lib/jvm/java-11-openjdk-amd64/lib/libmanagement.so
7f2210010000-7f2210011000 r-xp 00003000 08:06 6819716                    /usr/lib/jvm/java-11-openjdk-amd64/lib/libmanagement.so
7f2210011000-7f2210012000 r--p 00004000 08:06 6819716                    /usr/lib/jvm/java-11-openjdk-amd64/lib/libmanagement.so
7f2210012000-7f2210013000 r--p 00004000 08:06 6819716                    /usr/lib/jvm/java-11-openjdk-amd64/lib/libmanagement.so
7f2210013000-7f2210014000 rw-p 00005000 08:06 6819716                    /usr/lib/jvm/java-11-openjdk-amd64/lib/libmanagement.so
7f2210014000-7f221001b000 r--p 00000000 08:06 6819721                    /usr/lib/jvm/java-11-openjdk-amd64/lib/libnio.so
7f221001b000-7f2210023000 r-xp 00007000 08:06 6819721                    /usr/lib/jvm/java-11-openjdk-amd64/lib/libnio.so
7f2210023000-7f2210026000 r--p 0000f000 08:06 6819721                    /usr/lib/jvm/java-11-openjdk-amd64/lib/libnio.so
7f2210026000-7f2210027000 r--p 00011000 08:06 6819721                    /usr/lib/jvm/java-11-openjdk-amd64/lib/libnio.so
7f2210027000-7f2210028000 rw-p 00012000 08:06 6819721                    /usr/lib/jvm/java-11-openjdk-amd64/lib/libnio.so
7f2210028000-7f221002a000 r--p 00000000 08:06 6819701                    /usr/lib/jvm/java-11-openjdk-amd64/lib/libdt_socket.so
7f221002a000-7f221002d000 r-xp 00002000 08:06 6819701                    /usr/lib/jvm/java-11-openjdk-amd64/lib/libdt_socket.so
7f221002d000-7f221002e000 r--p 00005000 08:06 6819701                    /usr/lib/jvm/java-11-openjdk-amd64/lib/libdt_socket.so
7f221002e000-7f221002f000 ---p 00006000 08:06 6819701                    /usr/lib/jvm/java-11-openjdk-amd64/lib/libdt_socket.so
7f221002f000-7f2210030000 r--p 00006000 08:06 6819701                    /usr/lib/jvm/java-11-openjdk-amd64/lib/libdt_socket.so
7f2210030000-7f2210031000 rw-p 00007000 08:06 6819701                    /usr/lib/jvm/java-11-openjdk-amd64/lib/libdt_socket.so
7f2210031000-7f2210038000 r--s 00000000 08:06 7348067                    /usr/lib/x86_64-linux-gnu/gconv/gconv-modules.cache
7f2210038000-7f2210893000 rw-p 00000000 00:00 0 
7f2210893000-7f2210894000 ---p 00000000 00:00 0 
7f2210894000-7f2210995000 rw-p 00000000 00:00 0 
7f2210995000-7f2210996000 ---p 00000000 00:00 0 
7f2210996000-7f2210e9b000 rw-p 00000000 00:00 0 
7f2210e9b000-7f2210e9c000 ---p 00000000 00:00 0 
7f2210e9c000-7f2210f9d000 rw-p 00000000 00:00 0 
7f2210f9d000-7f2210f9e000 ---p 00000000 00:00 0 
7f2210f9e000-7f22112bf000 rw-p 00000000 00:00 0 
7f22112bf000-7f2211f4f000 ---p 00000000 00:00 0 
7f2211f4f000-7f2212157000 rw-p 00000000 00:00 0 
7f2212157000-7f2212de7000 ---p 00000000 00:00 0 
7f2212de7000-7f2212e2f000 rw-p 00000000 00:00 0 
7f2212e2f000-7f2212fc1000 ---p 00000000 00:00 0 
7f2212fc1000-7f2213002000 rw-p 00000000 00:00 0 
7f2213002000-7f2213194000 ---p 00000000 00:00 0 
7f2213194000-7f22131d5000 rw-p 00000000 00:00 0 
7f22131d5000-7f2213367000 ---p 00000000 00:00 0 
7f2213367000-7f221376c000 rw-p 00000000 00:00 0 
7f221376c000-7f221376d000 ---p 00000000 00:00 0 
7f221376d000-7f2213875000 rw-p 00000000 00:00 0 
7f2213875000-7f2213959000 ---p 00000000 00:00 0 
7f2213959000-7f2213973000 rw-p 00000000 00:00 0 
7f2213973000-7f2213a44000 ---p 00000000 00:00 0 
7f2213a44000-7f2213a49000 rw-p 00000000 00:00 0 
7f2213a49000-7f2213a50000 ---p 00000000 00:00 0 
7f2213a50000-7f2213a53000 r--p 00000000 08:06 6688645                    /usr/lib/x86_64-linux-gnu/libnss_files-2.31.so
7f2213a53000-7f2213a5a000 r-xp 00003000 08:06 6688645                    /usr/lib/x86_64-linux-gnu/libnss_files-2.31.so
7f2213a5a000-7f2213a5c000 r--p 0000a000 08:06 6688645                    /usr/lib/x86_64-linux-gnu/libnss_files-2.31.so
7f2213a5c000-7f2213a5d000 r--p 0000b000 08:06 6688645                    /usr/lib/x86_64-linux-gnu/libnss_files-2.31.so
7f2213a5d000-7f2213a5e000 rw-p 0000c000 08:06 6688645                    /usr/lib/x86_64-linux-gnu/libnss_files-2.31.so
7f2213a5e000-7f2213a64000 rw-p 00000000 00:00 0 
7f2213a66000-7f2213a68000 r--p 00000000 08:06 6819729                    /usr/lib/jvm/java-11-openjdk-amd64/lib/libzip.so
7f2213a68000-7f2213a6c000 r-xp 00002000 08:06 6819729                    /usr/lib/jvm/java-11-openjdk-amd64/lib/libzip.so
7f2213a6c000-7f2213a6e000 r--p 00006000 08:06 6819729                    /usr/lib/jvm/java-11-openjdk-amd64/lib/libzip.so
7f2213a6e000-7f2213a6f000 r--p 00007000 08:06 6819729                    /usr/lib/jvm/java-11-openjdk-amd64/lib/libzip.so
7f2213a6f000-7f2213a70000 rw-p 00008000 08:06 6819729                    /usr/lib/jvm/java-11-openjdk-amd64/lib/libzip.so
7f2213a70000-7f2213a78000 rw-s 00000000 08:06 5898277                    /tmp/hsperfdata_gabriel/29763
7f2213a78000-7f2213a7a000 r--p 00000000 08:06 6819704                    /usr/lib/jvm/java-11-openjdk-amd64/lib/libinstrument.so
7f2213a7a000-7f2213a80000 r-xp 00002000 08:06 6819704                    /usr/lib/jvm/java-11-openjdk-amd64/lib/libinstrument.so
7f2213a80000-7f2213a83000 r--p 00008000 08:06 6819704                    /usr/lib/jvm/java-11-openjdk-amd64/lib/libinstrument.so
7f2213a83000-7f2213a84000 r--p 0000a000 08:06 6819704                    /usr/lib/jvm/java-11-openjdk-amd64/lib/libinstrument.so
7f2213a84000-7f2213a85000 rw-p 0000b000 08:06 6819704                    /usr/lib/jvm/java-11-openjdk-amd64/lib/libinstrument.so
7f2213a85000-7f2213a87000 r--p 00000000 08:06 6819711                    /usr/lib/jvm/java-11-openjdk-amd64/lib/libjdwp.so
7f2213a87000-7f2213ab3000 r-xp 00002000 08:06 6819711                    /usr/lib/jvm/java-11-openjdk-amd64/lib/libjdwp.so
7f2213ab3000-7f2213ac1000 r--p 0002e000 08:06 6819711                    /usr/lib/jvm/java-11-openjdk-amd64/lib/libjdwp.so
7f2213ac1000-7f2213ac2000 r--p 0003b000 08:06 6819711                    /usr/lib/jvm/java-11-openjdk-amd64/lib/libjdwp.so
7f2213ac2000-7f2213ac3000 rw-p 0003c000 08:06 6819711                    /usr/lib/jvm/java-11-openjdk-amd64/lib/libjdwp.so
7f2213ac3000-7f2213ac5000 r--p 00000000 08:06 6819712                    /usr/lib/jvm/java-11-openjdk-amd64/lib/libjimage.so
7f2213ac5000-7f2213ac8000 r-xp 00002000 08:06 6819712                    /usr/lib/jvm/java-11-openjdk-amd64/lib/libjimage.so
7f2213ac8000-7f2213ac9000 r--p 00005000 08:06 6819712                    /usr/lib/jvm/java-11-openjdk-amd64/lib/libjimage.so
7f2213ac9000-7f2213aca000 ---p 00006000 08:06 6819712                    /usr/lib/jvm/java-11-openjdk-amd64/lib/libjimage.so
7f2213aca000-7f2213acb000 r--p 00006000 08:06 6819712                    /usr/lib/jvm/java-11-openjdk-amd64/lib/libjimage.so
7f2213acb000-7f2213acc000 rw-p 00007000 08:06 6819712                    /usr/lib/jvm/java-11-openjdk-amd64/lib/libjimage.so
7f2213acc000-7f2213ada000 r--p 00000000 08:06 6819709                    /usr/lib/jvm/java-11-openjdk-amd64/lib/libjava.so
7f2213ada000-7f2213af0000 r-xp 0000e000 08:06 6819709                    /usr/lib/jvm/java-11-openjdk-amd64/lib/libjava.so
7f2213af0000-7f2213af7000 r--p 00024000 08:06 6819709                    /usr/lib/jvm/java-11-openjdk-amd64/lib/libjava.so
7f2213af7000-7f2213af8000 r--p 0002a000 08:06 6819709                    /usr/lib/jvm/java-11-openjdk-amd64/lib/libjava.so
7f2213af8000-7f2213af9000 rw-p 0002b000 08:06 6819709                    /usr/lib/jvm/java-11-openjdk-amd64/lib/libjava.so
7f2213af9000-7f2213afa000 rw-p 00000000 00:00 0 
7f2213afa000-7f2213afd000 r--p 00000000 08:06 6688652                    /usr/lib/x86_64-linux-gnu/librt-2.31.so
7f2213afd000-7f2213b01000 r-xp 00003000 08:06 6688652                    /usr/lib/x86_64-linux-gnu/librt-2.31.so
7f2213b01000-7f2213b02000 r--p 00007000 08:06 6688652                    /usr/lib/x86_64-linux-gnu/librt-2.31.so
7f2213b02000-7f2213b03000 ---p 00008000 08:06 6688652                    /usr/lib/x86_64-linux-gnu/librt-2.31.so
7f2213b03000-7f2213b04000 r--p 00008000 08:06 6688652                    /usr/lib/x86_64-linux-gnu/librt-2.31.so
7f2213b04000-7f2213b05000 rw-p 00009000 08:06 6688652                    /usr/lib/x86_64-linux-gnu/librt-2.31.so
7f2213b05000-7f2213b09000 ---p 00000000 00:00 0 
7f2213b09000-7f2213c06000 rw-p 00000000 00:00 0 
7f2213c06000-7f2213c09000 r--p 00000000 08:06 6692391                    /usr/lib/x86_64-linux-gnu/libgcc_s.so.1
7f2213c09000-7f2213c1b000 r-xp 00003000 08:06 6692391                    /usr/lib/x86_64-linux-gnu/libgcc_s.so.1
7f2213c1b000-7f2213c1f000 r--p 00015000 08:06 6692391                    /usr/lib/x86_64-linux-gnu/libgcc_s.so.1
7f2213c1f000-7f2213c20000 r--p 00018000 08:06 6692391                    /usr/lib/x86_64-linux-gnu/libgcc_s.so.1
7f2213c20000-7f2213c21000 rw-p 00019000 08:06 6692391                    /usr/lib/x86_64-linux-gnu/libgcc_s.so.1
7f2213c21000-7f2213c30000 r--p 00000000 08:06 6688639                    /usr/lib/x86_64-linux-gnu/libm-2.31.so
7f2213c30000-7f2213cd7000 r-xp 0000f000 08:06 6688639                    /usr/lib/x86_64-linux-gnu/libm-2.31.so
7f2213cd7000-7f2213d6e000 r--p 000b6000 08:06 6688639                    /usr/lib/x86_64-linux-gnu/libm-2.31.so
7f2213d6e000-7f2213d6f000 r--p 0014c000 08:06 6688639                    /usr/lib/x86_64-linux-gnu/libm-2.31.so
7f2213d6f000-7f2213d70000 rw-p 0014d000 08:06 6688639                    /usr/lib/x86_64-linux-gnu/libm-2.31.so
7f2213d70000-7f2213e06000 r--p 00000000 08:06 6693207                    /usr/lib/x86_64-linux-gnu/libstdc++.so.6.0.28
7f2213e06000-7f2213ef6000 r-xp 00096000 08:06 6693207                    /usr/lib/x86_64-linux-gnu/libstdc++.so.6.0.28
7f2213ef6000-7f2213f3f000 r--p 00186000 08:06 6693207                    /usr/lib/x86_64-linux-gnu/libstdc++.so.6.0.28
7f2213f3f000-7f2213f40000 ---p 001cf000 08:06 6693207                    /usr/lib/x86_64-linux-gnu/libstdc++.so.6.0.28
7f2213f40000-7f2213f4b000 r--p 001cf000 08:06 6693207                    /usr/lib/x86_64-linux-gnu/libstdc++.so.6.0.28
7f2213f4b000-7f2213f4e000 rw-p 001da000 08:06 6693207                    /usr/lib/x86_64-linux-gnu/libstdc++.so.6.0.28
7f2213f4e000-7f2213f51000 rw-p 00000000 00:00 0 
7f2213f51000-7f22141d2000 r--p 00000000 08:06 6819733                    /usr/lib/jvm/java-11-openjdk-amd64/lib/server/libjvm.so
7f22141d2000-7f2214e52000 r-xp 00281000 08:06 6819733                    /usr/lib/jvm/java-11-openjdk-amd64/lib/server/libjvm.so
7f2214e52000-7f22150ad000 r--p 00f01000 08:06 6819733                    /usr/lib/jvm/java-11-openjdk-amd64/lib/server/libjvm.so
7f22150ad000-7f2215171000 r--p 0115b000 08:06 6819733                    /usr/lib/jvm/java-11-openjdk-amd64/lib/server/libjvm.so
7f2215171000-7f22151ac000 rw-p 0121f000 08:06 6819733                    /usr/lib/jvm/java-11-openjdk-amd64/lib/server/libjvm.so
7f22151ac000-7f2215205000 rw-p 00000000 00:00 0 
7f2215205000-7f221520c000 r--p 00000000 08:06 6688650                    /usr/lib/x86_64-linux-gnu/libpthread-2.31.so
7f221520c000-7f221521d000 r-xp 00007000 08:06 6688650                    /usr/lib/x86_64-linux-gnu/libpthread-2.31.so
7f221521d000-7f2215222000 r--p 00018000 08:06 6688650                    /usr/lib/x86_64-linux-gnu/libpthread-2.31.so
7f2215222000-7f2215223000 r--p 0001c000 08:06 6688650                    /usr/lib/x86_64-linux-gnu/libpthread-2.31.so
7f2215223000-7f2215224000 rw-p 0001d000 08:06 6688650                    /usr/lib/x86_64-linux-gnu/libpthread-2.31.so
7f2215224000-7f2215228000 rw-p 00000000 00:00 0 
7f2215228000-7f2215229000 r--p 00000000 08:06 6688638                    /usr/lib/x86_64-linux-gnu/libdl-2.31.so
7f2215229000-7f221522b000 r-xp 00001000 08:06 6688638                    /usr/lib/x86_64-linux-gnu/libdl-2.31.so
7f221522b000-7f221522c000 r--p 00003000 08:06 6688638                    /usr/lib/x86_64-linux-gnu/libdl-2.31.so
7f221522c000-7f221522d000 r--p 00003000 08:06 6688638                    /usr/lib/x86_64-linux-gnu/libdl-2.31.so
7f221522d000-7f221522e000 rw-p 00004000 08:06 6688638                    /usr/lib/x86_64-linux-gnu/libdl-2.31.so
7f221522e000-7f2215230000 r--p 00000000 08:06 6693484                    /usr/lib/x86_64-linux-gnu/libz.so.1.2.11
7f2215230000-7f2215241000 r-xp 00002000 08:06 6693484                    /usr/lib/x86_64-linux-gnu/libz.so.1.2.11
7f2215241000-7f2215247000 r--p 00013000 08:06 6693484                    /usr/lib/x86_64-linux-gnu/libz.so.1.2.11
7f2215247000-7f2215248000 ---p 00019000 08:06 6693484                    /usr/lib/x86_64-linux-gnu/libz.so.1.2.11
7f2215248000-7f2215249000 r--p 00019000 08:06 6693484                    /usr/lib/x86_64-linux-gnu/libz.so.1.2.11
7f2215249000-7f221524a000 rw-p 0001a000 08:06 6693484                    /usr/lib/x86_64-linux-gnu/libz.so.1.2.11
7f221524a000-7f221526f000 r--p 00000000 08:06 6688637                    /usr/lib/x86_64-linux-gnu/libc-2.31.so
7f221526f000-7f22153e7000 r-xp 00025000 08:06 6688637                    /usr/lib/x86_64-linux-gnu/libc-2.31.so
7f22153e7000-7f2215431000 r--p 0019d000 08:06 6688637                    /usr/lib/x86_64-linux-gnu/libc-2.31.so
7f2215431000-7f2215432000 ---p 001e7000 08:06 6688637                    /usr/lib/x86_64-linux-gnu/libc-2.31.so
7f2215432000-7f2215435000 r--p 001e7000 08:06 6688637                    /usr/lib/x86_64-linux-gnu/libc-2.31.so
7f2215435000-7f2215438000 rw-p 001ea000 08:06 6688637                    /usr/lib/x86_64-linux-gnu/libc-2.31.so
7f2215438000-7f221543c000 rw-p 00000000 00:00 0 
7f221543c000-7f221543d000 ---p 00000000 00:00 0 
7f221543d000-7f221543e000 r--p 00000000 00:00 0 
7f221543e000-7f2215443000 r--p 00000000 08:06 6819728                    /usr/lib/jvm/java-11-openjdk-amd64/lib/libverify.so
7f2215443000-7f221544a000 r-xp 00005000 08:06 6819728                    /usr/lib/jvm/java-11-openjdk-amd64/lib/libverify.so
7f221544a000-7f221544c000 r--p 0000c000 08:06 6819728                    /usr/lib/jvm/java-11-openjdk-amd64/lib/libverify.so
7f221544c000-7f221544d000 ---p 0000e000 08:06 6819728                    /usr/lib/jvm/java-11-openjdk-amd64/lib/libverify.so
7f221544d000-7f221544f000 r--p 0000e000 08:06 6819728                    /usr/lib/jvm/java-11-openjdk-amd64/lib/libverify.so
7f221544f000-7f2215450000 rw-p 00010000 08:06 6819728                    /usr/lib/jvm/java-11-openjdk-amd64/lib/libverify.so
7f2215450000-7f2215453000 r--p 00000000 08:06 6819694                    /usr/lib/jvm/java-11-openjdk-amd64/lib/jli/libjli.so
7f2215453000-7f221545d000 r-xp 00003000 08:06 6819694                    /usr/lib/jvm/java-11-openjdk-amd64/lib/jli/libjli.so
7f221545d000-7f2215460000 r--p 0000d000 08:06 6819694                    /usr/lib/jvm/java-11-openjdk-amd64/lib/jli/libjli.so
7f2215460000-7f2215461000 ---p 00010000 08:06 6819694                    /usr/lib/jvm/java-11-openjdk-amd64/lib/jli/libjli.so
7f2215461000-7f2215462000 r--p 00010000 08:06 6819694                    /usr/lib/jvm/java-11-openjdk-amd64/lib/jli/libjli.so
7f2215462000-7f2215463000 rw-p 00011000 08:06 6819694                    /usr/lib/jvm/java-11-openjdk-amd64/lib/jli/libjli.so
7f2215463000-7f2215465000 rw-p 00000000 00:00 0 
7f2215465000-7f2215466000 r--p 00000000 08:06 6688576                    /usr/lib/x86_64-linux-gnu/ld-2.31.so
7f2215466000-7f2215489000 r-xp 00001000 08:06 6688576                    /usr/lib/x86_64-linux-gnu/ld-2.31.so
7f2215489000-7f2215491000 r--p 00024000 08:06 6688576                    /usr/lib/x86_64-linux-gnu/ld-2.31.so
7f2215492000-7f2215493000 r--p 0002c000 08:06 6688576                    /usr/lib/x86_64-linux-gnu/ld-2.31.so
7f2215493000-7f2215494000 rw-p 0002d000 08:06 6688576                    /usr/lib/x86_64-linux-gnu/ld-2.31.so
7f2215494000-7f2215495000 rw-p 00000000 00:00 0 
7ffcbf97d000-7ffcbf9a0000 rw-p 00000000 00:00 0                          [stack]
7ffcbf9f9000-7ffcbf9fc000 r--p 00000000 00:00 0                          [vvar]
7ffcbf9fc000-7ffcbf9fd000 r-xp 00000000 00:00 0                          [vdso]
ffffffffff600000-ffffffffff601000 --xp 00000000 00:00 0                  [vsyscall]


VM Arguments:
jvm_args: -agentlib:jdwp=transport=dt_socket,suspend=y,address=localhost:36843 -javaagent:/home/gabriel/eclipse/java-2021-12/eclipse/configuration/org.eclipse.osgi/219/0/.cp/lib/javaagent-shaded.jar -Dfile.encoding=UTF-8 
java_command: com.br.example.prj.biblioteca.ProjetoBibliotecaApplication
java_class_path (initial): /home/gabriel/Downloads/prj-integrador/target/classes:/home/gabriel/.m2/repository/org/springframework/boot/spring-boot-starter-data-jpa/2.5.4/spring-boot-starter-data-jpa-2.5.4.jar:/home/gabriel/.m2/repository/org/springframework/boot/spring-boot-starter-aop/2.5.4/spring-boot-starter-aop-2.5.4.jar:/home/gabriel/.m2/repository/org/aspectj/aspectjweaver/1.9.7/aspectjweaver-1.9.7.jar:/home/gabriel/.m2/repository/org/springframework/boot/spring-boot-starter-jdbc/2.5.4/spring-boot-starter-jdbc-2.5.4.jar:/home/gabriel/.m2/repository/com/zaxxer/HikariCP/4.0.3/HikariCP-4.0.3.jar:/home/gabriel/.m2/repository/org/springframework/spring-jdbc/5.3.9/spring-jdbc-5.3.9.jar:/home/gabriel/.m2/repository/jakarta/transaction/jakarta.transaction-api/1.3.3/jakarta.transaction-api-1.3.3.jar:/home/gabriel/.m2/repository/jakarta/persistence/jakarta.persistence-api/2.2.3/jakarta.persistence-api-2.2.3.jar:/home/gabriel/.m2/repository/org/hibernate/hibernate-core/5.4.32.Final/hibernate-core-5.4.32.Final.jar:/home/gabriel/.m2/repository/org/jboss/logging/jboss-logging/3.4.2.Final/jboss-logging-3.4.2.Final.jar:/home/gabriel/.m2/repository/org/javassist/javassist/3.27.0-GA/javassist-3.27.0-GA.jar:/home/gabriel/.m2/repository/net/bytebuddy/byte-buddy/1.10.22/byte-buddy-1.10.22.jar:/home/gabriel/.m2/repository/antlr/antlr/2.7.7/antlr-2.7.7.jar:/home/gabriel/.m2/repository/org/jboss/jandex/2.2.3.Final/jandex-2.2.3.Final.jar:/home/gabriel/.m2/repository/com/fasterxml/classmate/1.5.1/classmate-1.5.1.jar:/home/gabriel/.m2/repository/org/dom4j/dom4j/2.1.3/dom4j-2.1.3.jar:/home/gabriel/.m2/repository/org/hibernate/common/hibernate-commons-annotations/5.1.2.Final/hibernate-commons-annotations-5.1.2.Final.jar:/home/gabriel/.m2/repository/org/glassfish/jaxb/jaxb-runtime/2.3.5/jaxb-runtime-2.3.5.jar:/home/gabriel/.m2/repository/org/glassfish/jaxb/txw2/2.3.5/txw2-2.3.5.jar:/home/gabriel/.m2/repository/com/sun/istack/istack-commons-runtime/3.0.12/istack-commons-runtime-3.0.12.jar
Launcher Type: SUN_STANDARD

[Global flags]
     intx CICompilerCount                          = 3                                         {product} {ergonomic}
     uint ConcGCThreads                            = 1                                         {product} {ergonomic}
     uint G1ConcRefinementThreads                  = 4                                         {product} {ergonomic}
   size_t G1HeapRegionSize                         = 1048576                                   {product} {ergonomic}
    uintx GCDrainStackTargetSize                   = 64                                        {product} {ergonomic}
   size_t InitialHeapSize                          = 62914560                                  {product} {ergonomic}
   size_t MarkStackSize                            = 4194304                                   {product} {ergonomic}
   size_t MaxHeapSize                              = 979369984                                 {product} {ergonomic}
   size_t MaxNewSize                               = 587202560                                 {product} {ergonomic}
   size_t MinHeapDeltaBytes                        = 1048576                                   {product} {ergonomic}
    uintx NonNMethodCodeHeapSize                   = 5830732                                {pd product} {ergonomic}
    uintx NonProfiledCodeHeapSize                  = 122913754                              {pd product} {ergonomic}
    uintx ProfiledCodeHeapSize                     = 122913754                              {pd product} {ergonomic}
    uintx ReservedCodeCacheSize                    = 251658240                              {pd product} {ergonomic}
     bool SegmentedCodeCache                       = true                                      {product} {ergonomic}
     bool UseCompressedClassPointers               = true                                 {lp64_product} {ergonomic}
     bool UseCompressedOops                        = true                                 {lp64_product} {ergonomic}
     bool UseG1GC                                  = true                                      {product} {ergonomic}

Logging:
Log output configuration:
 #0: stdout all=warning uptime,level,tags
 #1: stderr all=off uptime,level,tags

Environment Variables:
PATH=/usr/local/sbin:/usr/local/bin:/usr/sbin:/usr/bin:/sbin:/bin:/usr/games:/usr/local/games:/snap/bin
SHELL=/bin/bash
DISPLAY=:0
LANG=pt_BR.UTF-8

Signal Handlers:
SIGSEGV: [libjvm.so+0xe8e8d0], sa_mask[0]=11111111011111111101111111111110, sa_flags=SA_RESTART|SA_SIGINFO
SIGBUS: [libjvm.so+0xe8e8d0], sa_mask[0]=11111111011111111101111111111110, sa_flags=SA_RESTART|SA_SIGINFO
SIGFPE: [libjvm.so+0xe8e8d0], sa_mask[0]=11111111011111111101111111111110, sa_flags=SA_RESTART|SA_SIGINFO
SIGPIPE: [libjvm.so+0xbd6910], sa_mask[0]=11111111011111111101111111111110, sa_flags=SA_RESTART|SA_SIGINFO
SIGXFSZ: [libjvm.so+0xbd6910], sa_mask[0]=11111111011111111101111111111110, sa_flags=SA_RESTART|SA_SIGINFO
SIGILL: [libjvm.so+0xe8e8d0], sa_mask[0]=11111111011111111101111111111110, sa_flags=SA_RESTART|SA_SIGINFO
SIGUSR2: [libjvm.so+0xbd67b0], sa_mask[0]=00100000000000000000000000000000, sa_flags=SA_RESTART|SA_SIGINFO
SIGHUP: [libjvm.so+0xbd6c50], sa_mask[0]=11111111011111111101111111111110, sa_flags=SA_RESTART|SA_SIGINFO
SIGINT: [libjvm.so+0xbd6c50], sa_mask[0]=11111111011111111101111111111110, sa_flags=SA_RESTART|SA_SIGINFO
SIGTERM: [libjvm.so+0xbd6c50], sa_mask[0]=11111111011111111101111111111110, sa_flags=SA_RESTART|SA_SIGINFO
SIGQUIT: [libjvm.so+0xbd6c50], sa_mask[0]=11111111011111111101111111111110, sa_flags=SA_RESTART|SA_SIGINFO


---------------  S Y S T E M  ---------------

OS:DISTRIB_ID=LinuxMint
DISTRIB_RELEASE=20.1
DISTRIB_CODENAME=ulyssa
DISTRIB_DESCRIPTION="Linux Mint 20.1 Ulyssa"
uname:Linux 5.4.0-58-generic #64-Ubuntu SMP Wed Dec 9 08:16:25 UTC 2020 x86_64
OS uptime: 1 days 1:34 hours
libc:glibc 2.31 NPTL 2.31 
rlimit (soft/hard): STACK 8192k/infinity , CORE 0k/infinity , NPROC 14583/14583 , NOFILE 1048576/1048576 , AS infinity/infinity , CPU infinity/infinity , DATA infinity/infinity , FSIZE infinity/infinity , MEMLOCK 65536k/65536k
load average:0,61 0,94 0,98

/proc/meminfo:
MemTotal:        3825272 kB
MemFree:          168288 kB
MemAvailable:     320728 kB
Buffers:           39528 kB
Cached:           721744 kB
SwapCached:       160456 kB
Active:          2375216 kB
Inactive:         877540 kB
Active(anon):    2186116 kB
Inactive(anon):   750648 kB
Active(file):     189100 kB
Inactive(file):   126892 kB
Unevictable:       80212 kB
Mlocked:             176 kB
SwapTotal:       8388604 kB
SwapFree:        6634728 kB
Dirty:               412 kB
Writeback:             0 kB
AnonPages:       2562348 kB
Mapped:           351756 kB
Shmem:            449032 kB
KReclaimable:      76068 kB
Slab:             215944 kB
SReclaimable:      76068 kB
SUnreclaim:       139876 kB
KernelStack:       17152 kB
PageTables:        45008 kB
NFS_Unstable:          0 kB
Bounce:                0 kB
WritebackTmp:          0 kB
CommitLimit:    10301240 kB
Committed_AS:   13057680 kB
VmallocTotal:   34359738367 kB
VmallocUsed:       34564 kB
VmallocChunk:          0 kB
Percpu:             6976 kB
HardwareCorrupted:     0 kB
AnonHugePages:         0 kB
ShmemHugePages:        0 kB
ShmemPmdMapped:        0 kB
FileHugePages:         0 kB
FilePmdMapped:         0 kB
CmaTotal:              0 kB
CmaFree:               0 kB
HugePages_Total:       0
HugePages_Free:        0
HugePages_Rsvd:        0
HugePages_Surp:        0
Hugepagesize:       2048 kB
Hugetlb:               0 kB
DirectMap4k:      365296 kB
DirectMap2M:     3622912 kB

/sys/kernel/mm/transparent_hugepage/enabled:
always [madvise] never
/sys/kernel/mm/transparent_hugepage/defrag (defrag/compaction efforts parameter):
always defer defer+madvise [madvise] never

Process Memory:
Virtual Size: 4510792K (peak: 12348036K)
Resident Set Size: 329480K (peak: 372964K) (anon: 316448K, file: 13032K, shmem: 0K)
Swapped out: 0K
C-Heap outstanding allocations: 34948K

/proc/sys/kernel/threads-max (system-wide limit on the number of threads):
29167
/proc/sys/vm/max_map_count (maximum number of memory map areas a process may have):
65530
/proc/sys/kernel/pid_max (system-wide limit on number of process identifiers):
4194304

container (cgroup) information:
container_type: cgroupv1
cpu_cpuset_cpus: 0-3
cpu_memory_nodes: 0
active_processor_count: 4
cpu_quota: -1
cpu_period: 100000
cpu_shares: -1
memory_limit_in_bytes: -1
memory_and_swap_limit_in_bytes: -2
memory_soft_limit_in_bytes: -1
memory_usage_in_bytes: 2793578496
memory_max_usage_in_bytes: 3165118464

Steal ticks since vm start: 0
Steal ticks percentage since vm start:  0,000

CPU:total 4 (initial active 4) (2 cores per cpu, 2 threads per core) family 6 model 37 stepping 5 microcode 0x7, cmov, cx8, fxsr, mmx, sse, sse2, sse3, ssse3, sse4.1, sse4.2, popcnt, ht, tsc, tscinvbit
CPU Model and flags from /proc/cpuinfo:
model name	: Intel(R) Core(TM) i5 CPU       M 460  @ 2.53GHz
flags		: fpu vme de pse tsc msr pae mce cx8 apic sep mtrr pge mca cmov pat pse36 clflush dts acpi mmx fxsr sse sse2 ht tm pbe syscall nx rdtscp lm constant_tsc arch_perfmon pebs bts rep_good nopl xtopology nonstop_tsc cpuid aperfmperf pni dtes64 monitor ds_cpl vmx est tm2 ssse3 cx16 xtpr pdcm pcid sse4_1 sse4_2 popcnt lahf_lm pti ssbd ibrs ibpb stibp tpr_shadow vnmi flexpriority ept vpid dtherm ida arat flush_l1d
Online cpus:
0-3
Offline cpus:
4-7
BIOS frequency limitation:
2534000
Frequency switch latency (ns):
10000
Available cpu frequencies:
2534000 2533000 2399000 2266000 2133000 1999000 1866000 1733000 1599000 1466000 1333000 1199000 
Current governor:
ondemand
Core performance/turbo boost:
1

Memory: 4k page, physical 3825272k(168288k free), swap 8388604k(6634728k free)

vm_info: OpenJDK 64-Bit Server VM (11.0.13+8-Ubuntu-0ubuntu1.20.04) for linux-amd64 JRE (11.0.13+8-Ubuntu-0ubuntu1.20.04), built on Oct 29 2021 09:11:30 by "unknown" with gcc 9.3.0

END.
