#
# A fatal error has been detected by the Java Runtime Environment:
#
#  SIGSEGV (0xb) at pc=0x00007fbf9bfa7179, pid=21089, tid=21110
#
# JRE version: OpenJDK Runtime Environment (11.0.13+8) (build 11.0.13+8-Ubuntu-0ubuntu1.20.04)
# Java VM: OpenJDK 64-Bit Server VM (11.0.13+8-Ubuntu-0ubuntu1.20.04, mixed mode, sharing, tiered, compressed oops, g1 gc, linux-amd64)
# Problematic frame:
# C  [libjimage.so+0x3179]
#
# Core dump will be written. Default location: Core dumps may be processed with "/lib/systemd/systemd-coredump %P %u %g %s %t 9223372036854775808 %h" (or dumping to /home/gabriel/Downloads/prj-integrador/core.21089)
#
# If you would like to submit a bug report, please visit:
#   https://bugs.launchpad.net/ubuntu/+source/openjdk-lts
#

---------------  S U M M A R Y ------------

Command Line: -agentlib:jdwp=transport=dt_socket,suspend=y,address=localhost:43151 -javaagent:/home/gabriel/eclipse/java-2021-12/eclipse/configuration/org.eclipse.osgi/219/0/.cp/lib/javaagent-shaded.jar -Dfile.encoding=UTF-8 com.br.example.prj.biblioteca.ProjetoBibliotecaApplication

Host: Intel(R) Core(TM) i5 CPU       M 460  @ 2.53GHz, 4 cores, 3G, Linux Mint 20.1 Ulyssa
Time: Wed Mar  9 07:28:20 2022 -03 elapsed time: 23019.790895 seconds (0d 6h 23m 39s)

---------------  T H R E A D  ---------------

Current thread (0x00007fbf9412e000):  JavaThread "Signal Dispatcher" daemon [_thread_in_vm, id=21110, stack(0x00007fbf98093000,0x00007fbf98194000)]

Stack: [0x00007fbf98093000,0x00007fbf98194000],  sp=0x00007fbf98191228,  free space=1016k
Native frames: (J=compiled Java code, A=aot compiled Java code, j=interpreted, Vv=VM code, C=native code)
C  [libjimage.so+0x3179]
C  [libjimage.so+0x4191]  JIMAGE_FindResource+0xf1
V  [libjvm.so+0x5b8fb0]
V  [libjvm.so+0x5bb261]
V  [libjvm.so+0xdee4ed]
V  [libjvm.so+0xded08a]
V  [libjvm.so+0xdef63b]
V  [libjvm.so+0x66b15e]
V  [libjvm.so+0x85b166]
j  jdk.internal.misc.Signal.dispatch(I)V+25 java.base@11.0.13
v  ~StubRoutines::call_stub
V  [libjvm.so+0x863bf4]
V  [libjvm.so+0x862c32]
V  [libjvm.so+0xbce34e]
V  [libjvm.so+0xe24e0f]
V  [libjvm.so+0xe21850]
V  [libjvm.so+0xbe0406]

Java frames: (J=compiled Java code, j=interpreted, Vv=VM code)
j  jdk.internal.misc.Signal.dispatch(I)V+25 java.base@11.0.13
v  ~StubRoutines::call_stub

siginfo: si_signo: 11 (SIGSEGV), si_code: 1 (SEGV_MAPERR), si_addr: 0x00007fbf8b940258

Register to memory mapping:

RAX=0x00000000000aaf84 is an unknown value
RBX=0x00007fbf98192348 is pointing into the stack for thread: 0x00007fbf9412e000
RCX=0x0 is NULL
RDX=0x00007fbf8b874178 is an unknown value
RSP=0x00007fbf98191228 is pointing into the stack for thread: 0x00007fbf9412e000
RBP=0x00007fbf98191290 is pointing into the stack for thread: 0x00007fbf9412e000
RSI=0x00007fbf8b940258 is an unknown value
RDI=0x00007fbf98191230 is pointing into the stack for thread: 0x00007fbf9412e000
R8 =0x00000000000083bd is an unknown value
R9 =0x00007fbf9412ebe0 points into unknown readable memory: 0x0061006300000002 | 02 00 00 00 63 00 61 00
R10=0x0000000800a5b3e8 is pointing into metadata
R11=0x00007fbf98191230 is pointing into the stack for thread: 0x00007fbf9412e000
R12=0x00007fbf94009be0 points into unknown readable memory: 0x00007fbf3800be80 | 80 be 00 38 bf 7f 00 00
R13=0x00007fbf981912b0 is pointing into the stack for thread: 0x00007fbf9412e000
R14=0x00000000000aaf84 is an unknown value
R15=0x00007fbf9412ec50 points into unknown readable memory: 0x65746e692f6b646a | 6a 64 6b 2f 69 6e 74 65


Registers:
RAX=0x00000000000aaf84, RBX=0x00007fbf98192348, RCX=0x0000000000000000, RDX=0x00007fbf8b874178
RSP=0x00007fbf98191228, RBP=0x00007fbf98191290, RSI=0x00007fbf8b940258, RDI=0x00007fbf98191230
R8 =0x00000000000083bd, R9 =0x00007fbf9412ebe0, R10=0x0000000800a5b3e8, R11=0x00007fbf98191230
R12=0x00007fbf94009be0, R13=0x00007fbf981912b0, R14=0x00000000000aaf84, R15=0x00007fbf9412ec50
RIP=0x00007fbf9bfa7179, EFLAGS=0x0000000000010202, CSGSFS=0x002b000000000033, ERR=0x0000000000000004
  TRAPNO=0x000000000000000e

Top of Stack: (sp=0x00007fbf98191228)
0x00007fbf98191228:   00007fbf9bfa7cec 0000000000000000
0x00007fbf98191238:   0000000000000000 0000000000000000
0x00007fbf98191248:   0000000000000000 0000000000000000
0x00007fbf98191258:   0000000000000000 0000000000000000 

Instructions: (pc=0x00007fbf9bfa7179)
0x00007fbf9bfa7079:   00 00 48 89 d9 b8 93 01 00 01 0f 1f 44 00 00 69
0x00007fbf9bfa7089:   d0 93 01 00 01 48 83 c1 01 40 0f b6 c6 0f b6 71
0x00007fbf9bfa7099:   ff 31 d0 40 84 f6 75 e7 25 ff ff ff 7f 31 d2 41
0x00007fbf9bfa70a9:   f7 f4 89 d0 41 8b 34 80 48 8b 07 ff 50 20 85 c0
0x00007fbf9bfa70b9:   7f 15 74 62 f7 d0 41 89 c0 48 83 c4 08 44 89 c0
0x00007fbf9bfa70c9:   5b 41 5c 41 5d 5d c3 41 0f b6 4d 00 89 c6 84 c9
0x00007fbf9bfa70d9:   74 1b 0f 1f 44 00 00 69 f6 93 01 00 01 48 83 c3
0x00007fbf9bfa70e9:   01 31 ce 0f b6 4b ff 84 c9 75 ec 89 f0 25 ff ff
0x00007fbf9bfa70f9:   ff 7f 31 d2 48 83 c4 08 41 f7 f4 5b 41 5c 41 5d
0x00007fbf9bfa7109:   5d 41 89 d0 44 89 c0 c3 0f 1f 80 00 00 00 00 b8
0x00007fbf9bfa7119:   93 01 00 01 eb 87 41 b8 ff ff ff ff eb 9b 41 83
0x00007fbf9bfa7129:   c8 ff 44 89 c0 c3 90 f3 0f 1e fa eb 1d 66 2e 0f
0x00007fbf9bfa7139:   1f 84 00 00 00 00 00 0f b6 16 84 d2 74 13 38 c2
0x00007fbf9bfa7149:   75 15 48 83 c7 01 48 83 c6 01 0f b6 07 84 c0 75
0x00007fbf9bfa7159:   e6 48 89 f8 c3 66 90 31 c0 c3 90 66 66 2e 0f 1f
0x00007fbf9bfa7169:   84 00 00 00 00 00 90 f3 0f 1e fa 48 85 f6 74 51
0x00007fbf9bfa7179:   0f b6 06 84 c0 74 4a 0f b6 d0 83 e0 07 c1 fa 03
0x00007fbf9bfa7189:   44 8d 50 01 0f b6 c0 41 89 d1 4c 8d 44 06 02 48
0x00007fbf9bfa7199:   8d 56 01 31 c0 66 90 0f b6 0a 48 c1 e0 08 48 83
0x00007fbf9bfa71a9:   c2 01 48 09 c8 49 39 d0 75 ed 49 63 d1 48 89 04
0x00007fbf9bfa71b9:   d7 41 0f b6 c2 48 8d 74 06 01 0f b6 06 84 c0 75
0x00007fbf9bfa71c9:   b6 c3 90 0f 1f 40 00 f3 0f 1e fa 66 0f ef c0 0f
0x00007fbf9bfa71d9:   11 07 0f 11 47 10 0f 11 47 20 0f 11 47 30 c3 0f
0x00007fbf9bfa71e9:   1f 84 00 00 00 00 00 f3 0f 1e fa 48 8b 46 10 48
0x00007fbf9bfa71f9:   89 37 48 89 47 08 c3 f3 0f 1e fa c3 90 66 2e 0f
0x00007fbf9bfa7209:   1f 84 00 00 00 00 00 f3 0f 1e fa 48 b8 00 00 00
0x00007fbf9bfa7219:   00 08 00 00 00 55 be 08 00 00 00 48 89 e5 53 48
0x00007fbf9bfa7229:   89 fb 48 83 ec 08 48 89 07 bf 08 00 00 00 e8 04
0x00007fbf9bfa7239:   f0 ff ff 48 89 43 08 48 83 c4 08 5b 5d c3 90 0f
0x00007fbf9bfa7249:   1f 84 00 00 00 00 00 f3 0f 1e fa 55 48 89 e5 41
0x00007fbf9bfa7259:   54 49 89 f4 53 48 89 fb 8b 17 48 8b 7f 08 3b 53
0x00007fbf9bfa7269:   04 74 14 8d 42 01 89 03 4c 89 24 d7 5b 41 5c 5d 


Stack slot to memory mapping:
stack at sp + 0 slots: 0x00007fbf9bfa7cec: <offset 0x0000000000003cec> in /usr/lib/jvm/java-11-openjdk-amd64/lib/libjimage.so at 0x00007fbf9bfa4000
stack at sp + 1 slots: 0x0 is NULL
stack at sp + 2 slots: 0x0 is NULL
stack at sp + 3 slots: 0x0 is NULL
stack at sp + 4 slots: 0x0 is NULL
stack at sp + 5 slots: 0x0 is NULL
stack at sp + 6 slots: 0x0 is NULL
stack at sp + 7 slots: 0x0 is NULL


---------------  P R O C E S S  ---------------

Threads class SMR info:
_java_thread_list=0x00007fbf14005b10, length=26, elements={
0x00007fbf94126800, 0x00007fbf94128800, 0x00007fbf9412e000, 0x00007fbf94130000,
0x00007fbf94132800, 0x00007fbf94134800, 0x00007fbf94136800, 0x00007fbf9417c800,
0x00007fbf941c7800, 0x00007fbf941cc000, 0x00007fbf9549c800, 0x00007fbf95c20000,
0x00007fbf95f0d000, 0x00007fbf0c002000, 0x00007fbf95fcc800, 0x00007fbf961b2800,
0x00007fbf961bb800, 0x00007fbf9401a000, 0x00007fbf04003800, 0x00007fbf04004800,
0x00007fbf04006800, 0x00007fbf04008000, 0x00007fbf0400a000, 0x00007fbf0400c000,
0x00007fbf14005000, 0x00007fbf14004000
}

Java Threads: ( => current thread )
  0x00007fbf94126800 JavaThread "Reference Handler" daemon [_thread_blocked, id=21108, stack(0x00007fbf98295000,0x00007fbf98396000)]
  0x00007fbf94128800 JavaThread "Finalizer" daemon [_thread_blocked, id=21109, stack(0x00007fbf98194000,0x00007fbf98295000)]
=>0x00007fbf9412e000 JavaThread "Signal Dispatcher" daemon [_thread_in_vm, id=21110, stack(0x00007fbf98093000,0x00007fbf98194000)]
  0x00007fbf94130000 JavaThread "Service Thread" daemon [_thread_blocked, id=21111, stack(0x00007fbf7c1e0000,0x00007fbf7c2e1000)]
  0x00007fbf94132800 JavaThread "C2 CompilerThread0" daemon [_thread_blocked, id=21112, stack(0x00007fbf7c0df000,0x00007fbf7c1e0000)]
  0x00007fbf94134800 JavaThread "C1 CompilerThread0" daemon [_thread_blocked, id=21113, stack(0x00007fbf6deff000,0x00007fbf6e000000)]
  0x00007fbf94136800 JavaThread "Sweeper thread" daemon [_thread_blocked, id=21114, stack(0x00007fbf6ddfe000,0x00007fbf6deff000)]
  0x00007fbf9417c800 JavaThread "Common-Cleaner" daemon [_thread_blocked, id=21115, stack(0x00007fbf6dcfd000,0x00007fbf6ddfe000)]
  0x00007fbf941c7800 JavaThread "JDWP Transport Listener: dt_socket" daemon [_thread_in_native, id=21117, stack(0x00007fbf6dbfc000,0x00007fbf6dcfd000)]
  0x00007fbf941cc000 JavaThread "JDWP Event Helper Thread" daemon [_thread_blocked, id=21118, stack(0x00007fbf6dafb000,0x00007fbf6dbfc000)]
  0x00007fbf9549c800 JavaThread "mysql-cj-abandoned-connection-cleanup" daemon [_thread_blocked, id=21132, stack(0x00007fbf6d5f4000,0x00007fbf6d6f5000)]
  0x00007fbf95c20000 JavaThread "HikariPool-1 housekeeper" daemon [_thread_blocked, id=21181, stack(0x00007fbf6d2ef000,0x00007fbf6d3f0000)]
  0x00007fbf95f0d000 JavaThread "Catalina-utility-1" [_thread_blocked, id=21200, stack(0x00007fbf1fcff000,0x00007fbf1fe00000)]
  0x00007fbf0c002000 JavaThread "Catalina-utility-2" [_thread_blocked, id=21201, stack(0x00007fbf6d6f5000,0x00007fbf6d7f6000)]
  0x00007fbf95fcc800 JavaThread "container-0" [_thread_blocked, id=21202, stack(0x00007fbf1e5e9000,0x00007fbf1e6ea000)]
  0x00007fbf961b2800 JavaThread "http-nio-8080-Poller" daemon [_thread_blocked, id=21208, stack(0x00007fbf1e0e8000,0x00007fbf1e1e9000)]
  0x00007fbf961bb800 JavaThread "http-nio-8080-Acceptor" daemon [_thread_in_native, id=21209, stack(0x00007fbf1dfe7000,0x00007fbf1e0e8000)]
  0x00007fbf9401a000 JavaThread "DestroyJavaVM" [_thread_blocked, id=21101, stack(0x00007fbf9bfe6000,0x00007fbf9c0e7000)]
  0x00007fbf04003800 JavaThread "http-nio-8080-exec-1" daemon [_thread_blocked, id=21217, stack(0x00007fbf1dee6000,0x00007fbf1dfe7000)]
  0x00007fbf04004800 JavaThread "http-nio-8080-exec-2" daemon [_thread_blocked, id=21218, stack(0x00007fbf1dde5000,0x00007fbf1dee6000)]
  0x00007fbf04006800 JavaThread "http-nio-8080-exec-3" daemon [_thread_blocked, id=21240, stack(0x00007fbf1dae4000,0x00007fbf1dbe5000)]
  0x00007fbf04008000 JavaThread "http-nio-8080-exec-4" daemon [_thread_blocked, id=21258, stack(0x00007fbf1d9e3000,0x00007fbf1dae4000)]
  0x00007fbf0400a000 JavaThread "http-nio-8080-exec-5" daemon [_thread_blocked, id=21259, stack(0x00007fbf1d8e2000,0x00007fbf1d9e3000)]
  0x00007fbf0400c000 JavaThread "http-nio-8080-exec-6" daemon [_thread_blocked, id=21290, stack(0x00007fbf1d7e1000,0x00007fbf1d8e2000)]
  0x00007fbf14005000 JavaThread "HikariPool-1 connection closer" daemon [_thread_blocked, id=25997, stack(0x00007fbf6d9fa000,0x00007fbf6dafb000)]
  0x00007fbf14004000 JavaThread "HikariPool-1 connection adder" daemon [_thread_in_Java, id=25998, stack(0x00007fbf1d6e0000,0x00007fbf1d7e1000)]

Other Threads:
  0x00007fbf94123800 VMThread "VM Thread" [stack: 0x00007fbf98398000,0x00007fbf98498000] [id=21107] _threads_hazard_ptr=0x00007fbf14005b10
  0x00007fbf9450d000 WatcherThread [stack: 0x00007fbf6d8fa000,0x00007fbf6d9fa000] [id=21124]
  0x00007fbf94031000 GCTaskThread "GC Thread#0" [stack: 0x00007fbf9bc4f000,0x00007fbf9bd4f000] [id=21102]
  0x00007fbf64001000 GCTaskThread "GC Thread#1" [stack: 0x00007fbf6d7f8000,0x00007fbf6d8f8000] [id=21125]
  0x00007fbf64004800 GCTaskThread "GC Thread#2" [stack: 0x00007fbf6d4f4000,0x00007fbf6d5f4000] [id=21128]
  0x00007fbf64006000 GCTaskThread "GC Thread#3" [stack: 0x00007fbf6d3f2000,0x00007fbf6d4f2000] [id=21129]
  0x00007fbf9404b000 ConcurrentGCThread "G1 Main Marker" [stack: 0x00007fbf99480000,0x00007fbf99580000] [id=21103]
  0x00007fbf9404d000 ConcurrentGCThread "G1 Conc#0" [stack: 0x00007fbf9937e000,0x00007fbf9947e000] [id=21104]
  0x00007fbf9408f000 ConcurrentGCThread "G1 Refine#0" [stack: 0x00007fbf98e78000,0x00007fbf98f78000] [id=21105]
  0x00007fbf94090800 ConcurrentGCThread "G1 Young RemSet Sampling" [stack: 0x00007fbf98d76000,0x00007fbf98e76000] [id=21106]

Threads with active compile tasks:

VM state:synchronizing (normal execution)

VM Mutex/Monitor currently owned by a thread:  ([mutex/lock_event])
[0x00007fbf940163a0] Safepoint_lock - owner thread: 0x00007fbf94123800
[0x00007fbf94016430] Threads_lock - owner thread: 0x00007fbf94123800

Heap address: 0x00000000c5a00000, size: 934 MB, Compressed Oops mode: 32-bit
Narrow klass base: 0x0000000800000000, Narrow klass shift: 3
Compressed class space size: 1073741824 Address: 0x0000000840000000

Heap:
 garbage-first heap   total 110592K, used 55381K [0x00000000c5a00000, 0x0000000100000000)
  region size 1024K, 27 young (27648K), 4 survivors (4096K)
 Metaspace       used 65049K, capacity 66772K, committed 67072K, reserved 1107968K
  class space    used 8270K, capacity 8959K, committed 8960K, reserved 1048576K
Heap Regions: E=young(eden), S=young(survivor), O=old, HS=humongous(starts), HC=humongous(continues), CS=collection set, F=free, A=archive, TAMS=top-at-mark-start (previous, next)
|   0|0x00000000c5a00000, 0x00000000c5b00000, 0x00000000c5b00000|100%|HS|  |TAMS 0x00000000c5b00000, 0x00000000c5a00000| Complete 
|   1|0x00000000c5b00000, 0x00000000c5c00000, 0x00000000c5c00000|100%| O|  |TAMS 0x00000000c5c00000, 0x00000000c5b00000| Untracked 
|   2|0x00000000c5c00000, 0x00000000c5d00000, 0x00000000c5d00000|100%| O|  |TAMS 0x00000000c5d00000, 0x00000000c5c00000| Untracked 
|   3|0x00000000c5d00000, 0x00000000c5e00000, 0x00000000c5e00000|100%| O|  |TAMS 0x00000000c5e00000, 0x00000000c5d00000| Untracked 
|   4|0x00000000c5e00000, 0x00000000c5f00000, 0x00000000c5f00000|100%| O|  |TAMS 0x00000000c5f00000, 0x00000000c5e00000| Untracked 
|   5|0x00000000c5f00000, 0x00000000c6000000, 0x00000000c6000000|100%| O|  |TAMS 0x00000000c6000000, 0x00000000c5f00000| Untracked 
|   6|0x00000000c6000000, 0x00000000c6100000, 0x00000000c6100000|100%| O|  |TAMS 0x00000000c6100000, 0x00000000c6000000| Untracked 
|   7|0x00000000c6100000, 0x00000000c6200000, 0x00000000c6200000|100%| O|  |TAMS 0x00000000c6200000, 0x00000000c6100000| Untracked 
|   8|0x00000000c6200000, 0x00000000c6300000, 0x00000000c6300000|100%| O|  |TAMS 0x00000000c6300000, 0x00000000c6200000| Untracked 
|   9|0x00000000c6300000, 0x00000000c6400000, 0x00000000c6400000|100%| O|  |TAMS 0x00000000c6400000, 0x00000000c6300000| Untracked 
|  10|0x00000000c6400000, 0x00000000c6500000, 0x00000000c6500000|100%| O|  |TAMS 0x00000000c6500000, 0x00000000c6400000| Untracked 
|  11|0x00000000c6500000, 0x00000000c6600000, 0x00000000c6600000|100%| O|  |TAMS 0x00000000c6600000, 0x00000000c6500000| Untracked 
|  12|0x00000000c6600000, 0x00000000c6700000, 0x00000000c6700000|100%| O|  |TAMS 0x00000000c6700000, 0x00000000c6600000| Untracked 
|  13|0x00000000c6700000, 0x00000000c6800000, 0x00000000c6800000|100%| O|  |TAMS 0x00000000c6800000, 0x00000000c6700000| Untracked 
|  14|0x00000000c6800000, 0x00000000c6900000, 0x00000000c6900000|100%| O|  |TAMS 0x00000000c6900000, 0x00000000c6800000| Untracked 
|  15|0x00000000c6900000, 0x00000000c6a00000, 0x00000000c6a00000|100%| O|  |TAMS 0x00000000c6a00000, 0x00000000c6900000| Untracked 
|  16|0x00000000c6a00000, 0x00000000c6b00000, 0x00000000c6b00000|100%| O|  |TAMS 0x00000000c6b00000, 0x00000000c6a00000| Untracked 
|  17|0x00000000c6b00000, 0x00000000c6c00000, 0x00000000c6c00000|100%| O|  |TAMS 0x00000000c6c00000, 0x00000000c6b00000| Untracked 
|  18|0x00000000c6c00000, 0x00000000c6d00000, 0x00000000c6d00000|100%| O|  |TAMS 0x00000000c6d00000, 0x00000000c6c00000| Untracked 
|  19|0x00000000c6d00000, 0x00000000c6e00000, 0x00000000c6e00000|100%| O|  |TAMS 0x00000000c6e00000, 0x00000000c6d00000| Untracked 
|  20|0x00000000c6e00000, 0x00000000c6f00000, 0x00000000c6f00000|100%| O|  |TAMS 0x00000000c6f00000, 0x00000000c6e00000| Untracked 
|  21|0x00000000c6f00000, 0x00000000c7000000, 0x00000000c7000000|100%| O|  |TAMS 0x00000000c7000000, 0x00000000c6f00000| Untracked 
|  22|0x00000000c7000000, 0x00000000c7100000, 0x00000000c7100000|100%| O|  |TAMS 0x00000000c7026200, 0x00000000c7000000| Untracked 
|  23|0x00000000c7100000, 0x00000000c7200000, 0x00000000c7200000|100%| O|  |TAMS 0x00000000c7100000, 0x00000000c7100000| Untracked 
|  24|0x00000000c7200000, 0x00000000c7300000, 0x00000000c7300000|100%| O|  |TAMS 0x00000000c7200000, 0x00000000c7200000| Untracked 
|  25|0x00000000c7300000, 0x00000000c7400000, 0x00000000c7400000|100%| O|  |TAMS 0x00000000c7300000, 0x00000000c7300000| Untracked 
|  26|0x00000000c7400000, 0x00000000c7500000, 0x00000000c7500000|100%| O|  |TAMS 0x00000000c7400000, 0x00000000c7400000| Untracked 
|  27|0x00000000c7500000, 0x00000000c75ac000, 0x00000000c7600000| 67%| O|  |TAMS 0x00000000c7500000, 0x00000000c7500000| Untracked 
|  28|0x00000000c7600000, 0x00000000c7600000, 0x00000000c7700000|  0%| F|  |TAMS 0x00000000c7600000, 0x00000000c7600000| Untracked 
|  29|0x00000000c7700000, 0x00000000c7700000, 0x00000000c7800000|  0%| F|  |TAMS 0x00000000c7700000, 0x00000000c7700000| Untracked 
|  30|0x00000000c7800000, 0x00000000c7800000, 0x00000000c7900000|  0%| F|  |TAMS 0x00000000c7800000, 0x00000000c7800000| Untracked 
|  31|0x00000000c7900000, 0x00000000c7900000, 0x00000000c7a00000|  0%| F|  |TAMS 0x00000000c7900000, 0x00000000c7900000| Untracked 
|  32|0x00000000c7a00000, 0x00000000c7a00000, 0x00000000c7b00000|  0%| F|  |TAMS 0x00000000c7a00000, 0x00000000c7a00000| Untracked 
|  33|0x00000000c7b00000, 0x00000000c7b00000, 0x00000000c7c00000|  0%| F|  |TAMS 0x00000000c7b00000, 0x00000000c7b00000| Untracked 
|  34|0x00000000c7c00000, 0x00000000c7c00000, 0x00000000c7d00000|  0%| F|  |TAMS 0x00000000c7c00000, 0x00000000c7c00000| Untracked 
|  35|0x00000000c7d00000, 0x00000000c7d00000, 0x00000000c7e00000|  0%| F|  |TAMS 0x00000000c7d00000, 0x00000000c7d00000| Untracked 
|  36|0x00000000c7e00000, 0x00000000c7e00000, 0x00000000c7f00000|  0%| F|  |TAMS 0x00000000c7e00000, 0x00000000c7e00000| Untracked 
|  37|0x00000000c7f00000, 0x00000000c7f00000, 0x00000000c8000000|  0%| F|  |TAMS 0x00000000c7f00000, 0x00000000c7f00000| Untracked 
|  38|0x00000000c8000000, 0x00000000c8000000, 0x00000000c8100000|  0%| F|  |TAMS 0x00000000c8000000, 0x00000000c8000000| Untracked 
|  39|0x00000000c8100000, 0x00000000c8100000, 0x00000000c8200000|  0%| F|  |TAMS 0x00000000c8100000, 0x00000000c8100000| Untracked 
|  40|0x00000000c8200000, 0x00000000c8200000, 0x00000000c8300000|  0%| F|  |TAMS 0x00000000c8200000, 0x00000000c8200000| Untracked 
|  41|0x00000000c8300000, 0x00000000c8300000, 0x00000000c8400000|  0%| F|  |TAMS 0x00000000c8300000, 0x00000000c8300000| Untracked 
|  42|0x00000000c8400000, 0x00000000c8400000, 0x00000000c8500000|  0%| F|  |TAMS 0x00000000c8400000, 0x00000000c8400000| Untracked 
|  43|0x00000000c8500000, 0x00000000c8500000, 0x00000000c8600000|  0%| F|  |TAMS 0x00000000c8500000, 0x00000000c8500000| Untracked 
|  44|0x00000000c8600000, 0x00000000c8600000, 0x00000000c8700000|  0%| F|  |TAMS 0x00000000c8600000, 0x00000000c8600000| Untracked 
|  45|0x00000000c8700000, 0x00000000c8700000, 0x00000000c8800000|  0%| F|  |TAMS 0x00000000c8700000, 0x00000000c8700000| Untracked 
|  46|0x00000000c8800000, 0x00000000c8800000, 0x00000000c8900000|  0%| F|  |TAMS 0x00000000c8800000, 0x00000000c8800000| Untracked 
|  47|0x00000000c8900000, 0x00000000c89b77b0, 0x00000000c8a00000| 71%| S|CS|TAMS 0x00000000c8900000, 0x00000000c8900000| Complete 
|  48|0x00000000c8a00000, 0x00000000c8b00000, 0x00000000c8b00000|100%| S|CS|TAMS 0x00000000c8a00000, 0x00000000c8a00000| Complete 
|  49|0x00000000c8b00000, 0x00000000c8c00000, 0x00000000c8c00000|100%| S|CS|TAMS 0x00000000c8b00000, 0x00000000c8b00000| Complete 
|  50|0x00000000c8c00000, 0x00000000c8d00000, 0x00000000c8d00000|100%| S|CS|TAMS 0x00000000c8c00000, 0x00000000c8c00000| Complete 
|  51|0x00000000c8d00000, 0x00000000c8d00000, 0x00000000c8e00000|  0%| F|  |TAMS 0x00000000c8d00000, 0x00000000c8d00000| Untracked 
|  52|0x00000000c8e00000, 0x00000000c8e00000, 0x00000000c8f00000|  0%| F|  |TAMS 0x00000000c8e00000, 0x00000000c8e00000| Untracked 
|  53|0x00000000c8f00000, 0x00000000c8f00000, 0x00000000c9000000|  0%| F|  |TAMS 0x00000000c8f00000, 0x00000000c8f00000| Untracked 
|  54|0x00000000c9000000, 0x00000000c9000000, 0x00000000c9100000|  0%| F|  |TAMS 0x00000000c9000000, 0x00000000c9000000| Untracked 
|  55|0x00000000c9100000, 0x00000000c9100000, 0x00000000c9200000|  0%| F|  |TAMS 0x00000000c9100000, 0x00000000c9100000| Untracked 
|  56|0x00000000c9200000, 0x00000000c9200000, 0x00000000c9300000|  0%| F|  |TAMS 0x00000000c9200000, 0x00000000c9200000| Untracked 
|  57|0x00000000c9300000, 0x00000000c9300000, 0x00000000c9400000|  0%| F|  |TAMS 0x00000000c9300000, 0x00000000c9300000| Untracked 
|  58|0x00000000c9400000, 0x00000000c9400000, 0x00000000c9500000|  0%| F|  |TAMS 0x00000000c9400000, 0x00000000c9400000| Untracked 
|  59|0x00000000c9500000, 0x00000000c9500000, 0x00000000c9600000|  0%| F|  |TAMS 0x00000000c9500000, 0x00000000c9500000| Untracked 
|  60|0x00000000c9600000, 0x00000000c9600000, 0x00000000c9700000|  0%| F|  |TAMS 0x00000000c9600000, 0x00000000c9600000| Untracked 
|  61|0x00000000c9700000, 0x00000000c9700000, 0x00000000c9800000|  0%| F|  |TAMS 0x00000000c9700000, 0x00000000c9700000| Untracked 
|  62|0x00000000c9800000, 0x00000000c9800000, 0x00000000c9900000|  0%| F|  |TAMS 0x00000000c9800000, 0x00000000c9800000| Untracked 
|  63|0x00000000c9900000, 0x00000000c9900000, 0x00000000c9a00000|  0%| F|  |TAMS 0x00000000c9900000, 0x00000000c9900000| Untracked 
|  64|0x00000000c9a00000, 0x00000000c9a00000, 0x00000000c9b00000|  0%| F|  |TAMS 0x00000000c9a00000, 0x00000000c9a00000| Untracked 
|  65|0x00000000c9b00000, 0x00000000c9b00000, 0x00000000c9c00000|  0%| F|  |TAMS 0x00000000c9b00000, 0x00000000c9b00000| Untracked 
|  66|0x00000000c9c00000, 0x00000000c9c00000, 0x00000000c9d00000|  0%| F|  |TAMS 0x00000000c9c00000, 0x00000000c9c00000| Untracked 
|  67|0x00000000c9d00000, 0x00000000c9d00000, 0x00000000c9e00000|  0%| F|  |TAMS 0x00000000c9d00000, 0x00000000c9d00000| Untracked 
|  68|0x00000000c9e00000, 0x00000000c9e00000, 0x00000000c9f00000|  0%| F|  |TAMS 0x00000000c9e00000, 0x00000000c9e00000| Untracked 
|  69|0x00000000c9f00000, 0x00000000c9f00000, 0x00000000ca000000|  0%| F|  |TAMS 0x00000000c9f00000, 0x00000000c9f00000| Untracked 
|  70|0x00000000ca000000, 0x00000000ca000000, 0x00000000ca100000|  0%| F|  |TAMS 0x00000000ca000000, 0x00000000ca000000| Untracked 
|  71|0x00000000ca100000, 0x00000000ca100000, 0x00000000ca200000|  0%| F|  |TAMS 0x00000000ca100000, 0x00000000ca100000| Untracked 
|  72|0x00000000ca200000, 0x00000000ca200000, 0x00000000ca300000|  0%| F|  |TAMS 0x00000000ca200000, 0x00000000ca200000| Untracked 
|  73|0x00000000ca300000, 0x00000000ca300000, 0x00000000ca400000|  0%| F|  |TAMS 0x00000000ca300000, 0x00000000ca300000| Untracked 
|  74|0x00000000ca400000, 0x00000000ca400000, 0x00000000ca500000|  0%| F|  |TAMS 0x00000000ca400000, 0x00000000ca400000| Untracked 
|  75|0x00000000ca500000, 0x00000000ca500000, 0x00000000ca600000|  0%| F|  |TAMS 0x00000000ca500000, 0x00000000ca500000| Untracked 
|  76|0x00000000ca600000, 0x00000000ca600000, 0x00000000ca700000|  0%| F|  |TAMS 0x00000000ca600000, 0x00000000ca600000| Untracked 
|  77|0x00000000ca700000, 0x00000000ca700000, 0x00000000ca800000|  0%| F|  |TAMS 0x00000000ca700000, 0x00000000ca700000| Untracked 
|  78|0x00000000ca800000, 0x00000000ca800000, 0x00000000ca900000|  0%| F|  |TAMS 0x00000000ca800000, 0x00000000ca800000| Untracked 
|  79|0x00000000ca900000, 0x00000000ca900000, 0x00000000caa00000|  0%| F|  |TAMS 0x00000000ca900000, 0x00000000ca900000| Untracked 
|  80|0x00000000caa00000, 0x00000000caa00000, 0x00000000cab00000|  0%| F|  |TAMS 0x00000000caa00000, 0x00000000caa00000| Untracked 
|  81|0x00000000cab00000, 0x00000000cab00000, 0x00000000cac00000|  0%| F|  |TAMS 0x00000000cab00000, 0x00000000cab00000| Untracked 
|  82|0x00000000cac00000, 0x00000000cac00000, 0x00000000cad00000|  0%| F|  |TAMS 0x00000000cac00000, 0x00000000cac00000| Untracked 
|  83|0x00000000cad00000, 0x00000000cad64410, 0x00000000cae00000| 39%| E|  |TAMS 0x00000000cad00000, 0x00000000cad00000| Complete 
|  84|0x00000000cae00000, 0x00000000caf00000, 0x00000000caf00000|100%| E|CS|TAMS 0x00000000cae00000, 0x00000000cae00000| Complete 
|  85|0x00000000caf00000, 0x00000000cb000000, 0x00000000cb000000|100%| E|CS|TAMS 0x00000000caf00000, 0x00000000caf00000| Complete 
|  86|0x00000000cb000000, 0x00000000cb100000, 0x00000000cb100000|100%| E|CS|TAMS 0x00000000cb000000, 0x00000000cb000000| Complete 
|  87|0x00000000cb100000, 0x00000000cb200000, 0x00000000cb200000|100%| E|CS|TAMS 0x00000000cb100000, 0x00000000cb100000| Complete 
|  88|0x00000000cb200000, 0x00000000cb300000, 0x00000000cb300000|100%| E|CS|TAMS 0x00000000cb200000, 0x00000000cb200000| Complete 
|  89|0x00000000cb300000, 0x00000000cb400000, 0x00000000cb400000|100%| E|CS|TAMS 0x00000000cb300000, 0x00000000cb300000| Complete 
|  90|0x00000000cb400000, 0x00000000cb500000, 0x00000000cb500000|100%| E|CS|TAMS 0x00000000cb400000, 0x00000000cb400000| Complete 
|  91|0x00000000cb500000, 0x00000000cb600000, 0x00000000cb600000|100%| E|CS|TAMS 0x00000000cb500000, 0x00000000cb500000| Complete 
|  92|0x00000000cb600000, 0x00000000cb700000, 0x00000000cb700000|100%| E|CS|TAMS 0x00000000cb600000, 0x00000000cb600000| Complete 
|  93|0x00000000cb700000, 0x00000000cb800000, 0x00000000cb800000|100%| E|CS|TAMS 0x00000000cb700000, 0x00000000cb700000| Complete 
|  94|0x00000000cb800000, 0x00000000cb900000, 0x00000000cb900000|100%| E|CS|TAMS 0x00000000cb800000, 0x00000000cb800000| Complete 
|  95|0x00000000cb900000, 0x00000000cba00000, 0x00000000cba00000|100%| E|CS|TAMS 0x00000000cb900000, 0x00000000cb900000| Complete 
|  96|0x00000000cba00000, 0x00000000cbb00000, 0x00000000cbb00000|100%| E|CS|TAMS 0x00000000cba00000, 0x00000000cba00000| Complete 
|  97|0x00000000cbb00000, 0x00000000cbc00000, 0x00000000cbc00000|100%| E|CS|TAMS 0x00000000cbb00000, 0x00000000cbb00000| Complete 
|  98|0x00000000cbc00000, 0x00000000cbd00000, 0x00000000cbd00000|100%| E|CS|TAMS 0x00000000cbc00000, 0x00000000cbc00000| Complete 
|  99|0x00000000cbd00000, 0x00000000cbe00000, 0x00000000cbe00000|100%| E|CS|TAMS 0x00000000cbd00000, 0x00000000cbd00000| Complete 
| 100|0x00000000cbe00000, 0x00000000cbf00000, 0x00000000cbf00000|100%| E|CS|TAMS 0x00000000cbe00000, 0x00000000cbe00000| Complete 
| 101|0x00000000cbf00000, 0x00000000cc000000, 0x00000000cc000000|100%| E|CS|TAMS 0x00000000cbf00000, 0x00000000cbf00000| Complete 
| 102|0x00000000cc000000, 0x00000000cc100000, 0x00000000cc100000|100%| E|CS|TAMS 0x00000000cc000000, 0x00000000cc000000| Complete 
| 103|0x00000000cc100000, 0x00000000cc200000, 0x00000000cc200000|100%| E|CS|TAMS 0x00000000cc100000, 0x00000000cc100000| Complete 
| 104|0x00000000cc200000, 0x00000000cc300000, 0x00000000cc300000|100%| E|CS|TAMS 0x00000000cc200000, 0x00000000cc200000| Complete 
| 105|0x00000000cc300000, 0x00000000cc400000, 0x00000000cc400000|100%| E|CS|TAMS 0x00000000cc300000, 0x00000000cc300000| Complete 
| 932|0x00000000ffe00000, 0x00000000ffe47000, 0x00000000fff00000| 27%|OA|  |TAMS 0x00000000ffe47000, 0x00000000ffe00000| Untracked 
| 933|0x00000000fff00000, 0x00000000fff6b000, 0x0000000100000000| 41%|CA|  |TAMS 0x00000000fff6b000, 0x00000000fff00000| Untracked 

Card table byte_map: [0x00007fbf9b4a3000,0x00007fbf9b676000] _byte_map_base: 0x00007fbf9ae76000

Marking Bits (Prev, Next): (CMBitMap*) 0x00007fbf94046838, (CMBitMap*) 0x00007fbf94046870
 Prev Bits: [0x00007fbf9a438000, 0x00007fbf9b2d0000)
 Next Bits: [0x00007fbf995a0000, 0x00007fbf9a438000)

Polling page: 0x00007fbf9d91d000

Metaspace:

Usage:
  Non-class:     56,46 MB capacity,    55,45 MB ( 98%) used,   805,84 KB (  1%) free+waste,   228,19 KB ( <1%) overhead. 
      Class:      8,75 MB capacity,     8,08 MB ( 92%) used,   583,40 KB (  7%) free+waste,   105,12 KB (  1%) overhead. 
       Both:     65,21 MB capacity,    63,52 MB ( 97%) used,     1,36 MB (  2%) free+waste,   333,31 KB ( <1%) overhead. 

Virtual space:
  Non-class space:       58,00 MB reserved,      56,75 MB ( 98%) committed 
      Class space:        1,00 GB reserved,       8,75 MB ( <1%) committed 
             Both:        1,06 GB reserved,      65,50 MB (  6%) committed 

Chunk freelists:
   Non-Class:  47,00 KB
       Class:  1,00 KB
        Both:  48,00 KB

MaxMetaspaceSize: unlimited
CompressedClassSpaceSize: 1,00 GB
Initial GC threshold: 20,80 MB
Current GC threshold: 105,21 MB
CDS: on

CodeHeap 'non-profiled nmethods': size=120032Kb used=6150Kb max_used=6150Kb free=113881Kb
 bounds [0x00007fbf8431b000, 0x00007fbf8492b000, 0x00007fbf8b853000]
CodeHeap 'profiled nmethods': size=120032Kb used=17070Kb max_used=17070Kb free=102961Kb
 bounds [0x00007fbf7cde3000, 0x00007fbf7de93000, 0x00007fbf8431b000]
CodeHeap 'non-nmethods': size=5696Kb used=1372Kb max_used=1444Kb free=4323Kb
 bounds [0x00007fbf7c853000, 0x00007fbf7cac3000, 0x00007fbf7cde3000]
 total_blobs=7959 nmethods=7345 adapters=536
 compilation: enabled
              stopped_count=0, restarted_count=0
 full_count=0

Compilation events (20 events):
Event: 21401,534 Thread 0x00007fbf94134800 nmethod 7535 0x00007fbf7de87410 code [0x00007fbf7de878e0, 0x00007fbf7de89a60]
Event: 21401,538 Thread 0x00007fbf94134800 7538       3       sun.security.util.Cache$EqualByteArray::equals (33 bytes)
Event: 21401,538 Thread 0x00007fbf94134800 nmethod 7538 0x00007fbf7de8a710 code [0x00007fbf7de8a8e0, 0x00007fbf7de8ad00]
Event: 21401,540 Thread 0x00007fbf94134800 7539       3       sun.security.ec.XECOperations::getIntegerFieldModulo (53 bytes)
Event: 21401,541 Thread 0x00007fbf94134800 nmethod 7539 0x00007fbf7de8ae10 code [0x00007fbf7de8b060, 0x00007fbf7de8b6a0]
Event: 21401,549 Thread 0x00007fbf94132800 nmethod 7534 0x00007fbf84919e90 code [0x00007fbf8491a060, 0x00007fbf8491a748]
Event: 21401,549 Thread 0x00007fbf94132800 7537       4       sun.security.provider.SHA::implCompress0 (482 bytes)
Event: 21401,582 Thread 0x00007fbf94134800 7540       3       java.util.stream.Collectors$$Lambda$30/0x0000000840087440::get (8 bytes)
Event: 21401,583 Thread 0x00007fbf94134800 nmethod 7540 0x00007fbf7de8b990 code [0x00007fbf7de8bb60, 0x00007fbf7de8bed0]
Event: 21401,583 Thread 0x00007fbf94134800 7541       1       com.zaxxer.hikari.pool.HikariPool::access$300 (5 bytes)
Event: 21401,583 Thread 0x00007fbf94134800 nmethod 7541 0x00007fbf8491aa10 code [0x00007fbf8491abc0, 0x00007fbf8491ac50]
Event: 21401,592 Thread 0x00007fbf94132800 nmethod 7537 0x00007fbf8491ad10 code [0x00007fbf8491aec0, 0x00007fbf8491bb38]
Event: 21413,591 Thread 0x00007fbf94132800 7542       4       java.util.LinkedList::linkLast (59 bytes)
Event: 21413,614 Thread 0x00007fbf94132800 nmethod 7542 0x00007fbf8491be10 code [0x00007fbf8491bfa0, 0x00007fbf8491c498]
Event: 22558,150 Thread 0x00007fbf94132800 7543   !   4       java.lang.Thread::blockedOn (27 bytes)
Event: 22558,153 Thread 0x00007fbf94132800 nmethod 7543 0x00007fbf8491c590 code [0x00007fbf8491c720, 0x00007fbf8491ca38]
Event: 22625,215 Thread 0x00007fbf94134800 7544   !   3       sun.nio.ch.EPollSelectorImpl::doSelect (208 bytes)
Event: 22625,514 Thread 0x00007fbf94134800 nmethod 7544 0x00007fbf7de8c010 code [0x00007fbf7de8c2e0, 0x00007fbf7de8d100]
Event: 23018,173 Thread 0x00007fbf94134800 7545   !   3       org.apache.catalina.core.StandardServer::startPeriodicLifecycleEvent (109 bytes)
Event: 23018,224 Thread 0x00007fbf94134800 nmethod 7545 0x00007fbf7de8d710 code [0x00007fbf7de8d9a0, 0x00007fbf7de8e630]

GC Heap History (20 events):
Event: 13,056 GC heap before
{Heap before GC invocations=13 (full 0):
 garbage-first heap   total 92160K, used 56210K [0x00000000c5a00000, 0x0000000100000000)
  region size 1024K, 44 young (45056K), 5 survivors (5120K)
 Metaspace       used 34565K, capacity 35705K, committed 35840K, reserved 1081344K
  class space    used 4349K, capacity 4831K, committed 4864K, reserved 1048576K
}
Event: 13,093 GC heap after
{Heap after GC invocations=14 (full 0):
 garbage-first heap   total 92160K, used 17882K [0x00000000c5a00000, 0x0000000100000000)
  region size 1024K, 3 young (3072K), 3 survivors (3072K)
 Metaspace       used 34565K, capacity 35705K, committed 35840K, reserved 1081344K
  class space    used 4349K, capacity 4831K, committed 4864K, reserved 1048576K
}
Event: 14,885 GC heap before
{Heap before GC invocations=15 (full 0):
 garbage-first heap   total 92160K, used 70106K [0x00000000c5a00000, 0x0000000100000000)
  region size 1024K, 54 young (55296K), 3 survivors (3072K)
 Metaspace       used 41895K, capacity 43138K, committed 43520K, reserved 1087488K
  class space    used 5273K, capacity 5767K, committed 5888K, reserved 1048576K
}
Event: 14,911 GC heap after
{Heap after GC invocations=16 (full 0):
 garbage-first heap   total 110592K, used 20954K [0x00000000c5a00000, 0x0000000100000000)
  region size 1024K, 6 young (6144K), 6 survivors (6144K)
 Metaspace       used 41895K, capacity 43138K, committed 43520K, reserved 1087488K
  class space    used 5273K, capacity 5767K, committed 5888K, reserved 1048576K
}
Event: 16,035 GC heap before
{Heap before GC invocations=16 (full 0):
 garbage-first heap   total 110592K, used 77274K [0x00000000c5a00000, 0x0000000100000000)
  region size 1024K, 61 young (62464K), 6 survivors (6144K)
 Metaspace       used 46242K, capacity 47510K, committed 47872K, reserved 1091584K
  class space    used 5825K, capacity 6325K, committed 6400K, reserved 1048576K
}
Event: 16,054 GC heap after
{Heap after GC invocations=17 (full 0):
 garbage-first heap   total 110592K, used 23067K [0x00000000c5a00000, 0x0000000100000000)
  region size 1024K, 6 young (6144K), 6 survivors (6144K)
 Metaspace       used 46242K, capacity 47510K, committed 47872K, reserved 1091584K
  class space    used 5825K, capacity 6325K, committed 6400K, reserved 1048576K
}
Event: 36,683 GC heap before
{Heap before GC invocations=17 (full 0):
 garbage-first heap   total 110592K, used 80411K [0x00000000c5a00000, 0x0000000100000000)
  region size 1024K, 62 young (63488K), 6 survivors (6144K)
 Metaspace       used 51503K, capacity 52772K, committed 53248K, reserved 1095680K
  class space    used 6626K, capacity 7117K, committed 7168K, reserved 1048576K
}
Event: 36,703 GC heap after
{Heap after GC invocations=18 (full 0):
 garbage-first heap   total 110592K, used 24147K [0x00000000c5a00000, 0x0000000100000000)
  region size 1024K, 3 young (3072K), 3 survivors (3072K)
 Metaspace       used 51503K, capacity 52772K, committed 53248K, reserved 1095680K
  class space    used 6626K, capacity 7117K, committed 7168K, reserved 1048576K
}
Event: 37,833 GC heap before
{Heap before GC invocations=18 (full 0):
 garbage-first heap   total 110592K, used 86611K [0x00000000c5a00000, 0x0000000100000000)
  region size 1024K, 64 young (65536K), 3 survivors (3072K)
 Metaspace       used 56018K, capacity 57574K, committed 57856K, reserved 1099776K
  class space    used 7198K, capacity 7816K, committed 7936K, reserved 1048576K
}
Event: 37,856 GC heap after
{Heap after GC invocations=19 (full 0):
 garbage-first heap   total 110592K, used 25900K [0x00000000c5a00000, 0x0000000100000000)
  region size 1024K, 5 young (5120K), 5 survivors (5120K)
 Metaspace       used 56018K, capacity 57574K, committed 57856K, reserved 1099776K
  class space    used 7198K, capacity 7816K, committed 7936K, reserved 1048576K
}
Event: 38,730 GC heap before
{Heap before GC invocations=19 (full 0):
 garbage-first heap   total 110592K, used 76076K [0x00000000c5a00000, 0x0000000100000000)
  region size 1024K, 55 young (56320K), 5 survivors (5120K)
 Metaspace       used 58490K, capacity 60041K, committed 60160K, reserved 1101824K
  class space    used 7525K, capacity 8164K, committed 8192K, reserved 1048576K
}
Event: 38,750 GC heap after
{Heap after GC invocations=20 (full 0):
 garbage-first heap   total 110592K, used 27355K [0x00000000c5a00000, 0x0000000100000000)
  region size 1024K, 5 young (5120K), 5 survivors (5120K)
 Metaspace       used 58490K, capacity 60041K, committed 60160K, reserved 1101824K
  class space    used 7525K, capacity 8164K, committed 8192K, reserved 1048576K
}
Event: 73,003 GC heap before
{Heap before GC invocations=21 (full 0):
 garbage-first heap   total 110592K, used 85723K [0x00000000c5a00000, 0x0000000100000000)
  region size 1024K, 62 young (63488K), 5 survivors (5120K)
 Metaspace       used 62437K, capacity 64219K, committed 64640K, reserved 1105920K
  class space    used 8060K, capacity 8760K, committed 8832K, reserved 1048576K
}
Event: 73,031 GC heap after
{Heap after GC invocations=22 (full 0):
 garbage-first heap   total 110592K, used 29373K [0x00000000c5a00000, 0x0000000100000000)
  region size 1024K, 6 young (6144K), 6 survivors (6144K)
 Metaspace       used 62437K, capacity 64219K, committed 64640K, reserved 1105920K
  class space    used 8060K, capacity 8760K, committed 8832K, reserved 1048576K
}
Event: 5367,154 GC heap before
{Heap before GC invocations=23 (full 0):
 garbage-first heap   total 110592K, used 86717K [0x00000000c5a00000, 0x0000000100000000)
  region size 1024K, 62 young (63488K), 6 survivors (6144K)
 Metaspace       used 64613K, capacity 66445K, committed 66560K, reserved 1107968K
  class space    used 8269K, capacity 8959K, committed 8960K, reserved 1048576K
}
Event: 5367,174 GC heap after
{Heap after GC invocations=24 (full 0):
 garbage-first heap   total 110592K, used 31040K [0x00000000c5a00000, 0x0000000100000000)
  region size 1024K, 6 young (6144K), 6 survivors (6144K)
 Metaspace       used 64613K, capacity 66445K, committed 66560K, reserved 1107968K
  class space    used 8269K, capacity 8959K, committed 8960K, reserved 1048576K
}
Event: 12474,006 GC heap before
{Heap before GC invocations=24 (full 0):
 garbage-first heap   total 110592K, used 88384K [0x00000000c5a00000, 0x0000000100000000)
  region size 1024K, 62 young (63488K), 6 survivors (6144K)
 Metaspace       used 64793K, capacity 66514K, committed 66816K, reserved 1107968K
  class space    used 8269K, capacity 8959K, committed 8960K, reserved 1048576K
}
Event: 12474,035 GC heap after
{Heap after GC invocations=25 (full 0):
 garbage-first heap   total 110592K, used 32094K [0x00000000c5a00000, 0x0000000100000000)
  region size 1024K, 6 young (6144K), 6 survivors (6144K)
 Metaspace       used 64793K, capacity 66514K, committed 66816K, reserved 1107968K
  class space    used 8269K, capacity 8959K, committed 8960K, reserved 1048576K
}
Event: 19571,447 GC heap before
{Heap before GC invocations=25 (full 0):
 garbage-first heap   total 110592K, used 88414K [0x00000000c5a00000, 0x0000000100000000)
  region size 1024K, 61 young (62464K), 6 survivors (6144K)
 Metaspace       used 64955K, capacity 66707K, committed 66816K, reserved 1107968K
  class space    used 8270K, capacity 8959K, committed 8960K, reserved 1048576K
}
Event: 19571,459 GC heap after
{Heap after GC invocations=26 (full 0):
 garbage-first heap   total 110592K, used 32853K [0x00000000c5a00000, 0x0000000100000000)
  region size 1024K, 4 young (4096K), 4 survivors (4096K)
 Metaspace       used 64955K, capacity 66707K, committed 66816K, reserved 1107968K
  class space    used 8270K, capacity 8959K, committed 8960K, reserved 1048576K
}

Deoptimization events (20 events):
Event: 21413,612 Thread 0x00007fbf14004000 DEOPT PACKING pc=0x00007fbf7dd4fc3c sp=0x00007fbf1d7ddbb0
Event: 21413,612 Thread 0x00007fbf14004000 DEOPT UNPACKING pc=0x00007fbf7c89d62b sp=0x00007fbf1d7dd160 mode 1
Event: 21413,612 Thread 0x00007fbf14004000 DEOPT PACKING pc=0x00007fbf7de702ac sp=0x00007fbf1d7ddd00
Event: 21413,612 Thread 0x00007fbf14004000 DEOPT UNPACKING pc=0x00007fbf7c89d62b sp=0x00007fbf1d7dd248 mode 1
Event: 21413,616 Thread 0x00007fbf14004000 DEOPT PACKING pc=0x00007fbf7dcf5141 sp=0x00007fbf1d7ddcf0
Event: 21413,616 Thread 0x00007fbf14004000 DEOPT UNPACKING pc=0x00007fbf7c89d62b sp=0x00007fbf1d7dd1c0 mode 1
Event: 21413,616 Thread 0x00007fbf14004000 DEOPT PACKING pc=0x00007fbf7dd6687c sp=0x00007fbf1d7ddd40
Event: 21413,616 Thread 0x00007fbf14004000 DEOPT UNPACKING pc=0x00007fbf7c89d62b sp=0x00007fbf1d7dd218 mode 1
Event: 21413,617 Thread 0x00007fbf14004000 DEOPT PACKING pc=0x00007fbf7dcf5141 sp=0x00007fbf1d7de3b0
Event: 21413,617 Thread 0x00007fbf14004000 DEOPT UNPACKING pc=0x00007fbf7c89d62b sp=0x00007fbf1d7dd880 mode 1
Event: 21413,617 Thread 0x00007fbf14004000 DEOPT PACKING pc=0x00007fbf7dd6687c sp=0x00007fbf1d7de400
Event: 21413,617 Thread 0x00007fbf14004000 DEOPT UNPACKING pc=0x00007fbf7c89d62b sp=0x00007fbf1d7dd8d8 mode 1
Event: 22493,091 Thread 0x00007fbf961b2800 Uncommon trap: trap_request=0xffffff4d fr.pc=0x00007fbf8488fb40 relative=0x0000000000000e00
Event: 22497,293 Thread 0x00007fbf961b2800 Uncommon trap: reason=unstable_if action=reinterpret pc=0x00007fbf8488fb40 method=sun.nio.ch.EPollSelectorImpl.doSelect(Ljava/util/function/Consumer;J)I @ 105 c2
Event: 22497,493 Thread 0x00007fbf961b2800 DEOPT PACKING pc=0x00007fbf8488fb40 sp=0x00007fbf1e1e7860
Event: 22497,493 Thread 0x00007fbf961b2800 DEOPT UNPACKING pc=0x00007fbf7c89ce9f sp=0x00007fbf1e1e7800 mode 2
Event: 22498,093 Thread 0x00007fbf961b2800 Uncommon trap: trap_request=0xffffff4d fr.pc=0x00007fbf8480791c relative=0x00000000000000fc
Event: 22498,093 Thread 0x00007fbf961b2800 Uncommon trap: reason=unstable_if action=reinterpret pc=0x00007fbf8480791c method=java.util.concurrent.TimeUnit.convert(JLjava/util/concurrent/TimeUnit;)J @ 8 c2
Event: 22498,093 Thread 0x00007fbf961b2800 DEOPT PACKING pc=0x00007fbf8480791c sp=0x00007fbf1e1e7780
Event: 22498,093 Thread 0x00007fbf961b2800 DEOPT UNPACKING pc=0x00007fbf7c89ce9f sp=0x00007fbf1e1e7770 mode 2

Classes redefined (0 events):
No events

Internal exceptions (20 events):
Event: 37,994 Thread 0x00007fbf9401a000 Exception <a 'java/lang/ClassNotFoundException'{0x00000000cbd33cf8}: com/br/example/prj/biblioteca/models/BookCustomizer> (0x00000000cbd33cf8) thrown at [src/hotspot/share/classfile/systemDictionary.cpp, line 231]
Event: 38,042 Thread 0x00007fbf9401a000 Exception <a 'java/lang/reflect/InvocationTargetException'{0x00000000cb992cd0}> (0x00000000cb992cd0) thrown at [src/hotspot/share/runtime/reflection.cpp, line 1245]
Event: 38,198 Thread 0x00007fbf9401a000 Exception <a 'java/lang/ClassNotFoundException'{0x00000000cb06c090}: java/lang/ObjectCustomizer> (0x00000000cb06c090) thrown at [src/hotspot/share/classfile/systemDictionary.cpp, line 231]
Event: 38,200 Thread 0x00007fbf9401a000 Exception <a 'java/lang/ClassNotFoundException'{0x00000000cb07fb48}: org/springframework/security/config/annotation/web/configuration/WebSecurityConfigurationCustomizer> (0x00000000cb07fb48) thrown at [src/hotspot/share/classfile/systemDictionary.cpp, line 231]
Event: 38,201 Thread 0x00007fbf9401a000 Exception <a 'java/lang/ClassNotFoundException'{0x00000000cb096e90}: org/springframework/context/annotation/ImportAwareCustomizer> (0x00000000cb096e90) thrown at [src/hotspot/share/classfile/systemDictionary.cpp, line 231]
Event: 38,202 Thread 0x00007fbf9401a000 Exception <a 'java/lang/ClassNotFoundException'{0x00000000cb0a2e98}: org/springframework/beans/factory/AwareCustomizer> (0x00000000cb0a2e98) thrown at [src/hotspot/share/classfile/systemDictionary.cpp, line 231]
Event: 38,202 Thread 0x00007fbf9401a000 Exception <a 'java/lang/ClassNotFoundException'{0x00000000cb0af9c0}: org/springframework/beans/factory/BeanClassLoaderAwareCustomizer> (0x00000000cb0af9c0) thrown at [src/hotspot/share/classfile/systemDictionary.cpp, line 231]
Event: 38,203 Thread 0x00007fbf9401a000 Exception <a 'java/lang/ClassNotFoundException'{0x00000000cb0bb9d8}: org/springframework/beans/factory/AwareCustomizer> (0x00000000cb0bb9d8) thrown at [src/hotspot/share/classfile/systemDictionary.cpp, line 231]
Event: 38,280 Thread 0x00007fbf9401a000 Implicit null exception at 0x00007fbf844c2e61 to 0x00007fbf844c36b4
Event: 38,834 Thread 0x00007fbf9401a000 Exception <a 'java/lang/IncompatibleClassChangeError'{0x00000000cbec3318}: Found class java.lang.Object, but interface was expected> (0x00000000cbec3318) thrown at [src/hotspot/share/interpreter/linkResolver.cpp, line 839]
Event: 38,942 Thread 0x00007fbf9401a000 Exception <a 'java/lang/ClassNotFoundException'{0x00000000cbac9020}: java/lang/ObjectCustomizer> (0x00000000cbac9020) thrown at [src/hotspot/share/classfile/systemDictionary.cpp, line 231]
Event: 38,943 Thread 0x00007fbf9401a000 Exception <a 'java/lang/ClassNotFoundException'{0x00000000cbadcae8}: org/springframework/security/config/annotation/web/configuration/HttpSecurityConfigurationCustomizer> (0x00000000cbadcae8) thrown at [src/hotspot/share/classfile/systemDictionary.cpp, line 231]
Event: 39,048 Thread 0x00007fbf9401a000 Exception <a 'java/lang/NoSuchMethodError'{0x00000000cb531fb0}: 'void java.lang.invoke.DirectMethodHandle$Holder.invokeVirtual(java.lang.Object, java.lang.Object, int)'> (0x00000000cb531fb0) thrown at [src/hotspot/share/interpreter/linkResolver.cpp, line 772]
Event: 39,052 Thread 0x00007fbf9401a000 Exception <a 'java/lang/NoSuchMethodError'{0x00000000cb54bdb0}: 'void java.lang.invoke.DirectMethodHandle$Holder.invokeVirtual(java.lang.Object, java.lang.Object, long)'> (0x00000000cb54bdb0) thrown at [src/hotspot/share/interpreter/linkResolver.cpp, line 772]
Event: 39,449 Thread 0x00007fbf9401a000 Exception <a 'java/lang/NoSuchMethodError'{0x00000000ca4a6408}: 'java.lang.Object java.lang.invoke.DirectMethodHandle$Holder.invokeSpecial(java.lang.Object, java.lang.Object, int, java.lang.Object, int, java.lang.Object)'> (0x00000000ca4a6408) thrown at [src/hotspot/share/interpreter/linkResolver.cpp, line 772]
Event: 39,450 Thread 0x00007fbf9401a000 Exception <a 'java/lang/NoSuchMethodError'{0x00000000ca4ad8f0}: 'java.lang.Object java.lang.invoke.DirectMethodHandle$Holder.invokeStatic(java.lang.Object, java.lang.Object, int, java.lang.Object, int)'> (0x00000000ca4ad8f0) thrown at [src/hotspot/share/interpreter/linkResolver.cpp, line 772]
Event: 39,450 Thread 0x00007fbf9401a000 Exception <a 'java/lang/NoSuchMethodError'{0x00000000ca4b10d0}: 'java.lang.Object java.lang.invoke.DirectMethodHandle$Holder.invokeSpecial(java.lang.Object, java.lang.Object, java.lang.Object, int, java.lang.Object, int)'> (0x00000000ca4b10d0) thrown at [src/hotspot/share/interpreter/linkResolver.cpp, line 772]
Event: 39,452 Thread 0x00007fbf9401a000 Exception <a 'java/lang/NoSuchMethodError'{0x00000000ca4c1820}: 'void java.lang.invoke.DirectMethodHandle$Holder.invokeVirtual(java.lang.Object, java.lang.Object)'> (0x00000000ca4c1820) thrown at [src/hotspot/share/interpreter/linkResolver.cpp, line 772]
Event: 80,159 Thread 0x00007fbf04004800 Exception <a 'java/lang/ClassNotFoundException'{0x00000000cbcf6808}: java/lang/ObjectCustomizer> (0x00000000cbcf6808) thrown at [src/hotspot/share/classfile/systemDictionary.cpp, line 231]
Event: 80,161 Thread 0x00007fbf04004800 Exception <a 'java/lang/ClassNotFoundException'{0x00000000cbb09678}: com/br/example/prj/biblioteca/models/BookCustomizer> (0x00000000cbb09678) thrown at [src/hotspot/share/classfile/systemDictionary.cpp, line 231]

Events (20 events):
Event: 21413,582 Executing VM operation: RevokeBias done
Event: 21413,582 Executing VM operation: RevokeBias
Event: 21413,582 Executing VM operation: RevokeBias done
Event: 21413,586 Executing VM operation: RevokeBias
Event: 21413,586 Executing VM operation: RevokeBias done
Event: 21413,591 Executing VM operation: BulkRevokeBias
Event: 21413,591 Executing VM operation: BulkRevokeBias done
Event: 21413,592 Executing VM operation: RevokeBias
Event: 21413,603 Executing VM operation: RevokeBias done
Event: 21413,603 Executing VM operation: RevokeBias
Event: 21413,603 Executing VM operation: RevokeBias done
Event: 21413,604 Executing VM operation: RevokeBias
Event: 21413,605 Executing VM operation: RevokeBias done
Event: 21418,605 Executing VM operation: RevokeBias
Event: 21418,606 Executing VM operation: RevokeBias done
Event: 21418,606 Thread 0x00007fbf14005000 Thread exited: 0x00007fbf14005000
Event: 21418,624 Executing VM operation: RevokeBias
Event: 21418,624 Executing VM operation: RevokeBias done
Event: 21418,624 Thread 0x00007fbf14004000 Thread exited: 0x00007fbf14004000
Event: 23018,708 loading class jdk/internal/misc/Signal$1


Dynamic libraries:
c5a00000-cc400000 rw-p 00000000 00:00 0 
cc400000-ffe00000 ---p 00000000 00:00 0 
ffe00000-ffe47000 rw-p 01114000 08:06 6819997                            /usr/lib/jvm/java-11-openjdk-amd64/lib/server/classes.jsa
ffe47000-fff00000 rw-p 00000000 00:00 0 
fff00000-fff6b000 rw-p 010a9000 08:06 6819997                            /usr/lib/jvm/java-11-openjdk-amd64/lib/server/classes.jsa
fff6b000-100000000 rw-p 00000000 00:00 0 
800000000-800002000 rwxp 00001000 08:06 6819997                          /usr/lib/jvm/java-11-openjdk-amd64/lib/server/classes.jsa
800002000-8010a8000 rw-p 00003000 08:06 6819997                          /usr/lib/jvm/java-11-openjdk-amd64/lib/server/classes.jsa
840000000-8408c0000 rw-p 00000000 00:00 0 
8408c0000-880000000 ---p 00000000 00:00 0 
55b866f65000-55b866f66000 r--p 00000000 08:06 6819645                    /usr/lib/jvm/java-11-openjdk-amd64/bin/java
55b866f66000-55b866f67000 r-xp 00001000 08:06 6819645                    /usr/lib/jvm/java-11-openjdk-amd64/bin/java
55b866f67000-55b866f68000 r--p 00002000 08:06 6819645                    /usr/lib/jvm/java-11-openjdk-amd64/bin/java
55b866f68000-55b866f69000 r--p 00002000 08:06 6819645                    /usr/lib/jvm/java-11-openjdk-amd64/bin/java
55b866f69000-55b866f6a000 rw-p 00003000 08:06 6819645                    /usr/lib/jvm/java-11-openjdk-amd64/bin/java
55b8686d5000-55b868e3c000 rw-p 00000000 00:00 0                          [heap]
7fbef4000000-7fbef41c6000 rw-p 00000000 00:00 0 
7fbef41c6000-7fbef8000000 ---p 00000000 00:00 0 
7fbefc000000-7fbefd634000 rw-p 00000000 00:00 0 
7fbefd634000-7fbf00000000 ---p 00000000 00:00 0 
7fbf00000000-7fbf00030000 rw-p 00000000 00:00 0 
7fbf00030000-7fbf04000000 ---p 00000000 00:00 0 
7fbf04000000-7fbf0404a000 rw-p 00000000 00:00 0 
7fbf0404a000-7fbf08000000 ---p 00000000 00:00 0 
7fbf08000000-7fbf08036000 rw-p 00000000 00:00 0 
7fbf08036000-7fbf0c000000 ---p 00000000 00:00 0 
7fbf0c000000-7fbf0c03c000 rw-p 00000000 00:00 0 
7fbf0c03c000-7fbf10000000 ---p 00000000 00:00 0 
7fbf10000000-7fbf1003d000 rw-p 00000000 00:00 0 
7fbf1003d000-7fbf14000000 ---p 00000000 00:00 0 
7fbf14000000-7fbf14031000 rw-p 00000000 00:00 0 
7fbf14031000-7fbf18000000 ---p 00000000 00:00 0 
7fbf18000000-7fbf18068000 rw-p 00000000 00:00 0 
7fbf18068000-7fbf1c000000 ---p 00000000 00:00 0 
7fbf1d3df000-7fbf1d49f000 rw-p 00000000 00:00 0 
7fbf1d49f000-7fbf1d5e3000 ---p 00000000 00:00 0 
7fbf1d5e3000-7fbf1d6e0000 rw-p 00000000 00:00 0 
7fbf1d6e0000-7fbf1d6e4000 ---p 00000000 00:00 0 
7fbf1d6e4000-7fbf1d7e1000 rw-p 00000000 00:00 0 
7fbf1d7e1000-7fbf1d7e5000 ---p 00000000 00:00 0 
7fbf1d7e5000-7fbf1d8e2000 rw-p 00000000 00:00 0 
7fbf1d8e2000-7fbf1d8e6000 ---p 00000000 00:00 0 
7fbf1d8e6000-7fbf1d9e3000 rw-p 00000000 00:00 0 
7fbf1d9e3000-7fbf1d9e7000 ---p 00000000 00:00 0 
7fbf1d9e7000-7fbf1dae4000 rw-p 00000000 00:00 0 
7fbf1dae4000-7fbf1dae8000 ---p 00000000 00:00 0 
7fbf1dae8000-7fbf1dde5000 rw-p 00000000 00:00 0 
7fbf1dde5000-7fbf1dde9000 ---p 00000000 00:00 0 
7fbf1dde9000-7fbf1dee6000 rw-p 00000000 00:00 0 
7fbf1dee6000-7fbf1deea000 ---p 00000000 00:00 0 
7fbf1deea000-7fbf1dfe7000 rw-p 00000000 00:00 0 
7fbf1dfe7000-7fbf1dfeb000 ---p 00000000 00:00 0 
7fbf1dfeb000-7fbf1e0e8000 rw-p 00000000 00:00 0 
7fbf1e0e8000-7fbf1e0ec000 ---p 00000000 00:00 0 
7fbf1e0ec000-7fbf1e3e9000 rw-p 00000000 00:00 0 
7fbf1e3e9000-7fbf1e5e9000 rw-p 00000000 00:00 0 
7fbf1e5e9000-7fbf1e5ed000 ---p 00000000 00:00 0 
7fbf1e5ed000-7fbf1e8ea000 rw-p 00000000 00:00 0 
7fbf1e8ea000-7fbf1eaea000 rw-p 00000000 00:00 0 
7fbf1eaea000-7fbf1ecea000 rw-p 00000000 00:00 0 
7fbf1ecea000-7fbf1eeea000 rw-p 00000000 00:00 0 
7fbf1eeea000-7fbf1f0ea000 rw-p 00000000 00:00 0 
7fbf1f0ea000-7fbf1f2ea000 rw-p 00000000 00:00 0 
7fbf1f2ea000-7fbf1f4ea000 rw-p 00000000 00:00 0 
7fbf1f4ea000-7fbf1f6ea000 rw-p 00000000 00:00 0 
7fbf1f6ea000-7fbf1f8ea000 rw-p 00000000 00:00 0 
7fbf1f8ea000-7fbf1faea000 rw-p 00000000 00:00 0 
7fbf1faea000-7fbf1fcea000 rw-p 00000000 00:00 0 
7fbf1fcff000-7fbf1fd03000 ---p 00000000 00:00 0 
7fbf1fd03000-7fbf20000000 rw-p 00000000 00:00 0 
7fbf20000000-7fbf2023f000 rw-p 00000000 00:00 0 
7fbf2023f000-7fbf24000000 ---p 00000000 00:00 0 
7fbf24000000-7fbf24021000 rw-p 00000000 00:00 0 
7fbf24021000-7fbf28000000 ---p 00000000 00:00 0 
7fbf28000000-7fbf28047000 rw-p 00000000 00:00 0 
7fbf28047000-7fbf2c000000 ---p 00000000 00:00 0 
7fbf2c000000-7fbf2eead000 rw-p 00000000 00:00 0 
7fbf2eead000-7fbf30000000 ---p 00000000 00:00 0 
7fbf30000000-7fbf30021000 rw-p 00000000 00:00 0 
7fbf30021000-7fbf34000000 ---p 00000000 00:00 0 
7fbf34000000-7fbf34021000 rw-p 00000000 00:00 0 
7fbf34021000-7fbf38000000 ---p 00000000 00:00 0 
7fbf38000000-7fbf38021000 rw-p 00000000 00:00 0 
7fbf38021000-7fbf3c000000 ---p 00000000 00:00 0 
7fbf3c000000-7fbf3c021000 rw-p 00000000 00:00 0 
7fbf3c021000-7fbf40000000 ---p 00000000 00:00 0 
7fbf40000000-7fbf40021000 rw-p 00000000 00:00 0 
7fbf40021000-7fbf44000000 ---p 00000000 00:00 0 
7fbf44000000-7fbf44021000 rw-p 00000000 00:00 0 
7fbf44021000-7fbf48000000 ---p 00000000 00:00 0 
7fbf48000000-7fbf4bffb000 rw-p 00000000 00:00 0 
7fbf4bffb000-7fbf4c000000 ---p 00000000 00:00 0 
7fbf4c000000-7fbf4cdc1000 rw-p 00000000 00:00 0 
7fbf4cdc1000-7fbf50000000 ---p 00000000 00:00 0 
7fbf50000000-7fbf50021000 rw-p 00000000 00:00 0 
7fbf50021000-7fbf54000000 ---p 00000000 00:00 0 
7fbf54000000-7fbf54021000 rw-p 00000000 00:00 0 
7fbf54021000-7fbf58000000 ---p 00000000 00:00 0 
7fbf58000000-7fbf58021000 rw-p 00000000 00:00 0 
7fbf58021000-7fbf5c000000 ---p 00000000 00:00 0 
7fbf5c000000-7fbf5c023000 rw-p 00000000 00:00 0 
7fbf5c023000-7fbf60000000 ---p 00000000 00:00 0 
7fbf60000000-7fbf60021000 rw-p 00000000 00:00 0 
7fbf60021000-7fbf64000000 ---p 00000000 00:00 0 
7fbf64000000-7fbf64172000 rw-p 00000000 00:00 0 
7fbf64172000-7fbf68000000 ---p 00000000 00:00 0 
7fbf68000000-7fbf68021000 rw-p 00000000 00:00 0 
7fbf68021000-7fbf6c000000 ---p 00000000 00:00 0 
7fbf6c061000-7fbf6c261000 rw-p 00000000 00:00 0 
7fbf6c273000-7fbf6c473000 rw-p 00000000 00:00 0 
7fbf6c473000-7fbf6c673000 rw-p 00000000 00:00 0 
7fbf6c673000-7fbf6c873000 rw-p 00000000 00:00 0 
7fbf6c873000-7fbf6ca73000 rw-p 00000000 00:00 0 
7fbf6ca73000-7fbf6cc73000 rw-p 00000000 00:00 0 
7fbf6cc73000-7fbf6ce73000 rw-p 00000000 00:00 0 
7fbf6ce73000-7fbf6d073000 rw-p 00000000 00:00 0 
7fbf6d073000-7fbf6d273000 rw-p 00000000 00:00 0 
7fbf6d2ef000-7fbf6d2f3000 ---p 00000000 00:00 0 
7fbf6d2f3000-7fbf6d3f0000 rw-p 00000000 00:00 0 
7fbf6d3f0000-7fbf6d3f1000 ---p 00000000 00:00 0 
7fbf6d3f1000-7fbf6d4f2000 rw-p 00000000 00:00 0 
7fbf6d4f2000-7fbf6d4f3000 ---p 00000000 00:00 0 
7fbf6d4f3000-7fbf6d5f4000 rw-p 00000000 00:00 0 
7fbf6d5f4000-7fbf6d5f8000 ---p 00000000 00:00 0 
7fbf6d5f8000-7fbf6d6f5000 rw-p 00000000 00:00 0 
7fbf6d6f5000-7fbf6d6f9000 ---p 00000000 00:00 0 
7fbf6d6f9000-7fbf6d7f6000 rw-p 00000000 00:00 0 
7fbf6d7f6000-7fbf6d7f7000 ---p 00000000 00:00 0 
7fbf6d7f7000-7fbf6d8f8000 rw-p 00000000 00:00 0 
7fbf6d8f8000-7fbf6d8f9000 ---p 00000000 00:00 0 
7fbf6d8f9000-7fbf6d9fa000 rw-p 00000000 00:00 0 
7fbf6d9fa000-7fbf6d9fe000 ---p 00000000 00:00 0 
7fbf6d9fe000-7fbf6dafb000 rw-p 00000000 00:00 0 
7fbf6dafb000-7fbf6daff000 ---p 00000000 00:00 0 
7fbf6daff000-7fbf6dbfc000 rw-p 00000000 00:00 0 
7fbf6dbfc000-7fbf6dc00000 ---p 00000000 00:00 0 
7fbf6dc00000-7fbf6dcfd000 rw-p 00000000 00:00 0 
7fbf6dcfd000-7fbf6dd01000 ---p 00000000 00:00 0 
7fbf6dd01000-7fbf6ddfe000 rw-p 00000000 00:00 0 
7fbf6ddfe000-7fbf6de02000 ---p 00000000 00:00 0 
7fbf6de02000-7fbf6deff000 rw-p 00000000 00:00 0 
7fbf6deff000-7fbf6df03000 ---p 00000000 00:00 0 
7fbf6df03000-7fbf70000000 rw-p 00000000 00:00 0 
7fbf70000000-7fbf70021000 rw-p 00000000 00:00 0 
7fbf70021000-7fbf74000000 ---p 00000000 00:00 0 
7fbf74000000-7fbf74033000 rw-p 00000000 00:00 0 
7fbf74033000-7fbf78000000 ---p 00000000 00:00 0 
7fbf78000000-7fbf78029000 rw-p 00000000 00:00 0 
7fbf78029000-7fbf7c000000 ---p 00000000 00:00 0 
7fbf7c0ad000-7fbf7c0b5000 r--p 00000000 08:06 6819726                    /usr/lib/jvm/java-11-openjdk-amd64/lib/libsunec.so
7fbf7c0b5000-7fbf7c0ce000 r-xp 00008000 08:06 6819726                    /usr/lib/jvm/java-11-openjdk-amd64/lib/libsunec.so
7fbf7c0ce000-7fbf7c0d8000 r--p 00021000 08:06 6819726                    /usr/lib/jvm/java-11-openjdk-amd64/lib/libsunec.so
7fbf7c0d8000-7fbf7c0d9000 ---p 0002b000 08:06 6819726                    /usr/lib/jvm/java-11-openjdk-amd64/lib/libsunec.so
7fbf7c0d9000-7fbf7c0dd000 r--p 0002b000 08:06 6819726                    /usr/lib/jvm/java-11-openjdk-amd64/lib/libsunec.so
7fbf7c0dd000-7fbf7c0df000 rw-p 0002f000 08:06 6819726                    /usr/lib/jvm/java-11-openjdk-amd64/lib/libsunec.so
7fbf7c0df000-7fbf7c0e3000 ---p 00000000 00:00 0 
7fbf7c0e3000-7fbf7c1e0000 rw-p 00000000 00:00 0 
7fbf7c1e0000-7fbf7c1e4000 ---p 00000000 00:00 0 
7fbf7c1e4000-7fbf7c2e1000 rw-p 00000000 00:00 0 
7fbf7c2e1000-7fbf7c853000 r--p 00000000 08:06 6691689                    /usr/lib/locale/locale-archive
7fbf7c853000-7fbf7cac3000 rwxp 00000000 00:00 0 
7fbf7cac3000-7fbf7cde3000 ---p 00000000 00:00 0 
7fbf7cde3000-7fbf7de93000 rwxp 00000000 00:00 0 
7fbf7de93000-7fbf8431b000 ---p 00000000 00:00 0 
7fbf8431b000-7fbf8492b000 rwxp 00000000 00:00 0 
7fbf8492b000-7fbf8b853000 ---p 00000000 00:00 0 
7fbf94000000-7fbf961c4000 rw-p 00000000 00:00 0 
7fbf961c4000-7fbf98000000 ---p 00000000 00:00 0 
7fbf9801b000-7fbf9801c000 r--p 00000000 08:06 6819702                    /usr/lib/jvm/java-11-openjdk-amd64/lib/libextnet.so
7fbf9801c000-7fbf9801d000 r-xp 00001000 08:06 6819702                    /usr/lib/jvm/java-11-openjdk-amd64/lib/libextnet.so
7fbf9801d000-7fbf9801e000 r--p 00002000 08:06 6819702                    /usr/lib/jvm/java-11-openjdk-amd64/lib/libextnet.so
7fbf9801e000-7fbf9801f000 r--p 00002000 08:06 6819702                    /usr/lib/jvm/java-11-openjdk-amd64/lib/libextnet.so
7fbf9801f000-7fbf98020000 rw-p 00003000 08:06 6819702                    /usr/lib/jvm/java-11-openjdk-amd64/lib/libextnet.so
7fbf98020000-7fbf98022000 r--p 00000000 08:06 6819718                    /usr/lib/jvm/java-11-openjdk-amd64/lib/libmanagement_ext.so
7fbf98022000-7fbf98025000 r-xp 00002000 08:06 6819718                    /usr/lib/jvm/java-11-openjdk-amd64/lib/libmanagement_ext.so
7fbf98025000-7fbf98027000 r--p 00005000 08:06 6819718                    /usr/lib/jvm/java-11-openjdk-amd64/lib/libmanagement_ext.so
7fbf98027000-7fbf98028000 r--p 00006000 08:06 6819718                    /usr/lib/jvm/java-11-openjdk-amd64/lib/libmanagement_ext.so
7fbf98028000-7fbf98029000 rw-p 00007000 08:06 6819718                    /usr/lib/jvm/java-11-openjdk-amd64/lib/libmanagement_ext.so
7fbf98029000-7fbf9802c000 r--p 00000000 08:06 6819716                    /usr/lib/jvm/java-11-openjdk-amd64/lib/libmanagement.so
7fbf9802c000-7fbf9802d000 r-xp 00003000 08:06 6819716                    /usr/lib/jvm/java-11-openjdk-amd64/lib/libmanagement.so
7fbf9802d000-7fbf9802e000 r--p 00004000 08:06 6819716                    /usr/lib/jvm/java-11-openjdk-amd64/lib/libmanagement.so
7fbf9802e000-7fbf9802f000 r--p 00004000 08:06 6819716                    /usr/lib/jvm/java-11-openjdk-amd64/lib/libmanagement.so
7fbf9802f000-7fbf98030000 rw-p 00005000 08:06 6819716                    /usr/lib/jvm/java-11-openjdk-amd64/lib/libmanagement.so
7fbf98030000-7fbf98056000 r--p 00000000 08:06 7739987                    /usr/share/locale-langpack/pt_BR/LC_MESSAGES/libc.mo
7fbf98056000-7fbf9805a000 r--p 00000000 08:06 6819720                    /usr/lib/jvm/java-11-openjdk-amd64/lib/libnet.so
7fbf9805a000-7fbf98069000 r-xp 00004000 08:06 6819720                    /usr/lib/jvm/java-11-openjdk-amd64/lib/libnet.so
7fbf98069000-7fbf9806d000 r--p 00013000 08:06 6819720                    /usr/lib/jvm/java-11-openjdk-amd64/lib/libnet.so
7fbf9806d000-7fbf9806e000 r--p 00016000 08:06 6819720                    /usr/lib/jvm/java-11-openjdk-amd64/lib/libnet.so
7fbf9806e000-7fbf9806f000 rw-p 00017000 08:06 6819720                    /usr/lib/jvm/java-11-openjdk-amd64/lib/libnet.so
7fbf9806f000-7fbf98076000 r--p 00000000 08:06 6819721                    /usr/lib/jvm/java-11-openjdk-amd64/lib/libnio.so
7fbf98076000-7fbf9807e000 r-xp 00007000 08:06 6819721                    /usr/lib/jvm/java-11-openjdk-amd64/lib/libnio.so
7fbf9807e000-7fbf98081000 r--p 0000f000 08:06 6819721                    /usr/lib/jvm/java-11-openjdk-amd64/lib/libnio.so
7fbf98081000-7fbf98082000 r--p 00011000 08:06 6819721                    /usr/lib/jvm/java-11-openjdk-amd64/lib/libnio.so
7fbf98082000-7fbf98083000 rw-p 00012000 08:06 6819721                    /usr/lib/jvm/java-11-openjdk-amd64/lib/libnio.so
7fbf98083000-7fbf98085000 r--p 00000000 08:06 6819701                    /usr/lib/jvm/java-11-openjdk-amd64/lib/libdt_socket.so
7fbf98085000-7fbf98088000 r-xp 00002000 08:06 6819701                    /usr/lib/jvm/java-11-openjdk-amd64/lib/libdt_socket.so
7fbf98088000-7fbf98089000 r--p 00005000 08:06 6819701                    /usr/lib/jvm/java-11-openjdk-amd64/lib/libdt_socket.so
7fbf98089000-7fbf9808a000 ---p 00006000 08:06 6819701                    /usr/lib/jvm/java-11-openjdk-amd64/lib/libdt_socket.so
7fbf9808a000-7fbf9808b000 r--p 00006000 08:06 6819701                    /usr/lib/jvm/java-11-openjdk-amd64/lib/libdt_socket.so
7fbf9808b000-7fbf9808c000 rw-p 00007000 08:06 6819701                    /usr/lib/jvm/java-11-openjdk-amd64/lib/libdt_socket.so
7fbf9808c000-7fbf98093000 r--s 00000000 08:06 7348067                    /usr/lib/x86_64-linux-gnu/gconv/gconv-modules.cache
7fbf98093000-7fbf98097000 ---p 00000000 00:00 0 
7fbf98097000-7fbf98194000 rw-p 00000000 00:00 0 
7fbf98194000-7fbf98198000 ---p 00000000 00:00 0 
7fbf98198000-7fbf98295000 rw-p 00000000 00:00 0 
7fbf98295000-7fbf98299000 ---p 00000000 00:00 0 
7fbf98299000-7fbf98396000 rw-p 00000000 00:00 0 
7fbf98396000-7fbf98397000 ---p 00000000 00:00 0 
7fbf98397000-7fbf98d74000 rw-p 00000000 00:00 0 
7fbf98d74000-7fbf98d75000 ---p 00000000 00:00 0 
7fbf98d75000-7fbf98e76000 rw-p 00000000 00:00 0 
7fbf98e76000-7fbf98e77000 ---p 00000000 00:00 0 
7fbf98e77000-7fbf9937c000 rw-p 00000000 00:00 0 
7fbf9937c000-7fbf9937d000 ---p 00000000 00:00 0 
7fbf9937d000-7fbf9947e000 rw-p 00000000 00:00 0 
7fbf9947e000-7fbf9947f000 ---p 00000000 00:00 0 
7fbf9947f000-7fbf99748000 rw-p 00000000 00:00 0 
7fbf99748000-7fbf9a430000 ---p 00000000 00:00 0 
7fbf9a430000-7fbf9a5e0000 rw-p 00000000 00:00 0 
7fbf9a5e0000-7fbf9b2c8000 ---p 00000000 00:00 0 
7fbf9b2c8000-7fbf9b305000 rw-p 00000000 00:00 0 
7fbf9b305000-7fbf9b4a2000 ---p 00000000 00:00 0 
7fbf9b4a2000-7fbf9b4d8000 rw-p 00000000 00:00 0 
7fbf9b4d8000-7fbf9b675000 ---p 00000000 00:00 0 
7fbf9b675000-7fbf9b6ab000 rw-p 00000000 00:00 0 
7fbf9b6ab000-7fbf9b848000 ---p 00000000 00:00 0 
7fbf9b848000-7fbf9bc4d000 rw-p 00000000 00:00 0 
7fbf9bc4d000-7fbf9bc4e000 ---p 00000000 00:00 0 
7fbf9bc4e000-7fbf9bd5c000 rw-p 00000000 00:00 0 
7fbf9bd5c000-7fbf9be3a000 ---p 00000000 00:00 0 
7fbf9be3a000-7fbf9be5c000 rw-p 00000000 00:00 0 
7fbf9be5c000-7fbf9bf25000 ---p 00000000 00:00 0 
7fbf9bf25000-7fbf9bf2a000 rw-p 00000000 00:00 0 
7fbf9bf2a000-7fbf9bf31000 ---p 00000000 00:00 0 
7fbf9bf31000-7fbf9bf34000 r--p 00000000 08:06 6688645                    /usr/lib/x86_64-linux-gnu/libnss_files-2.31.so
7fbf9bf34000-7fbf9bf3b000 r-xp 00003000 08:06 6688645                    /usr/lib/x86_64-linux-gnu/libnss_files-2.31.so
7fbf9bf3b000-7fbf9bf3d000 r--p 0000a000 08:06 6688645                    /usr/lib/x86_64-linux-gnu/libnss_files-2.31.so
7fbf9bf3d000-7fbf9bf3e000 r--p 0000b000 08:06 6688645                    /usr/lib/x86_64-linux-gnu/libnss_files-2.31.so
7fbf9bf3e000-7fbf9bf3f000 rw-p 0000c000 08:06 6688645                    /usr/lib/x86_64-linux-gnu/libnss_files-2.31.so
7fbf9bf3f000-7fbf9bf45000 rw-p 00000000 00:00 0 
7fbf9bf47000-7fbf9bf49000 r--p 00000000 08:06 6819729                    /usr/lib/jvm/java-11-openjdk-amd64/lib/libzip.so
7fbf9bf49000-7fbf9bf4d000 r-xp 00002000 08:06 6819729                    /usr/lib/jvm/java-11-openjdk-amd64/lib/libzip.so
7fbf9bf4d000-7fbf9bf4f000 r--p 00006000 08:06 6819729                    /usr/lib/jvm/java-11-openjdk-amd64/lib/libzip.so
7fbf9bf4f000-7fbf9bf50000 r--p 00007000 08:06 6819729                    /usr/lib/jvm/java-11-openjdk-amd64/lib/libzip.so
7fbf9bf50000-7fbf9bf51000 rw-p 00008000 08:06 6819729                    /usr/lib/jvm/java-11-openjdk-amd64/lib/libzip.so
7fbf9bf51000-7fbf9bf59000 rw-s 00000000 08:06 5900296                    /tmp/hsperfdata_gabriel/21089
7fbf9bf59000-7fbf9bf5b000 r--p 00000000 08:06 6819704                    /usr/lib/jvm/java-11-openjdk-amd64/lib/libinstrument.so
7fbf9bf5b000-7fbf9bf61000 r-xp 00002000 08:06 6819704                    /usr/lib/jvm/java-11-openjdk-amd64/lib/libinstrument.so
7fbf9bf61000-7fbf9bf64000 r--p 00008000 08:06 6819704                    /usr/lib/jvm/java-11-openjdk-amd64/lib/libinstrument.so
7fbf9bf64000-7fbf9bf65000 r--p 0000a000 08:06 6819704                    /usr/lib/jvm/java-11-openjdk-amd64/lib/libinstrument.so
7fbf9bf65000-7fbf9bf66000 rw-p 0000b000 08:06 6819704                    /usr/lib/jvm/java-11-openjdk-amd64/lib/libinstrument.so
7fbf9bf66000-7fbf9bf68000 r--p 00000000 08:06 6819711                    /usr/lib/jvm/java-11-openjdk-amd64/lib/libjdwp.so
7fbf9bf68000-7fbf9bf94000 r-xp 00002000 08:06 6819711                    /usr/lib/jvm/java-11-openjdk-amd64/lib/libjdwp.so
7fbf9bf94000-7fbf9bfa2000 r--p 0002e000 08:06 6819711                    /usr/lib/jvm/java-11-openjdk-amd64/lib/libjdwp.so
7fbf9bfa2000-7fbf9bfa3000 r--p 0003b000 08:06 6819711                    /usr/lib/jvm/java-11-openjdk-amd64/lib/libjdwp.so
7fbf9bfa3000-7fbf9bfa4000 rw-p 0003c000 08:06 6819711                    /usr/lib/jvm/java-11-openjdk-amd64/lib/libjdwp.so
7fbf9bfa4000-7fbf9bfa6000 r--p 00000000 08:06 6819712                    /usr/lib/jvm/java-11-openjdk-amd64/lib/libjimage.so
7fbf9bfa6000-7fbf9bfa9000 r-xp 00002000 08:06 6819712                    /usr/lib/jvm/java-11-openjdk-amd64/lib/libjimage.so
7fbf9bfa9000-7fbf9bfaa000 r--p 00005000 08:06 6819712                    /usr/lib/jvm/java-11-openjdk-amd64/lib/libjimage.so
7fbf9bfaa000-7fbf9bfab000 ---p 00006000 08:06 6819712                    /usr/lib/jvm/java-11-openjdk-amd64/lib/libjimage.so
7fbf9bfab000-7fbf9bfac000 r--p 00006000 08:06 6819712                    /usr/lib/jvm/java-11-openjdk-amd64/lib/libjimage.so
7fbf9bfac000-7fbf9bfad000 rw-p 00007000 08:06 6819712                    /usr/lib/jvm/java-11-openjdk-amd64/lib/libjimage.so
7fbf9bfad000-7fbf9bfbb000 r--p 00000000 08:06 6819709                    /usr/lib/jvm/java-11-openjdk-amd64/lib/libjava.so
7fbf9bfbb000-7fbf9bfd1000 r-xp 0000e000 08:06 6819709                    /usr/lib/jvm/java-11-openjdk-amd64/lib/libjava.so
7fbf9bfd1000-7fbf9bfd8000 r--p 00024000 08:06 6819709                    /usr/lib/jvm/java-11-openjdk-amd64/lib/libjava.so
7fbf9bfd8000-7fbf9bfd9000 r--p 0002a000 08:06 6819709                    /usr/lib/jvm/java-11-openjdk-amd64/lib/libjava.so
7fbf9bfd9000-7fbf9bfda000 rw-p 0002b000 08:06 6819709                    /usr/lib/jvm/java-11-openjdk-amd64/lib/libjava.so
7fbf9bfda000-7fbf9bfdb000 rw-p 00000000 00:00 0 
7fbf9bfdb000-7fbf9bfde000 r--p 00000000 08:06 6688652                    /usr/lib/x86_64-linux-gnu/librt-2.31.so
7fbf9bfde000-7fbf9bfe2000 r-xp 00003000 08:06 6688652                    /usr/lib/x86_64-linux-gnu/librt-2.31.so
7fbf9bfe2000-7fbf9bfe3000 r--p 00007000 08:06 6688652                    /usr/lib/x86_64-linux-gnu/librt-2.31.so
7fbf9bfe3000-7fbf9bfe4000 ---p 00008000 08:06 6688652                    /usr/lib/x86_64-linux-gnu/librt-2.31.so
7fbf9bfe4000-7fbf9bfe5000 r--p 00008000 08:06 6688652                    /usr/lib/x86_64-linux-gnu/librt-2.31.so
7fbf9bfe5000-7fbf9bfe6000 rw-p 00009000 08:06 6688652                    /usr/lib/x86_64-linux-gnu/librt-2.31.so
7fbf9bfe6000-7fbf9bfea000 ---p 00000000 00:00 0 
7fbf9bfea000-7fbf9c0e7000 rw-p 00000000 00:00 0 
7fbf9c0e7000-7fbf9c0ea000 r--p 00000000 08:06 6692391                    /usr/lib/x86_64-linux-gnu/libgcc_s.so.1
7fbf9c0ea000-7fbf9c0fc000 r-xp 00003000 08:06 6692391                    /usr/lib/x86_64-linux-gnu/libgcc_s.so.1
7fbf9c0fc000-7fbf9c100000 r--p 00015000 08:06 6692391                    /usr/lib/x86_64-linux-gnu/libgcc_s.so.1
7fbf9c100000-7fbf9c101000 r--p 00018000 08:06 6692391                    /usr/lib/x86_64-linux-gnu/libgcc_s.so.1
7fbf9c101000-7fbf9c102000 rw-p 00019000 08:06 6692391                    /usr/lib/x86_64-linux-gnu/libgcc_s.so.1
7fbf9c102000-7fbf9c111000 r--p 00000000 08:06 6688639                    /usr/lib/x86_64-linux-gnu/libm-2.31.so
7fbf9c111000-7fbf9c1b8000 r-xp 0000f000 08:06 6688639                    /usr/lib/x86_64-linux-gnu/libm-2.31.so
7fbf9c1b8000-7fbf9c24f000 r--p 000b6000 08:06 6688639                    /usr/lib/x86_64-linux-gnu/libm-2.31.so
7fbf9c24f000-7fbf9c250000 r--p 0014c000 08:06 6688639                    /usr/lib/x86_64-linux-gnu/libm-2.31.so
7fbf9c250000-7fbf9c251000 rw-p 0014d000 08:06 6688639                    /usr/lib/x86_64-linux-gnu/libm-2.31.so
7fbf9c251000-7fbf9c2e7000 r--p 00000000 08:06 6693207                    /usr/lib/x86_64-linux-gnu/libstdc++.so.6.0.28
7fbf9c2e7000-7fbf9c3d7000 r-xp 00096000 08:06 6693207                    /usr/lib/x86_64-linux-gnu/libstdc++.so.6.0.28
7fbf9c3d7000-7fbf9c420000 r--p 00186000 08:06 6693207                    /usr/lib/x86_64-linux-gnu/libstdc++.so.6.0.28
7fbf9c420000-7fbf9c421000 ---p 001cf000 08:06 6693207                    /usr/lib/x86_64-linux-gnu/libstdc++.so.6.0.28
7fbf9c421000-7fbf9c42c000 r--p 001cf000 08:06 6693207                    /usr/lib/x86_64-linux-gnu/libstdc++.so.6.0.28
7fbf9c42c000-7fbf9c42f000 rw-p 001da000 08:06 6693207                    /usr/lib/x86_64-linux-gnu/libstdc++.so.6.0.28
7fbf9c42f000-7fbf9c432000 rw-p 00000000 00:00 0 
7fbf9c432000-7fbf9c6b3000 r--p 00000000 08:06 6819733                    /usr/lib/jvm/java-11-openjdk-amd64/lib/server/libjvm.so
7fbf9c6b3000-7fbf9d333000 r-xp 00281000 08:06 6819733                    /usr/lib/jvm/java-11-openjdk-amd64/lib/server/libjvm.so
7fbf9d333000-7fbf9d58e000 r--p 00f01000 08:06 6819733                    /usr/lib/jvm/java-11-openjdk-amd64/lib/server/libjvm.so
7fbf9d58e000-7fbf9d652000 r--p 0115b000 08:06 6819733                    /usr/lib/jvm/java-11-openjdk-amd64/lib/server/libjvm.so
7fbf9d652000-7fbf9d68d000 rw-p 0121f000 08:06 6819733                    /usr/lib/jvm/java-11-openjdk-amd64/lib/server/libjvm.so
7fbf9d68d000-7fbf9d6e6000 rw-p 00000000 00:00 0 
7fbf9d6e6000-7fbf9d6ed000 r--p 00000000 08:06 6688650                    /usr/lib/x86_64-linux-gnu/libpthread-2.31.so
7fbf9d6ed000-7fbf9d6fe000 r-xp 00007000 08:06 6688650                    /usr/lib/x86_64-linux-gnu/libpthread-2.31.so
7fbf9d6fe000-7fbf9d703000 r--p 00018000 08:06 6688650                    /usr/lib/x86_64-linux-gnu/libpthread-2.31.so
7fbf9d703000-7fbf9d704000 r--p 0001c000 08:06 6688650                    /usr/lib/x86_64-linux-gnu/libpthread-2.31.so
7fbf9d704000-7fbf9d705000 rw-p 0001d000 08:06 6688650                    /usr/lib/x86_64-linux-gnu/libpthread-2.31.so
7fbf9d705000-7fbf9d709000 rw-p 00000000 00:00 0 
7fbf9d709000-7fbf9d70a000 r--p 00000000 08:06 6688638                    /usr/lib/x86_64-linux-gnu/libdl-2.31.so
7fbf9d70a000-7fbf9d70c000 r-xp 00001000 08:06 6688638                    /usr/lib/x86_64-linux-gnu/libdl-2.31.so
7fbf9d70c000-7fbf9d70d000 r--p 00003000 08:06 6688638                    /usr/lib/x86_64-linux-gnu/libdl-2.31.so
7fbf9d70d000-7fbf9d70e000 r--p 00003000 08:06 6688638                    /usr/lib/x86_64-linux-gnu/libdl-2.31.so
7fbf9d70e000-7fbf9d70f000 rw-p 00004000 08:06 6688638                    /usr/lib/x86_64-linux-gnu/libdl-2.31.so
7fbf9d70f000-7fbf9d711000 r--p 00000000 08:06 6693484                    /usr/lib/x86_64-linux-gnu/libz.so.1.2.11
7fbf9d711000-7fbf9d722000 r-xp 00002000 08:06 6693484                    /usr/lib/x86_64-linux-gnu/libz.so.1.2.11
7fbf9d722000-7fbf9d728000 r--p 00013000 08:06 6693484                    /usr/lib/x86_64-linux-gnu/libz.so.1.2.11
7fbf9d728000-7fbf9d729000 ---p 00019000 08:06 6693484                    /usr/lib/x86_64-linux-gnu/libz.so.1.2.11
7fbf9d729000-7fbf9d72a000 r--p 00019000 08:06 6693484                    /usr/lib/x86_64-linux-gnu/libz.so.1.2.11
7fbf9d72a000-7fbf9d72b000 rw-p 0001a000 08:06 6693484                    /usr/lib/x86_64-linux-gnu/libz.so.1.2.11
7fbf9d72b000-7fbf9d750000 r--p 00000000 08:06 6688637                    /usr/lib/x86_64-linux-gnu/libc-2.31.so
7fbf9d750000-7fbf9d8c8000 r-xp 00025000 08:06 6688637                    /usr/lib/x86_64-linux-gnu/libc-2.31.so
7fbf9d8c8000-7fbf9d912000 r--p 0019d000 08:06 6688637                    /usr/lib/x86_64-linux-gnu/libc-2.31.so
7fbf9d912000-7fbf9d913000 ---p 001e7000 08:06 6688637                    /usr/lib/x86_64-linux-gnu/libc-2.31.so
7fbf9d913000-7fbf9d916000 r--p 001e7000 08:06 6688637                    /usr/lib/x86_64-linux-gnu/libc-2.31.so
7fbf9d916000-7fbf9d919000 rw-p 001ea000 08:06 6688637                    /usr/lib/x86_64-linux-gnu/libc-2.31.so
7fbf9d919000-7fbf9d91d000 rw-p 00000000 00:00 0 
7fbf9d91d000-7fbf9d91e000 ---p 00000000 00:00 0 
7fbf9d91e000-7fbf9d91f000 r--p 00000000 00:00 0 
7fbf9d91f000-7fbf9d924000 r--p 00000000 08:06 6819728                    /usr/lib/jvm/java-11-openjdk-amd64/lib/libverify.so
7fbf9d924000-7fbf9d92b000 r-xp 00005000 08:06 6819728                    /usr/lib/jvm/java-11-openjdk-amd64/lib/libverify.so
7fbf9d92b000-7fbf9d92d000 r--p 0000c000 08:06 6819728                    /usr/lib/jvm/java-11-openjdk-amd64/lib/libverify.so
7fbf9d92d000-7fbf9d92e000 ---p 0000e000 08:06 6819728                    /usr/lib/jvm/java-11-openjdk-amd64/lib/libverify.so
7fbf9d92e000-7fbf9d930000 r--p 0000e000 08:06 6819728                    /usr/lib/jvm/java-11-openjdk-amd64/lib/libverify.so
7fbf9d930000-7fbf9d931000 rw-p 00010000 08:06 6819728                    /usr/lib/jvm/java-11-openjdk-amd64/lib/libverify.so
7fbf9d931000-7fbf9d934000 r--p 00000000 08:06 6819694                    /usr/lib/jvm/java-11-openjdk-amd64/lib/jli/libjli.so
7fbf9d934000-7fbf9d93e000 r-xp 00003000 08:06 6819694                    /usr/lib/jvm/java-11-openjdk-amd64/lib/jli/libjli.so
7fbf9d93e000-7fbf9d941000 r--p 0000d000 08:06 6819694                    /usr/lib/jvm/java-11-openjdk-amd64/lib/jli/libjli.so
7fbf9d941000-7fbf9d942000 ---p 00010000 08:06 6819694                    /usr/lib/jvm/java-11-openjdk-amd64/lib/jli/libjli.so
7fbf9d942000-7fbf9d943000 r--p 00010000 08:06 6819694                    /usr/lib/jvm/java-11-openjdk-amd64/lib/jli/libjli.so
7fbf9d943000-7fbf9d944000 rw-p 00011000 08:06 6819694                    /usr/lib/jvm/java-11-openjdk-amd64/lib/jli/libjli.so
7fbf9d944000-7fbf9d946000 rw-p 00000000 00:00 0 
7fbf9d946000-7fbf9d947000 r--p 00000000 08:06 6688576                    /usr/lib/x86_64-linux-gnu/ld-2.31.so
7fbf9d947000-7fbf9d96a000 r-xp 00001000 08:06 6688576                    /usr/lib/x86_64-linux-gnu/ld-2.31.so
7fbf9d96a000-7fbf9d972000 r--p 00024000 08:06 6688576                    /usr/lib/x86_64-linux-gnu/ld-2.31.so
7fbf9d973000-7fbf9d974000 r--p 0002c000 08:06 6688576                    /usr/lib/x86_64-linux-gnu/ld-2.31.so
7fbf9d974000-7fbf9d975000 rw-p 0002d000 08:06 6688576                    /usr/lib/x86_64-linux-gnu/ld-2.31.so
7fbf9d975000-7fbf9d976000 rw-p 00000000 00:00 0 
7fff505e5000-7fff50608000 rw-p 00000000 00:00 0                          [stack]
7fff506db000-7fff506de000 r--p 00000000 00:00 0                          [vvar]
7fff506de000-7fff506df000 r-xp 00000000 00:00 0                          [vdso]
ffffffffff600000-ffffffffff601000 --xp 00000000 00:00 0                  [vsyscall]


VM Arguments:
jvm_args: -agentlib:jdwp=transport=dt_socket,suspend=y,address=localhost:43151 -javaagent:/home/gabriel/eclipse/java-2021-12/eclipse/configuration/org.eclipse.osgi/219/0/.cp/lib/javaagent-shaded.jar -Dfile.encoding=UTF-8 
java_command: com.br.example.prj.biblioteca.ProjetoBibliotecaApplication
java_class_path (initial): /home/gabriel/Downloads/prj-integrador/target/classes:/home/gabriel/.m2/repository/org/springframework/boot/spring-boot-starter-data-jpa/2.5.4/spring-boot-starter-data-jpa-2.5.4.jar:/home/gabriel/.m2/repository/org/springframework/boot/spring-boot-starter-aop/2.5.4/spring-boot-starter-aop-2.5.4.jar:/home/gabriel/.m2/repository/org/aspectj/aspectjweaver/1.9.7/aspectjweaver-1.9.7.jar:/home/gabriel/.m2/repository/org/springframework/boot/spring-boot-starter-jdbc/2.5.4/spring-boot-starter-jdbc-2.5.4.jar:/home/gabriel/.m2/repository/com/zaxxer/HikariCP/4.0.3/HikariCP-4.0.3.jar:/home/gabriel/.m2/repository/org/springframework/spring-jdbc/5.3.9/spring-jdbc-5.3.9.jar:/home/gabriel/.m2/repository/jakarta/transaction/jakarta.transaction-api/1.3.3/jakarta.transaction-api-1.3.3.jar:/home/gabriel/.m2/repository/jakarta/persistence/jakarta.persistence-api/2.2.3/jakarta.persistence-api-2.2.3.jar:/home/gabriel/.m2/repository/org/hibernate/hibernate-core/5.4.32.Final/hibernate-core-5.4.32.Final.jar:/home/gabriel/.m2/repository/org/jboss/logging/jboss-logging/3.4.2.Final/jboss-logging-3.4.2.Final.jar:/home/gabriel/.m2/repository/org/javassist/javassist/3.27.0-GA/javassist-3.27.0-GA.jar:/home/gabriel/.m2/repository/net/bytebuddy/byte-buddy/1.10.22/byte-buddy-1.10.22.jar:/home/gabriel/.m2/repository/antlr/antlr/2.7.7/antlr-2.7.7.jar:/home/gabriel/.m2/repository/org/jboss/jandex/2.2.3.Final/jandex-2.2.3.Final.jar:/home/gabriel/.m2/repository/com/fasterxml/classmate/1.5.1/classmate-1.5.1.jar:/home/gabriel/.m2/repository/org/dom4j/dom4j/2.1.3/dom4j-2.1.3.jar:/home/gabriel/.m2/repository/org/hibernate/common/hibernate-commons-annotations/5.1.2.Final/hibernate-commons-annotations-5.1.2.Final.jar:/home/gabriel/.m2/repository/org/glassfish/jaxb/jaxb-runtime/2.3.5/jaxb-runtime-2.3.5.jar:/home/gabriel/.m2/repository/org/glassfish/jaxb/txw2/2.3.5/txw2-2.3.5.jar:/home/gabriel/.m2/repository/com/sun/istack/istack-commons-runtime/3.0.12/istack-commons-runtime-3.0.12.jar
Launcher Type: SUN_STANDARD

[Global flags]
     intx CICompilerCount                          = 3                                         {product} {ergonomic}
     uint ConcGCThreads                            = 1                                         {product} {ergonomic}
     uint G1ConcRefinementThreads                  = 4                                         {product} {ergonomic}
   size_t G1HeapRegionSize                         = 1048576                                   {product} {ergonomic}
    uintx GCDrainStackTargetSize                   = 64                                        {product} {ergonomic}
   size_t InitialHeapSize                          = 62914560                                  {product} {ergonomic}
   size_t MarkStackSize                            = 4194304                                   {product} {ergonomic}
   size_t MaxHeapSize                              = 979369984                                 {product} {ergonomic}
   size_t MaxNewSize                               = 587202560                                 {product} {ergonomic}
   size_t MinHeapDeltaBytes                        = 1048576                                   {product} {ergonomic}
    uintx NonNMethodCodeHeapSize                   = 5830732                                {pd product} {ergonomic}
    uintx NonProfiledCodeHeapSize                  = 122913754                              {pd product} {ergonomic}
    uintx ProfiledCodeHeapSize                     = 122913754                              {pd product} {ergonomic}
    uintx ReservedCodeCacheSize                    = 251658240                              {pd product} {ergonomic}
     bool SegmentedCodeCache                       = true                                      {product} {ergonomic}
     bool UseCompressedClassPointers               = true                                 {lp64_product} {ergonomic}
     bool UseCompressedOops                        = true                                 {lp64_product} {ergonomic}
     bool UseG1GC                                  = true                                      {product} {ergonomic}

Logging:
Log output configuration:
 #0: stdout all=warning uptime,level,tags
 #1: stderr all=off uptime,level,tags

Environment Variables:
PATH=/usr/local/sbin:/usr/local/bin:/usr/sbin:/usr/bin:/sbin:/bin:/usr/games:/usr/local/games:/snap/bin
SHELL=/bin/bash
DISPLAY=:0
LANG=pt_BR.UTF-8

Signal Handlers:
SIGSEGV: [libjvm.so+0xe8e8d0], sa_mask[0]=11111111011111111101111111111110, sa_flags=SA_RESTART|SA_SIGINFO
SIGBUS: [libjvm.so+0xe8e8d0], sa_mask[0]=11111111011111111101111111111110, sa_flags=SA_RESTART|SA_SIGINFO
SIGFPE: [libjvm.so+0xe8e8d0], sa_mask[0]=11111111011111111101111111111110, sa_flags=SA_RESTART|SA_SIGINFO
SIGPIPE: [libjvm.so+0xbd6910], sa_mask[0]=11111111011111111101111111111110, sa_flags=SA_RESTART|SA_SIGINFO
SIGXFSZ: [libjvm.so+0xbd6910], sa_mask[0]=11111111011111111101111111111110, sa_flags=SA_RESTART|SA_SIGINFO
SIGILL: [libjvm.so+0xe8e8d0], sa_mask[0]=11111111011111111101111111111110, sa_flags=SA_RESTART|SA_SIGINFO
SIGUSR2: [libjvm.so+0xbd67b0], sa_mask[0]=00100000000000000000000000000000, sa_flags=SA_RESTART|SA_SIGINFO
SIGHUP: [libjvm.so+0xbd6c50], sa_mask[0]=11111111011111111101111111111110, sa_flags=SA_RESTART|SA_SIGINFO
SIGINT: [libjvm.so+0xbd6c50], sa_mask[0]=11111111011111111101111111111110, sa_flags=SA_RESTART|SA_SIGINFO
SIGTERM: [libjvm.so+0xbd6c50], sa_mask[0]=11111111011111111101111111111110, sa_flags=SA_RESTART|SA_SIGINFO
SIGQUIT: [libjvm.so+0xbd6c50], sa_mask[0]=11111111011111111101111111111110, sa_flags=SA_RESTART|SA_SIGINFO


---------------  S Y S T E M  ---------------

OS:DISTRIB_ID=LinuxMint
DISTRIB_RELEASE=20.1
DISTRIB_CODENAME=ulyssa
DISTRIB_DESCRIPTION="Linux Mint 20.1 Ulyssa"
uname:Linux 5.4.0-58-generic #64-Ubuntu SMP Wed Dec 9 08:16:25 UTC 2020 x86_64
OS uptime: 0 days 23:35 hours
libc:glibc 2.31 NPTL 2.31 
rlimit (soft/hard): STACK 8192k/infinity , CORE 0k/infinity , NPROC 14583/14583 , NOFILE 1048576/1048576 , AS infinity/infinity , CPU infinity/infinity , DATA infinity/infinity , FSIZE infinity/infinity , MEMLOCK 65536k/65536k
load average:1,20 3,05 2,96

/proc/meminfo:
MemTotal:        3825272 kB
MemFree:          188312 kB
MemAvailable:     561496 kB
Buffers:          185448 kB
Cached:           580772 kB
SwapCached:       225700 kB
Active:          2273760 kB
Inactive:         947044 kB
Active(anon):    2014332 kB
Inactive(anon):   691464 kB
Active(file):     259428 kB
Inactive(file):   255580 kB
Unevictable:       23504 kB
Mlocked:             176 kB
SwapTotal:       8388604 kB
SwapFree:        5965668 kB
Dirty:               348 kB
Writeback:             0 kB
AnonPages:       2455764 kB
Mapped:           272944 kB
Shmem:            254996 kB
KReclaimable:     119524 kB
Slab:             265792 kB
SReclaimable:     119524 kB
SUnreclaim:       146268 kB
KernelStack:       20480 kB
PageTables:        57816 kB
NFS_Unstable:          0 kB
Bounce:                0 kB
WritebackTmp:          0 kB
CommitLimit:    10301240 kB
Committed_AS:   16505772 kB
VmallocTotal:   34359738367 kB
VmallocUsed:       38020 kB
VmallocChunk:          0 kB
Percpu:             6880 kB
HardwareCorrupted:     0 kB
AnonHugePages:         0 kB
ShmemHugePages:        0 kB
ShmemPmdMapped:        0 kB
FileHugePages:         0 kB
FilePmdMapped:         0 kB
CmaTotal:              0 kB
CmaFree:               0 kB
HugePages_Total:       0
HugePages_Free:        0
HugePages_Rsvd:        0
HugePages_Surp:        0
Hugepagesize:       2048 kB
Hugetlb:               0 kB
DirectMap4k:      346864 kB
DirectMap2M:     3641344 kB

/sys/kernel/mm/transparent_hugepage/enabled:
always [madvise] never
/sys/kernel/mm/transparent_hugepage/defrag (defrag/compaction efforts parameter):
always defer defer+madvise [madvise] never

Process Memory:
Virtual Size: 4581720K (peak: 12348036K)
Resident Set Size: 399768K (peak: 422348K) (anon: 390712K, file: 9056K, shmem: 0K)
Swapped out: 0K
C-Heap outstanding allocations: 34929K

/proc/sys/kernel/threads-max (system-wide limit on the number of threads):
29167
/proc/sys/vm/max_map_count (maximum number of memory map areas a process may have):
65530
/proc/sys/kernel/pid_max (system-wide limit on number of process identifiers):
4194304

container (cgroup) information:
container_type: cgroupv1
cpu_cpuset_cpus: 0-3
cpu_memory_nodes: 0
active_processor_count: 4
cpu_quota: -1
cpu_period: 100000
cpu_shares: -1
memory_limit_in_bytes: -1
memory_and_swap_limit_in_bytes: -2
memory_soft_limit_in_bytes: -1
memory_usage_in_bytes: 2668711936
memory_max_usage_in_bytes: 3188994048

Steal ticks since vm start: 0
Steal ticks percentage since vm start:  0,000

CPU:total 4 (initial active 4) (2 cores per cpu, 2 threads per core) family 6 model 37 stepping 5 microcode 0x7, cmov, cx8, fxsr, mmx, sse, sse2, sse3, ssse3, sse4.1, sse4.2, popcnt, ht, tsc, tscinvbit
CPU Model and flags from /proc/cpuinfo:
model name	: Intel(R) Core(TM) i5 CPU       M 460  @ 2.53GHz
flags		: fpu vme de pse tsc msr pae mce cx8 apic sep mtrr pge mca cmov pat pse36 clflush dts acpi mmx fxsr sse sse2 ht tm pbe syscall nx rdtscp lm constant_tsc arch_perfmon pebs bts rep_good nopl xtopology nonstop_tsc cpuid aperfmperf pni dtes64 monitor ds_cpl vmx est tm2 ssse3 cx16 xtpr pdcm pcid sse4_1 sse4_2 popcnt lahf_lm pti ssbd ibrs ibpb stibp tpr_shadow vnmi flexpriority ept vpid dtherm ida arat flush_l1d
Online cpus:
0-3
Offline cpus:
4-7
BIOS frequency limitation:
2534000
Frequency switch latency (ns):
10000
Available cpu frequencies:
2534000 2533000 2399000 2266000 2133000 1999000 1866000 1733000 1599000 1466000 1333000 1199000 
Current governor:
ondemand
Core performance/turbo boost:
1

Memory: 4k page, physical 3825272k(188312k free), swap 8388604k(5965668k free)

vm_info: OpenJDK 64-Bit Server VM (11.0.13+8-Ubuntu-0ubuntu1.20.04) for linux-amd64 JRE (11.0.13+8-Ubuntu-0ubuntu1.20.04), built on Oct 29 2021 09:11:30 by "unknown" with gcc 9.3.0

END.
